=============================================================================================================
Estimation for Telegraph and AUL, specification 1
=============================================================================================================
   
US parameters:
-------------------------------------------------------------------
elascoef1 = 4.086018427138616
elascoef2 = 4.086018427138616
trend     = .002873452387316
-------------------------------------------------------------------
   
Model specification estimated:
( lnYtou = lnY + {b1} + (1.3-1)*ln(t-{b2=1858})*4.086018427138616 - (1-.3)*lnYpercap*4.086018427138616 + .0028
> 73452387316*t  ) 
-------------------------------------------------------------------
(obs = 119)

Iteration 0:  residual SS =  21412.87
Iteration 1:  residual SS =  25.69031
Iteration 2:  residual SS =  25.67207
Iteration 3:  residual SS =  25.67206

      Source |       SS       df       MS            Number of obs =       119
-------------+------------------------------         F(  1,   117) =    481.16
       Model |  105.576443     1  105.576443         Prob > F      =    0.0000
    Residual |  25.6720612   117  .219419327         R-squared     =    0.8044
-------------+------------------------------         Adj R-squared =    0.8027
       Total |  131.248505   118  1.11227546         Root MSE      =  .4684222
                                                     Res. dev.     =  155.1947

------------------------------------------------------------------------------
      lnYtou |      Coef.   Std. Err.      t    P>|t|     [95% Conf. Interval]
-------------+----------------------------------------------------------------
          b1 |  -13.39407    .056072  -238.87   0.000    -13.50511   -13.28302
          b2 |   1858.351   1.037268  1791.58   0.000     1856.297    1860.405
------------------------------------------------------------------------------
* Parameter b1 taken as constant term in model & ANOVA table
 (SEs, P values, CIs, and correlations are asymptotic approximations)
