=============================================================================================================
Estimation for Telegraph and AUS, specification 2
=============================================================================================================
   
US parameters:
-------------------------------------------------------------------
elascoef1 = 4.086018427138616
elascoef2 = 4.086018427138616
trend     = .002873452387316
-------------------------------------------------------------------
   
Model specification estimated:
( lnYtou = lnY + {b1} + (1.3-1)*ln(t-{b2=1855})*{b3=4.086018427138616} - (1-.3)*lnYpercap*4.086018427138616 + 
> .002873452387316*t  ) 
-------------------------------------------------------------------
(obs = 110)

Iteration 0:  residual SS =  24621.22
Iteration 1:  residual SS =  6221.817
Iteration 2:  residual SS =  49.38362
Iteration 3:  residual SS =  49.38297
Iteration 4:  residual SS =  49.38297

      Source |       SS       df       MS            Number of obs =       110
-------------+------------------------------         F(  2,   107) =     19.37
       Model |  17.8826979     2  8.94134893         Prob > F      =    0.0000
    Residual |  49.3829725   107  .461523107         R-squared     =    0.2659
-------------+------------------------------         Adj R-squared =    0.2521
       Total |  67.2656703   109  .617116242         Root MSE      =  .6793549
                                                     Res. dev.     =  224.0703

------------------------------------------------------------------------------
      lnYtou |      Coef.   Std. Err.      t    P>|t|     [95% Conf. Interval]
-------------+----------------------------------------------------------------
          b1 |  -12.47988   .4264587   -29.26   0.000    -13.32528   -11.63447
          b2 |   1859.552   .6089599  3053.65   0.000     1858.345     1860.76
          b3 |   2.166603   .3393629     6.38   0.000     1.493855     2.83935
------------------------------------------------------------------------------
* Parameter b1 taken as constant term in model & ANOVA table
 (SEs, P values, CIs, and correlations are asymptotic approximations)
