=============================================================================================================
Estimation for Telegraph and AUS, specification 1
=============================================================================================================
   
US parameters:
-------------------------------------------------------------------
elascoef1 = 4.086018427138616
elascoef2 = 4.086018427138616
trend     = .002873452387316
-------------------------------------------------------------------
   
Model specification estimated:
( lnYtou = lnY + {b1} + (1.3-1)*ln(t-{b2=1855})*4.086018427138616 - (1-.3)*lnYpercap*4.086018427138616 + .0028
> 73452387316*t  ) 
-------------------------------------------------------------------
(obs = 110)

Iteration 0:  residual SS =  24621.22
Iteration 1:  residual SS =  56.12306
Iteration 2:  residual SS =   54.2091
Iteration 3:  residual SS =  53.71787
Iteration 4:  residual SS =   53.6527
Iteration 5:  residual SS =  53.64766
Iteration 6:  residual SS =  53.64735
Iteration 7:  residual SS =  53.64734
Iteration 8:  residual SS =  53.64734

      Source |       SS       df       MS            Number of obs =       110
-------------+------------------------------         F(  1,   108) =     27.42
       Model |  13.6183339     1  13.6183339         Prob > F      =    0.0000
    Residual |  53.6473364   108  .496734596         R-squared     =    0.2025
-------------+------------------------------         Adj R-squared =    0.1951
       Total |  67.2656703   109  .617116242         Root MSE      =   .704794
                                                     Res. dev.     =  233.1811

------------------------------------------------------------------------------
      lnYtou |      Coef.   Std. Err.      t    P>|t|     [95% Conf. Interval]
-------------+----------------------------------------------------------------
          b1 |   -15.3938   .1584663   -97.14   0.000    -15.70791   -15.07969
          b2 |   1830.827    9.72763   188.21   0.000     1811.545    1850.109
------------------------------------------------------------------------------
* Parameter b1 taken as constant term in model & ANOVA table
 (SEs, P values, CIs, and correlations are asymptotic approximations)
