=============================================================================================================
Estimation for Telegraph and BLG, specification 2
=============================================================================================================
   
US parameters:
-------------------------------------------------------------------
elascoef1 = 4.086018427138616
elascoef2 = 4.086018427138616
trend     = .002873452387316
-------------------------------------------------------------------
   
Model specification estimated:
( lnYtou = lnY + {b1} + (1.3-1)*ln(t-{b2=1848})*{b3=4.086018427138616} - (1-.3)*lnYpercap*4.086018427138616 + 
> .002873452387316*t  ) 
-------------------------------------------------------------------
(obs = 133)

Iteration 0:  residual SS =  29613.71
Iteration 1:  residual SS =  22664.93
Iteration 2:  residual SS =  12764.03
Iteration 3:  residual SS =   64.3188
Iteration 4:  residual SS =  64.31809
Iteration 5:  residual SS =  64.31575
Iteration 6:  residual SS =  64.31575

      Source |       SS       df       MS            Number of obs =       133
-------------+------------------------------         F(  2,   130) =    122.07
       Model |  120.788781     2  60.3943905         Prob > F      =    0.0000
    Residual |  64.3157509   130  .494736546         R-squared     =    0.6525
-------------+------------------------------         Adj R-squared =    0.6472
       Total |  185.104532   132  1.40230706         Root MSE      =  .7033751
                                                     Res. dev.     =  280.8072

------------------------------------------------------------------------------
      lnYtou |      Coef.   Std. Err.      t    P>|t|     [95% Conf. Interval]
-------------+----------------------------------------------------------------
          b1 |  -14.40866   .3514526   -41.00   0.000    -15.10396   -13.71335
          b2 |   1852.386   .4685854  3953.14   0.000     1851.459    1853.313
          b3 |   3.812249   .2780372    13.71   0.000     3.262186    4.362312
------------------------------------------------------------------------------
* Parameter b1 taken as constant term in model & ANOVA table
 (SEs, P values, CIs, and correlations are asymptotic approximations)
