=============================================================================================================
Estimation for Telegraph and BRA, specification 2
=============================================================================================================
   
US parameters:
-------------------------------------------------------------------
elascoef1 = 4.086018427138616
elascoef2 = 4.086018427138616
trend     = .002873452387316
-------------------------------------------------------------------
   
Model specification estimated:
( lnYtou = lnY + {b1} + (1.3-1)*ln(t-{b2=1867})*{b3=4.086018427138616} - (1-.3)*lnYpercap*4.086018427138616 + 
> .002873452387316*t  ) 
-------------------------------------------------------------------
(obs = 119)

Iteration 0:  residual SS =  41337.25
Iteration 1:  residual SS =   65.2201
Iteration 2:  residual SS =  28.91599
Iteration 3:  residual SS =  11.32543
Iteration 4:  residual SS =  11.02594
Iteration 5:  residual SS =  11.02594
Iteration 6:  residual SS =  11.02594

      Source |       SS       df       MS            Number of obs =       119
-------------+------------------------------         F(  2,   116) =   1596.05
       Model |  303.412743     2  151.706372         Prob > F      =    0.0000
    Residual |  11.0259361   116  .095051173         R-squared     =    0.9649
-------------+------------------------------         Adj R-squared =    0.9643
       Total |  314.438679   118  2.66473457         Root MSE      =  .3083037
                                                     Res. dev.     =  54.62146

------------------------------------------------------------------------------
      lnYtou |      Coef.   Std. Err.      t    P>|t|     [95% Conf. Interval]
-------------+----------------------------------------------------------------
          b1 |   -43.0315   3.942667   -10.91   0.000    -50.84045   -35.22255
          b2 |   1806.545   12.40775   145.60   0.000      1781.97     1831.12
          b3 |   20.34741   2.288912     8.89   0.000     15.81393    24.88089
------------------------------------------------------------------------------
* Parameter b1 taken as constant term in model & ANOVA table
 (SEs, P values, CIs, and correlations are asymptotic approximations)
