=============================================================================================================
Estimation for Telegraph and CAN, specification 2
=============================================================================================================
   
US parameters:
-------------------------------------------------------------------
elascoef1 = 4.086018427138616
elascoef2 = 4.086018427138616
trend     = .002873452387316
-------------------------------------------------------------------
   
Model specification estimated:
( lnYtou = lnY + {b1} + (1.3-1)*ln(t-{b2=1907})*{b3=4.086018427138616} - (1-.3)*lnYpercap*4.086018427138616 + 
> .002873452387316*t  ) 
-------------------------------------------------------------------
(obs = 69)

Iteration 0:  residual SS =  12397.73
Iteration 1:  residual SS =  13.73316
Iteration 2:  residual SS =  13.24171
Iteration 3:  residual SS =   13.2313
Iteration 4:  residual SS =  13.22961
Iteration 5:  residual SS =  13.22925
Iteration 6:  residual SS =  13.22923
Iteration 7:  residual SS =  13.22923
Iteration 8:  residual SS =  13.22923
Iteration 9:  residual SS =  13.22923
Iteration 10:  residual SS =  13.22923

      Source |       SS       df       MS            Number of obs =        69
-------------+------------------------------         F(  2,    66) =      4.89
       Model |  1.96224069     2  .981120345         Prob > F      =    0.0104
    Residual |  13.2292278    66  .200442845         R-squared     =    0.1292
-------------+------------------------------         Adj R-squared =    0.1028
       Total |  15.1914685    68  .223403948         Root MSE      =  .4477084
                                                     Res. dev.     =  81.84774

------------------------------------------------------------------------------
      lnYtou |      Coef.   Std. Err.      t    P>|t|     [95% Conf. Interval]
-------------+----------------------------------------------------------------
          b1 |  -11.15306   1.536538    -7.26   0.000    -14.22086   -8.085268
          b2 |   1902.401   16.52415   115.13   0.000     1869.409    1935.392
          b3 |   1.859336   1.151413     1.61   0.111    -.4395345    4.158207
------------------------------------------------------------------------------
* Parameter b1 taken as constant term in model & ANOVA table
 (SEs, P values, CIs, and correlations are asymptotic approximations)
