=============================================================================================================
Estimation for Telegraph and CAN, specification 1
=============================================================================================================
   
US parameters:
-------------------------------------------------------------------
elascoef1 = 4.086018427138616
elascoef2 = 4.086018427138616
trend     = .002873452387316
-------------------------------------------------------------------
   
Model specification estimated:
( lnYtou = lnY + {b1} + (1.3-1)*ln(t-{b2=1907})*4.086018427138616 - (1-.3)*lnYpercap*4.086018427138616 + .0028
> 73452387316*t  ) 
-------------------------------------------------------------------
(obs = 69)

Iteration 0:  residual SS =  12397.73
Iteration 1:  residual SS =  18.98637
Iteration 2:  residual SS =  14.55791
Iteration 3:  residual SS =  13.67865
Iteration 4:  residual SS =  13.62093
Iteration 5:  residual SS =  13.62038
Iteration 6:  residual SS =  13.62038

      Source |       SS       df       MS            Number of obs =        69
-------------+------------------------------         F(  1,    67) =      7.73
       Model |  1.57108909     1  1.57108909         Prob > F      =    0.0070
    Residual |  13.6203794    67  .203289245         R-squared     =    0.1034
-------------+------------------------------         Adj R-squared =    0.0900
       Total |  15.1914685    68  .223403948         Root MSE      =  .4508761
                                                     Res. dev.     =   83.8583

------------------------------------------------------------------------------
      lnYtou |      Coef.   Std. Err.      t    P>|t|     [95% Conf. Interval]
-------------+----------------------------------------------------------------
          b1 |  -14.46279   .2098176   -68.93   0.000    -14.88158   -14.04399
          b2 |   1865.401   12.46802   149.61   0.000     1840.515    1890.287
------------------------------------------------------------------------------
* Parameter b1 taken as constant term in model & ANOVA table
 (SEs, P values, CIs, and correlations are asymptotic approximations)
