=============================================================================================================
Estimation for Telegraph and COL, specification 1
=============================================================================================================
   
US parameters:
-------------------------------------------------------------------
elascoef1 = 4.086018427138616
elascoef2 = 4.086018427138616
trend     = .002873452387316
-------------------------------------------------------------------
   
Model specification estimated:
( lnYtou = lnY + {b1} + (1.3-1)*ln(t-{b2=1906})*4.086018427138616 - (1-.3)*lnYpercap*4.086018427138616 + .0028
> 73452387316*t  ) 
-------------------------------------------------------------------
(obs = 65)

Iteration 0:  residual SS =  16355.52
Iteration 1:  residual SS =  5.322556
Iteration 2:  residual SS =   5.29844
Iteration 3:  residual SS =  5.298368
Iteration 4:  residual SS =  5.298367

      Source |       SS       df       MS            Number of obs =        65
-------------+------------------------------         F(  1,    63) =    244.09
       Model |  20.5281818     1  20.5281818         Prob > F      =    0.0000
    Residual |  5.29836704    63  .084101064         R-squared     =    0.7948
-------------+------------------------------         Adj R-squared =    0.7916
       Total |  25.8265489    64  .403539826         Root MSE      =  .2900018
                                                     Res. dev.     =  21.50775

------------------------------------------------------------------------------
      lnYtou |      Coef.   Std. Err.      t    P>|t|     [95% Conf. Interval]
-------------+----------------------------------------------------------------
          b1 |  -15.95362   .0583061  -273.62   0.000    -16.07014   -15.83711
          b2 |   1903.458   1.326566  1434.88   0.000     1900.807    1906.109
------------------------------------------------------------------------------
* Parameter b1 taken as constant term in model & ANOVA table
 (SEs, P values, CIs, and correlations are asymptotic approximations)
