=============================================================================================================
Estimation for Telegraph and CZE, specification 1
=============================================================================================================
   
US parameters:
-------------------------------------------------------------------
elascoef1 = 4.086018427138616
elascoef2 = 4.086018427138616
trend     = .002873452387316
-------------------------------------------------------------------
   
Model specification estimated:
( lnYtou = lnY + {b1} + (1.3-1)*ln(t-{b2=1915})*4.086018427138616 - (1-.3)*lnYpercap*4.086018427138616 + .0028
> 73452387316*t  ) 
-------------------------------------------------------------------
(obs = 64)

Iteration 0:  residual SS =  13030.73
Iteration 1:  residual SS =  15.81269
Iteration 2:  residual SS =  14.06833
Iteration 3:  residual SS =  14.03834
Iteration 4:  residual SS =  14.03827
Iteration 5:  residual SS =  14.03826

      Source |       SS       df       MS            Number of obs =        64
-------------+------------------------------         F(  1,    62) =    -31.47
       Model | -7.12469096     1 -7.12469096         Prob > F      =    1.0000
    Residual |  14.0382646    62  .226423622         R-squared     =   -1.0305
-------------+------------------------------         Adj R-squared =   -1.0633
       Total |  6.91357363    63  .109739264         Root MSE      =  .4758399
                                                     Res. dev.     =  84.52997

------------------------------------------------------------------------------
      lnYtou |      Coef.   Std. Err.      t    P>|t|     [95% Conf. Interval]
-------------+----------------------------------------------------------------
          b1 |   -14.7741   .1321142  -111.83   0.000     -15.0382   -14.51001
          b2 |   1899.395   4.700706   404.07   0.000     1889.998    1908.791
------------------------------------------------------------------------------
* Parameter b1 taken as constant term in model & ANOVA table
 (SEs, P values, CIs, and correlations are asymptotic approximations)
