=============================================================================================================
Estimation for Telegraph and DEN, specification 2
=============================================================================================================
   
US parameters:
-------------------------------------------------------------------
elascoef1 = 4.086018427138616
elascoef2 = 4.086018427138616
trend     = .002873452387316
-------------------------------------------------------------------
   
Model specification estimated:
( lnYtou = lnY + {b1} + (1.3-1)*ln(t-{b2=1860})*{b3=4.086018427138616} - (1-.3)*lnYpercap*4.086018427138616 + 
> .002873452387316*t  ) 
-------------------------------------------------------------------
(obs = 126)

Iteration 0:  residual SS =  27726.14
Iteration 1:  residual SS =  24.89024
Iteration 2:  residual SS =  24.79935
Iteration 3:  residual SS =  24.79871
Iteration 4:  residual SS =  24.79869
Iteration 5:  residual SS =  24.79869
Iteration 6:  residual SS =  24.79869

      Source |       SS       df       MS            Number of obs =       126
-------------+------------------------------         F(  2,   123) =    152.68
       Model |  61.5634188     2  30.7817094         Prob > F      =    0.0000
    Residual |  24.7986863   123  .201615335         R-squared     =    0.7129
-------------+------------------------------         Adj R-squared =    0.7082
       Total |  86.3621051   125  .690896841         Root MSE      =   .449016
                                                     Res. dev.     =  152.7606

------------------------------------------------------------------------------
      lnYtou |      Coef.   Std. Err.      t    P>|t|     [95% Conf. Interval]
-------------+----------------------------------------------------------------
          b1 |  -15.54007   .5022324   -30.94   0.000    -16.53421   -14.54593
          b2 |   1860.725   1.738081  1070.56   0.000     1857.285    1864.166
          b3 |   4.705378    .368089    12.78   0.000     3.976768    5.433987
------------------------------------------------------------------------------
* Parameter b1 taken as constant term in model & ANOVA table
 (SEs, P values, CIs, and correlations are asymptotic approximations)
