=============================================================================================================
Estimation for Telegraph and DEN, specification 1
=============================================================================================================
   
US parameters:
-------------------------------------------------------------------
elascoef1 = 4.086018427138616
elascoef2 = 4.086018427138616
trend     = .002873452387316
-------------------------------------------------------------------
   
Model specification estimated:
( lnYtou = lnY + {b1} + (1.3-1)*ln(t-{b2=1860})*4.086018427138616 - (1-.3)*lnYpercap*4.086018427138616 + .0028
> 73452387316*t  ) 
-------------------------------------------------------------------
(obs = 126)

Iteration 0:  residual SS =  27726.14
Iteration 1:  residual SS =  29.44066
Iteration 2:  residual SS =  25.86645
Iteration 3:  residual SS =  25.65799
Iteration 4:  residual SS =  25.65708
Iteration 5:  residual SS =  25.65705

      Source |       SS       df       MS            Number of obs =       126
-------------+------------------------------         F(  1,   124) =    293.39
       Model |   60.705057     1   60.705057         Prob > F      =    0.0000
    Residual |  25.6570481   124  .206911679         R-squared     =    0.7029
-------------+------------------------------         Adj R-squared =    0.7005
       Total |  86.3621051   125  .690896841         Root MSE      =  .4548755
                                                     Res. dev.     =  157.0481

------------------------------------------------------------------------------
      lnYtou |      Coef.   Std. Err.      t    P>|t|     [95% Conf. Interval]
-------------+----------------------------------------------------------------
          b1 |  -14.72507   .0471869  -312.06   0.000    -14.81847   -14.63168
          b2 |   1862.774   .5792324  3215.93   0.000     1861.627     1863.92
------------------------------------------------------------------------------
* Parameter b1 taken as constant term in model & ANOVA table
 (SEs, P values, CIs, and correlations are asymptotic approximations)
