=============================================================================================================
Estimation for Telegraph and FIN, specification 1
=============================================================================================================
   
US parameters:
-------------------------------------------------------------------
elascoef1 = 4.086018427138616
elascoef2 = 4.086018427138616
trend     = .002873452387316
-------------------------------------------------------------------
   
Model specification estimated:
( lnYtou = lnY + {b1} + (1.3-1)*ln(t-{b2=1861})*4.086018427138616 - (1-.3)*lnYpercap*4.086018427138616 + .0028
> 73452387316*t  ) 
-------------------------------------------------------------------
(obs = 119)

Iteration 0:  residual SS =  35440.26
Iteration 1:  residual SS =   27113.9
Iteration 2:  residual SS =  15268.77
Iteration 3:  residual SS =  129.7084
Iteration 4:  residual SS =  129.6658
Iteration 5:  residual SS =  129.6658

      Source |       SS       df       MS            Number of obs =       119
-------------+------------------------------         F(  1,   117) =     -8.84
       Model | -9.80231145     1 -9.80231145         Prob > F      =    1.0000
    Residual |  129.665749   117  1.10825426         R-squared     =   -0.0818
-------------+------------------------------         Adj R-squared =   -0.0910
       Total |  119.863437   118  1.01579184         Root MSE      =  1.052737
                                                     Res. dev.     =  347.9219

------------------------------------------------------------------------------
      lnYtou |      Coef.   Std. Err.      t    P>|t|     [95% Conf. Interval]
-------------+----------------------------------------------------------------
          b1 |   -17.0583   .0990448  -172.23   0.000    -17.25445   -16.86215
          b2 |   1865.544   .3928406  4748.86   0.000     1864.766    1866.322
------------------------------------------------------------------------------
* Parameter b1 taken as constant term in model & ANOVA table
 (SEs, P values, CIs, and correlations are asymptotic approximations)
