=============================================================================================================
Estimation for Telegraph and FRA, specification 1
=============================================================================================================
   
US parameters:
-------------------------------------------------------------------
elascoef1 = 4.086018427138616
elascoef2 = 4.086018427138616
trend     = .002873452387316
-------------------------------------------------------------------
   
Model specification estimated:
( lnYtou = lnY + {b1} + (1.3-1)*ln(t-{b2=1853})*4.086018427138616 - (1-.3)*lnYpercap*4.086018427138616 + .0028
> 73452387316*t  ) 
-------------------------------------------------------------------
(obs = 133)

Iteration 0:  residual SS =  31959.13
Iteration 1:  residual SS =  17896.15
Iteration 2:  residual SS =  4478.539
Iteration 3:  residual SS =  33.23592
Iteration 4:  residual SS =  33.23328
Iteration 5:  residual SS =  33.23317
Iteration 6:  residual SS =  33.23314

      Source |       SS       df       MS            Number of obs =       133
-------------+------------------------------         F(  1,   131) =    337.87
       Model |  85.7144521     1  85.7144521         Prob > F      =    0.0000
    Residual |  33.2331224   131  .253687957         R-squared     =    0.7206
-------------+------------------------------         Adj R-squared =    0.7185
       Total |  118.947574   132  .901117989         Root MSE      =  .5036745
                                                     Res. dev.     =   192.993

------------------------------------------------------------------------------
      lnYtou |      Coef.   Std. Err.      t    P>|t|     [95% Conf. Interval]
-------------+----------------------------------------------------------------
          b1 |  -15.30401   .0450915  -339.40   0.000    -15.39321   -15.21481
          b2 |   1857.568   .1691191        .   0.000     1857.233    1857.902
------------------------------------------------------------------------------
* Parameter b1 taken as constant term in model & ANOVA table
 (SEs, P values, CIs, and correlations are asymptotic approximations)
