=============================================================================================================
Estimation for Telegraph and GER, specification 1
=============================================================================================================
   
US parameters:
-------------------------------------------------------------------
elascoef1 = 4.086018427138616
elascoef2 = 4.086018427138616
trend     = .002873452387316
-------------------------------------------------------------------
   
Model specification estimated:
( lnYtou = lnY + {b1} + (1.3-1)*ln(t-{b2=1845})*4.086018427138616 - (1-.3)*lnYpercap*4.086018427138616 + .0028
> 73452387316*t  ) 
-------------------------------------------------------------------
(obs = 128)

Iteration 0:  residual SS =  34798.53
Iteration 1:  residual SS =  26590.49
Iteration 2:  residual SS =  20346.02
Iteration 3:  residual SS =  11429.98
Iteration 4:  residual SS =   80.7636
Iteration 5:  residual SS =   80.7628

      Source |       SS       df       MS            Number of obs =       128
-------------+------------------------------         F(  1,   126) =    329.40
       Model |  211.139944     1  211.139944         Prob > F      =    0.0000
    Residual |   80.762782   126   .64097446         R-squared     =    0.7233
-------------+------------------------------         Adj R-squared =    0.7211
       Total |  291.902726   127  2.29844666         Root MSE      =  .8006088
                                                     Res. dev.     =  304.3025

------------------------------------------------------------------------------
      lnYtou |      Coef.   Std. Err.      t    P>|t|     [95% Conf. Interval]
-------------+----------------------------------------------------------------
          b1 |  -16.23809   .0714357  -227.31   0.000    -16.37946   -16.09672
          b2 |   1849.892   .0704447        .   0.000     1849.752    1850.031
------------------------------------------------------------------------------
* Parameter b1 taken as constant term in model & ANOVA table
 (SEs, P values, CIs, and correlations are asymptotic approximations)
