=============================================================================================================
Estimation for Telegraph and IDS, specification 2
=============================================================================================================
   
US parameters:
-------------------------------------------------------------------
elascoef1 = 4.086018427138616
elascoef2 = 4.086018427138616
trend     = .002873452387316
-------------------------------------------------------------------
   
Model specification estimated:
( lnYtou = lnY + {b1} + (1.3-1)*ln(t-{b2=1871})*{b3=4.086018427138616} - (1-.3)*lnYpercap*4.086018427138616 + 
> .002873452387316*t  ) 
-------------------------------------------------------------------
(obs = 109)

Iteration 0:  residual SS =  47781.45
Iteration 1:  residual SS =  35.71825
Iteration 2:  residual SS =  34.76416
Iteration 3:  residual SS =  33.95832
Iteration 4:  residual SS =  33.49675
Iteration 5:  residual SS =  33.44985
Iteration 6:  residual SS =  33.21299
Iteration 7:  residual SS =  33.09234
Iteration 8:  residual SS =  32.91661
Iteration 9:  residual SS =  32.76753
Iteration 10:  residual SS =   32.6472
Iteration 11:  residual SS =  32.55857
Iteration 12:  residual SS =  32.50567
Iteration 13:  residual SS =  32.49408
Iteration 14:  residual SS =  32.41646
Iteration 15:  residual SS =  32.34701
Iteration 16:  residual SS =  32.28621
Iteration 17:  residual SS =  32.23469
Iteration 18:  residual SS =  32.19317
Iteration 19:  residual SS =  32.16254
Iteration 20:  residual SS =  32.14386
Iteration 21:  residual SS =  32.13838
Iteration 22:  residual SS =  32.09817
Iteration 23:  residual SS =  32.06027
Iteration 24:  residual SS =  32.02479
Iteration 25:  residual SS =  31.99183
Iteration 26:  residual SS =   31.9615
Iteration 27:  residual SS =  31.93393
Iteration 28:  residual SS =  31.90925
Iteration 29:  residual SS =  31.88763
Iteration 30:  residual SS =  31.86924
Iteration 31:  residual SS =  31.85426
Iteration 32:  residual SS =  31.84292
Iteration 33:  residual SS =  31.83545
Iteration 34:  residual SS =  31.83213
Iteration 35:  residual SS =  31.81159
Iteration 36:  residual SS =  31.79172
Iteration 37:  residual SS =  31.77254
Iteration 38:  residual SS =  31.75406
Iteration 39:  residual SS =  31.73631
Iteration 40:  residual SS =   31.7193
Iteration 41:  residual SS =  31.70306
Iteration 42:  residual SS =  31.68761
Iteration 43:  residual SS =  31.67297
Iteration 44:  residual SS =  31.65918
Iteration 45:  residual SS =  31.64625
Iteration 46:  residual SS =  31.63423
Iteration 47:  residual SS =  31.62314
Iteration 48:  residual SS =  31.61301
Iteration 49:  residual SS =  31.60389

      Source |       SS       df       MS            Number of obs =       109
-------------+------------------------------         F(  2,   106) =    174.92
       Model |   104.28028     2    52.14014         Prob > F      =    0.0000
    Residual |  31.5958061   106  .298073643         R-squared     =    0.7675
-------------+------------------------------         Adj R-squared =    0.7631
       Total |  135.876086   108  1.25811191         Root MSE      =  .5459612
                                                     Res. dev.     =  174.3513

------------------------------------------------------------------------------
      lnYtou |      Coef.   Std. Err.      t    P>|t|     [95% Conf. Interval]
-------------+----------------------------------------------------------------
          b1 |  -89.90821   106.8835    -0.84   0.402    -301.8152    121.9988
          b2 |   1520.058     509.66     2.98   0.004     509.6071    2530.508
          b3 |   40.93951   50.83104     0.81   0.422    -59.83797     141.717
------------------------------------------------------------------------------
* Parameter b1 taken as constant term in model & ANOVA table
 (SEs, P values, CIs, and correlations are asymptotic approximations)
convergence not achieved
