=============================================================================================================
Estimation for Telegraph and IRQ, specification 1
=============================================================================================================
   
US parameters:
-------------------------------------------------------------------
elascoef1 = 4.086018427138616
elascoef2 = 4.086018427138616
trend     = .002873452387316
-------------------------------------------------------------------
   
Model specification estimated:
( lnYtou = lnY + {b1} + (1.3-1)*ln(t-{b2=1945})*4.086018427138616 - (1-.3)*lnYpercap*4.086018427138616 + .0028
> 73452387316*t  ) 
-------------------------------------------------------------------
(obs = 29)

Iteration 0:  residual SS =  7609.007
Iteration 1:  residual SS =  4.845651
Iteration 2:  residual SS =  4.220414
Iteration 3:  residual SS =  4.155738
Iteration 4:  residual SS =  4.150064
Iteration 5:  residual SS =  4.149703
Iteration 6:  residual SS =  4.149682
Iteration 7:  residual SS =  4.149681

      Source |       SS       df       MS            Number of obs =        29
-------------+------------------------------         F(  1,    27) =    -16.60
       Model | -2.55122861     1 -2.55122861         Prob > F      =    1.0000
    Residual |  4.14968048    27   .15369187         R-squared     =   -1.5961
-------------+------------------------------         Adj R-squared =   -1.6922
       Total |  1.59845187    28  .057087567         Root MSE      =  .3920355
                                                     Res. dev.     =  25.91476

------------------------------------------------------------------------------
      lnYtou |      Coef.   Std. Err.      t    P>|t|     [95% Conf. Interval]
-------------+----------------------------------------------------------------
          b1 |  -16.87421   .2422077   -69.67   0.000    -17.37118   -16.37724
          b2 |   1933.268   5.383217   359.13   0.000     1922.223    1944.314
------------------------------------------------------------------------------
* Parameter b1 taken as constant term in model & ANOVA table
 (SEs, P values, CIs, and correlations are asymptotic approximations)
