=============================================================================================================
Estimation for Telegraph and NEW, specification 2
=============================================================================================================
   
US parameters:
-------------------------------------------------------------------
elascoef1 = 4.086018427138616
elascoef2 = 4.086018427138616
trend     = .002873452387316
-------------------------------------------------------------------
   
Model specification estimated:
( lnYtou = lnY + {b1} + (1.3-1)*ln(t-{b2=1865})*{b3=4.086018427138616} - (1-.3)*lnYpercap*4.086018427138616 + 
> .002873452387316*t  ) 
-------------------------------------------------------------------
(obs = 115)

Iteration 0:  residual SS =  20169.46
Iteration 1:  residual SS =  119.6892
Iteration 2:  residual SS =  119.4227
Iteration 3:  residual SS =  119.4048
Iteration 4:  residual SS =  119.4048
Iteration 5:  residual SS =  119.4048
Iteration 6:  residual SS =  119.4048

      Source |       SS       df       MS            Number of obs =       115
-------------+------------------------------         F(  2,   112) =     47.58
       Model |  101.441545     2  50.7207723         Prob > F      =    0.0000
    Residual |   119.40476   112  1.06611393         R-squared     =    0.4593
-------------+------------------------------         Adj R-squared =    0.4497
       Total |  220.846305   114  1.93724829         Root MSE      =  1.032528
                                                     Res. dev.     =  330.6784

------------------------------------------------------------------------------
      lnYtou |      Coef.   Std. Err.      t    P>|t|     [95% Conf. Interval]
-------------+----------------------------------------------------------------
          b1 |  -16.17393   3.581539    -4.52   0.000    -23.27029   -9.077571
          b2 |   1851.235    19.0094    97.39   0.000      1813.57      1888.9
          b3 |   6.151339    2.36955     2.60   0.011     1.456379     10.8463
------------------------------------------------------------------------------
* Parameter b1 taken as constant term in model & ANOVA table
 (SEs, P values, CIs, and correlations are asymptotic approximations)
