=============================================================================================================
Estimation for Telegraph and NGA, specification 1
=============================================================================================================
   
US parameters:
-------------------------------------------------------------------
elascoef1 = 4.086018427138616
elascoef2 = 4.086018427138616
trend     = .002873452387316
-------------------------------------------------------------------
   
Model specification estimated:
( lnYtou = lnY + {b1} + (1.3-1)*ln(t-{b2=1945})*4.086018427138616 - (1-.3)*lnYpercap*4.086018427138616 + .0028
> 73452387316*t  ) 
-------------------------------------------------------------------
(obs = 20)

Iteration 0:  residual SS =  7151.908
Iteration 1:  residual SS =  8.568227
Iteration 2:  residual SS =   6.55886
Iteration 3:  residual SS =  5.631591
Iteration 4:  residual SS =  5.449228
Iteration 5:  residual SS =  5.225197
Iteration 6:  residual SS =  5.024141
Iteration 7:  residual SS =   4.91044
Iteration 8:  residual SS =  4.909097
Iteration 9:  residual SS =  4.842662
Iteration 10:  residual SS =  4.814439
Iteration 11:  residual SS =  4.764985
Iteration 12:  residual SS =  4.725675
Iteration 13:  residual SS =  4.698323
Iteration 14:  residual SS =  4.685447
Iteration 15:  residual SS =  4.659639
Iteration 16:  residual SS =  4.637086
Iteration 17:  residual SS =  4.618212
Iteration 18:  residual SS =  4.603542
Iteration 19:  residual SS =  4.593741
Iteration 20:  residual SS =  4.589658
Iteration 21:  residual SS =  4.576988
Iteration 22:  residual SS =  4.565437
Iteration 23:  residual SS =  4.555116
Iteration 24:  residual SS =  4.546152
Iteration 25:  residual SS =  4.538696
Iteration 26:  residual SS =  4.532925
Iteration 27:  residual SS =  4.529048
Iteration 28:  residual SS =  4.527319
Iteration 29:  residual SS =  4.520881
Iteration 30:  residual SS =  4.514818
Iteration 31:  residual SS =  4.509157
Iteration 32:  residual SS =  4.503926
Iteration 33:  residual SS =   4.49916
Iteration 34:  residual SS =  4.494895
Iteration 35:  residual SS =  4.491173
Iteration 36:  residual SS =   4.48804
Iteration 37:  residual SS =   4.48555
Iteration 38:  residual SS =  4.483763
Iteration 39:  residual SS =  4.482746
Iteration 40:  residual SS =  4.482578
Iteration 41:  residual SS =  4.479488
Iteration 42:  residual SS =  4.476533
Iteration 43:  residual SS =  4.473722
Iteration 44:  residual SS =  4.471061
Iteration 45:  residual SS =  4.468559
Iteration 46:  residual SS =  4.466226
Iteration 47:  residual SS =  4.464071
Iteration 48:  residual SS =  4.462105
Iteration 49:  residual SS =  4.460339

      Source |       SS       df       MS            Number of obs =        20
-------------+------------------------------         F(  1,    18) =    -11.42
       Model | -2.82892462     1 -2.82892462         Prob > F      =    1.0000
    Residual |  4.45878622    18  .247710345         R-squared     =   -1.7357
-------------+------------------------------         Adj R-squared =   -1.8877
       Total |   1.6298616    19  .085782189         Root MSE      =  .4977051
                                                     Res. dev.     =  26.74043

------------------------------------------------------------------------------
      lnYtou |      Coef.   Std. Err.      t    P>|t|     [95% Conf. Interval]
-------------+----------------------------------------------------------------
          b1 |   -25.0462   11.95721    -2.09   0.051    -50.16736    .0749577
          b2 |    471.615   14190.39     0.03   0.974    -29341.29    30284.52
------------------------------------------------------------------------------
* Parameter b1 taken as constant term in model & ANOVA table
 (SEs, P values, CIs, and correlations are asymptotic approximations)
convergence not achieved
