=============================================================================================================
Estimation for Telegraph and NTH, specification 2
=============================================================================================================
   
US parameters:
-------------------------------------------------------------------
elascoef1 = 4.086018427138616
elascoef2 = 4.086018427138616
trend     = .002873452387316
-------------------------------------------------------------------
   
Model specification estimated:
( lnYtou = lnY + {b1} + (1.3-1)*ln(t-{b2=1847})*{b3=4.086018427138616} - (1-.3)*lnYpercap*4.086018427138616 + 
> .002873452387316*t  ) 
-------------------------------------------------------------------
(obs = 138)

Iteration 0:  residual SS =  32599.08
Iteration 1:  residual SS =  24919.23
Iteration 2:  residual SS =  19076.48
Iteration 3:  residual SS =  10721.25
Iteration 4:  residual SS =    41.909
Iteration 5:  residual SS =  40.56749
Iteration 6:  residual SS =  40.29447
Iteration 7:  residual SS =  40.27966
Iteration 8:  residual SS =  40.27958

      Source |       SS       df       MS            Number of obs =       138
-------------+------------------------------         F(  2,   135) =    296.65
       Model |  177.020331     2  88.5101655         Prob > F      =    0.0000
    Residual |  40.2795811   135  .298367268         R-squared     =    0.8146
-------------+------------------------------         Adj R-squared =    0.8119
       Total |  217.299912   137  1.58613075         Root MSE      =  .5462301
                                                     Res. dev.     =  221.6926

------------------------------------------------------------------------------
      lnYtou |      Coef.   Std. Err.      t    P>|t|     [95% Conf. Interval]
-------------+----------------------------------------------------------------
          b1 |   -14.2178   .2035261   -69.86   0.000    -14.62032   -13.81529
          b2 |   1851.989   .0076778        .   0.000     1851.973    1852.004
          b3 |   3.311337   .1671748    19.81   0.000     2.980717    3.641957
------------------------------------------------------------------------------
* Parameter b1 taken as constant term in model & ANOVA table
 (SEs, P values, CIs, and correlations are asymptotic approximations)
