=============================================================================================================
Estimation for Telegraph and PER, specification 1
=============================================================================================================
   
US parameters:
-------------------------------------------------------------------
elascoef1 = 4.086018427138616
elascoef2 = 4.086018427138616
trend     = .002873452387316
-------------------------------------------------------------------
   
Model specification estimated:
( lnYtou = lnY + {b1} + (1.3-1)*ln(t-{b2=1904})*4.086018427138616 - (1-.3)*lnYpercap*4.086018427138616 + .0028
> 73452387316*t  ) 
-------------------------------------------------------------------
(obs = 68)

Iteration 0:  residual SS =  8102.831
Iteration 1:  residual SS =  6.776702
Iteration 2:  residual SS =   6.07194
Iteration 3:  residual SS =  6.059694

      Source |       SS       df       MS            Number of obs =        68
-------------+------------------------------         F(  1,    66) =    259.42
       Model |  23.8184434     1  23.8184434         Prob > F      =    0.0000
    Residual |  6.05969205    66  .091813516         R-squared     =    0.7972
-------------+------------------------------         Adj R-squared =    0.7941
       Total |  29.8781354    67   .44594232         Root MSE      =  .3030075
                                                     Res. dev.     =  28.56193

------------------------------------------------------------------------------
      lnYtou |      Coef.   Std. Err.      t    P>|t|     [95% Conf. Interval]
-------------+----------------------------------------------------------------
          b1 |  -11.29776   .0757418  -149.16   0.000    -11.44898   -11.14654
          b2 |   1893.509   2.219473   853.13   0.000     1889.078     1897.94
------------------------------------------------------------------------------
* Parameter b1 taken as constant term in model & ANOVA table
 (SEs, P values, CIs, and correlations are asymptotic approximations)
