=============================================================================================================
Estimation for Telegraph and PHI, specification 1
=============================================================================================================
   
US parameters:
-------------------------------------------------------------------
elascoef1 = 4.086018427138616
elascoef2 = 4.086018427138616
trend     = .002873452387316
-------------------------------------------------------------------
   
Model specification estimated:
( lnYtou = lnY + {b1} + (1.3-1)*ln(t-{b2=1908})*4.086018427138616 - (1-.3)*lnYpercap*4.086018427138616 + .0028
> 73452387316*t  ) 
-------------------------------------------------------------------
(obs = 36)

Iteration 0:  residual SS =  8518.062
Iteration 1:  residual SS =  34.71756
Iteration 2:  residual SS =  31.65541
Iteration 3:  residual SS =  30.66477
Iteration 4:  residual SS =  30.37944
Iteration 5:  residual SS =  30.35199
Iteration 6:  residual SS =  30.35168
Iteration 7:  residual SS =  30.35168

      Source |       SS       df       MS            Number of obs =        36
-------------+------------------------------         F(  1,    34) =    -12.24
       Model | -10.9267309     1 -10.9267309         Prob > F      =    1.0000
    Residual |  30.3516813    34  .892696508         R-squared     =   -0.5625
-------------+------------------------------         Adj R-squared =   -0.6085
       Total |  19.4249504    35  .554998582         Root MSE      =  .9448262
                                                     Res. dev.     =  96.01956

------------------------------------------------------------------------------
      lnYtou |      Coef.   Std. Err.      t    P>|t|     [95% Conf. Interval]
-------------+----------------------------------------------------------------
          b1 |  -16.75952   .8736742   -19.18   0.000    -18.53504     -14.984
          b2 |   1837.383   75.51795    24.33   0.000     1683.912    1990.854
------------------------------------------------------------------------------
* Parameter b1 taken as constant term in model & ANOVA table
 (SEs, P values, CIs, and correlations are asymptotic approximations)
