=============================================================================================================
Estimation for Telegraph and SNG, specification 2
=============================================================================================================
   
US parameters:
-------------------------------------------------------------------
elascoef1 = 4.086018427138616
elascoef2 = 4.086018427138616
trend     = .002873452387316
-------------------------------------------------------------------
   
Model specification estimated:
( lnYtou = lnY + {b1} + (1.3-1)*ln(t-{b2=1958})*{b3=4.086018427138616} - (1-.3)*lnYpercap*4.086018427138616 + 
> .002873452387316*t  ) 
-------------------------------------------------------------------
(obs = 29)

Iteration 0:  residual SS =  5526.702
Iteration 1:  residual SS =   3154.73
Iteration 2:  residual SS =   2.92302
Iteration 3:  residual SS =  2.707001
Iteration 4:  residual SS =  2.670068
Iteration 5:  residual SS =  2.668231
Iteration 6:  residual SS =    2.6682
Iteration 7:  residual SS =  2.667948
Iteration 8:  residual SS =  2.667934
Iteration 9:  residual SS =  2.667933
Iteration 10:  residual SS =  2.667933
Iteration 11:  residual SS =  2.667933

      Source |       SS       df       MS            Number of obs =        29
-------------+------------------------------         F(  2,    26) =     38.73
       Model |  7.94838085     2  3.97419042         Prob > F      =    0.0000
    Residual |  2.66793339    26  .102612823         R-squared     =    0.7487
-------------+------------------------------         Adj R-squared =    0.7294
       Total |  10.6163142    28   .37915408         Root MSE      =  .3203324
                                                     Res. dev.     =  13.10468

------------------------------------------------------------------------------
      lnYtou |      Coef.   Std. Err.      t    P>|t|     [95% Conf. Interval]
-------------+----------------------------------------------------------------
          b1 |  -11.28828   .3972952   -28.41   0.000    -12.10494   -10.47163
          b2 |   1962.211   1.253701  1565.13   0.000     1959.634    1964.788
          b3 |   1.307197   .4493293     2.91   0.007      .383587    2.230806
------------------------------------------------------------------------------
* Parameter b1 taken as constant term in model & ANOVA table
 (SEs, P values, CIs, and correlations are asymptotic approximations)
