=============================================================================================================
Estimation for Telegraph and SPA, specification 2
=============================================================================================================
   
US parameters:
-------------------------------------------------------------------
elascoef1 = 4.086018427138616
elascoef2 = 4.086018427138616
trend     = .002873452387316
-------------------------------------------------------------------
   
Model specification estimated:
( lnYtou = lnY + {b1} + (1.3-1)*ln(t-{b2=1850})*{b3=4.086018427138616} - (1-.3)*lnYpercap*4.086018427138616 + 
> .002873452387316*t  ) 
-------------------------------------------------------------------
(obs = 126)

Iteration 0:  residual SS =  35597.42
Iteration 1:  residual SS =  54.06704
Iteration 2:  residual SS =  31.94406
Iteration 3:  residual SS =  29.75963
Iteration 4:  residual SS =  29.26713
Iteration 5:  residual SS =  29.15163
Iteration 6:  residual SS =  29.12247
Iteration 7:  residual SS =  29.11471
Iteration 8:  residual SS =  29.11258
Iteration 9:  residual SS =  29.11198
Iteration 10:  residual SS =  29.11181
Iteration 11:  residual SS =  29.11176
Iteration 12:  residual SS =  29.11175
Iteration 13:  residual SS =  29.11174
Iteration 14:  residual SS =  29.11174
Iteration 15:  residual SS =  29.11174
Iteration 16:  residual SS =  29.11174

      Source |       SS       df       MS            Number of obs =       126
-------------+------------------------------         F(  2,   123) =    374.11
       Model |  177.091019     2  88.5455094         Prob > F      =    0.0000
    Residual |  29.1117387   123  .236680802         R-squared     =    0.8588
-------------+------------------------------         Adj R-squared =    0.8565
       Total |  206.202757   125  1.64962206         Root MSE      =  .4864985
                                                     Res. dev.     =  172.9648

------------------------------------------------------------------------------
      lnYtou |      Coef.   Std. Err.      t    P>|t|     [95% Conf. Interval]
-------------+----------------------------------------------------------------
          b1 |  -21.27829   .3896139   -54.61   0.000     -22.0495   -20.50707
          b2 |    1852.89   .6150443  3012.61   0.000     1851.673    1854.107
          b3 |   7.813635   .2910886    26.84   0.000     7.237443    8.389827
------------------------------------------------------------------------------
* Parameter b1 taken as constant term in model & ANOVA table
 (SEs, P values, CIs, and correlations are asymptotic approximations)
