=============================================================================================================
Estimation for Telegraph and SPA, specification 1
=============================================================================================================
   
US parameters:
-------------------------------------------------------------------
elascoef1 = 4.086018427138616
elascoef2 = 4.086018427138616
trend     = .002873452387316
-------------------------------------------------------------------
   
Model specification estimated:
( lnYtou = lnY + {b1} + (1.3-1)*ln(t-{b2=1850})*4.086018427138616 - (1-.3)*lnYpercap*4.086018427138616 + .0028
> 73452387316*t  ) 
-------------------------------------------------------------------
(obs = 126)

Iteration 0:  residual SS =  35597.42
Iteration 1:  residual SS =   27220.4
Iteration 2:  residual SS =  20842.88
Iteration 3:  residual SS =  11736.63
Iteration 4:  residual SS =  96.94013
Iteration 5:  residual SS =  92.36956
Iteration 6:  residual SS =   91.2428
Iteration 7:  residual SS =   91.1519

      Source |       SS       df       MS            Number of obs =       126
-------------+------------------------------         F(  1,   124) =    156.51
       Model |  115.051264     1  115.051264         Prob > F      =    0.0000
    Residual |  91.1514932   124  .735092687         R-squared     =    0.5580
-------------+------------------------------         Adj R-squared =    0.5544
       Total |  206.202757   125  1.64962206         Root MSE      =  .8573755
                                                     Res. dev.     =  316.7789

------------------------------------------------------------------------------
      lnYtou |      Coef.   Std. Err.      t    P>|t|     [95% Conf. Interval]
-------------+----------------------------------------------------------------
          b1 |  -16.59538    .076767  -216.18   0.000    -16.74733   -16.44344
          b2 |   1854.959   .0281369        .   0.000     1854.903    1855.015
------------------------------------------------------------------------------
* Parameter b1 taken as constant term in model & ANOVA table
 (SEs, P values, CIs, and correlations are asymptotic approximations)
