=============================================================================================================
Estimation for Telegraph and SRI, specification 1
=============================================================================================================
   
US parameters:
-------------------------------------------------------------------
elascoef1 = 4.086018427138616
elascoef2 = 4.086018427138616
trend     = .002873452387316
-------------------------------------------------------------------
   
Model specification estimated:
( lnYtou = lnY + {b1} + (1.3-1)*ln(t-{b2=1895})*4.086018427138616 - (1-.3)*lnYpercap*4.086018427138616 + .0028
> 73452387316*t  ) 
-------------------------------------------------------------------
(obs = 83)

Iteration 0:  residual SS =  25620.26
Iteration 1:  residual SS =  8.443031
Iteration 2:  residual SS =  4.821252
Iteration 3:  residual SS =  4.417772
Iteration 4:  residual SS =  4.412254

      Source |       SS       df       MS            Number of obs =        83
-------------+------------------------------         F(  1,    81) =    778.74
       Model |  42.4196299     1  42.4196299         Prob > F      =    0.0000
    Residual |  4.41225371    81  .054472268         R-squared     =    0.9058
-------------+------------------------------         Adj R-squared =    0.9046
       Total |  46.8318836    82  .571120532         Root MSE      =  .2333929
                                                     Res. dev.     = -8.015969

------------------------------------------------------------------------------
      lnYtou |      Coef.   Std. Err.      t    P>|t|     [95% Conf. Interval]
-------------+----------------------------------------------------------------
          b1 |  -18.33568   .0742137  -247.07   0.000    -18.48334   -18.18802
          b2 |   1865.797   3.797469   491.33   0.000     1858.242    1873.353
------------------------------------------------------------------------------
* Parameter b1 taken as constant term in model & ANOVA table
 (SEs, P values, CIs, and correlations are asymptotic approximations)
