=============================================================================================================
Estimation for Telegraph and SUD, specification 2
=============================================================================================================
   
US parameters:
-------------------------------------------------------------------
elascoef1 = 4.086018427138616
elascoef2 = 4.086018427138616
trend     = .002873452387316
-------------------------------------------------------------------
   
Model specification estimated:
( lnYtou = lnY + {b1} + (1.3-1)*ln(t-{b2=1948})*{b3=4.086018427138616} - (1-.3)*lnYpercap*4.086018427138616 + 
> .002873452387316*t  ) 
-------------------------------------------------------------------
(obs = 20)

Iteration 0:  residual SS =  6559.189
Iteration 1:  residual SS =  3759.009
Iteration 2:  residual SS =  2130.307
Iteration 3:  residual SS =  1872.298
Iteration 4:  residual SS =  1644.883
Iteration 5:  residual SS =  1543.428
Iteration 6:  residual SS =  1447.931
Iteration 7:  cannot calculate derivatives
equation/system not identified
