=============================================================================================================
Estimation for Telegraph and SWZ, specification 2
=============================================================================================================
   
US parameters:
-------------------------------------------------------------------
elascoef1 = 4.086018427138616
elascoef2 = 4.086018427138616
trend     = .002873452387316
-------------------------------------------------------------------
   
Model specification estimated:
( lnYtou = lnY + {b1} + (1.3-1)*ln(t-{b2=1847})*{b3=4.086018427138616} - (1-.3)*lnYpercap*4.086018427138616 + 
> .002873452387316*t  ) 
-------------------------------------------------------------------
(obs = 122)

Iteration 0:  residual SS =  26182.57
Iteration 1:  residual SS =  14664.29
Iteration 2:  residual SS =  3657.241
Iteration 3:  residual SS =  16.59578
Iteration 4:  residual SS =  16.59365
Iteration 5:  residual SS =  16.59365
Iteration 6:  residual SS =  16.59365

      Source |       SS       df       MS            Number of obs =       122
-------------+------------------------------         F(  2,   119) =    358.90
       Model |  100.090971     2  50.0454854         Prob > F      =    0.0000
    Residual |  16.5936477   119  .139442418         R-squared     =    0.8578
-------------+------------------------------         Adj R-squared =    0.8554
       Total |  116.684618   121   .96433569         Root MSE      =  .3734199
                                                     Res. dev.     =  102.8309

------------------------------------------------------------------------------
      lnYtou |      Coef.   Std. Err.      t    P>|t|     [95% Conf. Interval]
-------------+----------------------------------------------------------------
          b1 |   -16.8857   .2231405   -75.67   0.000    -17.32754   -16.44386
          b2 |   1851.403   .1625764        .   0.000     1851.081    1851.725
          b3 |   6.064265   .1742568    34.80   0.000     5.719219    6.409311
------------------------------------------------------------------------------
* Parameter b1 taken as constant term in model & ANOVA table
 (SEs, P values, CIs, and correlations are asymptotic approximations)
