=============================================================================================================
Estimation for Telegraph and SYR, specification 2
=============================================================================================================
   
US parameters:
-------------------------------------------------------------------
elascoef1 = 4.086018427138616
elascoef2 = 4.086018427138616
trend     = .002873452387316
-------------------------------------------------------------------
   
Model specification estimated:
( lnYtou = lnY + {b1} + (1.3-1)*ln(t-{b2=1945})*{b3=4.086018427138616} - (1-.3)*lnYpercap*4.086018427138616 + 
> .002873452387316*t  ) 
-------------------------------------------------------------------
(obs = 38)

Iteration 0:  residual SS =  10144.25
Iteration 1:  residual SS =  5764.851
Iteration 2:  residual SS =  3262.968
Iteration 3:  residual SS =  2499.701
Iteration 4:  residual SS =  1914.606
Iteration 5:  residual SS =  1466.338
Iteration 6:  residual SS =  1122.916
Iteration 7:  residual SS =  859.6773
Iteration 8:  cannot calculate derivatives
equation/system not identified
