=============================================================================================================
Estimation for Telegraph and TUR, specification 1
=============================================================================================================
   
US parameters:
-------------------------------------------------------------------
elascoef1 = 4.086018427138616
elascoef2 = 4.086018427138616
trend     = .002873452387316
-------------------------------------------------------------------
   
Model specification estimated:
( lnYtou = lnY + {b1} + (1.3-1)*ln(t-{b2=1921})*4.086018427138616 - (1-.3)*lnYpercap*4.086018427138616 + .0028
> 73452387316*t  ) 
-------------------------------------------------------------------
(obs = 67)

Iteration 0:  residual SS =  17834.54
Iteration 1:  residual SS =  8.115537
Iteration 2:  residual SS =  5.945892
Iteration 3:  residual SS =  5.837596
Iteration 4:  residual SS =  5.837337

      Source |       SS       df       MS            Number of obs =        67
-------------+------------------------------         F(  1,    65) =      3.26
       Model |    .2924709     1    .2924709         Prob > F      =    0.0758
    Residual |  5.83733696    65  .089805184         R-squared     =    0.0477
-------------+------------------------------         Adj R-squared =    0.0331
       Total |  6.12980786    66  .092875877         Root MSE      =  .2996751
                                                     Res. dev.     =  26.62976

------------------------------------------------------------------------------
      lnYtou |      Coef.   Std. Err.      t    P>|t|     [95% Conf. Interval]
-------------+----------------------------------------------------------------
          b1 |  -16.85533   .0898337  -187.63   0.000    -17.03474   -16.67592
          b2 |   1905.549   3.062145   622.29   0.000     1899.434    1911.665
------------------------------------------------------------------------------
* Parameter b1 taken as constant term in model & ANOVA table
 (SEs, P values, CIs, and correlations are asymptotic approximations)
