=============================================================================================================
Estimation for Telegraph and TUR, specification 2
=============================================================================================================
   
US parameters:
-------------------------------------------------------------------
elascoef1 = 4.086018427138616
elascoef2 = 4.086018427138616
trend     = .002873452387316
-------------------------------------------------------------------
   
Model specification estimated:
( lnYtou = lnY + {b1} + (1.3-1)*ln(t-{b2=1921})*{b3=4.086018427138616} - (1-.3)*lnYpercap*4.086018427138616 + 
> .002873452387316*t  ) 
-------------------------------------------------------------------
(obs = 67)

Iteration 0:  residual SS =  17834.54
Iteration 1:  residual SS =  6.961967
Iteration 2:  residual SS =    5.9891
Iteration 3:  residual SS =  5.888434
Iteration 4:  residual SS =  5.781109
Iteration 5:  residual SS =   5.78086
Iteration 6:  residual SS =  5.780835
Iteration 7:  residual SS =  5.780832
Iteration 8:  residual SS =  5.780832
Iteration 9:  residual SS =  5.780832
Iteration 10:  residual SS =  5.780832
Iteration 11:  residual SS =  5.780832
Iteration 12:  residual SS =  5.780832
Iteration 13:  residual SS =  5.780832

      Source |       SS       df       MS            Number of obs =        67
-------------+------------------------------         F(  2,    64) =      1.93
       Model |   .34897586     2   .17448793         Prob > F      =    0.1532
    Residual |    5.780832    64    .0903255         R-squared     =    0.0569
-------------+------------------------------         Adj R-squared =    0.0275
       Total |  6.12980786    66  .092875877         Root MSE      =   .300542
                                                     Res. dev.     =  25.97805

------------------------------------------------------------------------------
      lnYtou |      Coef.   Std. Err.      t    P>|t|     [95% Conf. Interval]
-------------+----------------------------------------------------------------
          b1 |  -19.01527   4.421077    -4.30   0.000    -27.84739   -10.18316
          b2 |   1890.706   31.02002    60.95   0.000     1828.736    1952.676
          b3 |   5.536964   2.870832     1.93   0.058    -.1981829    11.27211
------------------------------------------------------------------------------
* Parameter b1 taken as constant term in model & ANOVA table
 (SEs, P values, CIs, and correlations are asymptotic approximations)
