=============================================================================================================
Estimation for Telegraph and UNK, specification 1
=============================================================================================================
   
US parameters:
-------------------------------------------------------------------
elascoef1 = 4.086018427138616
elascoef2 = 4.086018427138616
trend     = .002873452387316
-------------------------------------------------------------------
   
Model specification estimated:
( lnYtou = lnY + {b1} + (1.3-1)*ln(t-{b2=1865})*4.086018427138616 - (1-.3)*lnYpercap*4.086018427138616 + .0028
> 73452387316*t  ) 
-------------------------------------------------------------------
(obs = 114)

Iteration 0:  residual SS =  22505.72
Iteration 1:  residual SS =  22.11912
Iteration 2:  residual SS =  19.59589
Iteration 3:  residual SS =  19.09039
Iteration 4:  residual SS =  19.02835
Iteration 5:  residual SS =  19.02269
Iteration 6:  residual SS =  19.02224
Iteration 7:  residual SS =   19.0222
Iteration 8:  residual SS =   19.0222

      Source |       SS       df       MS            Number of obs =       114
-------------+------------------------------         F(  1,   112) =    127.53
       Model |   21.660288     1   21.660288         Prob > F      =    0.0000
    Residual |   19.022199   112  .169841063         R-squared     =    0.5324
-------------+------------------------------         Adj R-squared =    0.5282
       Total |   40.682487   113  .360022009         Root MSE      =  .4121178
                                                     Res. dev.     =  119.3905

------------------------------------------------------------------------------
      lnYtou |      Coef.   Std. Err.      t    P>|t|     [95% Conf. Interval]
-------------+----------------------------------------------------------------
          b1 |  -14.53462   .0832716  -174.54   0.000    -14.69961   -14.36963
          b2 |   1844.767   3.979185   463.60   0.000     1836.883    1852.651
------------------------------------------------------------------------------
* Parameter b1 taken as constant term in model & ANOVA table
 (SEs, P values, CIs, and correlations are asymptotic approximations)
