=============================================================================================================
Estimation for Telegraph and UNK, specification 2
=============================================================================================================
   
US parameters:
-------------------------------------------------------------------
elascoef1 = 4.086018427138616
elascoef2 = 4.086018427138616
trend     = .002873452387316
-------------------------------------------------------------------
   
Model specification estimated:
( lnYtou = lnY + {b1} + (1.3-1)*ln(t-{b2=1865})*{b3=4.086018427138616} - (1-.3)*lnYpercap*4.086018427138616 + 
> .002873452387316*t  ) 
-------------------------------------------------------------------
(obs = 114)

Iteration 0:  residual SS =  22505.72
Iteration 1:  residual SS =  12698.34
Iteration 2:  residual SS =  3191.221
Iteration 3:  residual SS =  11.30158
Iteration 4:  residual SS =  11.30074
Iteration 5:  residual SS =  11.30074
Iteration 6:  residual SS =  11.30074
Iteration 7:  residual SS =  11.30073
Iteration 8:  residual SS =  11.30073
Iteration 9:  residual SS =  11.30073

      Source |       SS       df       MS            Number of obs =       114
-------------+------------------------------         F(  2,   111) =    144.30
       Model |  29.3817525     2  14.6908763         Prob > F      =    0.0000
    Residual |  11.3007345   111  .101808419         R-squared     =    0.7222
-------------+------------------------------         Adj R-squared =    0.7172
       Total |   40.682487   113  .360022009         Root MSE      =  .3190743
                                                     Res. dev.     =  60.02628

------------------------------------------------------------------------------
      lnYtou |      Coef.   Std. Err.      t    P>|t|     [95% Conf. Interval]
-------------+----------------------------------------------------------------
          b1 |   -11.3557    .164942   -68.85   0.000    -11.68254   -11.02886
          b2 |   1869.519    .349262  5352.77   0.000     1868.827    1870.212
          b3 |   1.872826   .1373824    13.63   0.000     1.600594    2.145058
------------------------------------------------------------------------------
* Parameter b1 taken as constant term in model & ANOVA table
 (SEs, P values, CIs, and correlations are asymptotic approximations)
