=============================================================================================================
Estimation for Telegraph and VNZ, specification 2
=============================================================================================================
   
US parameters:
-------------------------------------------------------------------
elascoef1 = 4.086018427138616
elascoef2 = 4.086018427138616
trend     = .002873452387316
-------------------------------------------------------------------
   
Model specification estimated:
( lnYtou = lnY + {b1} + (1.3-1)*ln(t-{b2=1908})*{b3=4.086018427138616} - (1-.3)*lnYpercap*4.086018427138616 + 
> .002873452387316*t  ) 
-------------------------------------------------------------------
(obs = 57)

Iteration 0:  residual SS =  11848.67
Iteration 1:  residual SS =  9085.121
Iteration 2:  residual SS =  5132.012
Iteration 3:  residual SS =  54.57966
Iteration 4:  residual SS =  54.06883
Iteration 5:  residual SS =  53.98945
Iteration 6:  residual SS =  53.98879
Iteration 7:  residual SS =  53.98873
Iteration 8:  residual SS =  53.98873
Iteration 9:  residual SS =  53.98873
Iteration 10:  residual SS =  53.98873

      Source |       SS       df       MS            Number of obs =        57
-------------+------------------------------         F(  2,    54) =    -19.26
       Model | -38.5193033     2 -19.2596517         Prob > F      =    1.0000
    Residual |  53.9887257    54  .999791217         R-squared     =   -2.4900
-------------+------------------------------         Adj R-squared =   -2.6193
       Total |  15.4694224    56  .276239686         Root MSE      =  .9998956
                                                     Res. dev.     =  158.6653

------------------------------------------------------------------------------
      lnYtou |      Coef.   Std. Err.      t    P>|t|     [95% Conf. Interval]
-------------+----------------------------------------------------------------
          b1 |   -13.1581   1.033405   -12.73   0.000    -15.22995   -11.08625
          b2 |    1912.48   .9028851  2118.19   0.000      1910.67     1914.29
          b3 |   3.136784   .9052166     3.47   0.001     1.321933    4.951634
------------------------------------------------------------------------------
* Parameter b1 taken as constant term in model & ANOVA table
 (SEs, P values, CIs, and correlations are asymptotic approximations)
