=============================================================================================================
Estimation for Telegraph and ZAM, specification 2
=============================================================================================================
   
US parameters:
-------------------------------------------------------------------
elascoef1 = 4.086018427138616
elascoef2 = 4.086018427138616
trend     = .002873452387316
-------------------------------------------------------------------
   
Model specification estimated:
( lnYtou = lnY + {b1} + (1.3-1)*ln(t-{b2=1945})*{b3=4.086018427138616} - (1-.3)*lnYpercap*4.086018427138616 + 
> .002873452387316*t  ) 
-------------------------------------------------------------------
(obs = 11)

Iteration 0:  residual SS =  3653.873
Iteration 1:  residual SS =  2814.793
Iteration 2:  residual SS =   1592.26
Iteration 3:  residual SS =  400.7545
Iteration 4:  residual SS =  .9176203
Iteration 5:  residual SS =  .9155597
Iteration 6:  residual SS =  .9155486
Iteration 7:  residual SS =  .9155482
Iteration 8:  residual SS =  .9155481

      Source |       SS       df       MS            Number of obs =        11
-------------+------------------------------         F(  2,     8) =     -0.93
       Model | -.212430186     2 -.106215093         Prob > F      =    1.0000
    Residual |  .915548105     8  .114443513         R-squared     =   -0.3021
-------------+------------------------------         Adj R-squared =   -0.6277
       Total |  .703117919    10  .070311792         Root MSE      =   .338295
                                                     Res. dev.     =  3.869244

------------------------------------------------------------------------------
      lnYtou |      Coef.   Std. Err.      t    P>|t|     [95% Conf. Interval]
-------------+----------------------------------------------------------------
          b1 |  -15.08115   .2662652   -56.64   0.000    -15.69516   -14.46715
          b2 |   1949.934   .3306817  5896.71   0.000     1949.171    1950.696
          b3 |   .4272078   .3363995     1.27   0.240     -.348531    1.202947
------------------------------------------------------------------------------
* Parameter b1 taken as constant term in model & ANOVA table
 (SEs, P values, CIs, and correlations are asymptotic approximations)
