=============================================================================================================
Estimation for Telegraph and ZBW, specification 2
=============================================================================================================
   
US parameters:
-------------------------------------------------------------------
elascoef1 = 4.086018427138616
elascoef2 = 4.086018427138616
trend     = .002873452387316
-------------------------------------------------------------------
   
Model specification estimated:
( lnYtou = lnY + {b1} + (1.3-1)*ln(t-{b2=1945})*{b3=4.086018427138616} - (1-.3)*lnYpercap*4.086018427138616 + 
> .002873452387316*t  ) 
-------------------------------------------------------------------
(obs = 24)

Iteration 0:  residual SS =  8161.606
Iteration 1:  residual SS =  4645.851
Iteration 2:  residual SS =  2633.718
Iteration 3:  residual SS =  2017.333
Iteration 4:  residual SS =  1773.042
Iteration 5:  residual SS =  1556.485
Iteration 6:  cannot calculate derivatives
equation/system not identified
