=============================================================================================================
Estimation for Trucks and ARG, specification 1
=============================================================================================================
   
US parameters:
-------------------------------------------------------------------
elascoef1 = 6.838224310560782
elascoef2 = 6.838224310560782
trend     = .0830416299572568
-------------------------------------------------------------------
   
Model specification estimated:
( lnYtou = lnY + {b1} + (1.3-1)*ln(t-{b2=1917})*6.838224310560782 - (1-.3)*lnYpercap*6.838224310560782 + .0830
> 416299572568*t  ) 
-------------------------------------------------------------------
(obs = 72)

Iteration 0:  residual SS =   2020266
Iteration 1:  residual SS =  48.15752
Iteration 2:  residual SS =   35.1775
Iteration 3:  residual SS =  31.17277
Iteration 4:  residual SS =  30.04653
Iteration 5:  residual SS =  29.93167
Iteration 6:  residual SS =  29.92887
Iteration 7:  residual SS =  29.92884
Iteration 8:  residual SS =  29.92883

      Source |       SS       df       MS            Number of obs =        72
-------------+------------------------------         F(  1,    70) =    286.66
       Model |  122.561945     1  122.561945         Prob > F      =    0.0000
    Residual |  29.9288346    70  .427554779         R-squared     =    0.8037
-------------+------------------------------         Adj R-squared =    0.8009
       Total |   152.49078    71  2.14775746         Root MSE      =  .6538767
                                                     Res. dev.     =  141.1224

------------------------------------------------------------------------------
      lnYtou |      Coef.   Std. Err.      t    P>|t|     [95% Conf. Interval]
-------------+----------------------------------------------------------------
          b1 |  -170.9515   .6668606  -256.35   0.000    -172.2815   -169.6215
          b2 |   1775.961    57.8366    30.71   0.000     1660.609    1891.312
------------------------------------------------------------------------------
* Parameter b1 taken as constant term in model & ANOVA table
 (SEs, P values, CIs, and correlations are asymptotic approximations)
