=============================================================================================================
Estimation for Trucks and AUL, specification 2
=============================================================================================================
   
US parameters:
-------------------------------------------------------------------
elascoef1 = 6.838224310560782
elascoef2 = 6.838224310560782
trend     = .0830416299572568
-------------------------------------------------------------------
   
Model specification estimated:
( lnYtou = lnY + {b1} + (1.3-1)*ln(t-{b2=1918})*{b3=6.838224310560782} - (1-.3)*lnYpercap*6.838224310560782 + 
> .0830416299572568*t  ) 
-------------------------------------------------------------------
(obs = 71)

Iteration 0:  residual SS =   1921232
Iteration 1:  residual SS =   1862509
Iteration 2:  residual SS =  3.869875
Iteration 3:  residual SS =   3.80569
Iteration 4:  residual SS =  3.805412
Iteration 5:  residual SS =  3.805411

      Source |       SS       df       MS            Number of obs =        71
-------------+------------------------------         F(  2,    68) =    917.13
       Model |  102.649286     2  51.3246428         Prob > F      =    0.0000
    Residual |   3.8054114    68  .055961932         R-squared     =    0.9643
-------------+------------------------------         Adj R-squared =    0.9632
       Total |  106.454697    70  1.52078139         Root MSE      =  .2365627
                                                     Res. dev.     = -6.274888

------------------------------------------------------------------------------
      lnYtou |      Coef.   Std. Err.      t    P>|t|     [95% Conf. Interval]
-------------+----------------------------------------------------------------
          b1 |  -160.3068   .3104874  -516.31   0.000    -160.9264   -159.6872
          b2 |   1920.395   1.110332  1729.57   0.000     1918.179     1922.61
          b3 |   2.940245   .2600446    11.31   0.000     2.421334    3.459156
------------------------------------------------------------------------------
* Parameter b1 taken as constant term in model & ANOVA table
 (SEs, P values, CIs, and correlations are asymptotic approximations)
