=============================================================================================================
Estimation for Trucks and AUS, specification 2
=============================================================================================================
   
US parameters:
-------------------------------------------------------------------
elascoef1 = 6.838224310560782
elascoef2 = 6.838224310560782
trend     = .0830416299572568
-------------------------------------------------------------------
   
Model specification estimated:
( lnYtou = lnY + {b1} + (1.3-1)*ln(t-{b2=1915})*{b3=6.838224310560782} - (1-.3)*lnYpercap*6.838224310560782 + 
> .0830416299572568*t  ) 
-------------------------------------------------------------------
(obs = 64)

Iteration 0:  residual SS =   1798671
Iteration 1:  residual SS =   1743259
Iteration 2:  residual SS =  45.54479
Iteration 3:  residual SS =  38.42346
Iteration 4:  residual SS =   37.6966
Iteration 5:  residual SS =  36.70108
Iteration 6:  residual SS =  36.15543
Iteration 7:  residual SS =  35.63088
Iteration 8:  residual SS =  35.21239
Iteration 9:  residual SS =  34.91146
Iteration 10:  residual SS =  34.74388
Iteration 11:  residual SS =  34.73149
Iteration 12:  residual SS =  34.53081
Iteration 13:  residual SS =  34.36053
Iteration 14:  residual SS =  34.22274
Iteration 15:  residual SS =  34.11998
Iteration 16:  residual SS =  34.05533
Iteration 17:  residual SS =  34.03254
Iteration 18:  residual SS =   33.9232
Iteration 19:  residual SS =  33.82134
Iteration 20:  residual SS =   33.7272
Iteration 21:  residual SS =  33.64111
Iteration 22:  residual SS =  33.56339
Iteration 23:  residual SS =  33.49441
Iteration 24:  residual SS =  33.43461
Iteration 25:  residual SS =  33.38444
Iteration 26:  residual SS =  33.34443
Iteration 27:  residual SS =  33.31516
Iteration 28:  residual SS =  33.29731
Iteration 29:  residual SS =   33.2916
Iteration 30:  residual SS =  33.23935
Iteration 31:  residual SS =  33.18911
Iteration 32:  residual SS =  33.14092
Iteration 33:  residual SS =  33.09484
Iteration 34:  residual SS =  33.05091
Iteration 35:  residual SS =   33.0092
Iteration 36:  residual SS =  32.96976
Iteration 37:  residual SS =  32.93266
Iteration 38:  residual SS =  32.89797
Iteration 39:  residual SS =  32.86576
Iteration 40:  residual SS =  32.83612
Iteration 41:  residual SS =  32.80911
Iteration 42:  residual SS =  32.78485
Iteration 43:  residual SS =  32.76341
Iteration 44:  residual SS =   32.7449
Iteration 45:  residual SS =  32.72944
Iteration 46:  residual SS =  32.71713
Iteration 47:  residual SS =  32.70811
Iteration 48:  residual SS =  32.70251
Iteration 49:  residual SS =  32.70047

      Source |       SS       df       MS            Number of obs =        64
-------------+------------------------------         F(  2,    61) =     67.60
       Model |  72.4231343     2  36.2115671         Prob > F      =    0.0000
    Residual |  32.6752941    61  .535660559         R-squared     =    0.6891
-------------+------------------------------         Adj R-squared =    0.6789
       Total |  105.098428    63  1.66822902         Root MSE      =  .7318884
                                                     Res. dev.     =  138.5992

------------------------------------------------------------------------------
      lnYtou |      Coef.   Std. Err.      t    P>|t|     [95% Conf. Interval]
-------------+----------------------------------------------------------------
          b1 |  -267.5083   137.8331    -1.94   0.057    -543.1226    8.105876
          b2 |   1703.865   271.3596     6.28   0.000     1161.248    2246.482
          b3 |   64.76526   70.52906     0.92   0.362    -76.26631    205.7968
------------------------------------------------------------------------------
* Parameter b1 taken as constant term in model & ANOVA table
 (SEs, P values, CIs, and correlations are asymptotic approximations)
convergence not achieved
