=============================================================================================================
Estimation for Trucks and BKF, specification 2
=============================================================================================================
   
US parameters:
-------------------------------------------------------------------
elascoef1 = 6.838224310560782
elascoef2 = 6.838224310560782
trend     = .0830416299572568
-------------------------------------------------------------------
   
Model specification estimated:
( lnYtou = lnY + {b1} + (1.3-1)*ln(t-{b2=1956})*{b3=6.838224310560782} - (1-.3)*lnYpercap*6.838224310560782 + 
> .0830416299572568*t  ) 
-------------------------------------------------------------------
(obs = 27)

Iteration 0:  residual SS =  850355.5
Iteration 1:  residual SS =  824835.4
Iteration 2:  residual SS =  206625.2
Iteration 3:  residual SS =  116230.2
Iteration 4:  residual SS =  65374.25
Iteration 5:  cannot calculate derivatives
equation/system not identified
