=============================================================================================================
Estimation for Trucks and BOL, specification 2
=============================================================================================================
   
US parameters:
-------------------------------------------------------------------
elascoef1 = 6.838224310560782
elascoef2 = 6.838224310560782
trend     = .0830416299572568
-------------------------------------------------------------------
   
Model specification estimated:
( lnYtou = lnY + {b1} + (1.3-1)*ln(t-{b2=1940})*{b3=6.838224310560782} - (1-.3)*lnYpercap*6.838224310560782 + 
> .0830416299572568*t  ) 
-------------------------------------------------------------------
(obs = 37)

Iteration 0:  residual SS =   1099463
Iteration 1:  residual SS =   1066004
Iteration 2:  residual SS =  11.43113
Iteration 3:  residual SS =  8.367197
Iteration 4:  residual SS =  8.318472
Iteration 5:  residual SS =  8.281643
Iteration 6:  residual SS =  8.267313
Iteration 7:  residual SS =  8.247251
Iteration 8:  residual SS =  8.232905
Iteration 9:  residual SS =  8.225511
Iteration 10:  residual SS =  8.213968
Iteration 11:  residual SS =  8.203804
Iteration 12:  residual SS =  8.195174
Iteration 13:  residual SS =  8.188262
Iteration 14:  residual SS =  8.183288
Iteration 15:  residual SS =  8.180516
Iteration 16:  residual SS =  8.180262
Iteration 17:  residual SS =  8.175253
Iteration 18:  residual SS =  8.170673
Iteration 19:  residual SS =  8.166552
Iteration 20:  residual SS =  8.162923
Iteration 21:  residual SS =  8.159825
Iteration 22:  residual SS =  8.157299
Iteration 23:  residual SS =  8.155391
Iteration 24:  residual SS =  8.154154
Iteration 25:  residual SS =  8.153647
Iteration 26:  residual SS =  8.150966
Iteration 27:  residual SS =  8.148397
Iteration 28:  residual SS =  8.145946
Iteration 29:  residual SS =  8.143616
Iteration 30:  residual SS =  8.141415
Iteration 31:  residual SS =  8.139346
Iteration 32:  residual SS =  8.137416
Iteration 33:  residual SS =  8.135632
Iteration 34:  residual SS =     8.134
Iteration 35:  residual SS =  8.132528
Iteration 36:  residual SS =  8.131223
Iteration 37:  residual SS =  8.130093
Iteration 38:  residual SS =  8.129148
Iteration 39:  residual SS =  8.128397
Iteration 40:  residual SS =   8.12785
Iteration 41:  residual SS =  8.127519
Iteration 42:  residual SS =  8.127414
Iteration 43:  residual SS =  8.126113
Iteration 44:  residual SS =  8.124845
Iteration 45:  residual SS =   8.12361
Iteration 46:  residual SS =   8.12241
Iteration 47:  residual SS =  8.121245
Iteration 48:  residual SS =  8.120117
Iteration 49:  residual SS =  8.119026

      Source |       SS       df       MS            Number of obs =        37
-------------+------------------------------         F(  2,    34) =     41.06
       Model |  19.6095627     2  9.80478134         Prob > F      =    0.0000
    Residual |  8.11797328    34   .23876392         R-squared     =    0.7072
-------------+------------------------------         Adj R-squared =    0.6900
       Total |   27.727536    36  .770209333         Root MSE      =  .4886348
                                                     Res. dev.     =  48.87847

------------------------------------------------------------------------------
      lnYtou |      Coef.   Std. Err.      t    P>|t|     [95% Conf. Interval]
-------------+----------------------------------------------------------------
          b1 |  -187.7179   152.0101    -1.23   0.225    -496.6395    121.2037
          b2 |   1810.894   888.4087     2.04   0.049      5.43014    3616.358
          b3 |   14.46071   84.12613     0.17   0.865    -156.5042    185.4256
------------------------------------------------------------------------------
* Parameter b1 taken as constant term in model & ANOVA table
 (SEs, P values, CIs, and correlations are asymptotic approximations)
convergence not achieved
