=============================================================================================================
Estimation for Trucks and BOL, specification 1
=============================================================================================================
   
US parameters:
-------------------------------------------------------------------
elascoef1 = 6.838224310560782
elascoef2 = 6.838224310560782
trend     = .0830416299572568
-------------------------------------------------------------------
   
Model specification estimated:
( lnYtou = lnY + {b1} + (1.3-1)*ln(t-{b2=1940})*6.838224310560782 - (1-.3)*lnYpercap*6.838224310560782 + .0830
> 416299572568*t  ) 
-------------------------------------------------------------------
(obs = 37)

Iteration 0:  residual SS =   1099463
Iteration 1:  residual SS =    843344
Iteration 2:  residual SS =  152.5062
Iteration 3:  residual SS =  83.16777
Iteration 4:  residual SS =  35.26881
Iteration 5:  residual SS =  18.44048
Iteration 6:  residual SS =  11.54445
Iteration 7:  residual SS =  7.519273
Iteration 8:  residual SS =  6.677512
Iteration 9:  residual SS =  6.662101
Iteration 10:  residual SS =    6.6621

      Source |       SS       df       MS            Number of obs =        37
-------------+------------------------------         F(  1,    35) =    110.67
       Model |  21.0654361     1  21.0654361         Prob > F      =    0.0000
    Residual |  6.66209985    35   .19034571         R-squared     =    0.7597
-------------+------------------------------         Adj R-squared =    0.7529
       Total |   27.727536    36  .770209333         Root MSE      =  .4362863
                                                     Res. dev.     =  41.56557

------------------------------------------------------------------------------
      lnYtou |      Coef.   Std. Err.      t    P>|t|     [95% Conf. Interval]
-------------+----------------------------------------------------------------
          b1 |  -175.8261   .7406661  -237.39   0.000    -177.3297   -174.3224
          b2 |   1846.473   42.25151    43.70   0.000     1760.698    1932.249
------------------------------------------------------------------------------
* Parameter b1 taken as constant term in model & ANOVA table
 (SEs, P values, CIs, and correlations are asymptotic approximations)
