=============================================================================================================
Estimation for Trucks and CAM, specification 2
=============================================================================================================
   
US parameters:
-------------------------------------------------------------------
elascoef1 = 6.838224310560782
elascoef2 = 6.838224310560782
trend     = .0830416299572568
-------------------------------------------------------------------
   
Model specification estimated:
( lnYtou = lnY + {b1} + (1.3-1)*ln(t-{b2=1945})*{b3=6.838224310560782} - (1-.3)*lnYpercap*6.838224310560782 + 
> .0830416299572568*t  ) 
-------------------------------------------------------------------
(obs = 42)

Iteration 0:  residual SS =   1300174
Iteration 1:  residual SS =   1260288
Iteration 2:  residual SS =  7.852466
Iteration 3:  residual SS =  7.786705
Iteration 4:  residual SS =  7.760215
Iteration 5:  residual SS =  7.758982
Iteration 6:  residual SS =   7.75898
Iteration 7:  residual SS =   7.75898

      Source |       SS       df       MS            Number of obs =        42
-------------+------------------------------         F(  2,    39) =     28.19
       Model |  11.2166881     2  5.60834404         Prob > F      =    0.0000
    Residual |  7.75897965    39  .198948196         R-squared     =    0.5911
-------------+------------------------------         Adj R-squared =    0.5701
       Total |  18.9756677    41  .462821164         Root MSE      =  .4460361
                                                     Res. dev.     =  48.26045

------------------------------------------------------------------------------
      lnYtou |      Coef.   Std. Err.      t    P>|t|     [95% Conf. Interval]
-------------+----------------------------------------------------------------
          b1 |  -170.4797   .3607076  -472.63   0.000    -171.2093   -169.7501
          b2 |   1949.537   1.034926  1883.75   0.000     1947.443     1951.63
          b3 |   1.066335   .3846958     2.77   0.008     .2882145    1.844456
------------------------------------------------------------------------------
* Parameter b1 taken as constant term in model & ANOVA table
 (SEs, P values, CIs, and correlations are asymptotic approximations)
