=============================================================================================================
Estimation for Trucks and CAM, specification 1
=============================================================================================================
   
US parameters:
-------------------------------------------------------------------
elascoef1 = 6.838224310560782
elascoef2 = 6.838224310560782
trend     = .0830416299572568
-------------------------------------------------------------------
   
Model specification estimated:
( lnYtou = lnY + {b1} + (1.3-1)*ln(t-{b2=1945})*6.838224310560782 - (1-.3)*lnYpercap*6.838224310560782 + .0830
> 416299572568*t  ) 
-------------------------------------------------------------------
(obs = 42)

Iteration 0:  residual SS =   1300174
Iteration 1:  residual SS =  987271.2
Iteration 2:  residual SS =  44.90669
Iteration 3:  residual SS =  21.20079
Iteration 4:  residual SS =  12.64339
Iteration 5:  residual SS =  9.348602
Iteration 6:  residual SS =  8.589079
Iteration 7:  residual SS =  8.547256
Iteration 8:  residual SS =  8.547045
Iteration 9:  residual SS =  8.547045

      Source |       SS       df       MS            Number of obs =        42
-------------+------------------------------         F(  1,    40) =     48.81
       Model |  10.4286227     1  10.4286227         Prob > F      =    0.0000
    Residual |  8.54704505    40  .213676126         R-squared     =    0.5496
-------------+------------------------------         Adj R-squared =    0.5383
       Total |  18.9756677    41  .462821164         Root MSE      =  .4622512
                                                     Res. dev.     =  52.32331

------------------------------------------------------------------------------
      lnYtou |      Coef.   Std. Err.      t    P>|t|     [95% Conf. Interval]
-------------+----------------------------------------------------------------
          b1 |  -178.7639   .5098025  -350.65   0.000    -179.7943   -177.7336
          b2 |   1882.681   21.19038    88.85   0.000     1839.853    1925.508
------------------------------------------------------------------------------
* Parameter b1 taken as constant term in model & ANOVA table
 (SEs, P values, CIs, and correlations are asymptotic approximations)
