=============================================================================================================
Estimation for Trucks and CAN, specification 1
=============================================================================================================
   
US parameters:
-------------------------------------------------------------------
elascoef1 = 6.838224310560782
elascoef2 = 6.838224310560782
trend     = .0830416299572568
-------------------------------------------------------------------
   
Model specification estimated:
( lnYtou = lnY + {b1} + (1.3-1)*ln(t-{b2=1909})*6.838224310560782 - (1-.3)*lnYpercap*6.838224310560782 + .0830
> 416299572568*t  ) 
-------------------------------------------------------------------
(obs = 74)

Iteration 0:  residual SS =   2023184
Iteration 1:  residual SS =   1779880
Iteration 2:  residual SS =  20.31196
Iteration 3:  residual SS =  20.24316
Iteration 4:  residual SS =   20.2419

      Source |       SS       df       MS            Number of obs =        74
-------------+------------------------------         F(  1,    72) =   1081.99
       Model |  304.187066     1  304.187066         Prob > F      =    0.0000
    Residual |  20.2418887    72  .281137343         R-squared     =    0.9376
-------------+------------------------------         Adj R-squared =    0.9367
       Total |  324.428955    73  4.44423226         Root MSE      =  .5302239
                                                     Res. dev.     =  114.0759

------------------------------------------------------------------------------
      lnYtou |      Coef.   Std. Err.      t    P>|t|     [95% Conf. Interval]
-------------+----------------------------------------------------------------
          b1 |   -165.123   .0768322 -2149.14   0.000    -165.2762   -164.9699
          b2 |   1911.576   .4580731  4173.08   0.000     1910.663    1912.489
------------------------------------------------------------------------------
* Parameter b1 taken as constant term in model & ANOVA table
 (SEs, P values, CIs, and correlations are asymptotic approximations)
