=============================================================================================================
Estimation for Trucks and CHL, specification 2
=============================================================================================================
   
US parameters:
-------------------------------------------------------------------
elascoef1 = 6.838224310560782
elascoef2 = 6.838224310560782
trend     = .0830416299572568
-------------------------------------------------------------------
   
Model specification estimated:
( lnYtou = lnY + {b1} + (1.3-1)*ln(t-{b2=1913})*{b3=6.838224310560782} - (1-.3)*lnYpercap*6.838224310560782 + 
> .0830416299572568*t  ) 
-------------------------------------------------------------------
(obs = 75)

Iteration 0:  residual SS =   2160537
Iteration 1:  residual SS =   2094249
Iteration 2:  residual SS =  523804.3
Iteration 3:  residual SS =  25.22296
Iteration 4:  residual SS =  25.21923
Iteration 5:  residual SS =  25.21587
Iteration 6:  residual SS =  25.21587
Iteration 7:  residual SS =  25.21587
Iteration 8:  residual SS =  25.21586

      Source |       SS       df       MS            Number of obs =        75
-------------+------------------------------         F(  2,    72) =    349.57
       Model |  244.851067     2  122.425533         Prob > F      =    0.0000
    Residual |  25.2158607    72  .350220288         R-squared     =    0.9066
-------------+------------------------------         Adj R-squared =    0.9040
       Total |  270.066928    74  3.64955308         Root MSE      =  .5917941
                                                     Res. dev.     =  131.0897

------------------------------------------------------------------------------
      lnYtou |      Coef.   Std. Err.      t    P>|t|     [95% Conf. Interval]
-------------+----------------------------------------------------------------
          b1 |   -165.154   .3908241  -422.58   0.000    -165.9331   -164.3749
          b2 |   1917.436   .5726134  3348.57   0.000     1916.294    1918.577
          b3 |   2.738606   .3541641     7.73   0.000     2.032593    3.444619
------------------------------------------------------------------------------
* Parameter b1 taken as constant term in model & ANOVA table
 (SEs, P values, CIs, and correlations are asymptotic approximations)
