=============================================================================================================
Estimation for Trucks and CHL, specification 1
=============================================================================================================
   
US parameters:
-------------------------------------------------------------------
elascoef1 = 6.838224310560782
elascoef2 = 6.838224310560782
trend     = .0830416299572568
-------------------------------------------------------------------
   
Model specification estimated:
( lnYtou = lnY + {b1} + (1.3-1)*ln(t-{b2=1913})*6.838224310560782 - (1-.3)*lnYpercap*6.838224310560782 + .0830
> 416299572568*t  ) 
-------------------------------------------------------------------
(obs = 75)

Iteration 0:  residual SS =   2160537
Iteration 1:  residual SS =   1659329
Iteration 2:  residual SS =  142.1862
Iteration 3:  residual SS =  90.69864
Iteration 4:  residual SS =  55.81767
Iteration 5:  residual SS =  41.14414
Iteration 6:  residual SS =   37.0578
Iteration 7:  residual SS =  36.36507
Iteration 8:  residual SS =  36.30077
Iteration 9:  residual SS =  36.29681
Iteration 10:  residual SS =   36.2966
Iteration 11:  residual SS =  36.29659

      Source |       SS       df       MS            Number of obs =        75
-------------+------------------------------         F(  1,    73) =    470.16
       Model |  233.770343     1  233.770343         Prob > F      =    0.0000
    Residual |   36.296585    73  .497213493         R-squared     =    0.8656
-------------+------------------------------         Adj R-squared =    0.8638
       Total |  270.066928    74  3.64955308         Root MSE      =  .7051337
                                                     Res. dev.     =  158.4084

------------------------------------------------------------------------------
      lnYtou |      Coef.   Std. Err.      t    P>|t|     [95% Conf. Interval]
-------------+----------------------------------------------------------------
          b1 |  -170.7953     .21435  -796.81   0.000    -171.2225   -170.3681
          b2 |    1891.84   5.376204   351.89   0.000     1881.126    1902.555
------------------------------------------------------------------------------
* Parameter b1 taken as constant term in model & ANOVA table
 (SEs, P values, CIs, and correlations are asymptotic approximations)
