=============================================================================================================
Estimation for Trucks and CHN, specification 1
=============================================================================================================
   
US parameters:
-------------------------------------------------------------------
elascoef1 = 6.838224310560782
elascoef2 = 6.838224310560782
trend     = .0830416299572568
-------------------------------------------------------------------
   
Model specification estimated:
( lnYtou = lnY + {b1} + (1.3-1)*ln(t-{b2=1973})*6.838224310560782 - (1-.3)*lnYpercap*6.838224310560782 + .0830
> 416299572568*t  ) 
-------------------------------------------------------------------
(obs = 11)

Iteration 0:  residual SS =  334339.8
Iteration 1:  residual SS =  9.522886
Iteration 2:  residual SS =   8.56757
Iteration 3:  residual SS =  6.092061
Iteration 4:  residual SS =  2.187981
Iteration 5:  residual SS =  .4386717
Iteration 6:  residual SS =   .435042

      Source |       SS       df       MS            Number of obs =        11
-------------+------------------------------         F(  1,     9) =     40.07
       Model |  1.93689044     1  1.93689044         Prob > F      =    0.0001
    Residual |  .435038382     9  .048337598         R-squared     =    0.8166
-------------+------------------------------         Adj R-squared =    0.7962
       Total |  2.37192882    10  .237192882         Root MSE      =  .2198581
                                                     Res. dev.     = -4.315731

------------------------------------------------------------------------------
      lnYtou |      Coef.   Std. Err.      t    P>|t|     [95% Conf. Interval]
-------------+----------------------------------------------------------------
          b1 |  -174.1226   .1240193 -1404.00   0.000    -174.4032   -173.8421
          b2 |   1974.182   .5301419  3723.88   0.000     1972.983    1975.382
------------------------------------------------------------------------------
* Parameter b1 taken as constant term in model & ANOVA table
 (SEs, P values, CIs, and correlations are asymptotic approximations)
