=============================================================================================================
Estimation for Trucks and CMB, specification 2
=============================================================================================================
   
US parameters:
-------------------------------------------------------------------
elascoef1 = 6.838224310560782
elascoef2 = 6.838224310560782
trend     = .0830416299572568
-------------------------------------------------------------------
   
Model specification estimated:
( lnYtou = lnY + {b1} + (1.3-1)*ln(t-{b2=1945})*{b3=6.838224310560782} - (1-.3)*lnYpercap*6.838224310560782 + 
> .0830416299572568*t  ) 
-------------------------------------------------------------------
(obs = 24)

Iteration 0:  residual SS =  752409.1
Iteration 1:  residual SS =  729731.7
Iteration 2:  residual SS =  5.337491
Iteration 3:  residual SS =  3.324247
Iteration 4:  residual SS =  3.254005
Iteration 5:  residual SS =  3.236486
Iteration 6:  residual SS =  3.235633
Iteration 7:  residual SS =  3.235537
Iteration 8:  residual SS =  3.235447
Iteration 9:  residual SS =  3.235421
Iteration 10:  residual SS =  3.235405
Iteration 11:  residual SS =  3.235397
Iteration 12:  residual SS =  3.235394
Iteration 13:  residual SS =  3.235392
Iteration 14:  residual SS =  3.235392
Iteration 15:  residual SS =  3.235391
Iteration 16:  residual SS =  3.235391

      Source |       SS       df       MS            Number of obs =        24
-------------+------------------------------         F(  2,    21) =     10.73
       Model |  3.30621128     2  1.65310564         Prob > F      =    0.0006
    Residual |  3.23539054    21  .154066216         R-squared     =    0.5054
-------------+------------------------------         Adj R-squared =    0.4583
       Total |  6.54160182    23   .28441747         Root MSE      =  .3925127
                                                     Res. dev.     =  20.01535

------------------------------------------------------------------------------
      lnYtou |      Coef.   Std. Err.      t    P>|t|     [95% Conf. Interval]
-------------+----------------------------------------------------------------
          b1 |  -172.1021   .3563557  -482.95   0.000    -172.8432    -171.361
          b2 |   1949.707   .7839121  2487.15   0.000     1948.077    1951.337
          b3 |   .8950264   .4616388     1.94   0.066    -.0650041    1.855057
------------------------------------------------------------------------------
* Parameter b1 taken as constant term in model & ANOVA table
 (SEs, P values, CIs, and correlations are asymptotic approximations)
