=============================================================================================================
Estimation for Trucks and CMB, specification 1
=============================================================================================================
   
US parameters:
-------------------------------------------------------------------
elascoef1 = 6.838224310560782
elascoef2 = 6.838224310560782
trend     = .0830416299572568
-------------------------------------------------------------------
   
Model specification estimated:
( lnYtou = lnY + {b1} + (1.3-1)*ln(t-{b2=1945})*6.838224310560782 - (1-.3)*lnYpercap*6.838224310560782 + .0830
> 416299572568*t  ) 
-------------------------------------------------------------------
(obs = 24)

Iteration 0:  residual SS =  752409.1
Iteration 1:  residual SS =  660069.5
Iteration 2:  residual SS =  18.41472
Iteration 3:  residual SS =  9.568038
Iteration 4:  residual SS =  6.137815
Iteration 5:  residual SS =  4.660423
Iteration 6:  residual SS =  4.211735
Iteration 7:  residual SS =  4.161378
Iteration 8:  residual SS =  4.160148
Iteration 9:  residual SS =  4.160136
Iteration 10:  residual SS =  4.160136

      Source |       SS       df       MS            Number of obs =        24
-------------+------------------------------         F(  1,    22) =     12.59
       Model |  2.38146615     1  2.38146615         Prob > F      =    0.0018
    Residual |  4.16013567    22  .189097076         R-squared     =    0.3640
-------------+------------------------------         Adj R-squared =    0.3351
       Total |  6.54160182    23   .28441747         Root MSE      =  .4348529
                                                     Res. dev.     =   26.0489

------------------------------------------------------------------------------
      lnYtou |      Coef.   Std. Err.      t    P>|t|     [95% Conf. Interval]
-------------+----------------------------------------------------------------
          b1 |  -180.1956   .8755129  -205.82   0.000    -182.0113   -178.3799
          b2 |   1892.732   28.89679    65.50   0.000     1832.804    1952.661
------------------------------------------------------------------------------
* Parameter b1 taken as constant term in model & ANOVA table
 (SEs, P values, CIs, and correlations are asymptotic approximations)
