=============================================================================================================
Estimation for Trucks and CZE, specification 1
=============================================================================================================
   
US parameters:
-------------------------------------------------------------------
elascoef1 = 6.838224310560782
elascoef2 = 6.838224310560782
trend     = .0830416299572568
-------------------------------------------------------------------
   
Model specification estimated:
( lnYtou = lnY + {b1} + (1.3-1)*ln(t-{b2=1917})*6.838224310560782 - (1-.3)*lnYpercap*6.838224310560782 + .0830
> 416299572568*t  ) 
-------------------------------------------------------------------
(obs = 46)

Iteration 0:  residual SS =   1312570
Iteration 1:  residual SS =  746231.2
Iteration 2:  residual SS =  13.58723
Iteration 3:  residual SS =  7.588595
Iteration 4:  residual SS =  6.611292
Iteration 5:  residual SS =  6.569257
Iteration 6:  residual SS =  6.568866

      Source |       SS       df       MS            Number of obs =        46
-------------+------------------------------         F(  1,    44) =    522.43
       Model |  77.9942994     1  77.9942994         Prob > F      =    0.0000
    Residual |  6.56886385    44   .14929236         R-squared     =    0.9223
-------------+------------------------------         Adj R-squared =    0.9206
       Total |  84.5631633    45  1.87918141         Root MSE      =  .3863837
                                                     Res. dev.     =  41.01252

------------------------------------------------------------------------------
      lnYtou |      Coef.   Std. Err.      t    P>|t|     [95% Conf. Interval]
-------------+----------------------------------------------------------------
          b1 |  -169.1274   .0900034 -1879.12   0.000    -169.3088    -168.946
          b2 |   1913.909   1.133668  1688.25   0.000     1911.624    1916.194
------------------------------------------------------------------------------
* Parameter b1 taken as constant term in model & ANOVA table
 (SEs, P values, CIs, and correlations are asymptotic approximations)
