=============================================================================================================
Estimation for Trucks and DOM, specification 1
=============================================================================================================
   
US parameters:
-------------------------------------------------------------------
elascoef1 = 6.838224310560782
elascoef2 = 6.838224310560782
trend     = .0830416299572568
-------------------------------------------------------------------
   
Model specification estimated:
( lnYtou = lnY + {b1} + (1.3-1)*ln(t-{b2=1945})*6.838224310560782 - (1-.3)*lnYpercap*6.838224310560782 + .0830
> 416299572568*t  ) 
-------------------------------------------------------------------
(obs = 43)

Iteration 0:  residual SS =   1292348
Iteration 1:  residual SS =  725571.3
Iteration 2:  residual SS =  19.76229
Iteration 3:  residual SS =   9.86312
Iteration 4:  residual SS =  8.421509
Iteration 5:  residual SS =  8.392361
Iteration 6:  residual SS =  8.392333

      Source |       SS       df       MS            Number of obs =        43
-------------+------------------------------         F(  1,    41) =    206.96
       Model |  42.3626433     1  42.3626433         Prob > F      =    0.0000
    Residual |   8.3923332    41  .204691054         R-squared     =    0.8347
-------------+------------------------------         Adj R-squared =    0.8306
       Total |  50.7549765    42  1.20845182         Root MSE      =   .452428
                                                     Res. dev.     =  51.77181

------------------------------------------------------------------------------
      lnYtou |      Coef.   Std. Err.      t    P>|t|     [95% Conf. Interval]
-------------+----------------------------------------------------------------
          b1 |  -174.2654   .1874297  -929.76   0.000    -174.6439   -173.8869
          b2 |   1933.971   2.756345   701.64   0.000     1928.404    1939.537
------------------------------------------------------------------------------
* Parameter b1 taken as constant term in model & ANOVA table
 (SEs, P values, CIs, and correlations are asymptotic approximations)
