=============================================================================================================
Estimation for Trucks and EGY, specification 1
=============================================================================================================
   
US parameters:
-------------------------------------------------------------------
elascoef1 = 6.838224310560782
elascoef2 = 6.838224310560782
trend     = .0830416299572568
-------------------------------------------------------------------
   
Model specification estimated:
( lnYtou = lnY + {b1} + (1.3-1)*ln(t-{b2=1945})*6.838224310560782 - (1-.3)*lnYpercap*6.838224310560782 + .0830
> 416299572568*t  ) 
-------------------------------------------------------------------
(obs = 43)

Iteration 0:  residual SS =   1319031
Iteration 1:  residual SS =  131.2019
Iteration 2:  residual SS =  24.85654
Iteration 3:  residual SS =  24.58153
Iteration 4:  residual SS =  24.57243
Iteration 5:  residual SS =  24.57169
Iteration 6:  residual SS =  24.57163

      Source |       SS       df       MS            Number of obs =        43
-------------+------------------------------         F(  1,    41) =     38.99
       Model |  23.3669673     1  23.3669673         Prob > F      =    0.0000
    Residual |  24.5716199    41  .599307802         R-squared     =    0.4874
-------------+------------------------------         Adj R-squared =    0.4749
       Total |  47.9385872    42  1.14139493         Root MSE      =  .7741497
                                                     Res. dev.     =  97.96557

------------------------------------------------------------------------------
      lnYtou |      Coef.   Std. Err.      t    P>|t|     [95% Conf. Interval]
-------------+----------------------------------------------------------------
          b1 |  -175.8206   .2841939  -618.66   0.000    -176.3945   -175.2466
          b2 |   1937.054   3.712085   521.82   0.000     1929.557    1944.551
------------------------------------------------------------------------------
* Parameter b1 taken as constant term in model & ANOVA table
 (SEs, P values, CIs, and correlations are asymptotic approximations)
