=============================================================================================================
Estimation for Trucks and FRA, specification 1
=============================================================================================================
   
US parameters:
-------------------------------------------------------------------
elascoef1 = 6.838224310560782
elascoef2 = 6.838224310560782
trend     = .0830416299572568
-------------------------------------------------------------------
   
Model specification estimated:
( lnYtou = lnY + {b1} + (1.3-1)*ln(t-{b2=1915})*6.838224310560782 - (1-.3)*lnYpercap*6.838224310560782 + .0830
> 416299572568*t  ) 
-------------------------------------------------------------------
(obs = 66)

Iteration 0:  residual SS =   1826442
Iteration 1:  residual SS =   1401889
Iteration 2:  residual SS =  60.24034
Iteration 3:  residual SS =  55.05846
Iteration 4:  residual SS =  54.91111
Iteration 5:  residual SS =  54.91026

      Source |       SS       df       MS            Number of obs =        66
-------------+------------------------------         F(  1,    64) =     54.62
       Model |  46.8614007     1  46.8614007         Prob > F      =    0.0000
    Residual |  54.9102439    64  .857972562         R-squared     =    0.4605
-------------+------------------------------         Adj R-squared =    0.4520
       Total |  101.771645    65  1.56571761         Root MSE      =  .9262681
                                                     Res. dev.     =  175.1589

------------------------------------------------------------------------------
      lnYtou |      Coef.   Std. Err.      t    P>|t|     [95% Conf. Interval]
-------------+----------------------------------------------------------------
          b1 |  -166.7259   .1991492  -837.19   0.000    -167.1237    -166.328
          b2 |   1909.506   2.754495   693.23   0.000     1904.003    1915.009
------------------------------------------------------------------------------
* Parameter b1 taken as constant term in model & ANOVA table
 (SEs, P values, CIs, and correlations are asymptotic approximations)
