=============================================================================================================
Estimation for Trucks and GER, specification 1
=============================================================================================================
   
US parameters:
-------------------------------------------------------------------
elascoef1 = 6.838224310560782
elascoef2 = 6.838224310560782
trend     = .0830416299572568
-------------------------------------------------------------------
   
Model specification estimated:
( lnYtou = lnY + {b1} + (1.3-1)*ln(t-{b2=1901})*6.838224310560782 - (1-.3)*lnYpercap*6.838224310560782 + .0830
> 416299572568*t  ) 
-------------------------------------------------------------------
(obs = 73)

Iteration 0:  residual SS =   2063185
Iteration 1:  residual SS =  136.0575
Iteration 2:  residual SS =  35.29686
Iteration 3:  residual SS =  34.99177
Iteration 4:  residual SS =  34.99154

      Source |       SS       df       MS            Number of obs =        73
-------------+------------------------------         F(  1,    71) =    426.20
       Model |  210.050154     1  210.050154         Prob > F      =    0.0000
    Residual |  34.9915401    71  .492838593         R-squared     =    0.8572
-------------+------------------------------         Adj R-squared =    0.8552
       Total |  245.041694    72  3.40335687         Root MSE      =  .7020246
                                                     Res. dev.     =  153.4842

------------------------------------------------------------------------------
      lnYtou |      Coef.   Std. Err.      t    P>|t|     [95% Conf. Interval]
-------------+----------------------------------------------------------------
          b1 |  -168.1096   .1101084 -1526.77   0.000    -168.3291     -167.89
          b2 |   1901.064   1.064381  1786.08   0.000     1898.942    1903.187
------------------------------------------------------------------------------
* Parameter b1 taken as constant term in model & ANOVA table
 (SEs, P values, CIs, and correlations are asymptotic approximations)
