=============================================================================================================
Estimation for Trucks and GUA, specification 1
=============================================================================================================
   
US parameters:
-------------------------------------------------------------------
elascoef1 = 6.838224310560782
elascoef2 = 6.838224310560782
trend     = .0830416299572568
-------------------------------------------------------------------
   
Model specification estimated:
( lnYtou = lnY + {b1} + (1.3-1)*ln(t-{b2=1923})*6.838224310560782 - (1-.3)*lnYpercap*6.838224310560782 + .0830
> 416299572568*t  ) 
-------------------------------------------------------------------
(obs = 52)

Iteration 0:  residual SS =   1531033
Iteration 1:  residual SS =   1170840
Iteration 2:  residual SS =  44.93913
Iteration 3:  residual SS =  26.16093
Iteration 4:  residual SS =  21.12716
Iteration 5:  residual SS =  20.56624
Iteration 6:  residual SS =  20.56254

      Source |       SS       df       MS            Number of obs =        52
-------------+------------------------------         F(  1,    50) =    170.19
       Model |  69.9897052     1  69.9897052         Prob > F      =    0.0000
    Residual |   20.562544    50  .411250879         R-squared     =    0.7729
-------------+------------------------------         Adj R-squared =    0.7684
       Total |  90.5522492    51   1.7755343         Root MSE      =  .6412885
                                                     Res. dev.     =  99.32543

------------------------------------------------------------------------------
      lnYtou |      Coef.   Std. Err.      t    P>|t|     [95% Conf. Interval]
-------------+----------------------------------------------------------------
          b1 |  -173.3195   .3476367  -498.57   0.000    -174.0178   -172.6213
          b2 |   1890.926   9.704849   194.84   0.000     1871.433    1910.418
------------------------------------------------------------------------------
* Parameter b1 taken as constant term in model & ANOVA table
 (SEs, P values, CIs, and correlations are asymptotic approximations)
