=============================================================================================================
Estimation for Trucks and GUI, specification 2
=============================================================================================================
   
US parameters:
-------------------------------------------------------------------
elascoef1 = 6.838224310560782
elascoef2 = 6.838224310560782
trend     = .0830416299572568
-------------------------------------------------------------------
   
Model specification estimated:
( lnYtou = lnY + {b1} + (1.3-1)*ln(t-{b2=1949})*{b3=6.838224310560782} - (1-.3)*lnYpercap*6.838224310560782 + 
> .0830416299572568*t  ) 
-------------------------------------------------------------------
(obs = 26)

Iteration 0:  residual SS =  830126.6
Iteration 1:  residual SS =  804885.6
Iteration 2:  residual SS =  453170.4
Iteration 3:  residual SS =  254820.2
Iteration 4:  residual SS =  223956.8
Iteration 5:  residual SS =  196828.8
Iteration 6:  cannot calculate derivatives
equation/system not identified
