=============================================================================================================
Estimation for Trucks and HON, specification 2
=============================================================================================================
   
US parameters:
-------------------------------------------------------------------
elascoef1 = 6.838224310560782
elascoef2 = 6.838224310560782
trend     = .0830416299572568
-------------------------------------------------------------------
   
Model specification estimated:
( lnYtou = lnY + {b1} + (1.3-1)*ln(t-{b2=1923})*{b3=6.838224310560782} - (1-.3)*lnYpercap*6.838224310560782 + 
> .0830416299572568*t  ) 
-------------------------------------------------------------------
(obs = 48)

Iteration 0:  residual SS =   1462922
Iteration 1:  residual SS =   1417869
Iteration 2:  residual SS =  17.22862
Iteration 3:  residual SS =  15.06618
Iteration 4:  residual SS =  14.89109
Iteration 5:  residual SS =  14.75909
Iteration 6:  residual SS =  14.73013
Iteration 7:  residual SS =  14.66061
Iteration 8:  residual SS =  14.61691
Iteration 9:  residual SS =  14.60378
Iteration 10:  residual SS =  14.56334
Iteration 11:  residual SS =  14.52909
Iteration 12:  residual SS =  14.50164
Iteration 13:  residual SS =  14.48172
Iteration 14:  residual SS =  14.47021
Iteration 15:  residual SS =  14.46817
Iteration 16:  residual SS =  14.44824
Iteration 17:  residual SS =  14.42996
Iteration 18:  residual SS =  14.41346
Iteration 19:  residual SS =  14.39883
Iteration 20:  residual SS =   14.3862
Iteration 21:  residual SS =  14.37571
Iteration 22:  residual SS =  14.36751
Iteration 23:  residual SS =  14.36178
Iteration 24:  residual SS =  14.35872
Iteration 25:  residual SS =  14.35854
Iteration 26:  residual SS =  14.34866
Iteration 27:  residual SS =  14.33923
Iteration 28:  residual SS =  14.33028
Iteration 29:  residual SS =  14.32183
Iteration 30:  residual SS =  14.31389
Iteration 31:  residual SS =  14.30649
Iteration 32:  residual SS =  14.29964
Iteration 33:  residual SS =  14.29338
Iteration 34:  residual SS =  14.28773
Iteration 35:  residual SS =  14.28271
Iteration 36:  residual SS =  14.27836
Iteration 37:  residual SS =   14.2747
Iteration 38:  residual SS =  14.27178
Iteration 39:  residual SS =  14.26963
Iteration 40:  residual SS =  14.26828
Iteration 41:  residual SS =  14.26778
Iteration 42:  residual SS =  14.26274
Iteration 43:  residual SS =  14.25782
Iteration 44:  residual SS =  14.25303
Iteration 45:  residual SS =  14.24838
Iteration 46:  residual SS =  14.24386
Iteration 47:  residual SS =  14.23948
Iteration 48:  residual SS =  14.23524
Iteration 49:  residual SS =  14.23115

      Source |       SS       df       MS            Number of obs =        48
-------------+------------------------------         F(  2,    45) =    165.75
       Model |  104.810097     2  52.4050484         Prob > F      =    0.0000
    Residual |  14.2272062    45  .316160139         R-squared     =    0.8805
-------------+------------------------------         Adj R-squared =    0.8752
       Total |  119.037303    47  2.53270857         Root MSE      =  .5622812
                                                     Res. dev.     =  77.84794

------------------------------------------------------------------------------
      lnYtou |      Coef.   Std. Err.      t    P>|t|     [95% Conf. Interval]
-------------+----------------------------------------------------------------
          b1 |  -206.3024   192.6824    -1.07   0.290    -594.3846    181.7798
          b2 |   1694.601   1105.107     1.53   0.132    -531.1988    3920.401
          b3 |   23.50696   97.65797     0.24   0.811    -173.1863    220.2002
------------------------------------------------------------------------------
* Parameter b1 taken as constant term in model & ANOVA table
 (SEs, P values, CIs, and correlations are asymptotic approximations)
convergence not achieved
