=============================================================================================================
Estimation for Trucks and IND, specification 1
=============================================================================================================
   
US parameters:
-------------------------------------------------------------------
elascoef1 = 6.838224310560782
elascoef2 = 6.838224310560782
trend     = .0830416299572568
-------------------------------------------------------------------
   
Model specification estimated:
( lnYtou = lnY + {b1} + (1.3-1)*ln(t-{b2=1930})*6.838224310560782 - (1-.3)*lnYpercap*6.838224310560782 + .0830
> 416299572568*t  ) 
-------------------------------------------------------------------
(obs = 54)

Iteration 0:  residual SS =   1714033
Iteration 1:  residual SS =   1505327
Iteration 2:  residual SS =  75.12314
Iteration 3:  residual SS =   38.8756
Iteration 4:  residual SS =  27.50409
Iteration 5:  residual SS =  18.84997
Iteration 6:  residual SS =  15.06353
Iteration 7:  residual SS =  14.78007
Iteration 8:  residual SS =  14.77983
Iteration 9:  residual SS =  14.77983

      Source |       SS       df       MS            Number of obs =        54
-------------+------------------------------         F(  1,    52) =    186.11
       Model |  52.8976497     1  52.8976497         Prob > F      =    0.0000
    Residual |  14.7798286    52  .284227473         R-squared     =    0.7816
-------------+------------------------------         Adj R-squared =    0.7774
       Total |  67.6774783    53  1.27693355         Root MSE      =  .5331299
                                                     Res. dev.     =  83.27644

------------------------------------------------------------------------------
      lnYtou |      Coef.   Std. Err.      t    P>|t|     [95% Conf. Interval]
-------------+----------------------------------------------------------------
          b1 |   -182.116   .9035384  -201.56   0.000    -183.9291   -180.3029
          b2 |   1765.371   86.38278    20.44   0.000     1592.032    1938.711
------------------------------------------------------------------------------
* Parameter b1 taken as constant term in model & ANOVA table
 (SEs, P values, CIs, and correlations are asymptotic approximations)
