=============================================================================================================
Estimation for Trucks and IRE, specification 1
=============================================================================================================
   
US parameters:
-------------------------------------------------------------------
elascoef1 = 6.838224310560782
elascoef2 = 6.838224310560782
trend     = .0830416299572568
-------------------------------------------------------------------
   
Model specification estimated:
( lnYtou = lnY + {b1} + (1.3-1)*ln(t-{b2=1918})*6.838224310560782 - (1-.3)*lnYpercap*6.838224310560782 + .0830
> 416299572568*t  ) 
-------------------------------------------------------------------
(obs = 71)

Iteration 0:  residual SS =   2016849
Iteration 1:  residual SS =  17.96037
Iteration 2:  residual SS =  17.25204
Iteration 3:  residual SS =   17.2504
Iteration 4:  residual SS =  17.25035

      Source |       SS       df       MS            Number of obs =        71
-------------+------------------------------         F(  1,    69) =    221.97
       Model |  55.4941164     1  55.4941164         Prob > F      =    0.0000
    Residual |  17.2503438    69  .250004983         R-squared     =    0.7629
-------------+------------------------------         Adj R-squared =    0.7594
       Total |  72.7444603    70  1.03920658         Root MSE      =   .500005
                                                     Res. dev.     =  101.0351

------------------------------------------------------------------------------
      lnYtou |      Coef.   Std. Err.      t    P>|t|     [95% Conf. Interval]
-------------+----------------------------------------------------------------
          b1 |  -169.3437   .1369792 -1236.27   0.000    -169.6169   -169.0704
          b2 |   1904.462   2.676965   711.43   0.000     1899.122    1909.803
------------------------------------------------------------------------------
* Parameter b1 taken as constant term in model & ANOVA table
 (SEs, P values, CIs, and correlations are asymptotic approximations)
