=============================================================================================================
Estimation for Trucks and IRN, specification 2
=============================================================================================================
   
US parameters:
-------------------------------------------------------------------
elascoef1 = 6.838224310560782
elascoef2 = 6.838224310560782
trend     = .0830416299572568
-------------------------------------------------------------------
   
Model specification estimated:
( lnYtou = lnY + {b1} + (1.3-1)*ln(t-{b2=1945})*{b3=6.838224310560782} - (1-.3)*lnYpercap*6.838224310560782 + 
> .0830416299572568*t  ) 
-------------------------------------------------------------------
(obs = 42)

Iteration 0:  residual SS =   1233034
Iteration 1:  residual SS =   1195475
Iteration 2:  residual SS =  36.94694
Iteration 3:  residual SS =  36.47059
Iteration 4:  residual SS =   36.4575
Iteration 5:  residual SS =  36.45739
Iteration 6:  residual SS =  36.45586
Iteration 7:  residual SS =  36.45576
Iteration 8:  residual SS =  36.45576
Iteration 9:  residual SS =  36.45576
Iteration 10:  residual SS =  36.45576
Iteration 11:  residual SS =  36.45576
Iteration 12:  residual SS =  36.45576

      Source |       SS       df       MS            Number of obs =        42
-------------+------------------------------         F(  2,    39) =     22.15
       Model |  41.4169948     2  20.7084974         Prob > F      =    0.0000
    Residual |  36.4557557    39  .934762968         R-squared     =    0.5319
-------------+------------------------------         Adj R-squared =    0.5078
       Total |  77.8727505    41  1.89933538         Root MSE      =  .9668314
                                                     Res. dev.     =  113.2449

------------------------------------------------------------------------------
      lnYtou |      Coef.   Std. Err.      t    P>|t|     [95% Conf. Interval]
-------------+----------------------------------------------------------------
          b1 |  -171.1869    3.45025   -49.62   0.000    -178.1657   -164.2081
          b2 |   1944.261   7.096686   273.97   0.000     1929.907    1958.615
          b3 |   6.591029   2.907275     2.27   0.029     .7105106    12.47155
------------------------------------------------------------------------------
* Parameter b1 taken as constant term in model & ANOVA table
 (SEs, P values, CIs, and correlations are asymptotic approximations)
