=============================================================================================================
Estimation for Trucks and IRQ, specification 2
=============================================================================================================
   
US parameters:
-------------------------------------------------------------------
elascoef1 = 6.838224310560782
elascoef2 = 6.838224310560782
trend     = .0830416299572568
-------------------------------------------------------------------
   
Model specification estimated:
( lnYtou = lnY + {b1} + (1.3-1)*ln(t-{b2=1945})*{b3=6.838224310560782} - (1-.3)*lnYpercap*6.838224310560782 + 
> .0830416299572568*t  ) 
-------------------------------------------------------------------
(obs = 44)

Iteration 0:  residual SS =   1285259
Iteration 1:  residual SS =   1245970
Iteration 2:  residual SS =  700315.1
Iteration 3:  residual SS =  115.7567
Iteration 4:  residual SS =  115.6975
Iteration 5:  residual SS =  115.6945
Iteration 6:  residual SS =  115.6945

      Source |       SS       df       MS            Number of obs =        44
-------------+------------------------------         F(  2,    41) =     -9.90
       Model |  -55.893647     2 -27.9468235         Prob > F      =    1.0000
    Residual |  115.694506    41  2.82181722         R-squared     =   -0.9347
-------------+------------------------------         Adj R-squared =   -1.0290
       Total |   59.800859    43  1.39071765         Root MSE      =  1.679827
                                                     Res. dev.     =  167.4042

------------------------------------------------------------------------------
      lnYtou |      Coef.   Std. Err.      t    P>|t|     [95% Conf. Interval]
-------------+----------------------------------------------------------------
          b1 |  -165.5535   .8901618  -185.98   0.000    -167.3512   -163.7558
          b2 |   1949.986   .0921511        .   0.000       1949.8    1950.172
          b3 |    1.33015   1.000818     1.33   0.191    -.6910434    3.351343
------------------------------------------------------------------------------
* Parameter b1 taken as constant term in model & ANOVA table
 (SEs, P values, CIs, and correlations are asymptotic approximations)
