=============================================================================================================
Estimation for Trucks and KEN, specification 2
=============================================================================================================
   
US parameters:
-------------------------------------------------------------------
elascoef1 = 6.838224310560782
elascoef2 = 6.838224310560782
trend     = .0830416299572568
-------------------------------------------------------------------
   
Model specification estimated:
( lnYtou = lnY + {b1} + (1.3-1)*ln(t-{b2=1945})*{b3=6.838224310560782} - (1-.3)*lnYpercap*6.838224310560782 + 
> .0830416299572568*t  ) 
-------------------------------------------------------------------
(obs = 44)

Iteration 0:  residual SS =   1364451
Iteration 1:  residual SS =   1323036
Iteration 2:  residual SS =  5.650468
Iteration 3:  residual SS =  3.170395
Iteration 4:  residual SS =  2.896687
Iteration 5:  residual SS =  2.852604
Iteration 6:  residual SS =   2.85106
Iteration 7:  residual SS =  2.843384
Iteration 8:  residual SS =  2.838228
Iteration 9:  residual SS =  2.837034
Iteration 10:  residual SS =   2.83377
Iteration 11:  residual SS =  2.831595
Iteration 12:  residual SS =   2.83087
Iteration 13:  residual SS =  2.828781
Iteration 14:  residual SS =   2.82698
Iteration 15:  residual SS =  2.825517
Iteration 16:  residual SS =  2.824454
Iteration 17:  residual SS =  2.823869
Iteration 18:  residual SS =  2.823858
Iteration 19:  residual SS =  2.822769
Iteration 20:  residual SS =  2.821776
Iteration 21:  residual SS =  2.820886
Iteration 22:  residual SS =  2.820111
Iteration 23:  residual SS =  2.819465
Iteration 24:  residual SS =  2.818961
Iteration 25:  residual SS =  2.818616
Iteration 26:  residual SS =  2.818448
Iteration 27:  residual SS =  2.817806
Iteration 28:  residual SS =  2.817189
Iteration 29:  residual SS =    2.8166
Iteration 30:  residual SS =   2.81604
Iteration 31:  residual SS =  2.815511
Iteration 32:  residual SS =  2.815015
Iteration 33:  residual SS =  2.814553
Iteration 34:  residual SS =  2.814129
Iteration 35:  residual SS =  2.813744
Iteration 36:  residual SS =  2.813402
Iteration 37:  residual SS =  2.813104
Iteration 38:  residual SS =  2.812855
Iteration 39:  residual SS =  2.812657
Iteration 40:  residual SS =  2.812515
Iteration 41:  residual SS =  2.812432
Iteration 42:  residual SS =  2.812412
Iteration 43:  residual SS =  2.812088
Iteration 44:  residual SS =  2.811774
Iteration 45:  residual SS =  2.811468
Iteration 46:  residual SS =  2.811171
Iteration 47:  residual SS =  2.810885
Iteration 48:  residual SS =  2.810608
Iteration 49:  residual SS =  2.810341

      Source |       SS       df       MS            Number of obs =        44
-------------+------------------------------         F(  2,    41) =    139.85
       Model |  19.1696368     2  9.58481841         Prob > F      =    0.0000
    Residual |  2.81008597    41  .068538682         R-squared     =    0.8722
-------------+------------------------------         Adj R-squared =    0.8659
       Total |  21.9797228    43  .511156344         Root MSE      =  .2617989
                                                     Res. dev.     =   3.82371

------------------------------------------------------------------------------
      lnYtou |      Coef.   Std. Err.      t    P>|t|     [95% Conf. Interval]
-------------+----------------------------------------------------------------
          b1 |  -159.5174   68.86054    -2.32   0.026    -298.5841   -20.45072
          b2 |   1814.423   875.9731     2.07   0.045     45.35964    3583.487
          b3 |  -6.745593   37.99713    -0.18   0.860    -83.48236    69.99118
------------------------------------------------------------------------------
* Parameter b1 taken as constant term in model & ANOVA table
 (SEs, P values, CIs, and correlations are asymptotic approximations)
convergence not achieved
