=============================================================================================================
Estimation for Trucks and LEB, specification 2
=============================================================================================================
   
US parameters:
-------------------------------------------------------------------
elascoef1 = 6.838224310560782
elascoef2 = 6.838224310560782
trend     = .0830416299572568
-------------------------------------------------------------------
   
Model specification estimated:
( lnYtou = lnY + {b1} + (1.3-1)*ln(t-{b2=1945})*{b3=6.838224310560782} - (1-.3)*lnYpercap*6.838224310560782 + 
> .0830416299572568*t  ) 
-------------------------------------------------------------------
(obs = 32)

Iteration 0:  residual SS =  929064.6
Iteration 1:  residual SS =  900751.8
Iteration 2:  residual SS =  2.956175
Iteration 3:  residual SS =  2.180859
Iteration 4:  residual SS =  2.098377
Iteration 5:  residual SS =  2.077279
Iteration 6:  residual SS =   2.07029
Iteration 7:  residual SS =  2.066142
Iteration 8:  residual SS =  2.062852
Iteration 9:  residual SS =  2.060373
Iteration 10:  residual SS =  2.058974
Iteration 11:  residual SS =  2.057301
Iteration 12:  residual SS =  2.055848
Iteration 13:  residual SS =  2.054652
Iteration 14:  residual SS =  2.053759
Iteration 15:  residual SS =  2.053227
Iteration 16:  residual SS =  2.053127
Iteration 17:  residual SS =  2.052394
Iteration 18:  residual SS =  2.051736
Iteration 19:  residual SS =  2.051157
Iteration 20:  residual SS =  2.050667
Iteration 21:  residual SS =  2.050274
Iteration 22:  residual SS =  2.049989
Iteration 23:  residual SS =  2.049825
Iteration 24:  residual SS =  2.049795
Iteration 25:  residual SS =  2.049409
Iteration 26:  residual SS =  2.049044
Iteration 27:  residual SS =    2.0487
Iteration 28:  residual SS =  2.048378
Iteration 29:  residual SS =  2.048081
Iteration 30:  residual SS =  2.047808
Iteration 31:  residual SS =  2.047563
Iteration 32:  residual SS =  2.047346
Iteration 33:  residual SS =  2.047159
Iteration 34:  residual SS =  2.047004
Iteration 35:  residual SS =  2.046884
Iteration 36:  residual SS =    2.0468
Iteration 37:  residual SS =  2.046754
Iteration 38:  residual SS =  2.046751
Iteration 39:  residual SS =  2.046555
Iteration 40:  residual SS =  2.046365
Iteration 41:  residual SS =  2.046182
Iteration 42:  residual SS =  2.046004
Iteration 43:  residual SS =  2.045833
Iteration 44:  residual SS =  2.045669
Iteration 45:  residual SS =  2.045511
Iteration 46:  residual SS =  2.045361
Iteration 47:  residual SS =  2.045219
Iteration 48:  residual SS =  2.045084
Iteration 49:  residual SS =  2.044956

      Source |       SS       df       MS            Number of obs =        32
-------------+------------------------------         F(  2,    29) =    110.53
       Model |  15.5878848     2  7.79394238         Prob > F      =    0.0000
    Residual |  2.04483767    29  .070511644         R-squared     =    0.8840
-------------+------------------------------         Adj R-squared =    0.8760
       Total |  17.6327224    31  .568797497         Root MSE      =  .2655403
                                                     Res. dev.     =  2.798706

------------------------------------------------------------------------------
      lnYtou |      Coef.   Std. Err.      t    P>|t|     [95% Conf. Interval]
-------------+----------------------------------------------------------------
          b1 |  -176.2025   93.00358    -1.89   0.068    -366.4162    14.01121
          b2 |   1842.986    796.071     2.32   0.028     214.8382    3471.134
          b3 |   8.181591   53.49452     0.15   0.880     -101.227    117.5902
------------------------------------------------------------------------------
* Parameter b1 taken as constant term in model & ANOVA table
 (SEs, P values, CIs, and correlations are asymptotic approximations)
convergence not achieved
