=============================================================================================================
Estimation for Trucks and LEB, specification 1
=============================================================================================================
   
US parameters:
-------------------------------------------------------------------
elascoef1 = 6.838224310560782
elascoef2 = 6.838224310560782
trend     = .0830416299572568
-------------------------------------------------------------------
   
Model specification estimated:
( lnYtou = lnY + {b1} + (1.3-1)*ln(t-{b2=1945})*6.838224310560782 - (1-.3)*lnYpercap*6.838224310560782 + .0830
> 416299572568*t  ) 
-------------------------------------------------------------------
(obs = 32)

Iteration 0:  residual SS =  929064.6
Iteration 1:  residual SS =  1605.374
Iteration 2:  residual SS =  2.977764
Iteration 3:  residual SS =  2.021748
Iteration 4:  residual SS =  1.972389
Iteration 5:  residual SS =  1.972328

      Source |       SS       df       MS            Number of obs =        32
-------------+------------------------------         F(  1,    30) =    238.20
       Model |  15.6603942     1  15.6603942         Prob > F      =    0.0000
    Residual |  1.97232825    30  .065744275         R-squared     =    0.8881
-------------+------------------------------         Adj R-squared =    0.8844
       Total |  17.6327224    31  .568797497         Root MSE      =  .2564065
                                                     Res. dev.     =  1.643387

------------------------------------------------------------------------------
      lnYtou |      Coef.   Std. Err.      t    P>|t|     [95% Conf. Interval]
-------------+----------------------------------------------------------------
          b1 |  -174.2193   .5644765  -308.64   0.000    -175.3721   -173.0664
          b2 |   1848.172   32.00621    57.74   0.000     1782.806    1913.537
------------------------------------------------------------------------------
* Parameter b1 taken as constant term in model & ANOVA table
 (SEs, P values, CIs, and correlations are asymptotic approximations)
