=============================================================================================================
Estimation for Trucks and LIB, specification 1
=============================================================================================================
   
US parameters:
-------------------------------------------------------------------
elascoef1 = 6.838224310560782
elascoef2 = 6.838224310560782
trend     = .0830416299572568
-------------------------------------------------------------------
   
Model specification estimated:
( lnYtou = lnY + {b1} + (1.3-1)*ln(t-{b2=1957})*6.838224310560782 - (1-.3)*lnYpercap*6.838224310560782 + .0830
> 416299572568*t  ) 
-------------------------------------------------------------------
(obs = 32)

Iteration 0:  residual SS =  975995.7
Iteration 1:  residual SS =  121.7786
Iteration 2:  residual SS =  62.06044
Iteration 3:  residual SS =  58.61021
Iteration 4:  residual SS =  57.12647
Iteration 5:  residual SS =  56.10141
Iteration 6:  residual SS =  55.74242
Iteration 7:  residual SS =  55.29098
Iteration 8:  residual SS =  55.09018
Iteration 9:  residual SS =  54.80749
Iteration 10:  residual SS =   54.5961
Iteration 11:  residual SS =  54.47504
Iteration 12:  residual SS =  54.47192
Iteration 13:  residual SS =  54.35009
Iteration 14:  residual SS =  54.25664
Iteration 15:  residual SS =  54.19725
Iteration 16:  residual SS =  54.17936
Iteration 17:  residual SS =  54.10631
Iteration 18:  residual SS =  54.04156
Iteration 19:  residual SS =  53.98619
Iteration 20:  residual SS =  53.94148
Iteration 21:  residual SS =  53.90899
Iteration 22:  residual SS =  53.89058
Iteration 23:  residual SS =  53.88855
Iteration 24:  residual SS =  53.85204
Iteration 25:  residual SS =  53.81844
Iteration 26:  residual SS =    53.788
Iteration 27:  residual SS =  53.76102
Iteration 28:  residual SS =  53.73786
Iteration 29:  residual SS =  53.71889
Iteration 30:  residual SS =  53.70457
Iteration 31:  residual SS =  53.69542
Iteration 32:  residual SS =  53.69202
Iteration 33:  residual SS =  53.67232
Iteration 34:  residual SS =  53.65354
Iteration 35:  residual SS =  53.63574
Iteration 36:  residual SS =  53.61898
Iteration 37:  residual SS =  53.60334
Iteration 38:  residual SS =  53.58889
Iteration 39:  residual SS =   53.5757
Iteration 40:  residual SS =  53.56387
Iteration 41:  residual SS =   53.5535
Iteration 42:  residual SS =  53.54469
Iteration 43:  residual SS =  53.53757
Iteration 44:  residual SS =  53.53226
Iteration 45:  residual SS =  53.52893
Iteration 46:  residual SS =  53.52772
Iteration 47:  residual SS =  53.51776
Iteration 48:  residual SS =  53.50811
Iteration 49:  residual SS =   53.4988

      Source |       SS       df       MS            Number of obs =        32
-------------+------------------------------         F(  1,    30) =    -25.32
       Model | -45.1518544     1 -45.1518544         Prob > F      =    1.0000
    Residual |  53.4898382    30  1.78299461         R-squared     =   -5.4152
-------------+------------------------------         Adj R-squared =   -5.6290
       Total |  8.33798381    31   .26896722         Root MSE      =  1.335288
                                                     Res. dev.     =  107.2523

------------------------------------------------------------------------------
      lnYtou |      Coef.   Std. Err.      t    P>|t|     [95% Conf. Interval]
-------------+----------------------------------------------------------------
          b1 |  -184.2559   15.87071   -11.61   0.000    -216.6682   -151.8435
          b2 |   597.3721   10512.12     0.06   0.955    -20871.24    22065.99
------------------------------------------------------------------------------
* Parameter b1 taken as constant term in model & ANOVA table
 (SEs, P values, CIs, and correlations are asymptotic approximations)
convergence not achieved
