=============================================================================================================
Estimation for Trucks and MAS, specification 1
=============================================================================================================
   
US parameters:
-------------------------------------------------------------------
elascoef1 = 6.838224310560782
elascoef2 = 6.838224310560782
trend     = .0830416299572568
-------------------------------------------------------------------
   
Model specification estimated:
( lnYtou = lnY + {b1} + (1.3-1)*ln(t-{b2=1945})*6.838224310560782 - (1-.3)*lnYpercap*6.838224310560782 + .0830
> 416299572568*t  ) 
-------------------------------------------------------------------
(obs = 44)

Iteration 0:  residual SS =   1269174
Iteration 1:  residual SS =  706023.2
Iteration 2:  residual SS =  25.77805
Iteration 3:  residual SS =  14.34695
Iteration 4:  residual SS =  12.18042
Iteration 5:  residual SS =  12.09852
Iteration 6:  residual SS =  12.09842

      Source |       SS       df       MS            Number of obs =        44
-------------+------------------------------         F(  1,    42) =     42.59
       Model |  12.2676173     1  12.2676173         Prob > F      =    0.0000
    Residual |  12.0984239    42  .288057712         R-squared     =    0.5035
-------------+------------------------------         Adj R-squared =    0.4916
       Total |  24.3660412    43  .566652122         Root MSE      =  .5367101
                                                     Res. dev.     =  68.05756

------------------------------------------------------------------------------
      lnYtou |      Coef.   Std. Err.      t    P>|t|     [95% Conf. Interval]
-------------+----------------------------------------------------------------
          b1 |  -171.0789    .260683  -656.27   0.000     -171.605   -170.5529
          b2 |   1927.822   4.794056   402.13   0.000     1918.147    1937.497
------------------------------------------------------------------------------
* Parameter b1 taken as constant term in model & ANOVA table
 (SEs, P values, CIs, and correlations are asymptotic approximations)
