=============================================================================================================
Estimation for Trucks and MLY, specification 1
=============================================================================================================
   
US parameters:
-------------------------------------------------------------------
elascoef1 = 6.838224310560782
elascoef2 = 6.838224310560782
trend     = .0830416299572568
-------------------------------------------------------------------
   
Model specification estimated:
( lnYtou = lnY + {b1} + (1.3-1)*ln(t-{b2=1919})*6.838224310560782 - (1-.3)*lnYpercap*6.838224310560782 + .0830
> 416299572568*t  ) 
-------------------------------------------------------------------
(obs = 57)

Iteration 0:  residual SS =   1702251
Iteration 1:  residual SS =  951987.1
Iteration 2:  residual SS =  173.4022
Iteration 3:  residual SS =   123.431
Iteration 4:  residual SS =  81.15824
Iteration 5:  residual SS =  63.55082
Iteration 6:  residual SS =  60.66387
Iteration 7:  residual SS =  60.58222
Iteration 8:  residual SS =  60.58221

      Source |       SS       df       MS            Number of obs =        57
-------------+------------------------------         F(  1,    55) =     78.10
       Model |  86.0217326     1  86.0217326         Prob > F      =    0.0000
    Residual |  60.5822147    55  1.10149481         R-squared     =    0.5868
-------------+------------------------------         Adj R-squared =    0.5792
       Total |  146.603947    56  2.61792763         Root MSE      =  1.049521
                                                     Res. dev.     =  165.2331

------------------------------------------------------------------------------
      lnYtou |      Coef.   Std. Err.      t    P>|t|     [95% Conf. Interval]
-------------+----------------------------------------------------------------
          b1 |  -173.8544   .3775527  -460.48   0.000     -174.611   -173.0978
          b2 |   1899.023   9.091336   208.88   0.000     1880.803    1917.242
------------------------------------------------------------------------------
* Parameter b1 taken as constant term in model & ANOVA table
 (SEs, P values, CIs, and correlations are asymptotic approximations)
