=============================================================================================================
Estimation for Trucks and MOR, specification 2
=============================================================================================================
   
US parameters:
-------------------------------------------------------------------
elascoef1 = 6.838224310560782
elascoef2 = 6.838224310560782
trend     = .0830416299572568
-------------------------------------------------------------------
   
Model specification estimated:
( lnYtou = lnY + {b1} + (1.3-1)*ln(t-{b2=1945})*{b3=6.838224310560782} - (1-.3)*lnYpercap*6.838224310560782 + 
> .0830416299572568*t  ) 
-------------------------------------------------------------------
(obs = 41)

Iteration 0:  residual SS =   1227941
Iteration 1:  residual SS =   1190491
Iteration 2:  residual SS =  16.56244
Iteration 3:  residual SS =  10.90389
Iteration 4:  residual SS =  10.43025
Iteration 5:  residual SS =  10.32501
Iteration 6:  residual SS =  10.28813
Iteration 7:  residual SS =  10.25416
Iteration 8:  residual SS =  10.23714
Iteration 9:  residual SS =  10.21601
Iteration 10:  residual SS =  10.19851
Iteration 11:  residual SS =  10.18526
Iteration 12:  residual SS =  10.17705
Iteration 13:  residual SS =  10.17487
Iteration 14:  residual SS =  10.16539
Iteration 15:  residual SS =  10.15697
Iteration 16:  residual SS =  10.14973
Iteration 17:  residual SS =  10.14377
Iteration 18:  residual SS =  10.13924
Iteration 19:  residual SS =   10.1363
Iteration 20:  residual SS =  10.13514
Iteration 21:  residual SS =  10.13015
Iteration 22:  residual SS =  10.12543
Iteration 23:  residual SS =  10.12101
Iteration 24:  residual SS =  10.11689
Iteration 25:  residual SS =  10.11311
Iteration 26:  residual SS =  10.10967
Iteration 27:  residual SS =   10.1066
Iteration 28:  residual SS =  10.10392
Iteration 29:  residual SS =  10.10166
Iteration 30:  residual SS =  10.09984
Iteration 31:  residual SS =   10.0985
Iteration 32:  residual SS =  10.09767
Iteration 33:  residual SS =  10.09739
Iteration 34:  residual SS =  10.09494
Iteration 35:  residual SS =  10.09258
Iteration 36:  residual SS =   10.0903
Iteration 37:  residual SS =   10.0881
Iteration 38:  residual SS =  10.08598
Iteration 39:  residual SS =  10.08396
Iteration 40:  residual SS =  10.08204
Iteration 41:  residual SS =   10.0802
Iteration 42:  residual SS =  10.07847
Iteration 43:  residual SS =  10.07685
Iteration 44:  residual SS =  10.07533
Iteration 45:  residual SS =  10.07393
Iteration 46:  residual SS =  10.07264
Iteration 47:  residual SS =  10.07147
Iteration 48:  residual SS =  10.07043
Iteration 49:  residual SS =  10.06952

      Source |       SS       df       MS            Number of obs =        41
-------------+------------------------------         F(  2,    38) =     22.91
       Model |  12.1396279     2  6.06981396         Prob > F      =    0.0000
    Residual |   10.068752    38  .264967158         R-squared     =    0.5466
-------------+------------------------------         Adj R-squared =    0.5228
       Total |  22.2083799    40  .555209499         Root MSE      =  .5147496
                                                     Res. dev.     =  58.78341

------------------------------------------------------------------------------
      lnYtou |      Coef.   Std. Err.      t    P>|t|     [95% Conf. Interval]
-------------+----------------------------------------------------------------
          b1 |  -199.8582   182.3285    -1.10   0.280    -568.9629    169.2464
          b2 |   1773.382   905.4482     1.96   0.058    -59.60215    3606.366
          b3 |   21.07193   96.86615     0.22   0.829    -175.0233    217.1672
------------------------------------------------------------------------------
* Parameter b1 taken as constant term in model & ANOVA table
 (SEs, P values, CIs, and correlations are asymptotic approximations)
convergence not achieved
