=============================================================================================================
Estimation for Trucks and MOZ, specification 2
=============================================================================================================
   
US parameters:
-------------------------------------------------------------------
elascoef1 = 6.838224310560782
elascoef2 = 6.838224310560782
trend     = .0830416299572568
-------------------------------------------------------------------
   
Model specification estimated:
( lnYtou = lnY + {b1} + (1.3-1)*ln(t-{b2=1945})*{b3=6.838224310560782} - (1-.3)*lnYpercap*6.838224310560782 + 
> .0830416299572568*t  ) 
-------------------------------------------------------------------
(obs = 36)

Iteration 0:  residual SS =   1106123
Iteration 1:  residual SS =   1072511
Iteration 2:  residual SS =  603816.2
Iteration 3:  residual SS =  462308.6
Iteration 4:  residual SS =  353953.9
Iteration 5:  residual SS =  270949.8
Iteration 6:  cannot calculate derivatives
equation/system not identified
