=============================================================================================================
Estimation for Trucks and NIC, specification 1
=============================================================================================================
   
US parameters:
-------------------------------------------------------------------
elascoef1 = 6.838224310560782
elascoef2 = 6.838224310560782
trend     = .0830416299572568
-------------------------------------------------------------------
   
Model specification estimated:
( lnYtou = lnY + {b1} + (1.3-1)*ln(t-{b2=1923})*6.838224310560782 - (1-.3)*lnYpercap*6.838224310560782 + .0830
> 416299572568*t  ) 
-------------------------------------------------------------------
(obs = 41)

Iteration 0:  residual SS =   1227704
Iteration 1:  residual SS =  940571.6
Iteration 2:  residual SS =  38.90876
Iteration 3:  residual SS =  33.70183
Iteration 4:  residual SS =  33.44122
Iteration 5:  residual SS =   33.4389
Iteration 6:  residual SS =  33.43868
Iteration 7:  residual SS =  33.43866

      Source |       SS       df       MS            Number of obs =        41
-------------+------------------------------         F(  1,    39) =     92.16
       Model |  79.0210428     1  79.0210428         Prob > F      =    0.0000
    Residual |  33.4386553    39  .857401418         R-squared     =    0.7027
-------------+------------------------------         Adj R-squared =    0.6950
       Total |  112.459698    40  2.81149245         Root MSE      =  .9259597
                                                     Res. dev.     =  107.9947

------------------------------------------------------------------------------
      lnYtou |      Coef.   Std. Err.      t    P>|t|     [95% Conf. Interval]
-------------+----------------------------------------------------------------
          b1 |  -173.7448    .350304  -495.98   0.000    -174.4533   -173.0362
          b2 |   1911.986   6.206182   308.08   0.000     1899.433    1924.539
------------------------------------------------------------------------------
* Parameter b1 taken as constant term in model & ANOVA table
 (SEs, P values, CIs, and correlations are asymptotic approximations)
