=============================================================================================================
Estimation for Trucks and PAN, specification 2
=============================================================================================================
   
US parameters:
-------------------------------------------------------------------
elascoef1 = 6.838224310560782
elascoef2 = 6.838224310560782
trend     = .0830416299572568
-------------------------------------------------------------------
   
Model specification estimated:
( lnYtou = lnY + {b1} + (1.3-1)*ln(t-{b2=1945})*{b3=6.838224310560782} - (1-.3)*lnYpercap*6.838224310560782 + 
> .0830416299572568*t  ) 
-------------------------------------------------------------------
(obs = 40)

Iteration 0:  residual SS =   1416646
Iteration 1:  residual SS =   1373275
Iteration 2:  residual SS =  11.94399
Iteration 3:  residual SS =  11.55082
Iteration 4:  residual SS =  11.54757
Iteration 5:  residual SS =  11.54195
Iteration 6:  residual SS =   11.5349
Iteration 7:  residual SS =  11.53474
Iteration 8:  residual SS =  11.53433
Iteration 9:  residual SS =  11.53433
Iteration 10:  residual SS =  11.53433
Iteration 11:  residual SS =  11.53433
Iteration 12:  residual SS =  11.53433

      Source |       SS       df       MS            Number of obs =        40
-------------+------------------------------         F(  2,    37) =     16.02
       Model |  9.98711005     2  4.99355502         Prob > F      =    0.0000
    Residual |  11.5343285    37  .311738608         R-squared     =    0.4641
-------------+------------------------------         Adj R-squared =    0.4351
       Total |  21.5214385    39  .551831757         Root MSE      =  .5583356
                                                     Res. dev.     =  63.77301

------------------------------------------------------------------------------
      lnYtou |      Coef.   Std. Err.      t    P>|t|     [95% Conf. Interval]
-------------+----------------------------------------------------------------
          b1 |  -184.5506   1.383488  -133.40   0.000    -187.3538   -181.7473
          b2 |   1946.448   4.905897   396.76   0.000     1936.508    1956.388
          b3 |    3.15837   1.223351     2.58   0.014     .6796253    5.637114
------------------------------------------------------------------------------
* Parameter b1 taken as constant term in model & ANOVA table
 (SEs, P values, CIs, and correlations are asymptotic approximations)
