=============================================================================================================
Estimation for Trucks and PHI, specification 1
=============================================================================================================
   
US parameters:
-------------------------------------------------------------------
elascoef1 = 6.838224310560782
elascoef2 = 6.838224310560782
trend     = .0830416299572568
-------------------------------------------------------------------
   
Model specification estimated:
( lnYtou = lnY + {b1} + (1.3-1)*ln(t-{b2=1908})*6.838224310560782 - (1-.3)*lnYpercap*6.838224310560782 + .0830
> 416299572568*t  ) 
-------------------------------------------------------------------
(obs = 67)

Iteration 0:  residual SS =   1928586
Iteration 1:  residual SS =  229.5424
Iteration 2:  residual SS =  21.62069
Iteration 3:  residual SS =  21.59422
Iteration 4:  residual SS =  21.59421

      Source |       SS       df       MS            Number of obs =        67
-------------+------------------------------         F(  1,    65) =    495.03
       Model |  164.457006     1  164.457006         Prob > F      =    0.0000
    Residual |  21.5942137    65  .332218672         R-squared     =    0.8839
-------------+------------------------------         Adj R-squared =    0.8821
       Total |   186.05122    66  2.81895788         Root MSE      =  .5763841
                                                     Res. dev.     =  114.2759

------------------------------------------------------------------------------
      lnYtou |      Coef.   Std. Err.      t    P>|t|     [95% Conf. Interval]
-------------+----------------------------------------------------------------
          b1 |  -171.7014   .3481852  -493.13   0.000    -172.3968    -171.006
          b2 |    1839.06   18.96954    96.95   0.000     1801.175    1876.945
------------------------------------------------------------------------------
* Parameter b1 taken as constant term in model & ANOVA table
 (SEs, P values, CIs, and correlations are asymptotic approximations)
