=============================================================================================================
Estimation for Trucks and PHI, specification 2
=============================================================================================================
   
US parameters:
-------------------------------------------------------------------
elascoef1 = 6.838224310560782
elascoef2 = 6.838224310560782
trend     = .0830416299572568
-------------------------------------------------------------------
   
Model specification estimated:
( lnYtou = lnY + {b1} + (1.3-1)*ln(t-{b2=1908})*{b3=6.838224310560782} - (1-.3)*lnYpercap*6.838224310560782 + 
> .0830416299572568*t  ) 
-------------------------------------------------------------------
(obs = 67)

Iteration 0:  residual SS =   1928586
Iteration 1:  residual SS =   1869564
Iteration 2:  residual SS =   24.3341
Iteration 3:  residual SS =  22.72083
Iteration 4:  residual SS =  22.38407
Iteration 5:  residual SS =  22.28288
Iteration 6:  residual SS =  22.23642
Iteration 7:  residual SS =  22.19577
Iteration 8:  residual SS =  22.17644
Iteration 9:  residual SS =  22.15147
Iteration 10:  residual SS =  22.13162
Iteration 11:  residual SS =  22.11794
Iteration 12:  residual SS =  22.11179
Iteration 13:  residual SS =  22.09879
Iteration 14:  residual SS =  22.08722
Iteration 15:  residual SS =  22.07721
Iteration 16:  residual SS =  22.06894
Iteration 17:  residual SS =   22.0626
Iteration 18:  residual SS =  22.05844
Iteration 19:  residual SS =  22.05673
Iteration 20:  residual SS =  22.05025
Iteration 21:  residual SS =  22.04417
Iteration 22:  residual SS =  22.03852
Iteration 23:  residual SS =  22.03332
Iteration 24:  residual SS =  22.02861
Iteration 25:  residual SS =   22.0244
Iteration 26:  residual SS =  22.02074
Iteration 27:  residual SS =  22.01767
Iteration 28:  residual SS =  22.01521
Iteration 29:  residual SS =  22.01343
Iteration 30:  residual SS =  22.01237
Iteration 31:  residual SS =  22.01208
Iteration 32:  residual SS =  22.00893
Iteration 33:  residual SS =   22.0059
Iteration 34:  residual SS =  22.00299
Iteration 35:  residual SS =  22.00021
Iteration 36:  residual SS =  21.99755
Iteration 37:  residual SS =  21.99504
Iteration 38:  residual SS =  21.99266
Iteration 39:  residual SS =  21.99043
Iteration 40:  residual SS =  21.98835
Iteration 41:  residual SS =  21.98643
Iteration 42:  residual SS =  21.98467
Iteration 43:  residual SS =  21.98308
Iteration 44:  residual SS =  21.98167
Iteration 45:  residual SS =  21.98045
Iteration 46:  residual SS =  21.97942
Iteration 47:  residual SS =  21.97859
Iteration 48:  residual SS =  21.97797
Iteration 49:  residual SS =  21.97758

      Source |       SS       df       MS            Number of obs =        67
-------------+------------------------------         F(  2,    64) =    238.90
       Model |  164.073802     2  82.0369008         Prob > F      =    0.0000
    Residual |  21.9774185    64  .343397164         R-squared     =    0.8819
-------------+------------------------------         Adj R-squared =    0.8782
       Total |   186.05122    66  2.81895788         Root MSE      =   .586001
                                                     Res. dev.     =  115.4544

------------------------------------------------------------------------------
      lnYtou |      Coef.   Std. Err.      t    P>|t|     [95% Conf. Interval]
-------------+----------------------------------------------------------------
          b1 |  -189.8741   133.1107    -1.43   0.159    -455.7933    76.04502
          b2 |   1692.796   1048.683     1.61   0.111    -402.1893    3787.782
          b3 |   16.76179    67.7569     0.25   0.805    -118.5982    152.1217
------------------------------------------------------------------------------
* Parameter b1 taken as constant term in model & ANOVA table
 (SEs, P values, CIs, and correlations are asymptotic approximations)
convergence not achieved
