=============================================================================================================
Estimation for Trucks and POL, specification 2
=============================================================================================================
   
US parameters:
-------------------------------------------------------------------
elascoef1 = 6.838224310560782
elascoef2 = 6.838224310560782
trend     = .0830416299572568
-------------------------------------------------------------------
   
Model specification estimated:
( lnYtou = lnY + {b1} + (1.3-1)*ln(t-{b2=1924})*{b3=6.838224310560782} - (1-.3)*lnYpercap*6.838224310560782 + 
> .0830416299572568*t  ) 
-------------------------------------------------------------------
(obs = 54)

Iteration 0:  residual SS =   1575961
Iteration 1:  residual SS =   1527642
Iteration 2:  residual SS =   22.2875
Iteration 3:  residual SS =  19.80261
Iteration 4:  residual SS =  18.32324
Iteration 5:  residual SS =  18.10917
Iteration 6:  residual SS =  18.10911
Iteration 7:  residual SS =  18.10911
Iteration 8:  residual SS =  18.10911

      Source |       SS       df       MS            Number of obs =        54
-------------+------------------------------         F(  2,    51) =    131.07
       Model |  93.0800859     2   46.540043         Prob > F      =    0.0000
    Residual |  18.1091066    51  .355080521         R-squared     =    0.8371
-------------+------------------------------         Adj R-squared =    0.8307
       Total |  111.189192    53  2.09790929         Root MSE      =  .5958863
                                                     Res. dev.     =  94.24663

------------------------------------------------------------------------------
      lnYtou |      Coef.   Std. Err.      t    P>|t|     [95% Conf. Interval]
-------------+----------------------------------------------------------------
          b1 |  -161.6447   .3818354  -423.34   0.000    -162.4113   -160.8781
          b2 |    1928.73   .3894896  4951.94   0.000     1927.948    1929.512
          b3 |  -2.002396   .3586353    -5.58   0.000    -2.722386   -1.282405
------------------------------------------------------------------------------
* Parameter b1 taken as constant term in model & ANOVA table
 (SEs, P values, CIs, and correlations are asymptotic approximations)
