=============================================================================================================
Estimation for Trucks and POR, specification 2
=============================================================================================================
   
US parameters:
-------------------------------------------------------------------
elascoef1 = 6.838224310560782
elascoef2 = 6.838224310560782
trend     = .0830416299572568
-------------------------------------------------------------------
   
Model specification estimated:
( lnYtou = lnY + {b1} + (1.3-1)*ln(t-{b2=1926})*{b3=6.838224310560782} - (1-.3)*lnYpercap*6.838224310560782 + 
> .0830416299572568*t  ) 
-------------------------------------------------------------------
(obs = 58)

Iteration 0:  residual SS =   1787868
Iteration 1:  residual SS =   1732999
Iteration 2:  residual SS =  53.43703
Iteration 3:  residual SS =  43.70726
Iteration 4:  residual SS =  42.69738
Iteration 5:  residual SS =   41.0481
Iteration 6:  residual SS =  39.27025
Iteration 7:  residual SS =  37.94279
Iteration 8:  residual SS =   37.0604
Iteration 9:  residual SS =  36.63294
Iteration 10:  residual SS =  35.82841
Iteration 11:  residual SS =  35.12358
Iteration 12:  residual SS =  34.51751
Iteration 13:  residual SS =  34.01012
Iteration 14:  residual SS =  33.60228
Iteration 15:  residual SS =  33.29596
Iteration 16:  residual SS =  33.09439
Iteration 17:  residual SS =  33.00221
Iteration 18:  residual SS =  32.65647
Iteration 19:  residual SS =  32.33377
Iteration 20:  residual SS =  32.03412
Iteration 21:  residual SS =  31.75759
Iteration 22:  residual SS =  31.50431
Iteration 23:  residual SS =  31.27451
Iteration 24:  residual SS =  31.06845
Iteration 25:  residual SS =  30.88652
Iteration 26:  residual SS =  30.72918
Iteration 27:  residual SS =    30.597
Iteration 28:  residual SS =  30.49065
Iteration 29:  residual SS =  30.41094
Iteration 30:  residual SS =   30.3588
Iteration 31:  residual SS =  30.33533
Iteration 32:  residual SS =  30.18237
Iteration 33:  residual SS =  30.03505
Iteration 34:  residual SS =   29.8934
Iteration 35:  residual SS =  29.75744
Iteration 36:  residual SS =  29.62722
Iteration 37:  residual SS =  29.50278
Iteration 38:  residual SS =  29.38417
Iteration 39:  residual SS =  29.27145
Iteration 40:  residual SS =  29.16467
Iteration 41:  residual SS =  29.06391
Iteration 42:  residual SS =  28.96925
Iteration 43:  residual SS =  28.88076
Iteration 44:  residual SS =  28.79855
Iteration 45:  residual SS =  28.72272
Iteration 46:  residual SS =  28.65338
Iteration 47:  residual SS =  28.59066
Iteration 48:  residual SS =  28.53468
Iteration 49:  residual SS =   28.4856

      Source |       SS       df       MS            Number of obs =        58
-------------+------------------------------         F(  2,    55) =    103.98
       Model |  107.552089     2  53.7760447         Prob > F      =    0.0000
    Residual |  28.4435744    55  .517155898         R-squared     =    0.7908
-------------+------------------------------         Adj R-squared =    0.7832
       Total |  135.995664    57  2.38588884         Root MSE      =  .7191355
                                                     Res. dev.     =  123.2707

------------------------------------------------------------------------------
      lnYtou |      Coef.   Std. Err.      t    P>|t|     [95% Conf. Interval]
-------------+----------------------------------------------------------------
          b1 |  -346.8807   152.0798    -2.28   0.026    -651.6554   -42.10597
          b2 |   1706.964   182.9364     9.33   0.000     1340.351    2073.577
          b3 |   107.5589    77.7464     1.38   0.172    -48.24837    263.3662
------------------------------------------------------------------------------
* Parameter b1 taken as constant term in model & ANOVA table
 (SEs, P values, CIs, and correlations are asymptotic approximations)
convergence not achieved
