=============================================================================================================
Estimation for Trucks and PRG, specification 1
=============================================================================================================
   
US parameters:
-------------------------------------------------------------------
elascoef1 = 6.838224310560782
elascoef2 = 6.838224310560782
trend     = .0830416299572568
-------------------------------------------------------------------
   
Model specification estimated:
( lnYtou = lnY + {b1} + (1.3-1)*ln(t-{b2=1945})*6.838224310560782 - (1-.3)*lnYpercap*6.838224310560782 + .0830
> 416299572568*t  ) 
-------------------------------------------------------------------
(obs = 40)

Iteration 0:  residual SS =   1188651
Iteration 1:  residual SS =  14.35229
Iteration 2:  residual SS =  9.199316
Iteration 3:  residual SS =  9.069054
Iteration 4:  residual SS =  9.060865
Iteration 5:  residual SS =  9.060826

      Source |       SS       df       MS            Number of obs =        40
-------------+------------------------------         F(  1,    38) =    124.24
       Model |  29.6248886     1  29.6248886         Prob > F      =    0.0000
    Residual |  9.06082521    38  .238442769         R-squared     =    0.7658
-------------+------------------------------         Adj R-squared =    0.7596
       Total |  38.6857139    39  .991941381         Root MSE      =   .488306
                                                     Res. dev.     =  54.11831

------------------------------------------------------------------------------
      lnYtou |      Coef.   Std. Err.      t    P>|t|     [95% Conf. Interval]
-------------+----------------------------------------------------------------
          b1 |   -173.681   .2486599  -698.47   0.000    -174.1843   -173.1776
          b2 |    1926.83   4.699591   410.00   0.000     1917.316    1936.344
------------------------------------------------------------------------------
* Parameter b1 taken as constant term in model & ANOVA table
 (SEs, P values, CIs, and correlations are asymptotic approximations)
