=============================================================================================================
Estimation for Trucks and SAF, specification 2
=============================================================================================================
   
US parameters:
-------------------------------------------------------------------
elascoef1 = 6.838224310560782
elascoef2 = 6.838224310560782
trend     = .0830416299572568
-------------------------------------------------------------------
   
Model specification estimated:
( lnYtou = lnY + {b1} + (1.3-1)*ln(t-{b2=1945})*{b3=6.838224310560782} - (1-.3)*lnYpercap*6.838224310560782 + 
> .0830416299572568*t  ) 
-------------------------------------------------------------------
(obs = 39)

Iteration 0:  residual SS =   1115149
Iteration 1:  residual SS =   1081100
Iteration 2:  residual SS =  18.39873
Iteration 3:  residual SS =  9.468838
Iteration 4:  residual SS =  9.447283
Iteration 5:  residual SS =  9.439869
Iteration 6:  residual SS =  9.439869
Iteration 7:  residual SS =  9.439869

      Source |       SS       df       MS            Number of obs =        39
-------------+------------------------------         F(  2,    36) =     31.98
       Model |  16.7715419     2  8.38577097         Prob > F      =    0.0000
    Residual |  9.43986877    36  .262218577         R-squared     =    0.6399
-------------+------------------------------         Adj R-squared =    0.6198
       Total |  26.2114107    38  .689773966         Root MSE      =  .5120728
                                                     Res. dev.     =  55.35104

------------------------------------------------------------------------------
      lnYtou |      Coef.   Std. Err.      t    P>|t|     [95% Conf. Interval]
-------------+----------------------------------------------------------------
          b1 |  -162.8222   .2720055  -598.60   0.000    -163.3739   -162.2706
          b2 |   1949.992   .1781238        .   0.000      1949.63    1950.353
          b3 |   .1300008   .3078455     0.42   0.675    -.4943387    .7543404
------------------------------------------------------------------------------
* Parameter b1 taken as constant term in model & ANOVA table
 (SEs, P values, CIs, and correlations are asymptotic approximations)
