=============================================================================================================
Estimation for Trucks and SAU, specification 1
=============================================================================================================
   
US parameters:
-------------------------------------------------------------------
elascoef1 = 6.838224310560782
elascoef2 = 6.838224310560782
trend     = .0830416299572568
-------------------------------------------------------------------
   
Model specification estimated:
( lnYtou = lnY + {b1} + (1.3-1)*ln(t-{b2=1955})*6.838224310560782 - (1-.3)*lnYpercap*6.838224310560782 + .0830
> 416299572568*t  ) 
-------------------------------------------------------------------
(obs = 16)

Iteration 0:  residual SS =    428421
Iteration 1:  residual SS =  22.26336
Iteration 2:  residual SS =  5.127666
Iteration 3:  residual SS =  5.057384
Iteration 4:  residual SS =  5.054784
Iteration 5:  residual SS =  5.054567

      Source |       SS       df       MS            Number of obs =        16
-------------+------------------------------         F(  1,    14) =    124.63
       Model |  44.9962723     1  44.9962723         Prob > F      =    0.0000
    Residual |  5.05454909    14  .361039221         R-squared     =    0.8990
-------------+------------------------------         Adj R-squared =    0.8918
       Total |  50.0508214    15  3.33672143         Root MSE      =  .6008654
                                                     Res. dev.     =  26.96923

------------------------------------------------------------------------------
      lnYtou |      Coef.   Std. Err.      t    P>|t|     [95% Conf. Interval]
-------------+----------------------------------------------------------------
          b1 |  -163.0896    .238355  -684.23   0.000    -163.6008   -162.5784
          b2 |    1957.56   .7076585  2766.25   0.000     1956.043    1959.078
------------------------------------------------------------------------------
* Parameter b1 taken as constant term in model & ANOVA table
 (SEs, P values, CIs, and correlations are asymptotic approximations)
