=============================================================================================================
Estimation for Trucks and SNG, specification 1
=============================================================================================================
   
US parameters:
-------------------------------------------------------------------
elascoef1 = 6.838224310560782
elascoef2 = 6.838224310560782
trend     = .0830416299572568
-------------------------------------------------------------------
   
Model specification estimated:
( lnYtou = lnY + {b1} + (1.3-1)*ln(t-{b2=1945})*6.838224310560782 - (1-.3)*lnYpercap*6.838224310560782 + .0830
> 416299572568*t  ) 
-------------------------------------------------------------------
(obs = 44)

Iteration 0:  residual SS =   1241017
Iteration 1:  residual SS =   1087589
Iteration 2:  residual SS =  73.50424
Iteration 3:  residual SS =  73.44025
Iteration 4:  residual SS =  73.41199
Iteration 5:  residual SS =  73.40578
Iteration 6:  residual SS =  73.40336
Iteration 7:  residual SS =  73.40264
Iteration 8:  residual SS =  73.40241
Iteration 9:  residual SS =  73.40233

      Source |       SS       df       MS            Number of obs =        44
-------------+------------------------------         F(  1,    42) =    -19.97
       Model | -34.8975914     1 -34.8975914         Prob > F      =    1.0000
    Residual |  73.4023045    42  1.74767392         R-squared     =   -0.9063
-------------+------------------------------         Adj R-squared =   -0.9517
       Total |  38.5047131    43  .895458444         Root MSE      =  1.321996
                                                     Res. dev.     =  147.3843

------------------------------------------------------------------------------
      lnYtou |      Coef.   Std. Err.      t    P>|t|     [95% Conf. Interval]
-------------+----------------------------------------------------------------
          b1 |   -167.662   .2811989  -596.24   0.000    -168.2295   -167.0945
          b2 |   1947.231   1.413198  1377.89   0.000     1944.379    1950.083
------------------------------------------------------------------------------
* Parameter b1 taken as constant term in model & ANOVA table
 (SEs, P values, CIs, and correlations are asymptotic approximations)
