=============================================================================================================
Estimation for Trucks and SOM, specification 1
=============================================================================================================
   
US parameters:
-------------------------------------------------------------------
elascoef1 = 6.838224310560782
elascoef2 = 6.838224310560782
trend     = .0830416299572568
-------------------------------------------------------------------
   
Model specification estimated:
( lnYtou = lnY + {b1} + (1.3-1)*ln(t-{b2=1945})*6.838224310560782 - (1-.3)*lnYpercap*6.838224310560782 + .0830
> 416299572568*t  ) 
-------------------------------------------------------------------
(obs = 37)

Iteration 0:  residual SS =   1147246
Iteration 1:  residual SS =  882073.8
Iteration 2:  residual SS =  210.4353
Iteration 3:  residual SS =  163.9636
Iteration 4:  residual SS =   156.563
Iteration 5:  residual SS =  150.9939
Iteration 6:  residual SS =  147.5062
Iteration 7:  residual SS =  146.1107
Iteration 8:  residual SS =  144.7198
Iteration 9:  residual SS =  144.2307
Iteration 10:  residual SS =  143.4653
Iteration 11:  residual SS =  142.9984
Iteration 12:  residual SS =  142.9332
Iteration 13:  residual SS =   142.557
Iteration 14:  residual SS =  142.2884
Iteration 15:  residual SS =  142.1536
Iteration 16:  residual SS =   141.906
Iteration 17:  residual SS =  141.6871
Iteration 18:  residual SS =  141.5011
Iteration 19:  residual SS =  141.3534
Iteration 20:  residual SS =  141.2505
Iteration 21:  residual SS =  141.2006
Iteration 22:  residual SS =  141.0753
Iteration 23:  residual SS =  140.9599
Iteration 24:  residual SS =  140.8554
Iteration 25:  residual SS =  140.7631
Iteration 26:  residual SS =  140.6843
Iteration 27:  residual SS =  140.6208
Iteration 28:  residual SS =  140.5744
Iteration 29:  residual SS =  140.5474
Iteration 30:  residual SS =  140.5426
Iteration 31:  residual SS =  140.4832
Iteration 32:  residual SS =  140.4276
Iteration 33:  residual SS =   140.376
Iteration 34:  residual SS =  140.3287
Iteration 35:  residual SS =  140.2862
Iteration 36:  residual SS =  140.2487
Iteration 37:  residual SS =  140.2168
Iteration 38:  residual SS =  140.1909
Iteration 39:  residual SS =  140.1717
Iteration 40:  residual SS =  140.1597
Iteration 41:  residual SS =  140.1556
Iteration 42:  residual SS =  140.1245
Iteration 43:  residual SS =  140.0945
Iteration 44:  residual SS =  140.0659
Iteration 45:  residual SS =  140.0386
Iteration 46:  residual SS =  140.0128
Iteration 47:  residual SS =  139.9885
Iteration 48:  residual SS =  139.9658
Iteration 49:  residual SS =  139.9449

      Source |       SS       df       MS            Number of obs =        37
-------------+------------------------------         F(  1,    35) =    -32.94
       Model | -131.677708     1 -131.677708         Prob > F      =    1.0000
    Residual |  139.925737    35  3.99787819         R-squared     =  -15.9647
-------------+------------------------------         Adj R-squared =  -16.4495
       Total |  8.24802848    36  .229111902         Root MSE      =  1.999469
                                                     Res. dev.     =  154.2186

------------------------------------------------------------------------------
      lnYtou |      Coef.   Std. Err.      t    P>|t|     [95% Conf. Interval]
-------------+----------------------------------------------------------------
          b1 |  -186.6059   9.079165   -20.55   0.000    -205.0376   -168.1742
          b2 |   99.64598   8108.889     0.01   0.990    -16362.27    16561.57
------------------------------------------------------------------------------
* Parameter b1 taken as constant term in model & ANOVA table
 (SEs, P values, CIs, and correlations are asymptotic approximations)
convergence not achieved
