=============================================================================================================
Estimation for Trucks and SPA, specification 1
=============================================================================================================
   
US parameters:
-------------------------------------------------------------------
elascoef1 = 6.838224310560782
elascoef2 = 6.838224310560782
trend     = .0830416299572568
-------------------------------------------------------------------
   
Model specification estimated:
( lnYtou = lnY + {b1} + (1.3-1)*ln(t-{b2=1943})*6.838224310560782 - (1-.3)*lnYpercap*6.838224310560782 + .0830
> 416299572568*t  ) 
-------------------------------------------------------------------
(obs = 45)

Iteration 0:  residual SS =   1265562
Iteration 1:  residual SS =  77.03707
Iteration 2:  residual SS =  35.89656
Iteration 3:  residual SS =   35.7198
Iteration 4:  residual SS =  35.70227
Iteration 5:  residual SS =  35.69681
Iteration 6:  residual SS =   35.6957
Iteration 7:  residual SS =  35.69543

      Source |       SS       df       MS            Number of obs =        45
-------------+------------------------------         F(  1,    43) =     33.27
       Model |  27.6184083     1  27.6184083         Prob > F      =    0.0000
    Residual |  35.6953669    43  .830124812         R-squared     =    0.4362
-------------+------------------------------         Adj R-squared =    0.4231
       Total |  63.3137752    44  1.43894944         Root MSE      =  .9111119
                                                     Res. dev.     =  117.2806

------------------------------------------------------------------------------
      lnYtou |      Coef.   Std. Err.      t    P>|t|     [95% Conf. Interval]
-------------+----------------------------------------------------------------
          b1 |  -167.2452   .1701141  -983.14   0.000    -167.5882   -166.9021
          b2 |    1946.42   .6048744  3217.89   0.000       1945.2    1947.639
------------------------------------------------------------------------------
* Parameter b1 taken as constant term in model & ANOVA table
 (SEs, P values, CIs, and correlations are asymptotic approximations)
