=============================================================================================================
Estimation for Trucks and SRI, specification 2
=============================================================================================================
   
US parameters:
-------------------------------------------------------------------
elascoef1 = 6.838224310560782
elascoef2 = 6.838224310560782
trend     = .0830416299572568
-------------------------------------------------------------------
   
Model specification estimated:
( lnYtou = lnY + {b1} + (1.3-1)*ln(t-{b2=1940})*{b3=6.838224310560782} - (1-.3)*lnYpercap*6.838224310560782 + 
> .0830416299572568*t  ) 
-------------------------------------------------------------------
(obs = 49)

Iteration 0:  residual SS =   1483070
Iteration 1:  residual SS =   1437699
Iteration 2:  residual SS =  9.690509
Iteration 3:  residual SS =  8.797741
Iteration 4:  residual SS =   8.48169
Iteration 5:  residual SS =  8.476019
Iteration 6:  residual SS =  8.444194
Iteration 7:  residual SS =  8.433289
Iteration 8:  residual SS =  8.417544
Iteration 9:  residual SS =  8.409523
Iteration 10:  residual SS =  8.398214
Iteration 11:  residual SS =   8.38868
Iteration 12:  residual SS =  8.381383
Iteration 13:  residual SS =  8.376925
Iteration 14:  residual SS =  8.376104
Iteration 15:  residual SS =  8.370543
Iteration 16:  residual SS =  8.365641
Iteration 17:  residual SS =  8.361495
Iteration 18:  residual SS =  8.358224
Iteration 19:  residual SS =  8.355963
Iteration 20:  residual SS =  8.354878
Iteration 21:  residual SS =  8.351555
Iteration 22:  residual SS =  8.348412
Iteration 23:  residual SS =  8.345464
Iteration 24:  residual SS =  8.342729
Iteration 25:  residual SS =  8.340224
Iteration 26:  residual SS =   8.33797
Iteration 27:  residual SS =  8.335991
Iteration 28:  residual SS =  8.334311
Iteration 29:  residual SS =  8.332958
Iteration 30:  residual SS =  8.331964
Iteration 31:  residual SS =  8.331363
Iteration 32:  residual SS =  8.331195
Iteration 33:  residual SS =   8.32951
Iteration 34:  residual SS =  8.327886
Iteration 35:  residual SS =  8.326326
Iteration 36:  residual SS =  8.324834
Iteration 37:  residual SS =  8.323412
Iteration 38:  residual SS =  8.322064
Iteration 39:  residual SS =  8.320795
Iteration 40:  residual SS =  8.319608
Iteration 41:  residual SS =  8.318508
Iteration 42:  residual SS =    8.3175
Iteration 43:  residual SS =  8.316589
Iteration 44:  residual SS =   8.31578
Iteration 45:  residual SS =  8.315079
Iteration 46:  residual SS =  8.314493
Iteration 47:  residual SS =  8.314028
Iteration 48:  residual SS =  8.313691
Iteration 49:  residual SS =   8.31349

      Source |       SS       df       MS            Number of obs =        49
-------------+------------------------------         F(  2,    46) =     71.03
       Model |  25.6751898     2  12.8375949         Prob > F      =    0.0000
    Residual |  8.31343282    46    .1807268         R-squared     =    0.7554
-------------+------------------------------         Adj R-squared =    0.7448
       Total |  33.9886226    48  .708096304         Root MSE      =  .4251197
                                                     Res. dev.     =  52.13254

------------------------------------------------------------------------------
      lnYtou |      Coef.   Std. Err.      t    P>|t|     [95% Conf. Interval]
-------------+----------------------------------------------------------------
          b1 |  -185.5565   107.7907    -1.72   0.092    -402.5279    31.41484
          b2 |   1780.477    927.863     1.92   0.061    -87.21479    3648.168
          b3 |   11.63692   57.76992     0.20   0.841    -104.6479    127.9217
------------------------------------------------------------------------------
* Parameter b1 taken as constant term in model & ANOVA table
 (SEs, P values, CIs, and correlations are asymptotic approximations)
convergence not achieved
