=============================================================================================================
Estimation for Trucks and SRL, specification 2
=============================================================================================================
   
US parameters:
-------------------------------------------------------------------
elascoef1 = 6.838224310560782
elascoef2 = 6.838224310560782
trend     = .0830416299572568
-------------------------------------------------------------------
   
Model specification estimated:
( lnYtou = lnY + {b1} + (1.3-1)*ln(t-{b2=1945})*{b3=6.838224310560782} - (1-.3)*lnYpercap*6.838224310560782 + 
> .0830416299572568*t  ) 
-------------------------------------------------------------------
(obs = 40)

Iteration 0:  residual SS =   1249175
Iteration 1:  residual SS =   1210831
Iteration 2:  residual SS =  681203.9
Iteration 3:  residual SS =  170304.2
Iteration 4:  residual SS =  19.72061
Iteration 5:  residual SS =  19.71654
Iteration 6:  residual SS =   19.7162
Iteration 7:  residual SS =   19.7162

      Source |       SS       df       MS            Number of obs =        40
-------------+------------------------------         F(  2,    37) =     30.54
       Model |  32.5468143     2  16.2734071         Prob > F      =    0.0000
    Residual |  19.7161952    37  .532870139         R-squared     =    0.6228
-------------+------------------------------         Adj R-squared =    0.6024
       Total |  52.2630094    39  1.34007716         Root MSE      =  .7299795
                                                     Res. dev.     =  85.21752

------------------------------------------------------------------------------
      lnYtou |      Coef.   Std. Err.      t    P>|t|     [95% Conf. Interval]
-------------+----------------------------------------------------------------
          b1 |  -171.1765   .3865168  -442.87   0.000    -171.9597   -170.3934
          b2 |   1949.992   .0286693        .   0.000     1949.934     1950.05
          b3 |   1.119149   .4326699     2.59   0.014     .2424761    1.995821
------------------------------------------------------------------------------
* Parameter b1 taken as constant term in model & ANOVA table
 (SEs, P values, CIs, and correlations are asymptotic approximations)
