=============================================================================================================
Estimation for Trucks and SUD, specification 2
=============================================================================================================
   
US parameters:
-------------------------------------------------------------------
elascoef1 = 6.838224310560782
elascoef2 = 6.838224310560782
trend     = .0830416299572568
-------------------------------------------------------------------
   
Model specification estimated:
( lnYtou = lnY + {b1} + (1.3-1)*ln(t-{b2=1945})*{b3=6.838224310560782} - (1-.3)*lnYpercap*6.838224310560782 + 
> .0830416299572568*t  ) 
-------------------------------------------------------------------
(obs = 43)

Iteration 0:  residual SS =   1351377
Iteration 1:  residual SS =   1310192
Iteration 2:  residual SS =   1003531
Iteration 3:  residual SS =  768372.2
Iteration 4:  residual SS =  675313.7
Iteration 5:  residual SS =  593482.6
Iteration 6:  residual SS =  556957.4
Iteration 7:  cannot calculate derivatives
equation/system not identified
