=============================================================================================================
Estimation for Trucks and SWA, specification 1
=============================================================================================================
   
US parameters:
-------------------------------------------------------------------
elascoef1 = 6.838224310560782
elascoef2 = 6.838224310560782
trend     = .0830416299572568
-------------------------------------------------------------------
   
Model specification estimated:
( lnYtou = lnY + {b1} + (1.3-1)*ln(t-{b2=1960})*6.838224310560782 - (1-.3)*lnYpercap*6.838224310560782 + .0830
> 416299572568*t  ) 
-------------------------------------------------------------------
(obs = 29)

Iteration 0:  residual SS =  851209.9
Iteration 1:  residual SS =  747392.3
Iteration 2:  residual SS =  27.22558
Iteration 3:  residual SS =  15.83097
Iteration 4:  residual SS =  11.56985
Iteration 5:  residual SS =  9.956791
Iteration 6:  residual SS =  9.499458
Iteration 7:  residual SS =  9.439209
Iteration 8:  residual SS =  9.436394
Iteration 9:  residual SS =  9.436311
Iteration 10:  residual SS =  9.436308

      Source |       SS       df       MS            Number of obs =        29
-------------+------------------------------         F(  1,    27) =     22.14
       Model |  7.73675742     1  7.73675742         Prob > F      =    0.0001
    Residual |  9.43630737    27  .349492866         R-squared     =    0.4505
-------------+------------------------------         Adj R-squared =    0.4302
       Total |  17.1730648    28  .613323743         Root MSE      =  .5911792
                                                     Res. dev.     =  49.73923

------------------------------------------------------------------------------
      lnYtou |      Coef.   Std. Err.      t    P>|t|     [95% Conf. Interval]
-------------+----------------------------------------------------------------
          b1 |    -174.24   .9131684  -190.81   0.000    -176.1136   -172.3663
          b2 |   1908.687   30.61839    62.34   0.000     1845.863     1971.51
------------------------------------------------------------------------------
* Parameter b1 taken as constant term in model & ANOVA table
 (SEs, P values, CIs, and correlations are asymptotic approximations)
