=============================================================================================================
Estimation for Trucks and SYR, specification 1
=============================================================================================================
   
US parameters:
-------------------------------------------------------------------
elascoef1 = 6.838224310560782
elascoef2 = 6.838224310560782
trend     = .0830416299572568
-------------------------------------------------------------------
   
Model specification estimated:
( lnYtou = lnY + {b1} + (1.3-1)*ln(t-{b2=1945})*6.838224310560782 - (1-.3)*lnYpercap*6.838224310560782 + .0830
> 416299572568*t  ) 
-------------------------------------------------------------------
(obs = 44)

Iteration 0:  residual SS =   1271505
Iteration 1:  residual SS =  327.2638
Iteration 2:  residual SS =  24.51587
Iteration 3:  residual SS =  21.97992
Iteration 4:  residual SS =   21.8491
Iteration 5:  residual SS =  21.84893

      Source |       SS       df       MS            Number of obs =        44
-------------+------------------------------         F(  1,    42) =     64.78
       Model |  33.6994921     1  33.6994921         Prob > F      =    0.0000
    Residual |   21.848926    42  .520212525         R-squared     =    0.6067
-------------+------------------------------         Adj R-squared =    0.5973
       Total |  55.5484182    43  1.29182368         Root MSE      =  .7212576
                                                     Res. dev.     =  94.06492

------------------------------------------------------------------------------
      lnYtou |      Coef.   Std. Err.      t    P>|t|     [95% Conf. Interval]
-------------+----------------------------------------------------------------
          b1 |  -171.0124   .3128864  -546.56   0.000    -171.6439    -170.381
          b2 |    1931.87   5.028127   384.21   0.000     1921.723    1942.017
------------------------------------------------------------------------------
* Parameter b1 taken as constant term in model & ANOVA table
 (SEs, P values, CIs, and correlations are asymptotic approximations)
