=============================================================================================================
Estimation for Trucks and THA, specification 1
=============================================================================================================
   
US parameters:
-------------------------------------------------------------------
elascoef1 = 6.838224310560782
elascoef2 = 6.838224310560782
trend     = .0830416299572568
-------------------------------------------------------------------
   
Model specification estimated:
( lnYtou = lnY + {b1} + (1.3-1)*ln(t-{b2=1933})*6.838224310560782 - (1-.3)*lnYpercap*6.838224310560782 + .0830
> 416299572568*t  ) 
-------------------------------------------------------------------
(obs = 44)

Iteration 0:  residual SS =   1336077
Iteration 1:  residual SS =  262.5147
Iteration 2:  residual SS =  203.3183
Iteration 3:  residual SS =  108.0942
Iteration 4:  residual SS =  84.30808
Iteration 5:  residual SS =  80.61812
Iteration 6:  residual SS =  80.60366
Iteration 7:  residual SS =  80.57977
Iteration 8:  residual SS =  80.54543

      Source |       SS       df       MS            Number of obs =        44
-------------+------------------------------         F(  1,    42) =      2.07
       Model |  3.96805605     1  3.96805605         Prob > F      =    0.1577
    Residual |  80.5454104    42  1.91774787         R-squared     =    0.0470
-------------+------------------------------         Adj R-squared =    0.0243
       Total |  84.5134665    43  1.96542945         Root MSE      =  1.384828
                                                     Res. dev.     =  151.4704

------------------------------------------------------------------------------
      lnYtou |      Coef.   Std. Err.      t    P>|t|     [95% Conf. Interval]
-------------+----------------------------------------------------------------
          b1 |  -174.1185   .2763083  -630.16   0.000    -174.6762   -173.5609
          b2 |   1934.813   2.309558   837.74   0.000     1930.152    1939.474
------------------------------------------------------------------------------
* Parameter b1 taken as constant term in model & ANOVA table
 (SEs, P values, CIs, and correlations are asymptotic approximations)
