=============================================================================================================
Estimation for Trucks and USA, specification 1
=============================================================================================================
   
US parameters:
-------------------------------------------------------------------
elascoef1 = 6.838224310560782
elascoef2 = 6.838224310560782
trend     = .0830416299572568
-------------------------------------------------------------------
   
Model specification estimated:
( lnYtou = lnY + {b1} + (1.3-1)*ln(t-{b2=1899})*6.838224310560782 - (1-.3)*lnYpercap*6.838224310560782 + .0830
> 416299572568*t  ) 
-------------------------------------------------------------------
(obs = 90)

Iteration 0:  residual SS =   2436303
Iteration 1:  residual SS =   1863301
Iteration 2:  residual SS =  44.41553
Iteration 3:  residual SS =  34.35692
Iteration 4:  residual SS =   33.2832
Iteration 5:  residual SS =  33.28181

      Source |       SS       df       MS            Number of obs =        90
-------------+------------------------------         F(  1,    88) =   1581.64
       Model |  598.179143     1  598.179143         Prob > F      =    0.0000
    Residual |  33.2817686    88  .378201916         R-squared     =    0.9473
-------------+------------------------------         Adj R-squared =    0.9467
       Total |  631.460912    89  7.09506642         Root MSE      =  .6149812
                                                     Res. dev.     =  165.8769

------------------------------------------------------------------------------
      lnYtou |      Coef.   Std. Err.      t    P>|t|     [95% Conf. Interval]
-------------+----------------------------------------------------------------
          b1 |  -164.1446   .0691489 -2373.79   0.000     -164.282   -164.0072
          b2 |   1903.343   .1802321        .   0.000     1902.985    1903.701
------------------------------------------------------------------------------
* Parameter b1 taken as constant term in model & ANOVA table
 (SEs, P values, CIs, and correlations are asymptotic approximations)
