=============================================================================================================
Estimation for Trucks and USA, specification 2
=============================================================================================================
   
US parameters:
-------------------------------------------------------------------
elascoef1 = 6.838224310560782
elascoef2 = 6.838224310560782
trend     = .0830416299572568
-------------------------------------------------------------------
   
Model specification estimated:
( lnYtou = lnY + {b1} + (1.3-1)*ln(t-{b2=1899})*{b3=6.838224310560782} - (1-.3)*lnYpercap*6.838224310560782 + 
> .0830416299572568*t  ) 
-------------------------------------------------------------------
(obs = 90)

Iteration 0:  residual SS =   2436303
Iteration 1:  residual SS =   2360843
Iteration 2:  residual SS =  38.10364
Iteration 3:  residual SS =  32.96887
Iteration 4:  residual SS =  32.59149
Iteration 5:  residual SS =  32.58326
Iteration 6:  residual SS =  32.58165
Iteration 7:  residual SS =  32.58135
Iteration 8:  residual SS =   32.5813
Iteration 9:  residual SS =  32.58129
Iteration 10:  residual SS =  32.58129
Iteration 11:  residual SS =  32.58128

      Source |       SS       df       MS            Number of obs =        90
-------------+------------------------------         F(  2,    87) =    799.58
       Model |  598.879627     2  299.439813         Prob > F      =    0.0000
    Residual |  32.5812849    87  .374497528         R-squared     =    0.9484
-------------+------------------------------         Adj R-squared =    0.9472
       Total |  631.460912    89  7.09506642         Root MSE      =   .611962
                                                     Res. dev.     =  163.9625

------------------------------------------------------------------------------
      lnYtou |      Coef.   Std. Err.      t    P>|t|     [95% Conf. Interval]
-------------+----------------------------------------------------------------
          b1 |  -164.6309   .4219841  -390.14   0.000    -165.4696   -163.7921
          b2 |   1903.113   .3416788  5569.89   0.000     1902.433    1903.792
          b3 |   7.270075   .3613202    20.12   0.000     6.551912    7.988238
------------------------------------------------------------------------------
* Parameter b1 taken as constant term in model & ANOVA table
 (SEs, P values, CIs, and correlations are asymptotic approximations)
