=============================================================================================================
Estimation for Trucks and VNZ, specification 1
=============================================================================================================
   
US parameters:
-------------------------------------------------------------------
elascoef1 = 6.838224310560782
elascoef2 = 6.838224310560782
trend     = .0830416299572568
-------------------------------------------------------------------
   
Model specification estimated:
( lnYtou = lnY + {b1} + (1.3-1)*ln(t-{b2=1923})*6.838224310560782 - (1-.3)*lnYpercap*6.838224310560782 + .0830
> 416299572568*t  ) 
-------------------------------------------------------------------
(obs = 61)

Iteration 0:  residual SS =   1700579
Iteration 1:  residual SS =  538.7483
Iteration 2:  residual SS =  97.64562
Iteration 3:  residual SS =  97.56597

      Source |       SS       df       MS            Number of obs =        61
-------------+------------------------------         F(  1,    59) =     36.27
       Model |   59.984659     1   59.984659         Prob > F      =    0.0000
    Residual |  97.5659138    59  1.65365956         R-squared     =    0.3807
-------------+------------------------------         Adj R-squared =    0.3702
       Total |  157.550573    60  2.62584288         Root MSE      =  1.285947
                                                     Res. dev.     =  201.7594

------------------------------------------------------------------------------
      lnYtou |      Coef.   Std. Err.      t    P>|t|     [95% Conf. Interval]
-------------+----------------------------------------------------------------
          b1 |  -167.1644   .2732301  -611.81   0.000    -167.7111   -166.6176
          b2 |   1920.217   3.272509   586.77   0.000     1913.669    1926.766
------------------------------------------------------------------------------
* Parameter b1 taken as constant term in model & ANOVA table
 (SEs, P values, CIs, and correlations are asymptotic approximations)
