=============================================================================================================
Estimation for Trucks and VNZ, specification 2
=============================================================================================================
   
US parameters:
-------------------------------------------------------------------
elascoef1 = 6.838224310560782
elascoef2 = 6.838224310560782
trend     = .0830416299572568
-------------------------------------------------------------------
   
Model specification estimated:
( lnYtou = lnY + {b1} + (1.3-1)*ln(t-{b2=1923})*{b3=6.838224310560782} - (1-.3)*lnYpercap*6.838224310560782 + 
> .0830416299572568*t  ) 
-------------------------------------------------------------------
(obs = 61)

Iteration 0:  residual SS =   1700579
Iteration 1:  residual SS =   1648469
Iteration 2:  residual SS =    412266
Iteration 3:  residual SS =  87.11174
Iteration 4:  residual SS =  87.11124
Iteration 5:  residual SS =  87.11124

      Source |       SS       df       MS            Number of obs =        61
-------------+------------------------------         F(  2,    58) =     23.45
       Model |  70.4393368     2  35.2196684         Prob > F      =    0.0000
    Residual |   87.111236    58  1.50191786         R-squared     =    0.4471
-------------+------------------------------         Adj R-squared =    0.4280
       Total |  157.550573    60  2.62584288         Root MSE      =  1.225528
                                                     Res. dev.     =  194.8455

------------------------------------------------------------------------------
      lnYtou |      Coef.   Std. Err.      t    P>|t|     [95% Conf. Interval]
-------------+----------------------------------------------------------------
          b1 |  -163.3427   .9618259  -169.83   0.000     -165.268   -161.4174
          b2 |   1927.439   .9548225  2018.64   0.000     1925.528    1929.351
          b3 |   3.639395   .8894812     4.09   0.000     1.858905    5.419885
------------------------------------------------------------------------------
* Parameter b1 taken as constant term in model & ANOVA table
 (SEs, P values, CIs, and correlations are asymptotic approximations)
