=============================================================================================================
Estimation for Trucks and YUG, specification 1
=============================================================================================================
   
US parameters:
-------------------------------------------------------------------
elascoef1 = 6.838224310560782
elascoef2 = 6.838224310560782
trend     = .0830416299572568
-------------------------------------------------------------------
   
Model specification estimated:
( lnYtou = lnY + {b1} + (1.3-1)*ln(t-{b2=1924})*6.838224310560782 - (1-.3)*lnYpercap*6.838224310560782 + .0830
> 416299572568*t  ) 
-------------------------------------------------------------------
(obs = 53)

Iteration 0:  residual SS =   1570142
Iteration 1:  residual SS =  326.6177
Iteration 2:  residual SS =  128.4065
Iteration 3:  residual SS =  85.72405
Iteration 4:  residual SS =   85.6507
Iteration 5:  residual SS =  85.62778
Iteration 6:  residual SS =  85.62328
Iteration 7:  residual SS =  85.62199
Iteration 8:  residual SS =  85.62167

      Source |       SS       df       MS            Number of obs =        53
-------------+------------------------------         F(  1,    51) =     22.02
       Model |  36.9706833     1  36.9706833         Prob > F      =    0.0000
    Residual |  85.6215895    51   1.6788547         R-squared     =    0.3016
-------------+------------------------------         Adj R-squared =    0.2879
       Total |  122.592273    52  2.35754371         Root MSE      =  1.295706
                                                     Res. dev.     =  175.8287

------------------------------------------------------------------------------
      lnYtou |      Coef.   Std. Err.      t    P>|t|     [95% Conf. Interval]
-------------+----------------------------------------------------------------
          b1 |  -171.9976   .2402026  -716.05   0.000    -172.4798   -171.5154
          b2 |   1925.284    1.65277  1164.88   0.000     1921.966    1928.602
------------------------------------------------------------------------------
* Parameter b1 taken as constant term in model & ANOVA table
 (SEs, P values, CIs, and correlations are asymptotic approximations)
