=============================================================================================================
Estimation for PCs and AUL, specification 1
=============================================================================================================
   
US parameters:
-------------------------------------------------------------------
elascoef1 = 3.003557370581982
elascoef2 = 3.003557370581982
trend     = .0474278584763916
-------------------------------------------------------------------
   
Model specification estimated:
( lnYtou = lnY + {b1} + (1.3-1)*ln(t-{b2=1983})*3.003557370581982 - (1-.3)*lnYpercap*3.003557370581982 + .0474
> 278584763916*t  ) 
-------------------------------------------------------------------
(obs = 15)

Iteration 0:  residual SS =  116107.9
Iteration 1:  residual SS =  52.34672
Iteration 2:  residual SS =  36.48595
Iteration 3:  residual SS =  .5622651
Iteration 4:  residual SS =  .1358331
Iteration 5:  residual SS =  .0996105
Iteration 6:  residual SS =  .0994057

      Source |       SS       df       MS            Number of obs =        15
-------------+------------------------------         F(  1,    13) =    604.58
       Model |  4.62293962     1  4.62293962         Prob > F      =    0.0000
    Residual |  .099405547    13  .007646581         R-squared     =    0.9789
-------------+------------------------------         Adj R-squared =    0.9773
       Total |  4.72234517    14  .337310369         Root MSE      =  .0874447
                                                     Res. dev.     = -32.68081

------------------------------------------------------------------------------
      lnYtou |      Coef.   Std. Err.      t    P>|t|     [95% Conf. Interval]
-------------+----------------------------------------------------------------
          b1 |   -87.9027   .0516268 -1702.66   0.000    -88.01424   -87.79117
          b2 |   1983.837   .4756308  4170.96   0.000     1982.809    1984.864
------------------------------------------------------------------------------
* Parameter b1 taken as constant term in model & ANOVA table
 (SEs, P values, CIs, and correlations are asymptotic approximations)
