=============================================================================================================
Estimation for PCs and BKF, specification 2
=============================================================================================================
   
US parameters:
-------------------------------------------------------------------
elascoef1 = 3.003557370581982
elascoef2 = 3.003557370581982
trend     = .0474278584763916
-------------------------------------------------------------------
   
Model specification estimated:
( lnYtou = lnY + {b1} + (1.3-1)*ln(t-{b2=1985})*{b3=3.003557370581982} - (1-.3)*lnYpercap*3.003557370581982 + 
> .0474278584763916*t  ) 
-------------------------------------------------------------------
(obs = 11)

Iteration 0:  residual SS =  104813.9
Iteration 1:  residual SS =  101614.1
Iteration 2:  residual SS =  40.61166
Iteration 3:  residual SS =  36.84059
Iteration 4:  residual SS =  36.05556
Iteration 5:  residual SS =  35.52214
Iteration 6:  residual SS =  33.12646
Iteration 7:  residual SS =  28.14725
Iteration 8:  residual SS =  26.53911
Iteration 9:  residual SS =  6.239633
Iteration 10:  residual SS =   .469276
Iteration 11:  residual SS =  .4268663
Iteration 12:  residual SS =  .4164023
Iteration 13:  residual SS =  .4157592
Iteration 14:  residual SS =  .4157045
Iteration 15:  residual SS =  .4157006
Iteration 16:  residual SS =  .4157003
Iteration 17:  residual SS =  .4157003
Iteration 18:  residual SS =  .4157003
Iteration 19:  residual SS =  .4157003
Iteration 20:  residual SS =  .4157003
Iteration 21:  residual SS =  .4157003

      Source |       SS       df       MS            Number of obs =        11
-------------+------------------------------         F(  2,     8) =     95.01
       Model |  9.87395772     2  4.93697886         Prob > F      =    0.0000
    Residual |  .415700298     8  .051962537         R-squared     =    0.9596
-------------+------------------------------         Adj R-squared =    0.9495
       Total |   10.289658    10   1.0289658         Root MSE      =  .2279529
                                                     Res. dev.     = -4.815898

------------------------------------------------------------------------------
      lnYtou |      Coef.   Std. Err.      t    P>|t|     [95% Conf. Interval]
-------------+----------------------------------------------------------------
          b1 |  -218.1169   886.6612    -0.25   0.812    -2262.761    1826.528
          b2 |    1875.83    719.817     2.61   0.031      215.929    3535.731
          b3 |   85.27973   510.4587     0.17   0.871     -1091.84      1262.4
------------------------------------------------------------------------------
* Parameter b1 taken as constant term in model & ANOVA table
 (SEs, P values, CIs, and correlations are asymptotic approximations)
