=============================================================================================================
Estimation for PCs and BLG, specification 1
=============================================================================================================
   
US parameters:
-------------------------------------------------------------------
elascoef1 = 3.003557370581982
elascoef2 = 3.003557370581982
trend     = .0474278584763916
-------------------------------------------------------------------
   
Model specification estimated:
( lnYtou = lnY + {b1} + (1.3-1)*ln(t-{b2=1983})*3.003557370581982 - (1-.3)*lnYpercap*3.003557370581982 + .0474
> 278584763916*t  ) 
-------------------------------------------------------------------
(obs = 15)

Iteration 0:  residual SS =  117725.8
Iteration 1:  residual SS =  18.36826
Iteration 2:  residual SS =  15.65319
Iteration 3:  residual SS =  10.62147
Iteration 4:  residual SS =  2.902342
Iteration 5:  residual SS =  .3605676
Iteration 6:  residual SS =  .1628126
Iteration 7:  residual SS =   .145303
Iteration 8:  residual SS =  .1449195
Iteration 9:  residual SS =  .1449163

      Source |       SS       df       MS            Number of obs =        15
-------------+------------------------------         F(  1,    13) =    322.29
       Model |  3.59271528     1  3.59271528         Prob > F      =    0.0000
    Residual |  .144916259    13  .011147405         R-squared     =    0.9612
-------------+------------------------------         Adj R-squared =    0.9582
       Total |  3.73763154    14  .266973682         Root MSE      =  .1055813
                                                     Res. dev.     = -27.02659

------------------------------------------------------------------------------
      lnYtou |      Coef.   Std. Err.      t    P>|t|     [95% Conf. Interval]
-------------+----------------------------------------------------------------
          b1 |  -88.55114   .0651538 -1359.11   0.000     -88.6919   -88.41038
          b2 |   1983.442   .6377405  3110.11   0.000     1982.064     1984.82
------------------------------------------------------------------------------
* Parameter b1 taken as constant term in model & ANOVA table
 (SEs, P values, CIs, and correlations are asymptotic approximations)
