=============================================================================================================
Estimation for PCs and BLG, specification 2
=============================================================================================================
   
US parameters:
-------------------------------------------------------------------
elascoef1 = 3.003557370581982
elascoef2 = 3.003557370581982
trend     = .0474278584763916
-------------------------------------------------------------------
   
Model specification estimated:
( lnYtou = lnY + {b1} + (1.3-1)*ln(t-{b2=1983})*{b3=3.003557370581982} - (1-.3)*lnYpercap*3.003557370581982 + 
> .0474278584763916*t  ) 
-------------------------------------------------------------------
(obs = 15)

Iteration 0:  residual SS =  117725.8
Iteration 1:  residual SS =  114198.5
Iteration 2:  residual SS =  28554.85
Iteration 3:  residual SS =  .0541743
Iteration 4:  residual SS =  .0541736
Iteration 5:  residual SS =  .0541735
Iteration 6:  residual SS =  .0541735
Iteration 7:  residual SS =  .0541735

      Source |       SS       df       MS            Number of obs =        15
-------------+------------------------------         F(  2,    12) =    407.96
       Model |  3.68345802     2  1.84172901         Prob > F      =    0.0000
    Residual |  .054173522    12   .00451446         R-squared     =    0.9855
-------------+------------------------------         Adj R-squared =    0.9831
       Total |  3.73763154    14  .266973682         Root MSE      =  .0671897
                                                     Res. dev.     = -41.78604

------------------------------------------------------------------------------
      lnYtou |      Coef.   Std. Err.      t    P>|t|     [95% Conf. Interval]
-------------+----------------------------------------------------------------
          b1 |  -87.29961   .1445973  -603.74   0.000    -87.61466   -86.98456
          b2 |   1987.072   .3629352  5475.01   0.000     1986.281    1987.863
          b3 |    1.59247   .1918389     8.30   0.000     1.174489    2.010451
------------------------------------------------------------------------------
* Parameter b1 taken as constant term in model & ANOVA table
 (SEs, P values, CIs, and correlations are asymptotic approximations)
