=============================================================================================================
Estimation for PCs and BOL, specification 2
=============================================================================================================
   
US parameters:
-------------------------------------------------------------------
elascoef1 = 3.003557370581982
elascoef2 = 3.003557370581982
trend     = .0474278584763916
-------------------------------------------------------------------
   
Model specification estimated:
( lnYtou = lnY + {b1} + (1.3-1)*ln(t-{b2=1986})*{b3=3.003557370581982} - (1-.3)*lnYpercap*3.003557370581982 + 
> .0474278584763916*t  ) 
-------------------------------------------------------------------
(obs = 12)

Iteration 0:  residual SS =  105970.8
Iteration 1:  residual SS =  102894.1
Iteration 2:  residual SS =  2.887735
Iteration 3:  residual SS =   2.73253
Iteration 4:  residual SS =   2.66599
Iteration 5:  residual SS =  2.610237
Iteration 6:  residual SS =  2.581975
Iteration 7:  residual SS =  2.549092
Iteration 8:  residual SS =  2.522917
Iteration 9:  residual SS =  2.504559
Iteration 10:  residual SS =  2.495496
Iteration 11:  residual SS =  2.479079
Iteration 12:  residual SS =  2.464526
Iteration 13:  residual SS =  2.452021
Iteration 14:  residual SS =  2.441781
Iteration 15:  residual SS =  2.434065
Iteration 16:  residual SS =  2.429184
Iteration 17:  residual SS =  2.427512
Iteration 18:  residual SS =  2.419757
Iteration 19:  residual SS =   2.41256
Iteration 20:  residual SS =  2.405957
Iteration 21:  residual SS =  2.399987
Iteration 22:  residual SS =  2.394694
Iteration 23:  residual SS =  2.390125
Iteration 24:  residual SS =  2.386336
Iteration 25:  residual SS =  2.383387
Iteration 26:  residual SS =  2.381346
Iteration 27:  residual SS =  2.380289
Iteration 28:  residual SS =  2.376254
Iteration 29:  residual SS =  2.372374
Iteration 30:  residual SS =  2.368656
Iteration 31:  residual SS =  2.365106
Iteration 32:  residual SS =  2.361731
Iteration 33:  residual SS =  2.358538
Iteration 34:  residual SS =  2.355535
Iteration 35:  residual SS =  2.352731
Iteration 36:  residual SS =  2.350134
Iteration 37:  residual SS =  2.347754
Iteration 38:  residual SS =  2.345601
Iteration 39:  residual SS =  2.343686
Iteration 40:  residual SS =   2.34202
Iteration 41:  residual SS =  2.340617
Iteration 42:  residual SS =   2.33949
Iteration 43:  residual SS =  2.338654
Iteration 44:  residual SS =  2.338123
Iteration 45:  residual SS =  2.337916
Iteration 46:  residual SS =  2.335973
Iteration 47:  residual SS =  2.334077
Iteration 48:  residual SS =  2.332231
Iteration 49:  residual SS =  2.330434

      Source |       SS       df       MS            Number of obs =        12
-------------+------------------------------         F(  2,     9) =     15.01
       Model |  7.76640205     2  3.88320102         Prob > F      =    0.0014
    Residual |  2.32868853     9   .25874317         R-squared     =    0.7693
-------------+------------------------------         Adj R-squared =    0.7181
       Total |  10.0950906    11  .917735508         Root MSE      =   .508668
                                                     Res. dev.     =  14.37931

------------------------------------------------------------------------------
      lnYtou |      Coef.   Std. Err.      t    P>|t|     [95% Conf. Interval]
-------------+----------------------------------------------------------------
          b1 |  -119.7051   78.04416    -1.53   0.159    -296.2532     56.8431
          b2 |   1955.543   88.72646    22.04   0.000      1754.83    2156.256
          b3 |   25.29727   55.39025     0.46   0.659    -100.0042    150.5987
------------------------------------------------------------------------------
* Parameter b1 taken as constant term in model & ANOVA table
 (SEs, P values, CIs, and correlations are asymptotic approximations)
convergence not achieved
