=============================================================================================================
Estimation for PCs and BUL, specification 1
=============================================================================================================
   
US parameters:
-------------------------------------------------------------------
elascoef1 = 3.003557370581982
elascoef2 = 3.003557370581982
trend     = .0474278584763916
-------------------------------------------------------------------
   
Model specification estimated:
( lnYtou = lnY + {b1} + (1.3-1)*ln(t-{b2=1987})*3.003557370581982 - (1-.3)*lnYpercap*3.003557370581982 + .0474
> 278584763916*t  ) 
-------------------------------------------------------------------
(obs = 11)

Iteration 0:  residual SS =  92679.62
Iteration 1:  residual SS =  71278.28
Iteration 2:  residual SS =  .3883799
Iteration 3:  residual SS =  .3653224
Iteration 4:  residual SS =  .3652385

      Source |       SS       df       MS            Number of obs =        11
-------------+------------------------------         F(  1,     9) =     60.37
       Model |  2.45009026     1  2.45009026         Prob > F      =    0.0000
    Residual |  .365238445     9  .040582049         R-squared     =    0.8703
-------------+------------------------------         Adj R-squared =    0.8559
       Total |   2.8153287    10   .28153287         Root MSE      =  .2014499
                                                     Res. dev.     = -6.239454

------------------------------------------------------------------------------
      lnYtou |      Coef.   Std. Err.      t    P>|t|     [95% Conf. Interval]
-------------+----------------------------------------------------------------
          b1 |  -91.58973   .1412735  -648.32   0.000    -91.90932   -91.27015
          b2 |   1988.745    .971246  2047.62   0.000     1986.547    1990.942
------------------------------------------------------------------------------
* Parameter b1 taken as constant term in model & ANOVA table
 (SEs, P values, CIs, and correlations are asymptotic approximations)
