=============================================================================================================
Estimation for PCs and CHL, specification 1
=============================================================================================================
   
US parameters:
-------------------------------------------------------------------
elascoef1 = 3.003557370581982
elascoef2 = 3.003557370581982
trend     = .0474278584763916
-------------------------------------------------------------------
   
Model specification estimated:
( lnYtou = lnY + {b1} + (1.3-1)*ln(t-{b2=1983})*3.003557370581982 - (1-.3)*lnYpercap*3.003557370581982 + .0474
> 278584763916*t  ) 
-------------------------------------------------------------------
(obs = 15)

Iteration 0:  residual SS =  124352.4
Iteration 1:  residual SS =  95295.57
Iteration 2:  residual SS =  53556.91
Iteration 3:  residual SS =  13372.22
Iteration 4:  residual SS =  1.630871
Iteration 5:  residual SS =  1.630707

      Source |       SS       df       MS            Number of obs =        15
-------------+------------------------------         F(  1,    13) =    119.88
       Model |   15.036897     1   15.036897         Prob > F      =    0.0000
    Residual |  1.63069444    13  .125438034         R-squared     =    0.9022
-------------+------------------------------         Adj R-squared =    0.8946
       Total |  16.6675914    14  1.19054225         Root MSE      =  .3541723
                                                     Res. dev.     =  9.282492

------------------------------------------------------------------------------
      lnYtou |      Coef.   Std. Err.      t    P>|t|     [95% Conf. Interval]
-------------+----------------------------------------------------------------
          b1 |  -90.43077   .1087489  -831.56   0.000     -90.6657   -90.19583
          b2 |   1987.516   .2065069  9624.46   0.000      1987.07    1987.963
------------------------------------------------------------------------------
* Parameter b1 taken as constant term in model & ANOVA table
 (SEs, P values, CIs, and correlations are asymptotic approximations)
