=============================================================================================================
Estimation for PCs and CHL, specification 2
=============================================================================================================
   
US parameters:
-------------------------------------------------------------------
elascoef1 = 3.003557370581982
elascoef2 = 3.003557370581982
trend     = .0474278584763916
-------------------------------------------------------------------
   
Model specification estimated:
( lnYtou = lnY + {b1} + (1.3-1)*ln(t-{b2=1983})*{b3=3.003557370581982} - (1-.3)*lnYpercap*3.003557370581982 + 
> .0474278584763916*t  ) 
-------------------------------------------------------------------
(obs = 15)

Iteration 0:  residual SS =  124352.4
Iteration 1:  residual SS =  120618.1
Iteration 2:  residual SS =   10.3082
Iteration 3:  residual SS =  .0208077
Iteration 4:  residual SS =  .0202195
Iteration 5:  residual SS =  .0202194

      Source |       SS       df       MS            Number of obs =        15
-------------+------------------------------         F(  2,    12) =   4940.01
       Model |   16.647372     2    8.323686         Prob > F      =    0.0000
    Residual |  .020219448    12  .001684954         R-squared     =    0.9988
-------------+------------------------------         Adj R-squared =    0.9986
       Total |  16.6675914    14  1.19054225         Root MSE      =  .0410482
                                                     Res. dev.     = -56.56925

------------------------------------------------------------------------------
      lnYtou |      Coef.   Std. Err.      t    P>|t|     [95% Conf. Interval]
-------------+----------------------------------------------------------------
          b1 |  -96.60567   .7160337  -134.92   0.000    -98.16578   -95.04557
          b2 |   1981.147   .7938082  2495.75   0.000     1979.417    1982.876
          b3 |   10.00661   .6798893    14.72   0.000      8.52526    11.48796
------------------------------------------------------------------------------
* Parameter b1 taken as constant term in model & ANOVA table
 (SEs, P values, CIs, and correlations are asymptotic approximations)
