=============================================================================================================
Estimation for PCs and CHN, specification 1
=============================================================================================================
   
US parameters:
-------------------------------------------------------------------
elascoef1 = 3.003557370581982
elascoef2 = 3.003557370581982
trend     = .0474278584763916
-------------------------------------------------------------------
   
Model specification estimated:
( lnYtou = lnY + {b1} + (1.3-1)*ln(t-{b2=1983})*3.003557370581982 - (1-.3)*lnYpercap*3.003557370581982 + .0474
> 278584763916*t  ) 
-------------------------------------------------------------------
(obs = 15)

Iteration 0:  residual SS =    134697
Iteration 1:  residual SS =    102856
Iteration 2:  residual SS =  57568.75
Iteration 3:  residual SS =  11.81857
Iteration 4:  residual SS =  11.81681

      Source |       SS       df       MS            Number of obs =        15
-------------+------------------------------         F(  1,    13) =     26.33
       Model |  23.9343209     1  23.9343209         Prob > F      =    0.0002
    Residual |  11.8168009    13  .908984686         R-squared     =    0.6695
-------------+------------------------------         Adj R-squared =    0.6440
       Total |  35.7511218    14  2.55365156         Root MSE      =  .9534069
                                                     Res. dev.     =  38.99024

------------------------------------------------------------------------------
      lnYtou |      Coef.   Std. Err.      t    P>|t|     [95% Conf. Interval]
-------------+----------------------------------------------------------------
          b1 |  -94.05364   .2719464  -345.85   0.000    -94.64114   -93.46613
          b2 |    1987.76   .2698204  7366.98   0.000     1987.177    1988.343
------------------------------------------------------------------------------
* Parameter b1 taken as constant term in model & ANOVA table
 (SEs, P values, CIs, and correlations are asymptotic approximations)
