=============================================================================================================
Estimation for PCs and COL, specification 1
=============================================================================================================
   
US parameters:
-------------------------------------------------------------------
elascoef1 = 3.003557370581982
elascoef2 = 3.003557370581982
trend     = .0474278584763916
-------------------------------------------------------------------
   
Model specification estimated:
( lnYtou = lnY + {b1} + (1.3-1)*ln(t-{b2=1987})*3.003557370581982 - (1-.3)*lnYpercap*3.003557370581982 + .0474
> 278584763916*t  ) 
-------------------------------------------------------------------
(obs = 11)

Iteration 0:  residual SS =  92521.37
Iteration 1:  residual SS =  7.142282
Iteration 2:  residual SS =  6.909414
Iteration 3:  residual SS =  5.054526
Iteration 4:  residual SS =   2.41517
Iteration 5:  residual SS =  .3382894
Iteration 6:  residual SS =  .1312619
Iteration 7:  residual SS =  .1167724
Iteration 8:  residual SS =  .1166613

      Source |       SS       df       MS            Number of obs =        11
-------------+------------------------------         F(  1,     9) =    312.10
       Model |  4.04558491     1  4.04558491         Prob > F      =    0.0000
    Residual |  .116661279     9  .012962364         R-squared     =    0.9720
-------------+------------------------------         Adj R-squared =    0.9689
       Total |  4.16224619    10  .416224619         Root MSE      =  .1138524
                                                     Res. dev.     = -18.79349

------------------------------------------------------------------------------
      lnYtou |      Coef.   Std. Err.      t    P>|t|     [95% Conf. Interval]
-------------+----------------------------------------------------------------
          b1 |  -91.45278   .0745213 -1227.20   0.000    -91.62136   -91.28421
          b2 |   1989.174   .4644294  4283.05   0.000     1988.123    1990.224
------------------------------------------------------------------------------
* Parameter b1 taken as constant term in model & ANOVA table
 (SEs, P values, CIs, and correlations are asymptotic approximations)
