=============================================================================================================
Estimation for PCs and CRO, specification 1
=============================================================================================================
   
US parameters:
-------------------------------------------------------------------
elascoef1 = 3.003557370581982
elascoef2 = 3.003557370581982
trend     = .0474278584763916
-------------------------------------------------------------------
   
Model specification estimated:
( lnYtou = lnY + {b1} + (1.3-1)*ln(t-{b2=1986})*3.003557370581982 - (1-.3)*lnYpercap*3.003557370581982 + .0474
> 278584763916*t  ) 
-------------------------------------------------------------------
(obs = 12)

Iteration 0:  residual SS =  99517.92
Iteration 1:  residual SS =   52.8615
Iteration 2:  residual SS =  21.70115
Iteration 3:  residual SS =  2.140438
Iteration 4:  residual SS =  2.122704
Iteration 5:  residual SS =  2.121675
Iteration 6:  residual SS =  2.121489
Iteration 7:  residual SS =  2.121462
Iteration 8:  residual SS =  2.121458

      Source |       SS       df       MS            Number of obs =        12
-------------+------------------------------         F(  1,    10) =     28.62
       Model |  6.07067994     1  6.07067994         Prob > F      =    0.0003
    Residual |  2.12145756    10  .212145756         R-squared     =    0.7410
-------------+------------------------------         Adj R-squared =    0.7151
       Total |   8.1921375    11  .744739773         Root MSE      =  .4605928
                                                     Res. dev.     =  13.26089

------------------------------------------------------------------------------
      lnYtou |      Coef.   Std. Err.      t    P>|t|     [95% Conf. Interval]
-------------+----------------------------------------------------------------
          b1 |  -90.61086   .2172777  -417.03   0.000    -91.09499   -90.12674
          b2 |   1989.476    .912855  2179.40   0.000     1987.442     1991.51
------------------------------------------------------------------------------
* Parameter b1 taken as constant term in model & ANOVA table
 (SEs, P values, CIs, and correlations are asymptotic approximations)
