=============================================================================================================
Estimation for PCs and FRA, specification 1
=============================================================================================================
   
US parameters:
-------------------------------------------------------------------
elascoef1 = 3.003557370581982
elascoef2 = 3.003557370581982
trend     = .0474278584763916
-------------------------------------------------------------------
   
Model specification estimated:
( lnYtou = lnY + {b1} + (1.3-1)*ln(t-{b2=1983})*3.003557370581982 - (1-.3)*lnYpercap*3.003557370581982 + .0474
> 278584763916*t  ) 
-------------------------------------------------------------------
(obs = 15)

Iteration 0:  residual SS =  117606.5
Iteration 1:  residual SS =  89502.06
Iteration 2:  residual SS =  1.282876
Iteration 3:  residual SS =  .3280026
Iteration 4:  residual SS =  .2015798
Iteration 5:  residual SS =  .1991794
Iteration 6:  residual SS =  .1991749

      Source |       SS       df       MS            Number of obs =        15
-------------+------------------------------         F(  1,    13) =    353.68
       Model |  5.41872193     1  5.41872193         Prob > F      =    0.0000
    Residual |   .19917482    13   .01532114         R-squared     =    0.9645
-------------+------------------------------         Adj R-squared =    0.9618
       Total |  5.61789675    14  .401278339         Root MSE      =  .1237786
                                                     Res. dev.     = -22.25618

------------------------------------------------------------------------------
      lnYtou |      Coef.   Std. Err.      t    P>|t|     [95% Conf. Interval]
-------------+----------------------------------------------------------------
          b1 |  -88.40166   .0674318 -1310.98   0.000    -88.54734   -88.25599
          b2 |   1984.492   .5536171  3584.59   0.000     1983.296    1985.688
------------------------------------------------------------------------------
* Parameter b1 taken as constant term in model & ANOVA table
 (SEs, P values, CIs, and correlations are asymptotic approximations)
