=============================================================================================================
Estimation for PCs and GAB, specification 2
=============================================================================================================
   
US parameters:
-------------------------------------------------------------------
elascoef1 = 3.003557370581982
elascoef2 = 3.003557370581982
trend     = .0474278584763916
-------------------------------------------------------------------
   
Model specification estimated:
( lnYtou = lnY + {b1} + (1.3-1)*ln(t-{b2=1988})*{b3=3.003557370581982} - (1-.3)*lnYpercap*3.003557370581982 + 
> .0474278584763916*t  ) 
-------------------------------------------------------------------
(obs = 10)

Iteration 0:  residual SS =  86775.48
Iteration 1:  residual SS =  76143.52
Iteration 2:  residual SS =  58284.96
Iteration 3:  residual SS =  32769.65
Iteration 4:  residual SS =   1.98108
Iteration 5:  residual SS =  .9032651
Iteration 6:  residual SS =  .3853335
Iteration 7:  residual SS =  .2590934
Iteration 8:  residual SS =  .2470631
Iteration 9:  residual SS =  .2469042
Iteration 10:  residual SS =  .2469041

      Source |       SS       df       MS            Number of obs =        10
-------------+------------------------------         F(  2,     7) =    106.41
       Model |  7.50659314     2  3.75329657         Prob > F      =    0.0000
    Residual |   .24690413     7  .035272019         R-squared     =    0.9682
-------------+------------------------------         Adj R-squared =    0.9591
       Total |  7.75349727     9  .861499697         Root MSE      =  .1878085
                                                     Res. dev.     = -8.634632

------------------------------------------------------------------------------
      lnYtou |      Coef.   Std. Err.      t    P>|t|     [95% Conf. Interval]
-------------+----------------------------------------------------------------
          b1 |   -91.6187   .1740586  -526.37   0.000    -92.03029   -91.20712
          b2 |   1992.934   .0745868        .   0.000     1992.758    1993.111
          b3 |    1.46072   .3507371     4.16   0.004     .6313585    2.290081
------------------------------------------------------------------------------
* Parameter b1 taken as constant term in model & ANOVA table
 (SEs, P values, CIs, and correlations are asymptotic approximations)
