=============================================================================================================
Estimation for PCs and GER, specification 1
=============================================================================================================
   
US parameters:
-------------------------------------------------------------------
elascoef1 = 3.003557370581982
elascoef2 = 3.003557370581982
trend     = .0474278584763916
-------------------------------------------------------------------
   
Model specification estimated:
( lnYtou = lnY + {b1} + (1.3-1)*ln(t-{b2=1983})*3.003557370581982 - (1-.3)*lnYpercap*3.003557370581982 + .0474
> 278584763916*t  ) 
-------------------------------------------------------------------
(obs = 15)

Iteration 0:  residual SS =  117442.8
Iteration 1:  residual SS =  1.254645
Iteration 2:  residual SS =  .8266493
Iteration 3:  residual SS =  .3817371
Iteration 4:  residual SS =  .1624411
Iteration 5:  residual SS =  .1614222
Iteration 6:  residual SS =  .1614164

      Source |       SS       df       MS            Number of obs =        15
-------------+------------------------------         F(  1,    13) =    431.00
       Model |  5.35163254     1  5.35163254         Prob > F      =    0.0000
    Residual |  .161416316    13   .01241664         R-squared     =    0.9707
-------------+------------------------------         Adj R-squared =    0.9685
       Total |  5.51304886    14  .393789204         Root MSE      =    .11143
                                                     Res. dev.     = -25.40912

------------------------------------------------------------------------------
      lnYtou |      Coef.   Std. Err.      t    P>|t|     [95% Conf. Interval]
-------------+----------------------------------------------------------------
          b1 |  -88.36557   .0625921 -1411.77   0.000    -88.50079   -88.23035
          b2 |   1984.249   .5373965  3692.34   0.000     1983.088     1985.41
------------------------------------------------------------------------------
* Parameter b1 taken as constant term in model & ANOVA table
 (SEs, P values, CIs, and correlations are asymptotic approximations)
