=============================================================================================================
Estimation for PCs and GHA, specification 2
=============================================================================================================
   
US parameters:
-------------------------------------------------------------------
elascoef1 = 3.003557370581982
elascoef2 = 3.003557370581982
trend     = .0474278584763916
-------------------------------------------------------------------
   
Model specification estimated:
( lnYtou = lnY + {b1} + (1.3-1)*ln(t-{b2=1978})*{b3=3.003557370581982} - (1-.3)*lnYpercap*3.003557370581982 + 
> .0474278584763916*t  ) 
-------------------------------------------------------------------
(obs = 20)

Iteration 0:  residual SS =  194243.3
Iteration 1:  residual SS =  188223.2
Iteration 2:  residual SS =  85.61535
Iteration 3:  residual SS =  10.50202
Iteration 4:  residual SS =  2.475694
Iteration 5:  residual SS =  2.454059
Iteration 6:  residual SS =  2.454048

      Source |       SS       df       MS            Number of obs =        20
-------------+------------------------------         F(  2,    17) =    584.00
       Model |  168.608392     2  84.3041959         Prob > F      =    0.0000
    Residual |  2.45404784    17  .144355756         R-squared     =    0.9857
-------------+------------------------------         Adj R-squared =    0.9840
       Total |   171.06244    19   9.0032863         Root MSE      =  .3799418
                                                     Res. dev.     =  14.79767

------------------------------------------------------------------------------
      lnYtou |      Coef.   Std. Err.      t    P>|t|     [95% Conf. Interval]
-------------+----------------------------------------------------------------
          b1 |  -107.4362   1.806811   -59.46   0.000    -111.2482   -103.6241
          b2 |   1979.863   .9375423  2111.76   0.000     1977.885    1981.841
          b3 |   15.58073   1.869653     8.33   0.000     11.63611    19.52535
------------------------------------------------------------------------------
* Parameter b1 taken as constant term in model & ANOVA table
 (SEs, P values, CIs, and correlations are asymptotic approximations)
