=============================================================================================================
Estimation for PCs and GRE, specification 2
=============================================================================================================
   
US parameters:
-------------------------------------------------------------------
elascoef1 = 3.003557370581982
elascoef2 = 3.003557370581982
trend     = .0474278584763916
-------------------------------------------------------------------
   
Model specification estimated:
( lnYtou = lnY + {b1} + (1.3-1)*ln(t-{b2=1983})*{b3=3.003557370581982} - (1-.3)*lnYpercap*3.003557370581982 + 
> .0474278584763916*t  ) 
-------------------------------------------------------------------
(obs = 15)

Iteration 0:  residual SS =  123256.9
Iteration 1:  residual SS =  119523.4
Iteration 2:  residual SS =   1.71981
Iteration 3:  residual SS =   1.54425
Iteration 4:  residual SS =  1.489694
Iteration 5:  residual SS =  1.428926
Iteration 6:  residual SS =  1.401698
Iteration 7:  residual SS =  1.363919
Iteration 8:  residual SS =  1.334172
Iteration 9:  residual SS =  1.313184
Iteration 10:  residual SS =  1.302009
Iteration 11:  residual SS =   1.28276
Iteration 12:  residual SS =  1.265582
Iteration 13:  residual SS =  1.250591
Iteration 14:  residual SS =  1.237926
Iteration 15:  residual SS =   1.22776
Iteration 16:  residual SS =  1.220306
Iteration 17:  residual SS =   1.21582
Iteration 18:  residual SS =  1.214622
Iteration 19:  residual SS =  1.206208
Iteration 20:  residual SS =  1.198403
Iteration 21:  residual SS =  1.191234
Iteration 22:  residual SS =  1.184731
Iteration 23:  residual SS =  1.178928
Iteration 24:  residual SS =  1.173861
Iteration 25:  residual SS =  1.169575
Iteration 26:  residual SS =  1.166116
Iteration 27:  residual SS =  1.163539
Iteration 28:  residual SS =  1.161905
Iteration 29:  residual SS =  1.161283
Iteration 30:  residual SS =  1.157071
Iteration 31:  residual SS =  1.153029
Iteration 32:  residual SS =  1.149163
Iteration 33:  residual SS =  1.145477
Iteration 34:  residual SS =  1.141978
Iteration 35:  residual SS =  1.138672
Iteration 36:  residual SS =  1.135565
Iteration 37:  residual SS =  1.132663
Iteration 38:  residual SS =  1.129976
Iteration 39:  residual SS =  1.127511
Iteration 40:  residual SS =  1.125275
Iteration 41:  residual SS =   1.12328
Iteration 42:  residual SS =  1.121534
Iteration 43:  residual SS =  1.120049
Iteration 44:  residual SS =  1.118836
Iteration 45:  residual SS =  1.117907
Iteration 46:  residual SS =  1.117276
Iteration 47:  residual SS =  1.116958
Iteration 48:  residual SS =  1.114876
Iteration 49:  residual SS =  1.112844

      Source |       SS       df       MS            Number of obs =        15
-------------+------------------------------         F(  2,    12) =     24.70
       Model |  4.57395988     2  2.28697994         Prob > F      =    0.0001
    Residual |   1.1108611    12  .092571758         R-squared     =    0.8046
-------------+------------------------------         Adj R-squared =    0.7720
       Total |  5.68482098    14  .406058642         Root MSE      =  .3042561
                                                     Res. dev.     =  3.524435

------------------------------------------------------------------------------
      lnYtou |      Coef.   Std. Err.      t    P>|t|     [95% Conf. Interval]
-------------+----------------------------------------------------------------
          b1 |  -124.1837   60.56711    -2.05   0.063    -256.1481    7.780664
          b2 |   1917.957   105.1517    18.24   0.000     1688.851    2147.063
          b3 |   27.60826   37.85814     0.73   0.480    -54.87754    110.0941
------------------------------------------------------------------------------
* Parameter b1 taken as constant term in model & ANOVA table
 (SEs, P values, CIs, and correlations are asymptotic approximations)
convergence not achieved
