=============================================================================================================
Estimation for PCs and HNK, specification 1
=============================================================================================================
   
US parameters:
-------------------------------------------------------------------
elascoef1 = 3.003557370581982
elascoef2 = 3.003557370581982
trend     = .0474278584763916
-------------------------------------------------------------------
   
Model specification estimated:
( lnYtou = lnY + {b1} + (1.3-1)*ln(t-{b2=1983})*3.003557370581982 - (1-.3)*lnYpercap*3.003557370581982 + .0474
> 278584763916*t  ) 
-------------------------------------------------------------------
(obs = 15)

Iteration 0:  residual SS =  117712.3
Iteration 1:  residual SS =   4.53337
Iteration 2:  residual SS =  2.643245
Iteration 3:  residual SS =  1.065203
Iteration 4:  residual SS =  .5414428
Iteration 5:  residual SS =  .5407745
Iteration 6:  residual SS =  .5407508

      Source |       SS       df       MS            Number of obs =        15
-------------+------------------------------         F(  1,    13) =    313.09
       Model |  13.0231621     1  13.0231621         Prob > F      =    0.0000
    Residual |  .540749951    13   .04159615         R-squared     =    0.9601
-------------+------------------------------         Adj R-squared =    0.9571
       Total |  13.5639121    14  .968850862         Root MSE      =  .2039513
                                                     Res. dev.     = -7.274572

------------------------------------------------------------------------------
      lnYtou |      Coef.   Std. Err.      t    P>|t|     [95% Conf. Interval]
-------------+----------------------------------------------------------------
          b1 |  -88.06213   .0696401 -1264.53   0.000    -88.21258   -87.91168
          b2 |   1987.129   .2138673  9291.41   0.000     1986.667    1987.591
------------------------------------------------------------------------------
* Parameter b1 taken as constant term in model & ANOVA table
 (SEs, P values, CIs, and correlations are asymptotic approximations)
