=============================================================================================================
Estimation for PCs and HNK, specification 2
=============================================================================================================
   
US parameters:
-------------------------------------------------------------------
elascoef1 = 3.003557370581982
elascoef2 = 3.003557370581982
trend     = .0474278584763916
-------------------------------------------------------------------
   
Model specification estimated:
( lnYtou = lnY + {b1} + (1.3-1)*ln(t-{b2=1983})*{b3=3.003557370581982} - (1-.3)*lnYpercap*3.003557370581982 + 
> .0474278584763916*t  ) 
-------------------------------------------------------------------
(obs = 15)

Iteration 0:  residual SS =  117712.3
Iteration 1:  residual SS =  114194.9
Iteration 2:  residual SS =   2.90485
Iteration 3:  residual SS =  .0407677
Iteration 4:  residual SS =  .0407603
Iteration 5:  residual SS =  .0407603

      Source |       SS       df       MS            Number of obs =        15
-------------+------------------------------         F(  2,    12) =   1990.63
       Model |  13.5231517     2  6.76157586         Prob > F      =    0.0000
    Residual |  .040760347    12  .003396696         R-squared     =    0.9970
-------------+------------------------------         Adj R-squared =    0.9965
       Total |  13.5639121    14  .968850862         Root MSE      =  .0582812
                                                     Res. dev.     = -46.05328

------------------------------------------------------------------------------
      lnYtou |      Coef.   Std. Err.      t    P>|t|     [95% Conf. Interval]
-------------+----------------------------------------------------------------
          b1 |  -91.36644   .7043839  -129.71   0.000    -92.90116   -89.83172
          b2 |   1982.802   .9994423  1983.91   0.000     1980.624    1984.979
          b3 |   6.795526   .7025154     9.67   0.000     5.264877    8.326176
------------------------------------------------------------------------------
* Parameter b1 taken as constant term in model & ANOVA table
 (SEs, P values, CIs, and correlations are asymptotic approximations)
