=============================================================================================================
Estimation for PCs and HUN, specification 1
=============================================================================================================
   
US parameters:
-------------------------------------------------------------------
elascoef1 = 3.003557370581982
elascoef2 = 3.003557370581982
trend     = .0474278584763916
-------------------------------------------------------------------
   
Model specification estimated:
( lnYtou = lnY + {b1} + (1.3-1)*ln(t-{b2=1983})*3.003557370581982 - (1-.3)*lnYpercap*3.003557370581982 + .0474
> 278584763916*t  ) 
-------------------------------------------------------------------
(obs = 15)

Iteration 0:  residual SS =  124900.7
Iteration 1:  residual SS =  95410.03
Iteration 2:  residual SS =  1.280492
Iteration 3:  residual SS =  1.177724
Iteration 4:  residual SS =  1.176365
Iteration 5:  residual SS =  1.176313

      Source |       SS       df       MS            Number of obs =        15
-------------+------------------------------         F(  1,    13) =    110.78
       Model |  10.0242946     1  10.0242946         Prob > F      =    0.0000
    Residual |  1.17630827    13  .090485252         R-squared     =    0.8950
-------------+------------------------------         Adj R-squared =    0.8869
       Total |  11.2006028    14   .80004306         Root MSE      =  .3008077
                                                     Res. dev.     =  4.383117

------------------------------------------------------------------------------
      lnYtou |      Coef.   Std. Err.      t    P>|t|     [95% Conf. Interval]
-------------+----------------------------------------------------------------
          b1 |  -90.86704   .1223767  -742.52   0.000    -91.13142   -90.60267
          b2 |   1986.355   .6022094  3298.45   0.000     1985.054    1987.656
------------------------------------------------------------------------------
* Parameter b1 taken as constant term in model & ANOVA table
 (SEs, P values, CIs, and correlations are asymptotic approximations)
