=============================================================================================================
Estimation for PCs and JAP, specification 1
=============================================================================================================
   
US parameters:
-------------------------------------------------------------------
elascoef1 = 3.003557370581982
elascoef2 = 3.003557370581982
trend     = .0474278584763916
-------------------------------------------------------------------
   
Model specification estimated:
( lnYtou = lnY + {b1} + (1.3-1)*ln(t-{b2=1980})*3.003557370581982 - (1-.3)*lnYpercap*3.003557370581982 + .0474
> 278584763916*t  ) 
-------------------------------------------------------------------
(obs = 18)

Iteration 0:  residual SS =  142536.8
Iteration 1:  residual SS =  80702.08
Iteration 2:  residual SS =  .9553191
Iteration 3:  residual SS =  .9471712
Iteration 4:  residual SS =  .9470729

      Source |       SS       df       MS            Number of obs =        18
-------------+------------------------------         F(  1,    16) =    259.24
       Model |  15.3450298     1  15.3450298         Prob > F      =    0.0000
    Residual |  .947069543    16  .059191846         R-squared     =    0.9419
-------------+------------------------------         Adj R-squared =    0.9382
       Total |  16.2920993    17  .958358783         Root MSE      =  .2432937
                                                     Res. dev.     = -1.923794

------------------------------------------------------------------------------
      lnYtou |      Coef.   Std. Err.      t    P>|t|     [95% Conf. Interval]
-------------+----------------------------------------------------------------
          b1 |  -88.54748   .0763313 -1160.04   0.000     -88.7093   -88.38567
          b2 |   1983.961   .2925835  6780.84   0.000     1983.341    1984.582
------------------------------------------------------------------------------
* Parameter b1 taken as constant term in model & ANOVA table
 (SEs, P values, CIs, and correlations are asymptotic approximations)
