=============================================================================================================
Estimation for PCs and MEX, specification 1
=============================================================================================================
   
US parameters:
-------------------------------------------------------------------
elascoef1 = 3.003557370581982
elascoef2 = 3.003557370581982
trend     = .0474278584763916
-------------------------------------------------------------------
   
Model specification estimated:
( lnYtou = lnY + {b1} + (1.3-1)*ln(t-{b2=1983})*3.003557370581982 - (1-.3)*lnYpercap*3.003557370581982 + .0474
> 278584763916*t  ) 
-------------------------------------------------------------------
(obs = 15)

Iteration 0:  residual SS =  125992.2
Iteration 1:  residual SS =  110758.8
Iteration 2:  residual SS =  .4169086
Iteration 3:  residual SS =  .4017531
Iteration 4:  residual SS =  .4016711

      Source |       SS       df       MS            Number of obs =        15
-------------+------------------------------         F(  1,    13) =    407.22
       Model |  12.5820858     1  12.5820858         Prob > F      =    0.0000
    Residual |  .401669602    13  .030897662         R-squared     =    0.9691
-------------+------------------------------         Adj R-squared =    0.9667
       Total |  12.9837554    14  .927411101         Root MSE      =  .1757773
                                                     Res. dev.     = -11.73448

------------------------------------------------------------------------------
      lnYtou |      Coef.   Std. Err.      t    P>|t|     [95% Conf. Interval]
-------------+----------------------------------------------------------------
          b1 |  -91.17429   .0637517 -1430.15   0.000    -91.31202   -91.03656
          b2 |   1986.883   .2365122  8400.76   0.000     1986.372    1987.394
------------------------------------------------------------------------------
* Parameter b1 taken as constant term in model & ANOVA table
 (SEs, P values, CIs, and correlations are asymptotic approximations)
