=============================================================================================================
Estimation for PCs and MLY, specification 1
=============================================================================================================
   
US parameters:
-------------------------------------------------------------------
elascoef1 = 3.003557370581982
elascoef2 = 3.003557370581982
trend     = .0474278584763916
-------------------------------------------------------------------
   
Model specification estimated:
( lnYtou = lnY + {b1} + (1.3-1)*ln(t-{b2=1983})*3.003557370581982 - (1-.3)*lnYpercap*3.003557370581982 + .0474
> 278584763916*t  ) 
-------------------------------------------------------------------
(obs = 15)

Iteration 0:  residual SS =  124844.7
Iteration 1:  residual SS =  95528.62
Iteration 2:  residual SS =  23782.56
Iteration 3:  residual SS =  1.983298
Iteration 4:  residual SS =  1.978376
Iteration 5:  residual SS =  1.978234

      Source |       SS       df       MS            Number of obs =        15
-------------+------------------------------         F(  1,    13) =    120.78
       Model |  18.3790153     1  18.3790153         Prob > F      =    0.0000
    Residual |  1.97822454    13  .152171119         R-squared     =    0.9028
-------------+------------------------------         Adj R-squared =    0.8953
       Total |  20.3572399    14  1.45408856         Root MSE      =  .3900912
                                                     Res. dev.     =   12.1804

------------------------------------------------------------------------------
      lnYtou |      Coef.   Std. Err.      t    P>|t|     [95% Conf. Interval]
-------------+----------------------------------------------------------------
          b1 |  -90.57656   .1157774  -782.33   0.000    -90.82668   -90.32643
          b2 |   1987.627   .1732355        .   0.000     1987.253    1988.001
------------------------------------------------------------------------------
* Parameter b1 taken as constant term in model & ANOVA table
 (SEs, P values, CIs, and correlations are asymptotic approximations)
