=============================================================================================================
Estimation for PCs and MLY, specification 2
=============================================================================================================
   
US parameters:
-------------------------------------------------------------------
elascoef1 = 3.003557370581982
elascoef2 = 3.003557370581982
trend     = .0474278584763916
-------------------------------------------------------------------
   
Model specification estimated:
( lnYtou = lnY + {b1} + (1.3-1)*ln(t-{b2=1983})*{b3=3.003557370581982} - (1-.3)*lnYpercap*3.003557370581982 + 
> .0474278584763916*t  ) 
-------------------------------------------------------------------
(obs = 15)

Iteration 0:  residual SS =  124844.7
Iteration 1:  residual SS =  121133.7
Iteration 2:  residual SS =  4.265393
Iteration 3:  residual SS =  .2297616
Iteration 4:  residual SS =  .1686941
Iteration 5:  residual SS =  .1686901

      Source |       SS       df       MS            Number of obs =        15
-------------+------------------------------         F(  2,    12) =    718.07
       Model |  20.1885498     2  10.0942749         Prob > F      =    0.0000
    Residual |  .168690119    12   .01405751         R-squared     =    0.9917
-------------+------------------------------         Adj R-squared =    0.9903
       Total |  20.3572399    14  1.45408856         Root MSE      =  .1185644
                                                     Res. dev.     = -24.74797

------------------------------------------------------------------------------
      lnYtou |      Coef.   Std. Err.      t    P>|t|     [95% Conf. Interval]
-------------+----------------------------------------------------------------
          b1 |  -95.01659   1.171684   -81.09   0.000    -97.56947   -92.46371
          b2 |   1983.574   1.234911  1606.25   0.000     1980.883    1986.265
          b3 |   8.445871   1.202045     7.03   0.000      5.82684     11.0649
------------------------------------------------------------------------------
* Parameter b1 taken as constant term in model & ANOVA table
 (SEs, P values, CIs, and correlations are asymptotic approximations)
