=============================================================================================================
Estimation for PCs and MOR, specification 1
=============================================================================================================
   
US parameters:
-------------------------------------------------------------------
elascoef1 = 3.003557370581982
elascoef2 = 3.003557370581982
trend     = .0474278584763916
-------------------------------------------------------------------
   
Model specification estimated:
( lnYtou = lnY + {b1} + (1.3-1)*ln(t-{b2=1988})*3.003557370581982 - (1-.3)*lnYpercap*3.003557370581982 + .0474
> 278584763916*t  ) 
-------------------------------------------------------------------
(obs = 10)

Iteration 0:  residual SS =  88066.34
Iteration 1:  residual SS =  49493.01
Iteration 2:  residual SS =  .7015291
Iteration 3:  residual SS =  .7013755
Iteration 4:  residual SS =  .7013689

      Source |       SS       df       MS            Number of obs =        10
-------------+------------------------------         F(  1,     8) =     65.11
       Model |  5.70783414     1  5.70783414         Prob > F      =    0.0000
    Residual |  .701368485     8  .087671061         R-squared     =    0.8906
-------------+------------------------------         Adj R-squared =    0.8769
       Total |  6.40920263     9  .712133625         Root MSE      =   .296093
                                                     Res. dev.     =  1.805701

------------------------------------------------------------------------------
      lnYtou |      Coef.   Std. Err.      t    P>|t|     [95% Conf. Interval]
-------------+----------------------------------------------------------------
          b1 |  -93.34267   .1616722  -577.36   0.000    -93.71549   -92.96985
          b2 |   1991.479   .6241191  3190.86   0.000      1990.04    1992.918
------------------------------------------------------------------------------
* Parameter b1 taken as constant term in model & ANOVA table
 (SEs, P values, CIs, and correlations are asymptotic approximations)
