=============================================================================================================
Estimation for PCs and NGA, specification 1
=============================================================================================================
   
US parameters:
-------------------------------------------------------------------
elascoef1 = 3.003557370581982
elascoef2 = 3.003557370581982
trend     = .0474278584763916
-------------------------------------------------------------------
   
Model specification estimated:
( lnYtou = lnY + {b1} + (1.3-1)*ln(t-{b2=1988})*3.003557370581982 - (1-.3)*lnYpercap*3.003557370581982 + .0474
> 278584763916*t  ) 
-------------------------------------------------------------------
(obs = 10)

Iteration 0:  residual SS =  89601.34
Iteration 1:  residual SS =   58.1198
Iteration 2:  residual SS =   .167668
Iteration 3:  residual SS =  .0484855
Iteration 4:  residual SS =  .0211765
Iteration 5:  residual SS =  .0200707
Iteration 6:  residual SS =  .0200686

      Source |       SS       df       MS            Number of obs =        10
-------------+------------------------------         F(  1,     8) =    272.84
       Model |  .684446088     1  .684446088         Prob > F      =    0.0000
    Residual |   .02006855     8  .002508569         R-squared     =    0.9715
-------------+------------------------------         Adj R-squared =    0.9680
       Total |  .704514638     9  .078279404         Root MSE      =  .0500856
                                                     Res. dev.     = -33.73309

------------------------------------------------------------------------------
      lnYtou |      Coef.   Std. Err.      t    P>|t|     [95% Conf. Interval]
-------------+----------------------------------------------------------------
          b1 |  -95.99414   .2193916  -437.55   0.000    -96.50006   -95.48822
          b2 |   1957.572    9.64491   202.96   0.000     1935.331    1979.813
------------------------------------------------------------------------------
* Parameter b1 taken as constant term in model & ANOVA table
 (SEs, P values, CIs, and correlations are asymptotic approximations)
