=============================================================================================================
Estimation for PCs and NGA, specification 2
=============================================================================================================
   
US parameters:
-------------------------------------------------------------------
elascoef1 = 3.003557370581982
elascoef2 = 3.003557370581982
trend     = .0474278584763916
-------------------------------------------------------------------
   
Model specification estimated:
( lnYtou = lnY + {b1} + (1.3-1)*ln(t-{b2=1988})*{b3=3.003557370581982} - (1-.3)*lnYpercap*3.003557370581982 + 
> .0474278584763916*t  ) 
-------------------------------------------------------------------
(obs = 10)

Iteration 0:  residual SS =  89601.34
Iteration 1:  residual SS =  21561.35
Iteration 2:  residual SS =  5403.403
Iteration 3:  residual SS =  .0110048
Iteration 4:  residual SS =  .0109702
Iteration 5:  residual SS =  .0109695
Iteration 6:  residual SS =  .0109685
Iteration 7:  residual SS =  .0109681
Iteration 8:  residual SS =  .0109678
Iteration 9:  residual SS =  .0109676
Iteration 10:  residual SS =  .0109675
Iteration 11:  residual SS =  .0109674
Iteration 12:  residual SS =  .0109674
Iteration 13:  residual SS =  .0109674
Iteration 14:  residual SS =  .0109674
Iteration 15:  residual SS =  .0109674
Iteration 16:  residual SS =  .0109674
Iteration 17:  residual SS =  .0109673
Iteration 18:  residual SS =  .0109673
Iteration 19:  residual SS =  .0109673
Iteration 20:  residual SS =  .0109673

      Source |       SS       df       MS            Number of obs =        10
-------------+------------------------------         F(  2,     7) =    221.33
       Model |  .693547299     2  .346773649         Prob > F      =    0.0000
    Residual |   .01096734     7  .001566763         R-squared     =    0.9844
-------------+------------------------------         Adj R-squared =    0.9800
       Total |  .704514638     9  .078279404         Root MSE      =  .0395824
                                                     Res. dev.     = -39.77542

------------------------------------------------------------------------------
      lnYtou |      Coef.   Std. Err.      t    P>|t|     [95% Conf. Interval]
-------------+----------------------------------------------------------------
          b1 |  -92.80853   .1030332  -900.76   0.000    -93.05217    -92.5649
          b2 |   1992.219   1.128442  1765.46   0.000      1989.55    1994.887
          b3 |   .3105363   .1585814     1.96   0.091    -.0644492    .6855217
------------------------------------------------------------------------------
* Parameter b1 taken as constant term in model & ANOVA table
 (SEs, P values, CIs, and correlations are asymptotic approximations)
