=============================================================================================================
Estimation for PCs and NIC, specification 1
=============================================================================================================
   
US parameters:
-------------------------------------------------------------------
elascoef1 = 3.003557370581982
elascoef2 = 3.003557370581982
trend     = .0474278584763916
-------------------------------------------------------------------
   
Model specification estimated:
( lnYtou = lnY + {b1} + (1.3-1)*ln(t-{b2=1988})*3.003557370581982 - (1-.3)*lnYpercap*3.003557370581982 + .0474
> 278584763916*t  ) 
-------------------------------------------------------------------
(obs = 10)

Iteration 0:  residual SS =  87553.17
Iteration 1:  residual SS =  76824.79
Iteration 2:  residual SS =  .0535045
Iteration 3:  residual SS =   .048873
Iteration 4:  residual SS =  .0488691

      Source |       SS       df       MS            Number of obs =        10
-------------+------------------------------         F(  1,     8) =    451.12
       Model |  2.75573225     1  2.75573225         Prob > F      =    0.0000
    Residual |   .04886906     8  .006108632         R-squared     =    0.9826
-------------+------------------------------         Adj R-squared =    0.9804
       Total |  2.80460131     9  .311622368         Root MSE      =  .0781577
                                                     Res. dev.     = -24.83319

------------------------------------------------------------------------------
      lnYtou |      Coef.   Std. Err.      t    P>|t|     [95% Conf. Interval]
-------------+----------------------------------------------------------------
          b1 |   -93.3115   .0567331 -1644.75   0.000    -93.44232   -93.18067
          b2 |   1990.091   .3471345  5732.91   0.000      1989.29    1990.891
------------------------------------------------------------------------------
* Parameter b1 taken as constant term in model & ANOVA table
 (SEs, P values, CIs, and correlations are asymptotic approximations)
