=============================================================================================================
Estimation for PCs and NOR, specification 2
=============================================================================================================
   
US parameters:
-------------------------------------------------------------------
elascoef1 = 3.003557370581982
elascoef2 = 3.003557370581982
trend     = .0474278584763916
-------------------------------------------------------------------
   
Model specification estimated:
( lnYtou = lnY + {b1} + (1.3-1)*ln(t-{b2=1986})*{b3=3.003557370581982} - (1-.3)*lnYpercap*3.003557370581982 + 
> .0474278584763916*t  ) 
-------------------------------------------------------------------
(obs = 12)

Iteration 0:  residual SS =  92047.74
Iteration 1:  residual SS =  89289.23
Iteration 2:  residual SS =  .1102873
Iteration 3:  residual SS =  .0387157
Iteration 4:  residual SS =  .0386684
Iteration 5:  residual SS =  .0386672
Iteration 6:  residual SS =   .038667
Iteration 7:  residual SS =   .038667
Iteration 8:  residual SS =   .038667
Iteration 9:  residual SS =   .038667
Iteration 10:  residual SS =   .038667

      Source |       SS       df       MS            Number of obs =        12
-------------+------------------------------         F(  2,     9) =    289.06
       Model |  2.48377367     2  1.24188684         Prob > F      =    0.0000
    Residual |  .038667028     9  .004296336         R-squared     =    0.9847
-------------+------------------------------         Adj R-squared =    0.9813
       Total |   2.5224407    11  .229312791         Root MSE      =  .0655464
                                                     Res. dev.     = -34.79757

------------------------------------------------------------------------------
      lnYtou |      Coef.   Std. Err.      t    P>|t|     [95% Conf. Interval]
-------------+----------------------------------------------------------------
          b1 |  -87.81519    .900981   -97.47   0.000    -89.85335   -85.77702
          b2 |   1986.507     2.2357   888.54   0.000      1981.45    1991.565
          b3 |   3.427273   .9521737     3.60   0.006     1.273306    5.581239
------------------------------------------------------------------------------
* Parameter b1 taken as constant term in model & ANOVA table
 (SEs, P values, CIs, and correlations are asymptotic approximations)
