=============================================================================================================
Estimation for PCs and NOR, specification 1
=============================================================================================================
   
US parameters:
-------------------------------------------------------------------
elascoef1 = 3.003557370581982
elascoef2 = 3.003557370581982
trend     = .0474278584763916
-------------------------------------------------------------------
   
Model specification estimated:
( lnYtou = lnY + {b1} + (1.3-1)*ln(t-{b2=1986})*3.003557370581982 - (1-.3)*lnYpercap*3.003557370581982 + .0474
> 278584763916*t  ) 
-------------------------------------------------------------------
(obs = 12)

Iteration 0:  residual SS =  92047.74
Iteration 1:  residual SS =  70146.85
Iteration 2:  residual SS =  .0709729
Iteration 3:  residual SS =  .0404072
Iteration 4:  residual SS =  .0401381

      Source |       SS       df       MS            Number of obs =        12
-------------+------------------------------         F(  1,    10) =    618.44
       Model |  2.48230269     1  2.48230269         Prob > F      =    0.0000
    Residual |  .040138016    10  .004013802         R-squared     =    0.9841
-------------+------------------------------         Adj R-squared =    0.9825
       Total |   2.5224407    11  .229312791         Root MSE      =  .0633546
                                                     Res. dev.     = -34.34953

------------------------------------------------------------------------------
      lnYtou |      Coef.   Std. Err.      t    P>|t|     [95% Conf. Interval]
-------------+----------------------------------------------------------------
          b1 |  -87.42571   .0426999 -2047.45   0.000    -87.52085   -87.33057
          b2 |   1987.454   .3226105  6160.54   0.000     1986.735    1988.172
------------------------------------------------------------------------------
* Parameter b1 taken as constant term in model & ANOVA table
 (SEs, P values, CIs, and correlations are asymptotic approximations)
