=============================================================================================================
Estimation for PCs and NTH, specification 2
=============================================================================================================
   
US parameters:
-------------------------------------------------------------------
elascoef1 = 3.003557370581982
elascoef2 = 3.003557370581982
trend     = .0474278584763916
-------------------------------------------------------------------
   
Model specification estimated:
( lnYtou = lnY + {b1} + (1.3-1)*ln(t-{b2=1983})*{b3=3.003557370581982} - (1-.3)*lnYpercap*3.003557370581982 + 
> .0474278584763916*t  ) 
-------------------------------------------------------------------
(obs = 15)

Iteration 0:  residual SS =  116981.8
Iteration 1:  residual SS =    110074
Iteration 2:  residual SS =  .2020166
Iteration 3:  residual SS =  .0839178
Iteration 4:  residual SS =  .0549244
Iteration 5:  residual SS =  .0490712
Iteration 6:  residual SS =  .0488127
Iteration 7:  residual SS =  .0488109
Iteration 8:  residual SS =  .0488109
Iteration 9:  residual SS =  .0488109

      Source |       SS       df       MS            Number of obs =        15
-------------+------------------------------         F(  2,    12) =    884.16
       Model |  7.19275175     2  3.59637587         Prob > F      =    0.0000
    Residual |  .048810858    12  .004067572         R-squared     =    0.9933
-------------+------------------------------         Adj R-squared =    0.9921
       Total |   7.2415626    14  .517254472         Root MSE      =  .0637775
                                                     Res. dev.     = -43.34963

------------------------------------------------------------------------------
      lnYtou |      Coef.   Std. Err.      t    P>|t|     [95% Conf. Interval]
-------------+----------------------------------------------------------------
          b1 |  -90.04494   .9241868   -97.43   0.000    -92.05857   -88.03131
          b2 |   1982.025   1.835627  1079.75   0.000     1978.026    1986.025
          b3 |   5.206955   .8992856     5.79   0.000      3.24758     7.16633
------------------------------------------------------------------------------
* Parameter b1 taken as constant term in model & ANOVA table
 (SEs, P values, CIs, and correlations are asymptotic approximations)
