=============================================================================================================
Estimation for PCs and PHI, specification 2
=============================================================================================================
   
US parameters:
-------------------------------------------------------------------
elascoef1 = 3.003557370581982
elascoef2 = 3.003557370581982
trend     = .0474278584763916
-------------------------------------------------------------------
   
Model specification estimated:
( lnYtou = lnY + {b1} + (1.3-1)*ln(t-{b2=1983})*{b3=3.003557370581982} - (1-.3)*lnYpercap*3.003557370581982 + 
> .0474278584763916*t  ) 
-------------------------------------------------------------------
(obs = 15)

Iteration 0:  residual SS =  125500.8
Iteration 1:  residual SS =  121772.8
Iteration 2:  residual SS =  2.597868
Iteration 3:  residual SS =  .8666365
Iteration 4:  residual SS =  .0432149
Iteration 5:  residual SS =   .028114
Iteration 6:  residual SS =  .0281128

      Source |       SS       df       MS            Number of obs =        15
-------------+------------------------------         F(  2,    12) =   2440.61
       Model |  11.4353903     2  5.71769513         Prob > F      =    0.0000
    Residual |  .028112794    12  .002342733         R-squared     =    0.9975
-------------+------------------------------         Adj R-squared =    0.9971
       Total |   11.463503    14  .818821646         Root MSE      =  .0484018
                                                     Res. dev.     = -51.62555

------------------------------------------------------------------------------
      lnYtou |      Coef.   Std. Err.      t    P>|t|     [95% Conf. Interval]
-------------+----------------------------------------------------------------
          b1 |  -98.63481   2.520416   -39.13   0.000    -104.1263   -93.14329
          b2 |   1973.808   4.051826   487.14   0.000      1964.98    1982.636
          b3 |   10.26571   2.096685     4.90   0.000     5.697426    14.83399
------------------------------------------------------------------------------
* Parameter b1 taken as constant term in model & ANOVA table
 (SEs, P values, CIs, and correlations are asymptotic approximations)
