=============================================================================================================
Estimation for PCs and PHI, specification 1
=============================================================================================================
   
US parameters:
-------------------------------------------------------------------
elascoef1 = 3.003557370581982
elascoef2 = 3.003557370581982
trend     = .0474278584763916
-------------------------------------------------------------------
   
Model specification estimated:
( lnYtou = lnY + {b1} + (1.3-1)*ln(t-{b2=1983})*3.003557370581982 - (1-.3)*lnYpercap*3.003557370581982 + .0474
> 278584763916*t  ) 
-------------------------------------------------------------------
(obs = 15)

Iteration 0:  residual SS =  125500.8
Iteration 1:  residual SS =  7.457823
Iteration 2:  residual SS =  4.789061
Iteration 3:  residual SS =  2.437633
Iteration 4:  residual SS =  .8803202
Iteration 5:  residual SS =  .3767194
Iteration 6:  residual SS =  .3298907
Iteration 7:  residual SS =  .3287121
Iteration 8:  residual SS =  .3286972

      Source |       SS       df       MS            Number of obs =        15
-------------+------------------------------         F(  1,    13) =    440.38
       Model |  11.1348061     1  11.1348061         Prob > F      =    0.0000
    Residual |  .328696942    13   .02528438         R-squared     =    0.9713
-------------+------------------------------         Adj R-squared =    0.9691
       Total |   11.463503    14  .818821646         Root MSE      =  .1590106
                                                     Res. dev.     = -14.74188

------------------------------------------------------------------------------
      lnYtou |      Coef.   Std. Err.      t    P>|t|     [95% Conf. Interval]
-------------+----------------------------------------------------------------
          b1 |  -91.07614   .0637912 -1427.72   0.000    -91.21395   -90.93832
          b2 |   1986.419   .3044463  6524.70   0.000     1985.762    1987.077
------------------------------------------------------------------------------
* Parameter b1 taken as constant term in model & ANOVA table
 (SEs, P values, CIs, and correlations are asymptotic approximations)
