=============================================================================================================
Estimation for PCs and POL, specification 1
=============================================================================================================
   
US parameters:
-------------------------------------------------------------------
elascoef1 = 3.003557370581982
elascoef2 = 3.003557370581982
trend     = .0474278584763916
-------------------------------------------------------------------
   
Model specification estimated:
( lnYtou = lnY + {b1} + (1.3-1)*ln(t-{b2=1983})*3.003557370581982 - (1-.3)*lnYpercap*3.003557370581982 + .0474
> 278584763916*t  ) 
-------------------------------------------------------------------
(obs = 15)

Iteration 0:  residual SS =  129575.4
Iteration 1:  residual SS =  .9487033
Iteration 2:  residual SS =  .8269308
Iteration 3:  residual SS =  .8266927

      Source |       SS       df       MS            Number of obs =        15
-------------+------------------------------         F(  1,    13) =    211.83
       Model |  13.4704116     1  13.4704116         Prob > F      =    0.0000
    Residual |  .826684725    13  .063591133         R-squared     =    0.9422
-------------+------------------------------         Adj R-squared =    0.9377
       Total |  14.2970963    14  1.02122116         Root MSE      =  .2521728
                                                     Res. dev.     = -.9075753

------------------------------------------------------------------------------
      lnYtou |      Coef.   Std. Err.      t    P>|t|     [95% Conf. Interval]
-------------+----------------------------------------------------------------
          b1 |  -92.52248   .0977802  -946.23   0.000    -92.73372   -92.31124
          b2 |    1986.58   .4315083  4603.80   0.000     1985.648    1987.512
------------------------------------------------------------------------------
* Parameter b1 taken as constant term in model & ANOVA table
 (SEs, P values, CIs, and correlations are asymptotic approximations)
