=============================================================================================================
Estimation for PCs and ROM, specification 2
=============================================================================================================
   
US parameters:
-------------------------------------------------------------------
elascoef1 = 3.003557370581982
elascoef2 = 3.003557370581982
trend     = .0474278584763916
-------------------------------------------------------------------
   
Model specification estimated:
( lnYtou = lnY + {b1} + (1.3-1)*ln(t-{b2=1985})*{b3=3.003557370581982} - (1-.3)*lnYpercap*3.003557370581982 + 
> .0474278584763916*t  ) 
-------------------------------------------------------------------
(obs = 13)

Iteration 0:  residual SS =  108083.5
Iteration 1:  residual SS =  104904.8
Iteration 2:  residual SS =  .7497092
Iteration 3:  residual SS =   .317768
Iteration 4:  residual SS =  .3032497
Iteration 5:  residual SS =  .3030088
Iteration 6:  residual SS =  .3029935
Iteration 7:  residual SS =  .3029919
Iteration 8:  residual SS =  .3029918
Iteration 9:  residual SS =  .3029917
Iteration 10:  residual SS =  .3029917
Iteration 11:  residual SS =  .3029917

      Source |       SS       df       MS            Number of obs =        13
-------------+------------------------------         F(  2,    10) =    163.98
       Model |  9.93712573     2  4.96856286         Prob > F      =    0.0000
    Residual |  .302991739    10  .030299174         R-squared     =    0.9704
-------------+------------------------------         Adj R-squared =    0.9645
       Total |  10.2401175    12  .853343122         Root MSE      =  .1740666
                                                     Res. dev.     = -11.97459

------------------------------------------------------------------------------
      lnYtou |      Coef.   Std. Err.      t    P>|t|     [95% Conf. Interval]
-------------+----------------------------------------------------------------
          b1 |  -92.92915   2.196304   -42.31   0.000    -97.82282   -88.03548
          b2 |   1985.407   3.432216   578.46   0.000     1977.759    1993.054
          b3 |   5.605878   2.285293     2.45   0.034     .5139283    10.69783
------------------------------------------------------------------------------
* Parameter b1 taken as constant term in model & ANOVA table
 (SEs, P values, CIs, and correlations are asymptotic approximations)
