=============================================================================================================
Estimation for PCs and SAF, specification 2
=============================================================================================================
   
US parameters:
-------------------------------------------------------------------
elascoef1 = 3.003557370581982
elascoef2 = 3.003557370581982
trend     = .0474278584763916
-------------------------------------------------------------------
   
Model specification estimated:
( lnYtou = lnY + {b1} + (1.3-1)*ln(t-{b2=1983})*{b3=3.003557370581982} - (1-.3)*lnYpercap*3.003557370581982 + 
> .0474278584763916*t  ) 
-------------------------------------------------------------------
(obs = 15)

Iteration 0:  residual SS =  127581.7
Iteration 1:  residual SS =  123714.8
Iteration 2:  residual SS =  9.332036
Iteration 3:  residual SS =  1.288553
Iteration 4:  residual SS =   .157772
Iteration 5:  residual SS =  .1569957
Iteration 6:  residual SS =  .1569757
Iteration 7:  residual SS =  .1569752
Iteration 8:  residual SS =  .1569752
Iteration 9:  residual SS =  .1569752
Iteration 10:  residual SS =  .1569752

      Source |       SS       df       MS            Number of obs =        15
-------------+------------------------------         F(  2,    12) =    631.85
       Model |  16.5309065     2  8.26545327         Prob > F      =    0.0000
    Residual |  .156975208    12  .013081267         R-squared     =    0.9906
-------------+------------------------------         Adj R-squared =    0.9890
       Total |  16.6878818    14  1.19199155         Root MSE      =  .1143734
                                                     Res. dev.     = -25.82761

------------------------------------------------------------------------------
      lnYtou |      Coef.   Std. Err.      t    P>|t|     [95% Conf. Interval]
-------------+----------------------------------------------------------------
          b1 |  -100.1236   4.672792   -21.43   0.000    -110.3047   -89.94241
          b2 |   1975.803   6.166983   320.38   0.000     1962.366     1989.24
          b3 |   11.46556   3.996688     2.87   0.014     2.757522    20.17359
------------------------------------------------------------------------------
* Parameter b1 taken as constant term in model & ANOVA table
 (SEs, P values, CIs, and correlations are asymptotic approximations)
