=============================================================================================================
Estimation for PCs and SAF, specification 1
=============================================================================================================
   
US parameters:
-------------------------------------------------------------------
elascoef1 = 3.003557370581982
elascoef2 = 3.003557370581982
trend     = .0474278584763916
-------------------------------------------------------------------
   
Model specification estimated:
( lnYtou = lnY + {b1} + (1.3-1)*ln(t-{b2=1983})*3.003557370581982 - (1-.3)*lnYpercap*3.003557370581982 + .0474
> 278584763916*t  ) 
-------------------------------------------------------------------
(obs = 15)

Iteration 0:  residual SS =  127581.7
Iteration 1:  residual SS =  96912.67
Iteration 2:  residual SS =  1.158873
Iteration 3:  residual SS =   1.00907
Iteration 4:  residual SS =  1.008259

      Source |       SS       df       MS            Number of obs =        15
-------------+------------------------------         F(  1,    13) =    202.17
       Model |  15.6796236     1  15.6796236         Prob > F      =    0.0000
    Residual |  1.00825818    13  .077558321         R-squared     =    0.9396
-------------+------------------------------         Adj R-squared =    0.9349
       Total |  16.6878818    14  1.19199155         Root MSE      =  .2784929
                                                     Res. dev.     =  2.070767

------------------------------------------------------------------------------
      lnYtou |      Coef.   Std. Err.      t    P>|t|     [95% Conf. Interval]
-------------+----------------------------------------------------------------
          b1 |   -91.7269   .0981436  -934.62   0.000    -91.93893   -91.51488
          b2 |   1987.003   .3343373  5943.11   0.000     1986.281    1987.725
------------------------------------------------------------------------------
* Parameter b1 taken as constant term in model & ANOVA table
 (SEs, P values, CIs, and correlations are asymptotic approximations)
