=============================================================================================================
Estimation for PCs and SBM, specification 2
=============================================================================================================
   
US parameters:
-------------------------------------------------------------------
elascoef1 = 3.003557370581982
elascoef2 = 3.003557370581982
trend     = .0474278584763916
-------------------------------------------------------------------
   
Model specification estimated:
( lnYtou = lnY + {b1} + (1.3-1)*ln(t-{b2=1988})*{b3=3.003557370581982} - (1-.3)*lnYpercap*3.003557370581982 + 
> .0474278584763916*t  ) 
-------------------------------------------------------------------
(obs = 10)

Iteration 0:  residual SS =  86387.89
Iteration 1:  residual SS =   83830.9
Iteration 2:  residual SS =  .0929805
Iteration 3:  residual SS =  .0338669
Iteration 4:  residual SS =  .0336931
Iteration 5:  residual SS =  .0336902
Iteration 6:  residual SS =  .0336897
Iteration 7:  residual SS =  .0336896
Iteration 8:  residual SS =  .0336896
Iteration 9:  residual SS =  .0336896
Iteration 10:  residual SS =  .0336896
Iteration 11:  residual SS =  .0336896

      Source |       SS       df       MS            Number of obs =        10
-------------+------------------------------         F(  2,     7) =     49.60
       Model |  .477391321     2  .238695661         Prob > F      =    0.0001
    Residual |  .033689564     7  .004812795         R-squared     =    0.9341
-------------+------------------------------         Adj R-squared =    0.9152
       Total |  .511080885     9  .056786765         Root MSE      =  .0693743
                                                     Res. dev.     = -28.55275

------------------------------------------------------------------------------
      lnYtou |      Coef.   Std. Err.      t    P>|t|     [95% Conf. Interval]
-------------+----------------------------------------------------------------
          b1 |  -91.24021    .225649  -404.35   0.000    -91.77378   -90.70663
          b2 |   1991.983   1.441516  1381.87   0.000     1988.574    1995.392
          b3 |   .6133137   .3305267     1.86   0.106    -.1682576    1.394885
------------------------------------------------------------------------------
* Parameter b1 taken as constant term in model & ANOVA table
 (SEs, P values, CIs, and correlations are asymptotic approximations)
