=============================================================================================================
Estimation for PCs and SPA, specification 2
=============================================================================================================
   
US parameters:
-------------------------------------------------------------------
elascoef1 = 3.003557370581982
elascoef2 = 3.003557370581982
trend     = .0474278584763916
-------------------------------------------------------------------
   
Model specification estimated:
( lnYtou = lnY + {b1} + (1.3-1)*ln(t-{b2=1983})*{b3=3.003557370581982} - (1-.3)*lnYpercap*3.003557370581982 + 
> .0474278584763916*t  ) 
-------------------------------------------------------------------
(obs = 15)

Iteration 0:  residual SS =  120972.7
Iteration 1:  residual SS =    113638
Iteration 2:  residual SS =  2.553146
Iteration 3:  residual SS =  2.051434
Iteration 4:  residual SS =  1.932118
Iteration 5:  residual SS =  1.770019
Iteration 6:  residual SS =   1.68792
Iteration 7:  residual SS =  1.683721
Iteration 8:  residual SS =  1.605122
Iteration 9:  residual SS =  1.545653
Iteration 10:  residual SS =  1.504908
Iteration 11:  residual SS =  1.483022
Iteration 12:  residual SS =  1.480762
Iteration 13:  residual SS =    1.4416
Iteration 14:  residual SS =  1.407118
Iteration 15:  residual SS =   1.37727
Iteration 16:  residual SS =  1.352044
Iteration 17:  residual SS =   1.33147
Iteration 18:  residual SS =  1.315621
Iteration 19:  residual SS =   1.30462
Iteration 20:  residual SS =  1.298649
Iteration 21:  residual SS =  1.297956
Iteration 22:  residual SS =  1.279858
Iteration 23:  residual SS =  1.262923
Iteration 24:  residual SS =  1.247151
Iteration 25:  residual SS =  1.232546
Iteration 26:  residual SS =  1.219113
Iteration 27:  residual SS =  1.206861
Iteration 28:  residual SS =  1.195804
Iteration 29:  residual SS =  1.185958
Iteration 30:  residual SS =  1.177345
Iteration 31:  residual SS =   1.16999
Iteration 32:  residual SS =  1.163923
Iteration 33:  residual SS =  1.159181
Iteration 34:  residual SS =  1.155806
Iteration 35:  residual SS =  1.153846
Iteration 36:  residual SS =  1.153358
Iteration 37:  residual SS =   1.14503
Iteration 38:  residual SS =  1.136999
Iteration 39:  residual SS =  1.129266
Iteration 40:  residual SS =  1.121833
Iteration 41:  residual SS =  1.114701
Iteration 42:  residual SS =  1.107873
Iteration 43:  residual SS =  1.101352
Iteration 44:  residual SS =  1.095139
Iteration 45:  residual SS =  1.089237
Iteration 46:  residual SS =  1.083651
Iteration 47:  residual SS =  1.078384
Iteration 48:  residual SS =  1.073441
Iteration 49:  residual SS =  1.068824

      Source |       SS       df       MS            Number of obs =        15
-------------+------------------------------         F(  2,    12) =     41.53
       Model |  7.36795954     2  3.68397977         Prob > F      =    0.0000
    Residual |  1.06454127    12  .088711773         R-squared     =    0.8738
-------------+------------------------------         Adj R-squared =    0.8527
       Total |  8.43250081    14  .602321486         Root MSE      =  .2978452
                                                     Res. dev.     =  2.885563

------------------------------------------------------------------------------
      lnYtou |      Coef.   Std. Err.      t    P>|t|     [95% Conf. Interval]
-------------+----------------------------------------------------------------
          b1 |  -159.6348   116.1147    -1.37   0.194    -412.6269    93.35731
          b2 |   1890.736   137.8955    13.71   0.000     1590.287    2191.184
          b3 |   51.84457   68.73104     0.75   0.465     -97.9075    201.5966
------------------------------------------------------------------------------
* Parameter b1 taken as constant term in model & ANOVA table
 (SEs, P values, CIs, and correlations are asymptotic approximations)
convergence not achieved
