=============================================================================================================
Estimation for PCs and SRI, specification 2
=============================================================================================================
   
US parameters:
-------------------------------------------------------------------
elascoef1 = 3.003557370581982
elascoef2 = 3.003557370581982
trend     = .0474278584763916
-------------------------------------------------------------------
   
Model specification estimated:
( lnYtou = lnY + {b1} + (1.3-1)*ln(t-{b2=1985})*{b3=3.003557370581982} - (1-.3)*lnYpercap*3.003557370581982 + 
> .0474278584763916*t  ) 
-------------------------------------------------------------------
(obs = 12)

Iteration 0:  residual SS =    108121
Iteration 1:  residual SS =  104794.3
Iteration 2:  residual SS =  43.20668
Iteration 3:  residual SS =  4.717182
Iteration 4:  residual SS =  .4413481
Iteration 5:  residual SS =  .4116917
Iteration 6:  residual SS =  .4116675
Iteration 7:  residual SS =  .4116675

      Source |       SS       df       MS            Number of obs =        12
-------------+------------------------------         F(  2,     9) =    247.71
       Model |  22.6607995     2  11.3303998         Prob > F      =    0.0000
    Residual |  .411667546     9  .045740838         R-squared     =    0.9822
-------------+------------------------------         Adj R-squared =    0.9782
       Total |  23.0724671    11  2.09749701         Root MSE      =  .2138711
                                                     Res. dev.     = -6.414825

------------------------------------------------------------------------------
      lnYtou |      Coef.   Std. Err.      t    P>|t|     [95% Conf. Interval]
-------------+----------------------------------------------------------------
          b1 |  -105.0435     6.3794   -16.47   0.000    -119.4747   -90.61234
          b2 |   1981.561    4.93142   401.82   0.000     1970.405    1992.717
          b3 |   15.53457   5.914139     2.63   0.028     2.155857    28.91328
------------------------------------------------------------------------------
* Parameter b1 taken as constant term in model & ANOVA table
 (SEs, P values, CIs, and correlations are asymptotic approximations)
