=============================================================================================================
Estimation for PCs and SRI, specification 1
=============================================================================================================
   
US parameters:
-------------------------------------------------------------------
elascoef1 = 3.003557370581982
elascoef2 = 3.003557370581982
trend     = .0474278584763916
-------------------------------------------------------------------
   
Model specification estimated:
( lnYtou = lnY + {b1} + (1.3-1)*ln(t-{b2=1985})*3.003557370581982 - (1-.3)*lnYpercap*3.003557370581982 + .0474
> 278584763916*t  ) 
-------------------------------------------------------------------
(obs = 12)

Iteration 0:  residual SS =    108121
Iteration 1:  residual SS =  94694.87
Iteration 2:  residual SS =  53100.79
Iteration 3:  residual SS =   4.58749
Iteration 4:  residual SS =  3.932136
Iteration 5:  residual SS =  3.898637
Iteration 6:  residual SS =   3.89827

      Source |       SS       df       MS            Number of obs =        12
-------------+------------------------------         F(  1,    10) =     49.19
       Model |  19.1742171     1  19.1742171         Prob > F      =    0.0000
    Residual |  3.89824996    10  .389824996         R-squared     =    0.8310
-------------+------------------------------         Adj R-squared =    0.8141
       Total |  23.0724671    11  2.09749701         Root MSE      =  .6243597
                                                     Res. dev.     =  20.56198

------------------------------------------------------------------------------
      lnYtou |      Coef.   Std. Err.      t    P>|t|     [95% Conf. Interval]
-------------+----------------------------------------------------------------
          b1 |   -94.1243   .2032581  -463.08   0.000    -94.57718   -93.67141
          b2 |   1989.752   .1863454        .   0.000     1989.336    1990.167
------------------------------------------------------------------------------
* Parameter b1 taken as constant term in model & ANOVA table
 (SEs, P values, CIs, and correlations are asymptotic approximations)
