=============================================================================================================
Estimation for PCs and SVN, specification 2
=============================================================================================================
   
US parameters:
-------------------------------------------------------------------
elascoef1 = 3.003557370581982
elascoef2 = 3.003557370581982
trend     = .0474278584763916
-------------------------------------------------------------------
   
Model specification estimated:
( lnYtou = lnY + {b1} + (1.3-1)*ln(t-{b2=1986})*{b3=3.003557370581982} - (1-.3)*lnYpercap*3.003557370581982 + 
> .0474278584763916*t  ) 
-------------------------------------------------------------------
(obs = 12)

Iteration 0:  residual SS =  95633.74
Iteration 1:  residual SS =  92822.71
Iteration 2:  residual SS =  4.672304
Iteration 3:  residual SS =  .1854993
Iteration 4:  residual SS =  .1849169
Iteration 5:  residual SS =   .184916
Iteration 6:  residual SS =  .1849158
Iteration 7:  residual SS =  .1849158
Iteration 8:  residual SS =  .1849158
Iteration 9:  residual SS =  .1849158
Iteration 10:  residual SS =  .1849158

      Source |       SS       df       MS            Number of obs =        12
-------------+------------------------------         F(  2,     9) =    166.25
       Model |  6.83179714     2  3.41589857         Prob > F      =    0.0000
    Residual |  .184915819     9  .020546202         R-squared     =    0.9736
-------------+------------------------------         Adj R-squared =    0.9678
       Total |  7.01671296    11  .637882997         Root MSE      =  .1433395
                                                     Res. dev.     = -16.01861

------------------------------------------------------------------------------
      lnYtou |      Coef.   Std. Err.      t    P>|t|     [95% Conf. Interval]
-------------+----------------------------------------------------------------
          b1 |  -92.51062    2.85751   -32.37   0.000    -98.97476   -86.04648
          b2 |   1985.113    3.75396   528.80   0.000     1976.621    1993.605
          b3 |   7.421914   2.866195     2.59   0.029     .9381309     13.9057
------------------------------------------------------------------------------
* Parameter b1 taken as constant term in model & ANOVA table
 (SEs, P values, CIs, and correlations are asymptotic approximations)
