=============================================================================================================
Estimation for PCs and SWZ, specification 1
=============================================================================================================
   
US parameters:
-------------------------------------------------------------------
elascoef1 = 3.003557370581982
elascoef2 = 3.003557370581982
trend     = .0474278584763916
-------------------------------------------------------------------
   
Model specification estimated:
( lnYtou = lnY + {b1} + (1.3-1)*ln(t-{b2=1983})*3.003557370581982 - (1-.3)*lnYpercap*3.003557370581982 + .0474
> 278584763916*t  ) 
-------------------------------------------------------------------
(obs = 15)

Iteration 0:  residual SS =  116091.6
Iteration 1:  residual SS =  88613.34
Iteration 2:  residual SS =  .3139595
Iteration 3:  residual SS =  .3074354
Iteration 4:  residual SS =  .3073872

      Source |       SS       df       MS            Number of obs =        15
-------------+------------------------------         F(  1,    13) =    463.03
       Model |  10.9484943     1  10.9484943         Prob > F      =    0.0000
    Residual |  .307386337    13  .023645103         R-squared     =    0.9727
-------------+------------------------------         Adj R-squared =    0.9706
       Total |  11.2558806    14  .803991473         Root MSE      =  .1537696
                                                     Res. dev.     = -15.74735

------------------------------------------------------------------------------
      lnYtou |      Coef.   Std. Err.      t    P>|t|     [95% Conf. Interval]
-------------+----------------------------------------------------------------
          b1 |  -87.56103   .0602002 -1454.50   0.000    -87.69109   -87.43098
          b2 |   1986.538   .2717676  7309.69   0.000     1985.951    1987.125
------------------------------------------------------------------------------
* Parameter b1 taken as constant term in model & ANOVA table
 (SEs, P values, CIs, and correlations are asymptotic approximations)
