=============================================================================================================
Estimation for PCs and THA, specification 1
=============================================================================================================
   
US parameters:
-------------------------------------------------------------------
elascoef1 = 3.003557370581982
elascoef2 = 3.003557370581982
trend     = .0474278584763916
-------------------------------------------------------------------
   
Model specification estimated:
( lnYtou = lnY + {b1} + (1.3-1)*ln(t-{b2=1983})*3.003557370581982 - (1-.3)*lnYpercap*3.003557370581982 + .0474
> 278584763916*t  ) 
-------------------------------------------------------------------
(obs = 15)

Iteration 0:  residual SS =  128116.8
Iteration 1:  residual SS =  8.016514
Iteration 2:  residual SS =  5.588372
Iteration 3:  residual SS =  .7980898
Iteration 4:  residual SS =  .4352793
Iteration 5:  residual SS =   .424415
Iteration 6:  residual SS =  .4243418

      Source |       SS       df       MS            Number of obs =        15
-------------+------------------------------         F(  1,    13) =    381.70
       Model |  12.4592262     1  12.4592262         Prob > F      =    0.0000
    Residual |  .424340261    13  .032641559         R-squared     =    0.9671
-------------+------------------------------         Adj R-squared =    0.9645
       Total |  12.8835664    14  .920254746         Root MSE      =  .1806697
                                                     Res. dev.     = -10.91089

------------------------------------------------------------------------------
      lnYtou |      Coef.   Std. Err.      t    P>|t|     [95% Conf. Interval]
-------------+----------------------------------------------------------------
          b1 |  -91.82073   .0566812 -1619.95   0.000    -91.94318   -91.69828
          b2 |   1987.439   .1215695        .   0.000     1987.176    1987.702
------------------------------------------------------------------------------
* Parameter b1 taken as constant term in model & ANOVA table
 (SEs, P values, CIs, and correlations are asymptotic approximations)
