=============================================================================================================
Estimation for PCs and TUR, specification 2
=============================================================================================================
   
US parameters:
-------------------------------------------------------------------
elascoef1 = 3.003557370581982
elascoef2 = 3.003557370581982
trend     = .0474278584763916
-------------------------------------------------------------------
   
Model specification estimated:
( lnYtou = lnY + {b1} + (1.3-1)*ln(t-{b2=1983})*{b3=3.003557370581982} - (1-.3)*lnYpercap*3.003557370581982 + 
> .0474278584763916*t  ) 
-------------------------------------------------------------------
(obs = 15)

Iteration 0:  residual SS =  127495.6
Iteration 1:  residual SS =  123616.7
Iteration 2:  residual SS =  .7983645
Iteration 3:  residual SS =  .0813174
Iteration 4:  residual SS =   .077125
Iteration 5:  residual SS =  .0771236
Iteration 6:  residual SS =  .0771236

      Source |       SS       df       MS            Number of obs =        15
-------------+------------------------------         F(  2,    12) =   1076.26
       Model |  13.8341615     2  6.91708073         Prob > F      =    0.0000
    Residual |  .077123557    12  .006426963         R-squared     =    0.9945
-------------+------------------------------         Adj R-squared =    0.9935
       Total |   13.911285    14  .993663216         Root MSE      =  .0801683
                                                     Res. dev.     = -36.48779

------------------------------------------------------------------------------
      lnYtou |      Coef.   Std. Err.      t    P>|t|     [95% Conf. Interval]
-------------+----------------------------------------------------------------
          b1 |  -93.70472   .6029962  -155.40   0.000    -95.01854   -92.39091
          b2 |   1984.484   .8788409  2258.07   0.000     1982.569    1986.399
          b3 |   5.454485   .6438365     8.47   0.000     4.051686    6.857284
------------------------------------------------------------------------------
* Parameter b1 taken as constant term in model & ANOVA table
 (SEs, P values, CIs, and correlations are asymptotic approximations)
