=============================================================================================================
Estimation for PCs and UNK, specification 2
=============================================================================================================
   
US parameters:
-------------------------------------------------------------------
elascoef1 = 3.003557370581982
elascoef2 = 3.003557370581982
trend     = .0474278584763916
-------------------------------------------------------------------
   
Model specification estimated:
( lnYtou = lnY + {b1} + (1.3-1)*ln(t-{b2=1980})*{b3=3.003557370581982} - (1-.3)*lnYpercap*3.003557370581982 + 
> .0474278584763916*t  ) 
-------------------------------------------------------------------
(obs = 18)

Iteration 0:  residual SS =  141486.4
Iteration 1:  residual SS =  137162.9
Iteration 2:  residual SS =  .1348333
Iteration 3:  residual SS =  .0260161
Iteration 4:  residual SS =  .0259193
Iteration 5:  residual SS =  .0259192
Iteration 6:  residual SS =  .0259192

      Source |       SS       df       MS            Number of obs =        18
-------------+------------------------------         F(  2,    15) =   2612.40
       Model |  9.02819553     2  4.51409776         Prob > F      =    0.0000
    Residual |  .025919228    15  .001727949         R-squared     =    0.9971
-------------+------------------------------         Adj R-squared =    0.9968
       Total |  9.05411475    17  .532594986         Root MSE      =  .0415686
                                                     Res. dev.     = -66.69477

------------------------------------------------------------------------------
      lnYtou |      Coef.   Std. Err.      t    P>|t|     [95% Conf. Interval]
-------------+----------------------------------------------------------------
          b1 |  -89.38464   .3178438  -281.22   0.000    -90.06211   -88.70717
          b2 |   1980.644   .7233449  2738.17   0.000     1979.103    1982.186
          b3 |   4.061933    .318067    12.77   0.000     3.383989    4.739877
------------------------------------------------------------------------------
* Parameter b1 taken as constant term in model & ANOVA table
 (SEs, P values, CIs, and correlations are asymptotic approximations)
