=============================================================================================================
Estimation for PCs and USA, specification 2
=============================================================================================================
   
US parameters:
-------------------------------------------------------------------
elascoef1 = 3.003557370581982
elascoef2 = 3.003557370581982
trend     = .0474278584763916
-------------------------------------------------------------------
   
Model specification estimated:
( lnYtou = lnY + {b1} + (1.3-1)*ln(t-{b2=1976})*{b3=3.003557370581982} - (1-.3)*lnYpercap*3.003557370581982 + 
> .0474278584763916*t  ) 
-------------------------------------------------------------------
(obs = 22)

Iteration 0:  residual SS =  170754.8
Iteration 1:  residual SS =  165523.7
Iteration 2:  residual SS =  126694.9
Iteration 3:  residual SS =   71230.2
Iteration 4:  residual SS =  .3770885
Iteration 5:  residual SS =  .2759083
Iteration 6:  residual SS =  .2736629
Iteration 7:  residual SS =  .2736588
Iteration 8:  residual SS =  .2736588
Iteration 9:  residual SS =  .2736587

      Source |       SS       df       MS            Number of obs =        22
-------------+------------------------------         F(  2,    19) =    927.47
       Model |  26.7169777     2  13.3584888         Prob > F      =    0.0000
    Residual |  .273658749    19  .014403092         R-squared     =    0.9899
-------------+------------------------------         Adj R-squared =    0.9888
       Total |  26.9906364    21   1.2852684         Root MSE      =  .1200129
                                                     Res. dev.     = -34.07885

------------------------------------------------------------------------------
      lnYtou |      Coef.   Std. Err.      t    P>|t|     [95% Conf. Interval]
-------------+----------------------------------------------------------------
          b1 |  -87.61802   .1222793  -716.54   0.000    -87.87396   -87.36209
          b2 |   1980.637   .0918148        .   0.000     1980.445    1980.829
          b3 |   3.053361   .1605153    19.02   0.000     2.717399    3.389324
------------------------------------------------------------------------------
* Parameter b1 taken as constant term in model & ANOVA table
 (SEs, P values, CIs, and correlations are asymptotic approximations)
