=============================================================================================================
Estimation for PCs and ZBW, specification 2
=============================================================================================================
   
US parameters:
-------------------------------------------------------------------
elascoef1 = 3.003557370581982
elascoef2 = 3.003557370581982
trend     = .0474278584763916
-------------------------------------------------------------------
   
Model specification estimated:
( lnYtou = lnY + {b1} + (1.3-1)*ln(t-{b2=1985})*{b3=3.003557370581982} - (1-.3)*lnYpercap*3.003557370581982 + 
> .0474278584763916*t  ) 
-------------------------------------------------------------------
(obs = 13)

Iteration 0:  residual SS =  117179.3
Iteration 1:  residual SS =  113626.2
Iteration 2:  residual SS =  15.83405
Iteration 3:  residual SS =  3.823787
Iteration 4:  residual SS =  .7801759
Iteration 5:  residual SS =  .7056377
Iteration 6:  residual SS =  .7046939
Iteration 7:  residual SS =  .7046908
Iteration 8:  residual SS =  .7046908

      Source |       SS       df       MS            Number of obs =        13
-------------+------------------------------         F(  2,    10) =    230.92
       Model |  32.5451391     2  16.2725696         Prob > F      =    0.0000
    Residual |   .70469081    10  .070469081         R-squared     =    0.9788
-------------+------------------------------         Adj R-squared =    0.9746
       Total |  33.2498299    12  2.77081916         Root MSE      =  .2654601
                                                     Res. dev.     =  -1.00189

------------------------------------------------------------------------------
      lnYtou |      Coef.   Std. Err.      t    P>|t|     [95% Conf. Interval]
-------------+----------------------------------------------------------------
          b1 |  -99.51976   2.477537   -40.17   0.000    -105.0401   -93.99947
          b2 |   1986.385   1.881346  1055.83   0.000     1982.193    1990.577
          b3 |   10.25051   2.694823     3.80   0.003     4.246072    16.25495
------------------------------------------------------------------------------
* Parameter b1 taken as constant term in model & ANOVA table
 (SEs, P values, CIs, and correlations are asymptotic approximations)
