=============================================================================================================
Estimation for rail_pass and ALG, specification 1
=============================================================================================================
   
US parameters:
-------------------------------------------------------------------
elascoef1 = 2.072647503008684
elascoef2 = 2.072647503008684
trend     = -.0240116130922127
-------------------------------------------------------------------
   
Model specification estimated:
( lnYtou = lnY + {b1} + (1.3-1)*ln(t-{b2=1865})*2.072647503008684 - (1-.3)*lnYpercap*2.072647503008684 + -.024
> 0116130922127*t  ) 
-------------------------------------------------------------------
(obs = 46)

Iteration 0:  residual SS =   81714.3
Iteration 1:  residual SS =  62623.78
Iteration 2:  residual SS =  47966.44
Iteration 3:  residual SS =  36734.57
Iteration 4:  residual SS =  20693.67
Iteration 5:  residual SS =  5193.302
Iteration 6:  residual SS =  15.48894

      Source |       SS       df       MS            Number of obs =        46
-------------+------------------------------         F(  1,    44) =     42.72
       Model |  15.0375666     1  15.0375666         Prob > F      =    0.0000
    Residual |  15.4889333    44  .352021212         R-squared     =    0.4926
-------------+------------------------------         Adj R-squared =    0.4811
       Total |  30.5264999    45  .678366665         Root MSE      =  .5933138
                                                     Res. dev.     =  80.47063

------------------------------------------------------------------------------
      lnYtou |      Coef.   Std. Err.      t    P>|t|     [95% Conf. Interval]
-------------+----------------------------------------------------------------
          b1 |   42.25062   .0884576   477.64   0.000     42.07235     42.4289
          b2 |   1869.987   .0122897        .   0.000     1869.962    1870.012
------------------------------------------------------------------------------
* Parameter b1 taken as constant term in model & ANOVA table
 (SEs, P values, CIs, and correlations are asymptotic approximations)
