=============================================================================================================
Estimation for rail_pass and ARG, specification 1
=============================================================================================================
   
US parameters:
-------------------------------------------------------------------
elascoef1 = 2.072647503008684
elascoef2 = 2.072647503008684
trend     = -.0240116130922127
-------------------------------------------------------------------
   
Model specification estimated:
( lnYtou = lnY + {b1} + (1.3-1)*ln(t-{b2=1923})*2.072647503008684 - (1-.3)*lnYpercap*2.072647503008684 + -.024
> 0116130922127*t  ) 
-------------------------------------------------------------------
(obs = 66)

Iteration 0:  residual SS =  133230.5
Iteration 1:  residual SS =  7.861604
Iteration 2:  residual SS =  7.620424
Iteration 3:  residual SS =  7.619615
Iteration 4:  residual SS =  7.619413
Iteration 5:  residual SS =   7.61935
Iteration 6:  residual SS =  7.619331

      Source |       SS       df       MS            Number of obs =        66
-------------+------------------------------         F(  1,    64) =     76.25
       Model |  9.07723485     1  9.07723485         Prob > F      =    0.0000
    Residual |  7.61932602    64  .119051969         R-squared     =    0.5437
-------------+------------------------------         Adj R-squared =    0.5365
       Total |  16.6965609    65  .256870167         Root MSE      =  .3450391
                                                     Res. dev.     =  44.80808

------------------------------------------------------------------------------
      lnYtou |      Coef.   Std. Err.      t    P>|t|     [95% Conf. Interval]
-------------+----------------------------------------------------------------
          b1 |   45.02576   .0514744   874.72   0.000     44.92292    45.12859
          b2 |   1926.225   .7817741  2463.92   0.000     1924.663    1927.787
------------------------------------------------------------------------------
* Parameter b1 taken as constant term in model & ANOVA table
 (SEs, P values, CIs, and correlations are asymptotic approximations)
