=============================================================================================================
Estimation for rail_pass and BLG, specification 1
=============================================================================================================
   
US parameters:
-------------------------------------------------------------------
elascoef1 = 2.072647503008684
elascoef2 = 2.072647503008684
trend     = -.0240116130922127
-------------------------------------------------------------------
   
Model specification estimated:
( lnYtou = lnY + {b1} + (1.3-1)*ln(t-{b2=1905})*2.072647503008684 - (1-.3)*lnYpercap*2.072647503008684 + -.024
> 0116130922127*t  ) 
-------------------------------------------------------------------
(obs = 75)

Iteration 0:  residual SS =  153389.8
Iteration 1:  residual SS =  86242.32
Iteration 2:  residual SS =  18.28872
Iteration 3:  residual SS =  16.61504
Iteration 4:  residual SS =  16.37748
Iteration 5:  residual SS =  16.37612
Iteration 6:  residual SS =  16.37529
Iteration 7:  residual SS =  16.37504
Iteration 8:  residual SS =  16.37488
Iteration 9:  residual SS =  16.37481
Iteration 10:  residual SS =  16.37477

      Source |       SS       df       MS            Number of obs =        75
-------------+------------------------------         F(  1,    73) =    -56.01
       Model | -12.5636613     1 -12.5636613         Prob > F      =    1.0000
    Residual |  16.3747565    73  .224311733         R-squared     =   -3.2966
-------------+------------------------------         Adj R-squared =   -3.3555
       Total |   3.8110952    74  .051501286         Root MSE      =  .4736156
                                                     Res. dev.     =  98.70974

------------------------------------------------------------------------------
      lnYtou |      Coef.   Std. Err.      t    P>|t|     [95% Conf. Interval]
-------------+----------------------------------------------------------------
          b1 |   45.29383   .0600377   754.42   0.000     45.17418    45.41349
          b2 |   1908.673   1.012385  1885.32   0.000     1906.656    1910.691
------------------------------------------------------------------------------
* Parameter b1 taken as constant term in model & ANOVA table
 (SEs, P values, CIs, and correlations are asymptotic approximations)
