=============================================================================================================
Estimation for rail_pass and BOL, specification 2
=============================================================================================================
   
US parameters:
-------------------------------------------------------------------
elascoef1 = 2.072647503008684
elascoef2 = 2.072647503008684
trend     = -.0240116130922127
-------------------------------------------------------------------
   
Model specification estimated:
( lnYtou = lnY + {b1} + (1.3-1)*ln(t-{b2=1940})*{b3=2.072647503008684} - (1-.3)*lnYpercap*2.072647503008684 + 
> -.0240116130922127*t  ) 
-------------------------------------------------------------------
(obs = 44)

Iteration 0:  residual SS =  80952.47
Iteration 1:  residual SS =  136.8519
Iteration 2:  residual SS =  4.068223
Iteration 3:  residual SS =  4.059502
Iteration 4:  residual SS =  4.059502
Iteration 5:  residual SS =  4.059502
Iteration 6:  residual SS =  4.059502
Iteration 7:  residual SS =  4.059502

      Source |       SS       df       MS            Number of obs =        44
-------------+------------------------------         F(  2,    41) =     29.53
       Model |  5.84758523     2  2.92379261         Prob > F      =    0.0000
    Residual |  4.05950225    41   .09901225         R-squared     =    0.5902
-------------+------------------------------         Adj R-squared =    0.5703
       Total |  9.90708748    43  .230397383         Root MSE      =  .3146621
                                                     Res. dev.     =   20.0089

------------------------------------------------------------------------------
      lnYtou |      Coef.   Std. Err.      t    P>|t|     [95% Conf. Interval]
-------------+----------------------------------------------------------------
          b1 |   33.10327   17.58951     1.88   0.067    -2.419466    68.62601
          b2 |   1888.011   94.46752    19.99   0.000      1697.23    2078.792
          b3 |   8.961176   10.93198     0.82   0.417    -13.11641    31.03876
------------------------------------------------------------------------------
* Parameter b1 taken as constant term in model & ANOVA table
 (SEs, P values, CIs, and correlations are asymptotic approximations)
