=============================================================================================================
Estimation for rail_pass and BRA, specification 1
=============================================================================================================
   
US parameters:
-------------------------------------------------------------------
elascoef1 = 2.072647503008684
elascoef2 = 2.072647503008684
trend     = -.0240116130922127
-------------------------------------------------------------------
   
Model specification estimated:
( lnYtou = lnY + {b1} + (1.3-1)*ln(t-{b2=1911})*2.072647503008684 - (1-.3)*lnYpercap*2.072647503008684 + -.024
> 0116130922127*t  ) 
-------------------------------------------------------------------
(obs = 78)

Iteration 0:  residual SS =  144368.5
Iteration 1:  residual SS =  81647.09
Iteration 2:  residual SS =  11.42932
Iteration 3:  residual SS =   10.2966
Iteration 4:  residual SS =  10.22093
Iteration 5:  residual SS =   10.2186
Iteration 6:  residual SS =  10.21614
Iteration 7:  residual SS =  10.21556
Iteration 8:  residual SS =  10.21524
Iteration 9:  residual SS =  10.21512

      Source |       SS       df       MS            Number of obs =        78
-------------+------------------------------         F(  1,    76) =    186.15
       Model |  25.0205345     1  25.0205345         Prob > F      =    0.0000
    Residual |  10.2150743    76  .134408872         R-squared     =    0.7101
-------------+------------------------------         Adj R-squared =    0.7063
       Total |  35.2356088    77  .457605309         Root MSE      =  .3666182
                                                     Res. dev.     =  62.79255

------------------------------------------------------------------------------
      lnYtou |      Coef.   Std. Err.      t    P>|t|     [95% Conf. Interval]
-------------+----------------------------------------------------------------
          b1 |   43.16233   .0432407   998.19   0.000     43.07621    43.24845
          b2 |   1915.623   .2122185  9026.66   0.000     1915.201    1916.046
------------------------------------------------------------------------------
* Parameter b1 taken as constant term in model & ANOVA table
 (SEs, P values, CIs, and correlations are asymptotic approximations)
