=============================================================================================================
Estimation for rail_pass and BUL, specification 1
=============================================================================================================
   
US parameters:
-------------------------------------------------------------------
elascoef1 = 2.072647503008684
elascoef2 = 2.072647503008684
trend     = -.0240116130922127
-------------------------------------------------------------------
   
Model specification estimated:
( lnYtou = lnY + {b1} + (1.3-1)*ln(t-{b2=1895})*2.072647503008684 - (1-.3)*lnYpercap*2.072647503008684 + -.024
> 0116130922127*t  ) 
-------------------------------------------------------------------
(obs = 65)

Iteration 0:  residual SS =  125116.9
Iteration 1:  residual SS =  110016.5
Iteration 2:  residual SS =  84284.72
Iteration 3:  residual SS =  47494.62
Iteration 4:  residual SS =  11979.67
Iteration 5:  residual SS =  135.0869

      Source |       SS       df       MS            Number of obs =        65
-------------+------------------------------         F(  1,    63) =    -19.65
       Model | -42.1428746     1 -42.1428746         Prob > F      =    1.0000
    Residual |  135.086399    63  2.14422855         R-squared     =   -0.4534
-------------+------------------------------         Adj R-squared =   -0.4765
       Total |  92.9435243    64  1.45224257         Root MSE      =  1.464318
                                                     Res. dev.     =  232.0113

------------------------------------------------------------------------------
      lnYtou |      Coef.   Std. Err.      t    P>|t|     [95% Conf. Interval]
-------------+----------------------------------------------------------------
          b1 |   43.96044   .1831189   240.06   0.000      43.5945    44.32637
          b2 |   1899.979   .0469133        .   0.000     1899.885    1900.073
------------------------------------------------------------------------------
* Parameter b1 taken as constant term in model & ANOVA table
 (SEs, P values, CIs, and correlations are asymptotic approximations)
