=============================================================================================================
Estimation for rail_pass and CAM, specification 1
=============================================================================================================
   
US parameters:
-------------------------------------------------------------------
elascoef1 = 2.072647503008684
elascoef2 = 2.072647503008684
trend     = -.0240116130922127
-------------------------------------------------------------------
   
Model specification estimated:
( lnYtou = lnY + {b1} + (1.3-1)*ln(t-{b2=1945})*2.072647503008684 - (1-.3)*lnYpercap*2.072647503008684 + -.024
> 0116130922127*t  ) 
-------------------------------------------------------------------
(obs = 38)

Iteration 0:  residual SS =  66068.08
Iteration 1:  residual SS =  37223.01
Iteration 2:  residual SS =   5.38578
Iteration 3:  residual SS =   5.38503
Iteration 4:  residual SS =   5.38481
Iteration 5:  residual SS =  5.384761
Iteration 6:  residual SS =   5.38475

      Source |       SS       df       MS            Number of obs =        38
-------------+------------------------------         F(  1,    36) =     46.75
       Model |  6.99341211     1  6.99341211         Prob > F      =    0.0000
    Residual |  5.38474668    36  .149576297         R-squared     =    0.5650
-------------+------------------------------         Adj R-squared =    0.5529
       Total |  12.3781588    37  .334544832         Root MSE      =  .3867509
                                                     Res. dev.     =  33.58672

------------------------------------------------------------------------------
      lnYtou |      Coef.   Std. Err.      t    P>|t|     [95% Conf. Interval]
-------------+----------------------------------------------------------------
          b1 |   41.83952   .0821274   509.45   0.000     41.67296    42.00608
          b2 |   1948.262   .9449743  2061.71   0.000     1946.345    1950.178
------------------------------------------------------------------------------
* Parameter b1 taken as constant term in model & ANOVA table
 (SEs, P values, CIs, and correlations are asymptotic approximations)
