=============================================================================================================
Estimation for rail_pass and CAN, specification 1
=============================================================================================================
   
US parameters:
-------------------------------------------------------------------
elascoef1 = 2.072647503008684
elascoef2 = 2.072647503008684
trend     = -.0240116130922127
-------------------------------------------------------------------
   
Model specification estimated:
( lnYtou = lnY + {b1} + (1.3-1)*ln(t-{b2=1905})*2.072647503008684 - (1-.3)*lnYpercap*2.072647503008684 + -.024
> 0116130922127*t  ) 
-------------------------------------------------------------------
(obs = 84)

Iteration 0:  residual SS =  164044.6
Iteration 1:  residual SS =   14.3779
Iteration 2:  residual SS =  11.04095
Iteration 3:  residual SS =  10.97213
Iteration 4:  residual SS =  10.97174

      Source |       SS       df       MS            Number of obs =        84
-------------+------------------------------         F(  1,    82) =     12.33
       Model |  1.64984903     1  1.64984903         Prob > F      =    0.0007
    Residual |    10.97174    82  .133801707         R-squared     =    0.1307
-------------+------------------------------         Adj R-squared =    0.1201
       Total |   12.621589    83  .152067338         Root MSE      =  .3657892
                                                     Res. dev.     =  67.40018

------------------------------------------------------------------------------
      lnYtou |      Coef.   Std. Err.      t    P>|t|     [95% Conf. Interval]
-------------+----------------------------------------------------------------
          b1 |   43.73634   .1277807   342.28   0.000     43.48214    43.99054
          b2 |   1868.568   14.69818   127.13   0.000     1839.329    1897.808
------------------------------------------------------------------------------
* Parameter b1 taken as constant term in model & ANOVA table
 (SEs, P values, CIs, and correlations are asymptotic approximations)
