=============================================================================================================
Estimation for rail_pass and CHL, specification 2
=============================================================================================================
   
US parameters:
-------------------------------------------------------------------
elascoef1 = 2.072647503008684
elascoef2 = 2.072647503008684
trend     = -.0240116130922127
-------------------------------------------------------------------
   
Model specification estimated:
( lnYtou = lnY + {b1} + (1.3-1)*ln(t-{b2=1922})*{b3=2.072647503008684} - (1-.3)*lnYpercap*2.072647503008684 + 
> -.0240116130922127*t  ) 
-------------------------------------------------------------------
(obs = 67)

Iteration 0:  residual SS =  129601.5
Iteration 1:  residual SS =  16.26124
Iteration 2:  residual SS =  14.56892
Iteration 3:  residual SS =  11.47364
Iteration 4:  residual SS =  6.676653
Iteration 5:  residual SS =  4.755238
Iteration 6:  residual SS =  4.755031
Iteration 7:  residual SS =  4.754907
Iteration 8:  residual SS =  4.754135
Iteration 9:  residual SS =  4.754134
Iteration 10:  residual SS =  4.754129
Iteration 11:  residual SS =  4.754129

      Source |       SS       df       MS            Number of obs =        67
-------------+------------------------------         F(  2,    64) =     22.59
       Model |  3.35547047     2  1.67773523         Prob > F      =    0.0000
    Residual |  4.75412892    64  .074283264         R-squared     =    0.4138
-------------+------------------------------         Adj R-squared =    0.3954
       Total |  8.10959939    66  .122872718         Root MSE      =  .2725496
                                                     Res. dev.     =  12.87726

------------------------------------------------------------------------------
      lnYtou |      Coef.   Std. Err.      t    P>|t|     [95% Conf. Interval]
-------------+----------------------------------------------------------------
          b1 |   44.47741   .3805467   116.88   0.000     43.71718    45.23764
          b2 |   1924.314   2.431913   791.28   0.000     1919.455    1929.172
          b3 |   1.643542   .3213292     5.11   0.000     1.001613    2.285471
------------------------------------------------------------------------------
* Parameter b1 taken as constant term in model & ANOVA table
 (SEs, P values, CIs, and correlations are asymptotic approximations)
