=============================================================================================================
Estimation for rail_pass and CHN, specification 1
=============================================================================================================
   
US parameters:
-------------------------------------------------------------------
elascoef1 = 2.072647503008684
elascoef2 = 2.072647503008684
trend     = -.0240116130922127
-------------------------------------------------------------------
   
Model specification estimated:
( lnYtou = lnY + {b1} + (1.3-1)*ln(t-{b2=1924})*2.072647503008684 - (1-.3)*lnYpercap*2.072647503008684 + -.024
> 0116130922127*t  ) 
-------------------------------------------------------------------
(obs = 54)

Iteration 0:  residual SS =  96022.48
Iteration 1:  residual SS =  84453.71
Iteration 2:  residual SS =  64770.48
Iteration 3:  residual SS =  16280.69
Iteration 4:  residual SS =  87.88403
Iteration 5:  residual SS =  87.87728
Iteration 6:  residual SS =  87.87633
Iteration 7:  residual SS =  87.87577
Iteration 8:  residual SS =  87.87548
Iteration 9:  residual SS =  87.87541

      Source |       SS       df       MS            Number of obs =        54
-------------+------------------------------         F(  1,    52) =     18.76
       Model |  31.6966783     1  31.6966783         Prob > F      =    0.0001
    Residual |   87.875326    52  1.68991012         R-squared     =    0.2651
-------------+------------------------------         Adj R-squared =    0.2510
       Total |  119.572004    53  2.25607555         Root MSE      =  1.299965
                                                     Res. dev.     =  179.5399

------------------------------------------------------------------------------
      lnYtou |      Coef.   Std. Err.      t    P>|t|     [95% Conf. Interval]
-------------+----------------------------------------------------------------
          b1 |    42.3346   .1801028   235.06   0.000     41.97319      42.696
          b2 |     1928.9   .2147053  8983.94   0.000     1928.469    1929.331
------------------------------------------------------------------------------
* Parameter b1 taken as constant term in model & ANOVA table
 (SEs, P values, CIs, and correlations are asymptotic approximations)
