=============================================================================================================
Estimation for rail_pass and CHN, specification 2
=============================================================================================================
   
US parameters:
-------------------------------------------------------------------
elascoef1 = 2.072647503008684
elascoef2 = 2.072647503008684
trend     = -.0240116130922127
-------------------------------------------------------------------
   
Model specification estimated:
( lnYtou = lnY + {b1} + (1.3-1)*ln(t-{b2=1924})*{b3=2.072647503008684} - (1-.3)*lnYpercap*2.072647503008684 + 
> -.0240116130922127*t  ) 
-------------------------------------------------------------------
(obs = 54)

Iteration 0:  residual SS =  96022.48
Iteration 1:  residual SS =  951.4195
Iteration 2:  residual SS =  610.9501
Iteration 3:  residual SS =  94.55981
Iteration 4:  residual SS =  7.790891
Iteration 5:  residual SS =  7.724985
Iteration 6:  residual SS =  7.724985

      Source |       SS       df       MS            Number of obs =        54
-------------+------------------------------         F(  2,    51) =    369.20
       Model |  111.847019     2  55.9235097         Prob > F      =    0.0000
    Residual |  7.72498483    51  .151470291         R-squared     =    0.9354
-------------+------------------------------         Adj R-squared =    0.9329
       Total |  119.572004    53  2.25607555         Root MSE      =  .3891918
                                                     Res. dev.     =  48.24106

------------------------------------------------------------------------------
      lnYtou |      Coef.   Std. Err.      t    P>|t|     [95% Conf. Interval]
-------------+----------------------------------------------------------------
          b1 |   -44.6137   63.29224    -0.70   0.484    -171.6782    82.45078
          b2 |   1779.202   106.9576    16.63   0.000     1564.476    1993.928
          b3 |   56.83844   34.09154     1.67   0.102    -11.60318    125.2801
------------------------------------------------------------------------------
* Parameter b1 taken as constant term in model & ANOVA table
 (SEs, P values, CIs, and correlations are asymptotic approximations)
