=============================================================================================================
Estimation for rail_pass and COL, specification 1
=============================================================================================================
   
US parameters:
-------------------------------------------------------------------
elascoef1 = 2.072647503008684
elascoef2 = 2.072647503008684
trend     = -.0240116130922127
-------------------------------------------------------------------
   
Model specification estimated:
( lnYtou = lnY + {b1} + (1.3-1)*ln(t-{b2=1926})*2.072647503008684 - (1-.3)*lnYpercap*2.072647503008684 + -.024
> 0116130922127*t  ) 
-------------------------------------------------------------------
(obs = 62)

Iteration 0:  residual SS =  107835.6
Iteration 1:  residual SS =   32.9362
Iteration 2:  residual SS =   32.4009
Iteration 3:  residual SS =  32.20662
Iteration 4:  residual SS =  31.77799
Iteration 5:  residual SS =  31.47824
Iteration 6:  residual SS =  31.39419
Iteration 7:  residual SS =  31.26845
Iteration 8:  residual SS =  31.23098
Iteration 9:  residual SS =  31.15282
Iteration 10:  residual SS =  31.10173
Iteration 11:  residual SS =  31.08594
Iteration 12:  residual SS =  31.04184
Iteration 13:  residual SS =  31.00637
Iteration 14:  residual SS =  30.98127
Iteration 15:  residual SS =  30.96883
Iteration 16:  residual SS =  30.94316
Iteration 17:  residual SS =  30.92005
Iteration 18:  residual SS =  30.89984
Iteration 19:  residual SS =  30.88295
Iteration 20:  residual SS =  30.86984
Iteration 21:  residual SS =  30.86113
Iteration 22:  residual SS =  30.85753
Iteration 23:  residual SS =   30.8448
Iteration 24:  residual SS =  30.83299
Iteration 25:  residual SS =  30.82219
Iteration 26:  residual SS =  30.81248
Iteration 27:  residual SS =  30.80398
Iteration 28:  residual SS =  30.79682
Iteration 29:  residual SS =  30.79115
Iteration 30:  residual SS =  30.78712
Iteration 31:  residual SS =  30.78495
Iteration 32:  residual SS =  30.78486
Iteration 33:  residual SS =  30.77873
Iteration 34:  residual SS =  30.77294
Iteration 35:  residual SS =  30.76751
Iteration 36:  residual SS =  30.76247
Iteration 37:  residual SS =  30.75784
Iteration 38:  residual SS =  30.75366
Iteration 39:  residual SS =  30.74995
Iteration 40:  residual SS =  30.74677
Iteration 41:  residual SS =  30.74413
Iteration 42:  residual SS =  30.74211
Iteration 43:  residual SS =  30.74073
Iteration 44:  residual SS =  30.74007
Iteration 45:  residual SS =  30.73673
Iteration 46:  residual SS =   30.7335
Iteration 47:  residual SS =  30.73038
Iteration 48:  residual SS =  30.72737
Iteration 49:  residual SS =   30.7245

      Source |       SS       df       MS            Number of obs =        62
-------------+------------------------------         F(  1,    60) =     -5.49
       Model | -2.81232467     1 -2.81232467         Prob > F      =    1.0000
    Residual |  30.7217444    60  .512029073         R-squared     =   -0.1008
-------------+------------------------------         Adj R-squared =   -0.1191
       Total |  27.9094197    61   .45753147         Root MSE      =  .7155621
                                                     Res. dev.     =  132.4142

------------------------------------------------------------------------------
      lnYtou |      Coef.   Std. Err.      t    P>|t|     [95% Conf. Interval]
-------------+----------------------------------------------------------------
          b1 |   38.52843   9.844273     3.91   0.000     18.83695    58.21991
          b2 |  -703.5517   41494.59    -0.02   0.987    -83705.09    82297.98
------------------------------------------------------------------------------
* Parameter b1 taken as constant term in model & ANOVA table
 (SEs, P values, CIs, and correlations are asymptotic approximations)
convergence not achieved
