=============================================================================================================
Estimation for rail_pass and COS, specification 1
=============================================================================================================
   
US parameters:
-------------------------------------------------------------------
elascoef1 = 2.072647503008684
elascoef2 = 2.072647503008684
trend     = -.0240116130922127
-------------------------------------------------------------------
   
Model specification estimated:
( lnYtou = lnY + {b1} + (1.3-1)*ln(t-{b2=1942})*2.072647503008684 - (1-.3)*lnYpercap*2.072647503008684 + -.024
> 0116130922127*t  ) 
-------------------------------------------------------------------
(obs = 25)

Iteration 0:  residual SS =  45675.06
Iteration 1:  residual SS =  12.96176
Iteration 2:  residual SS =   2.36675
Iteration 3:  residual SS =  2.216213
Iteration 4:  residual SS =  2.200441
Iteration 5:  residual SS =  2.200124
Iteration 6:  residual SS =  2.200122

      Source |       SS       df       MS            Number of obs =        25
-------------+------------------------------         F(  1,    23) =      1.29
       Model |  .123321398     1  .123321398         Prob > F      =    0.2679
    Residual |  2.20012239    23  .095657495         R-squared     =    0.0531
-------------+------------------------------         Adj R-squared =    0.0119
       Total |  2.32344379    24  .096810158         Root MSE      =  .3092855
                                                     Res. dev.     =  10.18786

------------------------------------------------------------------------------
      lnYtou |      Coef.   Std. Err.      t    P>|t|     [95% Conf. Interval]
-------------+----------------------------------------------------------------
          b1 |   42.01634   .2957616   142.06   0.000     41.40451    42.62817
          b2 |   1901.175   29.02817    65.49   0.000     1841.126    1961.224
------------------------------------------------------------------------------
* Parameter b1 taken as constant term in model & ANOVA table
 (SEs, P values, CIs, and correlations are asymptotic approximations)
