=============================================================================================================
Estimation for rail_pass and ELS, specification 2
=============================================================================================================
   
US parameters:
-------------------------------------------------------------------
elascoef1 = 2.072647503008684
elascoef2 = 2.072647503008684
trend     = -.0240116130922127
-------------------------------------------------------------------
   
Model specification estimated:
( lnYtou = lnY + {b1} + (1.3-1)*ln(t-{b2=1965})*{b3=2.072647503008684} - (1-.3)*lnYpercap*2.072647503008684 + 
> -.0240116130922127*t  ) 
-------------------------------------------------------------------
(obs = 20)

Iteration 0:  residual SS =  32201.81
Iteration 1:  residual SS =  11.78726
Iteration 2:  residual SS =  9.698885
Iteration 3:  residual SS =  7.824326
Iteration 4:  residual SS =  6.694469
Iteration 5:  residual SS =  4.792322
Iteration 6:  residual SS =  4.766521
Iteration 7:  residual SS =  4.753826
Iteration 8:  residual SS =  4.711644
Iteration 9:  residual SS =  4.711615
Iteration 10:  residual SS =  4.711593
Iteration 11:  residual SS =   4.71159
Iteration 12:  residual SS =  4.711589
Iteration 13:  residual SS =  4.711589
Iteration 14:  residual SS =  4.711589
Iteration 15:  residual SS =  4.711589

      Source |       SS       df       MS            Number of obs =        20
-------------+------------------------------         F(  2,    17) =     13.99
       Model |  7.75332833     2  3.87666416         Prob > F      =    0.0003
    Residual |  4.71158943    17  .277152319         R-squared     =    0.6220
-------------+------------------------------         Adj R-squared =    0.5775
       Total |  12.4649178    19  .656048303         Root MSE      =  .5264526
                                                     Res. dev.     =   27.8434

------------------------------------------------------------------------------
      lnYtou |      Coef.   Std. Err.      t    P>|t|     [95% Conf. Interval]
-------------+----------------------------------------------------------------
          b1 |   52.49058   21.63264     2.43   0.027     6.849704    98.13145
          b2 |   1950.072   48.11763    40.53   0.000     1848.553    2051.591
          b3 |  -10.15207   16.33316    -0.62   0.542    -44.61201    24.30788
------------------------------------------------------------------------------
* Parameter b1 taken as constant term in model & ANOVA table
 (SEs, P values, CIs, and correlations are asymptotic approximations)
