=============================================================================================================
Estimation for rail_pass and HUN, specification 2
=============================================================================================================
   
US parameters:
-------------------------------------------------------------------
elascoef1 = 2.072647503008684
elascoef2 = 2.072647503008684
trend     = -.0240116130922127
-------------------------------------------------------------------
   
Model specification estimated:
( lnYtou = lnY + {b1} + (1.3-1)*ln(t-{b2=1885})*{b3=2.072647503008684} - (1-.3)*lnYpercap*2.072647503008684 + 
> -.0240116130922127*t  ) 
-------------------------------------------------------------------
(obs = 66)

Iteration 0:  residual SS =  131985.5
Iteration 1:  residual SS =  536.5025
Iteration 2:  residual SS =  504.0286
Iteration 3:  residual SS =  452.7597
Iteration 4:  residual SS =  411.4074
Iteration 5:  residual SS =  375.3475
Iteration 6:  residual SS =  341.4018
Iteration 7:  residual SS =  307.7577
Iteration 8:  residual SS =  273.8162
Iteration 9:  residual SS =  260.4048
Iteration 10:  residual SS =  209.2378
Iteration 11:  residual SS =  146.5347
Iteration 12:  residual SS =  18.59519
Iteration 13:  residual SS =  13.22184
Iteration 14:  residual SS =  13.14705
Iteration 15:  residual SS =  13.12921
Iteration 16:  residual SS =  13.12733
Iteration 17:  residual SS =  13.12709
Iteration 18:  residual SS =  13.12706
Iteration 19:  residual SS =  13.12706
Iteration 20:  residual SS =  13.12706
Iteration 21:  residual SS =  13.12706
Iteration 22:  residual SS =  13.12706
Iteration 23:  residual SS =  13.12706
Iteration 24:  residual SS =  13.12706
Iteration 25:  residual SS =  13.12706
Iteration 26:  residual SS =  13.12706
Iteration 27:  residual SS =  13.12706
Iteration 28:  residual SS =  13.12706

      Source |       SS       df       MS            Number of obs =        66
-------------+------------------------------         F(  2,    63) =     63.99
       Model |  26.6675421     2   13.333771         Prob > F      =    0.0000
    Residual |  13.1270586    63  .208366009         R-squared     =    0.6701
-------------+------------------------------         Adj R-squared =    0.6597
       Total |  39.7946006    65  .612224625         Root MSE      =  .4564713
                                                     Res. dev.     =  80.71127

------------------------------------------------------------------------------
      lnYtou |      Coef.   Std. Err.      t    P>|t|     [95% Conf. Interval]
-------------+----------------------------------------------------------------
          b1 |  -210.0224   633.2986    -0.33   0.741    -1475.569    1055.524
          b2 |   1228.938    1539.76     0.80   0.428    -1848.026    4305.903
          b3 |   130.1635   278.5281     0.47   0.642    -426.4305    686.7575
------------------------------------------------------------------------------
* Parameter b1 taken as constant term in model & ANOVA table
 (SEs, P values, CIs, and correlations are asymptotic approximations)
