=============================================================================================================
Estimation for rail_pass and IRE, specification 1
=============================================================================================================
   
US parameters:
-------------------------------------------------------------------
elascoef1 = 2.072647503008684
elascoef2 = 2.072647503008684
trend     = -.0240116130922127
-------------------------------------------------------------------
   
Model specification estimated:
( lnYtou = lnY + {b1} + (1.3-1)*ln(t-{b2=1953})*2.072647503008684 - (1-.3)*lnYpercap*2.072647503008684 + -.024
> 0116130922127*t  ) 
-------------------------------------------------------------------
(obs = 35)

Iteration 0:  residual SS =  71208.76
Iteration 1:  residual SS =  17880.48
Iteration 2:  residual SS =  2.078481
Iteration 3:  residual SS =  2.077145
Iteration 4:  residual SS =  2.076995
Iteration 5:  residual SS =  2.076976

      Source |       SS       df       MS            Number of obs =        35
-------------+------------------------------         F(  1,    33) =     19.00
       Model |  1.19613129     1  1.19613129         Prob > F      =    0.0001
    Residual |  2.07697371    33  .062938597         R-squared     =    0.3654
-------------+------------------------------         Adj R-squared =    0.3462
       Total |    3.273105    34  .096267794         Root MSE      =  .2508757
                                                     Res. dev.     =  .4704313

------------------------------------------------------------------------------
      lnYtou |      Coef.   Std. Err.      t    P>|t|     [95% Conf. Interval]
-------------+----------------------------------------------------------------
          b1 |   45.25617    .055905   809.52   0.000     45.14243    45.36991
          b2 |   1956.265   .6160033  3175.74   0.000     1955.012    1957.518
------------------------------------------------------------------------------
* Parameter b1 taken as constant term in model & ANOVA table
 (SEs, P values, CIs, and correlations are asymptotic approximations)
