=============================================================================================================
Estimation for rail_pass and ITA, specification 2
=============================================================================================================
   
US parameters:
-------------------------------------------------------------------
elascoef1 = 2.072647503008684
elascoef2 = 2.072647503008684
trend     = -.0240116130922127
-------------------------------------------------------------------
   
Model specification estimated:
( lnYtou = lnY + {b1} + (1.3-1)*ln(t-{b2=1886})*{b3=2.072647503008684} - (1-.3)*lnYpercap*2.072647503008684 + 
> -.0240116130922127*t  ) 
-------------------------------------------------------------------
(obs = 102)

Iteration 0:  residual SS =  194284.2
Iteration 1:  residual SS =  1361.936
Iteration 2:  residual SS =  1117.272
Iteration 3:  residual SS =  1058.962
Iteration 4:  residual SS =   4.62257
Iteration 5:  residual SS =   3.99403
Iteration 6:  residual SS =   3.99403
Iteration 7:  residual SS =   3.99403

      Source |       SS       df       MS            Number of obs =       102
-------------+------------------------------         F(  2,    99) =   1400.82
       Model |  113.028973     2  56.5144867         Prob > F      =    0.0000
    Residual |  3.99402952    99  .040343733         R-squared     =    0.9659
-------------+------------------------------         Adj R-squared =    0.9652
       Total |  117.023003   101  1.15864359         Root MSE      =  .2008575
                                                     Res. dev.     =  -41.0341

------------------------------------------------------------------------------
      lnYtou |      Coef.   Std. Err.      t    P>|t|     [95% Conf. Interval]
-------------+----------------------------------------------------------------
          b1 |  -81.70039   40.47028    -2.02   0.046    -162.0022   -1.398576
          b2 |   1596.221   92.62627    17.23   0.000     1412.431    1780.012
          b3 |   72.84704   19.72823     3.69   0.000     33.70196    111.9921
------------------------------------------------------------------------------
* Parameter b1 taken as constant term in model & ANOVA table
 (SEs, P values, CIs, and correlations are asymptotic approximations)
