=============================================================================================================
Estimation for rail_pass and JAP, specification 2
=============================================================================================================
   
US parameters:
-------------------------------------------------------------------
elascoef1 = 2.072647503008684
elascoef2 = 2.072647503008684
trend     = -.0240116130922127
-------------------------------------------------------------------
   
Model specification estimated:
( lnYtou = lnY + {b1} + (1.3-1)*ln(t-{b2=1884})*{b3=2.072647503008684} - (1-.3)*lnYpercap*2.072647503008684 + 
> -.0240116130922127*t  ) 
-------------------------------------------------------------------
(obs = 104)

Iteration 0:  residual SS =  204727.2
Iteration 1:  residual SS =  2116.937
Iteration 2:  residual SS =    7.7583
Iteration 3:  residual SS =  3.689903
Iteration 4:  residual SS =  3.689517
Iteration 5:  residual SS =  3.689517

      Source |       SS       df       MS            Number of obs =       104
-------------+------------------------------         F(  2,   101) =   4617.35
       Model |  337.342451     2  168.671225         Prob > F      =    0.0000
    Residual |  3.68951664   101  .036529868         R-squared     =    0.9892
-------------+------------------------------         Adj R-squared =    0.9890
       Total |  341.031967   103  3.31098997         Root MSE      =  .1911279
                                                     Res. dev.     = -52.10591

------------------------------------------------------------------------------
      lnYtou |      Coef.   Std. Err.      t    P>|t|     [95% Conf. Interval]
-------------+----------------------------------------------------------------
          b1 |  -9.928759    4.93631    -2.01   0.047    -19.72107   -.1364485
          b2 |    1799.42   9.576805   187.89   0.000     1780.422    1818.417
          b3 |   38.28222   2.788977    13.73   0.000     32.74964     43.8148
------------------------------------------------------------------------------
* Parameter b1 taken as constant term in model & ANOVA table
 (SEs, P values, CIs, and correlations are asymptotic approximations)
