=============================================================================================================
Estimation for rail_pass and JAP, specification 1
=============================================================================================================
   
US parameters:
-------------------------------------------------------------------
elascoef1 = 2.072647503008684
elascoef2 = 2.072647503008684
trend     = -.0240116130922127
-------------------------------------------------------------------
   
Model specification estimated:
( lnYtou = lnY + {b1} + (1.3-1)*ln(t-{b2=1884})*2.072647503008684 - (1-.3)*lnYpercap*2.072647503008684 + -.024
> 0116130922127*t  ) 
-------------------------------------------------------------------
(obs = 104)

Iteration 0:  residual SS =  204727.2
Iteration 1:  residual SS =  180150.2
Iteration 2:  residual SS =  158398.2
Iteration 3:  residual SS =    121393
Iteration 4:  residual SS =  68472.15
Iteration 5:  residual SS =  17425.57
Iteration 6:  residual SS =  406.0115

      Source |       SS       df       MS            Number of obs =       104
-------------+------------------------------         F(  1,   102) =    -16.32
       Model | -64.9793398     1 -64.9793398         Prob > F      =    1.0000
    Residual |  406.011307   102  3.98050301         R-squared     =   -0.1905
-------------+------------------------------         Adj R-squared =   -0.2022
       Total |  341.031967   103  3.31098997         Root MSE      =   1.99512
                                                     Res. dev.     =  436.7862

------------------------------------------------------------------------------
      lnYtou |      Coef.   Std. Err.      t    P>|t|     [95% Conf. Interval]
-------------+----------------------------------------------------------------
          b1 |   44.46646   .1966523   226.12   0.000      44.0764    44.85652
          b2 |   1888.993   .0216556        .   0.000      1888.95    1889.036
------------------------------------------------------------------------------
* Parameter b1 taken as constant term in model & ANOVA table
 (SEs, P values, CIs, and correlations are asymptotic approximations)
