=============================================================================================================
Estimation for rail_pass and MAD, specification 1
=============================================================================================================
   
US parameters:
-------------------------------------------------------------------
elascoef1 = 2.072647503008684
elascoef2 = 2.072647503008684
trend     = -.0240116130922127
-------------------------------------------------------------------
   
Model specification estimated:
( lnYtou = lnY + {b1} + (1.3-1)*ln(t-{b2=1945})*2.072647503008684 - (1-.3)*lnYpercap*2.072647503008684 + -.024
> 0116130922127*t  ) 
-------------------------------------------------------------------
(obs = 41)

Iteration 0:  residual SS =  71399.52
Iteration 1:  residual SS =  8.054344
Iteration 2:  residual SS =  4.297994
Iteration 3:  residual SS =  2.525703
Iteration 4:  residual SS =  1.902084
Iteration 5:  residual SS =   1.78386
Iteration 6:  residual SS =  1.774149
Iteration 7:  residual SS =  1.773815
Iteration 8:  residual SS =  1.773807

      Source |       SS       df       MS            Number of obs =        41
-------------+------------------------------         F(  1,    39) =     50.17
       Model |  2.28175341     1  2.28175341         Prob > F      =    0.0000
    Residual |  1.77380663    39  .045482221         R-squared     =    0.5626
-------------+------------------------------         Adj R-squared =    0.5514
       Total |  4.05556004    40  .101389001         Root MSE      =  .2132656
                                                     Res. dev.     = -12.40525

------------------------------------------------------------------------------
      lnYtou |      Coef.   Std. Err.      t    P>|t|     [95% Conf. Interval]
-------------+----------------------------------------------------------------
          b1 |   41.59519   .0722936   575.36   0.000     41.44896    41.74142
          b2 |   1940.493   2.468309   786.16   0.000       1935.5    1945.485
------------------------------------------------------------------------------
* Parameter b1 taken as constant term in model & ANOVA table
 (SEs, P values, CIs, and correlations are asymptotic approximations)
