=============================================================================================================
Estimation for rail_pass and MAL, specification 1
=============================================================================================================
   
US parameters:
-------------------------------------------------------------------
elascoef1 = 2.072647503008684
elascoef2 = 2.072647503008684
trend     = -.0240116130922127
-------------------------------------------------------------------
   
Model specification estimated:
( lnYtou = lnY + {b1} + (1.3-1)*ln(t-{b2=1956})*2.072647503008684 - (1-.3)*lnYpercap*2.072647503008684 + -.024
> 0116130922127*t  ) 
-------------------------------------------------------------------
(obs = 27)

Iteration 0:  residual SS =  46159.86
Iteration 1:  residual SS =   11591.7
Iteration 2:  residual SS =  1.320833
Iteration 3:  residual SS =  1.036979
Iteration 4:  residual SS =   1.03319
Iteration 5:  residual SS =  1.033147
Iteration 6:  residual SS =  1.033143

      Source |       SS       df       MS            Number of obs =        27
-------------+------------------------------         F(  1,    25) =    111.95
       Model |  4.62658031     1  4.62658031         Prob > F      =    0.0000
    Residual |  1.03314211    25  .041325684         R-squared     =    0.8175
-------------+------------------------------         Adj R-squared =    0.8102
       Total |  5.65972242    26  .217681631         Root MSE      =  .2032872
                                                     Res. dev.     = -11.48459

------------------------------------------------------------------------------
      lnYtou |      Coef.   Std. Err.      t    P>|t|     [95% Conf. Interval]
-------------+----------------------------------------------------------------
          b1 |    41.4978   .0560751   740.04   0.000     41.38231    41.61329
          b2 |   1958.902   .6249215  3134.64   0.000     1957.615    1960.189
------------------------------------------------------------------------------
* Parameter b1 taken as constant term in model & ANOVA table
 (SEs, P values, CIs, and correlations are asymptotic approximations)
