=============================================================================================================
Estimation for rail_pass and MON, specification 2
=============================================================================================================
   
US parameters:
-------------------------------------------------------------------
elascoef1 = 2.072647503008684
elascoef2 = 2.072647503008684
trend     = -.0240116130922127
-------------------------------------------------------------------
   
Model specification estimated:
( lnYtou = lnY + {b1} + (1.3-1)*ln(t-{b2=1958})*{b3=2.072647503008684} - (1-.3)*lnYpercap*2.072647503008684 + 
> -.0240116130922127*t  ) 
-------------------------------------------------------------------
(obs = 31)

Iteration 0:  residual SS =  59557.04
Iteration 1:  residual SS =  704.0578
Iteration 2:  residual SS =  655.0257
Iteration 3:  residual SS =   3.35641
Iteration 4:  residual SS =  1.153385
Iteration 5:  residual SS =  .5681712
Iteration 6:  residual SS =  .4210814
Iteration 7:  residual SS =  .2965158
Iteration 8:  residual SS =   .294715
Iteration 9:  residual SS =  .2947146
Iteration 10:  residual SS =  .2947145
Iteration 11:  residual SS =  .2947145

      Source |       SS       df       MS            Number of obs =        31
-------------+------------------------------         F(  2,    28) =    708.45
       Model |  14.9136857     2  7.45684285         Prob > F      =    0.0000
    Residual |  .294714549    28   .01052552         R-squared     =    0.9806
-------------+------------------------------         Adj R-squared =    0.9792
       Total |  15.2084002    30  .506946675         Root MSE      =   .102594
                                                     Res. dev.     =  -56.3536

------------------------------------------------------------------------------
      lnYtou |      Coef.   Std. Err.      t    P>|t|     [95% Conf. Interval]
-------------+----------------------------------------------------------------
          b1 |   36.25485   2.228739    16.27   0.000     31.68948    40.82021
          b2 |   1944.559    5.53868   351.09   0.000     1933.213    1955.904
          b3 |   8.986321   1.678967     5.35   0.000     5.547113    12.42553
------------------------------------------------------------------------------
* Parameter b1 taken as constant term in model & ANOVA table
 (SEs, P values, CIs, and correlations are asymptotic approximations)
