=============================================================================================================
Estimation for rail_pass and NEW, specification 2
=============================================================================================================
   
US parameters:
-------------------------------------------------------------------
elascoef1 = 2.072647503008684
elascoef2 = 2.072647503008684
trend     = -.0240116130922127
-------------------------------------------------------------------
   
Model specification estimated:
( lnYtou = lnY + {b1} + (1.3-1)*ln(t-{b2=1949})*{b3=2.072647503008684} - (1-.3)*lnYpercap*2.072647503008684 + 
> -.0240116130922127*t  ) 
-------------------------------------------------------------------
(obs = 28)

Iteration 0:  residual SS =  56877.05
Iteration 1:  residual SS =  86.09946
Iteration 2:  residual SS =  81.00877
Iteration 3:  residual SS =  71.47802
Iteration 4:  residual SS =  65.68695
Iteration 5:  residual SS =  52.99932
Iteration 6:  residual SS =  41.48465
Iteration 7:  residual SS =  36.49005
Iteration 8:  residual SS =  32.07815
Iteration 9:  residual SS =  30.10546
Iteration 10:  residual SS =  29.17425
Iteration 11:  residual SS =  28.27138
Iteration 12:  cannot calculate derivatives
equation/system not identified
