=============================================================================================================
Estimation for rail_pass and NGA, specification 1
=============================================================================================================
   
US parameters:
-------------------------------------------------------------------
elascoef1 = 2.072647503008684
elascoef2 = 2.072647503008684
trend     = -.0240116130922127
-------------------------------------------------------------------
   
Model specification estimated:
( lnYtou = lnY + {b1} + (1.3-1)*ln(t-{b2=1945})*2.072647503008684 - (1-.3)*lnYpercap*2.072647503008684 + -.024
> 0116130922127*t  ) 
-------------------------------------------------------------------
(obs = 35)

Iteration 0:  residual SS =   60081.6
Iteration 1:  residual SS =  7.788411
Iteration 2:  residual SS =  5.176354
Iteration 3:  residual SS =  4.626472
Iteration 4:  residual SS =  4.609676
Iteration 5:  residual SS =  4.609403
Iteration 6:  residual SS =  4.609377
Iteration 7:  residual SS =  4.609375

      Source |       SS       df       MS            Number of obs =        35
-------------+------------------------------         F(  1,    33) =     28.41
       Model |  3.96864717     1  3.96864717         Prob > F      =    0.0000
    Residual |  4.60937466    33   .13967802         R-squared     =    0.4627
-------------+------------------------------         Adj R-squared =    0.4464
       Total |  8.57802182    34   .25229476         Root MSE      =  .3737352
                                                     Res. dev.     =  28.37174

------------------------------------------------------------------------------
      lnYtou |      Coef.   Std. Err.      t    P>|t|     [95% Conf. Interval]
-------------+----------------------------------------------------------------
          b1 |   41.43612   .1116343   371.18   0.000       41.209    41.66324
          b2 |   1945.145   2.355026   825.95   0.000     1940.354    1949.936
------------------------------------------------------------------------------
* Parameter b1 taken as constant term in model & ANOVA table
 (SEs, P values, CIs, and correlations are asymptotic approximations)
