=============================================================================================================
Estimation for rail_pass and NTH, specification 1
=============================================================================================================
   
US parameters:
-------------------------------------------------------------------
elascoef1 = 2.072647503008684
elascoef2 = 2.072647503008684
trend     = -.0240116130922127
-------------------------------------------------------------------
   
Model specification estimated:
( lnYtou = lnY + {b1} + (1.3-1)*ln(t-{b2=1873})*2.072647503008684 - (1-.3)*lnYpercap*2.072647503008684 + -.024
> 0116130922127*t  ) 
-------------------------------------------------------------------
(obs = 95)

Iteration 0:  residual SS =  183322.8
Iteration 1:  residual SS =  161164.4
Iteration 2:  residual SS =  123511.7
Iteration 3:  residual SS =  31006.36
Iteration 4:  residual SS =  143.9211
Iteration 5:  residual SS =  143.9196
Iteration 6:  residual SS =  143.9195

      Source |       SS       df       MS            Number of obs =        95
-------------+------------------------------         F(  1,    93) =    -12.97
       Model | -20.0687262     1 -20.0687262         Prob > F      =    1.0000
    Residual |  143.919453    93    1.547521         R-squared     =   -0.1620
-------------+------------------------------         Adj R-squared =   -0.1745
       Total |  123.850727    94  1.31756092         Root MSE      =  1.243994
                                                     Res. dev.     =  309.0591

------------------------------------------------------------------------------
      lnYtou |      Coef.   Std. Err.      t    P>|t|     [95% Conf. Interval]
-------------+----------------------------------------------------------------
          b1 |    44.0375   .1293519   340.45   0.000     43.78063    44.29437
          b2 |   1877.864   .2608059  7200.24   0.000     1877.347    1878.382
------------------------------------------------------------------------------
* Parameter b1 taken as constant term in model & ANOVA table
 (SEs, P values, CIs, and correlations are asymptotic approximations)
