=============================================================================================================
Estimation for rail_pass and PER, specification 2
=============================================================================================================
   
US parameters:
-------------------------------------------------------------------
elascoef1 = 2.072647503008684
elascoef2 = 2.072647503008684
trend     = -.0240116130922127
-------------------------------------------------------------------
   
Model specification estimated:
( lnYtou = lnY + {b1} + (1.3-1)*ln(t-{b2=1914})*{b3=2.072647503008684} - (1-.3)*lnYpercap*2.072647503008684 + 
> -.0240116130922127*t  ) 
-------------------------------------------------------------------
(obs = 74)

Iteration 0:  residual SS =  143727.7
Iteration 1:  residual SS =  76.82463
Iteration 2:  residual SS =  65.95312
Iteration 3:  residual SS =  62.92113
Iteration 4:  residual SS =  60.50998
Iteration 5:  residual SS =  59.47989
Iteration 6:  residual SS =  58.09298
Iteration 7:  residual SS =  57.03867
Iteration 8:  residual SS =  56.35117
Iteration 9:  residual SS =  56.08018
Iteration 10:  residual SS =  55.40237
Iteration 11:  residual SS =   54.8126
Iteration 12:  residual SS =  54.31683
Iteration 13:  residual SS =  53.92255
Iteration 14:  residual SS =  53.63825
Iteration 15:  residual SS =  53.47517
Iteration 16:  residual SS =  53.44695
Iteration 17:  residual SS =   53.1296
Iteration 18:  residual SS =  52.83733
Iteration 19:  residual SS =  52.57133
Iteration 20:  residual SS =  52.33294
Iteration 21:  residual SS =  52.12373
Iteration 22:  residual SS =  51.94539
Iteration 23:  residual SS =  51.79988
Iteration 24:  residual SS =   51.6894
Iteration 25:  residual SS =  51.61646
Iteration 26:  residual SS =  51.58389
Iteration 27:  residual SS =    51.419
Iteration 28:  residual SS =  51.26094
Iteration 29:  residual SS =  51.10993
Iteration 30:  residual SS =  50.96619
Iteration 31:  residual SS =  50.82996
Iteration 32:  residual SS =  50.70151
Iteration 33:  residual SS =  50.58111
Iteration 34:  residual SS =  50.46907
Iteration 35:  residual SS =  50.36571
Iteration 36:  residual SS =  50.27138
Iteration 37:  residual SS =  50.18644
Iteration 38:  residual SS =  50.11131
Iteration 39:  residual SS =  50.04641
Iteration 40:  residual SS =  49.99223
Iteration 41:  residual SS =  49.94925
Iteration 42:  residual SS =  49.91803
Iteration 43:  residual SS =  49.89917
Iteration 44:  residual SS =  49.89329
Iteration 45:  residual SS =  49.81453
Iteration 46:  residual SS =  49.73779
Iteration 47:  residual SS =  49.66312
Iteration 48:  residual SS =  49.59057
Iteration 49:  residual SS =  49.52019

      Source |       SS       df       MS            Number of obs =        74
-------------+------------------------------         F(  2,    71) =    -24.17
       Model | -33.6716972     2 -16.8358486         Prob > F      =    1.0000
    Residual |  49.4520206    71  .696507332         R-squared     =   -2.1338
-------------+------------------------------         Adj R-squared =   -2.2221
       Total |  15.7803234    73  .216168814         Root MSE      =  .8345701
                                                     Res. dev.     =  180.1763

------------------------------------------------------------------------------
      lnYtou |      Coef.   Std. Err.      t    P>|t|     [95% Conf. Interval]
-------------+----------------------------------------------------------------
          b1 |  -77.58337   1018.927    -0.08   0.940    -2109.266    1954.099
          b2 |   1117.318   5973.063     0.19   0.852    -10792.63    13027.27
          b3 |   61.70047   439.8617     0.14   0.889    -815.3588    938.7598
------------------------------------------------------------------------------
* Parameter b1 taken as constant term in model & ANOVA table
 (SEs, P values, CIs, and correlations are asymptotic approximations)
convergence not achieved
