=============================================================================================================
Estimation for rail_pass and POL, specification 1
=============================================================================================================
   
US parameters:
-------------------------------------------------------------------
elascoef1 = 2.072647503008684
elascoef2 = 2.072647503008684
trend     = -.0240116130922127
-------------------------------------------------------------------
   
Model specification estimated:
( lnYtou = lnY + {b1} + (1.3-1)*ln(t-{b2=1924})*2.072647503008684 - (1-.3)*lnYpercap*2.072647503008684 + -.024
> 0116130922127*t  ) 
-------------------------------------------------------------------
(obs = 54)

Iteration 0:  residual SS =  111255.3
Iteration 1:  residual SS =  27927.75
Iteration 2:  residual SS =  5.378936
Iteration 3:  residual SS =  5.373592
Iteration 4:  residual SS =  5.370992
Iteration 5:  residual SS =  5.370355
Iteration 6:  residual SS =  5.370078
Iteration 7:  residual SS =  5.369985
Iteration 8:  residual SS =  5.369953

      Source |       SS       df       MS            Number of obs =        54
-------------+------------------------------         F(  1,    52) =    248.44
       Model |  25.6557062     1  25.6557062         Prob > F      =    0.0000
    Residual |  5.36994006    52  .103268078         R-squared     =    0.8269
-------------+------------------------------         Adj R-squared =    0.8236
       Total |  31.0256462    53  .585389552         Root MSE      =  .3213535
                                                     Res. dev.     =  28.60433

------------------------------------------------------------------------------
      lnYtou |      Coef.   Std. Err.      t    P>|t|     [95% Conf. Interval]
-------------+----------------------------------------------------------------
          b1 |   45.49848   .0503912   902.91   0.000     45.39737     45.5996
          b2 |    1927.57   .6186969  3115.53   0.000     1926.329    1928.812
------------------------------------------------------------------------------
* Parameter b1 taken as constant term in model & ANOVA table
 (SEs, P values, CIs, and correlations are asymptotic approximations)
