=============================================================================================================
Estimation for rail_pass and SEN, specification 1
=============================================================================================================
   
US parameters:
-------------------------------------------------------------------
elascoef1 = 2.072647503008684
elascoef2 = 2.072647503008684
trend     = -.0240116130922127
-------------------------------------------------------------------
   
Model specification estimated:
( lnYtou = lnY + {b1} + (1.3-1)*ln(t-{b2=1956})*2.072647503008684 - (1-.3)*lnYpercap*2.072647503008684 + -.024
> 0116130922127*t  ) 
-------------------------------------------------------------------
(obs = 30)

Iteration 0:  residual SS =  52428.31
Iteration 1:  residual SS =  20.52187
Iteration 2:  residual SS =  19.99513
Iteration 3:  residual SS =  19.56849
Iteration 4:  residual SS =  19.47033
Iteration 5:  residual SS =  19.36199
Iteration 6:  residual SS =  19.25155
Iteration 7:  residual SS =  19.18195
Iteration 8:  residual SS =  19.16894
Iteration 9:  residual SS =  19.12194
Iteration 10:  residual SS =   19.0916
Iteration 11:  residual SS =   19.0827
Iteration 12:  residual SS =  19.05461
Iteration 13:  residual SS =  19.03155
Iteration 14:  residual SS =  19.01446
Iteration 15:  residual SS =  19.00455
Iteration 16:  residual SS =  19.00339
Iteration 17:  residual SS =  18.98917
Iteration 18:  residual SS =  18.97671
Iteration 19:  residual SS =  18.96622
Iteration 20:  residual SS =  18.95799
Iteration 21:  residual SS =  18.95235
Iteration 22:  residual SS =  18.94969
Iteration 23:  residual SS =  18.94149
Iteration 24:  residual SS =  18.93381
Iteration 25:  residual SS =   18.9267
Iteration 26:  residual SS =   18.9202
Iteration 27:  residual SS =  18.91437
Iteration 28:  residual SS =  18.90928
Iteration 29:  residual SS =  18.90501
Iteration 30:  residual SS =  18.90163
Iteration 31:  residual SS =  18.89924
Iteration 32:  residual SS =  18.89795
Iteration 33:  residual SS =   18.8979
Iteration 34:  residual SS =  18.89402
Iteration 35:  residual SS =  18.89034
Iteration 36:  residual SS =  18.88686
Iteration 37:  residual SS =  18.88361
Iteration 38:  residual SS =   18.8806
Iteration 39:  residual SS =  18.87784
Iteration 40:  residual SS =  18.87535
Iteration 41:  residual SS =  18.87316
Iteration 42:  residual SS =  18.87127
Iteration 43:  residual SS =  18.86972
Iteration 44:  residual SS =  18.86854
Iteration 45:  residual SS =  18.86774
Iteration 46:  residual SS =  18.86736
Iteration 47:  residual SS =  18.86527
Iteration 48:  residual SS =  18.86324
Iteration 49:  residual SS =  18.86128

      Source |       SS       df       MS            Number of obs =        30
-------------+------------------------------         F(  1,    28) =    -23.86
       Model |  -16.068158     1  -16.068158         Prob > F      =    1.0000
    Residual |  18.8593792    28  .673549257         R-squared     =   -5.7567
-------------+------------------------------         Adj R-squared =   -5.9980
       Total |  2.79122118    29  .096249006         Root MSE      =  .8207005
                                                     Res. dev.     =   71.2107

------------------------------------------------------------------------------
      lnYtou |      Coef.   Std. Err.      t    P>|t|     [95% Conf. Interval]
-------------+----------------------------------------------------------------
          b1 |   38.54596   5.966895     6.46   0.000     26.32333    50.76859
          b2 |   626.0493   12761.36     0.05   0.961    -25514.41    26766.51
------------------------------------------------------------------------------
* Parameter b1 taken as constant term in model & ANOVA table
 (SEs, P values, CIs, and correlations are asymptotic approximations)
convergence not achieved
