=============================================================================================================
Estimation for rail_pass and SRI, specification 1
=============================================================================================================
   
US parameters:
-------------------------------------------------------------------
elascoef1 = 2.072647503008684
elascoef2 = 2.072647503008684
trend     = -.0240116130922127
-------------------------------------------------------------------
   
Model specification estimated:
( lnYtou = lnY + {b1} + (1.3-1)*ln(t-{b2=1949})*2.072647503008684 - (1-.3)*lnYpercap*2.072647503008684 + -.024
> 0116130922127*t  ) 
-------------------------------------------------------------------
(obs = 40)

Iteration 0:  residual SS =   77484.7
Iteration 1:  residual SS =  4.431721
Iteration 2:  residual SS =  1.173503
Iteration 3:  residual SS =  1.165261
Iteration 4:  residual SS =  1.165245

      Source |       SS       df       MS            Number of obs =        40
-------------+------------------------------         F(  1,    38) =     66.53
       Model |  2.04001492     1  2.04001492         Prob > F      =    0.0000
    Residual |  1.16524531    38   .03066435         R-squared     =    0.6365
-------------+------------------------------         Adj R-squared =    0.6269
       Total |  3.20526023    39   .08218616         Root MSE      =  .1751124
                                                     Res. dev.     = -27.92283

------------------------------------------------------------------------------
      lnYtou |      Coef.   Std. Err.      t    P>|t|     [95% Conf. Interval]
-------------+----------------------------------------------------------------
          b1 |   43.96076   .0521504   842.96   0.000     43.85519    44.06633
          b2 |   1947.458   1.400626  1390.42   0.000     1944.623    1950.293
------------------------------------------------------------------------------
* Parameter b1 taken as constant term in model & ANOVA table
 (SEs, P values, CIs, and correlations are asymptotic approximations)
