=============================================================================================================
Estimation for rail_pass and SUD, specification 1
=============================================================================================================
   
US parameters:
-------------------------------------------------------------------
elascoef1 = 2.072647503008684
elascoef2 = 2.072647503008684
trend     = -.0240116130922127
-------------------------------------------------------------------
   
Model specification estimated:
( lnYtou = lnY + {b1} + (1.3-1)*ln(t-{b2=1961})*2.072647503008684 - (1-.3)*lnYpercap*2.072647503008684 + -.024
> 0116130922127*t  ) 
-------------------------------------------------------------------
(obs = 28)

Iteration 0:  residual SS =  51309.05
Iteration 1:  residual SS =  3.298414
Iteration 2:  residual SS =  2.606729
Iteration 3:  residual SS =  2.366699
Iteration 4:  residual SS =   2.23028
Iteration 5:  residual SS =  2.186004
Iteration 6:  residual SS =  2.138444
Iteration 7:  residual SS =  2.128079
Iteration 8:  residual SS =  2.103727
Iteration 9:  residual SS =  2.092142
Iteration 10:  residual SS =  2.075422
Iteration 11:  residual SS =   2.06213
Iteration 12:  residual SS =  2.052933
Iteration 13:  residual SS =  2.048772
Iteration 14:  residual SS =  2.040422
Iteration 15:  residual SS =  2.033219
Iteration 16:  residual SS =  2.027329
Iteration 17:  residual SS =  2.022958
Iteration 18:  residual SS =  2.020375
Iteration 19:  residual SS =  2.019925
Iteration 20:  residual SS =  2.016063
Iteration 21:  residual SS =  2.012625
Iteration 22:  residual SS =  2.009658
Iteration 23:  residual SS =  2.007218
Iteration 24:  residual SS =  2.005371
Iteration 25:  residual SS =  2.004196
Iteration 26:  residual SS =  2.003789
Iteration 27:  residual SS =  2.001715
Iteration 28:  residual SS =  1.999776
Iteration 29:  residual SS =  1.997983
Iteration 30:  residual SS =  1.996346
Iteration 31:  residual SS =   1.99488
Iteration 32:  residual SS =  1.993599
Iteration 33:  residual SS =   1.99252
Iteration 34:  residual SS =  1.991661
Iteration 35:  residual SS =  1.991044
Iteration 36:  residual SS =  1.990695
Iteration 37:  residual SS =  1.990641
Iteration 38:  residual SS =  1.989619
Iteration 39:  residual SS =  1.988644
Iteration 40:  residual SS =  1.987719
Iteration 41:  residual SS =  1.986847
Iteration 42:  residual SS =  1.986032
Iteration 43:  residual SS =  1.985276
Iteration 44:  residual SS =  1.984583
Iteration 45:  residual SS =  1.983958
Iteration 46:  residual SS =  1.983404
Iteration 47:  residual SS =  1.982927
Iteration 48:  residual SS =  1.982532
Iteration 49:  residual SS =  1.982225

      Source |       SS       df       MS            Number of obs =        28
-------------+------------------------------         F(  1,    26) =    -18.12
       Model | -1.38126491     1 -1.38126491         Prob > F      =    1.0000
    Residual |  1.98201185    26  .076231225         R-squared     =   -2.2992
-------------+------------------------------         Adj R-squared =   -2.4261
       Total |  .600746937    27  .022249887         Root MSE      =     .2761
                                                     Res. dev.     =  5.313979

------------------------------------------------------------------------------
      lnYtou |      Coef.   Std. Err.      t    P>|t|     [95% Conf. Interval]
-------------+----------------------------------------------------------------
          b1 |   39.94494   5.169932     7.73   0.000     29.31799    50.57189
          b2 |   730.3959   10119.58     0.07   0.943     -20070.7    21531.49
------------------------------------------------------------------------------
* Parameter b1 taken as constant term in model & ANOVA table
 (SEs, P values, CIs, and correlations are asymptotic approximations)
convergence not achieved
