=============================================================================================================
Estimation for rail_pass and SYR, specification 2
=============================================================================================================
   
US parameters:
-------------------------------------------------------------------
elascoef1 = 2.072647503008684
elascoef2 = 2.072647503008684
trend     = -.0240116130922127
-------------------------------------------------------------------
   
Model specification estimated:
( lnYtou = lnY + {b1} + (1.3-1)*ln(t-{b2=1945})*{b3=2.072647503008684} - (1-.3)*lnYpercap*2.072647503008684 + 
> -.0240116130922127*t  ) 
-------------------------------------------------------------------
(obs = 44)

Iteration 0:  residual SS =  78679.45
Iteration 1:  residual SS =  1336.912
Iteration 2:  residual SS =  1322.671
Iteration 3:  residual SS =  1317.476
Iteration 4:  residual SS =  1309.529
Iteration 5:  residual SS =  1304.112
Iteration 6:  residual SS =  1301.883
Iteration 7:  residual SS =  1297.378
Iteration 8:  residual SS =  1293.567
Iteration 9:  residual SS =  1290.556
Iteration 10:  residual SS =  1288.477
Iteration 11:  residual SS =  1287.493
Iteration 12:  residual SS =  1285.092
Iteration 13:  residual SS =   1282.89
Iteration 14:  residual SS =  1280.907
Iteration 15:  residual SS =  1279.163
Iteration 16:  residual SS =  1277.684
Iteration 17:  residual SS =  1276.497
Iteration 18:  residual SS =  1275.634
Iteration 19:  residual SS =  1275.133
Iteration 20:  residual SS =  1275.037
Iteration 21:  residual SS =  1273.894
Iteration 22:  residual SS =  1272.816
Iteration 23:  residual SS =  1271.808
Iteration 24:  residual SS =  1270.874
Iteration 25:  residual SS =  1270.018
Iteration 26:  residual SS =  1269.245
Iteration 27:  residual SS =  1268.562
Iteration 28:  residual SS =  1267.975
Iteration 29:  residual SS =   1267.49
Iteration 30:  residual SS =  1267.114
Iteration 31:  residual SS =  1266.857
Iteration 32:  residual SS =  1266.726
Iteration 33:  residual SS =  1266.113
Iteration 34:  residual SS =  1265.519
Iteration 35:  residual SS =  1264.945
Iteration 36:  residual SS =  1264.391
Iteration 37:  residual SS =  1263.857
Iteration 38:  residual SS =  1263.346
Iteration 39:  residual SS =  1262.858
Iteration 40:  residual SS =  1262.393
Iteration 41:  residual SS =  1261.953
Iteration 42:  residual SS =  1261.538
Iteration 43:  residual SS =  1261.151
Iteration 44:  residual SS =  1260.791
Iteration 45:  residual SS =  1260.461
Iteration 46:  residual SS =  1260.161
Iteration 47:  residual SS =  1259.893
Iteration 48:  residual SS =  1259.658
Iteration 49:  residual SS =  1259.458

      Source |       SS       df       MS            Number of obs =        44
-------------+------------------------------         F(  2,    41) =    -19.30
       Model | -1185.58695     2 -592.793473         Prob > F      =    1.0000
    Residual |  1259.29447    41  30.7144992         R-squared     =  -16.0850
-------------+------------------------------         Adj R-squared =  -16.9184
       Total |  73.7075234    43  1.71412845         Root MSE      =  5.542066
                                                     Res. dev.     =  272.4478

------------------------------------------------------------------------------
      lnYtou |      Coef.   Std. Err.      t    P>|t|     [95% Conf. Interval]
-------------+----------------------------------------------------------------
          b1 |   -109.542   1165.586    -0.09   0.926    -2463.491    2244.407
          b2 |   1473.767   3145.558     0.47   0.642    -4878.816     7826.35
          b3 |   85.38291    539.891     0.16   0.875    -1004.949    1175.715
------------------------------------------------------------------------------
* Parameter b1 taken as constant term in model & ANOVA table
 (SEs, P values, CIs, and correlations are asymptotic approximations)
convergence not achieved
