=============================================================================================================
Estimation for rail_pass and TAN, specification 2
=============================================================================================================
   
US parameters:
-------------------------------------------------------------------
elascoef1 = 2.072647503008684
elascoef2 = 2.072647503008684
trend     = -.0240116130922127
-------------------------------------------------------------------
   
Model specification estimated:
( lnYtou = lnY + {b1} + (1.3-1)*ln(t-{b2=1971})*{b3=2.072647503008684} - (1-.3)*lnYpercap*2.072647503008684 + 
> -.0240116130922127*t  ) 
-------------------------------------------------------------------
(obs = 16)

Iteration 0:  residual SS =  31029.34
Iteration 1:  residual SS =  1116.115
Iteration 2:  residual SS =  1108.124
Iteration 3:  residual SS =  1101.032
Iteration 4:  residual SS =  1097.992
Iteration 5:  residual SS =  1094.599
Iteration 6:  residual SS =  1092.427
Iteration 7:  residual SS =  1091.857
Iteration 8:  residual SS =  1090.151
Iteration 9:  residual SS =  1088.808
Iteration 10:  residual SS =  1087.895
Iteration 11:  residual SS =  1087.495
Iteration 12:  residual SS =  1086.497
Iteration 13:  residual SS =  1085.593
Iteration 14:  residual SS =  1084.793
Iteration 15:  residual SS =  1084.109
Iteration 16:  residual SS =  1083.553
Iteration 17:  residual SS =  1083.142
Iteration 18:  residual SS =  1082.892
Iteration 19:  residual SS =  1082.824
Iteration 20:  residual SS =  1082.332
Iteration 21:  residual SS =   1081.87
Iteration 22:  residual SS =  1081.439
Iteration 23:  residual SS =  1081.041
Iteration 24:  residual SS =  1080.679
Iteration 25:  residual SS =  1080.354
Iteration 26:  residual SS =  1080.071
Iteration 27:  residual SS =  1079.831
Iteration 28:  residual SS =  1079.639
Iteration 29:  residual SS =  1079.496
Iteration 30:  residual SS =  1079.409
Iteration 31:  residual SS =   1079.38
Iteration 32:  residual SS =  1079.126
Iteration 33:  residual SS =  1078.881
Iteration 34:  residual SS =  1078.645
Iteration 35:  residual SS =  1078.418
Iteration 36:  residual SS =  1078.201
Iteration 37:  residual SS =  1077.994
Iteration 38:  residual SS =  1077.798
Iteration 39:  residual SS =  1077.613
Iteration 40:  residual SS =  1077.439
Iteration 41:  residual SS =  1077.278
Iteration 42:  residual SS =  1077.129
Iteration 43:  residual SS =  1076.993
Iteration 44:  residual SS =  1076.872
Iteration 45:  residual SS =  1076.764
Iteration 46:  residual SS =  1076.672
Iteration 47:  residual SS =  1076.595
Iteration 48:  residual SS =  1076.536
Iteration 49:  residual SS =  1076.493

      Source |       SS       df       MS            Number of obs =        16
-------------+------------------------------         F(  2,    13) =     -6.50
       Model | -1076.39727     2 -538.198637         Prob > F      =    1.0000
    Residual |  1076.46929    13  82.8053296         R-squared     = -1.49e+04
-------------+------------------------------         Adj R-squared = -1.72e+04
       Total |  .072010456    15  .004800697         Root MSE      =  9.099743
                                                     Res. dev.     =  112.7477

------------------------------------------------------------------------------
      lnYtou |      Coef.   Std. Err.      t    P>|t|     [95% Conf. Interval]
-------------+----------------------------------------------------------------
          b1 |  -111.6124   2211.424    -0.05   0.961    -4889.104    4665.879
          b2 |    1466.44   5968.428     0.25   0.810    -11427.57    14360.45
          b3 |   88.22367   1018.746     0.09   0.932    -2112.643     2289.09
------------------------------------------------------------------------------
* Parameter b1 taken as constant term in model & ANOVA table
 (SEs, P values, CIs, and correlations are asymptotic approximations)
convergence not achieved
