=============================================================================================================
Estimation for rail_pass and THA, specification 2
=============================================================================================================
   
US parameters:
-------------------------------------------------------------------
elascoef1 = 2.072647503008684
elascoef2 = 2.072647503008684
trend     = -.0240116130922127
-------------------------------------------------------------------
   
Model specification estimated:
( lnYtou = lnY + {b1} + (1.3-1)*ln(t-{b2=1908})*{b3=2.072647503008684} - (1-.3)*lnYpercap*2.072647503008684 + 
> -.0240116130922127*t  ) 
-------------------------------------------------------------------
(obs = 47)

Iteration 0:  residual SS =  86202.79
Iteration 1:  residual SS =  1024.639
Iteration 2:  residual SS =  986.2236
Iteration 3:  residual SS =  954.3427
Iteration 4:  residual SS =  926.3998
Iteration 5:  residual SS =  905.7136
Iteration 6:  residual SS =  893.6145
Iteration 7:  residual SS =  892.1799
Iteration 8:  residual SS =  881.7889
Iteration 9:  residual SS =  873.9714
Iteration 10:  residual SS =  869.1264
Iteration 11:  residual SS =  867.7815
Iteration 12:  residual SS =  861.8352
Iteration 13:  residual SS =  856.5923
Iteration 14:  residual SS =  852.1181
Iteration 15:  residual SS =  848.4901
Iteration 16:  residual SS =  845.7998
Iteration 17:  residual SS =  844.1566
Iteration 18:  residual SS =  843.6915
Iteration 19:  residual SS =  840.6491
Iteration 20:  residual SS =  837.8135
Iteration 21:  residual SS =  835.1972
Iteration 22:  residual SS =  832.8139
Iteration 23:  residual SS =   830.679
Iteration 24:  residual SS =  828.8097
Iteration 25:  residual SS =  827.2249
Iteration 26:  residual SS =  825.9457
Iteration 27:  residual SS =   824.996
Iteration 28:  residual SS =  824.4022
Iteration 29:  residual SS =  824.1944
Iteration 30:  residual SS =  822.6488
Iteration 31:  residual SS =  821.1646
Iteration 32:  residual SS =  819.7442
Iteration 33:  residual SS =  818.3901
Iteration 34:  residual SS =   817.105
Iteration 35:  residual SS =   815.892
Iteration 36:  residual SS =   814.754
Iteration 37:  residual SS =  813.6946
Iteration 38:  residual SS =  812.7171
Iteration 39:  residual SS =  811.8254
Iteration 40:  residual SS =  811.0237
Iteration 41:  residual SS =  810.3162
Iteration 42:  residual SS =  809.7076
Iteration 43:  residual SS =  809.2031
Iteration 44:  residual SS =   808.808
Iteration 45:  residual SS =  808.5281
Iteration 46:  residual SS =  808.3697
Iteration 47:  residual SS =  808.3397
Iteration 48:  residual SS =  807.5806
Iteration 49:  residual SS =  806.8404

      Source |       SS       df       MS            Number of obs =        47
-------------+------------------------------         F(  2,    44) =    -20.79
       Model | -761.631552     2 -380.815776         Prob > F      =    1.0000
    Residual |  806.119797    44  18.3209045         R-squared     =  -17.1198
-------------+------------------------------         Adj R-squared =  -17.9435
       Total |  44.4882446    46  .967135752         Root MSE      =  4.280293
                                                     Res. dev.     =  266.9582

------------------------------------------------------------------------------
      lnYtou |      Coef.   Std. Err.      t    P>|t|     [95% Conf. Interval]
-------------+----------------------------------------------------------------
          b1 |  -342.1127   1196.947    -0.29   0.776      -2754.4    2070.175
          b2 |   835.9844   3015.622     0.28   0.783    -5241.603    6913.572
          b3 |    185.604   497.7123     0.37   0.711    -817.4694    1188.677
------------------------------------------------------------------------------
* Parameter b1 taken as constant term in model & ANOVA table
 (SEs, P values, CIs, and correlations are asymptotic approximations)
convergence not achieved
