=============================================================================================================
Estimation for rail_pass and TUN, specification 1
=============================================================================================================
   
US parameters:
-------------------------------------------------------------------
elascoef1 = 2.072647503008684
elascoef2 = 2.072647503008684
trend     = -.0240116130922127
-------------------------------------------------------------------
   
Model specification estimated:
( lnYtou = lnY + {b1} + (1.3-1)*ln(t-{b2=1945})*2.072647503008684 - (1-.3)*lnYpercap*2.072647503008684 + -.024
> 0116130922127*t  ) 
-------------------------------------------------------------------
(obs = 44)

Iteration 0:  residual SS =   82831.5
Iteration 1:  residual SS =  20381.41
Iteration 2:  residual SS =  4.686427
Iteration 3:  residual SS =  4.023611
Iteration 4:  residual SS =   4.01469
Iteration 5:  residual SS =  4.014127
Iteration 6:  residual SS =  4.013931
Iteration 7:  residual SS =  4.013876
Iteration 8:  residual SS =  4.013861

      Source |       SS       df       MS            Number of obs =        44
-------------+------------------------------         F(  1,    42) =     67.49
       Model |  6.44990509     1  6.44990509         Prob > F      =    0.0000
    Residual |  4.01385571    42  .095567993         R-squared     =    0.6164
-------------+------------------------------         Adj R-squared =    0.6073
       Total |  10.4637608    43  .243343274         Root MSE      =  .3091407
                                                     Res. dev.     =  19.51135

------------------------------------------------------------------------------
      lnYtou |      Coef.   Std. Err.      t    P>|t|     [95% Conf. Interval]
-------------+----------------------------------------------------------------
          b1 |   43.53199   .0578129   752.98   0.000     43.41532    43.64866
          b2 |   1948.532   .6381093  3053.60   0.000     1947.244    1949.819
------------------------------------------------------------------------------
* Parameter b1 taken as constant term in model & ANOVA table
 (SEs, P values, CIs, and correlations are asymptotic approximations)
