=============================================================================================================
Estimation for rail_pass and TUN, specification 2
=============================================================================================================
   
US parameters:
-------------------------------------------------------------------
elascoef1 = 2.072647503008684
elascoef2 = 2.072647503008684
trend     = -.0240116130922127
-------------------------------------------------------------------
   
Model specification estimated:
( lnYtou = lnY + {b1} + (1.3-1)*ln(t-{b2=1945})*{b3=2.072647503008684} - (1-.3)*lnYpercap*2.072647503008684 + 
> -.0240116130922127*t  ) 
-------------------------------------------------------------------
(obs = 44)

Iteration 0:  residual SS =   82831.5
Iteration 1:  residual SS =  606.3593
Iteration 2:  residual SS =  .7445763
Iteration 3:  residual SS =  .6863049
Iteration 4:  residual SS =  .6863043
Iteration 5:  residual SS =  .6863043
Iteration 6:  residual SS =  .6863043

      Source |       SS       df       MS            Number of obs =        44
-------------+------------------------------         F(  2,    41) =    292.05
       Model |  9.77745646     2  4.88872823         Prob > F      =    0.0000
    Residual |  .686304342    41   .01673913         R-squared     =    0.9344
-------------+------------------------------         Adj R-squared =    0.9312
       Total |  10.4637608    43  .243343274         Root MSE      =  .1293798
                                                     Res. dev.     = -58.20085

------------------------------------------------------------------------------
      lnYtou |      Coef.   Std. Err.      t    P>|t|     [95% Conf. Interval]
-------------+----------------------------------------------------------------
          b1 |   21.14098   14.58046     1.45   0.155    -8.304857    50.58681
          b2 |   1871.859   48.19109    38.84   0.000     1774.535    1969.182
          b3 |   17.55357   8.704263     2.02   0.050    -.0250487    35.13218
------------------------------------------------------------------------------
* Parameter b1 taken as constant term in model & ANOVA table
 (SEs, P values, CIs, and correlations are asymptotic approximations)
