=============================================================================================================
Estimation for rail_pass and YUG, specification 2
=============================================================================================================
   
US parameters:
-------------------------------------------------------------------
elascoef1 = 2.072647503008684
elascoef2 = 2.072647503008684
trend     = -.0240116130922127
-------------------------------------------------------------------
   
Model specification estimated:
( lnYtou = lnY + {b1} + (1.3-1)*ln(t-{b2=1917})*{b3=2.072647503008684} - (1-.3)*lnYpercap*2.072647503008684 + 
> -.0240116130922127*t  ) 
-------------------------------------------------------------------
(obs = 62)

Iteration 0:  residual SS =  121034.3
Iteration 1:  residual SS =   652.999
Iteration 2:  residual SS =   220.361
Iteration 3:  residual SS =  13.69432
Iteration 4:  residual SS =  3.267033
Iteration 5:  residual SS =  2.675188
Iteration 6:  residual SS =  2.646527
Iteration 7:  residual SS =  2.646499
Iteration 8:  residual SS =  2.646499
Iteration 9:  residual SS =  2.646499
Iteration 10:  residual SS =  2.646499
Iteration 11:  residual SS =  2.646499

      Source |       SS       df       MS            Number of obs =        62
-------------+------------------------------         F(  2,    59) =    339.34
       Model |  30.4431642     2  15.2215821         Prob > F      =    0.0000
    Residual |   2.6464988    59  .044855912         R-squared     =    0.9200
-------------+------------------------------         Adj R-squared =    0.9173
       Total |   33.089663    61  .542453491         Root MSE      =  .2117921
                                                     Res. dev.     = -19.59323

------------------------------------------------------------------------------
      lnYtou |      Coef.   Std. Err.      t    P>|t|     [95% Conf. Interval]
-------------+----------------------------------------------------------------
          b1 |   23.21662    5.63395     4.12   0.000     11.94311    34.49013
          b2 |   1869.368   15.84943   117.95   0.000     1837.653    1901.083
          b3 |   17.33451   3.479324     4.98   0.000      10.3724    24.29662
------------------------------------------------------------------------------
* Parameter b1 taken as constant term in model & ANOVA table
 (SEs, P values, CIs, and correlations are asymptotic approximations)
