=============================================================================================================
Estimation for rail_pass and ZAM, specification 1
=============================================================================================================
   
US parameters:
-------------------------------------------------------------------
elascoef1 = 2.072647503008684
elascoef2 = 2.072647503008684
trend     = -.0240116130922127
-------------------------------------------------------------------
   
Model specification estimated:
( lnYtou = lnY + {b1} + (1.3-1)*ln(t-{b2=1966})*2.072647503008684 - (1-.3)*lnYpercap*2.072647503008684 + -.024
> 0116130922127*t  ) 
-------------------------------------------------------------------
(obs = 21)

Iteration 0:  residual SS =   39116.3
Iteration 1:  residual SS =  9754.063
Iteration 2:  residual SS =  1.030326
Iteration 3:  residual SS =  .4014047
Iteration 4:  residual SS =    .19714
Iteration 5:  residual SS =  .1703402
Iteration 6:  residual SS =  .1700798

      Source |       SS       df       MS            Number of obs =        21
-------------+------------------------------         F(  1,    19) =    133.98
       Model |  1.19937112     1  1.19937112         Prob > F      =    0.0000
    Residual |  .170079756    19  .008951566         R-squared     =    0.8758
-------------+------------------------------         Adj R-squared =    0.8693
       Total |  1.36945088    20  .068472544         Root MSE      =  .0946127
                                                     Res. dev.     =  -41.5408

------------------------------------------------------------------------------
      lnYtou |      Coef.   Std. Err.      t    P>|t|     [95% Conf. Interval]
-------------+----------------------------------------------------------------
          b1 |   42.60365   .1079093   394.81   0.000     42.37779     42.8295
          b2 |   1946.815   5.701058   341.48   0.000     1934.883    1958.748
------------------------------------------------------------------------------
* Parameter b1 taken as constant term in model & ANOVA table
 (SEs, P values, CIs, and correlations are asymptotic approximations)
