=============================================================================================================
Estimation for Ships and USA, specification 1
=============================================================================================================
   
US parameters:
-------------------------------------------------------------------
elascoef1 = {b3}
elascoef2 = {b3}
trend     = {b5}
-------------------------------------------------------------------
   
Model specification estimated:
( lnYtou = lnY + {b1} + (1.3-1)*ln(t-{b2=1825})*{b3} - (1-.3)*lnYpercap*{b3} + {b5}*t  ) 
-------------------------------------------------------------------
(obs = 123)

Iteration 0:  residual SS =  2665.334
Iteration 1:  residual SS =  19.64079
Iteration 2:  residual SS =  19.08829
Iteration 3:  residual SS =  19.06332
Iteration 4:  residual SS =   19.0629
Iteration 5:  residual SS =  19.06286
Iteration 6:  residual SS =  19.06285
Iteration 7:  residual SS =  19.06285
Iteration 8:  residual SS =  19.06285
Iteration 9:  residual SS =  19.06285
Iteration 10:  residual SS =  19.06285

      Source |       SS       df       MS            Number of obs =       123
-------------+------------------------------         F(  3,   119) =    351.89
       Model |  169.108729     3  56.3695763         Prob > F      =    0.0000
    Residual |  19.0628535   119  .160192047         R-squared     =    0.8987
-------------+------------------------------         Adj R-squared =    0.8961
       Total |  188.171582   122  1.54239002         Root MSE      =    .40024
                                                     Res. dev.     =  119.7324

------------------------------------------------------------------------------
      lnYtou |      Coef.   Std. Err.      t    P>|t|     [95% Conf. Interval]
-------------+----------------------------------------------------------------
          b1 |  -57.34485   9.671718    -5.93   0.000    -76.49582   -38.19388
          b2 |   1817.709    7.64325   237.82   0.000     1802.574    1832.843
          b3 |   3.313754    .438777     7.55   0.000     2.444931    4.182576
          b5 |   .0272548   .0049739     5.48   0.000      .017406    .0371036
------------------------------------------------------------------------------
* Parameter b1 taken as constant term in model & ANOVA table
 (SEs, P values, CIs, and correlations are asymptotic approximations)
