=============================================================================================================
Estimation for Telephone and USA, specification 1
=============================================================================================================
   
US parameters:
-------------------------------------------------------------------
elascoef1 = {b3}
elascoef2 = {b3}
trend     = {b5}
-------------------------------------------------------------------
   
Model specification estimated:
( lnYtou = lnY + {b1} + (1.3-1)*ln(t-{b2=1871})*{b3} - (1-.3)*lnYpercap*{b3} + {b5}*t  ) 
-------------------------------------------------------------------
(obs = 107)

Iteration 0:  residual SS =  898.0112
Iteration 1:  residual SS =  38.81801
Iteration 2:  residual SS =  26.78581
Iteration 3:  residual SS =  24.83042
Iteration 4:  residual SS =  24.41721
Iteration 5:  residual SS =  24.41641
Iteration 6:  residual SS =  24.41636
Iteration 7:  residual SS =  24.41635
Iteration 8:  residual SS =  24.41635

      Source |       SS       df       MS            Number of obs =       107
-------------+------------------------------         F(  3,   103) =    937.82
       Model |  666.934677     3  222.311559         Prob > F      =    0.0000
    Residual |  24.4163484   103  .237051926         R-squared     =    0.9647
-------------+------------------------------         Adj R-squared =    0.9637
       Total |  691.351025   106  6.52217948         Root MSE      =  .4868798
                                                     Res. dev.     =  145.5522

------------------------------------------------------------------------------
      lnYtou |      Coef.   Std. Err.      t    P>|t|     [95% Conf. Interval]
-------------+----------------------------------------------------------------
          b1 |  -113.7176   4.601695   -24.71   0.000    -122.8439   -104.5912
          b2 |   1875.691   .1703946        .   0.000     1875.353    1876.029
          b3 |   4.011261   .3366012    11.92   0.000     3.343692     4.67883
          b5 |   .0606951   .0024116    25.17   0.000     .0559122    .0654779
------------------------------------------------------------------------------
* Parameter b1 taken as constant term in model & ANOVA table
 (SEs, P values, CIs, and correlations are asymptotic approximations)
