=============================================================================================================
Estimation for rail_pass and USA, specification 1
=============================================================================================================
   
US parameters:
-------------------------------------------------------------------
elascoef1 = {b3}
elascoef2 = {b3}
trend     = {b5}
-------------------------------------------------------------------
   
Model specification estimated:
( lnYtou = lnY + {b1} + (1.3-1)*ln(t-{b2=1877})*{b3} - (1-.3)*lnYpercap*{b3} + {b5}*t  ) 
-------------------------------------------------------------------
(obs = 104)

Iteration 0:  residual SS =  1263.486
Iteration 1:  residual SS =  21.99215
Iteration 2:  residual SS =    20.716
Iteration 3:  residual SS =  20.62442
Iteration 4:  residual SS =  20.61029
Iteration 5:  residual SS =  20.60998
Iteration 6:  residual SS =  20.60862
Iteration 7:  residual SS =  20.60857
Iteration 8:  residual SS =  20.60857
Iteration 9:  residual SS =  20.60857
Iteration 10:  residual SS =  20.60857
Iteration 11:  residual SS =  20.60857

      Source |       SS       df       MS            Number of obs =       104
-------------+------------------------------         F(  3,   100) =     22.58
       Model |  13.9619855     3  4.65399516         Prob > F      =    0.0000
    Residual |  20.6085729   100  .206085729         R-squared     =    0.4039
-------------+------------------------------         Adj R-squared =    0.3860
       Total |  34.5705584   103  .335636489         Root MSE      =  .4539667
                                                     Res. dev.     =  126.7961

------------------------------------------------------------------------------
      lnYtou |      Coef.   Std. Err.      t    P>|t|     [95% Conf. Interval]
-------------+----------------------------------------------------------------
          b1 |   43.74252   6.355843     6.88   0.000     31.13271    56.35233
          b2 |   1880.813   1.255724  1497.79   0.000     1878.322    1883.304
          b3 |   2.072648   .4037187     5.13   0.000     1.271681    2.873614
          b5 |  -.0240116   .0033235    -7.22   0.000    -.0306053   -.0174179
------------------------------------------------------------------------------
* Parameter b1 taken as constant term in model & ANOVA table
 (SEs, P values, CIs, and correlations are asymptotic approximations)
