=============================================================================================================
Estimation for Ships and ALG, specification 2
=============================================================================================================
   
US parameters:
-------------------------------------------------------------------
elascoef1 = 3.313753501972318
elascoef2 = 3.313753501972318
trend     = .0272547819258236
-------------------------------------------------------------------
   
Model specification estimated:
( lnYtou = lnY + {b1} + (1.3-1)*ln(t-{b2=1963})*{b3=3.313753501972318} - (1-.3)*lnYpercap*3.313753501972318 + 
> .0272547819258236*t  ) 
-------------------------------------------------------------------
(obs = 25)

Iteration 0:  residual SS =  87221.18
Iteration 1:  residual SS =  81896.17
Iteration 2:  residual SS =   20445.3
Iteration 3:  residual SS =  10.94871
Iteration 4:  residual SS =  10.92484
Iteration 5:  residual SS =  10.92433
Iteration 6:  residual SS =  10.92433
Iteration 7:  residual SS =  10.92432
Iteration 8:  residual SS =  10.92432
Iteration 9:  residual SS =  10.92431
Iteration 10:  residual SS =  10.92431

      Source |       SS       df       MS            Number of obs =        25
-------------+------------------------------         F(  2,    22) =     36.69
       Model |  36.4360197     2  18.2180099         Prob > F      =    0.0000
    Residual |  10.9243124    22  .496559656         R-squared     =    0.7693
-------------+------------------------------         Adj R-squared =    0.7484
       Total |  47.3603322    24  1.97334717         Root MSE      =  .7046699
                                                     Res. dev.     =   50.2498

------------------------------------------------------------------------------
      lnYtou |      Coef.   Std. Err.      t    P>|t|     [95% Conf. Interval]
-------------+----------------------------------------------------------------
          b1 |  -58.94128   .7519249   -78.39   0.000    -60.50068   -57.38188
          b2 |   1967.519   .5558272  3539.80   0.000     1966.366    1968.672
          b3 |   3.872769   .9271481     4.18   0.000     1.949981    5.795556
------------------------------------------------------------------------------
* Parameter b1 taken as constant term in model & ANOVA table
 (SEs, P values, CIs, and correlations are asymptotic approximations)
