=============================================================================================================
Estimation for Ships and ARG, specification 1
=============================================================================================================
   
US parameters:
-------------------------------------------------------------------
elascoef1 = 3.313753501972318
elascoef2 = 3.313753501972318
trend     = .0272547819258236
-------------------------------------------------------------------
   
Model specification estimated:
( lnYtou = lnY + {b1} + (1.3-1)*ln(t-{b2=1885})*3.313753501972318 - (1-.3)*lnYpercap*3.313753501972318 + .0272
> 547819258236*t  ) 
-------------------------------------------------------------------
(obs = 87)

Iteration 0:  residual SS =  294015.2
Iteration 1:  residual SS =  8.069577
Iteration 2:  residual SS =  7.612998
Iteration 3:  residual SS =  7.577763
Iteration 4:  residual SS =  7.577704

      Source |       SS       df       MS            Number of obs =        87
-------------+------------------------------         F(  1,    85) =   1257.11
       Model |  112.071035     1  112.071035         Prob > F      =    0.0000
    Residual |  7.57770422    85  .089149461         R-squared     =    0.9367
-------------+------------------------------         Adj R-squared =    0.9359
       Total |  119.648739    86  1.39126441         Root MSE      =  .2985791
                                                     Res. dev.     =  34.55459

------------------------------------------------------------------------------
      lnYtou |      Coef.   Std. Err.      t    P>|t|     [95% Conf. Interval]
-------------+----------------------------------------------------------------
          b1 |  -58.66878   .1026743  -571.41   0.000    -58.87292   -58.46463
          b2 |   1852.276   8.056734   229.90   0.000     1836.257    1868.295
------------------------------------------------------------------------------
* Parameter b1 taken as constant term in model & ANOVA table
 (SEs, P values, CIs, and correlations are asymptotic approximations)
