=============================================================================================================
Estimation for Ships and AUS, specification 1
=============================================================================================================
   
US parameters:
-------------------------------------------------------------------
elascoef1 = 3.313753501972318
elascoef2 = 3.313753501972318
trend     = .0272547819258236
-------------------------------------------------------------------
   
Model specification estimated:
( lnYtou = lnY + {b1} + (1.3-1)*ln(t-{b2=1835})*3.313753501972318 - (1-.3)*lnYpercap*3.313753501972318 + .0272
> 547819258236*t  ) 
-------------------------------------------------------------------
(obs = 44)

Iteration 0:  residual SS =  148923.4
Iteration 1:  residual SS =  5.094318
Iteration 2:  residual SS =  4.473088
Iteration 3:  residual SS =  3.602376
Iteration 4:  residual SS =  3.538644
Iteration 5:  residual SS =  3.538601

      Source |       SS       df       MS            Number of obs =        44
-------------+------------------------------         F(  1,    42) =    457.37
       Model |  38.5342913     1  38.5342913         Prob > F      =    0.0000
    Residual |  3.53860046    42  .084252392         R-squared     =    0.9159
-------------+------------------------------         Adj R-squared =    0.9139
       Total |  42.0728917    43  .978439343         Root MSE      =  .2902626
                                                     Res. dev.     =  13.96642

------------------------------------------------------------------------------
      lnYtou |      Coef.   Std. Err.      t    P>|t|     [95% Conf. Interval]
-------------+----------------------------------------------------------------
          b1 |  -58.10655   .0488127 -1190.40   0.000    -58.20506   -58.00804
          b2 |   1837.664   .7157221  2567.57   0.000      1836.22    1839.109
------------------------------------------------------------------------------
* Parameter b1 taken as constant term in model & ANOVA table
 (SEs, P values, CIs, and correlations are asymptotic approximations)
