=============================================================================================================
Estimation for Ships and AUS, specification 2
=============================================================================================================
   
US parameters:
-------------------------------------------------------------------
elascoef1 = 3.313753501972318
elascoef2 = 3.313753501972318
trend     = .0272547819258236
-------------------------------------------------------------------
   
Model specification estimated:
( lnYtou = lnY + {b1} + (1.3-1)*ln(t-{b2=1835})*{b3=3.313753501972318} - (1-.3)*lnYpercap*3.313753501972318 + 
> .0272547819258236*t  ) 
-------------------------------------------------------------------
(obs = 44)

Iteration 0:  residual SS =  148923.4
Iteration 1:  residual SS =    114133
Iteration 2:  residual SS =  2.661044
Iteration 3:  residual SS =  2.015772
Iteration 4:  residual SS =  1.834781
Iteration 5:  residual SS =   1.77384
Iteration 6:  residual SS =   1.75762
Iteration 7:  residual SS =  1.755522
Iteration 8:  residual SS =   1.75534
Iteration 9:  residual SS =  1.755322
Iteration 10:  residual SS =   1.75532
Iteration 11:  residual SS =   1.75532
Iteration 12:  residual SS =   1.75532
Iteration 13:  residual SS =   1.75532
Iteration 14:  residual SS =   1.75532

      Source |       SS       df       MS            Number of obs =        44
-------------+------------------------------         F(  2,    41) =    470.86
       Model |  40.3175722     2  20.1587861         Prob > F      =    0.0000
    Residual |  1.75531955    41  .042812672         R-squared     =    0.9583
-------------+------------------------------         Adj R-squared =    0.9562
       Total |  42.0728917    43  .978439343         Root MSE      =  .2069122
                                                     Res. dev.     = -16.88111

------------------------------------------------------------------------------
      lnYtou |      Coef.   Std. Err.      t    P>|t|     [95% Conf. Interval]
-------------+----------------------------------------------------------------
          b1 |  -67.88831   3.808473   -17.83   0.000    -75.57967   -60.19694
          b2 |   1804.662   15.29617   117.98   0.000      1773.77    1835.553
          b3 |    10.2708   2.440636     4.21   0.000     5.341835    15.19977
------------------------------------------------------------------------------
* Parameter b1 taken as constant term in model & ANOVA table
 (SEs, P values, CIs, and correlations are asymptotic approximations)
