=============================================================================================================
Estimation for Ships and BAN, specification 1
=============================================================================================================
   
US parameters:
-------------------------------------------------------------------
elascoef1 = 3.313753501972318
elascoef2 = 3.313753501972318
trend     = .0272547819258236
-------------------------------------------------------------------
   
Model specification estimated:
( lnYtou = lnY + {b1} + (1.3-1)*ln(t-{b2=1947})*3.313753501972318 - (1-.3)*lnYpercap*3.313753501972318 + .0272
> 547819258236*t  ) 
-------------------------------------------------------------------
(obs = 41)

Iteration 0:  residual SS =  171091.4
Iteration 1:  residual SS =  96273.67
Iteration 2:  residual SS =  13.56707
Iteration 3:  residual SS =  13.56058
Iteration 4:  residual SS =  13.55811
Iteration 5:  residual SS =   13.5576
Iteration 6:  residual SS =  13.55745
Iteration 7:  residual SS =  13.55741
Iteration 8:  residual SS =   13.5574

      Source |       SS       df       MS            Number of obs =        41
-------------+------------------------------         F(  1,    39) =    260.97
       Model |   90.719008     1   90.719008         Prob > F      =    0.0000
    Residual |  13.5574004    39   .34762565         R-squared     =    0.8700
-------------+------------------------------         Adj R-squared =    0.8667
       Total |  104.276408    40  2.60691021         Root MSE      =  .5895979
                                                     Res. dev.     =  70.98074

------------------------------------------------------------------------------
      lnYtou |      Coef.   Std. Err.      t    P>|t|     [95% Conf. Interval]
-------------+----------------------------------------------------------------
          b1 |  -64.42944   .1276815  -504.61   0.000     -64.6877   -64.17118
          b2 |   1949.589   1.177298  1655.99   0.000     1947.208     1951.97
------------------------------------------------------------------------------
* Parameter b1 taken as constant term in model & ANOVA table
 (SEs, P values, CIs, and correlations are asymptotic approximations)
