=============================================================================================================
Estimation for Ships and BLG, specification 2
=============================================================================================================
   
US parameters:
-------------------------------------------------------------------
elascoef1 = 3.313753501972318
elascoef2 = 3.313753501972318
trend     = .0272547819258236
-------------------------------------------------------------------
   
Model specification estimated:
( lnYtou = lnY + {b1} + (1.3-1)*ln(t-{b2=1841})*{b3=3.313753501972318} - (1-.3)*lnYpercap*3.313753501972318 + 
> .0272547819258236*t  ) 
-------------------------------------------------------------------
(obs = 123)

Iteration 0:  residual SS =  421711.8
Iteration 1:  residual SS =  322948.7
Iteration 2:  residual SS =  38.64411
Iteration 3:  residual SS =  37.71166
Iteration 4:  residual SS =   37.6602
Iteration 5:  residual SS =  37.65594
Iteration 6:  residual SS =  37.64379
Iteration 7:  residual SS =  37.64134
Iteration 8:  residual SS =  37.63766
Iteration 9:  residual SS =  37.63649
Iteration 10:  residual SS =  37.63527
Iteration 11:  residual SS =  37.63476
Iteration 12:  residual SS =  37.63433
Iteration 13:  residual SS =  37.63412
Iteration 14:  residual SS =  37.63397
Iteration 15:  residual SS =  37.63389
Iteration 16:  residual SS =  37.63383
Iteration 17:  residual SS =   37.6338
Iteration 18:  residual SS =  37.63377
Iteration 19:  residual SS =  37.63376
Iteration 20:  residual SS =  37.63375
Iteration 21:  residual SS =  37.63375
Iteration 22:  residual SS =  37.63375
Iteration 23:  residual SS =  37.63374
Iteration 24:  residual SS =  37.63374
Iteration 25:  residual SS =  37.63374
Iteration 26:  residual SS =  37.63374
Iteration 27:  residual SS =  37.63374
Iteration 28:  residual SS =  37.63374
Iteration 29:  residual SS =  37.63374
Iteration 30:  residual SS =  37.63374
Iteration 31:  residual SS =  37.63374
Iteration 32:  residual SS =  37.63374

      Source |       SS       df       MS            Number of obs =       123
-------------+------------------------------         F(  2,   120) =    703.37
       Model |  441.175009     2  220.587505         Prob > F      =    0.0000
    Residual |  37.6337405   120  .313614504         R-squared     =    0.9214
-------------+------------------------------         Adj R-squared =    0.9201
       Total |   478.80875   122  3.92466188         Root MSE      =  .5600129
                                                     Res. dev.     =   203.392

------------------------------------------------------------------------------
      lnYtou |      Coef.   Std. Err.      t    P>|t|     [95% Conf. Interval]
-------------+----------------------------------------------------------------
          b1 |  -61.33922   .7886094   -77.78   0.000    -62.90061   -59.77783
          b2 |   1839.282   2.921035   629.67   0.000     1833.499    1845.066
          b3 |    5.57642   .5576338    10.00   0.000     4.472343    6.680496
------------------------------------------------------------------------------
* Parameter b1 taken as constant term in model & ANOVA table
 (SEs, P values, CIs, and correlations are asymptotic approximations)
