=============================================================================================================
Estimation for Ships and BRA, specification 1
=============================================================================================================
   
US parameters:
-------------------------------------------------------------------
elascoef1 = 3.313753501972318
elascoef2 = 3.313753501972318
trend     = .0272547819258236
-------------------------------------------------------------------
   
Model specification estimated:
( lnYtou = lnY + {b1} + (1.3-1)*ln(t-{b2=1883})*3.313753501972318 - (1-.3)*lnYpercap*3.313753501972318 + .0272
> 547819258236*t  ) 
-------------------------------------------------------------------
(obs = 98)

Iteration 0:  residual SS =  355421.4
Iteration 1:  residual SS =  38.16825
Iteration 2:  residual SS =  21.97869
Iteration 3:  residual SS =  20.10158
Iteration 4:  residual SS =  20.04475
Iteration 5:  residual SS =   20.0446
Iteration 6:  residual SS =  20.04459

      Source |       SS       df       MS            Number of obs =        98
-------------+------------------------------         F(  1,    96) =    625.67
       Model |  130.639481     1  130.639481         Prob > F      =    0.0000
    Residual |  20.0445868    96  .208797779         R-squared     =    0.8670
-------------+------------------------------         Adj R-squared =    0.8656
       Total |  150.684068    97    1.553444         Root MSE      =   .456944
                                                     Res. dev.     =  122.5851

------------------------------------------------------------------------------
      lnYtou |      Coef.   Std. Err.      t    P>|t|     [95% Conf. Interval]
-------------+----------------------------------------------------------------
          b1 |  -60.63685   .1032982  -587.01   0.000     -60.8419   -60.43181
          b2 |   1863.988   5.564622   334.97   0.000     1852.942    1875.033
------------------------------------------------------------------------------
* Parameter b1 taken as constant term in model & ANOVA table
 (SEs, P values, CIs, and correlations are asymptotic approximations)
