=============================================================================================================
Estimation for Ships and CAN, specification 1
=============================================================================================================
   
US parameters:
-------------------------------------------------------------------
elascoef1 = 3.313753501972318
elascoef2 = 3.313753501972318
trend     = .0272547819258236
-------------------------------------------------------------------
   
Model specification estimated:
( lnYtou = lnY + {b1} + (1.3-1)*ln(t-{b2=1868})*3.313753501972318 - (1-.3)*lnYpercap*3.313753501972318 + .0272
> 547819258236*t  ) 
-------------------------------------------------------------------
(obs = 87)

Iteration 0:  residual SS =  284227.9
Iteration 1:  residual SS =  71319.86
Iteration 2:  residual SS =  8.452106
Iteration 3:  residual SS =  5.397433
Iteration 4:  residual SS =  4.688304
Iteration 5:  residual SS =  4.651084
Iteration 6:  residual SS =  4.651026

      Source |       SS       df       MS            Number of obs =        87
-------------+------------------------------         F(  1,    85) =   1389.74
       Model |  76.0436787     1  76.0436787         Prob > F      =    0.0000
    Residual |  4.65102582    85  .054717951         R-squared     =    0.9424
-------------+------------------------------         Adj R-squared =    0.9417
       Total |  80.6947045    86  .938310518         Root MSE      =  .2339187
                                                     Res. dev.     = -7.912063

------------------------------------------------------------------------------
      lnYtou |      Coef.   Std. Err.      t    P>|t|     [95% Conf. Interval]
-------------+----------------------------------------------------------------
          b1 |  -57.42152   .0606044  -947.48   0.000    -57.54202   -57.30103
          b2 |   1850.012   4.454674   415.30   0.000     1841.155    1858.869
------------------------------------------------------------------------------
* Parameter b1 taken as constant term in model & ANOVA table
 (SEs, P values, CIs, and correlations are asymptotic approximations)
