=============================================================================================================
Estimation for Ships and CHL, specification 1
=============================================================================================================
   
US parameters:
-------------------------------------------------------------------
elascoef1 = 3.313753501972318
elascoef2 = 3.313753501972318
trend     = .0272547819258236
-------------------------------------------------------------------
   
Model specification estimated:
( lnYtou = lnY + {b1} + (1.3-1)*ln(t-{b2=1848})*3.313753501972318 - (1-.3)*lnYpercap*3.313753501972318 + .0272
> 547819258236*t  ) 
-------------------------------------------------------------------
(obs = 106)

Iteration 0:  residual SS =  376697.9
Iteration 1:  residual SS =  212146.7
Iteration 2:  residual SS =  24.33886
Iteration 3:  residual SS =  24.33628
Iteration 4:  residual SS =  24.33596

      Source |       SS       df       MS            Number of obs =       106
-------------+------------------------------         F(  1,   104) =   1678.88
       Model |  392.857153     1  392.857153         Prob > F      =    0.0000
    Residual |  24.3359227   104  .233999257         R-squared     =    0.9417
-------------+------------------------------         Adj R-squared =    0.9411
       Total |  417.193076   105  3.97326739         Root MSE      =  .4837347
                                                     Res. dev.     =  144.8375

------------------------------------------------------------------------------
      lnYtou |      Coef.   Std. Err.      t    P>|t|     [95% Conf. Interval]
-------------+----------------------------------------------------------------
          b1 |  -59.54077   .0544895 -1092.70   0.000    -59.64882   -59.43271
          b2 |   1850.578   .8977333  2061.39   0.000     1848.798    1852.359
------------------------------------------------------------------------------
* Parameter b1 taken as constant term in model & ANOVA table
 (SEs, P values, CIs, and correlations are asymptotic approximations)
