=============================================================================================================
Estimation for Ships and EGY, specification 1
=============================================================================================================
   
US parameters:
-------------------------------------------------------------------
elascoef1 = 3.313753501972318
elascoef2 = 3.313753501972318
trend     = .0272547819258236
-------------------------------------------------------------------
   
Model specification estimated:
( lnYtou = lnY + {b1} + (1.3-1)*ln(t-{b2=1945})*3.313753501972318 - (1-.3)*lnYpercap*3.313753501972318 + .0272
> 547819258236*t  ) 
-------------------------------------------------------------------
(obs = 43)

Iteration 0:  residual SS =  160135.2
Iteration 1:  residual SS =  90453.22
Iteration 2:  residual SS =  5.641134
Iteration 3:  residual SS =  5.471884
Iteration 4:  residual SS =  5.470078
Iteration 5:  residual SS =  5.469992
Iteration 6:  residual SS =  5.469986

      Source |       SS       df       MS            Number of obs =        43
-------------+------------------------------         F(  1,    41) =    170.89
       Model |   22.799454     1   22.799454         Prob > F      =    0.0000
    Residual |  5.46998597    41  .133414292         R-squared     =    0.8065
-------------+------------------------------         Adj R-squared =    0.8018
       Total |  28.2694399    42  .673081903         Root MSE      =  .3652592
                                                     Res. dev.     =  33.36598

------------------------------------------------------------------------------
      lnYtou |      Coef.   Std. Err.      t    P>|t|     [95% Conf. Interval]
-------------+----------------------------------------------------------------
          b1 |  -61.13389   .1059703  -576.90   0.000     -61.3479   -60.91988
          b2 |   1942.808   1.945256   998.74   0.000      1938.88    1946.737
------------------------------------------------------------------------------
* Parameter b1 taken as constant term in model & ANOVA table
 (SEs, P values, CIs, and correlations are asymptotic approximations)
