=============================================================================================================
Estimation for Ships and FIN, specification 1
=============================================================================================================
   
US parameters:
-------------------------------------------------------------------
elascoef1 = 3.313753501972318
elascoef2 = 3.313753501972318
trend     = .0272547819258236
-------------------------------------------------------------------
   
Model specification estimated:
( lnYtou = lnY + {b1} + (1.3-1)*ln(t-{b2=1845})*3.313753501972318 - (1-.3)*lnYpercap*3.313753501972318 + .0272
> 547819258236*t  ) 
-------------------------------------------------------------------
(obs = 102)

Iteration 0:  residual SS =  349015.2
Iteration 1:  residual SS =  266973.2
Iteration 2:  residual SS =  81.32606
Iteration 3:  residual SS =  81.32543
Iteration 4:  residual SS =  81.32516

      Source |       SS       df       MS            Number of obs =       102
-------------+------------------------------         F(  1,   100) =    281.38
       Model |  228.830105     1  228.830105         Prob > F      =    0.0000
    Residual |  81.3250078   100  .813250078         R-squared     =    0.7378
-------------+------------------------------         Adj R-squared =    0.7352
       Total |  310.155113   101   3.0708427         Root MSE      =  .9018038
                                                     Res. dev.     =  266.3585

------------------------------------------------------------------------------
      lnYtou |      Coef.   Std. Err.      t    P>|t|     [95% Conf. Interval]
-------------+----------------------------------------------------------------
          b1 |  -58.39542   .0918161  -636.00   0.000    -58.57758   -58.21326
          b2 |    1849.25   .6712316  2755.01   0.000     1847.918    1850.582
------------------------------------------------------------------------------
* Parameter b1 taken as constant term in model & ANOVA table
 (SEs, P values, CIs, and correlations are asymptotic approximations)
