=============================================================================================================
Estimation for Ships and FRA, specification 1
=============================================================================================================
   
US parameters:
-------------------------------------------------------------------
elascoef1 = 3.313753501972318
elascoef2 = 3.313753501972318
trend     = .0272547819258236
-------------------------------------------------------------------
   
Model specification estimated:
( lnYtou = lnY + {b1} + (1.3-1)*ln(t-{b2=1833})*3.313753501972318 - (1-.3)*lnYpercap*3.313753501972318 + .0272
> 547819258236*t  ) 
-------------------------------------------------------------------
(obs = 155)

Iteration 0:  residual SS =    533741
Iteration 1:  residual SS =  298810.7
Iteration 2:  residual SS =  168054.1
Iteration 3:  residual SS =  96.62901
Iteration 4:  residual SS =  95.35678
Iteration 5:  residual SS =  95.32243
Iteration 6:  residual SS =  95.32176

      Source |       SS       df       MS            Number of obs =       155
-------------+------------------------------         F(  1,   153) =    788.76
       Model |  491.407941     1  491.407941         Prob > F      =    0.0000
    Residual |   95.321449   153  .623016007         R-squared     =    0.8375
-------------+------------------------------         Adj R-squared =    0.8365
       Total |   586.72939   154   3.8099311         Root MSE      =  .7893136
                                                     Res. dev.     =  364.5146

------------------------------------------------------------------------------
      lnYtou |      Coef.   Std. Err.      t    P>|t|     [95% Conf. Interval]
-------------+----------------------------------------------------------------
          b1 |  -58.54895   .0658457  -889.18   0.000    -58.67904   -58.41887
          b2 |   1837.436   .4150489  4427.03   0.000     1836.616    1838.256
------------------------------------------------------------------------------
* Parameter b1 taken as constant term in model & ANOVA table
 (SEs, P values, CIs, and correlations are asymptotic approximations)
