=============================================================================================================
Estimation for Ships and GER, specification 2
=============================================================================================================
   
US parameters:
-------------------------------------------------------------------
elascoef1 = 3.313753501972318
elascoef2 = 3.313753501972318
trend     = .0272547819258236
-------------------------------------------------------------------
   
Model specification estimated:
( lnYtou = lnY + {b1} + (1.3-1)*ln(t-{b2=1845})*{b3=3.313753501972318} - (1-.3)*lnYpercap*3.313753501972318 + 
> .0272547819258236*t  ) 
-------------------------------------------------------------------
(obs = 124)

Iteration 0:  residual SS =  428677.8
Iteration 1:  residual SS =  376625.6
Iteration 2:  residual SS =  67.97221
Iteration 3:  residual SS =  67.46495
Iteration 4:  residual SS =  67.40206
Iteration 5:  residual SS =  67.39913
Iteration 6:  residual SS =  67.39874
Iteration 7:  residual SS =   67.3987
Iteration 8:  residual SS =  67.39869
Iteration 9:  residual SS =  67.39869
Iteration 10:  residual SS =  67.39869
Iteration 11:  residual SS =  67.39869

      Source |       SS       df       MS            Number of obs =       124
-------------+------------------------------         F(  2,   121) =    413.79
       Model |  460.969048     2  230.484524         Prob > F      =    0.0000
    Residual |  67.3986898   121  .557013965         R-squared     =    0.8724
-------------+------------------------------         Adj R-squared =    0.8703
       Total |  528.367738   123  4.29567266         Root MSE      =  .7463337
                                                     Res. dev.     =  276.2994

------------------------------------------------------------------------------
      lnYtou |      Coef.   Std. Err.      t    P>|t|     [95% Conf. Interval]
-------------+----------------------------------------------------------------
          b1 |   -61.1955   .6039945  -101.32   0.000    -62.39126   -59.99973
          b2 |   1847.416    1.45272  1271.69   0.000      1844.54    1850.292
          b3 |    5.38145   .4476638    12.02   0.000     4.495182    6.267719
------------------------------------------------------------------------------
* Parameter b1 taken as constant term in model & ANOVA table
 (SEs, P values, CIs, and correlations are asymptotic approximations)
