=============================================================================================================
Estimation for Ships and GER, specification 1
=============================================================================================================
   
US parameters:
-------------------------------------------------------------------
elascoef1 = 3.313753501972318
elascoef2 = 3.313753501972318
trend     = .0272547819258236
-------------------------------------------------------------------
   
Model specification estimated:
( lnYtou = lnY + {b1} + (1.3-1)*ln(t-{b2=1845})*3.313753501972318 - (1-.3)*lnYpercap*3.313753501972318 + .0272
> 547819258236*t  ) 
-------------------------------------------------------------------
(obs = 124)

Iteration 0:  residual SS =  428677.8
Iteration 1:  residual SS =  240529.3
Iteration 2:  residual SS =  99.06355
Iteration 3:  residual SS =  93.64739
Iteration 4:  residual SS =  92.73808
Iteration 5:  residual SS =  92.73553
Iteration 6:  residual SS =  92.73436
Iteration 7:  residual SS =  92.73382
Iteration 8:  residual SS =  92.73348

      Source |       SS       df       MS            Number of obs =       124
-------------+------------------------------         F(  1,   122) =    573.12
       Model |  435.634493     1  435.634493         Prob > F      =    0.0000
    Residual |  92.7332443   122   .76010856         R-squared     =    0.8245
-------------+------------------------------         Adj R-squared =    0.8231
       Total |  528.367738   123  4.29567266         Root MSE      =   .871842
                                                     Res. dev.     =   315.868

------------------------------------------------------------------------------
      lnYtou |      Coef.   Std. Err.      t    P>|t|     [95% Conf. Interval]
-------------+----------------------------------------------------------------
          b1 |  -58.62603   .0800148  -732.69   0.000    -58.78442   -58.46763
          b2 |   1849.721   .2461741  7513.87   0.000     1849.233    1850.208
------------------------------------------------------------------------------
* Parameter b1 taken as constant term in model & ANOVA table
 (SEs, P values, CIs, and correlations are asymptotic approximations)
