=============================================================================================================
Estimation for Ships and GRE, specification 1
=============================================================================================================
   
US parameters:
-------------------------------------------------------------------
elascoef1 = 3.313753501972318
elascoef2 = 3.313753501972318
trend     = .0272547819258236
-------------------------------------------------------------------
   
Model specification estimated:
( lnYtou = lnY + {b1} + (1.3-1)*ln(t-{b2=1885})*3.313753501972318 - (1-.3)*lnYpercap*3.313753501972318 + .0272
> 547819258236*t  ) 
-------------------------------------------------------------------
(obs = 70)

Iteration 0:  residual SS =  221961.5
Iteration 1:  residual SS =  125496.8
Iteration 2:  residual SS =  124.8146
Iteration 3:  residual SS =  124.7319
Iteration 4:  residual SS =  124.7293
Iteration 5:  residual SS =  124.7285

      Source |       SS       df       MS            Number of obs =        70
-------------+------------------------------         F(  1,    68) =     26.27
       Model |  48.1845874     1  48.1845874         Prob > F      =    0.0000
    Residual |  124.728354    68  1.83424051         R-squared     =    0.2787
-------------+------------------------------         Adj R-squared =    0.2681
       Total |  172.912942    69  2.50598466         Root MSE      =  1.354341
                                                     Res. dev.     =  239.0864

------------------------------------------------------------------------------
      lnYtou |      Coef.   Std. Err.      t    P>|t|     [95% Conf. Interval]
-------------+----------------------------------------------------------------
          b1 |  -56.20741   .1682664  -334.04   0.000    -56.54318   -55.87164
          b2 |   1888.929   1.514423  1247.29   0.000     1885.907    1891.951
------------------------------------------------------------------------------
* Parameter b1 taken as constant term in model & ANOVA table
 (SEs, P values, CIs, and correlations are asymptotic approximations)
