=============================================================================================================
Estimation for Ships and IDS, specification 2
=============================================================================================================
   
US parameters:
-------------------------------------------------------------------
elascoef1 = 3.313753501972318
elascoef2 = 3.313753501972318
trend     = .0272547819258236
-------------------------------------------------------------------
   
Model specification estimated:
( lnYtou = lnY + {b1} + (1.3-1)*ln(t-{b2=1949})*{b3=3.313753501972318} - (1-.3)*lnYpercap*3.313753501972318 + 
> .0272547819258236*t  ) 
-------------------------------------------------------------------
(obs = 39)

Iteration 0:  residual SS =  147562.9
Iteration 1:  residual SS =  138569.6
Iteration 2:  residual SS =  3.187036
Iteration 3:  residual SS =  1.007593
Iteration 4:  residual SS =  .7190449
Iteration 5:  residual SS =  .7187517
Iteration 6:  residual SS =  .7187516
Iteration 7:  residual SS =  .7187516

      Source |       SS       df       MS            Number of obs =        39
-------------+------------------------------         F(  2,    36) =    985.38
       Model |  39.3466931     2  19.6733465         Prob > F      =    0.0000
    Residual |  .718751615    36  .019965323         R-squared     =    0.9821
-------------+------------------------------         Adj R-squared =    0.9811
       Total |  40.0654447    38  1.05435381         Root MSE      =  .1412987
                                                     Res. dev.     = -45.08104

------------------------------------------------------------------------------
      lnYtou |      Coef.   Std. Err.      t    P>|t|     [95% Conf. Interval]
-------------+----------------------------------------------------------------
          b1 |  -67.18221   1.716869   -39.13   0.000    -70.66418   -63.70024
          b2 |   1938.334   4.477213   432.93   0.000     1929.254    1947.414
          b3 |   8.305368   1.296732     6.40   0.000     5.675473    10.93526
------------------------------------------------------------------------------
* Parameter b1 taken as constant term in model & ANOVA table
 (SEs, P values, CIs, and correlations are asymptotic approximations)
