=============================================================================================================
Estimation for Ships and IND, specification 1
=============================================================================================================
   
US parameters:
-------------------------------------------------------------------
elascoef1 = 3.313753501972318
elascoef2 = 3.313753501972318
trend     = .0272547819258236
-------------------------------------------------------------------
   
Model specification estimated:
( lnYtou = lnY + {b1} + (1.3-1)*ln(t-{b2=1884})*3.313753501972318 - (1-.3)*lnYpercap*3.313753501972318 + .0272
> 547819258236*t  ) 
-------------------------------------------------------------------
(obs = 97)

Iteration 0:  residual SS =  395321.7
Iteration 1:  residual SS =  24.53035
Iteration 2:  residual SS =  22.15612
Iteration 3:  residual SS =  22.00753
Iteration 4:  residual SS =  22.00717

      Source |       SS       df       MS            Number of obs =        97
-------------+------------------------------         F(  1,    95) =   1007.17
       Model |  233.316396     1  233.316396         Prob > F      =    0.0000
    Residual |   22.007172    95  .231654442         R-squared     =    0.9138
-------------+------------------------------         Adj R-squared =    0.9129
       Total |  255.323568    96   2.6596205         Root MSE      =  .4813049
                                                     Res. dev.     =  131.3898

------------------------------------------------------------------------------
      lnYtou |      Coef.   Std. Err.      t    P>|t|     [95% Conf. Interval]
-------------+----------------------------------------------------------------
          b1 |  -64.12821   .0931625  -688.35   0.000    -64.31316   -63.94326
          b2 |   1871.842   4.112191   455.19   0.000     1863.678    1880.005
------------------------------------------------------------------------------
* Parameter b1 taken as constant term in model & ANOVA table
 (SEs, P values, CIs, and correlations are asymptotic approximations)
