=============================================================================================================
Estimation for Ships and IRN, specification 2
=============================================================================================================
   
US parameters:
-------------------------------------------------------------------
elascoef1 = 3.313753501972318
elascoef2 = 3.313753501972318
trend     = .0272547819258236
-------------------------------------------------------------------
   
Model specification estimated:
( lnYtou = lnY + {b1} + (1.3-1)*ln(t-{b2=1962})*{b3=3.313753501972318} - (1-.3)*lnYpercap*3.313753501972318 + 
> .0272547819258236*t  ) 
-------------------------------------------------------------------
(obs = 26)

Iteration 0:  residual SS =  89233.41
Iteration 1:  residual SS =  83783.14
Iteration 2:  residual SS =  3.390197
Iteration 3:  residual SS =  2.652819
Iteration 4:  residual SS =   2.61414
Iteration 5:  residual SS =  2.613796
Iteration 6:  residual SS =  2.613706
Iteration 7:  residual SS =  2.613683
Iteration 8:  residual SS =  2.613677
Iteration 9:  residual SS =  2.613675
Iteration 10:  residual SS =  2.613674
Iteration 11:  residual SS =  2.613674
Iteration 12:  residual SS =  2.613674

      Source |       SS       df       MS            Number of obs =        26
-------------+------------------------------         F(  2,    23) =    213.12
       Model |   48.436211     2  24.2181055         Prob > F      =    0.0000
    Residual |  2.61367394    23  .113637997         R-squared     =    0.9488
-------------+------------------------------         Adj R-squared =    0.9443
       Total |  51.0498849    25   2.0419954         Root MSE      =  .3371024
                                                     Res. dev.     =  14.05397

------------------------------------------------------------------------------
      lnYtou |      Coef.   Std. Err.      t    P>|t|     [95% Conf. Interval]
-------------+----------------------------------------------------------------
          b1 |  -58.75923   .6747232   -87.09   0.000      -60.155   -57.36346
          b2 |   1965.487   1.000857  1963.80   0.000     1963.416    1967.557
          b3 |    3.99997    .730392     5.48   0.000     2.489039    5.510901
------------------------------------------------------------------------------
* Parameter b1 taken as constant term in model & ANOVA table
 (SEs, P values, CIs, and correlations are asymptotic approximations)
