=============================================================================================================
Estimation for Ships and IRQ, specification 1
=============================================================================================================
   
US parameters:
-------------------------------------------------------------------
elascoef1 = 3.313753501972318
elascoef2 = 3.313753501972318
trend     = .0272547819258236
-------------------------------------------------------------------
   
Model specification estimated:
( lnYtou = lnY + {b1} + (1.3-1)*ln(t-{b2=1963})*3.313753501972318 - (1-.3)*lnYpercap*3.313753501972318 + .0272
> 547819258236*t  ) 
-------------------------------------------------------------------
(obs = 25)

Iteration 0:  residual SS =  84789.74
Iteration 1:  residual SS =  20883.55
Iteration 2:  residual SS =  32.55246
Iteration 3:  residual SS =  31.95355
Iteration 4:  residual SS =   31.9216
Iteration 5:  residual SS =  31.92145

      Source |       SS       df       MS            Number of obs =        25
-------------+------------------------------         F(  1,    23) =      6.85
       Model |  9.50494996     1  9.50494996         Prob > F      =    0.0154
    Residual |  31.9214548    23  1.38788934         R-squared     =    0.2294
-------------+------------------------------         Adj R-squared =    0.1959
       Total |  41.4264048    24   1.7261002         Root MSE      =  1.178087
                                                     Res. dev.     =  77.05699

------------------------------------------------------------------------------
      lnYtou |      Coef.   Std. Err.      t    P>|t|     [95% Conf. Interval]
-------------+----------------------------------------------------------------
          b1 |  -57.85752   .3071661  -188.36   0.000    -58.49294    -57.2221
          b2 |   1966.777   1.412521  1392.39   0.000     1963.855    1969.699
------------------------------------------------------------------------------
* Parameter b1 taken as constant term in model & ANOVA table
 (SEs, P values, CIs, and correlations are asymptotic approximations)
