=============================================================================================================
Estimation for Ships and ITA, specification 2
=============================================================================================================
   
US parameters:
-------------------------------------------------------------------
elascoef1 = 3.313753501972318
elascoef2 = 3.313753501972318
trend     = .0272547819258236
-------------------------------------------------------------------
   
Model specification estimated:
( lnYtou = lnY + {b1} + (1.3-1)*ln(t-{b2=1857})*{b3=3.313753501972318} - (1-.3)*lnYpercap*3.313753501972318 + 
> .0272547819258236*t  ) 
-------------------------------------------------------------------
(obs = 115)

Iteration 0:  residual SS =  396014.2
Iteration 1:  residual SS =  302920.2
Iteration 2:  residual SS =   38.3248
Iteration 3:  residual SS =  30.97201
Iteration 4:  residual SS =   27.3635
Iteration 5:  residual SS =  26.12724
Iteration 6:  residual SS =  25.62715
Iteration 7:  residual SS =  25.08288
Iteration 8:  residual SS =  24.22295
Iteration 9:  residual SS =  23.17172
Iteration 10:  residual SS =  22.21075
Iteration 11:  residual SS =  21.78531
Iteration 12:  residual SS =  20.86611
Iteration 13:  residual SS =  20.81883
Iteration 14:  residual SS =  20.81788
Iteration 15:  residual SS =  20.81787
Iteration 16:  residual SS =  20.81787
Iteration 17:  residual SS =  20.81787
Iteration 18:  residual SS =  20.81787
Iteration 19:  residual SS =  20.81787

      Source |       SS       df       MS            Number of obs =       115
-------------+------------------------------         F(  2,   112) =   1098.09
       Model |  408.210563     2  204.105282         Prob > F      =    0.0000
    Residual |  20.8178666   112  .185873809         R-squared     =    0.9515
-------------+------------------------------         Adj R-squared =    0.9506
       Total |   429.02843   114  3.76340728         Root MSE      =  .4311308
                                                     Res. dev.     =   129.807

------------------------------------------------------------------------------
      lnYtou |      Coef.   Std. Err.      t    P>|t|     [95% Conf. Interval]
-------------+----------------------------------------------------------------
          b1 |  -129.9806   45.37358    -2.86   0.005    -219.8825   -40.07864
          b2 |   1602.694   162.4531     9.87   0.000     1280.814    1924.574
          b3 |   43.47027   22.37115     1.94   0.055    -.8552935    87.79583
------------------------------------------------------------------------------
* Parameter b1 taken as constant term in model & ANOVA table
 (SEs, P values, CIs, and correlations are asymptotic approximations)
