=============================================================================================================
Estimation for Ships and JAP, specification 1
=============================================================================================================
   
US parameters:
-------------------------------------------------------------------
elascoef1 = 3.313753501972318
elascoef2 = 3.313753501972318
trend     = .0272547819258236
-------------------------------------------------------------------
   
Model specification estimated:
( lnYtou = lnY + {b1} + (1.3-1)*ln(t-{b2=1899})*3.313753501972318 - (1-.3)*lnYpercap*3.313753501972318 + .0272
> 547819258236*t  ) 
-------------------------------------------------------------------
(obs = 85)

Iteration 0:  residual SS =  282207.6
Iteration 1:  residual SS =  126.9311
Iteration 2:  residual SS =  126.1073
Iteration 3:  residual SS =  126.1018
Iteration 4:  residual SS =  126.1012
Iteration 5:  residual SS =  126.1011

      Source |       SS       df       MS            Number of obs =        85
-------------+------------------------------         F(  1,    83) =      3.02
       Model |  4.59567158     1  4.59567158         Prob > F      =    0.0857
    Residual |  126.101105    83  1.51929042         R-squared     =    0.0352
-------------+------------------------------         Adj R-squared =    0.0235
       Total |  130.696776    84    1.555914         Root MSE      =  1.232595
                                                     Res. dev.     =  274.7463

------------------------------------------------------------------------------
      lnYtou |      Coef.   Std. Err.      t    P>|t|     [95% Conf. Interval]
-------------+----------------------------------------------------------------
          b1 |  -57.54529    .168645  -341.22   0.000    -57.88072   -57.20986
          b2 |   1900.763   2.700974   703.73   0.000      1895.39    1906.135
------------------------------------------------------------------------------
* Parameter b1 taken as constant term in model & ANOVA table
 (SEs, P values, CIs, and correlations are asymptotic approximations)
