=============================================================================================================
Estimation for Ships and KRN, specification 1
=============================================================================================================
   
US parameters:
-------------------------------------------------------------------
elascoef1 = 3.313753501972318
elascoef2 = 3.313753501972318
trend     = .0272547819258236
-------------------------------------------------------------------
   
Model specification estimated:
( lnYtou = lnY + {b1} + (1.3-1)*ln(t-{b2=1963})*3.313753501972318 - (1-.3)*lnYpercap*3.313753501972318 + .0272
> 547819258236*t  ) 
-------------------------------------------------------------------
(obs = 25)

Iteration 0:  residual SS =  90097.99
Iteration 1:  residual SS =  16.41803
Iteration 2:  residual SS =  2.034834
Iteration 3:  residual SS =  1.748989
Iteration 4:  residual SS =  1.541897
Iteration 5:  residual SS =   1.53592

      Source |       SS       df       MS            Number of obs =        25
-------------+------------------------------         F(  1,    23) =    374.83
       Model |  25.0303908     1  25.0303908         Prob > F      =    0.0000
    Residual |  1.53591102    23   .06677874         R-squared     =    0.9422
-------------+------------------------------         Adj R-squared =    0.9397
       Total |  26.5663018    24  1.10692924         Root MSE      =  .2584158
                                                     Res. dev.     =  1.203124

------------------------------------------------------------------------------
      lnYtou |      Coef.   Std. Err.      t    P>|t|     [95% Conf. Interval]
-------------+----------------------------------------------------------------
          b1 |  -59.62978   .0646454  -922.41   0.000    -59.76351   -59.49605
          b2 |   1967.005   .2550347  7712.70   0.000     1966.477    1967.532
------------------------------------------------------------------------------
* Parameter b1 taken as constant term in model & ANOVA table
 (SEs, P values, CIs, and correlations are asymptotic approximations)
