=============================================================================================================
Estimation for Ships and KRS, specification 1
=============================================================================================================
   
US parameters:
-------------------------------------------------------------------
elascoef1 = 3.313753501972318
elascoef2 = 3.313753501972318
trend     = .0272547819258236
-------------------------------------------------------------------
   
Model specification estimated:
( lnYtou = lnY + {b1} + (1.3-1)*ln(t-{b2=1959})*3.313753501972318 - (1-.3)*lnYpercap*3.313753501972318 + .0272
> 547819258236*t  ) 
-------------------------------------------------------------------
(obs = 29)

Iteration 0:  residual SS =  97054.36
Iteration 1:  residual SS =  73802.33
Iteration 2:  residual SS =  18323.08
Iteration 3:  residual SS =  21.17572
Iteration 4:  residual SS =  19.25384
Iteration 5:  residual SS =  19.12666
Iteration 6:  residual SS =  19.12348
Iteration 7:  residual SS =   19.1226
Iteration 8:  residual SS =   19.1224

      Source |       SS       df       MS            Number of obs =        29
-------------+------------------------------         F(  1,    27) =     43.01
       Model |  30.4596561     1  30.4596561         Prob > F      =    0.0000
    Residual |  19.1223728    27  .708236031         R-squared     =    0.6143
-------------+------------------------------         Adj R-squared =    0.6000
       Total |   49.582029    28  1.77078675         Root MSE      =  .8415676
                                                     Res. dev.     =  70.22177

------------------------------------------------------------------------------
      lnYtou |      Coef.   Std. Err.      t    P>|t|     [95% Conf. Interval]
-------------+----------------------------------------------------------------
          b1 |  -57.32437   .1639289  -349.69   0.000    -57.66073   -56.98802
          b2 |   1963.818   .1562478        .   0.000     1963.498    1964.139
------------------------------------------------------------------------------
* Parameter b1 taken as constant term in model & ANOVA table
 (SEs, P values, CIs, and correlations are asymptotic approximations)
