=============================================================================================================
Estimation for Ships and KUW, specification 1
=============================================================================================================
   
US parameters:
-------------------------------------------------------------------
elascoef1 = 3.313753501972318
elascoef2 = 3.313753501972318
trend     = .0272547819258236
-------------------------------------------------------------------
   
Model specification estimated:
( lnYtou = lnY + {b1} + (1.3-1)*ln(t-{b2=1960})*3.313753501972318 - (1-.3)*lnYpercap*3.313753501972318 + .0272
> 547819258236*t  ) 
-------------------------------------------------------------------
(obs = 28)

Iteration 0:  residual SS =  79597.39
Iteration 1:  residual SS =  26.76856
Iteration 2:  residual SS =   24.7736
Iteration 3:  residual SS =  23.89748
Iteration 4:  residual SS =  23.40681
Iteration 5:  residual SS =  23.28891
Iteration 6:  residual SS =  23.16305
Iteration 7:  residual SS =  23.03553
Iteration 8:  residual SS =  22.95633
Iteration 9:  residual SS =  22.94494
Iteration 10:  residual SS =  22.89202
Iteration 11:  residual SS =   22.8595
Iteration 12:  residual SS =  22.85357
Iteration 13:  residual SS =  22.82236
Iteration 14:  residual SS =  22.79751
Iteration 15:  residual SS =  22.78026
Iteration 16:  residual SS =  22.77226
Iteration 17:  residual SS =  22.75343
Iteration 18:  residual SS =  22.73643
Iteration 19:  residual SS =   22.7215
Iteration 20:  residual SS =  22.70891
Iteration 21:  residual SS =    22.699
Iteration 22:  residual SS =  22.69215
Iteration 23:  residual SS =  22.68885
Iteration 24:  residual SS =  22.67916
Iteration 25:  residual SS =   22.6701
Iteration 26:  residual SS =  22.66171
Iteration 27:  residual SS =  22.65406
Iteration 28:  residual SS =  22.64723
Iteration 29:  residual SS =  22.64128
Iteration 30:  residual SS =  22.63631
Iteration 31:  residual SS =  22.63243
Iteration 32:  residual SS =  22.62976
Iteration 33:  residual SS =  22.62843
Iteration 34:  residual SS =   22.6235
Iteration 35:  residual SS =  22.61878
Iteration 36:  residual SS =  22.61429
Iteration 37:  residual SS =  22.61005
Iteration 38:  residual SS =  22.60606
Iteration 39:  residual SS =  22.60235
Iteration 40:  residual SS =  22.59894
Iteration 41:  residual SS =  22.59584
Iteration 42:  residual SS =  22.59307
Iteration 43:  residual SS =  22.59067
Iteration 44:  residual SS =  22.58866
Iteration 45:  residual SS =  22.58707
Iteration 46:  residual SS =  22.58593
Iteration 47:  residual SS =  22.58529
Iteration 48:  residual SS =  22.58518
Iteration 49:  residual SS =   22.5828

      Source |       SS       df       MS            Number of obs =        28
-------------+------------------------------         F(  1,    26) =      5.34
       Model |  4.63684014     1  4.63684014         Prob > F      =    0.0290
    Residual |  22.5805064    26  .868481014         R-squared     =    0.1704
-------------+------------------------------         Adj R-squared =    0.1385
       Total |  27.2173465    27  1.00804987         Root MSE      =  .9319233
                                                     Res. dev.     =  73.43727

------------------------------------------------------------------------------
      lnYtou |      Coef.   Std. Err.      t    P>|t|     [95% Conf. Interval]
-------------+----------------------------------------------------------------
          b1 |  -57.95766    18.3945    -3.15   0.004     -95.7681   -20.14723
          b2 |    816.483   21175.19     0.04   0.970    -42709.74    44342.71
------------------------------------------------------------------------------
* Parameter b1 taken as constant term in model & ANOVA table
 (SEs, P values, CIs, and correlations are asymptotic approximations)
convergence not achieved
