=============================================================================================================
Estimation for Ships and LEB, specification 2
=============================================================================================================
   
US parameters:
-------------------------------------------------------------------
elascoef1 = 3.313753501972318
elascoef2 = 3.313753501972318
trend     = .0272547819258236
-------------------------------------------------------------------
   
Model specification estimated:
( lnYtou = lnY + {b1} + (1.3-1)*ln(t-{b2=1955})*{b3=3.313753501972318} - (1-.3)*lnYpercap*3.313753501972318 + 
> .0272547819258236*t  ) 
-------------------------------------------------------------------
(obs = 33)

Iteration 0:  residual SS =  108924.6
Iteration 1:  residual SS =  95940.45
Iteration 2:  residual SS =   73501.6
Iteration 3:  residual SS =  64607.13
Iteration 4:  residual SS =  56780.94
Iteration 5:  residual SS =  53285.08
Iteration 6:  residual SS =  49998.31
Iteration 7:  residual SS =  48447.59
Iteration 8:  cannot calculate derivatives
equation/system not identified
