=============================================================================================================
Estimation for Ships and LIB, specification 2
=============================================================================================================
   
US parameters:
-------------------------------------------------------------------
elascoef1 = 3.313753501972318
elascoef2 = 3.313753501972318
trend     = .0272547819258236
-------------------------------------------------------------------
   
Model specification estimated:
( lnYtou = lnY + {b1} + (1.3-1)*ln(t-{b2=1945})*{b3=3.313753501972318} - (1-.3)*lnYpercap*3.313753501972318 + 
> .0272547819258236*t  ) 
-------------------------------------------------------------------
(obs = 43)

Iteration 0:  residual SS =  124884.3
Iteration 1:  residual SS =  117215.2
Iteration 2:  residual SS =  89692.91
Iteration 3:  residual SS =  22402.97
Iteration 4:  residual SS =  13.68141
Iteration 5:  residual SS =  13.66588
Iteration 6:  residual SS =  13.66577
Iteration 7:  residual SS =  13.66576
Iteration 8:  residual SS =  13.66576

      Source |       SS       df       MS            Number of obs =        43
-------------+------------------------------         F(  2,    40) =    109.01
       Model |  74.4879271     2  37.2439635         Prob > F      =    0.0000
    Residual |  13.6657617    40  .341644042         R-squared     =    0.8450
-------------+------------------------------         Adj R-squared =    0.8372
       Total |  88.1536887    42  2.09889735         Root MSE      =  .5845032
                                                     Res. dev.     =  72.73753

------------------------------------------------------------------------------
      lnYtou |      Coef.   Std. Err.      t    P>|t|     [95% Conf. Interval]
-------------+----------------------------------------------------------------
          b1 |  -52.77354   .3472636  -151.97   0.000    -53.47539    -52.0717
          b2 |   1949.891   .1303936        .   0.000     1949.627    1950.154
          b3 |   2.441144   .3869808     6.31   0.000     1.659027    3.223262
------------------------------------------------------------------------------
* Parameter b1 taken as constant term in model & ANOVA table
 (SEs, P values, CIs, and correlations are asymptotic approximations)
