=============================================================================================================
Estimation for Ships and MEX, specification 1
=============================================================================================================
   
US parameters:
-------------------------------------------------------------------
elascoef1 = 3.313753501972318
elascoef2 = 3.313753501972318
trend     = .0272547819258236
-------------------------------------------------------------------
   
Model specification estimated:
( lnYtou = lnY + {b1} + (1.3-1)*ln(t-{b2=1885})*3.313753501972318 - (1-.3)*lnYpercap*3.313753501972318 + .0272
> 547819258236*t  ) 
-------------------------------------------------------------------
(obs = 83)

Iteration 0:  residual SS =  309815.3
Iteration 1:  residual SS =  28.10005
Iteration 2:  residual SS =   22.2834
Iteration 3:  residual SS =  22.21458
Iteration 4:  residual SS =  22.21425

      Source |       SS       df       MS            Number of obs =        83
-------------+------------------------------         F(  1,    81) =    631.80
       Model |  173.272145     1  173.272145         Prob > F      =    0.0000
    Residual |  22.2142375    81  .274249846         R-squared     =    0.8864
-------------+------------------------------         Adj R-squared =    0.8850
       Total |  195.486382    82  2.38398027         Root MSE      =  .5236887
                                                     Res. dev.     =  126.1409

------------------------------------------------------------------------------
      lnYtou |      Coef.   Std. Err.      t    P>|t|     [95% Conf. Interval]
-------------+----------------------------------------------------------------
          b1 |  -61.09864   .0819253  -745.78   0.000    -61.26165   -60.93564
          b2 |   1884.804   2.352563   801.17   0.000     1880.123    1889.484
------------------------------------------------------------------------------
* Parameter b1 taken as constant term in model & ANOVA table
 (SEs, P values, CIs, and correlations are asymptotic approximations)
