=============================================================================================================
Estimation for Ships and MLY, specification 1
=============================================================================================================
   
US parameters:
-------------------------------------------------------------------
elascoef1 = 3.313753501972318
elascoef2 = 3.313753501972318
trend     = .0272547819258236
-------------------------------------------------------------------
   
Model specification estimated:
( lnYtou = lnY + {b1} + (1.3-1)*ln(t-{b2=1959})*3.313753501972318 - (1-.3)*lnYpercap*3.313753501972318 + .0272
> 547819258236*t  ) 
-------------------------------------------------------------------
(obs = 28)

Iteration 0:  residual SS =  96316.89
Iteration 1:  residual SS =  54012.49
Iteration 2:  residual SS =  20.31358
Iteration 3:  residual SS =  20.24325
Iteration 4:  residual SS =   20.2095

      Source |       SS       df       MS            Number of obs =        28
-------------+------------------------------         F(  1,    26) =     39.73
       Model |  30.8809248     1  30.8809248         Prob > F      =    0.0000
    Residual |  20.2093567    26  .777282948         R-squared     =    0.6044
-------------+------------------------------         Adj R-squared =    0.5892
       Total |  51.0902814    27  1.89223264         Root MSE      =  .8816365
                                                     Res. dev.     =  70.33091

------------------------------------------------------------------------------
      lnYtou |      Coef.   Std. Err.      t    P>|t|     [95% Conf. Interval]
-------------+----------------------------------------------------------------
          b1 |  -58.28507   .1950972  -298.75   0.000     -58.6861   -57.88404
          b2 |   1963.152   .7673571  2558.33   0.000     1961.575     1964.73
------------------------------------------------------------------------------
* Parameter b1 taken as constant term in model & ANOVA table
 (SEs, P values, CIs, and correlations are asymptotic approximations)
