=============================================================================================================
Estimation for Ships and NGA, specification 2
=============================================================================================================
   
US parameters:
-------------------------------------------------------------------
elascoef1 = 3.313753501972318
elascoef2 = 3.313753501972318
trend     = .0272547819258236
-------------------------------------------------------------------
   
Model specification estimated:
( lnYtou = lnY + {b1} + (1.3-1)*ln(t-{b2=1959})*{b3=3.313753501972318} - (1-.3)*lnYpercap*3.313753501972318 + 
> .0272547819258236*t  ) 
-------------------------------------------------------------------
(obs = 29)

Iteration 0:  residual SS =  111977.2
Iteration 1:  residual SS =   98423.5
Iteration 2:  residual SS =   3.56929
Iteration 3:  residual SS =  3.479393
Iteration 4:  residual SS =  3.473275
Iteration 5:  residual SS =  3.472728
Iteration 6:  residual SS =  3.472151
Iteration 7:  residual SS =  3.472114
Iteration 8:  residual SS =  3.472112
Iteration 9:  residual SS =  3.472112
Iteration 10:  residual SS =  3.472112
Iteration 11:  residual SS =  3.472112

      Source |       SS       df       MS            Number of obs =        29
-------------+------------------------------         F(  2,    26) =     63.20
       Model |   16.880394     2    8.440197         Prob > F      =    0.0000
    Residual |  3.47211184    26  .133542763         R-squared     =    0.8294
-------------+------------------------------         Adj R-squared =    0.8163
       Total |  20.3525058    28  .726875209         Root MSE      =   .365435
                                                     Res. dev.     =  20.74498

------------------------------------------------------------------------------
      lnYtou |      Coef.   Std. Err.      t    P>|t|     [95% Conf. Interval]
-------------+----------------------------------------------------------------
          b1 |  -61.29581   1.194157   -51.33   0.000    -63.75044   -58.84119
          b2 |   1960.821   4.401293   445.51   0.000     1951.774    1969.868
          b3 |    2.43929   1.154154     2.11   0.044      .066893    4.811688
------------------------------------------------------------------------------
* Parameter b1 taken as constant term in model & ANOVA table
 (SEs, P values, CIs, and correlations are asymptotic approximations)
