=============================================================================================================
Estimation for Ships and PAN, specification 2
=============================================================================================================
   
US parameters:
-------------------------------------------------------------------
elascoef1 = 3.313753501972318
elascoef2 = 3.313753501972318
trend     = .0272547819258236
-------------------------------------------------------------------
   
Model specification estimated:
( lnYtou = lnY + {b1} + (1.3-1)*ln(t-{b2=1945})*{b3=3.313753501972318} - (1-.3)*lnYpercap*3.313753501972318 + 
> .0272547819258236*t  ) 
-------------------------------------------------------------------
(obs = 42)

Iteration 0:  residual SS =  161682.9
Iteration 1:  residual SS =  151845.7
Iteration 2:  residual SS =  6.835432
Iteration 3:  residual SS =  6.379213
Iteration 4:  residual SS =  6.348413
Iteration 5:  residual SS =  6.282149
Iteration 6:  residual SS =  6.192996
Iteration 7:  residual SS =  6.130654
Iteration 8:  residual SS =   6.09779
Iteration 9:  residual SS =  6.048189
Iteration 10:  residual SS =  6.004577
Iteration 11:  residual SS =  5.967201
Iteration 12:  residual SS =  5.936367
Iteration 13:  residual SS =  5.912458
Iteration 14:  residual SS =  5.895944
Iteration 15:  residual SS =  5.887407
Iteration 16:  residual SS =   5.86511
Iteration 17:  residual SS =  5.844287
Iteration 18:  residual SS =  5.824977
Iteration 19:  residual SS =  5.807226
Iteration 20:  residual SS =  5.791086
Iteration 21:  residual SS =  5.776615
Iteration 22:  residual SS =  5.763879
Iteration 23:  residual SS =  5.752951
Iteration 24:  residual SS =  5.743914
Iteration 25:  residual SS =  5.736861
Iteration 26:  residual SS =  5.731896
Iteration 27:  residual SS =  5.729136
Iteration 28:  residual SS =  5.728715
Iteration 29:  residual SS =  5.719036
Iteration 30:  residual SS =  5.709751
Iteration 31:  residual SS =  5.700868
Iteration 32:  residual SS =  5.692396
Iteration 33:  residual SS =  5.684345
Iteration 34:  residual SS =  5.676725
Iteration 35:  residual SS =  5.669547
Iteration 36:  residual SS =  5.662823
Iteration 37:  residual SS =  5.656565
Iteration 38:  residual SS =  5.650786
Iteration 39:  residual SS =  5.645501
Iteration 40:  residual SS =  5.640725
Iteration 41:  residual SS =  5.636474
Iteration 42:  residual SS =  5.632765
Iteration 43:  residual SS =  5.629618
Iteration 44:  residual SS =  5.627051
Iteration 45:  residual SS =  5.625087
Iteration 46:  residual SS =  5.623748
Iteration 47:  residual SS =  5.623058
Iteration 48:  residual SS =  5.623045
Iteration 49:  residual SS =  5.618436

      Source |       SS       df       MS            Number of obs =        42
-------------+------------------------------         F(  2,    39) =    117.31
       Model |  33.7730082     2  16.8865041         Prob > F      =    0.0000
    Residual |  5.61393399    39  .143947025         R-squared     =    0.8575
-------------+------------------------------         Adj R-squared =    0.8502
       Total |  39.3869422    41  .960657127         Root MSE      =  .3794035
                                                     Res. dev.     =  34.66929

------------------------------------------------------------------------------
      lnYtou |      Coef.   Std. Err.      t    P>|t|     [95% Conf. Interval]
-------------+----------------------------------------------------------------
          b1 |  -101.7817    90.6975    -1.12   0.269    -285.2347    81.67133
          b2 |   1818.371   265.3533     6.85   0.000     1281.644    2355.099
          b3 |   28.56221   50.30621     0.57   0.573    -73.19171    130.3161
------------------------------------------------------------------------------
* Parameter b1 taken as constant term in model & ANOVA table
 (SEs, P values, CIs, and correlations are asymptotic approximations)
convergence not achieved
