=============================================================================================================
Estimation for Ships and SAU, specification 1
=============================================================================================================
   
US parameters:
-------------------------------------------------------------------
elascoef1 = 3.313753501972318
elascoef2 = 3.313753501972318
trend     = .0272547819258236
-------------------------------------------------------------------
   
Model specification estimated:
( lnYtou = lnY + {b1} + (1.3-1)*ln(t-{b2=1963})*3.313753501972318 - (1-.3)*lnYpercap*3.313753501972318 + .0272
> 547819258236*t  ) 
-------------------------------------------------------------------
(obs = 25)

Iteration 0:  residual SS =  75184.19
Iteration 1:  residual SS =  57413.06
Iteration 2:  residual SS =  32197.46
Iteration 3:  residual SS =  29.19495
Iteration 4:  residual SS =  28.39141
Iteration 5:  residual SS =   28.3852
Iteration 6:  residual SS =  28.38501
Iteration 7:  residual SS =  28.38496
Iteration 8:  residual SS =  28.38494

      Source |       SS       df       MS            Number of obs =        25
-------------+------------------------------         F(  1,    23) =     36.57
       Model |  45.1319554     1  45.1319554         Prob > F      =    0.0000
    Residual |  28.3849356    23  1.23412764         R-squared     =    0.6139
-------------+------------------------------         Adj R-squared =    0.5971
       Total |   73.516891    24  3.06320379         Root MSE      =  1.110913
                                                     Res. dev.     =   74.1215

------------------------------------------------------------------------------
      lnYtou |      Coef.   Std. Err.      t    P>|t|     [95% Conf. Interval]
-------------+----------------------------------------------------------------
          b1 |  -54.30265   .2430862  -223.39   0.000    -54.80551   -53.79979
          b2 |   1967.653   .3983178  4939.91   0.000     1966.829    1968.477
------------------------------------------------------------------------------
* Parameter b1 taken as constant term in model & ANOVA table
 (SEs, P values, CIs, and correlations are asymptotic approximations)
