=============================================================================================================
Estimation for Ships and SPA, specification 2
=============================================================================================================
   
US parameters:
-------------------------------------------------------------------
elascoef1 = 3.313753501972318
elascoef2 = 3.313753501972318
trend     = .0272547819258236
-------------------------------------------------------------------
   
Model specification estimated:
( lnYtou = lnY + {b1} + (1.3-1)*ln(t-{b2=1845})*{b3=3.313753501972318} - (1-.3)*lnYpercap*3.313753501972318 + 
> .0272547819258236*t  ) 
-------------------------------------------------------------------
(obs = 120)

Iteration 0:  residual SS =    414770
Iteration 1:  residual SS =  389288.7
Iteration 2:  residual SS =  52.02834
Iteration 3:  residual SS =   51.9237
Iteration 4:  residual SS =  51.92126
Iteration 5:  residual SS =  51.92094
Iteration 6:  residual SS =  51.92088
Iteration 7:  residual SS =  51.92087
Iteration 8:  residual SS =  51.92087
Iteration 9:  residual SS =  51.92087
Iteration 10:  residual SS =  51.92087

      Source |       SS       df       MS            Number of obs =       120
-------------+------------------------------         F(  2,   117) =    224.43
       Model |  199.187776     2  99.5938879         Prob > F      =    0.0000
    Residual |  51.9208723   117  .443768139         R-squared     =    0.7932
-------------+------------------------------         Adj R-squared =    0.7897
       Total |  251.108648   119  2.11015671         Root MSE      =  .6661592
                                                     Res. dev.     =  240.0127

------------------------------------------------------------------------------
      lnYtou |      Coef.   Std. Err.      t    P>|t|     [95% Conf. Interval]
-------------+----------------------------------------------------------------
          b1 |  -59.44022   .5547364  -107.15   0.000    -60.53885    -58.3416
          b2 |    1848.07   1.551492  1191.16   0.000     1844.997    1851.143
          b3 |   3.878841   .4124309     9.40   0.000     3.062044    4.695639
------------------------------------------------------------------------------
* Parameter b1 taken as constant term in model & ANOVA table
 (SEs, P values, CIs, and correlations are asymptotic approximations)
