=============================================================================================================
Estimation for Ships and SRI, specification 2
=============================================================================================================
   
US parameters:
-------------------------------------------------------------------
elascoef1 = 3.313753501972318
elascoef2 = 3.313753501972318
trend     = .0272547819258236
-------------------------------------------------------------------
   
Model specification estimated:
( lnYtou = lnY + {b1} + (1.3-1)*ln(t-{b2=1963})*{b3=3.313753501972318} - (1-.3)*lnYpercap*3.313753501972318 + 
> .0272547819258236*t  ) 
-------------------------------------------------------------------
(obs = 25)

Iteration 0:  residual SS =  92369.76
Iteration 1:  residual SS =  86758.86
Iteration 2:  residual SS =  23.68162
Iteration 3:  residual SS =  9.210213
Iteration 4:  residual SS =  6.465681
Iteration 5:  residual SS =  6.272292
Iteration 6:  residual SS =  6.268919
Iteration 7:  residual SS =  6.268607
Iteration 8:  residual SS =   6.26855
Iteration 9:  residual SS =  6.268535
Iteration 10:  residual SS =  6.268532
Iteration 11:  residual SS =  6.268531
Iteration 12:  residual SS =   6.26853
Iteration 13:  residual SS =   6.26853
Iteration 14:  residual SS =   6.26853
Iteration 15:  residual SS =   6.26853
Iteration 16:  residual SS =   6.26853

      Source |       SS       df       MS            Number of obs =        25
-------------+------------------------------         F(  2,    22) =     77.70
       Model |  44.2780596     2  22.1390298         Prob > F      =    0.0000
    Residual |  6.26853036    22  .284933198         R-squared     =    0.8760
-------------+------------------------------         Adj R-squared =    0.8647
       Total |  50.5465899    24  2.10610791         Root MSE      =  .5337913
                                                     Res. dev.     =  36.36358

------------------------------------------------------------------------------
      lnYtou |      Coef.   Std. Err.      t    P>|t|     [95% Conf. Interval]
-------------+----------------------------------------------------------------
          b1 |  -65.91104    3.95212   -16.68   0.000    -74.10724   -57.71485
          b2 |   1961.871   5.057346   387.92   0.000     1951.382    1972.359
          b3 |   9.321804   3.579382     2.60   0.016     1.898619    16.74499
------------------------------------------------------------------------------
* Parameter b1 taken as constant term in model & ANOVA table
 (SEs, P values, CIs, and correlations are asymptotic approximations)
