=============================================================================================================
Estimation for Ships and SRI, specification 1
=============================================================================================================
   
US parameters:
-------------------------------------------------------------------
elascoef1 = 3.313753501972318
elascoef2 = 3.313753501972318
trend     = .0272547819258236
-------------------------------------------------------------------
   
Model specification estimated:
( lnYtou = lnY + {b1} + (1.3-1)*ln(t-{b2=1963})*3.313753501972318 - (1-.3)*lnYpercap*3.313753501972318 + .0272
> 547819258236*t  ) 
-------------------------------------------------------------------
(obs = 25)

Iteration 0:  residual SS =  92369.76
Iteration 1:  residual SS =  23207.61
Iteration 2:  residual SS =  13022.57
Iteration 3:  residual SS =  3258.195
Iteration 4:  residual SS =   12.2457
Iteration 5:  residual SS =  12.24466
Iteration 6:  residual SS =   12.2443
Iteration 7:  residual SS =  12.24419
Iteration 8:  residual SS =  12.24417

      Source |       SS       df       MS            Number of obs =        25
-------------+------------------------------         F(  1,    23) =     71.95
       Model |  38.3024324     1  38.3024324         Prob > F      =    0.0000
    Residual |  12.2441576    23  .532354677         R-squared     =    0.7578
-------------+------------------------------         Adj R-squared =    0.7472
       Total |  50.5465899    24  2.10610791         Root MSE      =  .7296264
                                                     Res. dev.     =  53.10125

------------------------------------------------------------------------------
      lnYtou |      Coef.   Std. Err.      t    P>|t|     [95% Conf. Interval]
-------------+----------------------------------------------------------------
          b1 |  -60.28804    .164876  -365.66   0.000    -60.62911   -59.94696
          b2 |    1967.51    .369486  5324.99   0.000     1966.746    1968.274
------------------------------------------------------------------------------
* Parameter b1 taken as constant term in model & ANOVA table
 (SEs, P values, CIs, and correlations are asymptotic approximations)
