=============================================================================================================
Estimation for Ships and TAI, specification 1
=============================================================================================================
   
US parameters:
-------------------------------------------------------------------
elascoef1 = 3.313753501972318
elascoef2 = 3.313753501972318
trend     = .0272547819258236
-------------------------------------------------------------------
   
Model specification estimated:
( lnYtou = lnY + {b1} + (1.3-1)*ln(t-{b2=1955})*3.313753501972318 - (1-.3)*lnYpercap*3.313753501972318 + .0272
> 547819258236*t  ) 
-------------------------------------------------------------------
(obs = 33)

Iteration 0:  residual SS =  107567.3
Iteration 1:  residual SS =  60310.99
Iteration 2:  residual SS =  11.10671
Iteration 3:  residual SS =  9.250947
Iteration 4:  residual SS =  9.141064
Iteration 5:  residual SS =  9.137744
Iteration 6:  residual SS =  9.136954
Iteration 7:  residual SS =  9.136821
Iteration 8:  residual SS =  9.136799

      Source |       SS       df       MS            Number of obs =        33
-------------+------------------------------         F(  1,    31) =     49.69
       Model |  14.6444083     1  14.6444083         Prob > F      =    0.0000
    Residual |  9.13679349    31  .294735274         R-squared     =    0.6158
-------------+------------------------------         Adj R-squared =    0.6034
       Total |  23.7812018    32  .743162557         Root MSE      =  .5428953
                                                     Res. dev.     =  51.27141

------------------------------------------------------------------------------
      lnYtou |      Coef.   Std. Err.      t    P>|t|     [95% Conf. Interval]
-------------+----------------------------------------------------------------
          b1 |   -56.7106   .1079516  -525.33   0.000    -56.93077   -56.49043
          b2 |   1959.329   .3606178  5433.26   0.000     1958.594    1960.065
------------------------------------------------------------------------------
* Parameter b1 taken as constant term in model & ANOVA table
 (SEs, P values, CIs, and correlations are asymptotic approximations)
