=============================================================================================================
Estimation for Ships and TAI, specification 2
=============================================================================================================
   
US parameters:
-------------------------------------------------------------------
elascoef1 = 3.313753501972318
elascoef2 = 3.313753501972318
trend     = .0272547819258236
-------------------------------------------------------------------
   
Model specification estimated:
( lnYtou = lnY + {b1} + (1.3-1)*ln(t-{b2=1955})*{b3=3.313753501972318} - (1-.3)*lnYpercap*3.313753501972318 + 
> .0272547819258236*t  ) 
-------------------------------------------------------------------
(obs = 33)

Iteration 0:  residual SS =  107567.3
Iteration 1:  residual SS =  100976.9
Iteration 2:  residual SS =  23.37148
Iteration 3:  residual SS =  23.30882
Iteration 4:  residual SS =  8.824431
Iteration 5:  residual SS =  1.389487
Iteration 6:  residual SS =  .7899807
Iteration 7:  residual SS =  .7856356
Iteration 8:  residual SS =  .7856328
Iteration 9:  residual SS =  .7856328
Iteration 10:  residual SS =  .7856328

      Source |       SS       df       MS            Number of obs =        33
-------------+------------------------------         F(  2,    30) =    439.05
       Model |   22.995569     2  11.4977845         Prob > F      =    0.0000
    Residual |    .7856328    30   .02618776         R-squared     =    0.9670
-------------+------------------------------         Adj R-squared =    0.9648
       Total |  23.7812018    32  .743162557         Root MSE      =  .1618263
                                                     Res. dev.     = -29.69658

------------------------------------------------------------------------------
      lnYtou |      Coef.   Std. Err.      t    P>|t|     [95% Conf. Interval]
-------------+----------------------------------------------------------------
          b1 |  -96.29425   21.17072    -4.55   0.000    -139.5306   -53.05787
          b2 |    1899.35   30.63374    62.00   0.000     1836.787    1961.912
          b3 |   32.40053   13.25922     2.44   0.021     5.321588    59.47947
------------------------------------------------------------------------------
* Parameter b1 taken as constant term in model & ANOVA table
 (SEs, P values, CIs, and correlations are asymptotic approximations)
