=============================================================================================================
Estimation for Ships and THA, specification 2
=============================================================================================================
   
US parameters:
-------------------------------------------------------------------
elascoef1 = 3.313753501972318
elascoef2 = 3.313753501972318
trend     = .0272547819258236
-------------------------------------------------------------------
   
Model specification estimated:
( lnYtou = lnY + {b1} + (1.3-1)*ln(t-{b2=1963})*{b3=3.313753501972318} - (1-.3)*lnYpercap*3.313753501972318 + 
> .0272547819258236*t  ) 
-------------------------------------------------------------------
(obs = 25)

Iteration 0:  residual SS =  91420.68
Iteration 1:  residual SS =  85795.38
Iteration 2:  residual SS =  4.663819
Iteration 3:  residual SS =  .6500576
Iteration 4:  residual SS =  .4984476
Iteration 5:  residual SS =  .4984439
Iteration 6:  residual SS =  .4984439
Iteration 7:  residual SS =  .4984439

      Source |       SS       df       MS            Number of obs =        25
-------------+------------------------------         F(  2,    22) =    315.58
       Model |  14.3001165     2  7.15005827         Prob > F      =    0.0000
    Residual |  .498443934    22  .022656542         R-squared     =    0.9663
-------------+------------------------------         Adj R-squared =    0.9633
       Total |  14.7985605    24  .616606687         Root MSE      =  .1505209
                                                     Res. dev.     = -26.93157

------------------------------------------------------------------------------
      lnYtou |      Coef.   Std. Err.      t    P>|t|     [95% Conf. Interval]
-------------+----------------------------------------------------------------
          b1 |  -66.02325   2.482812   -26.59   0.000    -71.17229   -60.87422
          b2 |   1956.245   4.672204   418.70   0.000     1946.555    1965.934
          b3 |   8.832419   2.040839     4.33   0.000     4.599978    13.06486
------------------------------------------------------------------------------
* Parameter b1 taken as constant term in model & ANOVA table
 (SEs, P values, CIs, and correlations are asymptotic approximations)
