=============================================================================================================
Estimation for Ships and THA, specification 1
=============================================================================================================
   
US parameters:
-------------------------------------------------------------------
elascoef1 = 3.313753501972318
elascoef2 = 3.313753501972318
trend     = .0272547819258236
-------------------------------------------------------------------
   
Model specification estimated:
( lnYtou = lnY + {b1} + (1.3-1)*ln(t-{b2=1963})*3.313753501972318 - (1-.3)*lnYpercap*3.313753501972318 + .0272
> 547819258236*t  ) 
-------------------------------------------------------------------
(obs = 25)

Iteration 0:  residual SS =  91420.68
Iteration 1:  residual SS =  50879.51
Iteration 2:  residual SS =   1.70189
Iteration 3:  residual SS =  1.700511
Iteration 4:  residual SS =  1.700427

      Source |       SS       df       MS            Number of obs =        25
-------------+------------------------------         F(  1,    23) =    177.17
       Model |  13.0981391     1  13.0981391         Prob > F      =    0.0000
    Residual |  1.70042134    23  .073931362         R-squared     =    0.8851
-------------+------------------------------         Adj R-squared =    0.8801
       Total |  14.7985605    24  .616606687         Root MSE      =  .2719032
                                                     Res. dev.     =  3.746933

------------------------------------------------------------------------------
      lnYtou |      Coef.   Std. Err.      t    P>|t|     [95% Conf. Interval]
-------------+----------------------------------------------------------------
          b1 |  -60.12742   .0731029  -822.50   0.000    -60.27865    -59.9762
          b2 |    1966.59   .3711275  5298.96   0.000     1965.822    1967.358
------------------------------------------------------------------------------
* Parameter b1 taken as constant term in model & ANOVA table
 (SEs, P values, CIs, and correlations are asymptotic approximations)
