=============================================================================================================
Estimation for Ships and URG, specification 1
=============================================================================================================
   
US parameters:
-------------------------------------------------------------------
elascoef1 = 3.313753501972318
elascoef2 = 3.313753501972318
trend     = .0272547819258236
-------------------------------------------------------------------
   
Model specification estimated:
( lnYtou = lnY + {b1} + (1.3-1)*ln(t-{b2=1883})*3.313753501972318 - (1-.3)*lnYpercap*3.313753501972318 + .0272
> 547819258236*t  ) 
-------------------------------------------------------------------
(obs = 80)

Iteration 0:  residual SS =  272003.8
Iteration 1:  residual SS =  55.72042
Iteration 2:  residual SS =  28.55794
Iteration 3:  residual SS =  21.59066
Iteration 4:  residual SS =  19.31363
Iteration 5:  residual SS =  18.67026
Iteration 6:  residual SS =  18.52872
Iteration 7:  residual SS =   16.6252
Iteration 8:  residual SS =  15.83764
Iteration 9:  residual SS =  15.49795
Iteration 10:  residual SS =  15.36079
Iteration 11:  residual SS =  15.32867
Iteration 12:  residual SS =  14.88485
Iteration 13:  residual SS =  14.59406
Iteration 14:  residual SS =  14.40418
Iteration 15:  residual SS =  14.28352
Iteration 16:  residual SS =  14.21319
Iteration 17:  residual SS =   14.1827
Iteration 18:  residual SS =  14.06573
Iteration 19:  residual SS =  13.97349
Iteration 20:  residual SS =  13.90163
Iteration 21:  residual SS =  13.84699
Iteration 22:  residual SS =  13.80736
Iteration 23:  residual SS =  13.78105
Iteration 24:  residual SS =  13.76754
Iteration 25:  residual SS =  13.76718
Iteration 26:  residual SS =  13.73304
Iteration 27:  residual SS =  13.70428
Iteration 28:  residual SS =  13.68013
Iteration 29:  residual SS =  13.66071
Iteration 30:  residual SS =  13.64633
Iteration 31:  residual SS =  13.63641
Iteration 32:  residual SS =  13.63139
Iteration 33:  residual SS =  13.63126
Iteration 34:  residual SS =  13.61754
Iteration 35:  residual SS =  13.60546
Iteration 36:  residual SS =  13.59491
Iteration 37:  residual SS =  13.58618
Iteration 38:  residual SS =   13.5786
Iteration 39:  residual SS =  13.57268
Iteration 40:  residual SS =  13.56863
Iteration 41:  residual SS =  13.56628
Iteration 42:  residual SS =  13.56581
Iteration 43:  residual SS =  13.55955
Iteration 44:  residual SS =  13.55394
Iteration 45:  residual SS =  13.54854
Iteration 46:  residual SS =  13.54376
Iteration 47:  residual SS =  13.53968
Iteration 48:  residual SS =  13.53609
Iteration 49:  residual SS =  13.53279

      Source |       SS       df       MS            Number of obs =        80
-------------+------------------------------         F(  1,    78) =    427.78
       Model |  74.2045443     1  74.2045443         Prob > F      =    0.0000
    Residual |  13.5303308    78  .173465779         R-squared     =    0.8458
-------------+------------------------------         Adj R-squared =    0.8438
       Total |  87.7348751    79  1.11056804         Root MSE      =  .4164922
                                                     Res. dev.     =  84.86275

------------------------------------------------------------------------------
      lnYtou |      Coef.   Std. Err.      t    P>|t|     [95% Conf. Interval]
-------------+----------------------------------------------------------------
          b1 |  -67.27263   430.0264    -0.16   0.876    -923.3894    788.8442
          b2 |  -327901.8   1.37e+08    -0.00   0.998    -2.73e+08    2.72e+08
------------------------------------------------------------------------------
* Parameter b2 taken as constant term in model & ANOVA table
 (SEs, P values, CIs, and correlations are asymptotic approximations)
convergence not achieved
