=============================================================================================================
Estimation for Ships and VNZ, specification 2
=============================================================================================================
   
US parameters:
-------------------------------------------------------------------
elascoef1 = 3.313753501972318
elascoef2 = 3.313753501972318
trend     = .0272547819258236
-------------------------------------------------------------------
   
Model specification estimated:
( lnYtou = lnY + {b1} + (1.3-1)*ln(t-{b2=1895})*{b3=3.313753501972318} - (1-.3)*lnYpercap*3.313753501972318 + 
> .0272547819258236*t  ) 
-------------------------------------------------------------------
(obs = 83)

Iteration 0:  residual SS =  291551.4
Iteration 1:  residual SS =  72526.22
Iteration 2:  residual SS =   63.5356
Iteration 3:  residual SS =  56.79295
Iteration 4:  residual SS =   55.8631
Iteration 5:  residual SS =   55.5133
Iteration 6:  residual SS =  55.31236
Iteration 7:  residual SS =  55.24381
Iteration 8:  residual SS =  55.24267
Iteration 9:  residual SS =  55.24267
Iteration 10:  residual SS =  55.24267
Iteration 11:  residual SS =  55.24267

      Source |       SS       df       MS            Number of obs =        83
-------------+------------------------------         F(  2,    80) =    220.51
       Model |  304.532499     2   152.26625         Prob > F      =    0.0000
    Residual |  55.2426677    80  .690533346         R-squared     =    0.8465
-------------+------------------------------         Adj R-squared =    0.8426
       Total |  359.775167    82  4.38750204         Root MSE      =  .8309834
                                                     Res. dev.     =  201.7541

------------------------------------------------------------------------------
      lnYtou |      Coef.   Std. Err.      t    P>|t|     [95% Conf. Interval]
-------------+----------------------------------------------------------------
          b1 |   -71.0948   3.963382   -17.94   0.000    -78.98218   -63.20742
          b2 |    1881.23   9.440095   199.28   0.000     1862.443    1900.016
          b3 |   12.75366   2.679214     4.76   0.000     7.421852    18.08547
------------------------------------------------------------------------------
* Parameter b1 taken as constant term in model & ANOVA table
 (SEs, P values, CIs, and correlations are asymptotic approximations)
