=============================================================================================================
Estimation for Ships and YUG, specification 1
=============================================================================================================
   
US parameters:
-------------------------------------------------------------------
elascoef1 = 3.313753501972318
elascoef2 = 3.313753501972318
trend     = .0272547819258236
-------------------------------------------------------------------
   
Model specification estimated:
( lnYtou = lnY + {b1} + (1.3-1)*ln(t-{b2=1923})*3.313753501972318 - (1-.3)*lnYpercap*3.313753501972318 + .0272
> 547819258236*t  ) 
-------------------------------------------------------------------
(obs = 11)

Iteration 0:  residual SS =  37533.94
Iteration 1:  residual SS =  9560.964
Iteration 2:  residual SS =  2.784115
Iteration 3:  residual SS =  2.374529
Iteration 4:  residual SS =  1.943541
Iteration 5:  residual SS =  1.706657
Iteration 6:  residual SS =  1.550463
Iteration 7:  residual SS =   1.47899
Iteration 8:  residual SS =  1.410534
Iteration 9:  residual SS =   1.36989
Iteration 10:  residual SS =   1.36384
Iteration 11:  residual SS =  1.338292
Iteration 12:  residual SS =  1.323879
Iteration 13:  residual SS =  1.323542
Iteration 14:  residual SS =  1.310107
Iteration 15:  residual SS =  1.300463
Iteration 16:  residual SS =   1.29535
Iteration 17:  residual SS =  1.286346
Iteration 18:  residual SS =  1.278345
Iteration 19:  residual SS =  1.271464
Iteration 20:  residual SS =  1.265848
Iteration 21:  residual SS =  1.261679
Iteration 22:  residual SS =  1.259183
Iteration 23:  residual SS =   1.25865
Iteration 24:  residual SS =  1.254645
Iteration 25:  residual SS =  1.251023
Iteration 26:  residual SS =  1.247819
Iteration 27:  residual SS =  1.245078
Iteration 28:  residual SS =   1.24285
Iteration 29:  residual SS =  1.241194
Iteration 30:  residual SS =   1.24018
Iteration 31:  residual SS =  1.239893
Iteration 32:  residual SS =  1.237814
Iteration 33:  residual SS =  1.235862
Iteration 34:  residual SS =  1.234045
Iteration 35:  residual SS =  1.232373
Iteration 36:  residual SS =  1.230856
Iteration 37:  residual SS =  1.229506
Iteration 38:  residual SS =  1.228338
Iteration 39:  residual SS =  1.227366
Iteration 40:  residual SS =  1.226608
Iteration 41:  residual SS =  1.226082
Iteration 42:  residual SS =  1.225812
Iteration 43:  residual SS =  1.224714
Iteration 44:  residual SS =  1.223657
Iteration 45:  residual SS =  1.222642
Iteration 46:  residual SS =  1.221671
Iteration 47:  residual SS =  1.220748
Iteration 48:  residual SS =  1.219874
Iteration 49:  residual SS =  1.219052

      Source |       SS       df       MS            Number of obs =        11
-------------+------------------------------         F(  1,     9) =     -8.26
       Model | -1.11810156     1 -1.11810156         Prob > F      =    1.0000
    Residual |  1.21828514     9  .135365015         R-squared     =  -11.1605
-------------+------------------------------         Adj R-squared =  -12.5117
       Total |  .100183581    10  .010018358         Root MSE      =  .3679198
                                                     Res. dev.     =  7.011686

------------------------------------------------------------------------------
      lnYtou |      Coef.   Std. Err.      t    P>|t|     [95% Conf. Interval]
-------------+----------------------------------------------------------------
          b1 |  -63.33343   8.862377    -7.15   0.000    -83.38152   -43.28534
          b2 |   958.0246   8515.449     0.11   0.913    -18305.26    20221.31
------------------------------------------------------------------------------
* Parameter b1 taken as constant term in model & ANOVA table
 (SEs, P values, CIs, and correlations are asymptotic approximations)
convergence not achieved
