=============================================================================================================
Estimation for Ships and YUG, specification 2
=============================================================================================================
   
US parameters:
-------------------------------------------------------------------
elascoef1 = 3.313753501972318
elascoef2 = 3.313753501972318
trend     = .0272547819258236
-------------------------------------------------------------------
   
Model specification estimated:
( lnYtou = lnY + {b1} + (1.3-1)*ln(t-{b2=1923})*{b3=3.313753501972318} - (1-.3)*lnYpercap*3.313753501972318 + 
> .0272547819258236*t  ) 
-------------------------------------------------------------------
(obs = 11)

Iteration 0:  residual SS =  37533.94
Iteration 1:  residual SS =  35378.43
Iteration 2:  residual SS =  .1863925
Iteration 3:  residual SS =   .083135
Iteration 4:  residual SS =  .0751006
Iteration 5:  residual SS =  .0747444
Iteration 6:  residual SS =  .0747375
Iteration 7:  residual SS =  .0747347
Iteration 8:  residual SS =  .0746756
Iteration 9:  residual SS =  .0746627
Iteration 10:  residual SS =  .0746582
Iteration 11:  residual SS =   .074657
Iteration 12:  residual SS =  .0746567
Iteration 13:  residual SS =  .0746566
Iteration 14:  residual SS =  .0746566
Iteration 15:  residual SS =  .0746566
Iteration 16:  residual SS =  .0746566
Iteration 17:  residual SS =  .0746566
Iteration 18:  residual SS =  .0746566
Iteration 19:  residual SS =  .0746566
Iteration 20:  residual SS =  .0746566

      Source |       SS       df       MS            Number of obs =        11
-------------+------------------------------         F(  2,     8) =      1.37
       Model |  .025527026     2  .012763513         Prob > F      =    0.3084
    Residual |  .074656554     8  .009332069         R-squared     =    0.2548
-------------+------------------------------         Adj R-squared =    0.0685
       Total |  .100183581    10  .010018358         Root MSE      =  .0966026
                                                     Res. dev.     = -23.70363

------------------------------------------------------------------------------
      lnYtou |      Coef.   Std. Err.      t    P>|t|     [95% Conf. Interval]
-------------+----------------------------------------------------------------
          b1 |  -55.92139   .6058955   -92.30   0.000    -57.31859   -54.52419
          b2 |   1925.846   7.604353   253.26   0.000      1908.31    1943.381
          b3 |  -.4636326   .7493592    -0.62   0.553    -2.191658    1.264393
------------------------------------------------------------------------------
* Parameter b1 taken as constant term in model & ANOVA table
 (SEs, P values, CIs, and correlations are asymptotic approximations)
