=============================================================================================================
Estimation for rail_freight and BRA, specification 1
=============================================================================================================
   
US parameters:
-------------------------------------------------------------------
elascoef1 = 2.022390940937841
elascoef2 = 2.022390940937841
trend     = .0095935190936967
-------------------------------------------------------------------
   
Model specification estimated:
( lnYtou = lnY + {b1} + (1.3-1)*ln(t-{b2=1911})*2.022390940937841 - (1-.3)*lnYpercap*2.022390940937841 + .0095
> 935190936967*t  ) 
-------------------------------------------------------------------
(obs = 78)

Iteration 0:  residual SS =  38371.53
Iteration 1:  residual SS =  22.63639
Iteration 2:  residual SS =  19.92199
Iteration 3:  residual SS =  19.41707
Iteration 4:  residual SS =  19.41341
Iteration 5:  residual SS =  19.41334
Iteration 6:  residual SS =  19.41332
Iteration 7:  residual SS =  19.41332

      Source |       SS       df       MS            Number of obs =        78
-------------+------------------------------         F(  1,    76) =    433.95
       Model |  110.846794     1  110.846794         Prob > F      =    0.0000
    Residual |  19.4133164    76  .255438374         R-squared     =    0.8510
-------------+------------------------------         Adj R-squared =    0.8490
       Total |  130.260111    77  1.69168975         Root MSE      =  .5054091
                                                     Res. dev.     =  112.8759

------------------------------------------------------------------------------
      lnYtou |      Coef.   Std. Err.      t    P>|t|     [95% Conf. Interval]
-------------+----------------------------------------------------------------
          b1 |  -22.12084   .0733691  -301.50   0.000    -22.26697   -21.97471
          b2 |    1913.15   1.675556  1141.80   0.000     1909.813    1916.487
------------------------------------------------------------------------------
* Parameter b1 taken as constant term in model & ANOVA table
 (SEs, P values, CIs, and correlations are asymptotic approximations)
