=============================================================================================================
Estimation for rail_freight and CHL, specification 2
=============================================================================================================
   
US parameters:
-------------------------------------------------------------------
elascoef1 = 2.022390940937841
elascoef2 = 2.022390940937841
trend     = .0095935190936967
-------------------------------------------------------------------
   
Model specification estimated:
( lnYtou = lnY + {b1} + (1.3-1)*ln(t-{b2=1922})*{b3=2.022390940937841} - (1-.3)*lnYpercap*2.022390940937841 + 
> .0095935190936967*t  ) 
-------------------------------------------------------------------
(obs = 67)

Iteration 0:  residual SS =  31219.27
Iteration 1:  residual SS =  17679.28
Iteration 2:  residual SS =  13538.29
Iteration 3:  residual SS =  11899.45
Iteration 4:  residual SS =   10458.7
Iteration 5:  cannot calculate derivatives
equation/system not identified
