=============================================================================================================
Estimation for rail_freight and CHN, specification 2
=============================================================================================================
   
US parameters:
-------------------------------------------------------------------
elascoef1 = 2.022390940937841
elascoef2 = 2.022390940937841
trend     = .0095935190936967
-------------------------------------------------------------------
   
Model specification estimated:
( lnYtou = lnY + {b1} + (1.3-1)*ln(t-{b2=1924})*{b3=2.022390940937841} - (1-.3)*lnYpercap*2.022390940937841 + 
> .0095935190936967*t  ) 
-------------------------------------------------------------------
(obs = 53)

Iteration 0:  residual SS =  27337.12
Iteration 1:  residual SS =  23.30278
Iteration 2:  residual SS =  12.15912
Iteration 3:  residual SS =  9.382217
Iteration 4:  residual SS =  8.783849
Iteration 5:  residual SS =  8.761943
Iteration 6:  residual SS =  8.761698
Iteration 7:  residual SS =  8.761675
Iteration 8:  residual SS =  8.761672
Iteration 9:  residual SS =  8.761671
Iteration 10:  residual SS =  8.761671
Iteration 11:  residual SS =  8.761671
Iteration 12:  residual SS =  8.761671

      Source |       SS       df       MS            Number of obs =        53
-------------+------------------------------         F(  2,    50) =    504.58
       Model |  176.837273     2  88.4186364         Prob > F      =    0.0000
    Residual |  8.76167128    50  .175233426         R-squared     =    0.9528
-------------+------------------------------         Adj R-squared =    0.9509
       Total |  185.598944    52  3.56921046         Root MSE      =  .4186089
                                                     Res. dev.     =  55.01251

------------------------------------------------------------------------------
      lnYtou |      Coef.   Std. Err.      t    P>|t|     [95% Conf. Interval]
-------------+----------------------------------------------------------------
          b1 |  -34.14355   3.052206   -11.19   0.000    -40.27409   -28.01301
          b2 |   1912.904   6.513644   293.68   0.000     1899.821    1925.987
          b3 |   11.71906   2.177445     5.38   0.000     7.345529    16.09258
------------------------------------------------------------------------------
* Parameter b1 taken as constant term in model & ANOVA table
 (SEs, P values, CIs, and correlations are asymptotic approximations)
