=============================================================================================================
Estimation for rail_freight and CMB, specification 2
=============================================================================================================
   
US parameters:
-------------------------------------------------------------------
elascoef1 = 2.022390940937841
elascoef2 = 2.022390940937841
trend     = .0095935190936967
-------------------------------------------------------------------
   
Model specification estimated:
( lnYtou = lnY + {b1} + (1.3-1)*ln(t-{b2=1948})*{b3=2.022390940937841} - (1-.3)*lnYpercap*2.022390940937841 + 
> .0095935190936967*t  ) 
-------------------------------------------------------------------
(obs = 21)

Iteration 0:  residual SS =  13642.33
Iteration 1:  residual SS =  12046.48
Iteration 2:  residual SS =  10595.31
Iteration 3:  residual SS =  9314.442
Iteration 4:  residual SS =  8187.038
Iteration 5:  residual SS =  7683.636
Iteration 6:  residual SS =  7210.809
Iteration 7:  residual SS =  6765.798
Iteration 8:  cannot calculate derivatives
equation/system not identified
