=============================================================================================================
Estimation for rail_freight and CON, specification 1
=============================================================================================================
   
US parameters:
-------------------------------------------------------------------
elascoef1 = 2.022390940937841
elascoef2 = 2.022390940937841
trend     = .0095935190936967
-------------------------------------------------------------------
   
Model specification estimated:
( lnYtou = lnY + {b1} + (1.3-1)*ln(t-{b2=1945})*2.022390940937841 - (1-.3)*lnYpercap*2.022390940937841 + .0095
> 935190936967*t  ) 
-------------------------------------------------------------------
(obs = 42)

Iteration 0:  residual SS =  20263.03
Iteration 1:  residual SS =  4.181003
Iteration 2:  residual SS =  4.036206
Iteration 3:  residual SS =  4.028723
Iteration 4:  residual SS =  4.028434
Iteration 5:  residual SS =  4.028425

      Source |       SS       df       MS            Number of obs =        42
-------------+------------------------------         F(  1,    40) =    116.13
       Model |  11.6958577     1  11.6958577         Prob > F      =    0.0000
    Residual |  4.02842444    40  .100710611         R-squared     =    0.7438
-------------+------------------------------         Adj R-squared =    0.7374
       Total |  15.7242822    41  .383519078         Root MSE      =  .3173494
                                                     Res. dev.     =  20.73048

------------------------------------------------------------------------------
      lnYtou |      Coef.   Std. Err.      t    P>|t|     [95% Conf. Interval]
-------------+----------------------------------------------------------------
          b1 |  -22.05817   .0988654  -223.11   0.000    -22.25799   -21.85836
          b2 |   1941.812   3.186213   609.44   0.000     1935.372    1948.252
------------------------------------------------------------------------------
* Parameter b1 taken as constant term in model & ANOVA table
 (SEs, P values, CIs, and correlations are asymptotic approximations)
