=============================================================================================================
Estimation for rail_freight and CON, specification 2
=============================================================================================================
   
US parameters:
-------------------------------------------------------------------
elascoef1 = 2.022390940937841
elascoef2 = 2.022390940937841
trend     = .0095935190936967
-------------------------------------------------------------------
   
Model specification estimated:
( lnYtou = lnY + {b1} + (1.3-1)*ln(t-{b2=1945})*{b3=2.022390940937841} - (1-.3)*lnYpercap*2.022390940937841 + 
> .0095935190936967*t  ) 
-------------------------------------------------------------------
(obs = 42)

Iteration 0:  residual SS =  20263.03
Iteration 1:  residual SS =   15526.1
Iteration 2:  residual SS =  3.633988
Iteration 3:  residual SS =  3.617314
Iteration 4:  residual SS =  3.613443
Iteration 5:  residual SS =  3.613118
Iteration 6:  residual SS =  3.612712
Iteration 7:  residual SS =  3.612696
Iteration 8:  residual SS =  3.612695
Iteration 9:  residual SS =  3.612695
Iteration 10:  residual SS =  3.612695
Iteration 11:  residual SS =  3.612695

      Source |       SS       df       MS            Number of obs =        42
-------------+------------------------------         F(  2,    39) =     65.37
       Model |  12.1115872     2   6.0557936         Prob > F      =    0.0000
    Residual |  3.61269497    39  .092633204         R-squared     =    0.7702
-------------+------------------------------         Adj R-squared =    0.7585
       Total |  15.7242822    41  .383519078         Root MSE      =   .304357
                                                     Res. dev.     =  16.15578

------------------------------------------------------------------------------
      lnYtou |      Coef.   Std. Err.      t    P>|t|     [95% Conf. Interval]
-------------+----------------------------------------------------------------
          b1 |  -21.01037   .3694976   -56.86   0.000    -21.75775   -20.26299
          b2 |   1948.825   1.959314   994.65   0.000     1944.862    1952.788
          b3 |   1.089793   .3679919     2.96   0.005     .3454592    1.834127
------------------------------------------------------------------------------
* Parameter b1 taken as constant term in model & ANOVA table
 (SEs, P values, CIs, and correlations are asymptotic approximations)
