=============================================================================================================
Estimation for rail_freight and COS, specification 2
=============================================================================================================
   
US parameters:
-------------------------------------------------------------------
elascoef1 = 2.022390940937841
elascoef2 = 2.022390940937841
trend     = .0095935190936967
-------------------------------------------------------------------
   
Model specification estimated:
( lnYtou = lnY + {b1} + (1.3-1)*ln(t-{b2=1942})*{b3=2.022390940937841} - (1-.3)*lnYpercap*2.022390940937841 + 
> .0095935190936967*t  ) 
-------------------------------------------------------------------
(obs = 10)

Iteration 0:  residual SS =  5152.853
Iteration 1:  residual SS =  2965.002
Iteration 2:  residual SS =  .0947924
Iteration 3:  residual SS =  .0881412
Iteration 4:  residual SS =  .0876246
Iteration 5:  residual SS =  .0875862
Iteration 6:  residual SS =  .0875793
Iteration 7:  residual SS =  .0875506
Iteration 8:  residual SS =  .0875416
Iteration 9:  residual SS =   .087538
Iteration 10:  residual SS =  .0875369
Iteration 11:  residual SS =  .0875366
Iteration 12:  residual SS =  .0875365
Iteration 13:  residual SS =  .0875365
Iteration 14:  residual SS =  .0875365
Iteration 15:  residual SS =  .0875365
Iteration 16:  residual SS =  .0875365
Iteration 17:  residual SS =  .0875365
Iteration 18:  residual SS =  .0875365
Iteration 19:  residual SS =  .0875365

      Source |       SS       df       MS            Number of obs =        10
-------------+------------------------------         F(  2,     7) =     22.99
       Model |  .574934544     2  .287467272         Prob > F      =    0.0008
    Residual |   .08753651     7  .012505216         R-squared     =    0.8679
-------------+------------------------------         Adj R-squared =    0.8301
       Total |  .662471054     9  .073607895         Root MSE      =  .1118267
                                                     Res. dev.     = -19.00407

------------------------------------------------------------------------------
      lnYtou |      Coef.   Std. Err.      t    P>|t|     [95% Conf. Interval]
-------------+----------------------------------------------------------------
          b1 |  -21.65718    1.00388   -21.57   0.000    -24.03098   -19.28338
          b2 |   1942.973   16.74373   116.04   0.000      1903.38    1982.566
          b3 |   .4998647   1.068348     0.47   0.654    -2.026376    3.026106
------------------------------------------------------------------------------
* Parameter b1 taken as constant term in model & ANOVA table
 (SEs, P values, CIs, and correlations are asymptotic approximations)
