=============================================================================================================
Estimation for rail_freight and COS, specification 1
=============================================================================================================
   
US parameters:
-------------------------------------------------------------------
elascoef1 = 2.022390940937841
elascoef2 = 2.022390940937841
trend     = .0095935190936967
-------------------------------------------------------------------
   
Model specification estimated:
( lnYtou = lnY + {b1} + (1.3-1)*ln(t-{b2=1942})*2.022390940937841 - (1-.3)*lnYpercap*2.022390940937841 + .0095
> 935190936967*t  ) 
-------------------------------------------------------------------
(obs = 10)

Iteration 0:  residual SS =  5152.853
Iteration 1:  residual SS =  1.197022
Iteration 2:  residual SS =  .1081465
Iteration 3:  residual SS =  .0932803
Iteration 4:  residual SS =  .0926428
Iteration 5:  residual SS =  .0926405

      Source |       SS       df       MS            Number of obs =        10
-------------+------------------------------         F(  1,     8) =     49.21
       Model |  .569830562     1  .569830562         Prob > F      =    0.0001
    Residual |  .092640492     8  .011580061         R-squared     =    0.8602
-------------+------------------------------         Adj R-squared =    0.8427
       Total |  .662471054     9  .073607895         Root MSE      =  .1076107
                                                     Res. dev.     = -18.43737

------------------------------------------------------------------------------
      lnYtou |      Coef.   Std. Err.      t    P>|t|     [95% Conf. Interval]
-------------+----------------------------------------------------------------
          b1 |  -23.55381   .3378073   -69.73   0.000     -24.3328   -22.77483
          b2 |   1913.471   21.20527    90.24   0.000     1864.572    1962.371
------------------------------------------------------------------------------
* Parameter b1 taken as constant term in model & ANOVA table
 (SEs, P values, CIs, and correlations are asymptotic approximations)
