=============================================================================================================
Estimation for rail_freight and ECU, specification 1
=============================================================================================================
   
US parameters:
-------------------------------------------------------------------
elascoef1 = 2.022390940937841
elascoef2 = 2.022390940937841
trend     = .0095935190936967
-------------------------------------------------------------------
   
Model specification estimated:
( lnYtou = lnY + {b1} + (1.3-1)*ln(t-{b2=1934})*2.022390940937841 - (1-.3)*lnYpercap*2.022390940937841 + .0095
> 935190936967*t  ) 
-------------------------------------------------------------------
(obs = 51)

Iteration 0:  residual SS =  33188.17
Iteration 1:  residual SS =  178.0095
Iteration 2:  residual SS =  175.7584
Iteration 3:  residual SS =  174.4265
Iteration 4:  residual SS =  173.5793
Iteration 5:  residual SS =  173.3139
Iteration 6:  residual SS =  173.0061
Iteration 7:  residual SS =   172.978
Iteration 8:  residual SS =  172.8201
Iteration 9:  residual SS =   172.763
Iteration 10:  residual SS =   172.646
Iteration 11:  residual SS =  172.5557
Iteration 12:  residual SS =   172.499
Iteration 13:  residual SS =  172.4847
Iteration 14:  residual SS =  172.4245
Iteration 15:  residual SS =  172.3737
Iteration 16:  residual SS =  172.3338
Iteration 17:  residual SS =  172.3069
Iteration 18:  residual SS =  172.2956
Iteration 19:  residual SS =  172.2617
Iteration 20:  residual SS =  172.2306
Iteration 21:  residual SS =  172.2028
Iteration 22:  residual SS =  172.1786
Iteration 23:  residual SS =  172.1585
Iteration 24:  residual SS =  172.1431
Iteration 25:  residual SS =  172.1329
Iteration 26:  residual SS =  172.1287
Iteration 27:  residual SS =  172.1113
Iteration 28:  residual SS =  172.0949
Iteration 29:  residual SS =  172.0796
Iteration 30:  residual SS =  172.0654
Iteration 31:  residual SS =  172.0526
Iteration 32:  residual SS =  172.0411
Iteration 33:  residual SS =  172.0312
Iteration 34:  residual SS =  172.0229
Iteration 35:  residual SS =  172.0164
Iteration 36:  residual SS =  172.0119
Iteration 37:  residual SS =  172.0096
Iteration 38:  residual SS =  172.0005
Iteration 39:  residual SS =  171.9918
Iteration 40:  residual SS =  171.9834
Iteration 41:  residual SS =  171.9754
Iteration 42:  residual SS =  171.9678
Iteration 43:  residual SS =  171.9607
Iteration 44:  residual SS =   171.954
Iteration 45:  residual SS =  171.9477
Iteration 46:  residual SS =   171.942
Iteration 47:  residual SS =  171.9368
Iteration 48:  residual SS =  171.9321
Iteration 49:  residual SS =  171.9281

      Source |       SS       df       MS            Number of obs =        51
-------------+------------------------------         F(  1,    49) =    -28.70
       Model | -100.692047     1 -100.692047         Prob > F      =    1.0000
    Residual |  171.924763    49  3.50866864         R-squared     =   -1.4136
-------------+------------------------------         Adj R-squared =   -1.4628
       Total |  71.2327166    50  1.42465433         Root MSE      =  1.873144
                                                     Res. dev.     =  206.7085

------------------------------------------------------------------------------
      lnYtou |      Coef.   Std. Err.      t    P>|t|     [95% Conf. Interval]
-------------+----------------------------------------------------------------
          b1 |  -29.07994   14.37721    -2.02   0.049    -57.97201   -.1878627
          b2 |  -615.6865    59802.8    -0.01   0.992    -120793.9    119562.5
------------------------------------------------------------------------------
* Parameter b1 taken as constant term in model & ANOVA table
 (SEs, P values, CIs, and correlations are asymptotic approximations)
convergence not achieved
