=============================================================================================================
Estimation for rail_freight and EGY, specification 2
=============================================================================================================
   
US parameters:
-------------------------------------------------------------------
elascoef1 = 2.022390940937841
elascoef2 = 2.022390940937841
trend     = .0095935190936967
-------------------------------------------------------------------
   
Model specification estimated:
( lnYtou = lnY + {b1} + (1.3-1)*ln(t-{b2=1945})*{b3=2.022390940937841} - (1-.3)*lnYpercap*2.022390940937841 + 
> .0095935190936967*t  ) 
-------------------------------------------------------------------
(obs = 42)

Iteration 0:  residual SS =  22802.74
Iteration 1:  residual SS =  17509.72
Iteration 2:  residual SS =  9857.809
Iteration 3:  residual SS =  5547.357
Iteration 4:  residual SS =  3121.499
Iteration 5:  residual SS =  1756.431
Iteration 6:  residual SS =  1345.124
Iteration 7:  residual SS =  1030.156
Iteration 8:  cannot calculate derivatives
equation/system not identified
