=============================================================================================================
Estimation for rail_freight and ELS, specification 1
=============================================================================================================
   
US parameters:
-------------------------------------------------------------------
elascoef1 = 2.022390940937841
elascoef2 = 2.022390940937841
trend     = .0095935190936967
-------------------------------------------------------------------
   
Model specification estimated:
( lnYtou = lnY + {b1} + (1.3-1)*ln(t-{b2=1967})*2.022390940937841 - (1-.3)*lnYpercap*2.022390940937841 + .0095
> 935190936967*t  ) 
-------------------------------------------------------------------
(obs = 22)

Iteration 0:  residual SS =  13784.44
Iteration 1:  residual SS =  14.15809
Iteration 2:  residual SS =  13.58992
Iteration 3:  residual SS =  13.49163
Iteration 4:  residual SS =  13.44809
Iteration 5:  residual SS =  13.37827
Iteration 6:  residual SS =  13.30414
Iteration 7:  residual SS =  13.25359
Iteration 8:  residual SS =  13.23456
Iteration 9:  residual SS =  13.19884
Iteration 10:  residual SS =  13.17166
Iteration 11:  residual SS =  13.15506
Iteration 12:  residual SS =   13.1519
Iteration 13:  residual SS =  13.13433
Iteration 14:  residual SS =   13.1198
Iteration 15:  residual SS =  13.10882
Iteration 16:  residual SS =  13.10206
Iteration 17:  residual SS =  13.10034
Iteration 18:  residual SS =  13.09077
Iteration 19:  residual SS =  13.08217
Iteration 20:  residual SS =  13.07466
Iteration 21:  residual SS =  13.06836
Iteration 22:  residual SS =  13.06345
Iteration 23:  residual SS =  13.06009
Iteration 24:  residual SS =  13.05852
Iteration 25:  residual SS =  13.05327
Iteration 26:  residual SS =  13.04832
Iteration 27:  residual SS =   13.0437
Iteration 28:  residual SS =  13.03944
Iteration 29:  residual SS =  13.03556
Iteration 30:  residual SS =   13.0321
Iteration 31:  residual SS =  13.02909
Iteration 32:  residual SS =  13.02658
Iteration 33:  residual SS =  13.02462
Iteration 34:  residual SS =  13.02326
Iteration 35:  residual SS =  13.02256
Iteration 36:  residual SS =  13.01987
Iteration 37:  residual SS =  13.01729
Iteration 38:  residual SS =  13.01482
Iteration 39:  residual SS =  13.01247
Iteration 40:  residual SS =  13.01023
Iteration 41:  residual SS =  13.00813
Iteration 42:  residual SS =  13.00616
Iteration 43:  residual SS =  13.00434
Iteration 44:  residual SS =  13.00267
Iteration 45:  residual SS =  13.00117
Iteration 46:  residual SS =  12.99984
Iteration 47:  residual SS =   12.9987
Iteration 48:  residual SS =  12.99776
Iteration 49:  residual SS =  12.99704

      Source |       SS       df       MS            Number of obs =        22
-------------+------------------------------         F(  1,    20) =    -15.64
       Model | -10.1628674     1 -10.1628674         Prob > F      =    1.0000
    Residual |  12.9965397    20  .649826984         R-squared     =   -3.5865
-------------+------------------------------         Adj R-squared =   -3.8158
       Total |  2.83367232    21  .134936777         Root MSE      =  .8061185
                                                     Res. dev.     =  50.85339

------------------------------------------------------------------------------
      lnYtou |      Coef.   Std. Err.      t    P>|t|     [95% Conf. Interval]
-------------+----------------------------------------------------------------
          b1 |  -28.20192   10.12155    -2.79   0.011     -49.3151   -7.088736
          b2 |   971.4229   16451.17     0.06   0.953    -33345.12    35287.97
------------------------------------------------------------------------------
* Parameter b1 taken as constant term in model & ANOVA table
 (SEs, P values, CIs, and correlations are asymptotic approximations)
convergence not achieved
