=============================================================================================================
Estimation for rail_freight and FIN, specification 2
=============================================================================================================
   
US parameters:
-------------------------------------------------------------------
elascoef1 = 2.022390940937841
elascoef2 = 2.022390940937841
trend     = .0095935190936967
-------------------------------------------------------------------
   
Model specification estimated:
( lnYtou = lnY + {b1} + (1.3-1)*ln(t-{b2=1857})*{b3=2.022390940937841} - (1-.3)*lnYpercap*2.022390940937841 + 
> .0095935190936967*t  ) 
-------------------------------------------------------------------
(obs = 128)

Iteration 0:  residual SS =  62167.24
Iteration 1:  residual SS =  27.47306
Iteration 2:  residual SS =  11.16521
Iteration 3:  residual SS =  9.360979
Iteration 4:  residual SS =   9.24289
Iteration 5:  residual SS =  9.241926
Iteration 6:  residual SS =  9.241925

      Source |       SS       df       MS            Number of obs =       128
-------------+------------------------------         F(  2,   125) =   4534.64
       Model |  670.540304     2  335.270152         Prob > F      =    0.0000
    Residual |  9.24192521   125  .073935402         R-squared     =    0.9864
-------------+------------------------------         Adj R-squared =    0.9862
       Total |  679.782229   127  5.35261597         Root MSE      =  .2719107
                                                     Res. dev.     =  26.82842

------------------------------------------------------------------------------
      lnYtou |      Coef.   Std. Err.      t    P>|t|     [95% Conf. Interval]
-------------+----------------------------------------------------------------
          b1 |  -30.10219   .3620388   -83.15   0.000     -30.8187   -29.38567
          b2 |   1855.787   .8309502  2233.33   0.000     1854.142    1857.432
          b3 |    8.68499   .2570881    33.78   0.000     8.176181    9.193799
------------------------------------------------------------------------------
* Parameter b1 taken as constant term in model & ANOVA table
 (SEs, P values, CIs, and correlations are asymptotic approximations)
