=============================================================================================================
Estimation for rail_freight and FRA, specification 1
=============================================================================================================
   
US parameters:
-------------------------------------------------------------------
elascoef1 = 2.022390940937841
elascoef2 = 2.022390940937841
trend     = .0095935190936967
-------------------------------------------------------------------
   
Model specification estimated:
( lnYtou = lnY + {b1} + (1.3-1)*ln(t-{b2=1846})*2.022390940937841 - (1-.3)*lnYpercap*2.022390940937841 + .0095
> 935190936967*t  ) 
-------------------------------------------------------------------
(obs = 142)

Iteration 0:  residual SS =  63030.93
Iteration 1:  residual SS =   48234.6
Iteration 2:  residual SS =  27099.08
Iteration 3:  residual SS =  22.51626
Iteration 4:  residual SS =  22.51395

      Source |       SS       df       MS            Number of obs =       142
-------------+------------------------------         F(  1,   140) =    801.98
       Model |   128.96878     1   128.96878         Prob > F      =    0.0000
    Residual |  22.5138087   140  .160812919         R-squared     =    0.8514
-------------+------------------------------         Adj R-squared =    0.8503
       Total |  151.482588   141   1.0743446         Root MSE      =  .4010149
                                                     Res. dev.     =  141.4574

------------------------------------------------------------------------------
      lnYtou |      Coef.   Std. Err.      t    P>|t|     [95% Conf. Interval]
-------------+----------------------------------------------------------------
          b1 |  -20.97256   .0339812  -617.18   0.000    -21.03974   -20.90537
          b2 |   1850.854    .099113        .   0.000     1850.658     1851.05
------------------------------------------------------------------------------
* Parameter b1 taken as constant term in model & ANOVA table
 (SEs, P values, CIs, and correlations are asymptotic approximations)
