=============================================================================================================
Estimation for rail_freight and GHA, specification 2
=============================================================================================================
   
US parameters:
-------------------------------------------------------------------
elascoef1 = 2.022390940937841
elascoef2 = 2.022390940937841
trend     = .0095935190936967
-------------------------------------------------------------------
   
Model specification estimated:
( lnYtou = lnY + {b1} + (1.3-1)*ln(t-{b2=1945})*{b3=2.022390940937841} - (1-.3)*lnYpercap*2.022390940937841 + 
> .0095935190936967*t  ) 
-------------------------------------------------------------------
(obs = 42)

Iteration 0:  residual SS =   26047.2
Iteration 1:  residual SS =  22947.96
Iteration 2:  residual SS =  20181.57
Iteration 3:  residual SS =  17739.43
Iteration 4:  residual SS =  16648.07
Iteration 5:  residual SS =  15622.72
Iteration 6:  residual SS =  15138.14
Iteration 7:  residual SS =  14668.41
Iteration 8:  cannot calculate derivatives
equation/system not identified
