=============================================================================================================
Estimation for rail_freight and GUA, specification 1
=============================================================================================================
   
US parameters:
-------------------------------------------------------------------
elascoef1 = 2.022390940937841
elascoef2 = 2.022390940937841
trend     = .0095935190936967
-------------------------------------------------------------------
   
Model specification estimated:
( lnYtou = lnY + {b1} + (1.3-1)*ln(t-{b2=1945})*2.022390940937841 - (1-.3)*lnYpercap*2.022390940937841 + .0095
> 935190936967*t  ) 
-------------------------------------------------------------------
(obs = 30)

Iteration 0:  residual SS =  16516.61
Iteration 1:  residual SS =  26.60893
Iteration 2:  residual SS =  25.75187
Iteration 3:  residual SS =  25.19268
Iteration 4:  residual SS =  25.08007
Iteration 5:  residual SS =  24.95736
Iteration 6:  residual SS =  24.82454
Iteration 7:  residual SS =  24.75081
Iteration 8:  residual SS =    24.668
Iteration 9:  residual SS =  24.60171
Iteration 10:  residual SS =  24.55615
Iteration 11:  residual SS =  24.53723
Iteration 12:  residual SS =  24.49854
Iteration 13:  residual SS =  24.46611
Iteration 14:  residual SS =   24.4411
Iteration 15:  residual SS =  24.42503
Iteration 16:  residual SS =  24.41982
Iteration 17:  residual SS =  24.40033
Iteration 18:  residual SS =  24.38303
Iteration 19:  residual SS =  24.36819
Iteration 20:  residual SS =  24.35616
Iteration 21:  residual SS =  24.34735
Iteration 22:  residual SS =  24.34226
Iteration 23:  residual SS =  24.34148
Iteration 24:  residual SS =  24.33172
Iteration 25:  residual SS =  24.32273
Iteration 26:  residual SS =  24.31457
Iteration 27:  residual SS =  24.30733
Iteration 28:  residual SS =   24.3011
Iteration 29:  residual SS =  24.29598
Iteration 30:  residual SS =  24.29209
Iteration 31:  residual SS =  24.28957
Iteration 32:  residual SS =  24.28858
Iteration 33:  residual SS =  24.28332
Iteration 34:  residual SS =   24.2783
Iteration 35:  residual SS =  24.27354
Iteration 36:  residual SS =  24.26906
Iteration 37:  residual SS =  24.26488
Iteration 38:  residual SS =  24.26101
Iteration 39:  residual SS =  24.25748
Iteration 40:  residual SS =  24.25431
Iteration 41:  residual SS =  24.25152
Iteration 42:  residual SS =  24.24916
Iteration 43:  residual SS =  24.24725
Iteration 44:  residual SS =  24.24582
Iteration 45:  residual SS =  24.24492
Iteration 46:  residual SS =  24.24458
Iteration 47:  residual SS =  24.24193
Iteration 48:  residual SS =  24.23936
Iteration 49:  residual SS =  24.23687

      Source |       SS       df       MS            Number of obs =        30
-------------+------------------------------         F(  1,    28) =    -22.60
       Model | -19.5622114     1 -19.5622114         Prob > F      =    1.0000
    Residual |  24.2344821    28  .865517219         R-squared     =   -4.1869
-------------+------------------------------         Adj R-squared =   -4.3721
       Total |  4.67227071    29  .161112783         Root MSE      =  .9303318
                                                     Res. dev.     =  78.73369

------------------------------------------------------------------------------
      lnYtou |      Coef.   Std. Err.      t    P>|t|     [95% Conf. Interval]
-------------+----------------------------------------------------------------
          b1 |  -26.80284   6.744191    -3.97   0.000    -40.61769   -12.98799
          b2 |   577.2681   15184.65     0.04   0.970    -30527.07    31681.61
------------------------------------------------------------------------------
* Parameter b1 taken as constant term in model & ANOVA table
 (SEs, P values, CIs, and correlations are asymptotic approximations)
convergence not achieved
