=============================================================================================================
Estimation for rail_freight and GUI, specification 1
=============================================================================================================
   
US parameters:
-------------------------------------------------------------------
elascoef1 = 2.022390940937841
elascoef2 = 2.022390940937841
trend     = .0095935190936967
-------------------------------------------------------------------
   
Model specification estimated:
( lnYtou = lnY + {b1} + (1.3-1)*ln(t-{b2=1945})*2.022390940937841 - (1-.3)*lnYpercap*2.022390940937841 + .0095
> 935190936967*t  ) 
-------------------------------------------------------------------
(obs = 28)

Iteration 0:  residual SS =  16476.17
Iteration 1:  residual SS =  4101.222
Iteration 2:  residual SS =   19.4418
Iteration 3:  residual SS =  19.43778
Iteration 4:  residual SS =  19.43756
Iteration 5:  residual SS =   19.4375
Iteration 6:  residual SS =  19.43748
Iteration 7:  residual SS =  19.43748
Iteration 8:  residual SS =  19.43748

      Source |       SS       df       MS            Number of obs =        28
-------------+------------------------------         F(  1,    26) =     38.63
       Model |  28.8763375     1  28.8763375         Prob > F      =    0.0000
    Residual |  19.4374759    26  .747595228         R-squared     =    0.5977
-------------+------------------------------         Adj R-squared =    0.5822
       Total |  48.3138135    27   1.7894005         Root MSE      =  .8646359
                                                     Res. dev.     =  69.24051

------------------------------------------------------------------------------
      lnYtou |      Coef.   Std. Err.      t    P>|t|     [95% Conf. Interval]
-------------+----------------------------------------------------------------
          b1 |   -24.0852   .2049765  -117.50   0.000    -24.50653   -23.66386
          b2 |   1948.429   2.001195   973.63   0.000     1944.316    1952.543
------------------------------------------------------------------------------
* Parameter b1 taken as constant term in model & ANOVA table
 (SEs, P values, CIs, and correlations are asymptotic approximations)
