=============================================================================================================
Estimation for rail_freight and IRE, specification 1
=============================================================================================================
   
US parameters:
-------------------------------------------------------------------
elascoef1 = 2.022390940937841
elascoef2 = 2.022390940937841
trend     = .0095935190936967
-------------------------------------------------------------------
   
Model specification estimated:
( lnYtou = lnY + {b1} + (1.3-1)*ln(t-{b2=1944})*2.022390940937841 - (1-.3)*lnYpercap*2.022390940937841 + .0095
> 935190936967*t  ) 
-------------------------------------------------------------------
(obs = 45)

Iteration 0:  residual SS =  21649.54
Iteration 1:  residual SS =  1.164369
Iteration 2:  residual SS =  .9694283
Iteration 3:  residual SS =  .9387558
Iteration 4:  residual SS =   .938614

      Source |       SS       df       MS            Number of obs =        45
-------------+------------------------------         F(  1,    43) =     89.26
       Model |   1.9483138     1   1.9483138         Prob > F      =    0.0000
    Residual |  .938613941    43  .021828231         R-squared     =    0.6749
-------------+------------------------------         Adj R-squared =    0.6673
       Total |  2.88692774    44  .065611994         Root MSE      =  .1477438
                                                     Res. dev.     = -46.44614

------------------------------------------------------------------------------
      lnYtou |      Coef.   Std. Err.      t    P>|t|     [95% Conf. Interval]
-------------+----------------------------------------------------------------
          b1 |  -22.35438   .0774241  -288.73   0.000    -22.51052   -22.19824
          b2 |   1922.766   5.445694   353.08   0.000     1911.783    1933.748
------------------------------------------------------------------------------
* Parameter b1 taken as constant term in model & ANOVA table
 (SEs, P values, CIs, and correlations are asymptotic approximations)
