=============================================================================================================
Estimation for rail_freight and ISR, specification 2
=============================================================================================================
   
US parameters:
-------------------------------------------------------------------
elascoef1 = 2.022390940937841
elascoef2 = 2.022390940937841
trend     = .0095935190936967
-------------------------------------------------------------------
   
Model specification estimated:
( lnYtou = lnY + {b1} + (1.3-1)*ln(t-{b2=1945})*{b3=2.022390940937841} - (1-.3)*lnYpercap*2.022390940937841 + 
> .0095935190936967*t  ) 
-------------------------------------------------------------------
(obs = 44)

Iteration 0:  residual SS =  21190.68
Iteration 1:  residual SS =  5321.927
Iteration 2:  residual SS =  .9421372
Iteration 3:  residual SS =  .7042294
Iteration 4:  residual SS =  .6573696
Iteration 5:  residual SS =  .6549178
Iteration 6:  residual SS =  .6549139
Iteration 7:  residual SS =  .6549139

      Source |       SS       df       MS            Number of obs =        44
-------------+------------------------------         F(  2,    41) =    820.10
       Model |  26.1996391     2  13.0998195         Prob > F      =    0.0000
    Residual |  .654913926    41   .01597351         R-squared     =    0.9756
-------------+------------------------------         Adj R-squared =    0.9744
       Total |   26.854553    43  .624524489         Root MSE      =  .1263864
                                                     Res. dev.     = -60.26082

------------------------------------------------------------------------------
      lnYtou |      Coef.   Std. Err.      t    P>|t|     [95% Conf. Interval]
-------------+----------------------------------------------------------------
          b1 |  -23.29017    .615817   -37.82   0.000    -24.53384    -22.0465
          b2 |   1941.993   2.975621   652.63   0.000     1935.983    1948.002
          b3 |   3.303721    .499158     6.62   0.000     2.295651    4.311791
------------------------------------------------------------------------------
* Parameter b1 taken as constant term in model & ANOVA table
 (SEs, P values, CIs, and correlations are asymptotic approximations)
