=============================================================================================================
Estimation for rail_freight and ITA, specification 1
=============================================================================================================
   
US parameters:
-------------------------------------------------------------------
elascoef1 = 2.022390940937841
elascoef2 = 2.022390940937841
trend     = .0095935190936967
-------------------------------------------------------------------
   
Model specification estimated:
( lnYtou = lnY + {b1} + (1.3-1)*ln(t-{b2=1880})*2.022390940937841 - (1-.3)*lnYpercap*2.022390940937841 + .0095
> 935190936967*t  ) 
-------------------------------------------------------------------
(obs = 106)

Iteration 0:  residual SS =  50632.43
Iteration 1:  residual SS =  9.218428
Iteration 2:  residual SS =  9.086324
Iteration 3:  residual SS =  9.076293
Iteration 4:  residual SS =  9.076064
Iteration 5:  residual SS =  9.076054

      Source |       SS       df       MS            Number of obs =       106
-------------+------------------------------         F(  1,   104) =    562.67
       Model |  49.1037779     1  49.1037779         Prob > F      =    0.0000
    Residual |  9.07605357   104  .087269746         R-squared     =    0.8440
-------------+------------------------------         Adj R-squared =    0.8425
       Total |  58.1798315   105  .554093633         Root MSE      =  .2954145
                                                     Res. dev.     =  40.28821

------------------------------------------------------------------------------
      lnYtou |      Coef.   Std. Err.      t    P>|t|     [95% Conf. Interval]
-------------+----------------------------------------------------------------
          b1 |  -21.83264   .0368044  -593.21   0.000    -21.90563   -21.75966
          b2 |   1881.114   1.176697  1598.64   0.000      1878.78    1883.447
------------------------------------------------------------------------------
* Parameter b1 taken as constant term in model & ANOVA table
 (SEs, P values, CIs, and correlations are asymptotic approximations)
