=============================================================================================================
Estimation for rail_freight and JAP, specification 1
=============================================================================================================
   
US parameters:
-------------------------------------------------------------------
elascoef1 = 2.022390940937841
elascoef2 = 2.022390940937841
trend     = .0095935190936967
-------------------------------------------------------------------
   
Model specification estimated:
( lnYtou = lnY + {b1} + (1.3-1)*ln(t-{b2=1885})*2.022390940937841 - (1-.3)*lnYpercap*2.022390940937841 + .0095
> 935190936967*t  ) 
-------------------------------------------------------------------
(obs = 104)

Iteration 0:  residual SS =  51378.91
Iteration 1:  residual SS =  39245.02
Iteration 2:  residual SS =  30048.78
Iteration 3:  residual SS =  16918.27
Iteration 4:  residual SS =  54.87128
Iteration 5:  residual SS =  54.57256
Iteration 6:  residual SS =  54.55872
Iteration 7:  residual SS =  54.55856

      Source |       SS       df       MS            Number of obs =       104
-------------+------------------------------         F(  1,   102) =    365.89
       Model |  195.709666     1  195.709666         Prob > F      =    0.0000
    Residual |  54.5585637   102  .534887879         R-squared     =    0.7820
-------------+------------------------------         Adj R-squared =    0.7799
       Total |   250.26823   103  2.42978864         Root MSE      =  .7313603
                                                     Res. dev.     =  228.0471

------------------------------------------------------------------------------
      lnYtou |      Coef.   Std. Err.      t    P>|t|     [95% Conf. Interval]
-------------+----------------------------------------------------------------
          b1 |  -22.07232   .0721797  -305.80   0.000    -22.21549   -21.92915
          b2 |    1889.97   .0364093        .   0.000     1889.897    1890.042
------------------------------------------------------------------------------
* Parameter b1 taken as constant term in model & ANOVA table
 (SEs, P values, CIs, and correlations are asymptotic approximations)
