=============================================================================================================
Estimation for rail_freight and JAP, specification 2
=============================================================================================================
   
US parameters:
-------------------------------------------------------------------
elascoef1 = 2.022390940937841
elascoef2 = 2.022390940937841
trend     = .0095935190936967
-------------------------------------------------------------------
   
Model specification estimated:
( lnYtou = lnY + {b1} + (1.3-1)*ln(t-{b2=1885})*{b3=2.022390940937841} - (1-.3)*lnYpercap*2.022390940937841 + 
> .0095935190936967*t  ) 
-------------------------------------------------------------------
(obs = 104)

Iteration 0:  residual SS =  51378.91
Iteration 1:  residual SS =  39245.23
Iteration 2:  residual SS =  22.26213
Iteration 3:  residual SS =  22.01131
Iteration 4:  residual SS =   21.8573
Iteration 5:  residual SS =   21.8529
Iteration 6:  residual SS =  21.85232
Iteration 7:  residual SS =  21.85223
Iteration 8:  residual SS =  21.85221
Iteration 9:  residual SS =  21.85221
Iteration 10:  residual SS =  21.85221
Iteration 11:  residual SS =  21.85221

      Source |       SS       df       MS            Number of obs =       104
-------------+------------------------------         F(  2,   101) =    527.86
       Model |  228.416024     2  114.208012         Prob > F      =    0.0000
    Residual |  21.8522055   101   .21635847         R-squared     =    0.9127
-------------+------------------------------         Adj R-squared =    0.9110
       Total |   250.26823   103  2.42978864         Root MSE      =  .4651435
                                                     Res. dev.     =    132.89

------------------------------------------------------------------------------
      lnYtou |      Coef.   Std. Err.      t    P>|t|     [95% Conf. Interval]
-------------+----------------------------------------------------------------
          b1 |  -24.72998   .3327082   -74.33   0.000    -25.38999   -24.06998
          b2 |   1888.784   .5741159  3289.90   0.000     1887.646    1889.923
          b3 |   4.377893   .2719484    16.10   0.000     3.838421    4.917366
------------------------------------------------------------------------------
* Parameter b1 taken as constant term in model & ANOVA table
 (SEs, P values, CIs, and correlations are asymptotic approximations)
