=============================================================================================================
Estimation for rail_freight and LEB, specification 2
=============================================================================================================
   
US parameters:
-------------------------------------------------------------------
elascoef1 = 2.022390940937841
elascoef2 = 2.022390940937841
trend     = .0095935190936967
-------------------------------------------------------------------
   
Model specification estimated:
( lnYtou = lnY + {b1} + (1.3-1)*ln(t-{b2=1945})*{b3=2.022390940937841} - (1-.3)*lnYpercap*2.022390940937841 + 
> .0095935190936967*t  ) 
-------------------------------------------------------------------
(obs = 25)

Iteration 0:  residual SS =  14432.75
Iteration 1:  residual SS =  11139.46
Iteration 2:  residual SS =  8536.917
Iteration 3:  residual SS =  7504.077
Iteration 4:  residual SS =   6592.01
Iteration 5:  residual SS =  6387.512
Iteration 6:  cannot calculate derivatives
equation/system not identified
