=============================================================================================================
Estimation for rail_freight and MAD, specification 2
=============================================================================================================
   
US parameters:
-------------------------------------------------------------------
elascoef1 = 2.022390940937841
elascoef2 = 2.022390940937841
trend     = .0095935190936967
-------------------------------------------------------------------
   
Model specification estimated:
( lnYtou = lnY + {b1} + (1.3-1)*ln(t-{b2=1945})*{b3=2.022390940937841} - (1-.3)*lnYpercap*2.022390940937841 + 
> .0095935190936967*t  ) 
-------------------------------------------------------------------
(obs = 41)

Iteration 0:  residual SS =  24525.91
Iteration 1:  residual SS =  21578.53
Iteration 2:  residual SS =  16542.75
Iteration 3:  residual SS =  12668.89
Iteration 4:  residual SS =  9697.893
Iteration 5:  residual SS =  8523.118
Iteration 6:  residual SS =  7489.636
Iteration 7:  cannot calculate derivatives
equation/system not identified
