=============================================================================================================
Estimation for rail_freight and MAL, specification 2
=============================================================================================================
   
US parameters:
-------------------------------------------------------------------
elascoef1 = 2.022390940937841
elascoef2 = 2.022390940937841
trend     = .0095935190936967
-------------------------------------------------------------------
   
Model specification estimated:
( lnYtou = lnY + {b1} + (1.3-1)*ln(t-{b2=1956})*{b3=2.022390940937841} - (1-.3)*lnYpercap*2.022390940937841 + 
> .0095935190936967*t  ) 
-------------------------------------------------------------------
(obs = 31)

Iteration 0:  residual SS =  18910.82
Iteration 1:  residual SS =  16631.32
Iteration 2:  residual SS =  12726.39
Iteration 3:  residual SS =   7150.25
Iteration 4:  residual SS =  1787.935
Iteration 5:  residual SS =  1.753261
Iteration 6:  residual SS =  1.753031
Iteration 7:  residual SS =   1.75303

      Source |       SS       df       MS            Number of obs =        31
-------------+------------------------------         F(  2,    28) =     85.76
       Model |   10.738787     2  5.36939349         Prob > F      =    0.0000
    Residual |  1.75302968    28  .062608203         R-squared     =    0.8597
-------------+------------------------------         Adj R-squared =    0.8496
       Total |  12.4918167    30  .416393889         Root MSE      =  .2502163
                                                     Res. dev.     = -1.077703

------------------------------------------------------------------------------
      lnYtou |      Coef.   Std. Err.      t    P>|t|     [95% Conf. Interval]
-------------+----------------------------------------------------------------
          b1 |  -23.58092    .144222  -163.50   0.000    -23.87634   -23.28549
          b2 |   1960.988   .0191841        .   0.000     1960.949    1961.027
          b3 |   .9290843     .18011     5.16   0.000     .5601457    1.298023
------------------------------------------------------------------------------
* Parameter b1 taken as constant term in model & ANOVA table
 (SEs, P values, CIs, and correlations are asymptotic approximations)
