=============================================================================================================
Estimation for rail_freight and MEX, specification 2
=============================================================================================================
   
US parameters:
-------------------------------------------------------------------
elascoef1 = 2.022390940937841
elascoef2 = 2.022390940937841
trend     = .0095935190936967
-------------------------------------------------------------------
   
Model specification estimated:
( lnYtou = lnY + {b1} + (1.3-1)*ln(t-{b2=1916})*{b3=2.022390940937841} - (1-.3)*lnYpercap*2.022390940937841 + 
> .0095935190936967*t  ) 
-------------------------------------------------------------------
(obs = 73)

Iteration 0:  residual SS =  33768.97
Iteration 1:  residual SS =  2.453129
Iteration 2:  residual SS =  2.074235
Iteration 3:  residual SS =  2.058513
Iteration 4:  residual SS =   1.96767
Iteration 5:  residual SS =  1.965334
Iteration 6:  residual SS =  1.965327
Iteration 7:  residual SS =  1.965327
Iteration 8:  residual SS =  1.965327
Iteration 9:  residual SS =  1.965327
Iteration 10:  residual SS =  1.965327
Iteration 11:  residual SS =  1.965327

      Source |       SS       df       MS            Number of obs =        73
-------------+------------------------------         F(  2,    70) =   1034.86
       Model |  58.1098622     2  29.0549311         Prob > F      =    0.0000
    Residual |  1.96532655    70  .028076094         R-squared     =    0.9673
-------------+------------------------------         Adj R-squared =    0.9664
       Total |  60.0751887    72  .834377621         Root MSE      =  .1675592
                                                     Res. dev.     = -56.71545

------------------------------------------------------------------------------
      lnYtou |      Coef.   Std. Err.      t    P>|t|     [95% Conf. Interval]
-------------+----------------------------------------------------------------
          b1 |  -24.54023    3.20328    -7.66   0.000    -30.92897   -18.15148
          b2 |   1874.157   37.79675    49.59   0.000     1798.774    1949.541
          b3 |   3.934241    1.99941     1.97   0.053    -.0534565    7.921939
------------------------------------------------------------------------------
* Parameter b1 taken as constant term in model & ANOVA table
 (SEs, P values, CIs, and correlations are asymptotic approximations)
