=============================================================================================================
Estimation for rail_freight and MEX, specification 1
=============================================================================================================
   
US parameters:
-------------------------------------------------------------------
elascoef1 = 2.022390940937841
elascoef2 = 2.022390940937841
trend     = .0095935190936967
-------------------------------------------------------------------
   
Model specification estimated:
( lnYtou = lnY + {b1} + (1.3-1)*ln(t-{b2=1916})*2.022390940937841 - (1-.3)*lnYpercap*2.022390940937841 + .0095
> 935190936967*t  ) 
-------------------------------------------------------------------
(obs = 73)

Iteration 0:  residual SS =  33768.97
Iteration 1:  residual SS =  2.460933
Iteration 2:  residual SS =  2.094493
Iteration 3:  residual SS =   2.08422
Iteration 4:  residual SS =  2.084206

      Source |       SS       df       MS            Number of obs =        73
-------------+------------------------------         F(  1,    71) =   1975.50
       Model |  57.9909825     1  57.9909825         Prob > F      =    0.0000
    Residual |  2.08420624    71  .029355017         R-squared     =    0.9653
-------------+------------------------------         Adj R-squared =    0.9648
       Total |  60.0751887    72  .834377621         Root MSE      =  .1713331
                                                     Res. dev.     = -52.42818

------------------------------------------------------------------------------
      lnYtou |      Coef.   Std. Err.      t    P>|t|     [95% Conf. Interval]
-------------+----------------------------------------------------------------
          b1 |  -21.67063   .0402564  -538.31   0.000    -21.75089   -21.59036
          b2 |   1907.309   2.237505   852.43   0.000     1902.848    1911.771
------------------------------------------------------------------------------
* Parameter b1 taken as constant term in model & ANOVA table
 (SEs, P values, CIs, and correlations are asymptotic approximations)
