=============================================================================================================
Estimation for rail_freight and MLW, specification 1
=============================================================================================================
   
US parameters:
-------------------------------------------------------------------
elascoef1 = 2.022390940937841
elascoef2 = 2.022390940937841
trend     = .0095935190936967
-------------------------------------------------------------------
   
Model specification estimated:
( lnYtou = lnY + {b1} + (1.3-1)*ln(t-{b2=1949})*2.022390940937841 - (1-.3)*lnYpercap*2.022390940937841 + .0095
> 935190936967*t  ) 
-------------------------------------------------------------------
(obs = 40)

Iteration 0:  residual SS =  24567.06
Iteration 1:  residual SS =  31.22174
Iteration 2:  residual SS =  30.28282
Iteration 3:  residual SS =  29.80852
Iteration 4:  residual SS =  29.54061
Iteration 5:  residual SS =  29.33331
Iteration 6:  residual SS =  29.23379
Iteration 7:  residual SS =  29.12559
Iteration 8:  residual SS =  29.05481
Iteration 9:  residual SS =  29.03551
Iteration 10:  residual SS =   28.9852
Iteration 11:  residual SS =  28.94936
Iteration 12:  residual SS =  28.93189
Iteration 13:  residual SS =  28.90057
Iteration 14:  residual SS =  28.87334
Iteration 15:  residual SS =  28.85091
Iteration 16:  residual SS =  28.83415
Iteration 17:  residual SS =  28.82417
Iteration 18:  residual SS =  28.82239
Iteration 19:  residual SS =  28.80785
Iteration 20:  residual SS =  28.79491
Iteration 21:  residual SS =  28.78375
Iteration 22:  residual SS =  28.77463
Iteration 23:  residual SS =  28.76782
Iteration 24:  residual SS =  28.76365
Iteration 25:  residual SS =  28.76252
Iteration 26:  residual SS =  28.75471
Iteration 27:  residual SS =  28.74744
Iteration 28:  residual SS =  28.74073
Iteration 29:  residual SS =  28.73463
Iteration 30:  residual SS =  28.72921
Iteration 31:  residual SS =  28.72452
Iteration 32:  residual SS =  28.72065
Iteration 33:  residual SS =  28.71766
Iteration 34:  residual SS =  28.71565
Iteration 35:  residual SS =  28.71472
Iteration 36:  residual SS =  28.71057
Iteration 37:  residual SS =  28.70658
Iteration 38:  residual SS =  28.70277
Iteration 39:  residual SS =  28.69915
Iteration 40:  residual SS =  28.69574
Iteration 41:  residual SS =  28.69254
Iteration 42:  residual SS =  28.68957
Iteration 43:  residual SS =  28.68684
Iteration 44:  residual SS =  28.68437
Iteration 45:  residual SS =  28.68218
Iteration 46:  residual SS =  28.68029
Iteration 47:  residual SS =  28.67871
Iteration 48:  residual SS =  28.67748
Iteration 49:  residual SS =  28.67661

      Source |       SS       df       MS            Number of obs =        40
-------------+------------------------------         F(  1,    38) =    -26.92
       Model | -20.3127775     1 -20.3127775         Prob > F      =    1.0000
    Residual |  28.6761392    38  .754635241         R-squared     =   -2.4288
-------------+------------------------------         Adj R-squared =   -2.5190
       Total |  8.36336172    39  .214445172         Root MSE      =  .8686974
                                                     Res. dev.     =  100.2025

------------------------------------------------------------------------------
      lnYtou |      Coef.   Std. Err.      t    P>|t|     [95% Conf. Interval]
-------------+----------------------------------------------------------------
          b1 |  -27.90772   12.30822    -2.27   0.029    -52.82441   -2.991023
          b2 |    268.875   33688.52     0.01   0.994    -67929.97    68467.72
------------------------------------------------------------------------------
* Parameter b1 taken as constant term in model & ANOVA table
 (SEs, P values, CIs, and correlations are asymptotic approximations)
convergence not achieved
