=============================================================================================================
Estimation for rail_freight and MLY, specification 1
=============================================================================================================
   
US parameters:
-------------------------------------------------------------------
elascoef1 = 2.022390940937841
elascoef2 = 2.022390940937841
trend     = .0095935190936967
-------------------------------------------------------------------
   
Model specification estimated:
( lnYtou = lnY + {b1} + (1.3-1)*ln(t-{b2=1935})*2.022390940937841 - (1-.3)*lnYpercap*2.022390940937841 + .0095
> 935190936967*t  ) 
-------------------------------------------------------------------
(obs = 48)

Iteration 0:  residual SS =  25893.87
Iteration 1:  residual SS =  1.705715
Iteration 2:  residual SS =  1.638798
Iteration 3:  residual SS =  1.634208
Iteration 4:  residual SS =  1.634186

      Source |       SS       df       MS            Number of obs =        48
-------------+------------------------------         F(  1,    46) =    305.57
       Model |  10.8556946     1  10.8556946         Prob > F      =    0.0000
    Residual |   1.6341858    46  .035525778         R-squared     =    0.8692
-------------+------------------------------         Adj R-squared =    0.8663
       Total |  12.4898804    47  .265742137         Root MSE      =  .1884828
                                                     Res. dev.     =  -26.0246

------------------------------------------------------------------------------
      lnYtou |      Coef.   Std. Err.      t    P>|t|     [95% Conf. Interval]
-------------+----------------------------------------------------------------
          b1 |  -23.48514   .0846073  -277.58   0.000    -23.65545   -23.31483
          b2 |   1919.876   5.940401   323.19   0.000     1907.918    1931.833
------------------------------------------------------------------------------
* Parameter b1 taken as constant term in model & ANOVA table
 (SEs, P values, CIs, and correlations are asymptotic approximations)
