=============================================================================================================
Estimation for rail_freight and MLY, specification 2
=============================================================================================================
   
US parameters:
-------------------------------------------------------------------
elascoef1 = 2.022390940937841
elascoef2 = 2.022390940937841
trend     = .0095935190936967
-------------------------------------------------------------------
   
Model specification estimated:
( lnYtou = lnY + {b1} + (1.3-1)*ln(t-{b2=1935})*{b3=2.022390940937841} - (1-.3)*lnYpercap*2.022390940937841 + 
> .0095935190936967*t  ) 
-------------------------------------------------------------------
(obs = 48)

Iteration 0:  residual SS =  25893.87
Iteration 1:  residual SS =  14602.42
Iteration 2:  residual SS =  1.639777
Iteration 3:  residual SS =  1.598694
Iteration 4:  residual SS =  1.596253
Iteration 5:  residual SS =  1.595858
Iteration 6:  residual SS =  1.595718
Iteration 7:  residual SS =  1.595709
Iteration 8:  residual SS =  1.595709
Iteration 9:  residual SS =  1.595709
Iteration 10:  residual SS =  1.595709
Iteration 11:  residual SS =  1.595709
Iteration 12:  residual SS =  1.595709

      Source |       SS       df       MS            Number of obs =        48
-------------+------------------------------         F(  2,    45) =    153.61
       Model |  10.8941715     2  5.44708574         Prob > F      =    0.0000
    Residual |  1.59570895    45  .035460199         R-squared     =    0.8722
-------------+------------------------------         Adj R-squared =    0.8666
       Total |  12.4898804    47  .265742137         Root MSE      =  .1883088
                                                     Res. dev.     = -27.16828

------------------------------------------------------------------------------
      lnYtou |      Coef.   Std. Err.      t    P>|t|     [95% Conf. Interval]
-------------+----------------------------------------------------------------
          b1 |  -22.58399   .7915686   -28.53   0.000    -24.17829   -20.98969
          b2 |   1931.971   10.80287   178.84   0.000     1910.213    1953.729
          b3 |   1.356921   .6167983     2.20   0.033     .1146253    2.599216
------------------------------------------------------------------------------
* Parameter b1 taken as constant term in model & ANOVA table
 (SEs, P values, CIs, and correlations are asymptotic approximations)
