=============================================================================================================
Estimation for rail_freight and MOZ, specification 1
=============================================================================================================
   
US parameters:
-------------------------------------------------------------------
elascoef1 = 2.022390940937841
elascoef2 = 2.022390940937841
trend     = .0095935190936967
-------------------------------------------------------------------
   
Model specification estimated:
( lnYtou = lnY + {b1} + (1.3-1)*ln(t-{b2=1945})*2.022390940937841 - (1-.3)*lnYpercap*2.022390940937841 + .0095
> 935190936967*t  ) 
-------------------------------------------------------------------
(obs = 41)

Iteration 0:  residual SS =  20573.21
Iteration 1:  residual SS =  24.68588
Iteration 2:  residual SS =  22.68583
Iteration 3:  residual SS =   22.0635
Iteration 4:  residual SS =  21.88644
Iteration 5:  residual SS =  21.78212
Iteration 6:  residual SS =   21.6718
Iteration 7:  residual SS =  21.65929
Iteration 8:  residual SS =  21.60435
Iteration 9:  residual SS =  21.58511
Iteration 10:  residual SS =  21.54513
Iteration 11:  residual SS =  21.51478
Iteration 12:  residual SS =  21.49646
Iteration 13:  residual SS =  21.49353
Iteration 14:  residual SS =   21.4735
Iteration 15:  residual SS =  21.45692
Iteration 16:  residual SS =  21.44439
Iteration 17:  residual SS =  21.43667
Iteration 18:  residual SS =  21.43471
Iteration 19:  residual SS =  21.42364
Iteration 20:  residual SS =  21.41366
Iteration 21:  residual SS =  21.40491
Iteration 22:  residual SS =  21.39755
Iteration 23:  residual SS =  21.39174
Iteration 24:  residual SS =  21.38771
Iteration 25:  residual SS =  21.38571
Iteration 26:  residual SS =  21.37955
Iteration 27:  residual SS =  21.37374
Iteration 28:  residual SS =  21.36829
Iteration 29:  residual SS =  21.36325
Iteration 30:  residual SS =  21.35863
Iteration 31:  residual SS =  21.35449
Iteration 32:  residual SS =  21.35085
Iteration 33:  residual SS =  21.34778
Iteration 34:  residual SS =  21.34531
Iteration 35:  residual SS =  21.34352
Iteration 36:  residual SS =  21.34246
Iteration 37:  residual SS =  21.34223
Iteration 38:  residual SS =  21.33927
Iteration 39:  residual SS =  21.33643
Iteration 40:  residual SS =  21.33373
Iteration 41:  residual SS =  21.33117
Iteration 42:  residual SS =  21.32877
Iteration 43:  residual SS =  21.32652
Iteration 44:  residual SS =  21.32444
Iteration 45:  residual SS =  21.32255
Iteration 46:  residual SS =  21.32084
Iteration 47:  residual SS =  21.31935
Iteration 48:  residual SS =  21.31807
Iteration 49:  residual SS =  21.31703

      Source |       SS       df       MS            Number of obs =        41
-------------+------------------------------         F(  1,    39) =    -27.76
       Model | -15.1738314     1 -15.1738314         Prob > F      =    1.0000
    Residual |  21.3162371    39  .546570182         R-squared     =   -2.4703
-------------+------------------------------         Adj R-squared =   -2.5593
       Total |  6.14240563    40  .153560141         Root MSE      =  .7393038
                                                     Res. dev.     =  89.53474

------------------------------------------------------------------------------
      lnYtou |      Coef.   Std. Err.      t    P>|t|     [95% Conf. Interval]
-------------+----------------------------------------------------------------
          b1 |  -25.43951   10.41833    -2.44   0.019    -46.51257   -4.366458
          b2 |   158.1637   30374.87     0.01   0.996    -61280.82    61597.15
------------------------------------------------------------------------------
* Parameter b1 taken as constant term in model & ANOVA table
 (SEs, P values, CIs, and correlations are asymptotic approximations)
convergence not achieved
