=============================================================================================================
Estimation for rail_freight and NEW, specification 2
=============================================================================================================
   
US parameters:
-------------------------------------------------------------------
elascoef1 = 2.022390940937841
elascoef2 = 2.022390940937841
trend     = .0095935190936967
-------------------------------------------------------------------
   
Model specification estimated:
( lnYtou = lnY + {b1} + (1.3-1)*ln(t-{b2=1917})*{b3=2.022390940937841} - (1-.3)*lnYpercap*2.022390940937841 + 
> .0095935190936967*t  ) 
-------------------------------------------------------------------
(obs = 69)

Iteration 0:  residual SS =  28334.67
Iteration 1:  residual SS =  4.355897
Iteration 2:  residual SS =  2.822026
Iteration 3:  residual SS =  2.596023
Iteration 4:  residual SS =  2.519861
Iteration 5:  residual SS =  2.515751
Iteration 6:  residual SS =  2.514625
Iteration 7:  residual SS =  2.514472
Iteration 8:  residual SS =  2.514466
Iteration 9:  residual SS =  2.514466
Iteration 10:  residual SS =  2.514465
Iteration 11:  residual SS =  2.514465

      Source |       SS       df       MS            Number of obs =        69
-------------+------------------------------         F(  2,    66) =    251.38
       Model |  19.1543413     2  9.57717066         Prob > F      =    0.0000
    Residual |  2.51446548    66  .038097962         R-squared     =    0.8840
-------------+------------------------------         Adj R-squared =    0.8804
       Total |  21.6688068    68  .318658924         Root MSE      =   .195187
                                                     Res. dev.     = -32.71767

------------------------------------------------------------------------------
      lnYtou |      Coef.   Std. Err.      t    P>|t|     [95% Conf. Interval]
-------------+----------------------------------------------------------------
          b1 |  -19.21535   .4771357   -40.27   0.000    -20.16799   -18.26272
          b2 |   1915.532   7.864545   243.57   0.000      1899.83    1931.234
          b3 |   1.003991   .3710092     2.71   0.009     .2632475    1.744735
------------------------------------------------------------------------------
* Parameter b1 taken as constant term in model & ANOVA table
 (SEs, P values, CIs, and correlations are asymptotic approximations)
