=============================================================================================================
Estimation for rail_freight and NGA, specification 2
=============================================================================================================
   
US parameters:
-------------------------------------------------------------------
elascoef1 = 2.022390940937841
elascoef2 = 2.022390940937841
trend     = .0095935190936967
-------------------------------------------------------------------
   
Model specification estimated:
( lnYtou = lnY + {b1} + (1.3-1)*ln(t-{b2=1945})*{b3=2.022390940937841} - (1-.3)*lnYpercap*2.022390940937841 + 
> .0095935190936967*t  ) 
-------------------------------------------------------------------
(obs = 44)

Iteration 0:  residual SS =  25913.32
Iteration 1:  residual SS =  22809.77
Iteration 2:  residual SS =  17495.36
Iteration 3:  residual SS =  15377.38
Iteration 4:  residual SS =  13514.63
Iteration 5:  residual SS =  11872.96
Iteration 6:  cannot calculate derivatives
equation/system not identified
