=============================================================================================================
Estimation for rail_freight and NOR, specification 1
=============================================================================================================
   
US parameters:
-------------------------------------------------------------------
elascoef1 = 2.022390940937841
elascoef2 = 2.022390940937841
trend     = .0095935190936967
-------------------------------------------------------------------
   
Model specification estimated:
( lnYtou = lnY + {b1} + (1.3-1)*ln(t-{b2=1851})*2.022390940937841 - (1-.3)*lnYpercap*2.022390940937841 + .0095
> 935190936967*t  ) 
-------------------------------------------------------------------
(obs = 134)

Iteration 0:  residual SS =  67583.18
Iteration 1:  residual SS =  59373.56
Iteration 2:  residual SS =  45378.77
Iteration 3:  residual SS =   111.853
Iteration 4:  residual SS =  111.8521

      Source |       SS       df       MS            Number of obs =       134
-------------+------------------------------         F(  1,   132) =    371.98
       Model |  315.202686     1  315.202686         Prob > F      =    0.0000
    Residual |  111.851963   132  .847363356         R-squared     =    0.7381
-------------+------------------------------         Adj R-squared =    0.7361
       Total |  427.054649   133  3.21093721         Root MSE      =  .9205234
                                                     Res. dev.     =  356.0666

------------------------------------------------------------------------------
      lnYtou |      Coef.   Std. Err.      t    P>|t|     [95% Conf. Interval]
-------------+----------------------------------------------------------------
          b1 |  -22.33515   .0800361  -279.06   0.000    -22.49347   -22.17683
          b2 |   1855.933   .0973326        .   0.000     1855.741    1856.126
------------------------------------------------------------------------------
* Parameter b1 taken as constant term in model & ANOVA table
 (SEs, P values, CIs, and correlations are asymptotic approximations)
