=============================================================================================================
Estimation for rail_freight and NOR, specification 2
=============================================================================================================
   
US parameters:
-------------------------------------------------------------------
elascoef1 = 2.022390940937841
elascoef2 = 2.022390940937841
trend     = .0095935190936967
-------------------------------------------------------------------
   
Model specification estimated:
( lnYtou = lnY + {b1} + (1.3-1)*ln(t-{b2=1851})*{b3=2.022390940937841} - (1-.3)*lnYpercap*2.022390940937841 + 
> .0095935190936967*t  ) 
-------------------------------------------------------------------
(obs = 134)

Iteration 0:  residual SS =  67583.18
Iteration 1:  residual SS =  43.35307
Iteration 2:  residual SS =  5.672297
Iteration 3:  residual SS =  5.200532
Iteration 4:  residual SS =  5.200084

      Source |       SS       df       MS            Number of obs =       134
-------------+------------------------------         F(  2,   131) =   5313.66
       Model |  421.854564     2  210.927282         Prob > F      =    0.0000
    Residual |  5.20008445   131  .039695301         R-squared     =    0.9878
-------------+------------------------------         Adj R-squared =    0.9876
       Total |  427.054649   133  3.21093721         Root MSE      =  .1992368
                                                     Res. dev.     = -55.11257

------------------------------------------------------------------------------
      lnYtou |      Coef.   Std. Err.      t    P>|t|     [95% Conf. Interval]
-------------+----------------------------------------------------------------
          b1 |  -31.79729   .5737445   -55.42   0.000     -32.9323   -30.66229
          b2 |   1836.754   2.252292   815.50   0.000     1832.298    1841.209
          b3 |    9.03884   .3708637    24.37   0.000     8.305183    9.772497
------------------------------------------------------------------------------
* Parameter b1 taken as constant term in model & ANOVA table
 (SEs, P values, CIs, and correlations are asymptotic approximations)
