=============================================================================================================
Estimation for rail_freight and NTH, specification 2
=============================================================================================================
   
US parameters:
-------------------------------------------------------------------
elascoef1 = 2.022390940937841
elascoef2 = 2.022390940937841
trend     = .0095935190936967
-------------------------------------------------------------------
   
Model specification estimated:
( lnYtou = lnY + {b1} + (1.3-1)*ln(t-{b2=1876})*{b3=2.022390940937841} - (1-.3)*lnYpercap*2.022390940937841 + 
> .0095935190936967*t  ) 
-------------------------------------------------------------------
(obs = 92)

Iteration 0:  residual SS =  43345.56
Iteration 1:  residual SS =  24416.44
Iteration 2:  residual SS =  6108.942
Iteration 3:  residual SS =  1529.834
Iteration 4:  residual SS =  384.9505
Iteration 5:  residual SS =  98.78262
Iteration 6:  residual SS =  3.404473
Iteration 7:  residual SS =  3.404409
Iteration 8:  residual SS =  3.404381
Iteration 9:  residual SS =  3.404375
Iteration 10:  residual SS =  3.404374
Iteration 11:  residual SS =  3.404374

      Source |       SS       df       MS            Number of obs =        92
-------------+------------------------------         F(  2,    89) =    409.93
       Model |  31.3607301     2   15.680365         Prob > F      =    0.0000
    Residual |  3.40437398    89  .038251393         R-squared     =    0.9021
-------------+------------------------------         Adj R-squared =    0.8999
       Total |  34.7651041    91  .382034111         Root MSE      =  .1955796
                                                     Res. dev.     = -42.21424

------------------------------------------------------------------------------
      lnYtou |      Coef.   Std. Err.      t    P>|t|     [95% Conf. Interval]
-------------+----------------------------------------------------------------
          b1 |  -19.52289   .0785281  -248.61   0.000    -19.67892   -19.36685
          b2 |   1880.999   .0037667        .   0.000     1880.991    1881.006
          b3 |   .1760959   .0673504     2.61   0.010      .042272    .3099198
------------------------------------------------------------------------------
* Parameter b1 taken as constant term in model & ANOVA table
 (SEs, P values, CIs, and correlations are asymptotic approximations)
