=============================================================================================================
Estimation for rail_freight and PER, specification 2
=============================================================================================================
   
US parameters:
-------------------------------------------------------------------
elascoef1 = 2.022390940937841
elascoef2 = 2.022390940937841
trend     = .0095935190936967
-------------------------------------------------------------------
   
Model specification estimated:
( lnYtou = lnY + {b1} + (1.3-1)*ln(t-{b2=1914})*{b3=2.022390940937841} - (1-.3)*lnYpercap*2.022390940937841 + 
> .0095935190936967*t  ) 
-------------------------------------------------------------------
(obs = 74)

Iteration 0:  residual SS =  33374.09
Iteration 1:  residual SS =  7.253077
Iteration 2:  residual SS =  6.134754
Iteration 3:  residual SS =  5.525178
Iteration 4:  residual SS =  5.341326
Iteration 5:  residual SS =  5.202648
Iteration 6:  residual SS =  5.099477
Iteration 7:  cannot calculate derivatives
equation/system not identified
