=============================================================================================================
Estimation for rail_freight and PHI, specification 1
=============================================================================================================
   
US parameters:
-------------------------------------------------------------------
elascoef1 = 2.022390940937841
elascoef2 = 2.022390940937841
trend     = .0095935190936967
-------------------------------------------------------------------
   
Model specification estimated:
( lnYtou = lnY + {b1} + (1.3-1)*ln(t-{b2=1917})*2.022390940937841 - (1-.3)*lnYpercap*2.022390940937841 + .0095
> 935190936967*t  ) 
-------------------------------------------------------------------
(obs = 65)

Iteration 0:  residual SS =  41504.51
Iteration 1:  residual SS =  187.9894
Iteration 2:  residual SS =   186.343
Iteration 3:  residual SS =  184.4991
Iteration 4:  residual SS =  184.0312
Iteration 5:  residual SS =  183.6818
Iteration 6:  residual SS =  183.3074
Iteration 7:  residual SS =   183.174
Iteration 8:  residual SS =  182.9586
Iteration 9:  residual SS =  182.8217
Iteration 10:  residual SS =  182.7907
Iteration 11:  residual SS =  182.6788
Iteration 12:  residual SS =  182.5944
Iteration 13:  residual SS =  182.5441
Iteration 14:  residual SS =  182.5367
Iteration 15:  residual SS =  182.4765
Iteration 16:  residual SS =  182.4256
Iteration 17:  residual SS =  182.3854
Iteration 18:  residual SS =  182.3578
Iteration 19:  residual SS =  182.3451
Iteration 20:  residual SS =  182.3096
Iteration 21:  residual SS =   182.277
Iteration 22:  residual SS =  182.2473
Iteration 23:  residual SS =  182.2209
Iteration 24:  residual SS =  182.1983
Iteration 25:  residual SS =  182.1799
Iteration 26:  residual SS =  182.1661
Iteration 27:  residual SS =  182.1576
Iteration 28:  residual SS =  182.1552
Iteration 29:  residual SS =  182.1378
Iteration 30:  residual SS =  182.1215
Iteration 31:  residual SS =  182.1062
Iteration 32:  residual SS =   182.092
Iteration 33:  residual SS =  182.0791
Iteration 34:  residual SS =  182.0676
Iteration 35:  residual SS =  182.0575
Iteration 36:  residual SS =  182.0491
Iteration 37:  residual SS =  182.0423
Iteration 38:  residual SS =  182.0375
Iteration 39:  residual SS =  182.0347
Iteration 40:  residual SS =  182.0342
Iteration 41:  residual SS =  182.0254
Iteration 42:  residual SS =   182.017
Iteration 43:  residual SS =  182.0089
Iteration 44:  residual SS =  182.0012
Iteration 45:  residual SS =  181.9939
Iteration 46:  residual SS =  181.9871
Iteration 47:  residual SS =  181.9807
Iteration 48:  residual SS =  181.9748
Iteration 49:  residual SS =  181.9694

      Source |       SS       df       MS            Number of obs =        65
-------------+------------------------------         F(  1,    63) =    -42.27
       Model | -122.098967     1 -122.098967         Prob > F      =    1.0000
    Residual |  181.964576    63   2.8883266         R-squared     =   -2.0396
-------------+------------------------------         Adj R-squared =   -2.0878
       Total |  59.8656092    64  .935400143         Root MSE      =  1.699508
                                                     Res. dev.     =  251.3746

------------------------------------------------------------------------------
      lnYtou |      Coef.   Std. Err.      t    P>|t|     [95% Conf. Interval]
-------------+----------------------------------------------------------------
          b1 |   -28.8111   13.03323    -2.21   0.031    -54.85593   -2.766273
          b2 |  -1477.379   72314.03    -0.02   0.984    -145985.4    143030.7
------------------------------------------------------------------------------
* Parameter b1 taken as constant term in model & ANOVA table
 (SEs, P values, CIs, and correlations are asymptotic approximations)
convergence not achieved
