=============================================================================================================
Estimation for rail_freight and PRG, specification 1
=============================================================================================================
   
US parameters:
-------------------------------------------------------------------
elascoef1 = 2.022390940937841
elascoef2 = 2.022390940937841
trend     = .0095935190936967
-------------------------------------------------------------------
   
Model specification estimated:
( lnYtou = lnY + {b1} + (1.3-1)*ln(t-{b2=1945})*2.022390940937841 - (1-.3)*lnYpercap*2.022390940937841 + .0095
> 935190936967*t  ) 
-------------------------------------------------------------------
(obs = 44)

Iteration 0:  residual SS =  28213.41
Iteration 1:  residual SS =  53.92017
Iteration 2:  residual SS =   52.3771
Iteration 3:  residual SS =   51.4987
Iteration 4:  residual SS =   51.3947
Iteration 5:  residual SS =   51.2909
Iteration 6:  residual SS =  51.13463
Iteration 7:  residual SS =  51.11324
Iteration 8:  residual SS =  51.02273
Iteration 9:  residual SS =  50.97657
Iteration 10:  residual SS =  50.90855
Iteration 11:  residual SS =   50.8514
Iteration 12:  residual SS =  50.80738
Iteration 13:  residual SS =  50.77946
Iteration 14:  residual SS =  50.77156
Iteration 15:  residual SS =  50.73989
Iteration 16:  residual SS =  50.71244
Iteration 17:  residual SS =  50.68983
Iteration 18:  residual SS =  50.67284
Iteration 19:  residual SS =  50.66244
Iteration 20:  residual SS =  50.65979
Iteration 21:  residual SS =  50.64322
Iteration 22:  residual SS =  50.62808
Iteration 23:  residual SS =   50.6145
Iteration 24:  residual SS =  50.60266
Iteration 25:  residual SS =  50.59275
Iteration 26:  residual SS =  50.58501
Iteration 27:  residual SS =  50.57969
Iteration 28:  residual SS =   50.5771
Iteration 29:  residual SS =  50.56804
Iteration 30:  residual SS =  50.55944
Iteration 31:  residual SS =  50.55131
Iteration 32:  residual SS =  50.54369
Iteration 33:  residual SS =  50.53663
Iteration 34:  residual SS =  50.53016
Iteration 35:  residual SS =  50.52434
Iteration 36:  residual SS =   50.5192
Iteration 37:  residual SS =  50.51482
Iteration 38:  residual SS =  50.51125
Iteration 39:  residual SS =  50.50856
Iteration 40:  residual SS =  50.50684
Iteration 41:  residual SS =  50.50618
Iteration 42:  residual SS =  50.50169
Iteration 43:  residual SS =  50.49737
Iteration 44:  residual SS =  50.49321
Iteration 45:  residual SS =  50.48923
Iteration 46:  residual SS =  50.48544
Iteration 47:  residual SS =  50.48184
Iteration 48:  residual SS =  50.47846
Iteration 49:  residual SS =  50.47528

      Source |       SS       df       MS            Number of obs =        44
-------------+------------------------------         F(  1,    42) =    -27.80
       Model | -33.4090978     1 -33.4090978         Prob > F      =    1.0000
    Residual |  50.4723435    42  1.20172246         R-squared     =   -1.9580
-------------+------------------------------         Adj R-squared =   -2.0284
       Total |  17.0632457    43  .396819667         Root MSE      =  1.096231
                                                     Res. dev.     =   130.905

------------------------------------------------------------------------------
      lnYtou |      Coef.   Std. Err.      t    P>|t|     [95% Conf. Interval]
-------------+----------------------------------------------------------------
          b1 |  -28.60857   11.61708    -2.46   0.018    -52.05278   -5.164365
          b2 |   129.0457   34610.76     0.00   0.997    -69718.29    69976.38
------------------------------------------------------------------------------
* Parameter b1 taken as constant term in model & ANOVA table
 (SEs, P values, CIs, and correlations are asymptotic approximations)
convergence not achieved
