=============================================================================================================
Estimation for rail_freight and SAF, specification 2
=============================================================================================================
   
US parameters:
-------------------------------------------------------------------
elascoef1 = 2.022390940937841
elascoef2 = 2.022390940937841
trend     = .0095935190936967
-------------------------------------------------------------------
   
Model specification estimated:
( lnYtou = lnY + {b1} + (1.3-1)*ln(t-{b2=1945})*{b3=2.022390940937841} - (1-.3)*lnYpercap*2.022390940937841 + 
> .0095935190936967*t  ) 
-------------------------------------------------------------------
(obs = 44)

Iteration 0:  residual SS =  16588.84
Iteration 1:  residual SS =  9370.854
Iteration 2:  residual SS =  1.131403
Iteration 3:  residual SS =  1.038107
Iteration 4:  residual SS =  1.037126
Iteration 5:  residual SS =  1.037063
Iteration 6:  residual SS =  1.037022
Iteration 7:  residual SS =  1.037022
Iteration 8:  residual SS =  1.037022
Iteration 9:  residual SS =  1.037022

      Source |       SS       df       MS            Number of obs =        44
-------------+------------------------------         F(  2,    41) =    171.03
       Model |  8.65161416     2  4.32580708         Prob > F      =    0.0000
    Residual |   1.0370218    41  .025293215         R-squared     =    0.8930
-------------+------------------------------         Adj R-squared =    0.8877
       Total |  9.68863597    43  .225317115         Root MSE      =  .1590384
                                                     Res. dev.     = -40.03822

------------------------------------------------------------------------------
      lnYtou |      Coef.   Std. Err.      t    P>|t|     [95% Conf. Interval]
-------------+----------------------------------------------------------------
          b1 |  -17.77316   .1386286  -128.21   0.000    -18.05313    -17.4932
          b2 |   1949.391   1.730138  1126.73   0.000     1945.897    1952.885
          b3 |   .3027706   .1435962     2.11   0.041     .0127723     .592769
------------------------------------------------------------------------------
* Parameter b1 taken as constant term in model & ANOVA table
 (SEs, P values, CIs, and correlations are asymptotic approximations)
