=============================================================================================================
Estimation for rail_freight and SAF, specification 1
=============================================================================================================
   
US parameters:
-------------------------------------------------------------------
elascoef1 = 2.022390940937841
elascoef2 = 2.022390940937841
trend     = .0095935190936967
-------------------------------------------------------------------
   
Model specification estimated:
( lnYtou = lnY + {b1} + (1.3-1)*ln(t-{b2=1945})*2.022390940937841 - (1-.3)*lnYpercap*2.022390940937841 + .0095
> 935190936967*t  ) 
-------------------------------------------------------------------
(obs = 44)

Iteration 0:  residual SS =  16588.84
Iteration 1:  residual SS =  2.569006
Iteration 2:  residual SS =   1.72165
Iteration 3:  residual SS =  1.366748
Iteration 4:  residual SS =  1.235109
Iteration 5:  residual SS =  1.207951
Iteration 6:  residual SS =  1.206085
Iteration 7:  residual SS =  1.206044
Iteration 8:  residual SS =  1.206043
Iteration 9:  residual SS =  1.206043

      Source |       SS       df       MS            Number of obs =        44
-------------+------------------------------         F(  1,    42) =    295.40
       Model |   8.4825932     1   8.4825932         Prob > F      =    0.0000
    Residual |  1.20604277    42  .028715304         R-squared     =    0.8755
-------------+------------------------------         Adj R-squared =    0.8726
       Total |  9.68863597    43  .225317115         Root MSE      =  .1694559
                                                     Res. dev.     = -33.39459

------------------------------------------------------------------------------
      lnYtou |      Coef.   Std. Err.      t    P>|t|     [95% Conf. Interval]
-------------+----------------------------------------------------------------
          b1 |  -20.42065   .2399323   -85.11   0.000    -20.90485   -19.93645
          b2 |   1851.284   46.73488    39.61   0.000     1756.969    1945.599
------------------------------------------------------------------------------
* Parameter b1 taken as constant term in model & ANOVA table
 (SEs, P values, CIs, and correlations are asymptotic approximations)
