=============================================================================================================
Estimation for rail_freight and SEN, specification 2
=============================================================================================================
   
US parameters:
-------------------------------------------------------------------
elascoef1 = 2.022390940937841
elascoef2 = 2.022390940937841
trend     = .0095935190936967
-------------------------------------------------------------------
   
Model specification estimated:
( lnYtou = lnY + {b1} + (1.3-1)*ln(t-{b2=1955})*{b3=2.022390940937841} - (1-.3)*lnYpercap*2.022390940937841 + 
> .0095935190936967*t  ) 
-------------------------------------------------------------------
(obs = 34)

Iteration 0:  residual SS =  19432.99
Iteration 1:  residual SS =  17136.71
Iteration 2:  residual SS =  15042.53
Iteration 3:  residual SS =  14114.73
Iteration 4:  residual SS =   13243.1
Iteration 5:  cannot calculate derivatives
equation/system not identified
