=============================================================================================================
Estimation for rail_freight and SPA, specification 2
=============================================================================================================
   
US parameters:
-------------------------------------------------------------------
elascoef1 = 2.022390940937841
elascoef2 = 2.022390940937841
trend     = .0095935190936967
-------------------------------------------------------------------
   
Model specification estimated:
( lnYtou = lnY + {b1} + (1.3-1)*ln(t-{b2=1863})*{b3=2.022390940937841} - (1-.3)*lnYpercap*2.022390940937841 + 
> .0095935190936967*t  ) 
-------------------------------------------------------------------
(obs = 116)

Iteration 0:  residual SS =  57546.21
Iteration 1:  residual SS =   3.08724
Iteration 2:  residual SS =  2.572903
Iteration 3:  residual SS =  2.535626
Iteration 4:  residual SS =  2.535289
Iteration 5:  residual SS =  2.535289
Iteration 6:  residual SS =  2.535289

      Source |       SS       df       MS            Number of obs =       116
-------------+------------------------------         F(  2,   113) =   2125.49
       Model |  95.3758526     2  47.6879263         Prob > F      =    0.0000
    Residual |  2.53528878   113  .022436184         R-squared     =    0.9741
-------------+------------------------------         Adj R-squared =    0.9736
       Total |  97.9111414   115  .851401229         Root MSE      =  .1497871
                                                     Res. dev.     =  -114.307

------------------------------------------------------------------------------
      lnYtou |      Coef.   Std. Err.      t    P>|t|     [95% Conf. Interval]
-------------+----------------------------------------------------------------
          b1 |  -22.46921   .1782674  -126.04   0.000    -22.82239   -22.11603
          b2 |   1863.324   1.376577  1353.59   0.000     1860.597    1866.052
          b3 |   2.193487   .1304214    16.82   0.000     1.935098    2.451875
------------------------------------------------------------------------------
* Parameter b1 taken as constant term in model & ANOVA table
 (SEs, P values, CIs, and correlations are asymptotic approximations)
