=============================================================================================================
Estimation for rail_freight and SRL, specification 2
=============================================================================================================
   
US parameters:
-------------------------------------------------------------------
elascoef1 = 2.022390940937841
elascoef2 = 2.022390940937841
trend     = .0095935190936967
-------------------------------------------------------------------
   
Model specification estimated:
( lnYtou = lnY + {b1} + (1.3-1)*ln(t-{b2=1945})*{b3=2.022390940937841} - (1-.3)*lnYpercap*2.022390940937841 + 
> .0095935190936967*t  ) 
-------------------------------------------------------------------
(obs = 21)

Iteration 0:  residual SS =  13510.99
Iteration 1:  residual SS =  11963.58
Iteration 2:  residual SS =  10515.39
Iteration 3:  residual SS =  9867.548
Iteration 4:  residual SS =  9255.608
Iteration 5:  cannot calculate derivatives
equation/system not identified
