=============================================================================================================
Estimation for rail_freight and SUD, specification 2
=============================================================================================================
   
US parameters:
-------------------------------------------------------------------
elascoef1 = 2.022390940937841
elascoef2 = 2.022390940937841
trend     = .0095935190936967
-------------------------------------------------------------------
   
Model specification estimated:
( lnYtou = lnY + {b1} + (1.3-1)*ln(t-{b2=1945})*{b3=2.022390940937841} - (1-.3)*lnYpercap*2.022390940937841 + 
> .0095935190936967*t  ) 
-------------------------------------------------------------------
(obs = 44)

Iteration 0:  residual SS =  23189.17
Iteration 1:  residual SS =  20409.58
Iteration 2:  residual SS =  17946.79
Iteration 3:  residual SS =  15776.46
Iteration 4:  residual SS =  13867.04
Iteration 5:  residual SS =  12188.07
Iteration 6:  residual SS =  10711.64
Iteration 7:  residual SS =   9411.13
Iteration 8:  residual SS =  8832.431
Iteration 9:  cannot calculate derivatives
equation/system not identified
