=============================================================================================================
Estimation for rail_freight and SWZ, specification 1
=============================================================================================================
   
US parameters:
-------------------------------------------------------------------
elascoef1 = 2.022390940937841
elascoef2 = 2.022390940937841
trend     = .0095935190936967
-------------------------------------------------------------------
   
Model specification estimated:
( lnYtou = lnY + {b1} + (1.3-1)*ln(t-{b2=1901})*2.022390940937841 - (1-.3)*lnYpercap*2.022390940937841 + .0095
> 935190936967*t  ) 
-------------------------------------------------------------------
(obs = 88)

Iteration 0:  residual SS =  36915.99
Iteration 1:  residual SS =  6.501419
Iteration 2:  residual SS =  6.219836
Iteration 3:  residual SS =  6.219718
Iteration 4:  residual SS =   6.21971

      Source |       SS       df       MS            Number of obs =        88
-------------+------------------------------         F(  1,    86) =    486.33
       Model |  35.1721224     1  35.1721224         Prob > F      =    0.0000
    Residual |  6.21970943    86  .072322203         R-squared     =    0.8497
-------------+------------------------------         Adj R-squared =    0.8480
       Total |  41.3918319    87  .475768182         Root MSE      =  .2689279
                                                     Res. dev.     =  16.56718

------------------------------------------------------------------------------
      lnYtou |      Coef.   Std. Err.      t    P>|t|     [95% Conf. Interval]
-------------+----------------------------------------------------------------
          b1 |  -20.57669   .0489919  -420.00   0.000    -20.67409    -20.4793
          b2 |   1895.604   2.515582   753.54   0.000     1890.603    1900.605
------------------------------------------------------------------------------
* Parameter b1 taken as constant term in model & ANOVA table
 (SEs, P values, CIs, and correlations are asymptotic approximations)
