=============================================================================================================
Estimation for rail_freight and TOG, specification 1
=============================================================================================================
   
US parameters:
-------------------------------------------------------------------
elascoef1 = 2.022390940937841
elascoef2 = 2.022390940937841
trend     = .0095935190936967
-------------------------------------------------------------------
   
Model specification estimated:
( lnYtou = lnY + {b1} + (1.3-1)*ln(t-{b2=1945})*2.022390940937841 - (1-.3)*lnYpercap*2.022390940937841 + .0095
> 935190936967*t  ) 
-------------------------------------------------------------------
(obs = 44)

Iteration 0:  residual SS =   29212.6
Iteration 1:  residual SS =  16.70275
Iteration 2:  residual SS =   14.9595
Iteration 3:  residual SS =  14.43074
Iteration 4:  residual SS =  14.17033
Iteration 5:  residual SS =  13.97697
Iteration 6:  residual SS =  13.95134
Iteration 7:  residual SS =  13.87858
Iteration 8:  residual SS =  13.87488
Iteration 9:  residual SS =  13.83089
Iteration 10:  residual SS =  13.80932
Iteration 11:  residual SS =  13.77589
Iteration 12:  residual SS =  13.74805
Iteration 13:  residual SS =   13.7268
Iteration 14:  residual SS =  13.71348
Iteration 15:  residual SS =  13.70986
Iteration 16:  residual SS =  13.69447
Iteration 17:  residual SS =  13.68117
Iteration 18:  residual SS =  13.67024
Iteration 19:  residual SS =  13.66204
Iteration 20:  residual SS =    13.657
Iteration 21:  residual SS =  13.65567
Iteration 22:  residual SS =  13.64767
Iteration 23:  residual SS =  13.64036
Iteration 24:  residual SS =  13.63381
Iteration 25:  residual SS =   13.6281
Iteration 26:  residual SS =  13.62332
Iteration 27:  residual SS =  13.61957
Iteration 28:  residual SS =  13.61698
Iteration 29:  residual SS =  13.61568
Iteration 30:  residual SS =  13.61133
Iteration 31:  residual SS =  13.60721
Iteration 32:  residual SS =  13.60331
Iteration 33:  residual SS =  13.59967
Iteration 34:  residual SS =  13.59629
Iteration 35:  residual SS =  13.59319
Iteration 36:  residual SS =   13.5904
Iteration 37:  residual SS =  13.58794
Iteration 38:  residual SS =  13.58583
Iteration 39:  residual SS =  13.58411
Iteration 40:  residual SS =  13.58281
Iteration 41:  residual SS =  13.58197
Iteration 42:  residual SS =  13.58162
Iteration 43:  residual SS =  13.57949
Iteration 44:  residual SS =  13.57743
Iteration 45:  residual SS =  13.57545
Iteration 46:  residual SS =  13.57356
Iteration 47:  residual SS =  13.57176
Iteration 48:  residual SS =  13.57005
Iteration 49:  residual SS =  13.56843

      Source |       SS       df       MS            Number of obs =        44
-------------+------------------------------         F(  1,    42) =      0.28
       Model |  .089944518     1  .089944518         Prob > F      =    0.6005
    Residual |  13.5669274    42  .323022081         R-squared     =    0.0066
-------------+------------------------------         Adj R-squared =   -0.0171
       Total |  13.6568719    43  .317601672         Root MSE      =  .5683503
                                                     Res. dev.     =  73.09819

------------------------------------------------------------------------------
      lnYtou |      Coef.   Std. Err.      t    P>|t|     [95% Conf. Interval]
-------------+----------------------------------------------------------------
          b1 |  -28.92962   14.05035    -2.06   0.046    -57.28437   -.5748635
          b2 |  -626.4492   59027.86    -0.01   0.992    -119749.5    118496.6
------------------------------------------------------------------------------
* Parameter b1 taken as constant term in model & ANOVA table
 (SEs, P values, CIs, and correlations are asymptotic approximations)
convergence not achieved
