=============================================================================================================
Estimation for rail_freight and TOG, specification 2
=============================================================================================================
   
US parameters:
-------------------------------------------------------------------
elascoef1 = 2.022390940937841
elascoef2 = 2.022390940937841
trend     = .0095935190936967
-------------------------------------------------------------------
   
Model specification estimated:
( lnYtou = lnY + {b1} + (1.3-1)*ln(t-{b2=1945})*{b3=2.022390940937841} - (1-.3)*lnYpercap*2.022390940937841 + 
> .0095935190936967*t  ) 
-------------------------------------------------------------------
(obs = 44)

Iteration 0:  residual SS =   29212.6
Iteration 1:  residual SS =  16.73436
Iteration 2:  residual SS =  12.17865
Iteration 3:  residual SS =  12.17344
Iteration 4:  residual SS =    12.172
Iteration 5:  residual SS =  12.16648
Iteration 6:  residual SS =  12.16168
Iteration 7:  residual SS =   12.1577
Iteration 8:  residual SS =  12.15465
Iteration 9:  residual SS =  12.15264
Iteration 10:  residual SS =  12.15184
Iteration 11:  residual SS =  12.14884
Iteration 12:  residual SS =  12.14604
Iteration 13:  residual SS =  12.14345
Iteration 14:  residual SS =  12.14109
Iteration 15:  residual SS =  12.13898
Iteration 16:  residual SS =  12.13714
Iteration 17:  residual SS =  12.13558
Iteration 18:  residual SS =  12.13434
Iteration 19:  residual SS =  12.13343
Iteration 20:  residual SS =  12.13289
Iteration 21:  residual SS =  12.13275
Iteration 22:  residual SS =  12.13127
Iteration 23:  residual SS =  12.12985
Iteration 24:  residual SS =   12.1285
Iteration 25:  residual SS =  12.12721
Iteration 26:  residual SS =  12.12598
Iteration 27:  residual SS =  12.12483
Iteration 28:  residual SS =  12.12376
Iteration 29:  residual SS =  12.12277
Iteration 30:  residual SS =  12.12185
Iteration 31:  residual SS =  12.12103
Iteration 32:  residual SS =   12.1203
Iteration 33:  residual SS =  12.11967
Iteration 34:  residual SS =  12.11913
Iteration 35:  residual SS =  12.11871
Iteration 36:  residual SS =   12.1184
Iteration 37:  residual SS =  12.11821
Iteration 38:  residual SS =  12.11815
Iteration 39:  residual SS =  12.11739
Iteration 40:  residual SS =  12.11665
Iteration 41:  residual SS =  12.11593
Iteration 42:  residual SS =  12.11523
Iteration 43:  residual SS =  12.11455
Iteration 44:  residual SS =  12.11389
Iteration 45:  residual SS =  12.11325
Iteration 46:  residual SS =  12.11263
Iteration 47:  residual SS =  12.11204
Iteration 48:  residual SS =  12.11146
Iteration 49:  residual SS =  12.11091

      Source |       SS       df       MS            Number of obs =        44
-------------+------------------------------         F(  2,    41) =      2.62
       Model |  1.54649015     2  .773245073         Prob > F      =    0.0851
    Residual |  12.1103818    41  .295375165         R-squared     =    0.1132
-------------+------------------------------         Adj R-squared =    0.0700
       Total |  13.6568719    43  .317601672         Root MSE      =  .5434843
                                                     Res. dev.     =  68.10102

------------------------------------------------------------------------------
      lnYtou |      Coef.   Std. Err.      t    P>|t|     [95% Conf. Interval]
-------------+----------------------------------------------------------------
          b1 |  -38.25414   831.8325    -0.05   0.964    -1718.174    1641.666
          b2 |   1616.143   17329.01     0.09   0.926     -33380.5    36612.78
          b3 |   8.263525   403.9784     0.02   0.984    -807.5875    824.1145
------------------------------------------------------------------------------
* Parameter b1 taken as constant term in model & ANOVA table
 (SEs, P values, CIs, and correlations are asymptotic approximations)
convergence not achieved
