=============================================================================================================
Estimation for rail_freight and TUN, specification 1
=============================================================================================================
   
US parameters:
-------------------------------------------------------------------
elascoef1 = 2.022390940937841
elascoef2 = 2.022390940937841
trend     = .0095935190936967
-------------------------------------------------------------------
   
Model specification estimated:
( lnYtou = lnY + {b1} + (1.3-1)*ln(t-{b2=1945})*2.022390940937841 - (1-.3)*lnYpercap*2.022390940937841 + .0095
> 935190936967*t  ) 
-------------------------------------------------------------------
(obs = 44)

Iteration 0:  residual SS =  21172.95
Iteration 1:  residual SS =   2.11484
Iteration 2:  residual SS =  .9210298
Iteration 3:  residual SS =  .4732903
Iteration 4:  residual SS =  .3129801
Iteration 5:  residual SS =  .2945103
Iteration 6:  residual SS =  .2942927
Iteration 7:  residual SS =  .2942927

      Source |       SS       df       MS            Number of obs =        44
-------------+------------------------------         F(  1,    42) =    562.97
       Model |  3.94470428     1  3.94470428         Prob > F      =    0.0000
    Residual |  .294292666    42  .007006968         R-squared     =    0.9306
-------------+------------------------------         Adj R-squared =    0.9289
       Total |  4.23899694    43  .098581324         Root MSE      =  .0837076
                                                     Res. dev.     =  -95.4577

------------------------------------------------------------------------------
      lnYtou |      Coef.   Std. Err.      t    P>|t|     [95% Conf. Interval]
-------------+----------------------------------------------------------------
          b1 |  -22.92267   .1150653  -199.21   0.000    -23.15488   -22.69046
          b2 |    1854.74   21.74707    85.29   0.000     1810.852    1898.627
------------------------------------------------------------------------------
* Parameter b1 taken as constant term in model & ANOVA table
 (SEs, P values, CIs, and correlations are asymptotic approximations)
