=============================================================================================================
Estimation for rail_freight and URG, specification 2
=============================================================================================================
   
US parameters:
-------------------------------------------------------------------
elascoef1 = 2.022390940937841
elascoef2 = 2.022390940937841
trend     = .0095935190936967
-------------------------------------------------------------------
   
Model specification estimated:
( lnYtou = lnY + {b1} + (1.3-1)*ln(t-{b2=1923})*{b3=2.022390940937841} - (1-.3)*lnYpercap*2.022390940937841 + 
> .0095935190936967*t  ) 
-------------------------------------------------------------------
(obs = 53)

Iteration 0:  residual SS =   26585.5
Iteration 1:  residual SS =  20407.36
Iteration 2:  residual SS =  15637.97
Iteration 3:  residual SS =  13744.97
Iteration 4:  residual SS =  12076.03
Iteration 5:  cannot calculate derivatives
equation/system not identified
