=============================================================================================================
Estimation for rail_freight and YUG, specification 1
=============================================================================================================
   
US parameters:
-------------------------------------------------------------------
elascoef1 = 2.022390940937841
elascoef2 = 2.022390940937841
trend     = .0095935190936967
-------------------------------------------------------------------
   
Model specification estimated:
( lnYtou = lnY + {b1} + (1.3-1)*ln(t-{b2=1917})*2.022390940937841 - (1-.3)*lnYpercap*2.022390940937841 + .0095
> 935190936967*t  ) 
-------------------------------------------------------------------
(obs = 61)

Iteration 0:  residual SS =  27037.88
Iteration 1:  residual SS =  15166.34
Iteration 2:  residual SS =  6.664621
Iteration 3:  residual SS =  6.306197
Iteration 4:  residual SS =  6.303174
Iteration 5:  residual SS =  6.302998
Iteration 6:  residual SS =  6.302973

      Source |       SS       df       MS            Number of obs =        61
-------------+------------------------------         F(  1,    59) =    356.30
       Model |  38.0632462     1  38.0632462         Prob > F      =    0.0000
    Residual |  6.30296967    59  .106829994         R-squared     =    0.8579
-------------+------------------------------         Adj R-squared =    0.8555
       Total |  44.3662158    60  .739436931         Root MSE      =  .3268486
                                                     Res. dev.     =  34.64947

------------------------------------------------------------------------------
      lnYtou |      Coef.   Std. Err.      t    P>|t|     [95% Conf. Interval]
-------------+----------------------------------------------------------------
          b1 |  -20.93631   .0480205  -435.99   0.000     -21.0324   -20.84023
          b2 |   1920.736   .5780441  3322.82   0.000     1919.579    1921.892
------------------------------------------------------------------------------
* Parameter b1 taken as constant term in model & ANOVA table
 (SEs, P values, CIs, and correlations are asymptotic approximations)
