=============================================================================================================
Estimation for rail_freight and ZAM, specification 2
=============================================================================================================
   
US parameters:
-------------------------------------------------------------------
elascoef1 = 2.022390940937841
elascoef2 = 2.022390940937841
trend     = .0095935190936967
-------------------------------------------------------------------
   
Model specification estimated:
( lnYtou = lnY + {b1} + (1.3-1)*ln(t-{b2=1964})*{b3=2.022390940937841} - (1-.3)*lnYpercap*2.022390940937841 + 
> .0095935190936967*t  ) 
-------------------------------------------------------------------
(obs = 22)

Iteration 0:  residual SS =   11064.5
Iteration 1:  residual SS =  9742.831
Iteration 2:  residual SS =  8570.203
Iteration 3:  residual SS =  7534.378
Iteration 4:  residual SS =  5760.779
Iteration 5:  residual SS =  5062.749
Iteration 6:  residual SS =  4448.973
Iteration 7:  cannot calculate derivatives
equation/system not identified
