=============================================================================================================
Estimation for Aviation_freight and ALG, specification 1
=============================================================================================================
   
US parameters:
-------------------------------------------------------------------
elascoef1 = 4.716060423565893
elascoef2 = 4.716060423565893
trend     = .1544685281312922
-------------------------------------------------------------------
   
Model specification estimated:
( lnYtou = lnY + {b1} + (1.3-1)*ln(t-{b2=1957})*4.716060423565893 - (1-.3)*lnYpercap*4.716060423565893 + .1544
> 685281312922*t  ) 
-------------------------------------------------------------------
(obs = 28)

Iteration 0:  residual SS =   2775849
Iteration 1:  residual SS =  141.2157
Iteration 2:  residual SS =  115.7173
Iteration 3:  residual SS =   112.906
Iteration 4:  residual SS =  111.9268
Iteration 5:  residual SS =  111.0549
Iteration 6:  residual SS =  111.0523
Iteration 7:  residual SS =  110.6751
Iteration 8:  residual SS =  110.6235
Iteration 9:  residual SS =  110.3479
Iteration 10:  residual SS =  110.1633
Iteration 11:  residual SS =  110.0933
Iteration 12:  residual SS =  109.9191
Iteration 13:  residual SS =  109.7704
Iteration 14:  residual SS =  109.6515
Iteration 15:  residual SS =  109.5675
Iteration 16:  residual SS =  109.5253
Iteration 17:  residual SS =  109.4291
Iteration 18:  residual SS =  109.3412
Iteration 19:  residual SS =   109.262
Iteration 20:  residual SS =  109.1927
Iteration 21:  residual SS =  109.1343
Iteration 22:  residual SS =  109.0883
Iteration 23:  residual SS =  109.0564
Iteration 24:  residual SS =  109.0403
Iteration 25:  residual SS =  108.9919
Iteration 26:  residual SS =  108.9461
Iteration 27:  residual SS =  108.9033
Iteration 28:  residual SS =  108.8636
Iteration 29:  residual SS =  108.8274
Iteration 30:  residual SS =  108.7948
Iteration 31:  residual SS =  108.7663
Iteration 32:  residual SS =  108.7422
Iteration 33:  residual SS =  108.7228
Iteration 34:  residual SS =  108.7088
Iteration 35:  residual SS =  108.7005
Iteration 36:  residual SS =  108.6987
Iteration 37:  residual SS =  108.6754
Iteration 38:  residual SS =  108.6532
Iteration 39:  residual SS =   108.632
Iteration 40:  residual SS =   108.612
Iteration 41:  residual SS =  108.5931
Iteration 42:  residual SS =  108.5755
Iteration 43:  residual SS =  108.5592
Iteration 44:  residual SS =  108.5443
Iteration 45:  residual SS =   108.531
Iteration 46:  residual SS =  108.5192
Iteration 47:  residual SS =  108.5092
Iteration 48:  residual SS =   108.501
Iteration 49:  residual SS =  108.4947

      Source |       SS       df       MS            Number of obs =        28
-------------+------------------------------         F(  1,    26) =    -21.14
       Model | -88.1988289     1 -88.1988289         Prob > F      =    1.0000
    Residual |   108.49053    26  4.17271269         R-squared     =   -4.3465
-------------+------------------------------         Adj R-squared =   -4.5522
       Total |   20.291701    27  .751544481         Root MSE      =  2.042722
                                                     Res. dev.     =  117.3854

------------------------------------------------------------------------------
      lnYtou |      Coef.   Std. Err.      t    P>|t|     [95% Conf. Interval]
-------------+----------------------------------------------------------------
          b1 |  -324.9471   61.68148    -5.27   0.000    -451.7352    -198.159
          b2 |  -3438.604   230324.7    -0.01   0.988    -476877.9    470000.7
------------------------------------------------------------------------------
* Parameter b1 taken as constant term in model & ANOVA table
 (SEs, P values, CIs, and correlations are asymptotic approximations)
convergence not achieved
