=============================================================================================================
Estimation for Aviation_freight and ARG, specification 2
=============================================================================================================
   
US parameters:
-------------------------------------------------------------------
elascoef1 = 4.716060423565893
elascoef2 = 4.716060423565893
trend     = .1544685281312922
-------------------------------------------------------------------
   
Model specification estimated:
( lnYtou = lnY + {b1} + (1.3-1)*ln(t-{b2=1945})*{b3=4.716060423565893} - (1-.3)*lnYpercap*4.716060423565893 + 
> .1544685281312922*t  ) 
-------------------------------------------------------------------
(obs = 42)

Iteration 0:  residual SS =   4060870
Iteration 1:  residual SS =   4029704
Iteration 2:  residual SS =   1008732
Iteration 3:  residual SS =  772336.2
Iteration 4:  residual SS =  591331.6
Iteration 5:  residual SS =  519726.1
Iteration 6:  residual SS =  456784.4
Iteration 7:  residual SS =  428678.9
Iteration 8:  cannot calculate derivatives
equation/system not identified
