=============================================================================================================
Estimation for Aviation_freight and AUS, specification 1
=============================================================================================================
   
US parameters:
-------------------------------------------------------------------
elascoef1 = 4.716060423565893
elascoef2 = 4.716060423565893
trend     = .1544685281312922
-------------------------------------------------------------------
   
Model specification estimated:
( lnYtou = lnY + {b1} + (1.3-1)*ln(t-{b2=1953})*4.716060423565893 - (1-.3)*lnYpercap*4.716060423565893 + .1544
> 685281312922*t  ) 
-------------------------------------------------------------------
(obs = 34)

Iteration 0:  residual SS =   3285924
Iteration 1:  residual SS =   3083581
Iteration 2:  residual SS =  6.793174
Iteration 3:  residual SS =  5.359746
Iteration 4:  residual SS =  5.094223
Iteration 5:  residual SS =  5.066054
Iteration 6:  residual SS =  5.064025
Iteration 7:  residual SS =    5.0639

      Source |       SS       df       MS            Number of obs =        34
-------------+------------------------------         F(  1,    32) =    456.78
       Model |  72.2839891     1  72.2839891         Prob > F      =    0.0000
    Residual |  5.06389256    32  .158246642         R-squared     =    0.9345
-------------+------------------------------         Adj R-squared =    0.9325
       Total |  77.3478816    33   2.3438752         Root MSE      =  .3978023
                                                     Res. dev.     =  31.74417

------------------------------------------------------------------------------
      lnYtou |      Coef.   Std. Err.      t    P>|t|     [95% Conf. Interval]
-------------+----------------------------------------------------------------
          b1 |  -310.8207   .1174169 -2647.15   0.000    -311.0599   -310.5815
          b2 |   1953.616   1.008827  1936.52   0.000     1951.561    1955.671
------------------------------------------------------------------------------
* Parameter b1 taken as constant term in model & ANOVA table
 (SEs, P values, CIs, and correlations are asymptotic approximations)
