=============================================================================================================
Estimation for Aviation_freight and BAN, specification 1
=============================================================================================================
   
US parameters:
-------------------------------------------------------------------
elascoef1 = 4.716060423565893
elascoef2 = 4.716060423565893
trend     = .1544685281312922
-------------------------------------------------------------------
   
Model specification estimated:
( lnYtou = lnY + {b1} + (1.3-1)*ln(t-{b2=1968})*4.716060423565893 - (1-.3)*lnYpercap*4.716060423565893 + .1544
> 685281312922*t  ) 
-------------------------------------------------------------------
(obs = 18)

Iteration 0:  residual SS =   1834793
Iteration 1:  residual SS =   1423901
Iteration 2:  residual SS =  4.203863
Iteration 3:  residual SS =   3.50319
Iteration 4:  residual SS =  3.351521
Iteration 5:  residual SS =  3.334262
Iteration 6:  residual SS =  3.333238
Iteration 7:  residual SS =   3.33319

      Source |       SS       df       MS            Number of obs =        18
-------------+------------------------------         F(  1,    16) =    115.11
       Model |  23.9811521     1  23.9811521         Prob > F      =    0.0000
    Residual |  3.33318763    16  .208324227         R-squared     =    0.8780
-------------+------------------------------         Adj R-squared =    0.8703
       Total |  27.3143398    17  1.60672587         Root MSE      =  .4564255
                                                     Res. dev.     =  20.72582

------------------------------------------------------------------------------
      lnYtou |      Coef.   Std. Err.      t    P>|t|     [95% Conf. Interval]
-------------+----------------------------------------------------------------
          b1 |  -319.7901   .3647628  -876.71   0.000    -320.5633   -319.0168
          b2 |   1962.843   4.212433   465.96   0.000     1953.913    1971.773
------------------------------------------------------------------------------
* Parameter b1 taken as constant term in model & ANOVA table
 (SEs, P values, CIs, and correlations are asymptotic approximations)
