=============================================================================================================
Estimation for Aviation_freight and BAN, specification 2
=============================================================================================================
   
US parameters:
-------------------------------------------------------------------
elascoef1 = 4.716060423565893
elascoef2 = 4.716060423565893
trend     = .1544685281312922
-------------------------------------------------------------------
   
Model specification estimated:
( lnYtou = lnY + {b1} + (1.3-1)*ln(t-{b2=1968})*{b3=4.716060423565893} - (1-.3)*lnYpercap*4.716060423565893 + 
> .1544685281312922*t  ) 
-------------------------------------------------------------------
(obs = 18)

Iteration 0:  residual SS =   1834793
Iteration 1:  residual SS =   1807243
Iteration 2:  residual SS =  451811.1
Iteration 3:  residual SS =  112950.3
Iteration 4:  residual SS =  1.384054
Iteration 5:  residual SS =  1.379021
Iteration 6:  residual SS =  1.378816
Iteration 7:  residual SS =  1.378815

      Source |       SS       df       MS            Number of obs =        18
-------------+------------------------------         F(  2,    15) =    141.08
       Model |  25.9355249     2  12.9677624         Prob > F      =    0.0000
    Residual |  1.37881492    15  .091920994         R-squared     =    0.9495
-------------+------------------------------         Adj R-squared =    0.9428
       Total |  27.3143398    17  1.60672587         Root MSE      =  .3031848
                                                     Res. dev.     =  4.837134

------------------------------------------------------------------------------
      lnYtou |      Coef.   Std. Err.      t    P>|t|     [95% Conf. Interval]
-------------+----------------------------------------------------------------
          b1 |  -316.1743   .2058948 -1535.61   0.000    -316.6132   -315.7355
          b2 |   1972.992   .0198584        .   0.000     1972.949    1973.034
          b3 |   .9712728   .3229206     3.01   0.009     .2829838    1.659562
------------------------------------------------------------------------------
* Parameter b1 taken as constant term in model & ANOVA table
 (SEs, P values, CIs, and correlations are asymptotic approximations)
