=============================================================================================================
Estimation for Aviation_freight and BKF, specification 1
=============================================================================================================
   
US parameters:
-------------------------------------------------------------------
elascoef1 = 4.716060423565893
elascoef2 = 4.716060423565893
trend     = .1544685281312922
-------------------------------------------------------------------
   
Model specification estimated:
( lnYtou = lnY + {b1} + (1.3-1)*ln(t-{b2=1958})*4.716060423565893 - (1-.3)*lnYpercap*4.716060423565893 + .1544
> 685281312922*t  ) 
-------------------------------------------------------------------
(obs = 28)

Iteration 0:  residual SS =   2806192
Iteration 1:  residual SS =   2465579
Iteration 2:  residual SS =  48.65875
Iteration 3:  residual SS =  37.30729
Iteration 4:  residual SS =  34.58324
Iteration 5:  residual SS =  32.96225
Iteration 6:  residual SS =  32.31326
Iteration 7:  residual SS =  31.81106
Iteration 8:  residual SS =  31.40023
Iteration 9:  residual SS =  31.10576
Iteration 10:  residual SS =  30.96971
Iteration 11:  residual SS =  30.78835
Iteration 12:  residual SS =  30.65344
Iteration 13:  residual SS =  30.57785
Iteration 14:  residual SS =   30.4747
Iteration 15:  residual SS =  30.38549
Iteration 16:  residual SS =  30.31276
Iteration 17:  residual SS =  30.25974
Iteration 18:  residual SS =  30.23067
Iteration 19:  residual SS =  30.17875
Iteration 20:  residual SS =  30.13165
Iteration 21:  residual SS =  30.08998
Iteration 22:  residual SS =  30.05448
Iteration 23:  residual SS =  30.02603
Iteration 24:  residual SS =   30.0057
Iteration 25:  residual SS =   29.9948
Iteration 26:  residual SS =  29.96876
Iteration 27:  residual SS =  29.94439
Iteration 28:  residual SS =  29.92185
Iteration 29:  residual SS =  29.90132
Iteration 30:  residual SS =  29.88298
Iteration 31:  residual SS =  29.86706
Iteration 32:  residual SS =  29.85381
Iteration 33:  residual SS =  29.84354
Iteration 34:  residual SS =  29.83657
Iteration 35:  residual SS =  29.83331
Iteration 36:  residual SS =  29.82048
Iteration 37:  residual SS =  29.80825
Iteration 38:  residual SS =  29.79666
Iteration 39:  residual SS =  29.78575
Iteration 40:  residual SS =  29.77557
Iteration 41:  residual SS =  29.76617
Iteration 42:  residual SS =  29.75761
Iteration 43:  residual SS =  29.74994
Iteration 44:  residual SS =  29.74324
Iteration 45:  residual SS =  29.73758
Iteration 46:  residual SS =  29.73304
Iteration 47:  residual SS =  29.72973
Iteration 48:  residual SS =  29.72773
Iteration 49:  residual SS =  29.72717

      Source |       SS       df       MS            Number of obs =        28
-------------+------------------------------         F(  1,    26) =    -14.55
       Model | -16.6271807     1 -16.6271807         Prob > F      =    1.0000
    Residual |  29.7208907    26  1.14311118         R-squared     =   -1.2699
-------------+------------------------------         Adj R-squared =   -1.3572
       Total |    13.09371    27  .484952222         Root MSE      =  1.069164
                                                     Res. dev.     =  81.13064

------------------------------------------------------------------------------
      lnYtou |      Coef.   Std. Err.      t    P>|t|     [95% Conf. Interval]
-------------+----------------------------------------------------------------
          b1 |  -323.1319   8.014547   -40.32   0.000     -339.606   -306.6577
          b2 |   881.3603   6112.255     0.14   0.886    -11682.56    13445.28
------------------------------------------------------------------------------
* Parameter b1 taken as constant term in model & ANOVA table
 (SEs, P values, CIs, and correlations are asymptotic approximations)
convergence not achieved
