=============================================================================================================
Estimation for Aviation_freight and BLG, specification 2
=============================================================================================================
   
US parameters:
-------------------------------------------------------------------
elascoef1 = 4.716060423565893
elascoef2 = 4.716060423565893
trend     = .1544685281312922
-------------------------------------------------------------------
   
Model specification estimated:
( lnYtou = lnY + {b1} + (1.3-1)*ln(t-{b2=1940})*{b3=4.716060423565893} - (1-.3)*lnYpercap*4.716060423565893 + 
> .1544685281312922*t  ) 
-------------------------------------------------------------------
(obs = 47)

Iteration 0:  residual SS =   4463799
Iteration 1:  residual SS =   4429417
Iteration 2:  residual SS =   3391267
Iteration 3:  residual SS =   1906938
Iteration 4:  residual SS =  6.331751
Iteration 5:  residual SS =  6.329584
Iteration 6:  residual SS =  6.329577

      Source |       SS       df       MS            Number of obs =        47
-------------+------------------------------         F(  2,    44) =    610.52
       Model |  175.651103     2  87.8255516         Prob > F      =    0.0000
    Residual |  6.32957705    44  .143854024         R-squared     =    0.9652
-------------+------------------------------         Adj R-squared =    0.9636
       Total |   181.98068    46  3.95610174         Root MSE      =  .3792809
                                                     Res. dev.     =  39.14926

------------------------------------------------------------------------------
      lnYtou |      Coef.   Std. Err.      t    P>|t|     [95% Conf. Interval]
-------------+----------------------------------------------------------------
          b1 |  -305.6608    .199078 -1535.38   0.000     -306.062   -305.2596
          b2 |   1944.978   .0176263        .   0.000     1944.943    1945.014
          b3 |   2.393705   .2189118    10.93   0.000     1.952517    2.834893
------------------------------------------------------------------------------
* Parameter b1 taken as constant term in model & ANOVA table
 (SEs, P values, CIs, and correlations are asymptotic approximations)
