=============================================================================================================
Estimation for Aviation_freight and BLG, specification 1
=============================================================================================================
   
US parameters:
-------------------------------------------------------------------
elascoef1 = 4.716060423565893
elascoef2 = 4.716060423565893
trend     = .1544685281312922
-------------------------------------------------------------------
   
Model specification estimated:
( lnYtou = lnY + {b1} + (1.3-1)*ln(t-{b2=1940})*4.716060423565893 - (1-.3)*lnYpercap*4.716060423565893 + .1544
> 685281312922*t  ) 
-------------------------------------------------------------------
(obs = 47)

Iteration 0:  residual SS =   4463799
Iteration 1:  residual SS =   4325641
Iteration 2:  residual SS =  16.17087
Iteration 3:  residual SS =  16.11483
Iteration 4:  residual SS =  16.09927
Iteration 5:  residual SS =  16.09527
Iteration 6:  residual SS =  16.09428
Iteration 7:  residual SS =  16.09404

      Source |       SS       df       MS            Number of obs =        47
-------------+------------------------------         F(  1,    45) =    463.83
       Model |  165.886703     1  165.886703         Prob > F      =    0.0000
    Residual |  16.0939772    45  .357643937         R-squared     =    0.9116
-------------+------------------------------         Adj R-squared =    0.9096
       Total |   181.98068    46  3.95610174         Root MSE      =  .5980334
                                                     Res. dev.     =  83.01021

------------------------------------------------------------------------------
      lnYtou |      Coef.   Std. Err.      t    P>|t|     [95% Conf. Interval]
-------------+----------------------------------------------------------------
          b1 |  -307.9999   .1218123 -2528.48   0.000    -308.2452   -307.7545
          b2 |   1942.193    .923464  2103.16   0.000     1940.333    1944.053
------------------------------------------------------------------------------
* Parameter b1 taken as constant term in model & ANOVA table
 (SEs, P values, CIs, and correlations are asymptotic approximations)
