=============================================================================================================
Estimation for Aviation_freight and BOL, specification 2
=============================================================================================================
   
US parameters:
-------------------------------------------------------------------
elascoef1 = 4.716060423565893
elascoef2 = 4.716060423565893
trend     = .1544685281312922
-------------------------------------------------------------------
   
Model specification estimated:
( lnYtou = lnY + {b1} + (1.3-1)*ln(t-{b2=1948})*{b3=4.716060423565893} - (1-.3)*lnYpercap*4.716060423565893 + 
> .1544685281312922*t  ) 
-------------------------------------------------------------------
(obs = 37)

Iteration 0:  residual SS =   3646865
Iteration 1:  residual SS =   3590499
Iteration 2:  residual SS =   2019507
Iteration 3:  residual SS =   1895267
Iteration 4:  cannot calculate derivatives
equation/system not identified
