=============================================================================================================
Estimation for Aviation_freight and BRA, specification 1
=============================================================================================================
   
US parameters:
-------------------------------------------------------------------
elascoef1 = 4.716060423565893
elascoef2 = 4.716060423565893
trend     = .1544685281312922
-------------------------------------------------------------------
   
Model specification estimated:
( lnYtou = lnY + {b1} + (1.3-1)*ln(t-{b2=1928})*4.716060423565893 - (1-.3)*lnYpercap*4.716060423565893 + .1544
> 685281312922*t  ) 
-------------------------------------------------------------------
(obs = 57)

Iteration 0:  residual SS =   5586352
Iteration 1:  residual SS =   5406301
Iteration 2:  residual SS =  36.59708
Iteration 3:  residual SS =  29.63801
Iteration 4:  residual SS =  27.82462
Iteration 5:  residual SS =  27.57824
Iteration 6:  residual SS =  27.55822
Iteration 7:  residual SS =  27.55696
Iteration 8:  residual SS =  27.55688

      Source |       SS       df       MS            Number of obs =        57
-------------+------------------------------         F(  1,    55) =    740.91
       Model |    371.2229     1    371.2229         Prob > F      =    0.0000
    Residual |  27.5568788    55  .501034159         R-squared     =    0.9309
-------------+------------------------------         Adj R-squared =    0.9296
       Total |  398.779779    56  7.12106748         Root MSE      =  .7078377
                                                     Res. dev.     =  120.3314

------------------------------------------------------------------------------
      lnYtou |      Coef.   Std. Err.      t    P>|t|     [95% Conf. Interval]
-------------+----------------------------------------------------------------
          b1 |    -313.09   .1463745 -2138.97   0.000    -313.3834   -312.7967
          b2 |   1927.494   1.843431  1045.60   0.000     1923.799    1931.188
------------------------------------------------------------------------------
* Parameter b1 taken as constant term in model & ANOVA table
 (SEs, P values, CIs, and correlations are asymptotic approximations)
