=============================================================================================================
Estimation for Aviation_freight and CAM, specification 1
=============================================================================================================
   
US parameters:
-------------------------------------------------------------------
elascoef1 = 4.716060423565893
elascoef2 = 4.716060423565893
trend     = .1544685281312922
-------------------------------------------------------------------
   
Model specification estimated:
( lnYtou = lnY + {b1} + (1.3-1)*ln(t-{b2=1958})*4.716060423565893 - (1-.3)*lnYpercap*4.716060423565893 + .1544
> 685281312922*t  ) 
-------------------------------------------------------------------
(obs = 26)

Iteration 0:  residual SS =   2591039
Iteration 1:  residual SS =   2290242
Iteration 2:  residual SS =  34.89649
Iteration 3:  residual SS =  29.86353
Iteration 4:  residual SS =  29.62141
Iteration 5:  residual SS =  28.57681
Iteration 6:  residual SS =  28.19875
Iteration 7:  residual SS =  27.85628
Iteration 8:  residual SS =  27.80065
Iteration 9:  residual SS =  27.64609
Iteration 10:  residual SS =  27.59987
Iteration 11:  residual SS =  27.49674
Iteration 12:  residual SS =  27.42529
Iteration 13:  residual SS =  27.39344
Iteration 14:  residual SS =  27.33284
Iteration 15:  residual SS =  27.28164
Iteration 16:  residual SS =  27.24138
Iteration 17:  residual SS =  27.21404
Iteration 18:  residual SS =  27.20219
Iteration 19:  residual SS =  27.17137
Iteration 20:  residual SS =  27.14371
Iteration 21:  residual SS =  27.11958
Iteration 22:  residual SS =  27.09941
Iteration 23:  residual SS =  27.08373
Iteration 24:  residual SS =  27.07319
Iteration 25:  residual SS =  27.06856
Iteration 26:  residual SS =  27.05288
Iteration 27:  residual SS =  27.03827
Iteration 28:  residual SS =  27.02481
Iteration 29:  residual SS =   27.0126
Iteration 30:  residual SS =  27.00176
Iteration 31:  residual SS =  26.99241
Iteration 32:  residual SS =  26.98471
Iteration 33:  residual SS =  26.97882
Iteration 34:  residual SS =  26.97494
Iteration 35:  residual SS =   26.9733
Iteration 36:  residual SS =  26.96543
Iteration 37:  residual SS =  26.95791
Iteration 38:  residual SS =  26.95079
Iteration 39:  residual SS =  26.94407
Iteration 40:  residual SS =   26.9378
Iteration 41:  residual SS =  26.93198
Iteration 42:  residual SS =  26.92667
Iteration 43:  residual SS =  26.92188
Iteration 44:  residual SS =  26.91767
Iteration 45:  residual SS =  26.91407
Iteration 46:  residual SS =  26.91112
Iteration 47:  residual SS =  26.90888
Iteration 48:  residual SS =   26.9074
Iteration 49:  residual SS =  26.90676

      Source |       SS       df       MS            Number of obs =        26
-------------+------------------------------         F(  1,    24) =     -1.48
       Model |  -1.6615419     1  -1.6615419         Prob > F      =    1.0000
    Residual |  26.9027796    24  1.12094915         R-squared     =   -0.0658
-------------+------------------------------         Adj R-squared =   -0.1102
       Total |  25.2412377    25  1.00964951         Root MSE      =  1.058749
                                                     Res. dev.     =  74.67226

------------------------------------------------------------------------------
      lnYtou |      Coef.   Std. Err.      t    P>|t|     [95% Conf. Interval]
-------------+----------------------------------------------------------------
          b1 |  -322.3738   28.87817   -11.16   0.000    -381.9754   -262.7722
          b2 |   646.8208    26738.7     0.02   0.981    -54539.14    55832.78
------------------------------------------------------------------------------
* Parameter b1 taken as constant term in model & ANOVA table
 (SEs, P values, CIs, and correlations are asymptotic approximations)
convergence not achieved
