=============================================================================================================
Estimation for Aviation_freight and CAN, specification 1
=============================================================================================================
   
US parameters:
-------------------------------------------------------------------
elascoef1 = 4.716060423565893
elascoef2 = 4.716060423565893
trend     = .1544685281312922
-------------------------------------------------------------------
   
Model specification estimated:
( lnYtou = lnY + {b1} + (1.3-1)*ln(t-{b2=1931})*4.716060423565893 - (1-.3)*lnYpercap*4.716060423565893 + .1544
> 685281312922*t  ) 
-------------------------------------------------------------------
(obs = 56)

Iteration 0:  residual SS =   5321779
Iteration 1:  residual SS =  1577.487
Iteration 2:  residual SS =  11.53379
Iteration 3:  residual SS =   9.27423
Iteration 4:  residual SS =  9.235808
Iteration 5:  residual SS =  9.235688

      Source |       SS       df       MS            Number of obs =        56
-------------+------------------------------         F(  1,    54) =   1755.10
       Model |  300.176897     1  300.176897         Prob > F      =    0.0000
    Residual |  9.23568788    54  .171031257         R-squared     =    0.9702
-------------+------------------------------         Adj R-squared =    0.9696
       Total |  309.412585    55  5.62568337         Root MSE      =  .4135593
                                                     Res. dev.     =  57.99363

------------------------------------------------------------------------------
      lnYtou |      Coef.   Std. Err.      t    P>|t|     [95% Conf. Interval]
-------------+----------------------------------------------------------------
          b1 |  -308.9915   .1518654 -2034.64   0.000     -309.296   -308.6871
          b2 |   1914.957   4.256503   449.89   0.000     1906.424    1923.491
------------------------------------------------------------------------------
* Parameter b1 taken as constant term in model & ANOVA table
 (SEs, P values, CIs, and correlations are asymptotic approximations)
