=============================================================================================================
Estimation for Aviation_freight and CHD, specification 2
=============================================================================================================
   
US parameters:
-------------------------------------------------------------------
elascoef1 = 4.716060423565893
elascoef2 = 4.716060423565893
trend     = .1544685281312922
-------------------------------------------------------------------
   
Model specification estimated:
( lnYtou = lnY + {b1} + (1.3-1)*ln(t-{b2=1958})*{b3=4.716060423565893} - (1-.3)*lnYpercap*4.716060423565893 + 
> .1544685281312922*t  ) 
-------------------------------------------------------------------
(obs = 27)

Iteration 0:  residual SS =   2717791
Iteration 1:  residual SS =   2697115
Iteration 2:  residual SS =   2065756
Iteration 3:  residual SS =   1581530
Iteration 4:  cannot calculate derivatives
equation/system not identified
