=============================================================================================================
Estimation for Aviation_freight and CHN, specification 2
=============================================================================================================
   
US parameters:
-------------------------------------------------------------------
elascoef1 = 4.716060423565893
elascoef2 = 4.716060423565893
trend     = .1544685281312922
-------------------------------------------------------------------
   
Model specification estimated:
( lnYtou = lnY + {b1} + (1.3-1)*ln(t-{b2=1945})*{b3=4.716060423565893} - (1-.3)*lnYpercap*4.716060423565893 + 
> .1544685281312922*t  ) 
-------------------------------------------------------------------
(obs = 42)

Iteration 0:  residual SS =   4271381
Iteration 1:  residual SS =   4238580
Iteration 2:  residual SS =  16.56598
Iteration 3:  residual SS =  16.42449
Iteration 4:  residual SS =  16.38045
Iteration 5:  residual SS =  16.37872
Iteration 6:  residual SS =  16.37869
Iteration 7:  residual SS =  16.37869
Iteration 8:  residual SS =  16.37869

      Source |       SS       df       MS            Number of obs =        42
-------------+------------------------------         F(  2,    39) =    130.72
       Model |  109.792172     2  54.8960858         Prob > F      =    0.0000
    Residual |  16.3786912    39  .419966442         R-squared     =    0.8702
-------------+------------------------------         Adj R-squared =    0.8635
       Total |  126.170863    41  3.07733812         Root MSE      =  .6480482
                                                     Res. dev.     =  79.63992

------------------------------------------------------------------------------
      lnYtou |      Coef.   Std. Err.      t    P>|t|     [95% Conf. Interval]
-------------+----------------------------------------------------------------
          b1 |  -315.6888   .4432631  -712.19   0.000    -316.5854   -314.7922
          b2 |   1949.749   .5835735  3341.05   0.000     1948.568    1950.929
          b3 |   1.425498   .4866451     2.93   0.006     .4411652    2.409831
------------------------------------------------------------------------------
* Parameter b1 taken as constant term in model & ANOVA table
 (SEs, P values, CIs, and correlations are asymptotic approximations)
