=============================================================================================================
Estimation for Aviation_freight and COS, specification 2
=============================================================================================================
   
US parameters:
-------------------------------------------------------------------
elascoef1 = 4.716060423565893
elascoef2 = 4.716060423565893
trend     = .1544685281312922
-------------------------------------------------------------------
   
Model specification estimated:
( lnYtou = lnY + {b1} + (1.3-1)*ln(t-{b2=1954})*{b3=4.716060423565893} - (1-.3)*lnYpercap*4.716060423565893 + 
> .1544685281312922*t  ) 
-------------------------------------------------------------------
(obs = 33)

Iteration 0:  residual SS =   3192733
Iteration 1:  residual SS =   3168225
Iteration 2:  residual SS =   1784136
Iteration 3:  residual SS =   1568086
Iteration 4:  residual SS =   1378089
Iteration 5:  cannot calculate derivatives
equation/system not identified
