=============================================================================================================
Estimation for Aviation_freight and DEN, specification 2
=============================================================================================================
   
US parameters:
-------------------------------------------------------------------
elascoef1 = 4.716060423565893
elascoef2 = 4.716060423565893
trend     = .1544685281312922
-------------------------------------------------------------------
   
Model specification estimated:
( lnYtou = lnY + {b1} + (1.3-1)*ln(t-{b2=1940})*{b3=4.716060423565893} - (1-.3)*lnYpercap*4.716060423565893 + 
> .1544685281312922*t  ) 
-------------------------------------------------------------------
(obs = 45)

Iteration 0:  residual SS =   4275681
Iteration 1:  residual SS =   4242827
Iteration 2:  residual SS =   3248546
Iteration 3:  residual SS =   1827204
Iteration 4:  residual SS =   1027780
Iteration 5:  residual SS =  578112.9
Iteration 6:  residual SS =  325183.8
Iteration 7:  residual SS =  81265.93
Iteration 8:  cannot calculate derivatives
equation/system not identified
