=============================================================================================================
Estimation for Aviation_freight and FIN, specification 2
=============================================================================================================
   
US parameters:
-------------------------------------------------------------------
elascoef1 = 4.716060423565893
elascoef2 = 4.716060423565893
trend     = .1544685281312922
-------------------------------------------------------------------
   
Model specification estimated:
( lnYtou = lnY + {b1} + (1.3-1)*ln(t-{b2=1940})*{b3=4.716060423565893} - (1-.3)*lnYpercap*4.716060423565893 + 
> .1544685281312922*t  ) 
-------------------------------------------------------------------
(obs = 47)

Iteration 0:  residual SS =   4519724
Iteration 1:  residual SS =   4484859
Iteration 2:  residual SS =  6.747891
Iteration 3:  residual SS =  6.267804
Iteration 4:  residual SS =  6.266414
Iteration 5:  residual SS =  6.266365
Iteration 6:  residual SS =  6.266362
Iteration 7:  residual SS =  6.266362
Iteration 8:  residual SS =  6.266362
Iteration 9:  residual SS =  6.266362

      Source |       SS       df       MS            Number of obs =        47
-------------+------------------------------         F(  2,    44) =    767.37
       Model |  218.573158     2  109.286579         Prob > F      =    0.0000
    Residual |  6.26636157    44  .142417308         R-squared     =    0.9721
-------------+------------------------------         Adj R-squared =    0.9709
       Total |   224.83952    46  4.88781565         Root MSE      =  .3773822
                                                     Res. dev.     =  38.67749

------------------------------------------------------------------------------
      lnYtou |      Coef.   Std. Err.      t    P>|t|     [95% Conf. Interval]
-------------+----------------------------------------------------------------
          b1 |  -312.1124   1.389323  -224.65   0.000    -314.9124   -309.3124
          b2 |   1938.558   3.045597   636.51   0.000      1932.42    1944.696
          b3 |   6.676423   1.143893     5.84   0.000     4.371058    8.981787
------------------------------------------------------------------------------
* Parameter b1 taken as constant term in model & ANOVA table
 (SEs, P values, CIs, and correlations are asymptotic approximations)
