=============================================================================================================
Estimation for Aviation_freight and FRA, specification 2
=============================================================================================================
   
US parameters:
-------------------------------------------------------------------
elascoef1 = 4.716060423565893
elascoef2 = 4.716060423565893
trend     = .1544685281312922
-------------------------------------------------------------------
   
Model specification estimated:
( lnYtou = lnY + {b1} + (1.3-1)*ln(t-{b2=1940})*{b3=4.716060423565893} - (1-.3)*lnYpercap*4.716060423565893 + 
> .1544685281312922*t  ) 
-------------------------------------------------------------------
(obs = 47)

Iteration 0:  residual SS =   4468728
Iteration 1:  residual SS =   4434456
Iteration 2:  residual SS =   2493769
Iteration 3:  residual SS =  623415.8
Iteration 4:  residual SS =  3.139681
Iteration 5:  residual SS =  3.136909
Iteration 6:  residual SS =  3.136905

      Source |       SS       df       MS            Number of obs =        47
-------------+------------------------------         F(  2,    44) =   1248.50
       Model |  178.019432     2  89.0097161         Prob > F      =    0.0000
    Residual |  3.13690479    44  .071293291         R-squared     =    0.9827
-------------+------------------------------         Adj R-squared =    0.9819
       Total |  181.156337    46  3.93818124         Root MSE      =   .267008
                                                     Res. dev.     =  6.155404

------------------------------------------------------------------------------
      lnYtou |      Coef.   Std. Err.      t    P>|t|     [95% Conf. Interval]
-------------+----------------------------------------------------------------
          b1 |  -306.1749    .144756 -2115.11   0.000    -306.4666   -305.8831
          b2 |    1944.95    .023675        .   0.000     1944.902    1944.998
          b3 |   2.789912   .1584518    17.61   0.000     2.470573     3.10925
------------------------------------------------------------------------------
* Parameter b1 taken as constant term in model & ANOVA table
 (SEs, P values, CIs, and correlations are asymptotic approximations)
