=============================================================================================================
Estimation for Aviation_freight and FRA, specification 1
=============================================================================================================
   
US parameters:
-------------------------------------------------------------------
elascoef1 = 4.716060423565893
elascoef2 = 4.716060423565893
trend     = .1544685281312922
-------------------------------------------------------------------
   
Model specification estimated:
( lnYtou = lnY + {b1} + (1.3-1)*ln(t-{b2=1940})*4.716060423565893 - (1-.3)*lnYpercap*4.716060423565893 + .1544
> 685281312922*t  ) 
-------------------------------------------------------------------
(obs = 47)

Iteration 0:  residual SS =   4468728
Iteration 1:  residual SS =   3945614
Iteration 2:  residual SS =  9.700242
Iteration 3:  residual SS =   9.67178
Iteration 4:  residual SS =  9.665204
Iteration 5:  residual SS =  9.663771
Iteration 6:  residual SS =  9.663468

      Source |       SS       df       MS            Number of obs =        47
-------------+------------------------------         F(  1,    45) =    798.60
       Model |  171.492933     1  171.492933         Prob > F      =    0.0000
    Residual |  9.66340378    45  .214742306         R-squared     =    0.9467
-------------+------------------------------         Adj R-squared =    0.9455
       Total |  181.156337    46  3.93818124         Root MSE      =   .463403
                                                     Res. dev.     =  59.03554

------------------------------------------------------------------------------
      lnYtou |      Coef.   Std. Err.      t    P>|t|     [95% Conf. Interval]
-------------+----------------------------------------------------------------
          b1 |  -308.0701    .086014 -3581.63   0.000    -308.2434   -307.8969
          b2 |     1943.2   .4911624  3956.33   0.000     1942.211    1944.189
------------------------------------------------------------------------------
* Parameter b1 taken as constant term in model & ANOVA table
 (SEs, P values, CIs, and correlations are asymptotic approximations)
