=============================================================================================================
Estimation for Aviation_freight and GAB, specification 2
=============================================================================================================
   
US parameters:
-------------------------------------------------------------------
elascoef1 = 4.716060423565893
elascoef2 = 4.716060423565893
trend     = .1544685281312922
-------------------------------------------------------------------
   
Model specification estimated:
( lnYtou = lnY + {b1} + (1.3-1)*ln(t-{b2=1958})*{b3=4.716060423565893} - (1-.3)*lnYpercap*4.716060423565893 + 
> .1544685281312922*t  ) 
-------------------------------------------------------------------
(obs = 27)

Iteration 0:  residual SS =   2584368
Iteration 1:  residual SS =   2564649
Iteration 2:  residual SS =   1964349
Iteration 3:  residual SS =   1504022
Iteration 4:  residual SS =   1321863
Iteration 5:  residual SS =   1240526
Iteration 6:  residual SS =   1164181
Iteration 7:  residual SS =   1092513
Iteration 8:  cannot calculate derivatives
equation/system not identified
