=============================================================================================================
Estimation for Aviation_freight and GER, specification 2
=============================================================================================================
   
US parameters:
-------------------------------------------------------------------
elascoef1 = 4.716060423565893
elascoef2 = 4.716060423565893
trend     = .1544685281312922
-------------------------------------------------------------------
   
Model specification estimated:
( lnYtou = lnY + {b1} + (1.3-1)*ln(t-{b2=1950})*{b3=4.716060423565893} - (1-.3)*lnYpercap*4.716060423565893 + 
> .1544685281312922*t  ) 
-------------------------------------------------------------------
(obs = 37)

Iteration 0:  residual SS =   3528362
Iteration 1:  residual SS =   3501293
Iteration 2:  residual SS =   2680531
Iteration 3:  residual SS =   1507609
Iteration 4:  residual SS =  4.663456
Iteration 5:  residual SS =  4.425006
Iteration 6:  residual SS =  4.418268
Iteration 7:  residual SS =  4.418237
Iteration 8:  residual SS =  4.418237
Iteration 9:  residual SS =  4.418236

      Source |       SS       df       MS            Number of obs =        37
-------------+------------------------------         F(  2,    34) =    617.41
       Model |  160.462529     2  80.2312647         Prob > F      =    0.0000
    Residual |  4.41823645    34  .129948131         R-squared     =    0.9732
-------------+------------------------------         Adj R-squared =    0.9716
       Total |  164.880766    36  4.58002128         Root MSE      =  .3604832
                                                     Res. dev.     =  26.36989

------------------------------------------------------------------------------
      lnYtou |      Coef.   Std. Err.      t    P>|t|     [95% Conf. Interval]
-------------+----------------------------------------------------------------
          b1 |  -307.7144   .2689001 -1144.34   0.000    -308.2609   -307.1679
          b2 |   1954.711   .1368038        .   0.000     1954.433    1954.989
          b3 |   4.060142   .3046277    13.33   0.000     3.441064     4.67922
------------------------------------------------------------------------------
* Parameter b1 taken as constant term in model & ANOVA table
 (SEs, P values, CIs, and correlations are asymptotic approximations)
