=============================================================================================================
Estimation for Aviation_freight and GHA, specification 1
=============================================================================================================
   
US parameters:
-------------------------------------------------------------------
elascoef1 = 4.716060423565893
elascoef2 = 4.716060423565893
trend     = .1544685281312922
-------------------------------------------------------------------
   
Model specification estimated:
( lnYtou = lnY + {b1} + (1.3-1)*ln(t-{b2=1956})*4.716060423565893 - (1-.3)*lnYpercap*4.716060423565893 + .1544
> 685281312922*t  ) 
-------------------------------------------------------------------
(obs = 31)

Iteration 0:  residual SS =   3107363
Iteration 1:  residual SS =   3005306
Iteration 2:  residual SS =  174.0424
Iteration 3:  residual SS =   142.067
Iteration 4:  residual SS =  132.2417
Iteration 5:  residual SS =  129.1266
Iteration 6:  residual SS =  127.7812
Iteration 7:  residual SS =  126.7601
Iteration 8:  residual SS =  125.9131
Iteration 9:  residual SS =  125.3219
Iteration 10:  residual SS =  125.0852
Iteration 11:  residual SS =  124.7232
Iteration 12:  residual SS =  124.4674
Iteration 13:  residual SS =   124.349
Iteration 14:  residual SS =  124.1451
Iteration 15:  residual SS =  123.9741
Iteration 16:  residual SS =  123.8425
Iteration 17:  residual SS =  123.7586
Iteration 18:  residual SS =  123.7332
Iteration 19:  residual SS =  123.6346
Iteration 20:  residual SS =   123.548
Iteration 21:  residual SS =  123.4751
Iteration 22:  residual SS =  123.4179
Iteration 23:  residual SS =  123.3789
Iteration 24:  residual SS =  123.3611
Iteration 25:  residual SS =  123.3072
Iteration 26:  residual SS =   123.257
Iteration 27:  residual SS =  123.2109
Iteration 28:  residual SS =  123.1694
Iteration 29:  residual SS =  123.1329
Iteration 30:  residual SS =   123.102
Iteration 31:  residual SS =  123.0772
Iteration 32:  residual SS =  123.0593
Iteration 33:  residual SS =   123.049
Iteration 34:  residual SS =  123.0474
Iteration 35:  residual SS =  123.0215
Iteration 36:  residual SS =   122.997
Iteration 37:  residual SS =   122.974
Iteration 38:  residual SS =  122.9526
Iteration 39:  residual SS =  122.9329
Iteration 40:  residual SS =  122.9151
Iteration 41:  residual SS =  122.8992
Iteration 42:  residual SS =  122.8855
Iteration 43:  residual SS =  122.8741
Iteration 44:  residual SS =  122.8652
Iteration 45:  residual SS =  122.8591
Iteration 46:  residual SS =  122.8558
Iteration 47:  residual SS =  122.8558
Iteration 48:  residual SS =  122.8427
Iteration 49:  residual SS =  122.8301

      Source |       SS       df       MS            Number of obs =        31
-------------+------------------------------         F(  1,    29) =    -25.32
       Model | -107.216845     1 -107.216845         Prob > F      =    1.0000
    Residual |  122.817934    29  4.23510118         R-squared     =   -6.8724
-------------+------------------------------         Adj R-squared =   -7.1439
       Total |  15.6010898    30  .520036326         Root MSE      =  2.057936
                                                     Res. dev.     =  130.6524

------------------------------------------------------------------------------
      lnYtou |      Coef.   Std. Err.      t    P>|t|     [95% Conf. Interval]
-------------+----------------------------------------------------------------
          b1 |  -323.9503   11.94226   -27.13   0.000     -348.375   -299.5256
          b2 |   728.9876   10352.85     0.07   0.944    -20444.98    21902.95
------------------------------------------------------------------------------
* Parameter b1 taken as constant term in model & ANOVA table
 (SEs, P values, CIs, and correlations are asymptotic approximations)
convergence not achieved
