=============================================================================================================
Estimation for Aviation_freight and HON, specification 2
=============================================================================================================
   
US parameters:
-------------------------------------------------------------------
elascoef1 = 4.716060423565893
elascoef2 = 4.716060423565893
trend     = .1544685281312922
-------------------------------------------------------------------
   
Model specification estimated:
( lnYtou = lnY + {b1} + (1.3-1)*ln(t-{b2=1952})*{b3=4.716060423565893} - (1-.3)*lnYpercap*4.716060423565893 + 
> .1544685281312922*t  ) 
-------------------------------------------------------------------
(obs = 33)

Iteration 0:  residual SS =   3260801
Iteration 1:  residual SS =   3235839
Iteration 2:  residual SS =   2479292
Iteration 3:  residual SS =   2326764
Iteration 4:  residual SS =   2183594
Iteration 5:  residual SS =   2115879
Iteration 6:  residual SS =   2050251
Iteration 7:  residual SS =   1986619
Iteration 8:  cannot calculate derivatives
equation/system not identified
