=============================================================================================================
Estimation for Aviation_freight and IRE, specification 1
=============================================================================================================
   
US parameters:
-------------------------------------------------------------------
elascoef1 = 4.716060423565893
elascoef2 = 4.716060423565893
trend     = .1544685281312922
-------------------------------------------------------------------
   
Model specification estimated:
( lnYtou = lnY + {b1} + (1.3-1)*ln(t-{b2=1941})*4.716060423565893 - (1-.3)*lnYpercap*4.716060423565893 + .1544
> 685281312922*t  ) 
-------------------------------------------------------------------
(obs = 46)

Iteration 0:  residual SS =   4415007
Iteration 1:  residual SS =   4277034
Iteration 2:  residual SS =  18.48056
Iteration 3:  residual SS =  18.39611
Iteration 4:  residual SS =  18.39359

      Source |       SS       df       MS            Number of obs =        46
-------------+------------------------------         F(  1,    44) =    413.21
       Model |  172.736713     1  172.736713         Prob > F      =    0.0000
    Residual |   18.393547    44   .41803516         R-squared     =    0.9038
-------------+------------------------------         Adj R-squared =    0.9016
       Total |   191.13026    45  4.24733911         Root MSE      =  .6465564
                                                     Res. dev.     =  88.37684

------------------------------------------------------------------------------
      lnYtou |      Coef.   Std. Err.      t    P>|t|     [95% Conf. Interval]
-------------+----------------------------------------------------------------
          b1 |  -309.7364   .1478702 -2094.65   0.000    -310.0344   -309.4384
          b2 |   1941.865   1.405744  1381.38   0.000     1939.032    1944.698
------------------------------------------------------------------------------
* Parameter b1 taken as constant term in model & ANOVA table
 (SEs, P values, CIs, and correlations are asymptotic approximations)
