=============================================================================================================
Estimation for Aviation_freight and ISR, specification 1
=============================================================================================================
   
US parameters:
-------------------------------------------------------------------
elascoef1 = 4.716060423565893
elascoef2 = 4.716060423565893
trend     = .1544685281312922
-------------------------------------------------------------------
   
Model specification estimated:
( lnYtou = lnY + {b1} + (1.3-1)*ln(t-{b2=1945})*4.716060423565893 - (1-.3)*lnYpercap*4.716060423565893 + .1544
> 685281312922*t  ) 
-------------------------------------------------------------------
(obs = 42)

Iteration 0:  residual SS =   3987015
Iteration 1:  residual SS =   3736985
Iteration 2:  residual SS =  9.618738
Iteration 3:  residual SS =  7.625052
Iteration 4:  residual SS =  7.565158
Iteration 5:  residual SS =  7.564818

      Source |       SS       df       MS            Number of obs =        42
-------------+------------------------------         F(  1,    40) =    806.71
       Model |  152.565705     1  152.565705         Prob > F      =    0.0000
    Residual |  7.56481049    40  .189120262         R-squared     =    0.9528
-------------+------------------------------         Adj R-squared =    0.9516
       Total |  160.130516    41  3.90562234         Root MSE      =  .4348796
                                                     Res. dev.     =  47.19602

------------------------------------------------------------------------------
      lnYtou |      Coef.   Std. Err.      t    P>|t|     [95% Conf. Interval]
-------------+----------------------------------------------------------------
          b1 |   -308.118   .1143734 -2693.97   0.000    -308.3491   -307.8868
          b2 |   1944.835   1.194036  1628.79   0.000     1942.422    1947.248
------------------------------------------------------------------------------
* Parameter b1 taken as constant term in model & ANOVA table
 (SEs, P values, CIs, and correlations are asymptotic approximations)
