=============================================================================================================
Estimation for Aviation_freight and ITA, specification 2
=============================================================================================================
   
US parameters:
-------------------------------------------------------------------
elascoef1 = 4.716060423565893
elascoef2 = 4.716060423565893
trend     = .1544685281312922
-------------------------------------------------------------------
   
Model specification estimated:
( lnYtou = lnY + {b1} + (1.3-1)*ln(t-{b2=1946})*{b3=4.716060423565893} - (1-.3)*lnYpercap*4.716060423565893 + 
> .1544685281312922*t  ) 
-------------------------------------------------------------------
(obs = 41)

Iteration 0:  residual SS =   3933756
Iteration 1:  residual SS =   3870805
Iteration 2:  residual SS =  43.84324
Iteration 3:  residual SS =  24.68587
Iteration 4:  residual SS =  15.39678
Iteration 5:  residual SS =  12.03747
Iteration 6:  residual SS =  11.45492
Iteration 7:  residual SS =  11.43085
Iteration 8:  residual SS =  11.42137
Iteration 9:  residual SS =  11.41116
Iteration 10:  residual SS =  11.41106
Iteration 11:  residual SS =  11.41106
Iteration 12:  residual SS =  11.41105

      Source |       SS       df       MS            Number of obs =        41
-------------+------------------------------         F(  2,    38) =    228.98
       Model |  137.520794     2  68.7603969         Prob > F      =    0.0000
    Residual |  11.4110484    38  .300290746         R-squared     =    0.9234
-------------+------------------------------         Adj R-squared =    0.9193
       Total |  148.931842    40  3.72329605         Root MSE      =  .5479879
                                                     Res. dev.     =  63.91437

------------------------------------------------------------------------------
      lnYtou |      Coef.   Std. Err.      t    P>|t|     [95% Conf. Interval]
-------------+----------------------------------------------------------------
          b1 |  -309.3872   .8960868  -345.26   0.000    -311.2013   -307.5732
          b2 |   1949.109   1.459122  1335.81   0.000     1946.156    1952.063
          b3 |   4.637139   .8584381     5.40   0.000     2.899322    6.374956
------------------------------------------------------------------------------
* Parameter b1 taken as constant term in model & ANOVA table
 (SEs, P values, CIs, and correlations are asymptotic approximations)
