=============================================================================================================
Estimation for Aviation_freight and JOR, specification 2
=============================================================================================================
   
US parameters:
-------------------------------------------------------------------
elascoef1 = 4.716060423565893
elascoef2 = 4.716060423565893
trend     = .1544685281312922
-------------------------------------------------------------------
   
Model specification estimated:
( lnYtou = lnY + {b1} + (1.3-1)*ln(t-{b2=1962})*{b3=4.716060423565893} - (1-.3)*lnYpercap*4.716060423565893 + 
> .1544685281312922*t  ) 
-------------------------------------------------------------------
(obs = 25)

Iteration 0:  residual SS =   2417581
Iteration 1:  residual SS =   2381117
Iteration 2:  residual SS =  17.13572
Iteration 3:  residual SS =  16.63498
Iteration 4:  residual SS =  16.54652
Iteration 5:  residual SS =  16.45219
Iteration 6:  residual SS =  16.43819
Iteration 7:  residual SS =  16.42776
Iteration 8:  residual SS =  16.42667
Iteration 9:  residual SS =  16.42553
Iteration 10:  residual SS =  16.42543
Iteration 11:  residual SS =  16.42542
Iteration 12:  residual SS =  16.42542
Iteration 13:  residual SS =  16.42542
Iteration 14:  residual SS =  16.42542
Iteration 15:  residual SS =  16.42542
Iteration 16:  residual SS =  16.42542
Iteration 17:  residual SS =  16.42542

      Source |       SS       df       MS            Number of obs =        25
-------------+------------------------------         F(  2,    22) =     52.28
       Model |    78.06093     2   39.030465         Prob > F      =    0.0000
    Residual |  16.4254151    22  .746609777         R-squared     =    0.8262
-------------+------------------------------         Adj R-squared =    0.8104
       Total |  94.4863451    24  3.93693105         Root MSE      =  .8640658
                                                     Res. dev.     =  60.44578

------------------------------------------------------------------------------
      lnYtou |      Coef.   Std. Err.      t    P>|t|     [95% Conf. Interval]
-------------+----------------------------------------------------------------
          b1 |  -312.4449   4.687145   -66.66   0.000    -322.1654   -302.7243
          b2 |   1962.414   7.346568   267.12   0.000     1947.178     1977.65
          b3 |   6.598047    4.42364     1.49   0.150    -2.576021    15.77211
------------------------------------------------------------------------------
* Parameter b1 taken as constant term in model & ANOVA table
 (SEs, P values, CIs, and correlations are asymptotic approximations)
