=============================================================================================================
Estimation for Aviation_freight and JOR, specification 1
=============================================================================================================
   
US parameters:
-------------------------------------------------------------------
elascoef1 = 4.716060423565893
elascoef2 = 4.716060423565893
trend     = .1544685281312922
-------------------------------------------------------------------
   
Model specification estimated:
( lnYtou = lnY + {b1} + (1.3-1)*ln(t-{b2=1962})*4.716060423565893 - (1-.3)*lnYpercap*4.716060423565893 + .1544
> 685281312922*t  ) 
-------------------------------------------------------------------
(obs = 25)

Iteration 0:  residual SS =   2417581
Iteration 1:  residual SS =  4619.793
Iteration 2:  residual SS =  2532.986
Iteration 3:  residual SS =   630.004
Iteration 4:  residual SS =  16.96608
Iteration 5:  residual SS =  16.96479
Iteration 6:  residual SS =  16.96465

      Source |       SS       df       MS            Number of obs =        25
-------------+------------------------------         F(  1,    23) =    105.10
       Model |   77.521704     1   77.521704         Prob > F      =    0.0000
    Residual |  16.9646411    23  .737593091         R-squared     =    0.8205
-------------+------------------------------         Adj R-squared =    0.8126
       Total |  94.4863451    24  3.93693105         Root MSE      =  .8588324
                                                     Res. dev.     =  61.25331

------------------------------------------------------------------------------
      lnYtou |      Coef.   Std. Err.      t    P>|t|     [95% Conf. Interval]
-------------+----------------------------------------------------------------
          b1 |  -310.6203   .2599108 -1195.10   0.000    -311.1579   -310.0826
          b2 |   1964.773   1.262618  1556.11   0.000     1962.161    1967.385
------------------------------------------------------------------------------
* Parameter b1 taken as constant term in model & ANOVA table
 (SEs, P values, CIs, and correlations are asymptotic approximations)
