=============================================================================================================
Estimation for Aviation_freight and KEN, specification 2
=============================================================================================================
   
US parameters:
-------------------------------------------------------------------
elascoef1 = 4.716060423565893
elascoef2 = 4.716060423565893
trend     = .1544685281312922
-------------------------------------------------------------------
   
Model specification estimated:
( lnYtou = lnY + {b1} + (1.3-1)*ln(t-{b2=1959})*{b3=4.716060423565893} - (1-.3)*lnYpercap*4.716060423565893 + 
> .1544685281312922*t  ) 
-------------------------------------------------------------------
(obs = 28)

Iteration 0:  residual SS =   2800347
Iteration 1:  residual SS =   2779001
Iteration 2:  residual SS =   2128372
Iteration 3:  residual SS =   1629644
Iteration 4:  residual SS =   1247691
Iteration 5:  residual SS =   1096596
Iteration 6:  residual SS =  963787.6
Iteration 7:  residual SS =  847020.7
Iteration 8:  cannot calculate derivatives
equation/system not identified
