=============================================================================================================
Estimation for Aviation_freight and KRS, specification 2
=============================================================================================================
   
US parameters:
-------------------------------------------------------------------
elascoef1 = 4.716060423565893
elascoef2 = 4.716060423565893
trend     = .1544685281312922
-------------------------------------------------------------------
   
Model specification estimated:
( lnYtou = lnY + {b1} + (1.3-1)*ln(t-{b2=1963})*{b3=4.716060423565893} - (1-.3)*lnYpercap*4.716060423565893 + 
> .1544685281312922*t  ) 
-------------------------------------------------------------------
(obs = 24)

Iteration 0:  residual SS =   2321635
Iteration 1:  residual SS =   2303973
Iteration 2:  residual SS =   1294443
Iteration 3:  residual SS =  3.246413
Iteration 4:  residual SS =  2.995667
Iteration 5:  residual SS =  2.990083
Iteration 6:  residual SS =  2.989552
Iteration 7:  residual SS =   2.98947
Iteration 8:  residual SS =  2.989457
Iteration 9:  residual SS =  2.989455
Iteration 10:  residual SS =  2.989455
Iteration 11:  residual SS =  2.989455

      Source |       SS       df       MS            Number of obs =        24
-------------+------------------------------         F(  2,    21) =    345.41
       Model |   98.341042     2   49.170521         Prob > F      =    0.0000
    Residual |  2.98945477    21  .142354989         R-squared     =    0.9705
-------------+------------------------------         Adj R-squared =    0.9677
       Total |  101.330497    23  4.40567377         Root MSE      =  .3772996
                                                     Res. dev.     =  18.11794

------------------------------------------------------------------------------
      lnYtou |      Coef.   Std. Err.      t    P>|t|     [95% Conf. Interval]
-------------+----------------------------------------------------------------
          b1 |  -312.5853   .5880744  -531.54   0.000    -313.8083   -311.3624
          b2 |   1967.049   .3322567  5920.27   0.000     1966.358     1967.74
          b3 |   7.884067   .6853178    11.50   0.000      6.45887    9.309263
------------------------------------------------------------------------------
* Parameter b1 taken as constant term in model & ANOVA table
 (SEs, P values, CIs, and correlations are asymptotic approximations)
