=============================================================================================================
Estimation for Aviation_freight and KRS, specification 1
=============================================================================================================
   
US parameters:
-------------------------------------------------------------------
elascoef1 = 4.716060423565893
elascoef2 = 4.716060423565893
trend     = .1544685281312922
-------------------------------------------------------------------
   
Model specification estimated:
( lnYtou = lnY + {b1} + (1.3-1)*ln(t-{b2=1963})*4.716060423565893 - (1-.3)*lnYpercap*4.716060423565893 + .1544
> 685281312922*t  ) 
-------------------------------------------------------------------
(obs = 24)

Iteration 0:  residual SS =   2321635
Iteration 1:  residual SS =   2182896
Iteration 2:  residual SS =   1227398
Iteration 3:  residual SS =  306757.1
Iteration 4:  residual SS =  9.722359

      Source |       SS       df       MS            Number of obs =        24
-------------+------------------------------         F(  1,    22) =    207.29
       Model |  91.6082018     1  91.6082018         Prob > F      =    0.0000
    Residual |  9.72229497    22  .441922499         R-squared     =    0.9041
-------------+------------------------------         Adj R-squared =    0.8997
       Total |  101.330497    23  4.40567377         Root MSE      =  .6647725
                                                     Res. dev.     =  46.42188

------------------------------------------------------------------------------
      lnYtou |      Coef.   Std. Err.      t    P>|t|     [95% Conf. Interval]
-------------+----------------------------------------------------------------
          b1 |  -310.1779   .1431876 -2166.23   0.000    -310.4748   -309.8809
          b2 |   1967.831   .0825697        .   0.000      1967.66    1968.002
------------------------------------------------------------------------------
* Parameter b1 taken as constant term in model & ANOVA table
 (SEs, P values, CIs, and correlations are asymptotic approximations)
