=============================================================================================================
Estimation for Aviation_freight and KUW, specification 2
=============================================================================================================
   
US parameters:
-------------------------------------------------------------------
elascoef1 = 4.716060423565893
elascoef2 = 4.716060423565893
trend     = .1544685281312922
-------------------------------------------------------------------
   
Model specification estimated:
( lnYtou = lnY + {b1} + (1.3-1)*ln(t-{b2=1955})*{b3=4.716060423565893} - (1-.3)*lnYpercap*4.716060423565893 + 
> .1544685281312922*t  ) 
-------------------------------------------------------------------
(obs = 32)

Iteration 0:  residual SS =   3006183
Iteration 1:  residual SS =   2983202
Iteration 2:  residual SS =   2285537
Iteration 3:  residual SS =   2008733
Iteration 4:  residual SS =   1885114
Iteration 5:  cannot calculate derivatives
equation/system not identified
