=============================================================================================================
Estimation for Aviation_freight and LBY, specification 2
=============================================================================================================
   
US parameters:
-------------------------------------------------------------------
elascoef1 = 4.716060423565893
elascoef2 = 4.716060423565893
trend     = .1544685281312922
-------------------------------------------------------------------
   
Model specification estimated:
( lnYtou = lnY + {b1} + (1.3-1)*ln(t-{b2=1961})*{b3=4.716060423565893} - (1-.3)*lnYpercap*4.716060423565893 + 
> .1544685281312922*t  ) 
-------------------------------------------------------------------
(obs = 26)

Iteration 0:  residual SS =   2532309
Iteration 1:  residual SS =   2493627
Iteration 2:  residual SS =   2191638
Iteration 3:  residual SS =   1926122
Iteration 4:  residual SS =   1807581
Iteration 5:  residual SS =   1696317
Iteration 6:  cannot calculate derivatives
equation/system not identified
