=============================================================================================================
Estimation for Aviation_freight and MAD, specification 2
=============================================================================================================
   
US parameters:
-------------------------------------------------------------------
elascoef1 = 4.716060423565893
elascoef2 = 4.716060423565893
trend     = .1544685281312922
-------------------------------------------------------------------
   
Model specification estimated:
( lnYtou = lnY + {b1} + (1.3-1)*ln(t-{b2=1957})*{b3=4.716060423565893} - (1-.3)*lnYpercap*4.716060423565893 + 
> .1544685281312922*t  ) 
-------------------------------------------------------------------
(obs = 30)

Iteration 0:  residual SS =   2995498
Iteration 1:  residual SS =   2949959
Iteration 2:  residual SS =   2258541
Iteration 3:  residual SS =   1984965
Iteration 4:  residual SS =   1862815
Iteration 5:  residual SS =   1748168
Iteration 6:  cannot calculate derivatives
equation/system not identified
