=============================================================================================================
Estimation for Aviation_freight and MAU, specification 2
=============================================================================================================
   
US parameters:
-------------------------------------------------------------------
elascoef1 = 4.716060423565893
elascoef2 = 4.716060423565893
trend     = .1544685281312922
-------------------------------------------------------------------
   
Model specification estimated:
( lnYtou = lnY + {b1} + (1.3-1)*ln(t-{b2=1960})*{b3=4.716060423565893} - (1-.3)*lnYpercap*4.716060423565893 + 
> .1544685281312922*t  ) 
-------------------------------------------------------------------
(obs = 27)

Iteration 0:  residual SS =   2669647
Iteration 1:  residual SS =   2649345
Iteration 2:  residual SS =   2029297
Iteration 3:  residual SS =   1553741
Iteration 4:  residual SS =   1365548
Iteration 5:  residual SS =   1281518
Iteration 6:  residual SS =   1202645
Iteration 7:  cannot calculate derivatives
equation/system not identified
