=============================================================================================================
Estimation for Aviation_freight and MLY, specification 1
=============================================================================================================
   
US parameters:
-------------------------------------------------------------------
elascoef1 = 4.716060423565893
elascoef2 = 4.716060423565893
trend     = .1544685281312922
-------------------------------------------------------------------
   
Model specification estimated:
( lnYtou = lnY + {b1} + (1.3-1)*ln(t-{b2=1952})*4.716060423565893 - (1-.3)*lnYpercap*4.716060423565893 + .1544
> 685281312922*t  ) 
-------------------------------------------------------------------
(obs = 35)

Iteration 0:  residual SS =   3434381
Iteration 1:  residual SS =  14992.75
Iteration 2:  residual SS =  14307.32
Iteration 3:  residual SS =  12861.39
Iteration 4:  residual SS =  10066.39
Iteration 5:  residual SS =  5768.959
Iteration 6:  residual SS =  33.74239
Iteration 7:  residual SS =  21.33759
Iteration 8:  residual SS =  19.35988
Iteration 9:  residual SS =  19.32464
Iteration 10:  residual SS =  19.32267
Iteration 11:  residual SS =  19.32217
Iteration 12:  residual SS =  19.32202

      Source |       SS       df       MS            Number of obs =        35
-------------+------------------------------         F(  1,    33) =    263.35
       Model |  154.192464     1  154.192464         Prob > F      =    0.0000
    Residual |  19.3219775    33   .58551447         R-squared     =    0.8886
-------------+------------------------------         Adj R-squared =    0.8853
       Total |  173.514441    34  5.10336592         Root MSE      =  .7651892
                                                     Res. dev.     =  78.53203

------------------------------------------------------------------------------
      lnYtou |      Coef.   Std. Err.      t    P>|t|     [95% Conf. Interval]
-------------+----------------------------------------------------------------
          b1 |  -312.9988   .1875134 -1669.21   0.000    -313.3803   -312.6173
          b2 |   1954.485   1.160314  1684.44   0.000     1952.125    1956.846
------------------------------------------------------------------------------
* Parameter b1 taken as constant term in model & ANOVA table
 (SEs, P values, CIs, and correlations are asymptotic approximations)
