=============================================================================================================
Estimation for Aviation_freight and MOZ, specification 1
=============================================================================================================
   
US parameters:
-------------------------------------------------------------------
elascoef1 = 4.716060423565893
elascoef2 = 4.716060423565893
trend     = .1544685281312922
-------------------------------------------------------------------
   
Model specification estimated:
( lnYtou = lnY + {b1} + (1.3-1)*ln(t-{b2=1970})*4.716060423565893 - (1-.3)*lnYpercap*4.716060423565893 + .1544
> 685281312922*t  ) 
-------------------------------------------------------------------
(obs = 14)

Iteration 0:  residual SS =   1408081
Iteration 1:  residual SS =   1365165
Iteration 2:  residual SS =  23.47955
Iteration 3:  residual SS =  22.24277
Iteration 4:  residual SS =  21.52105
Iteration 5:  residual SS =  21.07017
Iteration 6:  residual SS =  20.96032
Iteration 7:  residual SS =  20.80138
Iteration 8:  residual SS =  20.79222
Iteration 9:  residual SS =  20.70495
Iteration 10:  residual SS =  20.66795
Iteration 11:  residual SS =  20.60168
Iteration 12:  residual SS =  20.54806
Iteration 13:  residual SS =  20.50975
Iteration 14:  residual SS =   20.4903
Iteration 15:  residual SS =  20.45397
Iteration 16:  residual SS =  20.42159
Iteration 17:  residual SS =  20.39371
Iteration 18:  residual SS =  20.37101
Iteration 19:  residual SS =  20.35431
Iteration 20:  residual SS =  20.34465
Iteration 21:  residual SS =  20.34331
Iteration 22:  residual SS =  20.32678
Iteration 23:  residual SS =  20.31179
Iteration 24:  residual SS =  20.29851
Iteration 25:  residual SS =  20.28712
Iteration 26:  residual SS =  20.27783
Iteration 27:  residual SS =   20.2709
Iteration 28:  residual SS =  20.26663
Iteration 29:  residual SS =  20.26536
Iteration 30:  residual SS =  20.25651
Iteration 31:  residual SS =  20.24816
Iteration 32:  residual SS =  20.24035
Iteration 33:  residual SS =  20.23311
Iteration 34:  residual SS =  20.22648
Iteration 35:  residual SS =  20.22052
Iteration 36:  residual SS =  20.21528
Iteration 37:  residual SS =  20.21082
Iteration 38:  residual SS =  20.20721
Iteration 39:  residual SS =  20.20452
Iteration 40:  residual SS =  20.20283
Iteration 41:  residual SS =  20.20224
Iteration 42:  residual SS =  20.19769
Iteration 43:  residual SS =  20.19331
Iteration 44:  residual SS =  20.18911
Iteration 45:  residual SS =   20.1851
Iteration 46:  residual SS =  20.18128
Iteration 47:  residual SS =  20.17767
Iteration 48:  residual SS =  20.17427
Iteration 49:  residual SS =  20.17111

      Source |       SS       df       MS            Number of obs =        14
-------------+------------------------------         F(  1,    12) =    -11.58
       Model | -19.4623371     1 -19.4623371         Prob > F      =    1.0000
    Residual |  20.1681853    12  1.68068211         R-squared     =  -27.5730
-------------+------------------------------         Adj R-squared =  -29.9541
       Total |  .705848224    13  .054296017         Root MSE      =  1.296411
                                                     Res. dev.     =  44.84097

------------------------------------------------------------------------------
      lnYtou |      Coef.   Std. Err.      t    P>|t|     [95% Conf. Interval]
-------------+----------------------------------------------------------------
          b1 |  -323.4593   9.255979   -34.95   0.000    -343.6264   -303.2923
          b2 |   1344.892   4102.116     0.33   0.749    -7592.852    10282.64
------------------------------------------------------------------------------
* Parameter b1 taken as constant term in model & ANOVA table
 (SEs, P values, CIs, and correlations are asymptotic approximations)
convergence not achieved
