=============================================================================================================
Estimation for Aviation_freight and NEW, specification 1
=============================================================================================================
   
US parameters:
-------------------------------------------------------------------
elascoef1 = 4.716060423565893
elascoef2 = 4.716060423565893
trend     = .1544685281312922
-------------------------------------------------------------------
   
Model specification estimated:
( lnYtou = lnY + {b1} + (1.3-1)*ln(t-{b2=1942})*4.716060423565893 - (1-.3)*lnYpercap*4.716060423565893 + .1544
> 685281312922*t  ) 
-------------------------------------------------------------------
(obs = 45)

Iteration 0:  residual SS =   4252443
Iteration 1:  residual SS =   3740150
Iteration 2:  residual SS =  37.27056
Iteration 3:  residual SS =  20.51063
Iteration 4:  residual SS =   17.4247
Iteration 5:  residual SS =  14.27154
Iteration 6:  residual SS =  12.56726
Iteration 7:  residual SS =  12.17564
Iteration 8:  residual SS =  11.62592
Iteration 9:  residual SS =   11.5643
Iteration 10:  residual SS =  11.30096
Iteration 11:  residual SS =  11.21621
Iteration 12:  residual SS =  11.04258
Iteration 13:  residual SS =  10.92226
Iteration 14:  residual SS =  10.86594
Iteration 15:  residual SS =  10.76771
Iteration 16:  residual SS =  10.68548
Iteration 17:  residual SS =  10.62147
Iteration 18:  residual SS =  10.57861
Iteration 19:  residual SS =  10.56089
Iteration 20:  residual SS =  10.51336
Iteration 21:  residual SS =  10.47127
Iteration 22:  residual SS =  10.43519
Iteration 23:  residual SS =  10.40585
Iteration 24:  residual SS =  10.38414
Iteration 25:  residual SS =  10.37115
Iteration 26:  residual SS =  10.36826
Iteration 27:  residual SS =   10.3456
Iteration 28:  residual SS =  10.32481
Iteration 29:  residual SS =  10.30614
Iteration 30:  residual SS =  10.28973
Iteration 31:  residual SS =  10.27581
Iteration 32:  residual SS =  10.26462
Iteration 33:  residual SS =  10.25646
Iteration 34:  residual SS =  10.25167
Iteration 35:  residual SS =  10.25064
Iteration 36:  residual SS =  10.23911
Iteration 37:  residual SS =  10.22823
Iteration 38:  residual SS =  10.21802
Iteration 39:  residual SS =  10.20855
Iteration 40:  residual SS =  10.19984
Iteration 41:  residual SS =  10.19197
Iteration 42:  residual SS =  10.18498
Iteration 43:  residual SS =  10.17895
Iteration 44:  residual SS =  10.17395
Iteration 45:  residual SS =  10.17006
Iteration 46:  residual SS =  10.16737
Iteration 47:  residual SS =  10.16599
Iteration 48:  residual SS =  10.15987
Iteration 49:  residual SS =  10.15396

      Source |       SS       df       MS            Number of obs =        45
-------------+------------------------------         F(  1,    43) =    502.73
       Model |  118.646339     1  118.646339         Prob > F      =    0.0000
    Residual |   10.148261    43   .23600607         R-squared     =    0.9212
-------------+------------------------------         Adj R-squared =    0.9194
       Total |    128.7946    44     2.92715         Root MSE      =  .4858046
                                                     Res. dev.     =  60.68326

------------------------------------------------------------------------------
      lnYtou |      Coef.   Std. Err.      t    P>|t|     [95% Conf. Interval]
-------------+----------------------------------------------------------------
          b1 |  -315.0371   13.24454   -23.79   0.000    -341.7473    -288.327
          b2 |  -1966.763   36227.38    -0.05   0.957    -75026.25    71092.72
------------------------------------------------------------------------------
* Parameter b1 taken as constant term in model & ANOVA table
 (SEs, P values, CIs, and correlations are asymptotic approximations)
convergence not achieved
