=============================================================================================================
Estimation for Aviation_freight and NEW, specification 2
=============================================================================================================
   
US parameters:
-------------------------------------------------------------------
elascoef1 = 4.716060423565893
elascoef2 = 4.716060423565893
trend     = .1544685281312922
-------------------------------------------------------------------
   
Model specification estimated:
( lnYtou = lnY + {b1} + (1.3-1)*ln(t-{b2=1942})*{b3=4.716060423565893} - (1-.3)*lnYpercap*4.716060423565893 + 
> .1544685281312922*t  ) 
-------------------------------------------------------------------
(obs = 45)

Iteration 0:  residual SS =   4252443
Iteration 1:  residual SS =   4219764
Iteration 2:  residual SS =   1056241
Iteration 3:  residual SS =  594115.6
Iteration 4:  residual SS =  454865.7
Iteration 5:  residual SS =  348250.1
Iteration 6:  residual SS =  266620.6
Iteration 7:  cannot calculate derivatives
equation/system not identified
