=============================================================================================================
Estimation for Aviation_freight and NIG, specification 1
=============================================================================================================
   
US parameters:
-------------------------------------------------------------------
elascoef1 = 4.716060423565893
elascoef2 = 4.716060423565893
trend     = .1544685281312922
-------------------------------------------------------------------
   
Model specification estimated:
( lnYtou = lnY + {b1} + (1.3-1)*ln(t-{b2=1958})*4.716060423565893 - (1-.3)*lnYpercap*4.716060423565893 + .1544
> 685281312922*t  ) 
-------------------------------------------------------------------
(obs = 28)

Iteration 0:  residual SS =   2806624
Iteration 1:  residual SS =   2761289
Iteration 2:  residual SS =  91.37413
Iteration 3:  residual SS =  79.33837
Iteration 4:  residual SS =  76.17596
Iteration 5:  residual SS =  76.01105
Iteration 6:  residual SS =  75.11727
Iteration 7:  residual SS =  74.63603
Iteration 8:  residual SS =  74.18583
Iteration 9:  residual SS =  73.88182
Iteration 10:  residual SS =  73.78079
Iteration 11:  residual SS =  73.58156
Iteration 12:  residual SS =  73.44135
Iteration 13:  residual SS =  73.37708
Iteration 14:  residual SS =  73.25919
Iteration 15:  residual SS =  73.15885
Iteration 16:  residual SS =  73.07933
Iteration 17:  residual SS =  73.02477
Iteration 18:  residual SS =  73.00054
Iteration 19:  residual SS =  72.93974
Iteration 20:  residual SS =  72.88494
Iteration 21:  residual SS =  72.83688
Iteration 22:  residual SS =  72.79649
Iteration 23:  residual SS =  72.76484
Iteration 24:  residual SS =  72.74326
Iteration 25:  residual SS =  72.73331
Iteration 26:  residual SS =  72.70196
Iteration 27:  residual SS =  72.67264
Iteration 28:  residual SS =  72.64553
Iteration 29:  residual SS =  72.62084
Iteration 30:  residual SS =   72.5988
Iteration 31:  residual SS =  72.57966
Iteration 32:  residual SS =  72.56373
Iteration 33:  residual SS =  72.55135
Iteration 34:  residual SS =   72.5429
Iteration 35:  residual SS =  72.53884
Iteration 36:  residual SS =  72.52285
Iteration 37:  residual SS =  72.50756
Iteration 38:  residual SS =  72.49301
Iteration 39:  residual SS =  72.47925
Iteration 40:  residual SS =  72.46633
Iteration 41:  residual SS =   72.4543
Iteration 42:  residual SS =  72.44324
Iteration 43:  residual SS =   72.4332
Iteration 44:  residual SS =  72.42426
Iteration 45:  residual SS =   72.4165
Iteration 46:  residual SS =  72.41001
Iteration 47:  residual SS =  72.40489
Iteration 48:  residual SS =  72.40125
Iteration 49:  residual SS =   72.3992

      Source |       SS       df       MS            Number of obs =        28
-------------+------------------------------         F(  1,    26) =    -21.37
       Model | -59.5161681     1 -59.5161681         Prob > F      =    1.0000
    Residual |  72.3988881    26  2.78457262         R-squared     =   -4.6198
-------------+------------------------------         Adj R-squared =   -4.8360
       Total |    12.88272    27  .477137777         Root MSE      =  1.668704
                                                     Res. dev.     =  106.0602

------------------------------------------------------------------------------
      lnYtou |      Coef.   Std. Err.      t    P>|t|     [95% Conf. Interval]
-------------+----------------------------------------------------------------
          b1 |  -323.5131     11.777   -27.47   0.000    -347.7211   -299.3051
          b2 |   807.9584   9458.796     0.09   0.933    -18634.88    20250.79
------------------------------------------------------------------------------
* Parameter b1 taken as constant term in model & ANOVA table
 (SEs, P values, CIs, and correlations are asymptotic approximations)
convergence not achieved
