=============================================================================================================
Estimation for Aviation_freight and NOR, specification 2
=============================================================================================================
   
US parameters:
-------------------------------------------------------------------
elascoef1 = 4.716060423565893
elascoef2 = 4.716060423565893
trend     = .1544685281312922
-------------------------------------------------------------------
   
Model specification estimated:
( lnYtou = lnY + {b1} + (1.3-1)*ln(t-{b2=1941})*{b3=4.716060423565893} - (1-.3)*lnYpercap*4.716060423565893 + 
> .1544685281312922*t  ) 
-------------------------------------------------------------------
(obs = 46)

Iteration 0:  residual SS =   4368727
Iteration 1:  residual SS =   4335141
Iteration 2:  residual SS =   2437927
Iteration 3:  residual SS =  7.618935
Iteration 4:  residual SS =   7.61871
Iteration 5:  residual SS =  7.618694
Iteration 6:  residual SS =  7.618694

      Source |       SS       df       MS            Number of obs =        46
-------------+------------------------------         F(  2,    43) =    304.10
       Model |  107.761803     2  53.8809013         Prob > F      =    0.0000
    Residual |  7.61869352    43  .177178919         R-squared     =    0.9340
-------------+------------------------------         Adj R-squared =    0.9309
       Total |  115.380496    45  2.56401103         Root MSE      =  .4209263
                                                     Res. dev.     =  47.83267

------------------------------------------------------------------------------
      lnYtou |      Coef.   Std. Err.      t    P>|t|     [95% Conf. Interval]
-------------+----------------------------------------------------------------
          b1 |  -304.7154   .2168445 -1405.23   0.000    -305.1527   -304.2781
          b2 |   1945.997   .0055727        .   0.000     1945.986    1946.008
          b3 |   1.254311   .2408696     5.21   0.000     .7685508    1.740071
------------------------------------------------------------------------------
* Parameter b1 taken as constant term in model & ANOVA table
 (SEs, P values, CIs, and correlations are asymptotic approximations)
