=============================================================================================================
Estimation for Aviation_freight and PER, specification 2
=============================================================================================================
   
US parameters:
-------------------------------------------------------------------
elascoef1 = 4.716060423565893
elascoef2 = 4.716060423565893
trend     = .1544685281312922
-------------------------------------------------------------------
   
Model specification estimated:
( lnYtou = lnY + {b1} + (1.3-1)*ln(t-{b2=1946})*{b3=4.716060423565893} - (1-.3)*lnYpercap*4.716060423565893 + 
> .1544685281312922*t  ) 
-------------------------------------------------------------------
(obs = 41)

Iteration 0:  residual SS =   3867412
Iteration 1:  residual SS =   3837758
Iteration 2:  residual SS =   2938973
Iteration 3:  residual SS =   2250432
Iteration 4:  residual SS =   1977927
Iteration 5:  residual SS =   1738355
Iteration 6:  residual SS =   1631366
Iteration 7:  residual SS =   1580784
Iteration 8:  cannot calculate derivatives
equation/system not identified
