=============================================================================================================
Estimation for Aviation_freight and PHI, specification 2
=============================================================================================================
   
US parameters:
-------------------------------------------------------------------
elascoef1 = 4.716060423565893
elascoef2 = 4.716060423565893
trend     = .1544685281312922
-------------------------------------------------------------------
   
Model specification estimated:
( lnYtou = lnY + {b1} + (1.3-1)*ln(t-{b2=1941})*{b3=4.716060423565893} - (1-.3)*lnYpercap*4.716060423565893 + 
> .1544685281312922*t  ) 
-------------------------------------------------------------------
(obs = 46)

Iteration 0:  residual SS =   4450854
Iteration 1:  residual SS =   4416538
Iteration 2:  residual SS =   2485014
Iteration 3:  residual SS =   1902664
Iteration 4:  residual SS =   1456688
Iteration 5:  residual SS =   1280277
Iteration 6:  residual SS =   1125221
Iteration 7:  residual SS =    988931
Iteration 8:  cannot calculate derivatives
equation/system not identified
