=============================================================================================================
Estimation for Aviation_freight and POL, specification 2
=============================================================================================================
   
US parameters:
-------------------------------------------------------------------
elascoef1 = 4.716060423565893
elascoef2 = 4.716060423565893
trend     = .1544685281312922
-------------------------------------------------------------------
   
Model specification estimated:
( lnYtou = lnY + {b1} + (1.3-1)*ln(t-{b2=1946})*{b3=4.716060423565893} - (1-.3)*lnYpercap*4.716060423565893 + 
> .1544685281312922*t  ) 
-------------------------------------------------------------------
(obs = 41)

Iteration 0:  residual SS =   4068892
Iteration 1:  residual SS =   4037621
Iteration 2:  residual SS =   2273352
Iteration 3:  residual SS =   1998075
Iteration 4:  residual SS =   1756110
Iteration 5:  residual SS =   1648058
Iteration 6:  residual SS =   1546631
Iteration 7:  residual SS =   1498678
Iteration 8:  cannot calculate derivatives
equation/system not identified
