=============================================================================================================
Estimation for Aviation_freight and SNG, specification 1
=============================================================================================================
   
US parameters:
-------------------------------------------------------------------
elascoef1 = 4.716060423565893
elascoef2 = 4.716060423565893
trend     = .1544685281312922
-------------------------------------------------------------------
   
Model specification estimated:
( lnYtou = lnY + {b1} + (1.3-1)*ln(t-{b2=1958})*4.716060423565893 - (1-.3)*lnYpercap*4.716060423565893 + .1544
> 685281312922*t  ) 
-------------------------------------------------------------------
(obs = 26)

Iteration 0:  residual SS =   2457922
Iteration 1:  residual SS =   2380078
Iteration 2:  residual SS =   1338120
Iteration 3:  residual SS =  26.42525
Iteration 4:  residual SS =  24.78146
Iteration 5:  residual SS =   24.7676
Iteration 6:  residual SS =  24.76673

      Source |       SS       df       MS            Number of obs =        26
-------------+------------------------------         F(  1,    24) =     98.99
       Model |  102.152796     1  102.152796         Prob > F      =    0.0000
    Residual |  24.7665195    24  1.03193831         R-squared     =    0.8049
-------------+------------------------------         Adj R-squared =    0.7967
       Total |  126.919315    25  5.07677261         Root MSE      =  1.015844
                                                     Res. dev.     =   72.5211

------------------------------------------------------------------------------
      lnYtou |      Coef.   Std. Err.      t    P>|t|     [95% Conf. Interval]
-------------+----------------------------------------------------------------
          b1 |  -306.7112   .2136737 -1435.42   0.000    -307.1522   -306.2702
          b2 |    1962.73   .1961226        .   0.000     1962.326    1963.135
------------------------------------------------------------------------------
* Parameter b1 taken as constant term in model & ANOVA table
 (SEs, P values, CIs, and correlations are asymptotic approximations)
