=============================================================================================================
Estimation for Aviation_freight and SWZ, specification 2
=============================================================================================================
   
US parameters:
-------------------------------------------------------------------
elascoef1 = 4.716060423565893
elascoef2 = 4.716060423565893
trend     = .1544685281312922
-------------------------------------------------------------------
   
Model specification estimated:
( lnYtou = lnY + {b1} + (1.3-1)*ln(t-{b2=1940})*{b3=4.716060423565893} - (1-.3)*lnYpercap*4.716060423565893 + 
> .1544685281312922*t  ) 
-------------------------------------------------------------------
(obs = 47)

Iteration 0:  residual SS =   4428418
Iteration 1:  residual SS =   4394270
Iteration 2:  residual SS =   2471215
Iteration 3:  residual SS =  7.852139
Iteration 4:  residual SS =  7.851386
Iteration 5:  residual SS =  7.851385

      Source |       SS       df       MS            Number of obs =        47
-------------+------------------------------         F(  2,    44) =    712.01
       Model |  254.101715     2  127.050857         Prob > F      =    0.0000
    Residual |  7.85138516    44  .178440572         R-squared     =    0.9700
-------------+------------------------------         Adj R-squared =    0.9687
       Total |    261.9531    46  5.69463261         Root MSE      =  .4224223
                                                     Res. dev.     =  49.27571

------------------------------------------------------------------------------
      lnYtou |      Coef.   Std. Err.      t    P>|t|     [95% Conf. Interval]
-------------+----------------------------------------------------------------
          b1 |  -304.9438   .2574122 -1184.65   0.000    -305.4626    -304.425
          b2 |    1944.83   .1195948        .   0.000     1944.589    1945.071
          b3 |   2.946696   .2767383    10.65   0.000     2.388966    3.504425
------------------------------------------------------------------------------
* Parameter b1 taken as constant term in model & ANOVA table
 (SEs, P values, CIs, and correlations are asymptotic approximations)
