=============================================================================================================
Estimation for Aviation_freight and SYR, specification 1
=============================================================================================================
   
US parameters:
-------------------------------------------------------------------
elascoef1 = 4.716060423565893
elascoef2 = 4.716060423565893
trend     = .1544685281312922
-------------------------------------------------------------------
   
Model specification estimated:
( lnYtou = lnY + {b1} + (1.3-1)*ln(t-{b2=1958})*4.716060423565893 - (1-.3)*lnYpercap*4.716060423565893 + .1544
> 685281312922*t  ) 
-------------------------------------------------------------------
(obs = 26)

Iteration 0:  residual SS =   2539864
Iteration 1:  residual SS =   2456728
Iteration 2:  residual SS =   42.4795
Iteration 3:  residual SS =  26.76442
Iteration 4:  residual SS =   21.6382
Iteration 5:  residual SS =  19.98057
Iteration 6:  residual SS =  19.86886
Iteration 7:  residual SS =   18.8914
Iteration 8:  residual SS =  18.85379
Iteration 9:  residual SS =  18.54478
Iteration 10:  residual SS =  18.29606
Iteration 11:  residual SS =  18.13884
Iteration 12:  residual SS =   18.0731
Iteration 13:  residual SS =  17.97894
Iteration 14:  residual SS =  17.91194
Iteration 15:  residual SS =  17.87463
Iteration 16:  residual SS =  17.87223
Iteration 17:  residual SS =  17.83506
Iteration 18:  residual SS =  17.80748
Iteration 19:  residual SS =  17.79074
Iteration 20:  residual SS =  17.78673
Iteration 21:  residual SS =  17.76641
Iteration 22:  residual SS =  17.74906
Iteration 23:  residual SS =  17.73496
Iteration 24:  residual SS =  17.72447
Iteration 25:  residual SS =  17.71818
Iteration 26:  residual SS =   17.7164
Iteration 27:  residual SS =  17.70614
Iteration 28:  residual SS =  17.69684
Iteration 29:  residual SS =  17.68861
Iteration 30:  residual SS =   17.6815
Iteration 31:  residual SS =  17.67562
Iteration 32:  residual SS =   17.6711
Iteration 33:  residual SS =   17.6681
Iteration 34:  residual SS =  17.66677
Iteration 35:  residual SS =  17.66142
Iteration 36:  residual SS =  17.65638
Iteration 37:  residual SS =  17.65165
Iteration 38:  residual SS =  17.64726
Iteration 39:  residual SS =  17.64324
Iteration 40:  residual SS =   17.6396
Iteration 41:  residual SS =  17.63638
Iteration 42:  residual SS =  17.63359
Iteration 43:  residual SS =  17.63128
Iteration 44:  residual SS =  17.62949
Iteration 45:  residual SS =  17.62827
Iteration 46:  residual SS =  17.62765
Iteration 47:  residual SS =  17.62498
Iteration 48:  residual SS =   17.6224
Iteration 49:  residual SS =  17.61993

      Source |       SS       df       MS            Number of obs =        26
-------------+------------------------------         F(  1,    24) =     12.92
       Model |  9.48352543     1  9.48352543         Prob > F      =    0.0015
    Residual |  17.6175742    24  .734065593         R-squared     =    0.3499
-------------+------------------------------         Adj R-squared =    0.3228
       Total |  27.1010997    25  1.08404399         Root MSE      =  .8567763
                                                     Res. dev.     =  63.66561

------------------------------------------------------------------------------
      lnYtou |      Coef.   Std. Err.      t    P>|t|     [95% Conf. Interval]
-------------+----------------------------------------------------------------
          b1 |  -320.8503   99.18223    -3.23   0.004    -525.5524   -116.1483
          b2 |  -2724.651   323307.7    -0.01   0.993    -669998.9    664549.6
------------------------------------------------------------------------------
* Parameter b1 taken as constant term in model & ANOVA table
 (SEs, P values, CIs, and correlations are asymptotic approximations)
convergence not achieved
