=============================================================================================================
Estimation for Aviation_freight and TAN, specification 2
=============================================================================================================
   
US parameters:
-------------------------------------------------------------------
elascoef1 = 4.716060423565893
elascoef2 = 4.716060423565893
trend     = .1544685281312922
-------------------------------------------------------------------
   
Model specification estimated:
( lnYtou = lnY + {b1} + (1.3-1)*ln(t-{b2=1959})*{b3=4.716060423565893} - (1-.3)*lnYpercap*4.716060423565893 + 
> .1544685281312922*t  ) 
-------------------------------------------------------------------
(obs = 27)

Iteration 0:  residual SS =   2756482
Iteration 1:  residual SS =   2735518
Iteration 2:  residual SS =   2404897
Iteration 3:  residual SS =   2113866
Iteration 4:  residual SS =   1983792
Iteration 5:  residual SS =   1861574
Iteration 6:  cannot calculate derivatives
equation/system not identified
