=============================================================================================================
Estimation for Aviation_freight and TUN, specification 1
=============================================================================================================
   
US parameters:
-------------------------------------------------------------------
elascoef1 = 4.716060423565893
elascoef2 = 4.716060423565893
trend     = .1544685281312922
-------------------------------------------------------------------
   
Model specification estimated:
( lnYtou = lnY + {b1} + (1.3-1)*ln(t-{b2=1953})*4.716060423565893 - (1-.3)*lnYpercap*4.716060423565893 + .1544
> 685281312922*t  ) 
-------------------------------------------------------------------
(obs = 34)

Iteration 0:  residual SS =   3362268
Iteration 1:  residual SS =   3161817
Iteration 2:  residual SS =   21.0259
Iteration 3:  residual SS =  12.26763
Iteration 4:  residual SS =  8.893836
Iteration 5:  residual SS =  7.306224
Iteration 6:  residual SS =  6.823994
Iteration 7:  residual SS =  6.781626
Iteration 8:  residual SS =  6.781233
Iteration 9:  residual SS =  6.781232

      Source |       SS       df       MS            Number of obs =        34
-------------+------------------------------         F(  1,    32) =    195.23
       Model |  41.3710945     1  41.3710945         Prob > F      =    0.0000
    Residual |  6.78123216    32  .211913505         R-squared     =    0.8592
-------------+------------------------------         Adj R-squared =    0.8548
       Total |  48.1523266    33  1.45916141         Root MSE      =  .4603406
                                                     Res. dev.     =  41.67296

------------------------------------------------------------------------------
      lnYtou |      Coef.   Std. Err.      t    P>|t|     [95% Conf. Interval]
-------------+----------------------------------------------------------------
          b1 |  -316.8699   .8260782  -383.58   0.000    -318.5525   -315.1872
          b2 |   1871.187   59.49802    31.45   0.000     1749.993     1992.38
------------------------------------------------------------------------------
* Parameter b1 taken as constant term in model & ANOVA table
 (SEs, P values, CIs, and correlations are asymptotic approximations)
