=============================================================================================================
Estimation for Aviation_freight and UGA, specification 1
=============================================================================================================
   
US parameters:
-------------------------------------------------------------------
elascoef1 = 4.716060423565893
elascoef2 = 4.716060423565893
trend     = .1544685281312922
-------------------------------------------------------------------
   
Model specification estimated:
( lnYtou = lnY + {b1} + (1.3-1)*ln(t-{b2=1959})*4.716060423565893 - (1-.3)*lnYpercap*4.716060423565893 + .1544
> 685281312922*t  ) 
-------------------------------------------------------------------
(obs = 22)

Iteration 0:  residual SS =   2209810
Iteration 1:  residual SS =   2140055
Iteration 2:  residual SS =  84.54809
Iteration 3:  residual SS =  76.76826
Iteration 4:  residual SS =  73.49996
Iteration 5:  residual SS =  73.27498
Iteration 6:  residual SS =  72.38529
Iteration 7:  residual SS =  71.88176
Iteration 8:  residual SS =  71.43023
Iteration 9:  residual SS =  71.11368
Iteration 10:  residual SS =   70.9826
Iteration 11:  residual SS =  70.77788
Iteration 12:  residual SS =  70.62651
Iteration 13:  residual SS =  70.54325
Iteration 14:  residual SS =   70.4228
Iteration 15:  residual SS =  70.31798
Iteration 16:  residual SS =  70.23156
Iteration 17:  residual SS =   70.1671
Iteration 18:  residual SS =  70.12914
Iteration 19:  residual SS =  70.12362
Iteration 20:  residual SS =  70.07126
Iteration 21:  residual SS =  70.02545
Iteration 22:  residual SS =  69.98705
Iteration 23:  residual SS =  69.95713
Iteration 24:  residual SS =  69.93695
Iteration 25:  residual SS =  69.92808
Iteration 26:  residual SS =  69.89831
Iteration 27:  residual SS =  69.87052
Iteration 28:  residual SS =   69.8449
Iteration 29:  residual SS =  69.82163
Iteration 30:  residual SS =  69.80096
Iteration 31:  residual SS =  69.78313
Iteration 32:  residual SS =  69.76844
Iteration 33:  residual SS =  69.75724
Iteration 34:  residual SS =   69.7499
Iteration 35:  residual SS =  69.74687
Iteration 36:  residual SS =  69.73184
Iteration 37:  residual SS =   69.7175
Iteration 38:  residual SS =   69.7039
Iteration 39:  residual SS =  69.69107
Iteration 40:  residual SS =  69.67908
Iteration 41:  residual SS =  69.66798
Iteration 42:  residual SS =  69.65784
Iteration 43:  residual SS =  69.64871
Iteration 44:  residual SS =  69.64068
Iteration 45:  residual SS =  69.63383
Iteration 46:  residual SS =  69.62824
Iteration 47:  residual SS =  69.62403
Iteration 48:  residual SS =  69.62129
Iteration 49:  residual SS =  69.62016

      Source |       SS       df       MS            Number of obs =        22
-------------+------------------------------         F(  1,    20) =    -17.30
       Model | -60.2177691     1 -60.2177691         Prob > F      =    1.0000
    Residual |  69.6125504    20  3.48062752         R-squared     =   -6.4097
-------------+------------------------------         Adj R-squared =   -6.7802
       Total |   9.3947813    21  .447370538         Root MSE      =  1.865644
                                                     Res. dev.     =  87.77515

------------------------------------------------------------------------------
      lnYtou |      Coef.   Std. Err.      t    P>|t|     [95% Conf. Interval]
-------------+----------------------------------------------------------------
          b1 |  -324.1571   15.20362   -21.32   0.000    -355.8713   -292.4429
          b2 |   888.9362   11506.77     0.08   0.939    -23113.77    24891.64
------------------------------------------------------------------------------
* Parameter b1 taken as constant term in model & ANOVA table
 (SEs, P values, CIs, and correlations are asymptotic approximations)
convergence not achieved
