=============================================================================================================
Estimation for Aviation_freight and VNZ, specification 1
=============================================================================================================
   
US parameters:
-------------------------------------------------------------------
elascoef1 = 4.716060423565893
elascoef2 = 4.716060423565893
trend     = .1544685281312922
-------------------------------------------------------------------
   
Model specification estimated:
( lnYtou = lnY + {b1} + (1.3-1)*ln(t-{b2=1946})*4.716060423565893 - (1-.3)*lnYpercap*4.716060423565893 + .1544
> 685281312922*t  ) 
-------------------------------------------------------------------
(obs = 41)

Iteration 0:  residual SS =   3916758
Iteration 1:  residual SS =  993.9518
Iteration 2:  residual SS =  411.4944
Iteration 3:  residual SS =   406.154
Iteration 4:  residual SS =  403.7566
Iteration 5:  residual SS =  401.6802
Iteration 6:  residual SS =  400.8853
Iteration 7:  residual SS =  399.7732
Iteration 8:  residual SS =  399.0848
Iteration 9:  residual SS =   398.967
Iteration 10:  residual SS =  398.4234
Iteration 11:  residual SS =  398.0315
Iteration 12:  residual SS =  397.8277
Iteration 13:  residual SS =  397.4704
Iteration 14:  residual SS =  397.1528
Iteration 15:  residual SS =  396.8811
Iteration 16:  residual SS =  396.6625
Iteration 17:  residual SS =   396.506
Iteration 18:  residual SS =  396.4227
Iteration 19:  residual SS =  396.2393
Iteration 20:  residual SS =  396.0694
Iteration 21:  residual SS =  395.9144
Iteration 22:  residual SS =  395.7758
Iteration 23:  residual SS =  395.6556
Iteration 24:  residual SS =  395.5559
Iteration 25:  residual SS =  395.4792
Iteration 26:  residual SS =  395.4285
Iteration 27:  residual SS =  395.4071
Iteration 28:  residual SS =  395.3177
Iteration 29:  residual SS =  395.2331
Iteration 30:  residual SS =  395.1537
Iteration 31:  residual SS =    395.08
Iteration 32:  residual SS =  395.0125
Iteration 33:  residual SS =  394.9515
Iteration 34:  residual SS =  394.8976
Iteration 35:  residual SS =  394.8516
Iteration 36:  residual SS =  394.8139
Iteration 37:  residual SS =  394.7854
Iteration 38:  residual SS =  394.7671
Iteration 39:  residual SS =  394.7597
Iteration 40:  residual SS =  394.7145
Iteration 41:  residual SS =  394.6709
Iteration 42:  residual SS =  394.6292
Iteration 43:  residual SS =  394.5893
Iteration 44:  residual SS =  394.5514
Iteration 45:  residual SS =  394.5156
Iteration 46:  residual SS =   394.482
Iteration 47:  residual SS =  394.4507
Iteration 48:  residual SS =  394.4219
Iteration 49:  residual SS =  394.3958

      Source |       SS       df       MS            Number of obs =        41
-------------+------------------------------         F(  1,    39) =    -35.03
       Model | -354.252573     1 -354.252573         Prob > F      =    1.0000
    Residual |  394.372372    39  10.1121121         R-squared     =   -8.8299
-------------+------------------------------         Adj R-squared =   -9.0819
       Total |  40.1197993    40  1.00299498         Root MSE      =  3.179955
                                                     Res. dev.     =  209.1656

------------------------------------------------------------------------------
      lnYtou |      Coef.   Std. Err.      t    P>|t|     [95% Conf. Interval]
-------------+----------------------------------------------------------------
          b1 |  -318.4684    14.9793   -21.26   0.000    -348.7669     -288.17
          b2 |  -336.1965   23924.31    -0.01   0.989    -48727.67    48055.28
------------------------------------------------------------------------------
* Parameter b1 taken as constant term in model & ANOVA table
 (SEs, P values, CIs, and correlations are asymptotic approximations)
convergence not achieved
