=============================================================================================================
Estimation for Cars and ALB, specification 2
=============================================================================================================
   
US parameters:
-------------------------------------------------------------------
elascoef1 = 6.400111120162404
elascoef2 = 6.400111120162404
trend     = .0699042705884224
-------------------------------------------------------------------
   
Model specification estimated:
( lnYtou = lnY + {b1} + (1.3-1)*ln(t-{b2=1985})*{b3=6.400111120162404} - (1-.3)*lnYpercap*6.400111120162404 + .0699042705884224*t  ) 
-------------------------------------------------------------------
(obs = 12)

Iteration 0:  residual SS =  229954.9
Iteration 1:  residual SS =  223100.7
Iteration 2:  residual SS =  4.218116
Iteration 3:  residual SS =  1.604758
Iteration 4:  residual SS =  .7180835
Iteration 5:  residual SS =  .6916822
Iteration 6:  residual SS =  .6916511
Iteration 7:  residual SS =  .6916511
Iteration 8:  residual SS =  .6916511

      Source |       SS       df       MS            Number of obs =        12
-------------+------------------------------         F(  2,     9) =     53.83
       Model |  8.27333017     2  4.13666508         Prob > F      =    0.0000
    Residual |  .691651065     9  .076850118         R-squared     =    0.9228
-------------+------------------------------         Adj R-squared =    0.9057
       Total |  8.96498123    11  .814998294         Root MSE      =  .2772185
                                                     Res. dev.     = -.1884393

------------------------------------------------------------------------------
      lnYtou |      Coef.   Std. Err.      t    P>|t|     [95% Conf. Interval]
-------------+----------------------------------------------------------------
          b1 |  -149.2633   22.39804    -6.66   0.000    -199.9312   -98.59545
          b2 |   1975.674   20.90122    94.52   0.000     1928.393    2022.956
          b3 |   17.08816   18.88356     0.90   0.389    -25.62942    59.80575
------------------------------------------------------------------------------
* Parameter b1 taken as constant term in model & ANOVA table
 (SEs, P values, CIs, and correlations are asymptotic approximations)
