=============================================================================================================
Estimation for Cars and ARG, specification 2
=============================================================================================================
   
US parameters:
-------------------------------------------------------------------
elascoef1 = 6.400111120162404
elascoef2 = 6.400111120162404
trend     = .0699042705884224
-------------------------------------------------------------------
   
Model specification estimated:
( lnYtou = lnY + {b1} + (1.3-1)*ln(t-{b2=1915})*{b3=6.400111120162404} - (1-.3)*lnYpercap*6.400111120162404 + .0699042705884224*t  ) 
-------------------------------------------------------------------
(obs = 79)

Iteration 0:  residual SS =   1422222
Iteration 1:  residual SS =   1378520
Iteration 2:  residual SS =  21.66025
Iteration 3:  residual SS =  21.54868
Iteration 4:  residual SS =  21.41131
Iteration 5:  residual SS =  21.33768
Iteration 6:  residual SS =   21.2361
Iteration 7:  residual SS =  21.19113
Iteration 8:  residual SS =  21.18222
Iteration 9:  residual SS =  21.18221
Iteration 10:  residual SS =  21.18221

      Source |       SS       df       MS            Number of obs =        79
-------------+------------------------------         F(  2,    76) =    184.85
       Model |  103.042511     2  51.5212555         Prob > F      =    0.0000
    Residual |  21.1822108    76  .278713299         R-squared     =    0.8295
-------------+------------------------------         Adj R-squared =    0.8250
       Total |  124.224722    78  1.59262464         Root MSE      =   .527933
                                                     Res. dev.     =  120.2057

------------------------------------------------------------------------------
      lnYtou |      Coef.   Std. Err.      t    P>|t|     [95% Conf. Interval]
-------------+----------------------------------------------------------------
          b1 |  -127.6299   .2330774  -547.59   0.000    -128.0941   -127.1657
          b2 |   1919.992   .0532506        .   0.000     1919.886    1920.098
          b3 |   .3617101   .2207533     1.64   0.105    -.0779583    .8013784
------------------------------------------------------------------------------
* Parameter b1 taken as constant term in model & ANOVA table
 (SEs, P values, CIs, and correlations are asymptotic approximations)
