=============================================================================================================
Estimation for Cars and AUL, specification 1
=============================================================================================================
   
US parameters:
-------------------------------------------------------------------
elascoef1 = 6.400111120162404
elascoef2 = 6.400111120162404
trend     = .0699042705884224
-------------------------------------------------------------------
   
Model specification estimated:
( lnYtou = lnY + {b1} + (1.3-1)*ln(t-{b2=1918})*6.400111120162404 - (1-.3)*lnYpercap*6.400111120162404 + .0699042705884224*t  ) 
-------------------------------------------------------------------
(obs = 74)

Iteration 0:  residual SS =   1268660
Iteration 1:  residual SS =  976182.1
Iteration 2:  residual SS =  22.65233
Iteration 3:  residual SS =  10.43457
Iteration 4:  residual SS =  9.026588
Iteration 5:  residual SS =  9.013598

      Source |       SS       df       MS            Number of obs =        74
-------------+------------------------------         F(  1,    72) =    780.71
       Model |  97.7358839     1  97.7358839         Prob > F      =    0.0000
    Residual |  9.01359515    72  .125188822         R-squared     =    0.9156
-------------+------------------------------         Adj R-squared =    0.9144
       Total |  106.749479    73  1.46232163         Root MSE      =  .3538203
                                                     Res. dev.     =   54.2084

------------------------------------------------------------------------------
      lnYtou |      Coef.   Std. Err.      t    P>|t|     [95% Conf. Interval]
-------------+----------------------------------------------------------------
          b1 |  -131.9209   .1074766 -1227.44   0.000    -132.1352   -131.7067
          b2 |   1897.961   2.753725   689.23   0.000     1892.471     1903.45
------------------------------------------------------------------------------
* Parameter b1 taken as constant term in model & ANOVA table
 (SEs, P values, CIs, and correlations are asymptotic approximations)
