=============================================================================================================
Estimation for Cars and BKF, specification 2
=============================================================================================================
   
US parameters:
-------------------------------------------------------------------
elascoef1 = 6.400111120162404
elascoef2 = 6.400111120162404
trend     = .0699042705884224
-------------------------------------------------------------------
   
Model specification estimated:
( lnYtou = lnY + {b1} + (1.3-1)*ln(t-{b2=1949})*{b3=6.400111120162404} - (1-.3)*lnYpercap*6.400111120162404 + .0699042705884224*t  ) 
-------------------------------------------------------------------
(obs = 33)

Iteration 0:  residual SS =    692342
Iteration 1:  residual SS =  671261.7
Iteration 2:  residual SS =  167995.1
Iteration 3:  residual SS =   3.60387
Iteration 4:  residual SS =  3.603836
Iteration 5:  residual SS =  3.603836

      Source |       SS       df       MS            Number of obs =        33
-------------+------------------------------         F(  2,    30) =    121.57
       Model |  29.2073875     2  14.6036937         Prob > F      =    0.0000
    Residual |  3.60383569    30  .120127856         R-squared     =    0.8902
-------------+------------------------------         Adj R-squared =    0.8828
       Total |  32.8112232    32  1.02535072         Root MSE      =  .3465947
                                                     Res. dev.     =  20.57115

------------------------------------------------------------------------------
      lnYtou |      Coef.   Std. Err.      t    P>|t|     [95% Conf. Interval]
-------------+----------------------------------------------------------------
          b1 |  -140.7474   .2879794  -488.74   0.000    -141.3356   -140.1593
          b2 |   1953.747   .2341335  8344.59   0.000     1953.269    1954.225
          b3 |   2.091527   .3343745     6.26   0.000     1.408643    2.774411
------------------------------------------------------------------------------
* Parameter b1 taken as constant term in model & ANOVA table
 (SEs, P values, CIs, and correlations are asymptotic approximations)
