=============================================================================================================
Estimation for Cars and BOL, specification 1
=============================================================================================================
   
US parameters:
-------------------------------------------------------------------
elascoef1 = 6.400111120162404
elascoef2 = 6.400111120162404
trend     = .0699042705884224
-------------------------------------------------------------------
   
Model specification estimated:
( lnYtou = lnY + {b1} + (1.3-1)*ln(t-{b2=1940})*6.400111120162404 - (1-.3)*lnYpercap*6.400111120162404 + .0699042705884224*t  ) 
-------------------------------------------------------------------
(obs = 37)

Iteration 0:  residual SS =  723986.6
Iteration 1:  residual SS =  181124.9
Iteration 2:  residual SS =  15.25217
Iteration 3:  residual SS =  7.227438
Iteration 4:  residual SS =  5.849404
Iteration 5:  residual SS =   5.80689
Iteration 6:  residual SS =  5.806835

      Source |       SS       df       MS            Number of obs =        37
-------------+------------------------------         F(  1,    35) =    294.57
       Model |  48.8719494     1  48.8719494         Prob > F      =    0.0000
    Residual |  5.80683437    35  .165909553         R-squared     =    0.8938
-------------+------------------------------         Adj R-squared =    0.8908
       Total |  54.6787838    36  1.51885511         Root MSE      =    .40732
                                                     Res. dev.     =   36.4818

------------------------------------------------------------------------------
      lnYtou |      Coef.   Std. Err.      t    P>|t|     [95% Conf. Interval]
-------------+----------------------------------------------------------------
          b1 |  -140.8657   .2069597  -680.64   0.000    -141.2858   -140.4455
          b2 |   1926.628   3.551604   542.47   0.000     1919.418    1933.838
------------------------------------------------------------------------------
* Parameter b1 taken as constant term in model & ANOVA table
 (SEs, P values, CIs, and correlations are asymptotic approximations)
