=============================================================================================================
Estimation for Cars and BUL, specification 2
=============================================================================================================
   
US parameters:
-------------------------------------------------------------------
elascoef1 = 6.400111120162404
elascoef2 = 6.400111120162404
trend     = .0699042705884224
-------------------------------------------------------------------
   
Model specification estimated:
( lnYtou = lnY + {b1} + (1.3-1)*ln(t-{b2=1975})*{b3=6.400111120162404} - (1-.3)*lnYpercap*6.400111120162404 + .0699042705884224*t  ) 
-------------------------------------------------------------------
(obs = 12)

Iteration 0:  residual SS =  215462.6
Iteration 1:  residual SS =  208965.6
Iteration 2:  residual SS =  .3921215
Iteration 3:  residual SS =  .3110442
Iteration 4:  residual SS =  .3090179
Iteration 5:  residual SS =  .3090126
Iteration 6:  residual SS =  .3090126
Iteration 7:  residual SS =  .3090126

      Source |       SS       df       MS            Number of obs =        12
-------------+------------------------------         F(  2,     9) =      4.72
       Model |  .323888357     2  .161944178         Prob > F      =    0.0397
    Residual |  .309012634     9  .034334737         R-squared     =    0.5118
-------------+------------------------------         Adj R-squared =    0.4033
       Total |   .63290099    11  .057536454         Root MSE      =  .1852963
                                                     Res. dev.     = -9.856832

------------------------------------------------------------------------------
      lnYtou |      Coef.   Std. Err.      t    P>|t|     [95% Conf. Interval]
-------------+----------------------------------------------------------------
          b1 |  -126.9888   1.692935   -75.01   0.000    -130.8185   -123.1591
          b2 |    1976.82     6.6569   296.96   0.000     1961.761    1991.878
          b3 |  -1.819924   1.718162    -1.06   0.317    -5.706676    2.066828
------------------------------------------------------------------------------
* Parameter b1 taken as constant term in model & ANOVA table
 (SEs, P values, CIs, and correlations are asymptotic approximations)
