=============================================================================================================
Estimation for Cars and BUR, specification 1
=============================================================================================================
   
US parameters:
-------------------------------------------------------------------
elascoef1 = 6.400111120162404
elascoef2 = 6.400111120162404
trend     = .0699042705884224
-------------------------------------------------------------------
   
Model specification estimated:
( lnYtou = lnY + {b1} + (1.3-1)*ln(t-{b2=1957})*6.400111120162404 - (1-.3)*lnYpercap*6.400111120162404 + .0699042705884224*t  ) 
-------------------------------------------------------------------
(obs = 31)

Iteration 0:  residual SS =  656011.2
Iteration 1:  residual SS =  147.8428
Iteration 2:  residual SS =   1.46878
Iteration 3:  residual SS =  1.232768
Iteration 4:  residual SS =  1.229141

      Source |       SS       df       MS            Number of obs =        31
-------------+------------------------------         F(  1,    29) =    266.14
       Model |  11.2801212     1  11.2801212         Prob > F      =    0.0000
    Residual |  1.22914029    29  .042384148         R-squared     =    0.9017
-------------+------------------------------         Adj R-squared =    0.8984
       Total |  12.5092615    30  .416975382         Root MSE      =  .2058741
                                                     Res. dev.     = -12.08365

------------------------------------------------------------------------------
      lnYtou |      Coef.   Std. Err.      t    P>|t|     [95% Conf. Interval]
-------------+----------------------------------------------------------------
          b1 |  -147.1208   .1785891  -823.79   0.000     -147.486   -146.7555
          b2 |   1932.888   3.930764   491.73   0.000     1924.849    1940.928
------------------------------------------------------------------------------
* Parameter b1 taken as constant term in model & ANOVA table
 (SEs, P values, CIs, and correlations are asymptotic approximations)
