=============================================================================================================
Estimation for Cars and CAR, specification 2
=============================================================================================================
   
US parameters:
-------------------------------------------------------------------
elascoef1 = 6.400111120162404
elascoef2 = 6.400111120162404
trend     = .0699042705884224
-------------------------------------------------------------------
   
Model specification estimated:
( lnYtou = lnY + {b1} + (1.3-1)*ln(t-{b2=1945})*{b3=6.400111120162404} - (1-.3)*lnYpercap*6.400111120162404 + .0699042705884224*t  ) 
-------------------------------------------------------------------
(obs = 37)

Iteration 0:  residual SS =  761631.7
Iteration 1:  residual SS =  738409.6
Iteration 2:  residual SS =    415717
Iteration 3:  residual SS =  233871.5
Iteration 4:  residual SS =  179054.1
Iteration 5:  residual SS =  137076.4
Iteration 6:  cannot calculate derivatives
equation/system not identified
