=============================================================================================================
Estimation for Cars and CAR, specification 1
=============================================================================================================
   
US parameters:
-------------------------------------------------------------------
elascoef1 = 6.400111120162404
elascoef2 = 6.400111120162404
trend     = .0699042705884224
-------------------------------------------------------------------
   
Model specification estimated:
( lnYtou = lnY + {b1} + (1.3-1)*ln(t-{b2=1945})*6.400111120162404 - (1-.3)*lnYpercap*6.400111120162404 + .0699042705884224*t  ) 
-------------------------------------------------------------------
(obs = 37)

Iteration 0:  residual SS =  761631.7
Iteration 1:  residual SS =  252.8259
Iteration 2:  residual SS =  40.65855
Iteration 3:  residual SS =  37.49414
Iteration 4:  residual SS =  36.86576
Iteration 5:  residual SS =  36.40094
Iteration 6:  residual SS =  35.72982
Iteration 7:  residual SS =  35.06379
Iteration 8:  residual SS =  34.63344
Iteration 9:  residual SS =   34.5079
Iteration 10:  residual SS =  34.21792
Iteration 11:  residual SS =  34.01632
Iteration 12:  residual SS =  33.92431
Iteration 13:  residual SS =  33.75282
Iteration 14:  residual SS =  33.60723
Iteration 15:  residual SS =  33.49159
Iteration 16:  residual SS =  33.41109
Iteration 17:  residual SS =  33.37249
Iteration 18:  residual SS =  33.28433
Iteration 19:  residual SS =  33.20467
Iteration 20:  residual SS =  33.13444
Iteration 21:  residual SS =  33.07479
Iteration 22:  residual SS =  33.02705
Iteration 23:  residual SS =  32.99286
Iteration 24:  residual SS =  32.97417
Iteration 25:  residual SS =  32.97342
Iteration 26:  residual SS =  32.93325
Iteration 27:  residual SS =  32.89632
Iteration 28:  residual SS =   32.8629
Iteration 29:  residual SS =  32.83331
Iteration 30:  residual SS =  32.80791
Iteration 31:  residual SS =   32.7871
Iteration 32:  residual SS =  32.77137
Iteration 33:  residual SS =  32.76124
Iteration 34:  residual SS =  32.75734
Iteration 35:  residual SS =  32.73551
Iteration 36:  residual SS =  32.71469
Iteration 37:  residual SS =  32.69494
Iteration 38:  residual SS =  32.67634
Iteration 39:  residual SS =  32.65895
Iteration 40:  residual SS =  32.64286
Iteration 41:  residual SS =  32.62813
Iteration 42:  residual SS =  32.61488
Iteration 43:  residual SS =   32.6032
Iteration 44:  residual SS =   32.5932
Iteration 45:  residual SS =  32.58501
Iteration 46:  residual SS =  32.57877
Iteration 47:  residual SS =  32.57463
Iteration 48:  residual SS =  32.57276
Iteration 49:  residual SS =  32.56164

      Source |       SS       df       MS            Number of obs =        37
-------------+------------------------------         F(  1,    35) =     50.37
       Model |  46.8468783     1  46.8468783         Prob > F      =    0.0000
    Residual |  32.5508576    35  .930024504         R-squared     =    0.5900
-------------+------------------------------         Adj R-squared =    0.5783
       Total |  79.3977359    36  2.20549266         Root MSE      =  .9643778
                                                     Res. dev.     =  100.2612

------------------------------------------------------------------------------
      lnYtou |      Coef.   Std. Err.      t    P>|t|     [95% Conf. Interval]
-------------+----------------------------------------------------------------
          b1 |  -153.6109   19.43731    -7.90   0.000    -193.0707   -114.1511
          b2 |   -1136.11   31001.24    -0.04   0.971    -64071.97    61799.75
------------------------------------------------------------------------------
* Parameter b1 taken as constant term in model & ANOVA table
 (SEs, P values, CIs, and correlations are asymptotic approximations)
convergence not achieved
