=============================================================================================================
Estimation for Cars and CHL, specification 1
=============================================================================================================
   
US parameters:
-------------------------------------------------------------------
elascoef1 = 6.400111120162404
elascoef2 = 6.400111120162404
trend     = .0699042705884224
-------------------------------------------------------------------
   
Model specification estimated:
( lnYtou = lnY + {b1} + (1.3-1)*ln(t-{b2=1910})*6.400111120162404 - (1-.3)*lnYpercap*6.400111120162404 + .0699042705884224*t  ) 
-------------------------------------------------------------------
(obs = 77)

Iteration 0:  residual SS =   1436232
Iteration 1:  residual SS =  805332.2
Iteration 2:  residual SS =  85.88751
Iteration 3:  residual SS =  39.12469
Iteration 4:  residual SS =  21.02311
Iteration 5:  residual SS =  16.18543
Iteration 6:  residual SS =  15.63341
Iteration 7:  residual SS =  15.62786

      Source |       SS       df       MS            Number of obs =        77
-------------+------------------------------         F(  1,    75) =    805.75
       Model |  167.894362     1  167.894362         Prob > F      =    0.0000
    Residual |  15.6278573    75  .208371431         R-squared     =    0.9148
-------------+------------------------------         Adj R-squared =    0.9137
       Total |  183.522219    76  2.41476604         Root MSE      =  .4564772
                                                     Res. dev.     =  95.72076

------------------------------------------------------------------------------
      lnYtou |      Coef.   Std. Err.      t    P>|t|     [95% Conf. Interval]
-------------+----------------------------------------------------------------
          b1 |  -138.2496   .2027623  -681.83   0.000    -138.6536   -137.8457
          b2 |   1862.212   8.862249   210.13   0.000     1844.558    1879.867
------------------------------------------------------------------------------
* Parameter b1 taken as constant term in model & ANOVA table
 (SEs, P values, CIs, and correlations are asymptotic approximations)
