=============================================================================================================
Estimation for Cars and CMB, specification 1
=============================================================================================================
   
US parameters:
-------------------------------------------------------------------
elascoef1 = 6.400111120162404
elascoef2 = 6.400111120162404
trend     = .0699042705884224
-------------------------------------------------------------------
   
Model specification estimated:
( lnYtou = lnY + {b1} + (1.3-1)*ln(t-{b2=1945})*6.400111120162404 - (1-.3)*lnYpercap*6.400111120162404 + .0699042705884224*t  ) 
-------------------------------------------------------------------
(obs = 23)

Iteration 0:  residual SS =  473444.3
Iteration 1:  residual SS =  62.25507
Iteration 2:  residual SS =  6.653101
Iteration 3:  residual SS =  3.945849
Iteration 4:  residual SS =  3.562192
Iteration 5:  residual SS =  3.545392
Iteration 6:  residual SS =  3.545184

      Source |       SS       df       MS            Number of obs =        23
-------------+------------------------------         F(  1,    21) =     95.24
       Model |  16.0790715     1  16.0790715         Prob > F      =    0.0000
    Residual |   3.5451821    21  .168818195         R-squared     =    0.8193
-------------+------------------------------         Adj R-squared =    0.8107
       Total |  19.6242536    22  .892011526         Root MSE      =  .4108749
                                                     Res. dev.     =  22.26336

------------------------------------------------------------------------------
      lnYtou |      Coef.   Std. Err.      t    P>|t|     [95% Conf. Interval]
-------------+----------------------------------------------------------------
          b1 |  -143.8819   .2239891  -642.36   0.000    -144.3477   -143.4161
          b2 |   1941.892   1.781041  1090.31   0.000     1938.188    1945.595
------------------------------------------------------------------------------
* Parameter b1 taken as constant term in model & ANOVA table
 (SEs, P values, CIs, and correlations are asymptotic approximations)
