=============================================================================================================
Estimation for Cars and CON, specification 2
=============================================================================================================
   
US parameters:
-------------------------------------------------------------------
elascoef1 = 6.400111120162404
elascoef2 = 6.400111120162404
trend     = .0699042705884224
-------------------------------------------------------------------
   
Model specification estimated:
( lnYtou = lnY + {b1} + (1.3-1)*ln(t-{b2=1945})*{b3=6.400111120162404} - (1-.3)*lnYpercap*6.400111120162404 + .0699042705884224*t  ) 
-------------------------------------------------------------------
(obs = 37)

Iteration 0:  residual SS =  721975.7
Iteration 1:  residual SS =    699938
Iteration 2:  residual SS =  11.99164
Iteration 3:  residual SS =  11.94718
Iteration 4:  residual SS =  11.94688
Iteration 5:  residual SS =  11.94685
Iteration 6:  residual SS =  11.94685
Iteration 7:  residual SS =  11.94685
Iteration 8:  residual SS =  11.94685
Iteration 9:  residual SS =  11.94685
Iteration 10:  residual SS =  11.94685

      Source |       SS       df       MS            Number of obs =        37
-------------+------------------------------         F(  2,    34) =     23.37
       Model |  16.4254633     2  8.21273166         Prob > F      =    0.0000
    Residual |  11.9468463    34  .351377833         R-squared     =    0.5789
-------------+------------------------------         Adj R-squared =    0.5542
       Total |  28.3723097    36  .788119713         Root MSE      =  .5927713
                                                     Res. dev.     =  63.17478

------------------------------------------------------------------------------
      lnYtou |      Coef.   Std. Err.      t    P>|t|     [95% Conf. Interval]
-------------+----------------------------------------------------------------
          b1 |  -135.8947   1.148275  -118.35   0.000    -138.2283   -133.5611
          b2 |   1947.956   3.355174   580.58   0.000     1941.138    1954.775
          b3 |   2.638497   1.061842     2.48   0.018     .4805747    4.796419
------------------------------------------------------------------------------
* Parameter b1 taken as constant term in model & ANOVA table
 (SEs, P values, CIs, and correlations are asymptotic approximations)
