=============================================================================================================
Estimation for Cars and COS, specification 1
=============================================================================================================
   
US parameters:
-------------------------------------------------------------------
elascoef1 = 6.400111120162404
elascoef2 = 6.400111120162404
trend     = .0699042705884224
-------------------------------------------------------------------
   
Model specification estimated:
( lnYtou = lnY + {b1} + (1.3-1)*ln(t-{b2=1923})*6.400111120162404 - (1-.3)*lnYpercap*6.400111120162404 + .0699042705884224*t  ) 
-------------------------------------------------------------------
(obs = 54)

Iteration 0:  residual SS =   1021971
Iteration 1:  residual SS =  134.2595
Iteration 2:  residual SS =   16.9751
Iteration 3:  residual SS =  16.32874
Iteration 4:  residual SS =  16.32111
Iteration 5:  residual SS =   16.3207
Iteration 6:  residual SS =  16.32067

      Source |       SS       df       MS            Number of obs =        54
-------------+------------------------------         F(  1,    52) =    382.15
       Model |  119.941771     1  119.941771         Prob > F      =    0.0000
    Residual |  16.3206718    52  .313859073         R-squared     =    0.8802
-------------+------------------------------         Adj R-squared =    0.8779
       Total |  136.262443    53  2.57098949         Root MSE      =  .5602313
                                                     Res. dev.     =  88.63158

------------------------------------------------------------------------------
      lnYtou |      Coef.   Std. Err.      t    P>|t|     [95% Conf. Interval]
-------------+----------------------------------------------------------------
          b1 |  -138.0001   .1477043  -934.30   0.000    -138.2965   -137.7038
          b2 |   1914.796   2.834364   675.56   0.000     1909.109    1920.484
------------------------------------------------------------------------------
* Parameter b1 taken as constant term in model & ANOVA table
 (SEs, P values, CIs, and correlations are asymptotic approximations)
