=============================================================================================================
Estimation for Cars and DOM, specification 2
=============================================================================================================
   
US parameters:
-------------------------------------------------------------------
elascoef1 = 6.400111120162404
elascoef2 = 6.400111120162404
trend     = .0699042705884224
-------------------------------------------------------------------
   
Model specification estimated:
( lnYtou = lnY + {b1} + (1.3-1)*ln(t-{b2=1945})*{b3=6.400111120162404} - (1-.3)*lnYpercap*6.400111120162404 + .0699042705884224*t  ) 
-------------------------------------------------------------------
(obs = 43)

Iteration 0:  residual SS =  839963.1
Iteration 1:  residual SS =  814216.2
Iteration 2:  residual SS =  7.653937
Iteration 3:  residual SS =  6.649788
Iteration 4:  residual SS =  6.391347
Iteration 5:  residual SS =  6.375252
Iteration 6:  residual SS =  6.374573
Iteration 7:  residual SS =  6.374495
Iteration 8:  residual SS =  6.374472
Iteration 9:  residual SS =  6.374465
Iteration 10:  residual SS =  6.374464
Iteration 11:  residual SS =  6.374463
Iteration 12:  residual SS =  6.374463
Iteration 13:  residual SS =  6.374463
Iteration 14:  residual SS =  6.374463
Iteration 15:  residual SS =  6.374463
Iteration 16:  residual SS =  6.374463
Iteration 17:  residual SS =  6.374463

      Source |       SS       df       MS            Number of obs =        43
-------------+------------------------------         F(  2,    40) =    155.94
       Model |   49.700314     2   24.850157         Prob > F      =    0.0000
    Residual |  6.37446277    40  .159361569         R-squared     =    0.8863
-------------+------------------------------         Adj R-squared =    0.8806
       Total |  56.0747768    42  1.33511373         Root MSE      =  .3992012
                                                     Res. dev.     =    39.946

------------------------------------------------------------------------------
      lnYtou |      Coef.   Std. Err.      t    P>|t|     [95% Conf. Interval]
-------------+----------------------------------------------------------------
          b1 |  -142.9578   4.443315   -32.17   0.000     -151.938   -133.9775
          b2 |   1933.298   11.97689   161.42   0.000     1909.092    1957.504
          b3 |   8.555173   3.293383     2.60   0.013     1.898997    15.21135
------------------------------------------------------------------------------
* Parameter b1 taken as constant term in model & ANOVA table
 (SEs, P values, CIs, and correlations are asymptotic approximations)
