=============================================================================================================
Estimation for Cars and ECU, specification 2
=============================================================================================================
   
US parameters:
-------------------------------------------------------------------
elascoef1 = 6.400111120162404
elascoef2 = 6.400111120162404
trend     = .0699042705884224
-------------------------------------------------------------------
   
Model specification estimated:
( lnYtou = lnY + {b1} + (1.3-1)*ln(t-{b2=1934})*{b3=6.400111120162404} - (1-.3)*lnYpercap*6.400111120162404 + .0699042705884224*t  ) 
-------------------------------------------------------------------
(obs = 49)

Iteration 0:  residual SS =  948830.6
Iteration 1:  residual SS =  919630.2
Iteration 2:  residual SS =  8.606259
Iteration 3:  residual SS =  8.200418
Iteration 4:  residual SS =   7.29689
Iteration 5:  residual SS =  6.957358
Iteration 6:  residual SS =  6.214408
Iteration 7:  residual SS =  5.471533
Iteration 8:  residual SS =  4.427519
Iteration 9:  residual SS =  4.427517
Iteration 10:  residual SS =  4.427516
Iteration 11:  residual SS =  4.427516
Iteration 12:  residual SS =  4.427516

      Source |       SS       df       MS            Number of obs =        49
-------------+------------------------------         F(  2,    46) =    529.14
       Model |  101.860777     2  50.9303885         Prob > F      =    0.0000
    Residual |   4.4275164    46  .096250357         R-squared     =    0.9583
-------------+------------------------------         Adj R-squared =    0.9565
       Total |  106.288293    48  2.21433945         Root MSE      =  .3102424
                                                     Res. dev.     =  21.26088

------------------------------------------------------------------------------
      lnYtou |      Coef.   Std. Err.      t    P>|t|     [95% Conf. Interval]
-------------+----------------------------------------------------------------
          b1 |  -171.2207   24.00605    -7.13   0.000    -219.5423    -122.899
          b2 |   1860.236   52.80913    35.23   0.000     1753.937    1966.536
          b3 |   27.53322   14.19329     1.94   0.059    -1.036401    56.10283
------------------------------------------------------------------------------
* Parameter b1 taken as constant term in model & ANOVA table
 (SEs, P values, CIs, and correlations are asymptotic approximations)
