=============================================================================================================
Estimation for Cars and FRA, specification 2
=============================================================================================================
   
US parameters:
-------------------------------------------------------------------
elascoef1 = 6.400111120162404
elascoef2 = 6.400111120162404
trend     = .0699042705884224
-------------------------------------------------------------------
   
Model specification estimated:
( lnYtou = lnY + {b1} + (1.3-1)*ln(t-{b2=1890})*{b3=6.400111120162404} - (1-.3)*lnYpercap*6.400111120162404 + .0699042705884224*t  ) 
-------------------------------------------------------------------
(obs = 99)

Iteration 0:  residual SS =   1770469
Iteration 1:  residual SS =   1715453
Iteration 2:  residual SS =  77.92101
Iteration 3:  residual SS =  60.76045
Iteration 4:  residual SS =  59.92148
Iteration 5:  residual SS =  59.85313
Iteration 6:  residual SS =   59.8469
Iteration 7:  residual SS =  59.84637
Iteration 8:  residual SS =  59.84633
Iteration 9:  residual SS =  59.84632
Iteration 10:  residual SS =  59.84632
Iteration 11:  residual SS =  59.84632

      Source |       SS       df       MS            Number of obs =        99
-------------+------------------------------         F(  2,    96) =    628.04
       Model |  783.035122     2  391.517561         Prob > F      =    0.0000
    Residual |  59.8463246    96  .623399215         R-squared     =    0.9290
-------------+------------------------------         Adj R-squared =    0.9275
       Total |  842.881447    98  8.60083109         Root MSE      =  .7895563
                                                     Res. dev.     =  231.1192

------------------------------------------------------------------------------
      lnYtou |      Coef.   Std. Err.      t    P>|t|     [95% Conf. Interval]
-------------+----------------------------------------------------------------
          b1 |   -148.191   2.885572   -51.36   0.000    -153.9188   -142.4631
          b2 |   1877.471   5.037266   372.72   0.000     1867.472     1887.47
          b3 |   17.63833   1.934685     9.12   0.000     13.79801    21.47865
------------------------------------------------------------------------------
* Parameter b1 taken as constant term in model & ANOVA table
 (SEs, P values, CIs, and correlations are asymptotic approximations)
