=============================================================================================================
Estimation for Cars and GAB, specification 1
=============================================================================================================
   
US parameters:
-------------------------------------------------------------------
elascoef1 = 6.400111120162404
elascoef2 = 6.400111120162404
trend     = .0699042705884224
-------------------------------------------------------------------
   
Model specification estimated:
( lnYtou = lnY + {b1} + (1.3-1)*ln(t-{b2=1945})*6.400111120162404 - (1-.3)*lnYpercap*6.400111120162404 + .0699042705884224*t  ) 
-------------------------------------------------------------------
(obs = 43)

Iteration 0:  residual SS =  793968.4
Iteration 1:  residual SS =  609503.9
Iteration 2:  residual SS =  64.84209
Iteration 3:  residual SS =  61.59887
Iteration 4:  residual SS =   60.8533
Iteration 5:  residual SS =  60.73111
Iteration 6:  residual SS =  60.71489
Iteration 7:  residual SS =  60.71293
Iteration 8:  residual SS =   60.7127

      Source |       SS       df       MS            Number of obs =        43
-------------+------------------------------         F(  1,    41) =      2.68
       Model |  3.96147669     1  3.96147669         Prob > F      =    0.1096
    Residual |  60.7126776    41  1.48079701         R-squared     =    0.0613
-------------+------------------------------         Adj R-squared =    0.0384
       Total |  64.6741543    42  1.53986082         Root MSE      =   1.21688
                                                     Res. dev.     =  136.8617

------------------------------------------------------------------------------
      lnYtou |      Coef.   Std. Err.      t    P>|t|     [95% Conf. Interval]
-------------+----------------------------------------------------------------
          b1 |  -136.2146   .3911303  -348.26   0.000    -137.0045   -135.4247
          b2 |   1941.127   4.449357   436.27   0.000     1932.142    1950.113
------------------------------------------------------------------------------
* Parameter b1 taken as constant term in model & ANOVA table
 (SEs, P values, CIs, and correlations are asymptotic approximations)
