=============================================================================================================
Estimation for Cars and GER, specification 1
=============================================================================================================
   
US parameters:
-------------------------------------------------------------------
elascoef1 = 6.400111120162404
elascoef2 = 6.400111120162404
trend     = .0699042705884224
-------------------------------------------------------------------
   
Model specification estimated:
( lnYtou = lnY + {b1} + (1.3-1)*ln(t-{b2=1901})*6.400111120162404 - (1-.3)*lnYpercap*6.400111120162404 + .0699042705884224*t  ) 
-------------------------------------------------------------------
(obs = 74)

Iteration 0:  residual SS =   1324336
Iteration 1:  residual SS =   1011110
Iteration 2:  residual SS =  178.4105
Iteration 3:  residual SS =  178.3936
Iteration 4:  residual SS =  178.3901
Iteration 5:  residual SS =  178.3896

      Source |       SS       df       MS            Number of obs =        74
-------------+------------------------------         F(  1,    72) =     89.71
       Model |  222.268285     1  222.268285         Prob > F      =    0.0000
    Residual |  178.389534    72  2.47763242         R-squared     =    0.5548
-------------+------------------------------         Adj R-squared =    0.5486
       Total |  400.657819    73  5.48846327         Root MSE      =   1.57405
                                                     Res. dev.     =  275.1158

------------------------------------------------------------------------------
      lnYtou |      Coef.   Std. Err.      t    P>|t|     [95% Conf. Interval]
-------------+----------------------------------------------------------------
          b1 |  -133.5657   .2160996  -618.07   0.000    -133.9965   -133.1349
          b2 |   1903.778   1.342939  1417.62   0.000     1901.101    1906.456
------------------------------------------------------------------------------
* Parameter b1 taken as constant term in model & ANOVA table
 (SEs, P values, CIs, and correlations are asymptotic approximations)
