=============================================================================================================
Estimation for Cars and GRE, specification 2
=============================================================================================================
   
US parameters:
-------------------------------------------------------------------
elascoef1 = 6.400111120162404
elascoef2 = 6.400111120162404
trend     = .0699042705884224
-------------------------------------------------------------------
   
Model specification estimated:
( lnYtou = lnY + {b1} + (1.3-1)*ln(t-{b2=1918})*{b3=6.400111120162404} - (1-.3)*lnYpercap*6.400111120162404 + .0699042705884224*t  ) 
-------------------------------------------------------------------
(obs = 64)

Iteration 0:  residual SS =   1187797
Iteration 1:  residual SS =   1151291
Iteration 2:  residual SS =   278.871
Iteration 3:  residual SS =  270.7606
Iteration 4:  residual SS =  266.1519
Iteration 5:  residual SS =  264.6852
Iteration 6:  residual SS =  262.7287
Iteration 7:  residual SS =  261.7173
Iteration 8:  residual SS =  260.4039
Iteration 9:  residual SS =  259.2988
Iteration 10:  residual SS =  258.4312
Iteration 11:  residual SS =  257.8373
Iteration 12:  residual SS =  257.5627
Iteration 13:  residual SS =  256.9349
Iteration 14:  residual SS =   256.366
Iteration 15:  residual SS =  255.8612
Iteration 16:  residual SS =  255.4259
Iteration 17:  residual SS =  255.0666
Iteration 18:  residual SS =  254.7909
Iteration 19:  residual SS =  254.6074
Iteration 20:  residual SS =   254.526
Iteration 21:  residual SS =  254.2195
Iteration 22:  residual SS =  253.9297
Iteration 23:  residual SS =  253.6575
Iteration 24:  residual SS =  253.4039
Iteration 25:  residual SS =  253.1699
Iteration 26:  residual SS =  252.9565
Iteration 27:  residual SS =   252.765
Iteration 28:  residual SS =  252.5967
Iteration 29:  residual SS =  252.4531
Iteration 30:  residual SS =  252.3356
Iteration 31:  residual SS =  252.2461
Iteration 32:  residual SS =  252.1864
Iteration 33:  residual SS =  252.1587
Iteration 34:  residual SS =   252.008
Iteration 35:  residual SS =  251.8622
Iteration 36:  residual SS =  251.7213
Iteration 37:  residual SS =  251.5856
Iteration 38:  residual SS =  251.4552
Iteration 39:  residual SS =  251.3303
Iteration 40:  residual SS =  251.2111
Iteration 41:  residual SS =  251.0977
Iteration 42:  residual SS =  250.9905
Iteration 43:  residual SS =  250.8896
Iteration 44:  residual SS =  250.7953
Iteration 45:  residual SS =  250.7077
Iteration 46:  residual SS =  250.6273
Iteration 47:  residual SS =  250.5542
Iteration 48:  residual SS =  250.4887
Iteration 49:  residual SS =  250.4313

      Source |       SS       df       MS            Number of obs =        64
-------------+------------------------------         F(  2,    61) =      3.83
       Model |  31.4507132     2  15.7253566         Prob > F      =    0.0271
    Residual |  250.382073    61  4.10462415         R-squared     =    0.1116
-------------+------------------------------         Adj R-squared =    0.0825
       Total |  281.832786    63  4.47353629         Root MSE      =  2.025987
                                                     Res. dev.     =  268.9268

------------------------------------------------------------------------------
      lnYtou |      Coef.   Std. Err.      t    P>|t|     [95% Conf. Interval]
-------------+----------------------------------------------------------------
          b1 |  -258.1189   285.2175    -0.90   0.369    -828.4466    312.2088
          b2 |   1704.944   471.2266     3.62   0.001     762.6678    2647.219
          b3 |   78.01947   145.7899     0.54   0.594    -213.5054    369.5443
------------------------------------------------------------------------------
* Parameter b1 taken as constant term in model & ANOVA table
 (SEs, P values, CIs, and correlations are asymptotic approximations)
convergence not achieved
