=============================================================================================================
Estimation for Cars and HNK, specification 2
=============================================================================================================
   
US parameters:
-------------------------------------------------------------------
elascoef1 = 6.400111120162404
elascoef2 = 6.400111120162404
trend     = .0699042705884224
-------------------------------------------------------------------
   
Model specification estimated:
( lnYtou = lnY + {b1} + (1.3-1)*ln(t-{b2=1948})*{b3=6.400111120162404} - (1-.3)*lnYpercap*6.400111120162404 + .0699042705884224*t  ) 
-------------------------------------------------------------------
(obs = 41)

Iteration 0:  residual SS =  737036.5
Iteration 1:  residual SS =  714458.3
Iteration 2:  residual SS =   29.4707
Iteration 3:  residual SS =  19.48071
Iteration 4:  residual SS =  14.11007
Iteration 5:  residual SS =   8.99198
Iteration 6:  residual SS =  5.012128
Iteration 7:  residual SS =  1.380168
Iteration 8:  residual SS =  1.376075
Iteration 9:  residual SS =  1.376075
Iteration 10:  residual SS =  1.376075

      Source |       SS       df       MS            Number of obs =        41
-------------+------------------------------         F(  2,    38) =    398.58
       Model |  28.8670529     2  14.4335265         Prob > F      =    0.0000
    Residual |  1.37607465    38  .036212491         R-squared     =    0.9545
-------------+------------------------------         Adj R-squared =    0.9521
       Total |  30.2431276    40  .756078189         Root MSE      =  .1902958
                                                     Res. dev.     = -22.81486

------------------------------------------------------------------------------
      lnYtou |      Coef.   Std. Err.      t    P>|t|     [95% Conf. Interval]
-------------+----------------------------------------------------------------
          b1 |  -178.9297   12.27781   -14.57   0.000    -203.7848   -154.0745
          b2 |   1901.083   13.54927   140.31   0.000     1873.654    1928.512
          b3 |   39.69879   7.802538     5.09   0.000     23.90338     55.4942
------------------------------------------------------------------------------
* Parameter b1 taken as constant term in model & ANOVA table
 (SEs, P values, CIs, and correlations are asymptotic approximations)
