=============================================================================================================
Estimation for Cars and IND, specification 2
=============================================================================================================
   
US parameters:
-------------------------------------------------------------------
elascoef1 = 6.400111120162404
elascoef2 = 6.400111120162404
trend     = .0699042705884224
-------------------------------------------------------------------
   
Model specification estimated:
( lnYtou = lnY + {b1} + (1.3-1)*ln(t-{b2=1930})*{b3=6.400111120162404} - (1-.3)*lnYpercap*6.400111120162404 + .0699042705884224*t  ) 
-------------------------------------------------------------------
(obs = 64)

Iteration 0:  residual SS =   1340290
Iteration 1:  residual SS =   1298972
Iteration 2:  residual SS =  34.03417
Iteration 3:  residual SS =  29.67363
Iteration 4:  residual SS =   29.3067
Iteration 5:  residual SS =  29.00085
Iteration 6:  residual SS =  28.84043
Iteration 7:  residual SS =  28.65908
Iteration 8:  residual SS =  28.51331
Iteration 9:  residual SS =  28.41064
Iteration 10:  residual SS =  28.36106
Iteration 11:  residual SS =  28.27012
Iteration 12:  residual SS =  28.18948
Iteration 13:  residual SS =  28.12041
Iteration 14:  residual SS =  28.06441
Iteration 15:  residual SS =  28.02326
Iteration 16:  residual SS =  27.99912
Iteration 17:  residual SS =  27.99457
Iteration 18:  residual SS =  27.95195
Iteration 19:  residual SS =  27.91259
Iteration 20:  residual SS =  27.87673
Iteration 21:  residual SS =  27.84466
Iteration 22:  residual SS =  27.81669
Iteration 23:  residual SS =  27.79314
Iteration 24:  residual SS =  27.77441
Iteration 25:  residual SS =  27.76093
Iteration 26:  residual SS =  27.75316
Iteration 27:  residual SS =  27.75166
Iteration 28:  residual SS =  27.72956
Iteration 29:  residual SS =   27.7084
Iteration 30:  residual SS =  27.68823
Iteration 31:  residual SS =  27.66909
Iteration 32:  residual SS =  27.65102
Iteration 33:  residual SS =  27.63409
Iteration 34:  residual SS =  27.61835
Iteration 35:  residual SS =  27.60386
Iteration 36:  residual SS =  27.59068
Iteration 37:  residual SS =  27.57888
Iteration 38:  residual SS =  27.56853
Iteration 39:  residual SS =  27.55972
Iteration 40:  residual SS =  27.55253
Iteration 41:  residual SS =  27.54704
Iteration 42:  residual SS =  27.54336
Iteration 43:  residual SS =  27.54159
Iteration 44:  residual SS =  27.52999
Iteration 45:  residual SS =  27.51867
Iteration 46:  residual SS =  27.50762
Iteration 47:  residual SS =  27.49686
Iteration 48:  residual SS =  27.48639
Iteration 49:  residual SS =  27.47622

      Source |       SS       df       MS            Number of obs =        64
-------------+------------------------------         F(  2,    61) =     90.84
       Model |  81.8060499     2   40.903025         Prob > F      =    0.0000
    Residual |  27.4663633    61   .45026825         R-squared     =    0.7486
-------------+------------------------------         Adj R-squared =    0.7404
       Total |  109.272413    63  1.73448275         Root MSE      =  .6710203
                                                     Res. dev.     =  127.4852

------------------------------------------------------------------------------
      lnYtou |      Coef.   Std. Err.      t    P>|t|     [95% Conf. Interval]
-------------+----------------------------------------------------------------
          b1 |  -192.8186    66.7626    -2.89   0.005    -326.3186   -59.31849
          b2 |   1732.094   239.5586     7.23   0.000     1253.067    2211.121
          b3 |   33.66664   34.50645     0.98   0.333    -35.33328    102.6665
------------------------------------------------------------------------------
* Parameter b1 taken as constant term in model & ANOVA table
 (SEs, P values, CIs, and correlations are asymptotic approximations)
convergence not achieved
