=============================================================================================================
Estimation for Cars and IRE, specification 1
=============================================================================================================
   
US parameters:
-------------------------------------------------------------------
elascoef1 = 6.400111120162404
elascoef2 = 6.400111120162404
trend     = .0699042705884224
-------------------------------------------------------------------
   
Model specification estimated:
( lnYtou = lnY + {b1} + (1.3-1)*ln(t-{b2=1918})*6.400111120162404 - (1-.3)*lnYpercap*6.400111120162404 + .0699042705884224*t  ) 
-------------------------------------------------------------------
(obs = 78)

Iteration 0:  residual SS =   1405838
Iteration 1:  residual SS =  800470.6
Iteration 2:  residual SS =   100.684
Iteration 3:  residual SS =  100.0665
Iteration 4:  residual SS =  100.0429
Iteration 5:  residual SS =  100.0386
Iteration 6:  residual SS =   100.038
Iteration 7:  residual SS =  100.0379

      Source |       SS       df       MS            Number of obs =        78
-------------+------------------------------         F(  1,    76) =     59.94
       Model |  78.9023281     1  78.9023281         Prob > F      =    0.0000
    Residual |  100.037878    76  1.31628787         R-squared     =    0.4409
-------------+------------------------------         Adj R-squared =    0.4336
       Total |  178.940206    77  2.32389878         Root MSE      =  1.147296
                                                     Res. dev.     =  240.7639

------------------------------------------------------------------------------
      lnYtou |      Coef.   Std. Err.      t    P>|t|     [95% Conf. Interval]
-------------+----------------------------------------------------------------
          b1 |  -134.3008   .1938666  -692.75   0.000    -134.6869   -133.9147
          b2 |   1917.229   2.120509   904.14   0.000     1913.006    1921.452
------------------------------------------------------------------------------
* Parameter b1 taken as constant term in model & ANOVA table
 (SEs, P values, CIs, and correlations are asymptotic approximations)
