=============================================================================================================
Estimation for Cars and IRQ, specification 2
=============================================================================================================
   
US parameters:
-------------------------------------------------------------------
elascoef1 = 6.400111120162404
elascoef2 = 6.400111120162404
trend     = .0699042705884224
-------------------------------------------------------------------
   
Model specification estimated:
( lnYtou = lnY + {b1} + (1.3-1)*ln(t-{b2=1945})*{b3=6.400111120162404} - (1-.3)*lnYpercap*6.400111120162404 + .0699042705884224*t  ) 
-------------------------------------------------------------------
(obs = 44)

Iteration 0:  residual SS =  838138.1
Iteration 1:  residual SS =  812631.4
Iteration 2:  residual SS =  457275.4
Iteration 3:  residual SS =   72.1762
Iteration 4:  residual SS =  72.13595
Iteration 5:  residual SS =    72.134
Iteration 6:  residual SS =  72.13357
Iteration 7:  residual SS =  72.13346
Iteration 8:  residual SS =  72.13344
Iteration 9:  residual SS =  72.13342
Iteration 10:  residual SS =  72.13342

      Source |       SS       df       MS            Number of obs =        44
-------------+------------------------------         F(  2,    41) =      1.08
       Model |  3.79395106     2  1.89697553         Prob > F      =    0.3496
    Residual |  72.1334211    41  1.75935173         R-squared     =    0.0500
-------------+------------------------------         Adj R-squared =    0.0036
       Total |  75.9273722    43  1.76575284         Root MSE      =  1.326406
                                                     Res. dev.     =   146.617

------------------------------------------------------------------------------
      lnYtou |      Coef.   Std. Err.      t    P>|t|     [95% Conf. Interval]
-------------+----------------------------------------------------------------
          b1 |  -133.6864   .8118542  -164.67   0.000     -135.326   -132.0469
          b2 |   1949.852   .4774188  4084.15   0.000     1948.887    1950.816
          b3 |   2.045681   .8929267     2.29   0.027     .2423793    3.848983
------------------------------------------------------------------------------
* Parameter b1 taken as constant term in model & ANOVA table
 (SEs, P values, CIs, and correlations are asymptotic approximations)
