=============================================================================================================
Estimation for Cars and JAP, specification 1
=============================================================================================================
   
US parameters:
-------------------------------------------------------------------
elascoef1 = 6.400111120162404
elascoef2 = 6.400111120162404
trend     = .0699042705884224
-------------------------------------------------------------------
   
Model specification estimated:
( lnYtou = lnY + {b1} + (1.3-1)*ln(t-{b2=1909})*6.400111120162404 - (1-.3)*lnYpercap*6.400111120162404 + .0699042705884224*t  ) 
-------------------------------------------------------------------
(obs = 74)

Iteration 0:  residual SS =   1386602
Iteration 1:  residual SS =   1059836
Iteration 2:  residual SS =  818.1081
Iteration 3:  residual SS =  817.7846
Iteration 4:  residual SS =  817.7686
Iteration 5:  residual SS =  817.7421
Iteration 6:  residual SS =  817.7359
Iteration 7:  residual SS =  817.7314
Iteration 8:  residual SS =  817.7295
Iteration 9:  residual SS =  817.7287

      Source |       SS       df       MS            Number of obs =        74
-------------+------------------------------         F(  1,    72) =     -4.75
       Model | -53.9177499     1 -53.9177499         Prob > F      =    1.0000
    Residual |  817.728116    72  11.3573349         R-squared     =   -0.0706
-------------+------------------------------         Adj R-squared =   -0.0855
       Total |  763.810366    73  10.4631557         Root MSE      =  3.370065
                                                     Res. dev.     =  387.7853

------------------------------------------------------------------------------
      lnYtou |      Coef.   Std. Err.      t    P>|t|     [95% Conf. Interval]
-------------+----------------------------------------------------------------
          b1 |   -136.386   .4056614  -336.21   0.000    -137.1946   -135.5773
          b2 |   1913.692   .5423698  3528.39   0.000      1912.61    1914.773
------------------------------------------------------------------------------
* Parameter b1 taken as constant term in model & ANOVA table
 (SEs, P values, CIs, and correlations are asymptotic approximations)
