=============================================================================================================
Estimation for Cars and JOR, specification 1
=============================================================================================================
   
US parameters:
-------------------------------------------------------------------
elascoef1 = 6.400111120162404
elascoef2 = 6.400111120162404
trend     = .0699042705884224
-------------------------------------------------------------------
   
Model specification estimated:
( lnYtou = lnY + {b1} + (1.3-1)*ln(t-{b2=1945})*6.400111120162404 - (1-.3)*lnYpercap*6.400111120162404 + .0699042705884224*t  ) 
-------------------------------------------------------------------
(obs = 43)

Iteration 0:  residual SS =  809941.1
Iteration 1:  residual SS =  617029.3
Iteration 2:  residual SS =  27.54466
Iteration 3:  residual SS =  24.38107
Iteration 4:  residual SS =  24.23933
Iteration 5:  residual SS =  24.23915

      Source |       SS       df       MS            Number of obs =        43
-------------+------------------------------         F(  1,    41) =    110.09
       Model |  65.0867707     1  65.0867707         Prob > F      =    0.0000
    Residual |  24.2391505    41  .591198792         R-squared     =    0.7286
-------------+------------------------------         Adj R-squared =    0.7220
       Total |  89.3259211    42  2.12680765         Root MSE      =  .7688945
                                                     Res. dev.     =  97.37978

------------------------------------------------------------------------------
      lnYtou |      Coef.   Std. Err.      t    P>|t|     [95% Conf. Interval]
-------------+----------------------------------------------------------------
          b1 |  -137.5447   .2316094  -593.86   0.000    -138.0124   -137.0769
          b2 |    1941.67   2.446585   793.62   0.000     1936.729    1946.611
------------------------------------------------------------------------------
* Parameter b1 taken as constant term in model & ANOVA table
 (SEs, P values, CIs, and correlations are asymptotic approximations)
