=============================================================================================================
Estimation for Cars and LAO, specification 2
=============================================================================================================
   
US parameters:
-------------------------------------------------------------------
elascoef1 = 6.400111120162404
elascoef2 = 6.400111120162404
trend     = .0699042705884224
-------------------------------------------------------------------
   
Model specification estimated:
( lnYtou = lnY + {b1} + (1.3-1)*ln(t-{b2=1945})*{b3=6.400111120162404} - (1-.3)*lnYpercap*6.400111120162404 + .0699042705884224*t  ) 
-------------------------------------------------------------------
(obs = 25)

Iteration 0:  residual SS =  513539.5
Iteration 1:  residual SS =  498012.1
Iteration 2:  residual SS =  2.106955
Iteration 3:  residual SS =  2.085816
Iteration 4:  residual SS =  2.085784
Iteration 5:  residual SS =  2.085775
Iteration 6:  residual SS =  2.085772
Iteration 7:  residual SS =  2.085771
Iteration 8:  residual SS =   2.08577
Iteration 9:  residual SS =   2.08577
Iteration 10:  residual SS =   2.08577
Iteration 11:  residual SS =   2.08577
Iteration 12:  residual SS =   2.08577

      Source |       SS       df       MS            Number of obs =        25
-------------+------------------------------         F(  2,    22) =    203.16
       Model |  38.5217505     2  19.2608753         Prob > F      =    0.0000
    Residual |  2.08577009    22  .094807731         R-squared     =    0.9486
-------------+------------------------------         Adj R-squared =    0.9440
       Total |  40.6075206    24  1.69198003         Root MSE      =  .3079086
                                                     Res. dev.     =  8.853484

------------------------------------------------------------------------------
      lnYtou |      Coef.   Std. Err.      t    P>|t|     [95% Conf. Interval]
-------------+----------------------------------------------------------------
          b1 |  -141.6711   1.104666  -128.25   0.000    -143.9621   -139.3802
          b2 |   1947.014   1.979969   983.36   0.000     1942.907     1951.12
          b3 |    4.66942   1.105601     4.22   0.000     2.376543    6.962297
------------------------------------------------------------------------------
* Parameter b1 taken as constant term in model & ANOVA table
 (SEs, P values, CIs, and correlations are asymptotic approximations)
