=============================================================================================================
Estimation for Cars and LAO, specification 1
=============================================================================================================
   
US parameters:
-------------------------------------------------------------------
elascoef1 = 6.400111120162404
elascoef2 = 6.400111120162404
trend     = .0699042705884224
-------------------------------------------------------------------
   
Model specification estimated:
( lnYtou = lnY + {b1} + (1.3-1)*ln(t-{b2=1945})*6.400111120162404 - (1-.3)*lnYpercap*6.400111120162404 + .0699042705884224*t  ) 
-------------------------------------------------------------------
(obs = 25)

Iteration 0:  residual SS =  513539.5
Iteration 1:  residual SS =  129588.3
Iteration 2:  residual SS =  11.31464
Iteration 3:  residual SS =  3.773601
Iteration 4:  residual SS =  2.362752
Iteration 5:  residual SS =  2.277656
Iteration 6:  residual SS =  2.277072

      Source |       SS       df       MS            Number of obs =        25
-------------+------------------------------         F(  1,    23) =    387.16
       Model |  38.3304494     1  38.3304494         Prob > F      =    0.0000
    Residual |  2.27707124    23  .099003097         R-squared     =    0.9439
-------------+------------------------------         Adj R-squared =    0.9415
       Total |  40.6075206    24  1.69198003         Root MSE      =  .3146476
                                                     Res. dev.     =  11.04728

------------------------------------------------------------------------------
      lnYtou |      Coef.   Std. Err.      t    P>|t|     [95% Conf. Interval]
-------------+----------------------------------------------------------------
          b1 |  -143.4927   .1394704 -1028.84   0.000    -143.7812   -143.2042
          b2 |   1943.753   .9667692  2010.57   0.000     1941.753    1945.753
------------------------------------------------------------------------------
* Parameter b1 taken as constant term in model & ANOVA table
 (SEs, P values, CIs, and correlations are asymptotic approximations)
