=============================================================================================================
Estimation for Cars and LEB, specification 2
=============================================================================================================
   
US parameters:
-------------------------------------------------------------------
elascoef1 = 6.400111120162404
elascoef2 = 6.400111120162404
trend     = .0699042705884224
-------------------------------------------------------------------
   
Model specification estimated:
( lnYtou = lnY + {b1} + (1.3-1)*ln(t-{b2=1945})*{b3=6.400111120162404} - (1-.3)*lnYpercap*6.400111120162404 + .0699042705884224*t  ) 
-------------------------------------------------------------------
(obs = 32)

Iteration 0:  residual SS =  589455.3
Iteration 1:  residual SS =    571520
Iteration 2:  residual SS =  2.732298
Iteration 3:  residual SS =  1.845344
Iteration 4:  residual SS =  1.764195
Iteration 5:  residual SS =  1.740967
Iteration 6:  residual SS =  1.727888
Iteration 7:  residual SS =  1.706375
Iteration 8:  residual SS =  1.693658
Iteration 9:  residual SS =  1.661501
Iteration 10:  residual SS =  1.661354
Iteration 11:  residual SS =  1.661354

      Source |       SS       df       MS            Number of obs =        32
-------------+------------------------------         F(  2,    29) =    312.00
       Model |  35.7472341     2   17.873617         Prob > F      =    0.0000
    Residual |  1.66135366    29  .057288057         R-squared     =    0.9556
-------------+------------------------------         Adj R-squared =    0.9525
       Total |  37.4085877    31  1.20672864         Root MSE      =  .2393492
                                                     Res. dev.     = -3.847235

------------------------------------------------------------------------------
      lnYtou |      Coef.   Std. Err.      t    P>|t|     [95% Conf. Interval]
-------------+----------------------------------------------------------------
          b1 |  -143.8672   15.46677    -9.30   0.000    -175.5003   -112.2341
          b2 |    1910.02    48.3221    39.53   0.000     1811.191     2008.85
          b3 |   11.41109   10.33239     1.10   0.278    -9.721026    32.54321
------------------------------------------------------------------------------
* Parameter b1 taken as constant term in model & ANOVA table
 (SEs, P values, CIs, and correlations are asymptotic approximations)
