=============================================================================================================
Estimation for Cars and LEB, specification 1
=============================================================================================================
   
US parameters:
-------------------------------------------------------------------
elascoef1 = 6.400111120162404
elascoef2 = 6.400111120162404
trend     = .0699042705884224
-------------------------------------------------------------------
   
Model specification estimated:
( lnYtou = lnY + {b1} + (1.3-1)*ln(t-{b2=1945})*6.400111120162404 - (1-.3)*lnYpercap*6.400111120162404 + .0699042705884224*t  ) 
-------------------------------------------------------------------
(obs = 32)

Iteration 0:  residual SS =  589455.3
Iteration 1:  residual SS =  39.65997
Iteration 2:  residual SS =  1.701052
Iteration 3:  residual SS =  1.701035

      Source |       SS       df       MS            Number of obs =        32
-------------+------------------------------         F(  1,    30) =    629.75
       Model |   35.707553     1   35.707553         Prob > F      =    0.0000
    Residual |  1.70103471    30  .056701157         R-squared     =    0.9545
-------------+------------------------------         Adj R-squared =    0.9530
       Total |  37.4085877    31  1.20672864         Root MSE      =    .23812
                                                     Res. dev.     = -3.091908

------------------------------------------------------------------------------
      lnYtou |      Coef.   Std. Err.      t    P>|t|     [95% Conf. Interval]
-------------+----------------------------------------------------------------
          b1 |  -136.7766   .1390384  -983.73   0.000    -137.0606   -136.4927
          b2 |   1932.849   2.063497   936.69   0.000     1928.635    1937.063
------------------------------------------------------------------------------
* Parameter b1 taken as constant term in model & ANOVA table
 (SEs, P values, CIs, and correlations are asymptotic approximations)
