=============================================================================================================
Estimation for Cars and LIB, specification 1
=============================================================================================================
   
US parameters:
-------------------------------------------------------------------
elascoef1 = 6.400111120162404
elascoef2 = 6.400111120162404
trend     = .0699042705884224
-------------------------------------------------------------------
   
Model specification estimated:
( lnYtou = lnY + {b1} + (1.3-1)*ln(t-{b2=1957})*6.400111120162404 - (1-.3)*lnYpercap*6.400111120162404 + .0699042705884224*t  ) 
-------------------------------------------------------------------
(obs = 32)

Iteration 0:  residual SS =  637288.3
Iteration 1:  residual SS =  220.1389
Iteration 2:  residual SS =  41.02909
Iteration 3:  residual SS =   39.1354
Iteration 4:  residual SS =  38.44722
Iteration 5:  residual SS =  38.04834
Iteration 6:  residual SS =  37.84814
Iteration 7:  residual SS =   37.6664
Iteration 8:  residual SS =  37.55045
Iteration 9:  residual SS =  37.52706
Iteration 10:  residual SS =  37.44991
Iteration 11:  residual SS =   37.3974
Iteration 12:  residual SS =  37.37628
Iteration 13:  residual SS =  37.32808
Iteration 14:  residual SS =  37.28652
Iteration 15:  residual SS =  37.25269
Iteration 16:  residual SS =  37.22797
Iteration 17:  residual SS =  37.21408
Iteration 18:  residual SS =  37.21321
Iteration 19:  residual SS =  37.19038
Iteration 20:  residual SS =  37.16996
Iteration 21:  residual SS =  37.15222
Iteration 22:  residual SS =  37.13749
Iteration 23:  residual SS =  37.12615
Iteration 24:  residual SS =  37.11865
Iteration 25:  residual SS =  37.11553
Iteration 26:  residual SS =  37.10265
Iteration 27:  residual SS =  37.09048
Iteration 28:  residual SS =  37.07909
Iteration 29:  residual SS =  37.06852
Iteration 30:  residual SS =  37.05886
Iteration 31:  residual SS =  37.05018
Iteration 32:  residual SS =  37.04254
Iteration 33:  residual SS =  37.03606
Iteration 34:  residual SS =  37.03083
Iteration 35:  residual SS =  37.02697
Iteration 36:  residual SS =  37.02461
Iteration 37:  residual SS =  37.02391
Iteration 38:  residual SS =   37.0175
Iteration 39:  residual SS =  37.01135
Iteration 40:  residual SS =  37.00546
Iteration 41:  residual SS =  36.99985
Iteration 42:  residual SS =  36.99454
Iteration 43:  residual SS =  36.98953
Iteration 44:  residual SS =  36.98486
Iteration 45:  residual SS =  36.98053
Iteration 46:  residual SS =  36.97658
Iteration 47:  residual SS =  36.97301
Iteration 48:  residual SS =  36.96986
Iteration 49:  residual SS =  36.96715

      Source |       SS       df       MS            Number of obs =        32
-------------+------------------------------         F(  1,    30) =    -26.16
       Model | -32.2288246     1 -32.2288246         Prob > F      =    1.0000
    Residual |  36.9649158    30  1.23216386         R-squared     =   -6.8049
-------------+------------------------------         Adj R-squared =   -7.0651
       Total |  4.73609118    31  .152777135         Root MSE      =  1.110029
                                                     Res. dev.     =  95.42753

------------------------------------------------------------------------------
      lnYtou |      Coef.   Std. Err.      t    P>|t|     [95% Conf. Interval]
-------------+----------------------------------------------------------------
          b1 |  -150.4515   20.16278    -7.46   0.000    -191.6294   -109.2736
          b2 |   47.32175   19828.98     0.00   0.998    -40448.87    40543.51
------------------------------------------------------------------------------
* Parameter b1 taken as constant term in model & ANOVA table
 (SEs, P values, CIs, and correlations are asymptotic approximations)
convergence not achieved
