=============================================================================================================
Estimation for Cars and LIB, specification 2
=============================================================================================================
   
US parameters:
-------------------------------------------------------------------
elascoef1 = 6.400111120162404
elascoef2 = 6.400111120162404
trend     = .0699042705884224
-------------------------------------------------------------------
   
Model specification estimated:
( lnYtou = lnY + {b1} + (1.3-1)*ln(t-{b2=1957})*{b3=6.400111120162404} - (1-.3)*lnYpercap*6.400111120162404 + .0699042705884224*t  ) 
-------------------------------------------------------------------
(obs = 32)

Iteration 0:  residual SS =  637288.3
Iteration 1:  residual SS =    618004
Iteration 2:  residual SS =  473488.7
Iteration 3:  residual SS =  362649.9
Iteration 4:  residual SS =  277633.5
Iteration 5:  residual SS =  243979.4
Iteration 6:  residual SS =    228962
Iteration 7:  cannot calculate derivatives
equation/system not identified
