=============================================================================================================
Estimation for Cars and LTH, specification 2
=============================================================================================================
   
US parameters:
-------------------------------------------------------------------
elascoef1 = 6.400111120162404
elascoef2 = 6.400111120162404
trend     = .0699042705884224
-------------------------------------------------------------------
   
Model specification estimated:
( lnYtou = lnY + {b1} + (1.3-1)*ln(t-{b2=1985})*{b3=6.400111120162404} - (1-.3)*lnYpercap*6.400111120162404 + .0699042705884224*t  ) 
-------------------------------------------------------------------
(obs = 11)

Iteration 0:  residual SS =  192189.3
Iteration 1:  residual SS =  181209.4
Iteration 2:  residual SS =  2.116815
Iteration 3:  residual SS =  2.110545
Iteration 4:  residual SS =  2.095127
Iteration 5:  residual SS =  2.092272
Iteration 6:  residual SS =  2.092262

      Source |       SS       df       MS            Number of obs =        11
-------------+------------------------------         F(  2,     8) =     -2.53
       Model | -1.32163305     2 -.660816523         Prob > F      =    1.0000
    Residual |  2.09226193     8  .261532742         R-squared     =   -1.7150
-------------+------------------------------         Adj R-squared =   -2.3938
       Total |  .770628888    10  .077062889         Root MSE      =  .5114027
                                                     Res. dev.     =   12.9605

------------------------------------------------------------------------------
      lnYtou |      Coef.   Std. Err.      t    P>|t|     [95% Conf. Interval]
-------------+----------------------------------------------------------------
          b1 |  -127.6078   .4149953  -307.49   0.000    -128.5648   -126.6508
          b2 |   1989.976   .1347679        .   0.000     1989.666    1990.287
          b3 |  -.8134689   .8172238    -1.00   0.349     -2.69799    1.071053
------------------------------------------------------------------------------
* Parameter b1 taken as constant term in model & ANOVA table
 (SEs, P values, CIs, and correlations are asymptotic approximations)
