=============================================================================================================
Estimation for Cars and MAL, specification 2
=============================================================================================================
   
US parameters:
-------------------------------------------------------------------
elascoef1 = 6.400111120162404
elascoef2 = 6.400111120162404
trend     = .0699042705884224
-------------------------------------------------------------------
   
Model specification estimated:
( lnYtou = lnY + {b1} + (1.3-1)*ln(t-{b2=1949})*{b3=6.400111120162404} - (1-.3)*lnYpercap*6.400111120162404 + .0699042705884224*t  ) 
-------------------------------------------------------------------
(obs = 38)

Iteration 0:  residual SS =  802198.3
Iteration 1:  residual SS =  777705.8
Iteration 2:  residual SS =  3.613624
Iteration 3:  residual SS =  3.608039
Iteration 4:  residual SS =  3.608033
Iteration 5:  residual SS =  3.608033
Iteration 6:  residual SS =  3.608033

      Source |       SS       df       MS            Number of obs =        38
-------------+------------------------------         F(  2,    35) =    134.97
       Model |  27.8270031     2  13.9135016         Prob > F      =    0.0000
    Residual |  3.60803262    35  .103086646         R-squared     =    0.8852
-------------+------------------------------         Adj R-squared =    0.8787
       Total |  31.4350358    37  .849595561         Root MSE      =  .3210711
                                                     Res. dev.     =  18.37123

------------------------------------------------------------------------------
      lnYtou |      Coef.   Std. Err.      t    P>|t|     [95% Conf. Interval]
-------------+----------------------------------------------------------------
          b1 |   -140.776   .5365802  -262.36   0.000    -141.8653   -139.6867
          b2 |   1952.141   2.483587   786.02   0.000     1947.099    1957.183
          b3 |   1.638465   .5158958     3.18   0.003     .5911405    2.685789
------------------------------------------------------------------------------
* Parameter b1 taken as constant term in model & ANOVA table
 (SEs, P values, CIs, and correlations are asymptotic approximations)
