=============================================================================================================
Estimation for Cars and MAU, specification 2
=============================================================================================================
   
US parameters:
-------------------------------------------------------------------
elascoef1 = 6.400111120162404
elascoef2 = 6.400111120162404
trend     = .0699042705884224
-------------------------------------------------------------------
   
Model specification estimated:
( lnYtou = lnY + {b1} + (1.3-1)*ln(t-{b2=1951})*{b3=6.400111120162404} - (1-.3)*lnYpercap*6.400111120162404 + .0699042705884224*t  ) 
-------------------------------------------------------------------
(obs = 36)

Iteration 0:  residual SS =    740951
Iteration 1:  residual SS =  718290.7
Iteration 2:  residual SS =  403588.7
Iteration 3:  residual SS =  24.84821
Iteration 4:  residual SS =  24.15988
Iteration 5:  residual SS =  24.11282
Iteration 6:  residual SS =  24.11238
Iteration 7:  residual SS =  24.11231
Iteration 8:  residual SS =  24.11229
Iteration 9:  residual SS =  24.11229
Iteration 10:  residual SS =  24.11228

      Source |       SS       df       MS            Number of obs =        36
-------------+------------------------------         F(  2,    33) =     20.34
       Model |   29.725964     2   14.862982         Prob > F      =    0.0000
    Residual |  24.1122829    33   .73067524         R-squared     =    0.5521
-------------+------------------------------         Adj R-squared =    0.5250
       Total |  53.8382469    35  1.53823563         Root MSE      =  .8547954
                                                     Res. dev.     =  87.73486

------------------------------------------------------------------------------
      lnYtou |      Coef.   Std. Err.      t    P>|t|     [95% Conf. Interval]
-------------+----------------------------------------------------------------
          b1 |  -139.7208   .6010439  -232.46   0.000    -140.9437    -138.498
          b2 |    1955.87   .2222559  8800.08   0.000     1955.418    1956.323
          b3 |   2.699589   .6806097     3.97   0.000     1.314878      4.0843
------------------------------------------------------------------------------
* Parameter b1 taken as constant term in model & ANOVA table
 (SEs, P values, CIs, and correlations are asymptotic approximations)
