=============================================================================================================
Estimation for Cars and MLW, specification 1
=============================================================================================================
   
US parameters:
-------------------------------------------------------------------
elascoef1 = 6.400111120162404
elascoef2 = 6.400111120162404
trend     = .0699042705884224
-------------------------------------------------------------------
   
Model specification estimated:
( lnYtou = lnY + {b1} + (1.3-1)*ln(t-{b2=1945})*6.400111120162404 - (1-.3)*lnYpercap*6.400111120162404 + .0699042705884224*t  ) 
-------------------------------------------------------------------
(obs = 41)

Iteration 0:  residual SS =  871398.4
Iteration 1:  residual SS =  488003.1
Iteration 2:  residual SS =  46.26127
Iteration 3:  residual SS =  25.14605
Iteration 4:  residual SS =  17.45094
Iteration 5:  residual SS =  14.00105
Iteration 6:  residual SS =  11.77334
Iteration 7:  residual SS =  10.25161
Iteration 8:  residual SS =   9.57318
Iteration 9:  residual SS =  9.448229
Iteration 10:  residual SS =  9.442198
Iteration 11:  residual SS =  9.442134
Iteration 12:  residual SS =  9.442134
Iteration 13:  residual SS =  9.442134
Iteration 14:  residual SS =  9.442134

      Source |       SS       df       MS            Number of obs =        41
-------------+------------------------------         F(  1,    39) =     25.33
       Model |  6.13299023     1  6.13299023         Prob > F      =    0.0000
    Residual |  9.44213375    39  .242105994         R-squared     =    0.3938
-------------+------------------------------         Adj R-squared =    0.3782
       Total |   15.575124    40    .3893781         Root MSE      =  .4920427
                                                     Res. dev.     =  56.14897

------------------------------------------------------------------------------
      lnYtou |      Coef.   Std. Err.      t    P>|t|     [95% Conf. Interval]
-------------+----------------------------------------------------------------
          b1 |  -151.1165   2.216507   -68.18   0.000    -155.5998   -146.6332
          b2 |   1613.094    412.281     3.91   0.000     779.1774    2447.012
------------------------------------------------------------------------------
* Parameter b1 taken as constant term in model & ANOVA table
 (SEs, P values, CIs, and correlations are asymptotic approximations)
