=============================================================================================================
Estimation for Cars and MLY, specification 1
=============================================================================================================
   
US parameters:
-------------------------------------------------------------------
elascoef1 = 6.400111120162404
elascoef2 = 6.400111120162404
trend     = .0699042705884224
-------------------------------------------------------------------
   
Model specification estimated:
( lnYtou = lnY + {b1} + (1.3-1)*ln(t-{b2=1919})*6.400111120162404 - (1-.3)*lnYpercap*6.400111120162404 + .0699042705884224*t  ) 
-------------------------------------------------------------------
(obs = 57)

Iteration 0:  residual SS =   1097462
Iteration 1:  residual SS =  622246.6
Iteration 2:  residual SS =  93.12626
Iteration 3:  residual SS =  80.77352
Iteration 4:  residual SS =  79.58754
Iteration 5:  residual SS =  79.56492
Iteration 6:  residual SS =  79.56221
Iteration 7:  residual SS =  79.56187
Iteration 8:  residual SS =  79.56182
Iteration 9:  residual SS =  79.56182

      Source |       SS       df       MS            Number of obs =        57
-------------+------------------------------         F(  1,    55) =     54.05
       Model |  78.1860477     1  78.1860477         Prob > F      =    0.0000
    Residual |  79.5618153    55  1.44657846         R-squared     =    0.4956
-------------+------------------------------         Adj R-squared =    0.4865
       Total |  157.747863    56  2.81692613         Root MSE      =  1.202738
                                                     Res. dev.     =  180.7675

------------------------------------------------------------------------------
      lnYtou |      Coef.   Std. Err.      t    P>|t|     [95% Conf. Interval]
-------------+----------------------------------------------------------------
          b1 |  -139.4639   .3695968  -377.34   0.000    -140.2046   -138.7232
          b2 |   1905.845   7.817212   243.80   0.000     1890.178    1921.511
------------------------------------------------------------------------------
* Parameter b1 taken as constant term in model & ANOVA table
 (SEs, P values, CIs, and correlations are asymptotic approximations)
