=============================================================================================================
Estimation for Cars and MOR, specification 1
=============================================================================================================
   
US parameters:
-------------------------------------------------------------------
elascoef1 = 6.400111120162404
elascoef2 = 6.400111120162404
trend     = .0699042705884224
-------------------------------------------------------------------
   
Model specification estimated:
( lnYtou = lnY + {b1} + (1.3-1)*ln(t-{b2=1945})*6.400111120162404 - (1-.3)*lnYpercap*6.400111120162404 + .0699042705884224*t  ) 
-------------------------------------------------------------------
(obs = 47)

Iteration 0:  residual SS =  911855.3
Iteration 1:  residual SS =  697818.2
Iteration 2:  residual SS =  47.10583
Iteration 3:  residual SS =  16.97806
Iteration 4:  residual SS =  7.568943
Iteration 5:  residual SS =  4.603579
Iteration 6:  residual SS =  4.291458
Iteration 7:  residual SS =  4.290043

      Source |       SS       df       MS            Number of obs =        47
-------------+------------------------------         F(  1,    45) =    317.49
       Model |  30.2674351     1  30.2674351         Prob > F      =    0.0000
    Residual |  4.29004312    45  .095334291         R-squared     =    0.8759
-------------+------------------------------         Adj R-squared =    0.8731
       Total |  34.5574783    46  .751249527         Root MSE      =  .3087625
                                                     Res. dev.     =  20.86923

------------------------------------------------------------------------------
      lnYtou |      Coef.   Std. Err.      t    P>|t|     [95% Conf. Interval]
-------------+----------------------------------------------------------------
          b1 |  -141.4075   .2445624  -578.21   0.000       -141.9   -140.9149
          b2 |   1894.848    9.78487   193.65   0.000      1875.14    1914.556
------------------------------------------------------------------------------
* Parameter b1 taken as constant term in model & ANOVA table
 (SEs, P values, CIs, and correlations are asymptotic approximations)
