=============================================================================================================
Estimation for Cars and MOZ, specification 1
=============================================================================================================
   
US parameters:
-------------------------------------------------------------------
elascoef1 = 6.400111120162404
elascoef2 = 6.400111120162404
trend     = .0699042705884224
-------------------------------------------------------------------
   
Model specification estimated:
( lnYtou = lnY + {b1} + (1.3-1)*ln(t-{b2=1945})*6.400111120162404 - (1-.3)*lnYpercap*6.400111120162404 + .0699042705884224*t  ) 
-------------------------------------------------------------------
(obs = 33)

Iteration 0:  residual SS =  655613.5
Iteration 1:  residual SS =  633.0606
Iteration 2:  residual SS =  110.0724
Iteration 3:  residual SS =  100.7007
Iteration 4:  residual SS =  93.92583
Iteration 5:  residual SS =  92.05922
Iteration 6:  residual SS =  91.10998
Iteration 7:  residual SS =  90.19054
Iteration 8:  residual SS =  89.37825
Iteration 9:  residual SS =  88.78549
Iteration 10:  residual SS =  88.48367
Iteration 11:  residual SS =  88.09615
Iteration 12:  residual SS =  87.78876
Iteration 13:  residual SS =   87.5807
Iteration 14:  residual SS =  87.49886
Iteration 15:  residual SS =  87.31181
Iteration 16:  residual SS =  87.15392
Iteration 17:  residual SS =  87.03026
Iteration 18:  residual SS =   86.9473
Iteration 19:  residual SS =  86.91336
Iteration 20:  residual SS =  86.81508
Iteration 21:  residual SS =  86.72646
Iteration 22:  residual SS =  86.64867
Iteration 23:  residual SS =  86.58308
Iteration 24:  residual SS =  86.53133
Iteration 25:  residual SS =  86.49538
Iteration 26:  residual SS =  86.47758
Iteration 27:  residual SS =  86.42572
Iteration 28:  residual SS =  86.37703
Iteration 29:  residual SS =  86.33176
Iteration 30:  residual SS =  86.29021
Iteration 31:  residual SS =  86.25271
Iteration 32:  residual SS =  86.21963
Iteration 33:  residual SS =  86.19141
Iteration 34:  residual SS =  86.16852
Iteration 35:  residual SS =  86.15151
Iteration 36:  residual SS =  86.14102
Iteration 37:  residual SS =  86.13776
Iteration 38:  residual SS =   86.1126
Iteration 39:  residual SS =  86.08859
Iteration 40:  residual SS =  86.06581
Iteration 41:  residual SS =  86.04432
Iteration 42:  residual SS =  86.02422
Iteration 43:  residual SS =  86.00559
Iteration 44:  residual SS =  85.98853
Iteration 45:  residual SS =  85.97315
Iteration 46:  residual SS =  85.95956
Iteration 47:  residual SS =  85.94789
Iteration 48:  residual SS =  85.93828
Iteration 49:  residual SS =  85.93089

      Source |       SS       df       MS            Number of obs =        33
-------------+------------------------------         F(  1,    31) =    -25.97
       Model | -71.9973874     1 -71.9973874         Prob > F      =    1.0000
    Residual |  85.9258808    31  2.77180261         R-squared     =   -5.1691
-------------+------------------------------         Adj R-squared =   -5.3681
       Total |  13.9284934    32  .435265418         Root MSE      =  1.664873
                                                     Res. dev.     =  125.2302

------------------------------------------------------------------------------
      lnYtou |      Coef.   Std. Err.      t    P>|t|     [95% Conf. Interval]
-------------+----------------------------------------------------------------
          b1 |  -150.6081   25.43255    -5.92   0.000    -202.4781   -98.73802
          b2 |   261.9245      21998     0.01   0.991    -44603.29    45127.14
------------------------------------------------------------------------------
* Parameter b1 taken as constant term in model & ANOVA table
 (SEs, P values, CIs, and correlations are asymptotic approximations)
convergence not achieved
