=============================================================================================================
Estimation for Cars and MOZ, specification 2
=============================================================================================================
   
US parameters:
-------------------------------------------------------------------
elascoef1 = 6.400111120162404
elascoef2 = 6.400111120162404
trend     = .0699042705884224
-------------------------------------------------------------------
   
Model specification estimated:
( lnYtou = lnY + {b1} + (1.3-1)*ln(t-{b2=1945})*{b3=6.400111120162404} - (1-.3)*lnYpercap*6.400111120162404 + .0699042705884224*t  ) 
-------------------------------------------------------------------
(obs = 33)

Iteration 0:  residual SS =  655613.5
Iteration 1:  residual SS =  635714.2
Iteration 2:  residual SS =  487006.8
Iteration 3:  residual SS =  372924.7
Iteration 4:  residual SS =  285532.7
Iteration 5:  residual SS =  218599.2
Iteration 6:  residual SS =  192126.3
Iteration 7:  residual SS =  168854.6
Iteration 8:  cannot calculate derivatives
equation/system not identified
