=============================================================================================================
Estimation for Cars and NEW, specification 1
=============================================================================================================
   
US parameters:
-------------------------------------------------------------------
elascoef1 = 6.400111120162404
elascoef2 = 6.400111120162404
trend     = .0699042705884224
-------------------------------------------------------------------
   
Model specification estimated:
( lnYtou = lnY + {b1} + (1.3-1)*ln(t-{b2=1922})*6.400111120162404 - (1-.3)*lnYpercap*6.400111120162404 + .0699042705884224*t  ) 
-------------------------------------------------------------------
(obs = 70)

Iteration 0:  residual SS =   1196245
Iteration 1:  residual SS =  914798.5
Iteration 2:  residual SS =  77.05072
Iteration 3:  residual SS =  29.42772
Iteration 4:  residual SS =  12.64193
Iteration 5:  residual SS =  7.988032
Iteration 6:  residual SS =   7.33834
Iteration 7:  residual SS =  7.318785
Iteration 8:  residual SS =   7.31869

      Source |       SS       df       MS            Number of obs =        70
-------------+------------------------------         F(  1,    68) =    472.15
       Model |   50.816722     1   50.816722         Prob > F      =    0.0000
    Residual |   7.3186892    68  .107627782         R-squared     =    0.8741
-------------+------------------------------         Adj R-squared =    0.8723
       Total |  58.1354112    69  .842542191         Root MSE      =  .3280667
                                                     Res. dev.     =  40.58691

------------------------------------------------------------------------------
      lnYtou |      Coef.   Std. Err.      t    P>|t|     [95% Conf. Interval]
-------------+----------------------------------------------------------------
          b1 |  -132.6121   .1677331  -790.61   0.000    -132.9468   -132.2774
          b2 |   1871.227   7.273287   257.27   0.000     1856.713     1885.74
------------------------------------------------------------------------------
* Parameter b1 taken as constant term in model & ANOVA table
 (SEs, P values, CIs, and correlations are asymptotic approximations)
