=============================================================================================================
Estimation for Cars and NEW, specification 2
=============================================================================================================
   
US parameters:
-------------------------------------------------------------------
elascoef1 = 6.400111120162404
elascoef2 = 6.400111120162404
trend     = .0699042705884224
-------------------------------------------------------------------
   
Model specification estimated:
( lnYtou = lnY + {b1} + (1.3-1)*ln(t-{b2=1922})*{b3=6.400111120162404} - (1-.3)*lnYpercap*6.400111120162404 + .0699042705884224*t  ) 
-------------------------------------------------------------------
(obs = 70)

Iteration 0:  residual SS =   1196245
Iteration 1:  residual SS =   1159357
Iteration 2:  residual SS =  7.567617
Iteration 3:  residual SS =  6.350814
Iteration 4:  residual SS =  6.288412
Iteration 5:  residual SS =    6.2883
Iteration 6:  residual SS =  6.287959
Iteration 7:  residual SS =  6.287958
Iteration 8:  residual SS =  6.287958
Iteration 9:  residual SS =  6.287958

      Source |       SS       df       MS            Number of obs =        70
-------------+------------------------------         F(  2,    67) =    276.22
       Model |  51.8474533     2  25.9237266         Prob > F      =    0.0000
    Residual |  6.28795789    67  .093850118         R-squared     =    0.8918
-------------+------------------------------         Adj R-squared =    0.8886
       Total |  58.1354112    69  .842542191         Root MSE      =  .3063497
                                                     Res. dev.     =  29.96127

------------------------------------------------------------------------------
      lnYtou |      Coef.   Std. Err.      t    P>|t|     [95% Conf. Interval]
-------------+----------------------------------------------------------------
          b1 |  -126.6304   .8172323  -154.95   0.000    -128.2616   -124.9992
          b2 |   1919.649   5.935752   323.40   0.000     1907.802    1931.497
          b3 |   2.435372   .6266406     3.89   0.000     1.184592    3.686152
------------------------------------------------------------------------------
* Parameter b1 taken as constant term in model & ANOVA table
 (SEs, P values, CIs, and correlations are asymptotic approximations)
