=============================================================================================================
Estimation for Cars and NIG, specification 2
=============================================================================================================
   
US parameters:
-------------------------------------------------------------------
elascoef1 = 6.400111120162404
elascoef2 = 6.400111120162404
trend     = .0699042705884224
-------------------------------------------------------------------
   
Model specification estimated:
( lnYtou = lnY + {b1} + (1.3-1)*ln(t-{b2=1952})*{b3=6.400111120162404} - (1-.3)*lnYpercap*6.400111120162404 + .0699042705884224*t  ) 
-------------------------------------------------------------------
(obs = 37)

Iteration 0:  residual SS =  770008.5
Iteration 1:  residual SS =  746599.2
Iteration 2:  residual SS =  420299.9
Iteration 3:  residual SS =    236378
Iteration 4:  residual SS =  180970.6
Iteration 5:  cannot calculate derivatives
equation/system not identified
