=============================================================================================================
Estimation for Cars and NOR, specification 1
=============================================================================================================
   
US parameters:
-------------------------------------------------------------------
elascoef1 = 6.400111120162404
elascoef2 = 6.400111120162404
trend     = .0699042705884224
-------------------------------------------------------------------
   
Model specification estimated:
( lnYtou = lnY + {b1} + (1.3-1)*ln(t-{b2=1909})*6.400111120162404 - (1-.3)*lnYpercap*6.400111120162404 + .0699042705884224*t  ) 
-------------------------------------------------------------------
(obs = 87)

Iteration 0:  residual SS =   1546652
Iteration 1:  residual SS =   1360231
Iteration 2:  residual SS =  339850.9
Iteration 3:  residual SS =  153.1907
Iteration 4:  residual SS =  153.1569
Iteration 5:  residual SS =  153.1289
Iteration 6:  residual SS =  153.1223
Iteration 7:  residual SS =  153.1191
Iteration 8:  residual SS =  153.1179
Iteration 9:  residual SS =  153.1175

      Source |       SS       df       MS            Number of obs =        87
-------------+------------------------------         F(  1,    85) =    126.34
       Model |  227.580323     1  227.580323         Prob > F      =    0.0000
    Residual |  153.117293    85  1.80137991         R-squared     =    0.5978
-------------+------------------------------         Adj R-squared =    0.5931
       Total |  380.697616    86  4.42671647         Root MSE      =  1.342155
                                                     Res. dev.     =  296.0761

------------------------------------------------------------------------------
      lnYtou |      Coef.   Std. Err.      t    P>|t|     [95% Conf. Interval]
-------------+----------------------------------------------------------------
          b1 |  -132.9821   .1569388  -847.35   0.000    -133.2941     -132.67
          b2 |   1913.139   .5368865  3563.40   0.000     1912.072    1914.207
------------------------------------------------------------------------------
* Parameter b1 taken as constant term in model & ANOVA table
 (SEs, P values, CIs, and correlations are asymptotic approximations)
