=============================================================================================================
Estimation for Cars and NOR, specification 2
=============================================================================================================
   
US parameters:
-------------------------------------------------------------------
elascoef1 = 6.400111120162404
elascoef2 = 6.400111120162404
trend     = .0699042705884224
-------------------------------------------------------------------
   
Model specification estimated:
( lnYtou = lnY + {b1} + (1.3-1)*ln(t-{b2=1909})*{b3=6.400111120162404} - (1-.3)*lnYpercap*6.400111120162404 + .0699042705884224*t  ) 
-------------------------------------------------------------------
(obs = 87)

Iteration 0:  residual SS =   1546652
Iteration 1:  residual SS =   1498914
Iteration 2:  residual SS =  90.03374
Iteration 3:  residual SS =  67.75209
Iteration 4:  residual SS =  58.08348
Iteration 5:  residual SS =  53.37157
Iteration 6:  residual SS =  51.64528
Iteration 7:  residual SS =  51.38636
Iteration 8:  residual SS =  51.31434
Iteration 9:  residual SS =  50.42823
Iteration 10:  residual SS =  48.17533
Iteration 11:  residual SS =  44.56299
Iteration 12:  residual SS =  40.07548
Iteration 13:  residual SS =  39.44301
Iteration 14:  residual SS =  32.69487
Iteration 15:  residual SS =  20.39339
Iteration 16:  residual SS =   20.3926
Iteration 17:  residual SS =   20.3926
Iteration 18:  residual SS =   20.3926

      Source |       SS       df       MS            Number of obs =        87
-------------+------------------------------         F(  2,    84) =    742.07
       Model |  360.305015     2  180.152508         Prob > F      =    0.0000
    Residual |  20.3926011    84  .242769061         R-squared     =    0.9464
-------------+------------------------------         Adj R-squared =    0.9452
       Total |  380.697616    86  4.42671647         Root MSE      =   .492716
                                                     Res. dev.     =  120.6813

------------------------------------------------------------------------------
      lnYtou |      Coef.   Std. Err.      t    P>|t|     [95% Conf. Interval]
-------------+----------------------------------------------------------------
          b1 |  -304.5768   110.8491    -2.75   0.007    -525.0123   -84.14128
          b2 |   1657.823   156.6408    10.58   0.000     1346.325     1969.32
          b3 |   104.3167   55.20382     1.89   0.062    -5.462137    214.0955
------------------------------------------------------------------------------
* Parameter b1 taken as constant term in model & ANOVA table
 (SEs, P values, CIs, and correlations are asymptotic approximations)
