=============================================================================================================
Estimation for Cars and NTH, specification 1
=============================================================================================================
   
US parameters:
-------------------------------------------------------------------
elascoef1 = 6.400111120162404
elascoef2 = 6.400111120162404
trend     = .0699042705884224
-------------------------------------------------------------------
   
Model specification estimated:
( lnYtou = lnY + {b1} + (1.3-1)*ln(t-{b2=1920})*6.400111120162404 - (1-.3)*lnYpercap*6.400111120162404 + .0699042705884224*t  ) 
-------------------------------------------------------------------
(obs = 63)

Iteration 0:  residual SS =   1100448
Iteration 1:  residual SS =  283454.1
Iteration 2:  residual SS =  81.56042
Iteration 3:  residual SS =  76.83975
Iteration 4:  residual SS =  76.77301

      Source |       SS       df       MS            Number of obs =        63
-------------+------------------------------         F(  1,    61) =    101.06
       Model |  127.195561     1  127.195561         Prob > F      =    0.0000
    Residual |  76.7729888    61  1.25857359         R-squared     =    0.6236
-------------+------------------------------         Adj R-squared =    0.6174
       Total |   203.96855    62  3.28981532         Root MSE      =  1.121862
                                                     Res. dev.     =  191.2425

------------------------------------------------------------------------------
      lnYtou |      Coef.   Std. Err.      t    P>|t|     [95% Conf. Interval]
-------------+----------------------------------------------------------------
          b1 |  -132.3165   .2234569  -592.13   0.000    -132.7634   -131.8697
          b2 |   1917.799   2.607418   735.52   0.000     1912.585    1923.013
------------------------------------------------------------------------------
* Parameter b1 taken as constant term in model & ANOVA table
 (SEs, P values, CIs, and correlations are asymptotic approximations)
