=============================================================================================================
Estimation for Cars and PAN, specification 1
=============================================================================================================
   
US parameters:
-------------------------------------------------------------------
elascoef1 = 6.400111120162404
elascoef2 = 6.400111120162404
trend     = .0699042705884224
-------------------------------------------------------------------
   
Model specification estimated:
( lnYtou = lnY + {b1} + (1.3-1)*ln(t-{b2=1945})*6.400111120162404 - (1-.3)*lnYpercap*6.400111120162404 + .0699042705884224*t  ) 
-------------------------------------------------------------------
(obs = 40)

Iteration 0:  residual SS =  937544.6
Iteration 1:  residual SS =  45.33847
Iteration 2:  residual SS =  35.64048
Iteration 3:  residual SS =  12.46832
Iteration 4:  residual SS =  12.46823

      Source |       SS       df       MS            Number of obs =        40
-------------+------------------------------         F(  1,    38) =     39.74
       Model |   13.039388     1   13.039388         Prob > F      =    0.0000
    Residual |  12.4682303    38  .328111323         R-squared     =    0.5112
-------------+------------------------------         Adj R-squared =    0.4983
       Total |  25.5076183    39  .654041496         Root MSE      =    .57281
                                                     Res. dev.     =  66.88726

------------------------------------------------------------------------------
      lnYtou |      Coef.   Std. Err.      t    P>|t|     [95% Conf. Interval]
-------------+----------------------------------------------------------------
          b1 |  -153.7385   .2529178  -607.86   0.000    -154.2505   -153.2264
          b2 |   1935.801   4.109548   471.05   0.000     1927.481     1944.12
------------------------------------------------------------------------------
* Parameter b1 taken as constant term in model & ANOVA table
 (SEs, P values, CIs, and correlations are asymptotic approximations)
