=============================================================================================================
Estimation for Cars and PAN, specification 2
=============================================================================================================
   
US parameters:
-------------------------------------------------------------------
elascoef1 = 6.400111120162404
elascoef2 = 6.400111120162404
trend     = .0699042705884224
-------------------------------------------------------------------
   
Model specification estimated:
( lnYtou = lnY + {b1} + (1.3-1)*ln(t-{b2=1945})*{b3=6.400111120162404} - (1-.3)*lnYpercap*6.400111120162404 + .0699042705884224*t  ) 
-------------------------------------------------------------------
(obs = 40)

Iteration 0:  residual SS =  937544.6
Iteration 1:  residual SS =  908891.8
Iteration 2:  residual SS =  12.81241
Iteration 3:  residual SS =  12.22252
Iteration 4:  residual SS =   12.1914
Iteration 5:  residual SS =  12.17849
Iteration 6:  residual SS =  12.17798
Iteration 7:  residual SS =   12.1763
Iteration 8:  residual SS =  12.17612
Iteration 9:  residual SS =  12.17609
Iteration 10:  residual SS =  12.17608
Iteration 11:  residual SS =  12.17608
Iteration 12:  residual SS =  12.17608
Iteration 13:  residual SS =  12.17608
Iteration 14:  residual SS =  12.17608
Iteration 15:  residual SS =  12.17608
Iteration 16:  residual SS =  12.17608
Iteration 17:  residual SS =  12.17608

      Source |       SS       df       MS            Number of obs =        40
-------------+------------------------------         F(  2,    37) =     20.26
       Model |  13.3315411     2  6.66577055         Prob > F      =    0.0000
    Residual |  12.1760772    37  .329083168         R-squared     =    0.5226
-------------+------------------------------         Adj R-squared =    0.4968
       Total |  25.5076183    39  .654041496         Root MSE      =  .5736577
                                                     Res. dev.     =  65.93883

------------------------------------------------------------------------------
      lnYtou |      Coef.   Std. Err.      t    P>|t|     [95% Conf. Interval]
-------------+----------------------------------------------------------------
          b1 |  -151.5137    2.61925   -57.85   0.000    -156.8208   -146.2066
          b2 |   1943.004    8.99836   215.93   0.000     1924.771    1961.236
          b3 |   4.648086    2.13572     2.18   0.036     .3207057    8.975466
------------------------------------------------------------------------------
* Parameter b1 taken as constant term in model & ANOVA table
 (SEs, P values, CIs, and correlations are asymptotic approximations)
