=============================================================================================================
Estimation for Cars and POR, specification 2
=============================================================================================================
   
US parameters:
-------------------------------------------------------------------
elascoef1 = 6.400111120162404
elascoef2 = 6.400111120162404
trend     = .0699042705884224
-------------------------------------------------------------------
   
Model specification estimated:
( lnYtou = lnY + {b1} + (1.3-1)*ln(t-{b2=1926})*{b3=6.400111120162404} - (1-.3)*lnYpercap*6.400111120162404 + .0699042705884224*t  ) 
-------------------------------------------------------------------
(obs = 58)

Iteration 0:  residual SS =   1158589
Iteration 1:  residual SS =   1123198
Iteration 2:  residual SS =  136.7053
Iteration 3:  residual SS =  126.3986
Iteration 4:  residual SS =  117.1496
Iteration 5:  residual SS =  113.8639
Iteration 6:  residual SS =  108.1803
Iteration 7:  residual SS =  103.8096
Iteration 8:  residual SS =   100.695
Iteration 9:  residual SS =   98.8139
Iteration 10:  residual SS =  98.18122
Iteration 11:  residual SS =  95.61504
Iteration 12:  residual SS =  93.34016
Iteration 13:  residual SS =  91.35068
Iteration 14:  residual SS =  89.64268
Iteration 15:  residual SS =   88.2144
Iteration 16:  residual SS =  87.06632
Iteration 17:  residual SS =  86.20143
Iteration 18:  residual SS =  85.62547
Iteration 19:  residual SS =  85.34724
Iteration 20:  residual SS =  84.17626
Iteration 21:  residual SS =  83.07262
Iteration 22:  residual SS =  82.03585
Iteration 23:  residual SS =  81.06557
Iteration 24:  residual SS =  80.16158
Iteration 25:  residual SS =  79.32379
Iteration 26:  residual SS =  78.55229
Iteration 27:  residual SS =  77.84732
Iteration 28:  residual SS =  77.20929
Iteration 29:  residual SS =   76.6388
Iteration 30:  residual SS =  76.13665
Iteration 31:  residual SS =  75.70384
Iteration 32:  residual SS =  75.34161
Iteration 33:  residual SS =  75.05143
Iteration 34:  residual SS =  74.83508
Iteration 35:  residual SS =  74.69458
Iteration 36:  residual SS =   74.6323
Iteration 37:  residual SS =  74.12845
Iteration 38:  residual SS =  73.64089
Iteration 39:  residual SS =  73.16964
Iteration 40:  residual SS =  72.71471
Iteration 41:  residual SS =  72.27614
Iteration 42:  residual SS =  71.85397
Iteration 43:  residual SS =  71.44824
Iteration 44:  residual SS =  71.05904
Iteration 45:  residual SS =  70.68643
Iteration 46:  residual SS =  70.33052
Iteration 47:  residual SS =  69.99142
Iteration 48:  residual SS =  69.66924
Iteration 49:  residual SS =  69.36414

      Source |       SS       df       MS            Number of obs =        58
-------------+------------------------------         F(  2,    55) =     30.36
       Model |   76.270468     2   38.135234         Prob > F      =    0.0000
    Residual |  69.0762582    55  1.25593197         R-squared     =    0.5247
-------------+------------------------------         Adj R-squared =    0.5075
       Total |  145.346726    57  2.54994256         Root MSE      =  1.120684
                                                     Res. dev.     =  174.7334

------------------------------------------------------------------------------
      lnYtou |      Coef.   Std. Err.      t    P>|t|     [95% Conf. Interval]
-------------+----------------------------------------------------------------
          b1 |  -444.1402   378.0882    -1.17   0.245    -1201.846    313.5654
          b2 |    1561.07   418.5272     3.73   0.000      722.323    2399.817
          b3 |   172.5644   180.6305     0.96   0.344    -189.4272     534.556
------------------------------------------------------------------------------
* Parameter b1 taken as constant term in model & ANOVA table
 (SEs, P values, CIs, and correlations are asymptotic approximations)
convergence not achieved
