=============================================================================================================
Estimation for Cars and PRG, specification 1
=============================================================================================================
   
US parameters:
-------------------------------------------------------------------
elascoef1 = 6.400111120162404
elascoef2 = 6.400111120162404
trend     = .0699042705884224
-------------------------------------------------------------------
   
Model specification estimated:
( lnYtou = lnY + {b1} + (1.3-1)*ln(t-{b2=1945})*6.400111120162404 - (1-.3)*lnYpercap*6.400111120162404 + .0699042705884224*t  ) 
-------------------------------------------------------------------
(obs = 40)

Iteration 0:  residual SS =  771349.8
Iteration 1:  residual SS =  73.09464
Iteration 2:  residual SS =  37.24578
Iteration 3:  residual SS =  21.83523
Iteration 4:  residual SS =  21.83185
Iteration 5:  residual SS =  21.83165

      Source |       SS       df       MS            Number of obs =        40
-------------+------------------------------         F(  1,    38) =    135.79
       Model |  78.0147736     1  78.0147736         Prob > F      =    0.0000
    Residual |  21.8316352    38  .574516715         R-squared     =    0.7813
-------------+------------------------------         Adj R-squared =    0.7756
       Total |  99.8464088    39  2.56016433         Root MSE      =  .7579688
                                                     Res. dev.     =  89.29431

------------------------------------------------------------------------------
      lnYtou |      Coef.   Std. Err.      t    P>|t|     [95% Conf. Interval]
-------------+----------------------------------------------------------------
          b1 |  -138.9748   .2096469  -662.90   0.000    -139.3992   -138.5504
          b2 |   1943.894   1.790768  1085.51   0.000     1940.269     1947.52
------------------------------------------------------------------------------
* Parameter b1 taken as constant term in model & ANOVA table
 (SEs, P values, CIs, and correlations are asymptotic approximations)
