=============================================================================================================
Estimation for Cars and SAU, specification 2
=============================================================================================================
   
US parameters:
-------------------------------------------------------------------
elascoef1 = 6.400111120162404
elascoef2 = 6.400111120162404
trend     = .0699042705884224
-------------------------------------------------------------------
   
Model specification estimated:
( lnYtou = lnY + {b1} + (1.3-1)*ln(t-{b2=1956})*{b3=6.400111120162404} - (1-.3)*lnYpercap*6.400111120162404 + .0699042705884224*t  ) 
-------------------------------------------------------------------
(obs = 19)

Iteration 0:  residual SS =  324177.6
Iteration 1:  residual SS =  314153.8
Iteration 2:  residual SS =  4.200187
Iteration 3:  residual SS =  1.158333
Iteration 4:  residual SS =  .6755335
Iteration 5:  residual SS =  .6348098
Iteration 6:  residual SS =  .6339974
Iteration 7:  residual SS =  .6339909
Iteration 8:  residual SS =  .6339908
Iteration 9:  residual SS =  .6339908

      Source |       SS       df       MS            Number of obs =        19
-------------+------------------------------         F(  2,    16) =    772.21
       Model |  61.1970686     2  30.5985343         Prob > F      =    0.0000
    Residual |  .633990764    16  .039624423         R-squared     =    0.9897
-------------+------------------------------         Adj R-squared =    0.9885
       Total |  61.8310594    18  3.43505885         Root MSE      =  .1990588
                                                     Res. dev.     = -10.68337

------------------------------------------------------------------------------
      lnYtou |      Coef.   Std. Err.      t    P>|t|     [95% Conf. Interval]
-------------+----------------------------------------------------------------
          b1 |  -144.1842   5.159898   -27.94   0.000    -155.1227   -133.2457
          b2 |   1942.308   6.640667   292.49   0.000      1928.23    1956.386
          b3 |    18.1393   3.796088     4.78   0.000     10.09195    26.18664
------------------------------------------------------------------------------
* Parameter b1 taken as constant term in model & ANOVA table
 (SEs, P values, CIs, and correlations are asymptotic approximations)
