=============================================================================================================
Estimation for Cars and SAU, specification 1
=============================================================================================================
   
US parameters:
-------------------------------------------------------------------
elascoef1 = 6.400111120162404
elascoef2 = 6.400111120162404
trend     = .0699042705884224
-------------------------------------------------------------------
   
Model specification estimated:
( lnYtou = lnY + {b1} + (1.3-1)*ln(t-{b2=1956})*6.400111120162404 - (1-.3)*lnYpercap*6.400111120162404 + .0699042705884224*t  ) 
-------------------------------------------------------------------
(obs = 19)

Iteration 0:  residual SS =  324177.6
Iteration 1:  residual SS =  247243.3
Iteration 2:  residual SS =  4.862722
Iteration 3:  residual SS =  4.859872
Iteration 4:  residual SS =  4.859803

      Source |       SS       df       MS            Number of obs =        19
-------------+------------------------------         F(  1,    17) =    199.29
       Model |    56.97126     1    56.97126         Prob > F      =    0.0000
    Residual |  4.85979935    17   .28587055         R-squared     =    0.9214
-------------+------------------------------         Adj R-squared =    0.9168
       Total |  61.8310594    18  3.43505885         Root MSE      =  .5346686
                                                     Res. dev.     =  28.01427

------------------------------------------------------------------------------
      lnYtou |      Coef.   Std. Err.      t    P>|t|     [95% Conf. Interval]
-------------+----------------------------------------------------------------
          b1 |  -129.9899   .1647621  -788.96   0.000    -130.3376   -129.6423
          b2 |   1959.384   .4275801  4582.50   0.000     1958.482    1960.286
------------------------------------------------------------------------------
* Parameter b1 taken as constant term in model & ANOVA table
 (SEs, P values, CIs, and correlations are asymptotic approximations)
