=============================================================================================================
Estimation for Cars and SNG, specification 1
=============================================================================================================
   
US parameters:
-------------------------------------------------------------------
elascoef1 = 6.400111120162404
elascoef2 = 6.400111120162404
trend     = .0699042705884224
-------------------------------------------------------------------
   
Model specification estimated:
( lnYtou = lnY + {b1} + (1.3-1)*ln(t-{b2=1945})*6.400111120162404 - (1-.3)*lnYpercap*6.400111120162404 + .0699042705884224*t  ) 
-------------------------------------------------------------------
(obs = 44)

Iteration 0:  residual SS =  791256.6
Iteration 1:  residual SS =  441633.6
Iteration 2:  residual SS =  42.26171
Iteration 3:  residual SS =  41.00968
Iteration 4:  residual SS =    40.978
Iteration 5:  residual SS =   40.9708
Iteration 6:  residual SS =  40.96958
Iteration 7:  residual SS =  40.96932
Iteration 8:  residual SS =  40.96926

      Source |       SS       df       MS            Number of obs =        44
-------------+------------------------------         F(  1,    42) =    -17.58
       Model | -17.1515088     1 -17.1515088         Prob > F      =    1.0000
    Residual |  40.9692536    42  .975458419         R-squared     =   -0.7201
-------------+------------------------------         Adj R-squared =   -0.7611
       Total |  23.8177448    43  .553901042         Root MSE      =   .987653
                                                     Res. dev.     =  121.7264

------------------------------------------------------------------------------
      lnYtou |      Coef.   Std. Err.      t    P>|t|     [95% Conf. Interval]
-------------+----------------------------------------------------------------
          b1 |  -133.8262   .2083616  -642.28   0.000    -134.2467   -133.4057
          b2 |   1947.328   1.095023  1778.34   0.000     1945.118    1949.538
------------------------------------------------------------------------------
* Parameter b1 taken as constant term in model & ANOVA table
 (SEs, P values, CIs, and correlations are asymptotic approximations)
