=============================================================================================================
Estimation for Cars and SRI, specification 2
=============================================================================================================
   
US parameters:
-------------------------------------------------------------------
elascoef1 = 6.400111120162404
elascoef2 = 6.400111120162404
trend     = .0699042705884224
-------------------------------------------------------------------
   
Model specification estimated:
( lnYtou = lnY + {b1} + (1.3-1)*ln(t-{b2=1940})*{b3=6.400111120162404} - (1-.3)*lnYpercap*6.400111120162404 + .0699042705884224*t  ) 
-------------------------------------------------------------------
(obs = 49)

Iteration 0:  residual SS =  964489.1
Iteration 1:  residual SS =  934946.8
Iteration 2:  residual SS =  6.050879
Iteration 3:  residual SS =   5.98057
Iteration 4:  residual SS =  5.642179
Iteration 5:  residual SS =  5.358813
Iteration 6:  residual SS =  5.350243
Iteration 7:  residual SS =  5.349868
Iteration 8:  residual SS =  5.349867
Iteration 9:  residual SS =  5.349867
Iteration 10:  residual SS =  5.349867
Iteration 11:  residual SS =  5.349867

      Source |       SS       df       MS            Number of obs =        49
-------------+------------------------------         F(  2,    46) =     47.95
       Model |  11.1532507     2  5.57662537         Prob > F      =    0.0000
    Residual |  5.34986722    46  .116301461         R-squared     =    0.6758
-------------+------------------------------         Adj R-squared =    0.6617
       Total |   16.503118    48  .343814957         Root MSE      =    .34103
                                                     Res. dev.     =   30.5333

------------------------------------------------------------------------------
      lnYtou |      Coef.   Std. Err.      t    P>|t|     [95% Conf. Interval]
-------------+----------------------------------------------------------------
          b1 |  -134.4074   .1941695  -692.22   0.000    -134.7982   -134.0166
          b2 |   1944.887   .5798952  3353.86   0.000      1943.72    1946.055
          b3 |   .3199957    .207921     1.54   0.131    -.0985275    .7385189
------------------------------------------------------------------------------
* Parameter b1 taken as constant term in model & ANOVA table
 (SEs, P values, CIs, and correlations are asymptotic approximations)
