=============================================================================================================
Estimation for Cars and SWZ, specification 1
=============================================================================================================
   
US parameters:
-------------------------------------------------------------------
elascoef1 = 6.400111120162404
elascoef2 = 6.400111120162404
trend     = .0699042705884224
-------------------------------------------------------------------
   
Model specification estimated:
( lnYtou = lnY + {b1} + (1.3-1)*ln(t-{b2=1905})*6.400111120162404 - (1-.3)*lnYpercap*6.400111120162404 + .0699
> 042705884224*t  ) 
-------------------------------------------------------------------
(obs = 83)

Iteration 0:  residual SS =   1443769
Iteration 1:  residual SS =   1106783
Iteration 2:  residual SS =  103.1142
Iteration 3:  residual SS =  103.0938
Iteration 4:  residual SS =  103.0837
Iteration 5:  residual SS =  103.0808
Iteration 6:  residual SS =  103.0794
Iteration 7:  residual SS =  103.0789
Iteration 8:  residual SS =  103.0787

      Source |       SS       df       MS            Number of obs =        83
-------------+------------------------------         F(  1,    81) =    193.63
       Model |  246.412217     1  246.412217         Prob > F      =    0.0000
    Residual |  103.078562    81  1.27257484         R-squared     =    0.7051
-------------+------------------------------         Adj R-squared =    0.7014
       Total |  349.490779    82  4.26208267         Root MSE      =  1.128085
                                                     Res. dev.     =  253.5258

------------------------------------------------------------------------------
      lnYtou |      Coef.   Std. Err.      t    P>|t|     [95% Conf. Interval]
-------------+----------------------------------------------------------------
          b1 |  -131.6955   .1425048  -924.15   0.000     -131.979    -131.412
          b2 |   1908.157   1.015035  1879.89   0.000     1906.137    1910.177
------------------------------------------------------------------------------
* Parameter b1 taken as constant term in model & ANOVA table
 (SEs, P values, CIs, and correlations are asymptotic approximations)
