=============================================================================================================
Estimation for Cars and TOG, specification 1
=============================================================================================================
   
US parameters:
-------------------------------------------------------------------
elascoef1 = 6.400111120162404
elascoef2 = 6.400111120162404
trend     = .0699042705884224
-------------------------------------------------------------------
   
Model specification estimated:
( lnYtou = lnY + {b1} + (1.3-1)*ln(t-{b2=1945})*6.400111120162404 - (1-.3)*lnYpercap*6.400111120162404 + .0699
> 042705884224*t  ) 
-------------------------------------------------------------------
(obs = 38)

Iteration 0:  residual SS =    776633
Iteration 1:  residual SS =  48.10112
Iteration 2:  residual SS =  39.89366
Iteration 3:  residual SS =  38.46447
Iteration 4:  residual SS =  38.27458
Iteration 5:  residual SS =  38.25806
Iteration 6:  residual SS =  38.25689
Iteration 7:  residual SS =  38.25681

      Source |       SS       df       MS            Number of obs =        38
-------------+------------------------------         F(  1,    36) =     65.76
       Model |  69.8861327     1  69.8861327         Prob > F      =    0.0000
    Residual |   38.256803    36  1.06268897         R-squared     =    0.6462
-------------+------------------------------         Adj R-squared =    0.6364
       Total |  108.142936    37  2.92278205         Root MSE      =  1.030868
                                                     Res. dev.     =  108.0953

------------------------------------------------------------------------------
      lnYtou |      Coef.   Std. Err.      t    P>|t|     [95% Conf. Interval]
-------------+----------------------------------------------------------------
          b1 |  -143.0812   .2816219  -508.06   0.000    -143.6524     -142.51
          b2 |   1943.693   2.508502   774.84   0.000     1938.605     1948.78
------------------------------------------------------------------------------
* Parameter b1 taken as constant term in model & ANOVA table
 (SEs, P values, CIs, and correlations are asymptotic approximations)
