=============================================================================================================
Estimation for Cars and UKR, specification 2
=============================================================================================================
   
US parameters:
-------------------------------------------------------------------
elascoef1 = 6.400111120162404
elascoef2 = 6.400111120162404
trend     = .0699042705884224
-------------------------------------------------------------------
   
Model specification estimated:
( lnYtou = lnY + {b1} + (1.3-1)*ln(t-{b2=1985})*{b3=6.400111120162404} - (1-.3)*lnYpercap*6.400111120162404 + 
> .0699042705884224*t  ) 
-------------------------------------------------------------------
(obs = 11)

Iteration 0:  residual SS =  200588.2
Iteration 1:  residual SS =  194759.8
Iteration 2:  residual SS =  8.538161
Iteration 3:  residual SS =  1.175445
Iteration 4:  residual SS =  .9626792
Iteration 5:  residual SS =  .9597333
Iteration 6:  residual SS =  .9596008
Iteration 7:  residual SS =  .9595739
Iteration 8:  residual SS =  .9595656
Iteration 9:  residual SS =   .959563
Iteration 10:  residual SS =  .9595623
Iteration 11:  residual SS =   .959562
Iteration 12:  residual SS =   .959562
Iteration 13:  residual SS =   .959562
Iteration 14:  residual SS =   .959562

      Source |       SS       df       MS            Number of obs =        11
-------------+------------------------------         F(  2,     8) =     -3.00
       Model | -.720284316     2 -.360142158         Prob > F      =    1.0000
    Residual |   .95956197     8  .119945246         R-squared     =   -3.0102
-------------+------------------------------         Adj R-squared =   -4.0128
       Total |  .239277654    10  .023927765         Root MSE      =  .3463311
                                                     Res. dev.     =  4.385738

------------------------------------------------------------------------------
      lnYtou |      Coef.   Std. Err.      t    P>|t|     [95% Conf. Interval]
-------------+----------------------------------------------------------------
          b1 |  -126.2012   2.758884   -45.74   0.000    -132.5632   -119.8392
          b2 |   1987.348   2.282607   870.65   0.000     1982.084    1992.612
          b3 |  -7.780458   3.276304    -2.37   0.045    -15.33563   -.2252866
------------------------------------------------------------------------------
* Parameter b1 taken as constant term in model & ANOVA table
 (SEs, P values, CIs, and correlations are asymptotic approximations)
