=============================================================================================================
Estimation for Cars and UNK, specification 1
=============================================================================================================
   
US parameters:
-------------------------------------------------------------------
elascoef1 = 6.400111120162404
elascoef2 = 6.400111120162404
trend     = .0699042705884224
-------------------------------------------------------------------
   
Model specification estimated:
( lnYtou = lnY + {b1} + (1.3-1)*ln(t-{b2=1899})*6.400111120162404 - (1-.3)*lnYpercap*6.400111120162404 + .0699
> 042705884224*t  ) 
-------------------------------------------------------------------
(obs = 94)

Iteration 0:  residual SS =   1653541
Iteration 1:  residual SS =  424961.6
Iteration 2:  residual SS =  38.47097
Iteration 3:  residual SS =  18.43474
Iteration 4:  residual SS =  13.53205
Iteration 5:  residual SS =  13.33341
Iteration 6:  residual SS =  13.33331

      Source |       SS       df       MS            Number of obs =        94
-------------+------------------------------         F(  1,    92) =   2588.61
       Model |  375.160533     1  375.160533         Prob > F      =    0.0000
    Residual |  13.3333106    92  .144927289         R-squared     =    0.9657
-------------+------------------------------         Adj R-squared =    0.9653
       Total |  388.493843    93  4.17735315         Root MSE      =  .3806932
                                                     Res. dev.     =  83.17569

------------------------------------------------------------------------------
      lnYtou |      Coef.   Std. Err.      t    P>|t|     [95% Conf. Interval]
-------------+----------------------------------------------------------------
          b1 |  -132.6344   .0545273 -2432.44   0.000    -132.7426   -132.5261
          b2 |   1898.931   .6039408  3144.23   0.000     1897.732    1900.131
------------------------------------------------------------------------------
* Parameter b1 taken as constant term in model & ANOVA table
 (SEs, P values, CIs, and correlations are asymptotic approximations)
