=============================================================================================================
Estimation for Cars and UNK, specification 2
=============================================================================================================
   
US parameters:
-------------------------------------------------------------------
elascoef1 = 6.400111120162404
elascoef2 = 6.400111120162404
trend     = .0699042705884224
-------------------------------------------------------------------
   
Model specification estimated:
( lnYtou = lnY + {b1} + (1.3-1)*ln(t-{b2=1899})*{b3=6.400111120162404} - (1-.3)*lnYpercap*6.400111120162404 + 
> .0699042705884224*t  ) 
-------------------------------------------------------------------
(obs = 94)

Iteration 0:  residual SS =   1653541
Iteration 1:  residual SS =   1602755
Iteration 2:  residual SS =  12.37622
Iteration 3:  residual SS =  10.49102
Iteration 4:  residual SS =  9.963011
Iteration 5:  residual SS =  9.873366
Iteration 6:  residual SS =  9.866158
Iteration 7:  residual SS =  9.865814
Iteration 8:  residual SS =  9.865798
Iteration 9:  residual SS =  9.865798
Iteration 10:  residual SS =  9.865798
Iteration 11:  residual SS =  9.865798

      Source |       SS       df       MS            Number of obs =        94
-------------+------------------------------         F(  2,    91) =   1746.19
       Model |  378.628046     2  189.314023         Prob > F      =    0.0000
    Residual |  9.86579762    91  .108415358         R-squared     =    0.9746
-------------+------------------------------         Adj R-squared =    0.9740
       Total |  388.493843    93  4.17735315         Root MSE      =  .3292649
                                                     Res. dev.     =  54.86369

------------------------------------------------------------------------------
      lnYtou |      Coef.   Std. Err.      t    P>|t|     [95% Conf. Interval]
-------------+----------------------------------------------------------------
          b1 |  -138.4792   1.626268   -85.15   0.000    -141.7096   -135.2488
          b2 |   1882.861   5.028199   374.46   0.000     1872.873    1892.849
          b3 |   10.54177   1.085902     9.71   0.000     8.384761    12.69878
------------------------------------------------------------------------------
* Parameter b1 taken as constant term in model & ANOVA table
 (SEs, P values, CIs, and correlations are asymptotic approximations)
