=============================================================================================================
Estimation for Cars and URG, specification 1
=============================================================================================================
   
US parameters:
-------------------------------------------------------------------
elascoef1 = 6.400111120162404
elascoef2 = 6.400111120162404
trend     = .0699042705884224
-------------------------------------------------------------------
   
Model specification estimated:
( lnYtou = lnY + {b1} + (1.3-1)*ln(t-{b2=1923})*6.400111120162404 - (1-.3)*lnYpercap*6.400111120162404 + .0699
> 042705884224*t  ) 
-------------------------------------------------------------------
(obs = 46)

Iteration 0:  residual SS =  836562.5
Iteration 1:  residual SS =  36.85755
Iteration 2:  residual SS =  32.94153
Iteration 3:  residual SS =  27.94955
Iteration 4:  residual SS =  24.48751
Iteration 5:  residual SS =  23.77396
Iteration 6:  residual SS =  22.49196
Iteration 7:  residual SS =  22.21304
Iteration 8:  residual SS =   21.5432
Iteration 9:  residual SS =  21.22556
Iteration 10:  residual SS =  20.79127
Iteration 11:  residual SS =  20.45895
Iteration 12:  residual SS =  20.24502
Iteration 13:  residual SS =  20.17496
Iteration 14:  residual SS =  19.98055
Iteration 15:  residual SS =  19.82267
Iteration 16:  residual SS =  19.70674
Iteration 17:  residual SS =  19.64005
Iteration 18:  residual SS =  19.63256
Iteration 19:  residual SS =  19.53975
Iteration 20:  residual SS =  19.45989
Iteration 21:  residual SS =  19.39453
Iteration 22:  residual SS =  19.34557
Iteration 23:  residual SS =  19.31538
Iteration 24:  residual SS =  19.30691
Iteration 25:  residual SS =    19.257
Iteration 26:  residual SS =  19.21124
Iteration 27:  residual SS =  19.16996
Iteration 28:  residual SS =  19.13359
Iteration 29:  residual SS =   19.1026
Iteration 30:  residual SS =  19.07753
Iteration 31:  residual SS =  19.05901
Iteration 32:  residual SS =   19.0478
Iteration 33:  residual SS =  19.04478
Iteration 34:  residual SS =  19.01954
Iteration 35:  residual SS =  18.99569
Iteration 36:  residual SS =  18.97334
Iteration 37:  residual SS =  18.95257
Iteration 38:  residual SS =   18.9335
Iteration 39:  residual SS =  18.91624
Iteration 40:  residual SS =  18.90092
Iteration 41:  residual SS =  18.88771
Iteration 42:  residual SS =  18.87674
Iteration 43:  residual SS =  18.86822
Iteration 44:  residual SS =  18.86235
Iteration 45:  residual SS =  18.85936
Iteration 46:  residual SS =  18.84609
Iteration 47:  residual SS =  18.83328
Iteration 48:  residual SS =  18.82094
Iteration 49:  residual SS =  18.80909

      Source |       SS       df       MS            Number of obs =        46
-------------+------------------------------         F(  1,    44) =     35.59
       Model |  15.2035228     1  15.2035228         Prob > F      =    0.0000
    Residual |  18.7977664    44  .427221964         R-squared     =    0.4471
-------------+------------------------------         Adj R-squared =    0.4346
       Total |  34.0012892    45  .755584205         Root MSE      =  .6536222
                                                     Res. dev.     =  89.37679

------------------------------------------------------------------------------
      lnYtou |      Coef.   Std. Err.      t    P>|t|     [95% Conf. Interval]
-------------+----------------------------------------------------------------
          b1 |  -146.1771   28.60259    -5.11   0.000    -203.8218   -88.53234
          b2 |  -8900.176     159034    -0.06   0.956    -329412.1    311611.8
------------------------------------------------------------------------------
* Parameter b1 taken as constant term in model & ANOVA table
 (SEs, P values, CIs, and correlations are asymptotic approximations)
convergence not achieved
