=============================================================================================================
Estimation for Cars and URG, specification 2
=============================================================================================================
   
US parameters:
-------------------------------------------------------------------
elascoef1 = 6.400111120162404
elascoef2 = 6.400111120162404
trend     = .0699042705884224
-------------------------------------------------------------------
   
Model specification estimated:
( lnYtou = lnY + {b1} + (1.3-1)*ln(t-{b2=1923})*{b3=6.400111120162404} - (1-.3)*lnYpercap*6.400111120162404 + 
> .0699042705884224*t  ) 
-------------------------------------------------------------------
(obs = 46)

Iteration 0:  residual SS =  836562.5
Iteration 1:  residual SS =  785580.1
Iteration 2:  residual SS =  4.229851
Iteration 3:  residual SS =  4.150429
Iteration 4:  residual SS =  4.104049
Iteration 5:  residual SS =  4.066503
Iteration 6:  residual SS =  4.050327
Iteration 7:  residual SS =  4.049739
Iteration 8:  residual SS =  4.049707
Iteration 9:  residual SS =  4.049698
Iteration 10:  residual SS =  4.049686
Iteration 11:  residual SS =   4.04968
Iteration 12:  residual SS =  4.049676
Iteration 13:  residual SS =  4.049672
Iteration 14:  residual SS =  4.049671
Iteration 15:  residual SS =  4.049669
Iteration 16:  residual SS =  4.049668
Iteration 17:  residual SS =  4.049667
Iteration 18:  residual SS =  4.049666

      Source |       SS       df       MS            Number of obs =        46
-------------+------------------------------         F(  2,    43) =    159.02
       Model |  29.9516235     2  14.9758118         Prob > F      =    0.0000
    Residual |  4.04966571    43  .094178272         R-squared     =    0.8809
-------------+------------------------------         Adj R-squared =    0.8754
       Total |  34.0012892    45  .755584205         Root MSE      =  .3068848
                                                     Res. dev.     =  18.76202

------------------------------------------------------------------------------
      lnYtou |      Coef.   Std. Err.      t    P>|t|     [95% Conf. Interval]
-------------+----------------------------------------------------------------
          b1 |  -127.3127   .2316443  -549.60   0.000    -127.7798   -126.8455
          b2 |   1927.879   .4303724  4479.56   0.000     1927.011    1928.747
          b3 |  -.4666459   .2108285    -2.21   0.032    -.8918221   -.0414697
------------------------------------------------------------------------------
* Parameter b1 taken as constant term in model & ANOVA table
 (SEs, P values, CIs, and correlations are asymptotic approximations)
