=============================================================================================================
Estimation for Cars and VNZ, specification 1
=============================================================================================================
   
US parameters:
-------------------------------------------------------------------
elascoef1 = 6.400111120162404
elascoef2 = 6.400111120162404
trend     = .0699042705884224
-------------------------------------------------------------------
   
Model specification estimated:
( lnYtou = lnY + {b1} + (1.3-1)*ln(t-{b2=1923})*6.400111120162404 - (1-.3)*lnYpercap*6.400111120162404 + .0699
> 042705884224*t  ) 
-------------------------------------------------------------------
(obs = 65)

Iteration 0:  residual SS =   1162134
Iteration 1:  residual SS =  90.54345
Iteration 2:  residual SS =  71.75744
Iteration 3:  residual SS =  65.62417
Iteration 4:  residual SS =  65.57361
Iteration 5:  residual SS =  65.57177
Iteration 6:  residual SS =  65.57166

      Source |       SS       df       MS            Number of obs =        65
-------------+------------------------------         F(  1,    63) =    154.90
       Model |  161.223891     1  161.223891         Prob > F      =    0.0000
    Residual |  65.5716516    63  1.04081987         R-squared     =    0.7109
-------------+------------------------------         Adj R-squared =    0.7063
       Total |  226.795542    64  3.54368035         Root MSE      =  1.020206
                                                     Res. dev.     =  185.0312

------------------------------------------------------------------------------
      lnYtou |      Coef.   Std. Err.      t    P>|t|     [95% Conf. Interval]
-------------+----------------------------------------------------------------
          b1 |    -133.67   .1843194  -725.21   0.000    -134.0384   -133.3017
          b2 |   1923.488   1.666366  1154.30   0.000     1920.158    1926.818
------------------------------------------------------------------------------
* Parameter b1 taken as constant term in model & ANOVA table
 (SEs, P values, CIs, and correlations are asymptotic approximations)
