=============================================================================================================
Estimation for MRI and AUL, specification 2
=============================================================================================================
   
US parameters:
-------------------------------------------------------------------
elascoef1 = 6.909064509263065
elascoef2 = 6.909064509263065
trend     = .019971210204514
-------------------------------------------------------------------
   
Model specification estimated:
( lnYtou = lnY + {b1} + (1.3-1)*ln(t-{b2=1981})*{b3=6.909064509263065} - (1-.3)*lnYpercap*6.909064509263065 + 
> .019971210204514*t  ) 
-------------------------------------------------------------------
(obs = 13)

Iteration 0:  residual SS =  21120.44
Iteration 1:  residual SS =  11942.02
Iteration 2:  residual SS =  1.151431
Iteration 3:  residual SS =  .7695209
Iteration 4:  residual SS =  .4231394
Iteration 5:  residual SS =  .1641788
Iteration 6:  residual SS =  .1550991
Iteration 7:  residual SS =  .1550987
Iteration 8:  residual SS =  .1550987

      Source |       SS       df       MS            Number of obs =        13
-------------+------------------------------         F(  2,    10) =    517.76
       Model |  16.0607274     2  8.03036371         Prob > F      =    0.0000
    Residual |  .155098703    10   .01550987         R-squared     =    0.9904
-------------+------------------------------         Adj R-squared =    0.9885
       Total |  16.2158261    12  1.35131884         Root MSE      =  .1245386
                                                     Res. dev.     = -20.67996

------------------------------------------------------------------------------
      lnYtou |      Coef.   Std. Err.      t    P>|t|     [95% Conf. Interval]
-------------+----------------------------------------------------------------
          b1 |  -50.24001   4.340932   -11.57   0.000    -59.91221   -40.56781
          b2 |   1975.006   3.543499   557.36   0.000     1967.111    1982.902
          b3 |   17.48023   3.785896     4.62   0.001     9.044727    25.91573
------------------------------------------------------------------------------
* Parameter b1 taken as constant term in model & ANOVA table
 (SEs, P values, CIs, and correlations are asymptotic approximations)
