=============================================================================================================
Estimation for MRI and AUL, specification 1
=============================================================================================================
   
US parameters:
-------------------------------------------------------------------
elascoef1 = 6.909064509263065
elascoef2 = 6.909064509263065
trend     = .019971210204514
-------------------------------------------------------------------
   
Model specification estimated:
( lnYtou = lnY + {b1} + (1.3-1)*ln(t-{b2=1981})*6.909064509263065 - (1-.3)*lnYpercap*6.909064509263065 + .0199
> 71210204514*t  ) 
-------------------------------------------------------------------
(obs = 13)

Iteration 0:  residual SS =  21120.44
Iteration 1:  residual SS =  1.270213
Iteration 2:  residual SS =  .9767871
Iteration 3:  residual SS =  .9013067
Iteration 4:  residual SS =  .9011181

      Source |       SS       df       MS            Number of obs =        13
-------------+------------------------------         F(  1,    11) =    186.95
       Model |  15.3147087     1  15.3147087         Prob > F      =    0.0000
    Residual |  .901117459    11  .081919769         R-squared     =    0.9444
-------------+------------------------------         Adj R-squared =    0.9394
       Total |  16.2158261    12  1.35131884         Root MSE      =  .2862163
                                                     Res. dev.     =  2.194505

------------------------------------------------------------------------------
      lnYtou |      Coef.   Std. Err.      t    P>|t|     [95% Conf. Interval]
-------------+----------------------------------------------------------------
          b1 |  -39.53657   .1396137  -283.19   0.000    -39.84386   -39.22929
          b2 |   1983.887   .3336449  5946.10   0.000     1983.152    1984.621
------------------------------------------------------------------------------
* Parameter b1 taken as constant term in model & ANOVA table
 (SEs, P values, CIs, and correlations are asymptotic approximations)
