=============================================================================================================
Estimation for MRI and CAN, specification 1
=============================================================================================================
   
US parameters:
-------------------------------------------------------------------
elascoef1 = 6.909064509263065
elascoef2 = 6.909064509263065
trend     = .019971210204514
-------------------------------------------------------------------
   
Model specification estimated:
( lnYtou = lnY + {b1} + (1.3-1)*ln(t-{b2=1977})*6.909064509263065 - (1-.3)*lnYpercap*6.909064509263065 + .0199
> 71210204514*t  ) 
-------------------------------------------------------------------
(obs = 17)

Iteration 0:  residual SS =  28902.93
Iteration 1:  residual SS =  4.873985
Iteration 2:  residual SS =  .8575896
Iteration 3:  residual SS =  .8516509
Iteration 4:  residual SS =  .8516467

      Source |       SS       df       MS            Number of obs =        17
-------------+------------------------------         F(  1,    15) =    414.65
       Model |  23.5422527     1  23.5422527         Prob > F      =    0.0000
    Residual |  .851646726    15  .056776448         R-squared     =    0.9651
-------------+------------------------------         Adj R-squared =    0.9628
       Total |  24.3938994    16  1.52461871         Root MSE      =  .2382781
                                                     Res. dev.     = -2.650636

------------------------------------------------------------------------------
      lnYtou |      Coef.   Std. Err.      t    P>|t|     [95% Conf. Interval]
-------------+----------------------------------------------------------------
          b1 |  -40.56625   .0946314  -428.68   0.000    -40.76795   -40.36455
          b2 |   1979.875   .2556375  7744.85   0.000      1979.33     1980.42
------------------------------------------------------------------------------
* Parameter b1 taken as constant term in model & ANOVA table
 (SEs, P values, CIs, and correlations are asymptotic approximations)
