=============================================================================================================
Estimation for MRI and CAN, specification 2
=============================================================================================================
   
US parameters:
-------------------------------------------------------------------
elascoef1 = 6.909064509263065
elascoef2 = 6.909064509263065
trend     = .019971210204514
-------------------------------------------------------------------
   
Model specification estimated:
( lnYtou = lnY + {b1} + (1.3-1)*ln(t-{b2=1977})*{b3=6.909064509263065} - (1-.3)*lnYpercap*6.909064509263065 + 
> .019971210204514*t  ) 
-------------------------------------------------------------------
(obs = 17)

Iteration 0:  residual SS =  28902.93
Iteration 1:  residual SS =  16226.33
Iteration 2:  residual SS =   1.01758
Iteration 3:  residual SS =  .8546831
Iteration 4:  residual SS =  .8217847
Iteration 5:  residual SS =  .8171036
Iteration 6:  residual SS =  .8165771
Iteration 7:  residual SS =  .8165231
Iteration 8:  residual SS =  .8165176
Iteration 9:  residual SS =  .8165171
Iteration 10:  residual SS =   .816517
Iteration 11:  residual SS =   .816517
Iteration 12:  residual SS =   .816517

      Source |       SS       df       MS            Number of obs =        17
-------------+------------------------------         F(  2,    14) =    202.13
       Model |  23.5773824     2  11.7886912         Prob > F      =    0.0000
    Residual |  .816517021    14  .058322644         R-squared     =    0.9665
-------------+------------------------------         Adj R-squared =    0.9617
       Total |  24.3938994    16  1.52461871         Root MSE      =  .2415008
                                                     Res. dev.     = -3.366745

------------------------------------------------------------------------------
      lnYtou |      Coef.   Std. Err.      t    P>|t|     [95% Conf. Interval]
-------------+----------------------------------------------------------------
          b1 |  -41.47271   1.157243   -35.84   0.000    -43.95475   -38.99067
          b2 |   1979.026   1.132486  1747.51   0.000     1976.597    1981.455
          b3 |   7.895533   1.227332     6.43   0.000     5.263168     10.5279
------------------------------------------------------------------------------
* Parameter b1 taken as constant term in model & ANOVA table
 (SEs, P values, CIs, and correlations are asymptotic approximations)
