=============================================================================================================
Estimation for MRI and GER, specification 1
=============================================================================================================
   
US parameters:
-------------------------------------------------------------------
elascoef1 = 6.909064509263065
elascoef2 = 6.909064509263065
trend     = .019971210204514
-------------------------------------------------------------------
   
Model specification estimated:
( lnYtou = lnY + {b1} + (1.3-1)*ln(t-{b2=1978})*6.909064509263065 - (1-.3)*lnYpercap*6.909064509263065 + .0199
> 71210204514*t  ) 
-------------------------------------------------------------------
(obs = 15)

Iteration 0:  residual SS =   24802.7
Iteration 1:  residual SS =  3.015506
Iteration 2:  residual SS =  2.972581
Iteration 3:  residual SS =  .3817344
Iteration 4:  residual SS =  .2516071
Iteration 5:  residual SS =  .2511315

      Source |       SS       df       MS            Number of obs =        15
-------------+------------------------------         F(  1,    13) =   1134.82
       Model |  21.9223021     1  21.9223021         Prob > F      =    0.0000
    Residual |  .251131266    13   .01931779         R-squared     =    0.9887
-------------+------------------------------         Adj R-squared =    0.9878
       Total |  22.1734333    14  1.58381667         Root MSE      =  .1389885
                                                     Res. dev.     = -18.77929

------------------------------------------------------------------------------
      lnYtou |      Coef.   Std. Err.      t    P>|t|     [95% Conf. Interval]
-------------+----------------------------------------------------------------
          b1 |  -39.81741   .0576804  -690.31   0.000    -39.94202    -39.6928
          b2 |   1981.248   .1287071        .   0.000      1980.97    1981.526
------------------------------------------------------------------------------
* Parameter b1 taken as constant term in model & ANOVA table
 (SEs, P values, CIs, and correlations are asymptotic approximations)
