=============================================================================================================
Estimation for MRI and USA, specification 2
=============================================================================================================
   
US parameters:
-------------------------------------------------------------------
elascoef1 = 6.909064509263065
elascoef2 = 6.909064509263065
trend     = .019971210204514
-------------------------------------------------------------------
   
Model specification estimated:
( lnYtou = lnY + {b1} + (1.3-1)*ln(t-{b2=1978})*{b3=6.909064509263065} - (1-.3)*lnYpercap*6.909064509263065 + 
> .019971210204514*t  ) 
-------------------------------------------------------------------
(obs = 18)

Iteration 0:  residual SS =  26741.07
Iteration 1:  residual SS =  14992.58
Iteration 2:  residual SS =  .1282463
Iteration 3:  residual SS =  .0933089
Iteration 4:  residual SS =  .0932099

      Source |       SS       df       MS            Number of obs =        18
-------------+------------------------------         F(  2,    15) =   1130.01
       Model |  14.0437286     2   7.0218643         Prob > F      =    0.0000
    Residual |  .093209863    15  .006213991         R-squared     =    0.9934
-------------+------------------------------         Adj R-squared =    0.9925
       Total |  14.1369385    17  .831584616         Root MSE      =  .0788289
                                                     Res. dev.     = -43.65714

------------------------------------------------------------------------------
      lnYtou |      Coef.   Std. Err.      t    P>|t|     [95% Conf. Interval]
-------------+----------------------------------------------------------------
          b1 |  -38.23017   .4268243   -89.57   0.000    -39.13993   -37.32042
          b2 |   1979.825    .482373  4104.35   0.000     1978.797    1980.853
          b3 |   7.003307   .4491872    15.59   0.000     6.045888    7.960727
------------------------------------------------------------------------------
* Parameter b1 taken as constant term in model & ANOVA table
 (SEs, P values, CIs, and correlations are asymptotic approximations)
