=============================================================================================================
Estimation for Aviation_passengers and AFG, specification 1
=============================================================================================================
   
US parameters:
-------------------------------------------------------------------
elascoef1 = 3.606113678690623
elascoef2 = 3.606113678690623
trend     = .1050463220906398
-------------------------------------------------------------------
   
Model specification estimated:
( lnYtou = lnY + {b1} + (1.3-1)*ln(t-{b2=1954})*3.606113678690623 - (1-.3)*lnYpercap*3.606113678690623 + .1050
> 463220906398*t  ) 
-------------------------------------------------------------------
(obs = 33)

Iteration 0:  residual SS =   1536732
Iteration 1:  residual SS =  223.4493
Iteration 2:  residual SS =  162.4734
Iteration 3:  residual SS =  161.6087
Iteration 4:  residual SS =  161.0829
Iteration 5:  residual SS =  160.4356
Iteration 6:  residual SS =   160.344
Iteration 7:  residual SS =  159.9856
Iteration 8:  residual SS =  159.8105
Iteration 9:  residual SS =  159.5432
Iteration 10:  residual SS =  159.3211
Iteration 11:  residual SS =  159.1536
Iteration 12:  residual SS =  159.0527
Iteration 13:  residual SS =  159.0347
Iteration 14:  residual SS =  158.9131
Iteration 15:  residual SS =   158.809
Iteration 16:  residual SS =  158.7251
Iteration 17:  residual SS =  158.6645
Iteration 18:  residual SS =  158.6314
Iteration 19:  residual SS =  158.6304
Iteration 20:  residual SS =  158.5674
Iteration 21:  residual SS =  158.5104
Iteration 22:  residual SS =  158.4599
Iteration 23:  residual SS =  158.4166
Iteration 24:  residual SS =  158.3814
Iteration 25:  residual SS =  158.3553
Iteration 26:  residual SS =  158.3392
Iteration 27:  residual SS =  158.3346
Iteration 28:  residual SS =  158.3003
Iteration 29:  residual SS =  158.2678
Iteration 30:  residual SS =  158.2373
Iteration 31:  residual SS =   158.209
Iteration 32:  residual SS =   158.183
Iteration 33:  residual SS =  158.1595
Iteration 34:  residual SS =  158.1387
Iteration 35:  residual SS =  158.1207
Iteration 36:  residual SS =   158.106
Iteration 37:  residual SS =  158.0946
Iteration 38:  residual SS =   158.087
Iteration 39:  residual SS =  158.0834
Iteration 40:  residual SS =  158.0654
Iteration 41:  residual SS =  158.0479
Iteration 42:  residual SS =  158.0311
Iteration 43:  residual SS =  158.0149
Iteration 44:  residual SS =  157.9995
Iteration 45:  residual SS =  157.9848
Iteration 46:  residual SS =  157.9709
Iteration 47:  residual SS =  157.9579
Iteration 48:  residual SS =  157.9457
Iteration 49:  residual SS =  157.9344

      Source |       SS       df       MS            Number of obs =        33
-------------+------------------------------         F(  1,    31) =    -28.23
       Model | -143.811173     1 -143.811173         Prob > F      =    1.0000
    Residual |  157.924126    31  5.09432664         R-squared     =  -10.1900
-------------+------------------------------         Adj R-squared =  -10.5510
       Total |  14.1129531    32  .441029785         Root MSE      =  2.257062
                                                     Res. dev.     =   145.315

------------------------------------------------------------------------------
      lnYtou |      Coef.   Std. Err.      t    P>|t|     [95% Conf. Interval]
-------------+----------------------------------------------------------------
          b1 |  -223.0376   18.53241   -12.03   0.000    -260.8347   -185.2405
          b2 |  -370.2594   39415.04    -0.01   0.993    -80757.76    80017.24
------------------------------------------------------------------------------
* Parameter b1 taken as constant term in model & ANOVA table
 (SEs, P values, CIs, and correlations are asymptotic approximations)
convergence not achieved
