=============================================================================================================
Estimation for Aviation_passengers and ALG, specification 1
=============================================================================================================
   
US parameters:
-------------------------------------------------------------------
elascoef1 = 3.606113678690623
elascoef2 = 3.606113678690623
trend     = .1050463220906398
-------------------------------------------------------------------
   
Model specification estimated:
( lnYtou = lnY + {b1} + (1.3-1)*ln(t-{b2=1957})*3.606113678690623 - (1-.3)*lnYpercap*3.606113678690623 + .1050
> 463220906398*t  ) 
-------------------------------------------------------------------
(obs = 30)

Iteration 0:  residual SS =   1348599
Iteration 1:  residual SS =   1016.87
Iteration 2:  residual SS =  7.420955
Iteration 3:  residual SS =  7.298948
Iteration 4:  residual SS =  7.246054
Iteration 5:  residual SS =  7.233324
Iteration 6:  residual SS =  7.231868
Iteration 7:  residual SS =  7.231786
Iteration 8:  residual SS =  7.231782
Iteration 9:  residual SS =  7.231782
Iteration 10:  residual SS =  7.231782
Iteration 11:  residual SS =  7.231782
Iteration 12:  residual SS =  7.231782

      Source |       SS       df       MS            Number of obs =        30
-------------+------------------------------         F(  1,    28) =     83.51
       Model |  21.5682757     1  21.5682757         Prob > F      =    0.0000
    Residual |  7.23178171    28  .258277918         R-squared     =    0.7489
-------------+------------------------------         Adj R-squared =    0.7399
       Total |  28.8000574    29  .993105426         Root MSE      =  .5082105
                                                     Res. dev.     =  42.45495

------------------------------------------------------------------------------
      lnYtou |      Coef.   Std. Err.      t    P>|t|     [95% Conf. Interval]
-------------+----------------------------------------------------------------
          b1 |  -215.3345   3.810692   -56.51   0.000    -223.1403   -207.5286
          b2 |   1605.076   1308.036     1.23   0.230    -1074.314    4284.466
------------------------------------------------------------------------------
* Parameter b1 taken as constant term in model & ANOVA table
 (SEs, P values, CIs, and correlations are asymptotic approximations)
