=============================================================================================================
Estimation for Aviation_passengers and ALG, specification 2
=============================================================================================================
   
US parameters:
-------------------------------------------------------------------
elascoef1 = 3.606113678690623
elascoef2 = 3.606113678690623
trend     = .1050463220906398
-------------------------------------------------------------------
   
Model specification estimated:
( lnYtou = lnY + {b1} + (1.3-1)*ln(t-{b2=1957})*{b3=3.606113678690623} - (1-.3)*lnYpercap*3.606113678690623 + 
> .1050463220906398*t  ) 
-------------------------------------------------------------------
(obs = 30)

Iteration 0:  residual SS =   1348599
Iteration 1:  residual SS =   1328118
Iteration 2:  residual SS =  7.151961
Iteration 3:  residual SS =    6.9754
Iteration 4:  residual SS =    6.8318
Iteration 5:  residual SS =  6.831667
Iteration 6:  residual SS =  6.831666
Iteration 7:  residual SS =  6.831666

      Source |       SS       df       MS            Number of obs =        30
-------------+------------------------------         F(  2,    27) =     43.41
       Model |  21.9683918     2  10.9841959         Prob > F      =    0.0000
    Residual |   6.8316656    27  .253024652         R-squared     =    0.7628
-------------+------------------------------         Adj R-squared =    0.7452
       Total |  28.8000574    29  .993105426         Root MSE      =  .5030156
                                                     Res. dev.     =  40.74745

------------------------------------------------------------------------------
      lnYtou |      Coef.   Std. Err.      t    P>|t|     [95% Conf. Interval]
-------------+----------------------------------------------------------------
          b1 |  -209.1657   .3360697  -622.39   0.000    -209.8553   -208.4762
          b2 |   1961.891   .8943584  2193.63   0.000     1960.056    1963.726
          b3 |   .3344561   .4186897     0.80   0.431    -.5246242    1.193536
------------------------------------------------------------------------------
* Parameter b1 taken as constant term in model & ANOVA table
 (SEs, P values, CIs, and correlations are asymptotic approximations)
