=============================================================================================================
Estimation for Aviation_passengers and ARG, specification 2
=============================================================================================================
   
US parameters:
-------------------------------------------------------------------
elascoef1 = 3.606113678690623
elascoef2 = 3.606113678690623
trend     = .1050463220906398
-------------------------------------------------------------------
   
Model specification estimated:
( lnYtou = lnY + {b1} + (1.3-1)*ln(t-{b2=1930})*{b3=3.606113678690623} - (1-.3)*lnYpercap*3.606113678690623 + 
> .1050463220906398*t  ) 
-------------------------------------------------------------------
(obs = 58)

Iteration 0:  residual SS =   2580920
Iteration 1:  residual SS =   2541259
Iteration 2:  residual SS =  32.24812
Iteration 3:  residual SS =  30.00522
Iteration 4:  residual SS =  29.73709
Iteration 5:  residual SS =  29.73115
Iteration 6:  residual SS =  29.72885
Iteration 7:  residual SS =  29.72823
Iteration 8:  residual SS =  29.72794
Iteration 9:  residual SS =  29.72782
Iteration 10:  residual SS =  29.72778
Iteration 11:  residual SS =  29.72776
Iteration 12:  residual SS =  29.72775
Iteration 13:  residual SS =  29.72775
Iteration 14:  residual SS =  29.72775

      Source |       SS       df       MS            Number of obs =        58
-------------+------------------------------         F(  2,    55) =    405.42
       Model |  438.267781     2  219.133891         Prob > F      =    0.0000
    Residual |   29.727747    55  .540504491         R-squared     =    0.9365
-------------+------------------------------         Adj R-squared =    0.9342
       Total |  467.995528    57  8.21044787         Root MSE      =  .7351901
                                                     Res. dev.     =  125.8319

------------------------------------------------------------------------------
      lnYtou |      Coef.   Std. Err.      t    P>|t|     [95% Conf. Interval]
-------------+----------------------------------------------------------------
          b1 |  -211.1825   .5254701  -401.89   0.000    -212.2356   -210.1295
          b2 |   1934.492   .4419594  4377.08   0.000     1933.606    1935.378
          b3 |   4.175327   .5089626     8.20   0.000     3.155343    5.195311
------------------------------------------------------------------------------
* Parameter b1 taken as constant term in model & ANOVA table
 (SEs, P values, CIs, and correlations are asymptotic approximations)
