=============================================================================================================
Estimation for Aviation_passengers and ARG, specification 1
=============================================================================================================
   
US parameters:
-------------------------------------------------------------------
elascoef1 = 3.606113678690623
elascoef2 = 3.606113678690623
trend     = .1050463220906398
-------------------------------------------------------------------
   
Model specification estimated:
( lnYtou = lnY + {b1} + (1.3-1)*ln(t-{b2=1930})*3.606113678690623 - (1-.3)*lnYpercap*3.606113678690623 + .1050
> 463220906398*t  ) 
-------------------------------------------------------------------
(obs = 58)

Iteration 0:  residual SS =   2580920
Iteration 1:  residual SS =   2276171
Iteration 2:  residual SS =   1280142
Iteration 3:  residual SS =  319941.2
Iteration 4:  residual SS =  30.69136
Iteration 5:  residual SS =  30.68928

      Source |       SS       df       MS            Number of obs =        58
-------------+------------------------------         F(  1,    56) =    797.98
       Model |  437.306556     1  437.306556         Prob > F      =    0.0000
    Residual |  30.6889721    56  .548017359         R-squared     =    0.9344
-------------+------------------------------         Adj R-squared =    0.9333
       Total |  467.995528    57  8.21044787         Root MSE      =  .7402819
                                                     Res. dev.     =  127.6776

------------------------------------------------------------------------------
      lnYtou |      Coef.   Std. Err.      t    P>|t|     [95% Conf. Interval]
-------------+----------------------------------------------------------------
          b1 |  -210.6256   .1009425 -2086.59   0.000    -210.8278   -210.4234
          b2 |   1934.723   .1849068        .   0.000     1934.353    1935.093
------------------------------------------------------------------------------
* Parameter b1 taken as constant term in model & ANOVA table
 (SEs, P values, CIs, and correlations are asymptotic approximations)
