=============================================================================================================
Estimation for Aviation_passengers and AUS, specification 2
=============================================================================================================
   
US parameters:
-------------------------------------------------------------------
elascoef1 = 3.606113678690623
elascoef2 = 3.606113678690623
trend     = .1050463220906398
-------------------------------------------------------------------
   
Model specification estimated:
( lnYtou = lnY + {b1} + (1.3-1)*ln(t-{b2=1953})*{b3=3.606113678690623} - (1-.3)*lnYpercap*3.606113678690623 + 
> .1050463220906398*t  ) 
-------------------------------------------------------------------
(obs = 36)

Iteration 0:  residual SS =   1581331
Iteration 1:  residual SS =   1556909
Iteration 2:  residual SS =  .8735328
Iteration 3:  residual SS =  .8436521
Iteration 4:  residual SS =  .8433009
Iteration 5:  residual SS =  .8433004
Iteration 6:  residual SS =  .8433004

      Source |       SS       df       MS            Number of obs =        36
-------------+------------------------------         F(  2,    33) =   1240.37
       Model |  63.3942184     2  31.6971092         Prob > F      =    0.0000
    Residual |  .843300359    33  .025554556         R-squared     =    0.9869
-------------+------------------------------         Adj R-squared =    0.9861
       Total |  64.2375188    35  1.83535768         Root MSE      =  .1598579
                                                     Res. dev.     = -32.97866

------------------------------------------------------------------------------
      lnYtou |      Coef.   Std. Err.      t    P>|t|     [95% Conf. Interval]
-------------+----------------------------------------------------------------
          b1 |  -208.4835   .1525554 -1366.61   0.000    -208.7939   -208.1732
          b2 |   1957.414   .1984289  9864.56   0.000      1957.01    1957.818
          b3 |   2.709811   .1670203    16.22   0.000     2.370006    3.049617
------------------------------------------------------------------------------
* Parameter b1 taken as constant term in model & ANOVA table
 (SEs, P values, CIs, and correlations are asymptotic approximations)
