=============================================================================================================
Estimation for Aviation_passengers and BOL, specification 2
=============================================================================================================
   
US parameters:
-------------------------------------------------------------------
elascoef1 = 3.606113678690623
elascoef2 = 3.606113678690623
trend     = .1050463220906398
-------------------------------------------------------------------
   
Model specification estimated:
( lnYtou = lnY + {b1} + (1.3-1)*ln(t-{b2=1940})*{b3=3.606113678690623} - (1-.3)*lnYpercap*3.606113678690623 + 
> .1050463220906398*t  ) 
-------------------------------------------------------------------
(obs = 47)

Iteration 0:  residual SS =   2125470
Iteration 1:  residual SS =   2092744
Iteration 2:  residual SS =    523349
Iteration 3:  residual SS =  294397.3
Iteration 4:  residual SS =  225398.1
Iteration 5:  residual SS =    172564
Iteration 6:  residual SS =  151667.3
Iteration 7:  cannot calculate derivatives
equation/system not identified
