=============================================================================================================
Estimation for Aviation_passengers and BOL, specification 1
=============================================================================================================
   
US parameters:
-------------------------------------------------------------------
elascoef1 = 3.606113678690623
elascoef2 = 3.606113678690623
trend     = .1050463220906398
-------------------------------------------------------------------
   
Model specification estimated:
( lnYtou = lnY + {b1} + (1.3-1)*ln(t-{b2=1940})*3.606113678690623 - (1-.3)*lnYpercap*3.606113678690623 + .1050
> 463220906398*t  ) 
-------------------------------------------------------------------
(obs = 47)

Iteration 0:  residual SS =   2125470
Iteration 1:  residual SS =     102.3
Iteration 2:  residual SS =  27.22696
Iteration 3:  residual SS =   22.5002
Iteration 4:  residual SS =  19.71564
Iteration 5:  residual SS =  18.35457
Iteration 6:  residual SS =   18.2722
Iteration 7:  residual SS =  17.98614
Iteration 8:  residual SS =  17.67843
Iteration 9:  residual SS =  17.53436
Iteration 10:  residual SS =  17.36023
Iteration 11:  residual SS =    17.236
Iteration 12:  residual SS =  17.17245
Iteration 13:  residual SS =  17.08225
Iteration 14:  residual SS =   17.0078
Iteration 15:  residual SS =   16.9516
Iteration 16:  residual SS =   16.9171
Iteration 17:  residual SS =  16.90908
Iteration 18:  residual SS =  16.86985
Iteration 19:  residual SS =   16.8366
Iteration 20:  residual SS =  16.81014
Iteration 21:  residual SS =  16.79149
Iteration 22:  residual SS =  16.78194
Iteration 23:  residual SS =  16.75955
Iteration 24:  residual SS =  16.73893
Iteration 25:  residual SS =  16.72023
Iteration 26:  residual SS =  16.70365
Iteration 27:  residual SS =   16.6894
Iteration 28:  residual SS =  16.67775
Iteration 29:  residual SS =  16.66898
Iteration 30:  residual SS =  16.66348
Iteration 31:  residual SS =  16.66165
Iteration 32:  residual SS =  16.65104
Iteration 33:  residual SS =  16.64107
Iteration 34:  residual SS =  16.63179
Iteration 35:  residual SS =  16.62325
Iteration 36:  residual SS =  16.61549
Iteration 37:  residual SS =  16.60858
Iteration 38:  residual SS =   16.6026
Iteration 39:  residual SS =  16.59762
Iteration 40:  residual SS =  16.59373
Iteration 41:  residual SS =  16.59102
Iteration 42:  residual SS =  16.58962
Iteration 43:  residual SS =  16.58406
Iteration 44:  residual SS =   16.5787
Iteration 45:  residual SS =  16.57357
Iteration 46:  residual SS =  16.56866
Iteration 47:  residual SS =    16.564
Iteration 48:  residual SS =  16.55958
Iteration 49:  residual SS =  16.55543

      Source |       SS       df       MS            Number of obs =        47
-------------+------------------------------         F(  1,    45) =    276.39
       Model |  101.660929     1  101.660929         Prob > F      =    0.0000
    Residual |  16.5515688    45  .367812641         R-squared     =    0.8600
-------------+------------------------------         Adj R-squared =    0.8569
       Total |  118.212498    46  2.56983692         Root MSE      =  .6064756
                                                     Res. dev.     =  84.32789

------------------------------------------------------------------------------
      lnYtou |      Coef.   Std. Err.      t    P>|t|     [95% Conf. Interval]
-------------+----------------------------------------------------------------
          b1 |  -218.3673   17.46788   -12.50   0.000    -253.5494   -183.1851
          b2 |  -1610.113   56614.52    -0.03   0.977    -115637.6    112417.4
------------------------------------------------------------------------------
* Parameter b1 taken as constant term in model & ANOVA table
 (SEs, P values, CIs, and correlations are asymptotic approximations)
convergence not achieved
