=============================================================================================================
Estimation for Aviation_passengers and BRA, specification 1
=============================================================================================================
   
US parameters:
-------------------------------------------------------------------
elascoef1 = 3.606113678690623
elascoef2 = 3.606113678690623
trend     = .1050463220906398
-------------------------------------------------------------------
   
Model specification estimated:
( lnYtou = lnY + {b1} + (1.3-1)*ln(t-{b2=1928})*3.606113678690623 - (1-.3)*lnYpercap*3.606113678690623 + .1050
> 463220906398*t  ) 
-------------------------------------------------------------------
(obs = 61)

Iteration 0:  residual SS =   2747215
Iteration 1:  residual SS =   2414672
Iteration 2:  residual SS =  14.21258

      Source |       SS       df       MS            Number of obs =        61
-------------+------------------------------         F(  1,    59) =   1322.55
       Model |   318.59072     1   318.59072         Prob > F      =    0.0000
    Residual |   14.212575    59  .240891102         R-squared     =    0.9573
-------------+------------------------------         Adj R-squared =    0.9566
       Total |  332.803295    60  5.54672159         Root MSE      =  .4908066
                                                     Res. dev.     =  84.24895

------------------------------------------------------------------------------
      lnYtou |      Coef.   Std. Err.      t    P>|t|     [95% Conf. Interval]
-------------+----------------------------------------------------------------
          b1 |  -211.9997   .0732692 -2893.43   0.000    -212.1463   -211.8531
          b2 |   1931.739   .4897469  3944.36   0.000     1930.759    1932.719
------------------------------------------------------------------------------
* Parameter b1 taken as constant term in model & ANOVA table
 (SEs, P values, CIs, and correlations are asymptotic approximations)
