=============================================================================================================
Estimation for Aviation_passengers and CAM, specification 2
=============================================================================================================
   
US parameters:
-------------------------------------------------------------------
elascoef1 = 3.606113678690623
elascoef2 = 3.606113678690623
trend     = .1050463220906398
-------------------------------------------------------------------
   
Model specification estimated:
( lnYtou = lnY + {b1} + (1.3-1)*ln(t-{b2=1955})*{b3=3.606113678690623} - (1-.3)*lnYpercap*3.606113678690623 + 
> .1050463220906398*t  ) 
-------------------------------------------------------------------
(obs = 29)

Iteration 0:  residual SS =   1332829
Iteration 1:  residual SS =   1312444
Iteration 2:  residual SS =  738315.9
Iteration 3:  residual SS =  415162.6
Iteration 4:  cannot calculate derivatives
equation/system not identified
