=============================================================================================================
Estimation for Aviation_passengers and CAN, specification 2
=============================================================================================================
   
US parameters:
-------------------------------------------------------------------
elascoef1 = 3.606113678690623
elascoef2 = 3.606113678690623
trend     = .1050463220906398
-------------------------------------------------------------------
   
Model specification estimated:
( lnYtou = lnY + {b1} + (1.3-1)*ln(t-{b2=1924})*{b3=3.606113678690623} - (1-.3)*lnYpercap*3.606113678690623 + 
> .1050463220906398*t  ) 
-------------------------------------------------------------------
(obs = 65)

Iteration 0:  residual SS =   2823347
Iteration 1:  residual SS =   2779961
Iteration 2:  residual SS =  27.97205
Iteration 3:  residual SS =  25.77346
Iteration 4:  residual SS =  25.14811
Iteration 5:  residual SS =  25.08627
Iteration 6:  residual SS =  25.08112
Iteration 7:  residual SS =  25.08078
Iteration 8:  residual SS =   25.0807
Iteration 9:  residual SS =   25.0807
Iteration 10:  residual SS =   25.0807

      Source |       SS       df       MS            Number of obs =        65
-------------+------------------------------         F(  2,    62) =    609.32
       Model |  492.973177     2  246.486589         Prob > F      =    0.0000
    Residual |  25.0806999    62  .404527418         R-squared     =    0.9516
-------------+------------------------------         Adj R-squared =    0.9500
       Total |  518.053877    64  8.09459183         Root MSE      =  .6360247
                                                     Res. dev.     =  122.5632

------------------------------------------------------------------------------
      lnYtou |      Coef.   Std. Err.      t    P>|t|     [95% Conf. Interval]
-------------+----------------------------------------------------------------
          b1 |  -211.1483   1.252359  -168.60   0.000    -213.6517   -208.6449
          b2 |   1924.602   2.656816   724.40   0.000     1919.291    1929.913
          b3 |   6.312721   1.019207     6.19   0.000     4.275354    8.350087
------------------------------------------------------------------------------
* Parameter b1 taken as constant term in model & ANOVA table
 (SEs, P values, CIs, and correlations are asymptotic approximations)
