=============================================================================================================
Estimation for Aviation_passengers and CON, specification 2
=============================================================================================================
   
US parameters:
-------------------------------------------------------------------
elascoef1 = 3.606113678690623
elascoef2 = 3.606113678690623
trend     = .1050463220906398
-------------------------------------------------------------------
   
Model specification estimated:
( lnYtou = lnY + {b1} + (1.3-1)*ln(t-{b2=1958})*{b3=3.606113678690623} - (1-.3)*lnYpercap*3.606113678690623 + 
> .1050463220906398*t  ) 
-------------------------------------------------------------------
(obs = 30)

Iteration 0:  residual SS =   1351294
Iteration 1:  residual SS =   1330680
Iteration 2:  residual SS =  748640.9
Iteration 3:  residual SS =  421098.4
Iteration 4:  residual SS =  370097.3
Iteration 5:  cannot calculate derivatives
equation/system not identified
