=============================================================================================================
Estimation for Aviation_passengers and COS, specification 2
=============================================================================================================
   
US parameters:
-------------------------------------------------------------------
elascoef1 = 3.606113678690623
elascoef2 = 3.606113678690623
trend     = .1050463220906398
-------------------------------------------------------------------
   
Model specification estimated:
( lnYtou = lnY + {b1} + (1.3-1)*ln(t-{b2=1954})*{b3=3.606113678690623} - (1-.3)*lnYpercap*3.606113678690623 + 
> .1050463220906398*t  ) 
-------------------------------------------------------------------
(obs = 35)

Iteration 0:  residual SS =   1553338
Iteration 1:  residual SS =   1529774
Iteration 2:  residual SS =  382820.3
Iteration 3:  residual SS =  215340.3
Iteration 4:  residual SS =  121119.5
Iteration 5:  residual SS =  92730.66
Iteration 6:  cannot calculate derivatives
equation/system not identified
