=============================================================================================================
Estimation for Aviation_passengers and DEN, specification 2
=============================================================================================================
   
US parameters:
-------------------------------------------------------------------
elascoef1 = 3.606113678690623
elascoef2 = 3.606113678690623
trend     = .1050463220906398
-------------------------------------------------------------------
   
Model specification estimated:
( lnYtou = lnY + {b1} + (1.3-1)*ln(t-{b2=1924})*{b3=3.606113678690623} - (1-.3)*lnYpercap*3.606113678690623 + 
> .1050463220906398*t  ) 
-------------------------------------------------------------------
(obs = 65)

Iteration 0:  residual SS =   2846588
Iteration 1:  residual SS =   2802373
Iteration 2:  residual SS =  22.77463
Iteration 3:  residual SS =  21.62919
Iteration 4:  residual SS =  21.62326
Iteration 5:  residual SS =  21.61864
Iteration 6:  residual SS =  21.61745
Iteration 7:  residual SS =  21.61677
Iteration 8:  residual SS =  21.61654
Iteration 9:  residual SS =  21.61643
Iteration 10:  residual SS =  21.61638
Iteration 11:  residual SS =  21.61636
Iteration 12:  residual SS =  21.61635
Iteration 13:  residual SS =  21.61635
Iteration 14:  residual SS =  21.61635
Iteration 15:  residual SS =  21.61635
Iteration 16:  residual SS =  21.61635
Iteration 17:  residual SS =  21.61635
Iteration 18:  residual SS =  21.61635
Iteration 19:  residual SS =  21.61635

      Source |       SS       df       MS            Number of obs =        65
-------------+------------------------------         F(  2,    62) =    723.50
       Model |  504.499118     2  252.249559         Prob > F      =    0.0000
    Residual |  21.6163477    62  .348650769         R-squared     =    0.9589
-------------+------------------------------         Adj R-squared =    0.9576
       Total |  526.115466    64  8.22055415         Root MSE      =  .5904666
                                                     Res. dev.     =  112.9011

------------------------------------------------------------------------------
      lnYtou |      Coef.   Std. Err.      t    P>|t|     [95% Conf. Interval]
-------------+----------------------------------------------------------------
          b1 |   -212.356   1.031251  -205.92   0.000    -214.4175   -210.2946
          b2 |   1925.311   1.881449  1023.31   0.000      1921.55    1929.071
          b3 |   6.720975    .852393     7.88   0.000     5.017065    8.424884
------------------------------------------------------------------------------
* Parameter b1 taken as constant term in model & ANOVA table
 (SEs, P values, CIs, and correlations are asymptotic approximations)
