=============================================================================================================
Estimation for Aviation_passengers and DEN, specification 1
=============================================================================================================
   
US parameters:
-------------------------------------------------------------------
elascoef1 = 3.606113678690623
elascoef2 = 3.606113678690623
trend     = .1050463220906398
-------------------------------------------------------------------
   
Model specification estimated:
( lnYtou = lnY + {b1} + (1.3-1)*ln(t-{b2=1924})*3.606113678690623 - (1-.3)*lnYpercap*3.606113678690623 + .1050
> 463220906398*t  ) 
-------------------------------------------------------------------
(obs = 65)

Iteration 0:  residual SS =   2846588
Iteration 1:  residual SS =   2176188
Iteration 2:  residual SS =  37.22911
Iteration 3:  residual SS =  36.76102
Iteration 4:  residual SS =  36.75465
Iteration 5:  residual SS =  36.74704
Iteration 6:  residual SS =  36.74519
Iteration 7:  residual SS =   36.7439
Iteration 8:  residual SS =  36.74338

      Source |       SS       df       MS            Number of obs =        65
-------------+------------------------------         F(  1,    63) =    839.08
       Model |  489.372327     1  489.372327         Prob > F      =    0.0000
    Residual |  36.7431386    63  .583224423         R-squared     =    0.9302
-------------+------------------------------         Adj R-squared =    0.9291
       Total |  526.115466    64  8.22055415         Root MSE      =  .7636913
                                                     Res. dev.     =  147.3837

------------------------------------------------------------------------------
      lnYtou |      Coef.   Std. Err.      t    P>|t|     [95% Conf. Interval]
-------------+----------------------------------------------------------------
          b1 |   -208.988   .0998476 -2093.07   0.000    -209.1875   -208.7885
          b2 |   1928.571   .2869784  6720.26   0.000     1927.997    1929.144
------------------------------------------------------------------------------
* Parameter b1 taken as constant term in model & ANOVA table
 (SEs, P values, CIs, and correlations are asymptotic approximations)
