=============================================================================================================
Estimation for Aviation_passengers and EGY, specification 1
=============================================================================================================
   
US parameters:
-------------------------------------------------------------------
elascoef1 = 3.606113678690623
elascoef2 = 3.606113678690623
trend     = .1050463220906398
-------------------------------------------------------------------
   
Model specification estimated:
( lnYtou = lnY + {b1} + (1.3-1)*ln(t-{b2=1945})*3.606113678690623 - (1-.3)*lnYpercap*3.606113678690623 + .1050
> 463220906398*t  ) 
-------------------------------------------------------------------
(obs = 44)

Iteration 0:  residual SS =   2009743
Iteration 1:  residual SS =  20.80536
Iteration 2:  residual SS =  8.305339
Iteration 3:  residual SS =  5.947298
Iteration 4:  residual SS =  5.826465
Iteration 5:  residual SS =  5.817787
Iteration 6:  residual SS =  5.817742

      Source |       SS       df       MS            Number of obs =        44
-------------+------------------------------         F(  1,    42) =    842.51
       Model |  116.702665     1  116.702665         Prob > F      =    0.0000
    Residual |  5.81774161    42  .138517657         R-squared     =    0.9525
-------------+------------------------------         Adj R-squared =    0.9514
       Total |  122.520407    43  2.84931179         Root MSE      =  .3721796
                                                     Res. dev.     =  35.84238

------------------------------------------------------------------------------
      lnYtou |      Coef.   Std. Err.      t    P>|t|     [95% Conf. Interval]
-------------+----------------------------------------------------------------
          b1 |  -213.8286   .1049534 -2037.37   0.000    -214.0404   -213.6168
          b2 |   1942.976   1.762759  1102.24   0.000     1939.418    1946.533
------------------------------------------------------------------------------
* Parameter b1 taken as constant term in model & ANOVA table
 (SEs, P values, CIs, and correlations are asymptotic approximations)
