=============================================================================================================
Estimation for Aviation_passengers and FIN, specification 1
=============================================================================================================
   
US parameters:
-------------------------------------------------------------------
elascoef1 = 3.606113678690623
elascoef2 = 3.606113678690623
trend     = .1050463220906398
-------------------------------------------------------------------
   
Model specification estimated:
( lnYtou = lnY + {b1} + (1.3-1)*ln(t-{b2=1924})*3.606113678690623 - (1-.3)*lnYpercap*3.606113678690623 + .1050
> 463220906398*t  ) 
-------------------------------------------------------------------
(obs = 65)

Iteration 0:  residual SS =   2877802
Iteration 1:  residual SS =   2526699
Iteration 2:  residual SS =  55.65815
Iteration 3:  residual SS =  55.65231
Iteration 4:  residual SS =  55.63629

      Source |       SS       df       MS            Number of obs =        65
-------------+------------------------------         F(  1,    63) =    554.45
       Model |  489.639694     1  489.639694         Prob > F      =    0.0000
    Residual |  55.6362407    63  .883114932         R-squared     =    0.8980
-------------+------------------------------         Adj R-squared =    0.8963
       Total |  545.275934    64  8.51993648         Root MSE      =  .9397419
                                                     Res. dev.     =  174.3511

------------------------------------------------------------------------------
      lnYtou |      Coef.   Std. Err.      t    P>|t|     [95% Conf. Interval]
-------------+----------------------------------------------------------------
          b1 |  -210.1412   .1243632 -1689.74   0.000    -210.3897   -209.8927
          b2 |    1928.48   .4302589  4482.14   0.000      1927.62     1929.34
------------------------------------------------------------------------------
* Parameter b1 taken as constant term in model & ANOVA table
 (SEs, P values, CIs, and correlations are asymptotic approximations)
