=============================================================================================================
Estimation for Aviation_passengers and GAB, specification 2
=============================================================================================================
   
US parameters:
-------------------------------------------------------------------
elascoef1 = 3.606113678690623
elascoef2 = 3.606113678690623
trend     = .1050463220906398
-------------------------------------------------------------------
   
Model specification estimated:
( lnYtou = lnY + {b1} + (1.3-1)*ln(t-{b2=1958})*{b3=3.606113678690623} - (1-.3)*lnYpercap*3.606113678690623 + 
> .1050463220906398*t  ) 
-------------------------------------------------------------------
(obs = 29)

Iteration 0:  residual SS =   1272049
Iteration 1:  residual SS =   1252740
Iteration 2:  residual SS =  704874.3
Iteration 3:  residual SS =  619509.7
Iteration 4:  residual SS =  544466.2
Iteration 5:  residual SS =  510964.9
Iteration 6:  residual SS =  479528.9
Iteration 7:  cannot calculate derivatives
equation/system not identified
