=============================================================================================================
Estimation for Aviation_passengers and GER, specification 1
=============================================================================================================
   
US parameters:
-------------------------------------------------------------------
elascoef1 = 3.606113678690623
elascoef2 = 3.606113678690623
trend     = .1050463220906398
-------------------------------------------------------------------
   
Model specification estimated:
( lnYtou = lnY + {b1} + (1.3-1)*ln(t-{b2=1918})*3.606113678690623 - (1-.3)*lnYpercap*3.606113678690623 + .1050
> 463220906398*t  ) 
-------------------------------------------------------------------
(obs = 57)

Iteration 0:  residual SS =   2527075
Iteration 1:  residual SS =   2218327
Iteration 2:  residual SS =  554448.5
Iteration 3:  residual SS =  26.25018
Iteration 4:  residual SS =  26.24519

      Source |       SS       df       MS            Number of obs =        57
-------------+------------------------------         F(  1,    55) =    971.30
       Model |  463.486685     1  463.486685         Prob > F      =    0.0000
    Residual |   26.245127    55  .477184127         R-squared     =    0.9464
-------------+------------------------------         Adj R-squared =    0.9454
       Total |  489.731812    56  8.74521093         Root MSE      =  .6907852
                                                     Res. dev.     =  117.5514

------------------------------------------------------------------------------
      lnYtou |      Coef.   Std. Err.      t    P>|t|     [95% Conf. Interval]
-------------+----------------------------------------------------------------
          b1 |   -210.288   .0976535 -2153.41   0.000    -210.4837   -210.0923
          b2 |   1922.464   .3288169  5846.61   0.000     1921.805    1923.123
------------------------------------------------------------------------------
* Parameter b1 taken as constant term in model & ANOVA table
 (SEs, P values, CIs, and correlations are asymptotic approximations)
