=============================================================================================================
Estimation for Aviation_passengers and GRE, specification 1
=============================================================================================================
   
US parameters:
-------------------------------------------------------------------
elascoef1 = 3.606113678690623
elascoef2 = 3.606113678690623
trend     = .1050463220906398
-------------------------------------------------------------------
   
Model specification estimated:
( lnYtou = lnY + {b1} + (1.3-1)*ln(t-{b2=1945})*3.606113678690623 - (1-.3)*lnYpercap*3.606113678690623 + .1050
> 463220906398*t  ) 
-------------------------------------------------------------------
(obs = 44)

Iteration 0:  residual SS =   1938254
Iteration 1:  residual SS =   1815910
Iteration 2:  residual SS =  20.03558
Iteration 3:  residual SS =  19.56996
Iteration 4:  residual SS =  19.55874
Iteration 5:  residual SS =   19.5505
Iteration 6:  residual SS =  19.54856
Iteration 7:  residual SS =  19.54755
Iteration 8:  residual SS =   19.5472

      Source |       SS       df       MS            Number of obs =        44
-------------+------------------------------         F(  1,    42) =    255.17
       Model |  118.755611     1  118.755611         Prob > F      =    0.0000
    Residual |  19.5470567    42  .465406112         R-squared     =    0.8587
-------------+------------------------------         Adj R-squared =    0.8553
       Total |  138.302667    43   3.2163411         Root MSE      =  .6822068
                                                     Res. dev.     =  89.16653

------------------------------------------------------------------------------
      lnYtou |      Coef.   Std. Err.      t    P>|t|     [95% Conf. Interval]
-------------+----------------------------------------------------------------
          b1 |  -209.5843   .1201108 -1744.93   0.000    -209.8266   -209.3419
          b2 |   1948.988   .5759504  3383.95   0.000     1947.826     1950.15
------------------------------------------------------------------------------
* Parameter b1 taken as constant term in model & ANOVA table
 (SEs, P values, CIs, and correlations are asymptotic approximations)
