=============================================================================================================
Estimation for Aviation_passengers and HON, specification 1
=============================================================================================================
   
US parameters:
-------------------------------------------------------------------
elascoef1 = 3.606113678690623
elascoef2 = 3.606113678690623
trend     = .1050463220906398
-------------------------------------------------------------------
   
Model specification estimated:
( lnYtou = lnY + {b1} + (1.3-1)*ln(t-{b2=1952})*3.606113678690623 - (1-.3)*lnYpercap*3.606113678690623 + .1050
> 463220906398*t  ) 
-------------------------------------------------------------------
(obs = 37)

Iteration 0:  residual SS =   1675380
Iteration 1:  residual SS =   1571739
Iteration 2:  residual SS =  60.68733
Iteration 3:  residual SS =  37.52651
Iteration 4:  residual SS =  32.10925
Iteration 5:  residual SS =  29.27609
Iteration 6:  residual SS =  28.44918
Iteration 7:  residual SS =  28.03137
Iteration 8:  residual SS =  27.66257
Iteration 9:  residual SS =  27.63636
Iteration 10:  residual SS =  27.47809
Iteration 11:  residual SS =  27.45334
Iteration 12:  residual SS =  27.34376
Iteration 13:  residual SS =   27.2733
Iteration 14:  residual SS =  27.25278
Iteration 15:  residual SS =  27.18654
Iteration 16:  residual SS =  27.13199
Iteration 17:  residual SS =  27.09124
Iteration 18:  residual SS =  27.06698
Iteration 19:  residual SS =  27.06271
Iteration 20:  residual SS =  27.02872
Iteration 21:  residual SS =  26.99872
Iteration 22:  residual SS =  26.97323
Iteration 23:  residual SS =  26.95283
Iteration 24:  residual SS =  26.93825
Iteration 25:  residual SS =  26.93035
Iteration 26:  residual SS =  26.93018
Iteration 27:  residual SS =  26.91275
Iteration 28:  residual SS =  26.89668
Iteration 29:  residual SS =  26.88209
Iteration 30:  residual SS =  26.86913
Iteration 31:  residual SS =  26.85795
Iteration 32:  residual SS =  26.84871
Iteration 33:  residual SS =  26.84163
Iteration 34:  residual SS =  26.83693
Iteration 35:  residual SS =  26.83488
Iteration 36:  residual SS =  26.82523
Iteration 37:  residual SS =    26.816
Iteration 38:  residual SS =  26.80723
Iteration 39:  residual SS =  26.79892
Iteration 40:  residual SS =  26.79112
Iteration 41:  residual SS =  26.78386
Iteration 42:  residual SS =  26.77717
Iteration 43:  residual SS =  26.77109
Iteration 44:  residual SS =  26.76567
Iteration 45:  residual SS =  26.76094
Iteration 46:  residual SS =  26.75697
Iteration 47:  residual SS =   26.7538
Iteration 48:  residual SS =   26.7515
Iteration 49:  residual SS =  26.75014

      Source |       SS       df       MS            Number of obs =        37
-------------+------------------------------         F(  1,    35) =      4.29
       Model |  3.27691304     1  3.27691304         Prob > F      =    0.0458
    Residual |  26.7497958    35  .764279879         R-squared     =    0.1091
-------------+------------------------------         Adj R-squared =    0.0837
       Total |  30.0267088    36  .834075244         Root MSE      =   .874231
                                                     Res. dev.     =  92.99898

------------------------------------------------------------------------------
      lnYtou |      Coef.   Std. Err.      t    P>|t|     [95% Conf. Interval]
-------------+----------------------------------------------------------------
          b1 |  -218.1964     10.626   -20.53   0.000    -239.7683   -196.6245
          b2 |    303.277   15967.46     0.02   0.985    -32112.39    32718.95
------------------------------------------------------------------------------
* Parameter b1 taken as constant term in model & ANOVA table
 (SEs, P values, CIs, and correlations are asymptotic approximations)
convergence not achieved
