=============================================================================================================
Estimation for Aviation_passengers and HON, specification 2
=============================================================================================================
   
US parameters:
-------------------------------------------------------------------
elascoef1 = 3.606113678690623
elascoef2 = 3.606113678690623
trend     = .1050463220906398
-------------------------------------------------------------------
   
Model specification estimated:
( lnYtou = lnY + {b1} + (1.3-1)*ln(t-{b2=1952})*{b3=3.606113678690623} - (1-.3)*lnYpercap*3.606113678690623 + 
> .1050463220906398*t  ) 
-------------------------------------------------------------------
(obs = 37)

Iteration 0:  residual SS =   1675380
Iteration 1:  residual SS =   1649741
Iteration 2:  residual SS =  928144.5
Iteration 3:  residual SS =  522140.7
Iteration 4:  residual SS =  399742.6
Iteration 5:  cannot calculate derivatives
equation/system not identified
