=============================================================================================================
Estimation for Aviation_passengers and IDS, specification 1
=============================================================================================================
   
US parameters:
-------------------------------------------------------------------
elascoef1 = 3.606113678690623
elascoef2 = 3.606113678690623
trend     = .1050463220906398
-------------------------------------------------------------------
   
Model specification estimated:
( lnYtou = lnY + {b1} + (1.3-1)*ln(t-{b2=1924})*3.606113678690623 - (1-.3)*lnYpercap*3.606113678690623 + .1050
> 463220906398*t  ) 
-------------------------------------------------------------------
(obs = 54)

Iteration 0:  residual SS =   2499215
Iteration 1:  residual SS =   2345396
Iteration 2:  residual SS =  14.31939
Iteration 3:  residual SS =  13.89181
Iteration 4:  residual SS =  13.88903
Iteration 5:  residual SS =  13.88898

      Source |       SS       df       MS            Number of obs =        54
-------------+------------------------------         F(  1,    52) =   1433.48
       Model |  382.877443     1  382.877443         Prob > F      =    0.0000
    Residual |  13.8889765    52  .267095702         R-squared     =    0.9650
-------------+------------------------------         Adj R-squared =    0.9643
       Total |  396.766419    53  7.48615886         Root MSE      =   .516813
                                                     Res. dev.     =  79.91938

------------------------------------------------------------------------------
      lnYtou |      Coef.   Std. Err.      t    P>|t|     [95% Conf. Interval]
-------------+----------------------------------------------------------------
          b1 |  -215.1948   .1052185 -2045.22   0.000    -215.4059   -214.9837
          b2 |   1922.431   2.044762   940.17   0.000     1918.328    1926.534
------------------------------------------------------------------------------
* Parameter b1 taken as constant term in model & ANOVA table
 (SEs, P values, CIs, and correlations are asymptotic approximations)
