=============================================================================================================
Estimation for Aviation_passengers and IND, specification 1
=============================================================================================================
   
US parameters:
-------------------------------------------------------------------
elascoef1 = 3.606113678690623
elascoef2 = 3.606113678690623
trend     = .1050463220906398
-------------------------------------------------------------------
   
Model specification estimated:
( lnYtou = lnY + {b1} + (1.3-1)*ln(t-{b2=1928})*3.606113678690623 - (1-.3)*lnYpercap*3.606113678690623 + .1050
> 463220906398*t  ) 
-------------------------------------------------------------------
(obs = 61)

Iteration 0:  residual SS =   2872437
Iteration 1:  residual SS =   2522429
Iteration 2:  residual SS =   1418451
Iteration 3:  residual SS =  59.09811

      Source |       SS       df       MS            Number of obs =        61
-------------+------------------------------         F(  1,    59) =    670.01
       Model |   671.12574     1   671.12574         Prob > F      =    0.0000
    Residual |  59.0981037    59  1.00166277         R-squared     =    0.9191
-------------+------------------------------         Adj R-squared =    0.9177
       Total |  730.223844    60  12.1703974         Root MSE      =  1.000831
                                                     Res. dev.     =  171.1783

------------------------------------------------------------------------------
      lnYtou |      Coef.   Std. Err.      t    P>|t|     [95% Conf. Interval]
-------------+----------------------------------------------------------------
          b1 |  -216.6535   .1304204 -1661.19   0.000    -216.9145   -216.3925
          b2 |   1932.897   .0958199        .   0.000     1932.706    1933.089
------------------------------------------------------------------------------
* Parameter b1 taken as constant term in model & ANOVA table
 (SEs, P values, CIs, and correlations are asymptotic approximations)
