=============================================================================================================
Estimation for Aviation_passengers and IRN, specification 1
=============================================================================================================
   
US parameters:
-------------------------------------------------------------------
elascoef1 = 3.606113678690623
elascoef2 = 3.606113678690623
trend     = .1050463220906398
-------------------------------------------------------------------
   
Model specification estimated:
( lnYtou = lnY + {b1} + (1.3-1)*ln(t-{b2=1945})*3.606113678690623 - (1-.3)*lnYpercap*3.606113678690623 + .1050
> 463220906398*t  ) 
-------------------------------------------------------------------
(obs = 44)

Iteration 0:  residual SS =   1991178
Iteration 1:  residual SS =  388.9301
Iteration 2:  residual SS =  250.1765
Iteration 3:  residual SS =  135.9106
Iteration 4:  residual SS =   55.6272
Iteration 5:  residual SS =  36.47458
Iteration 6:  residual SS =   36.4673

      Source |       SS       df       MS            Number of obs =        44
-------------+------------------------------         F(  1,    42) =    160.95
       Model |  139.748529     1  139.748529         Prob > F      =    0.0000
    Residual |  36.4672243    42  .868267245         R-squared     =    0.7931
-------------+------------------------------         Adj R-squared =    0.7881
       Total |  176.215753    43  4.09804077         Root MSE      =  .9318086
                                                     Res. dev.     =  116.6045

------------------------------------------------------------------------------
      lnYtou |      Coef.   Std. Err.      t    P>|t|     [95% Conf. Interval]
-------------+----------------------------------------------------------------
          b1 |  -212.5456   .1901425 -1117.82   0.000    -212.9293   -212.1619
          b2 |   1947.712   1.617536  1204.12   0.000     1944.448    1950.976
------------------------------------------------------------------------------
* Parameter b1 taken as constant term in model & ANOVA table
 (SEs, P values, CIs, and correlations are asymptotic approximations)
