=============================================================================================================
Estimation for Aviation_passengers and IRN, specification 2
=============================================================================================================
   
US parameters:
-------------------------------------------------------------------
elascoef1 = 3.606113678690623
elascoef2 = 3.606113678690623
trend     = .1050463220906398
-------------------------------------------------------------------
   
Model specification estimated:
( lnYtou = lnY + {b1} + (1.3-1)*ln(t-{b2=1945})*{b3=3.606113678690623} - (1-.3)*lnYpercap*3.606113678690623 + 
> .1050463220906398*t  ) 
-------------------------------------------------------------------
(obs = 44)

Iteration 0:  residual SS =   1991178
Iteration 1:  residual SS =   1960826
Iteration 2:  residual SS =  36.42849
Iteration 3:  residual SS =  36.40225
Iteration 4:  residual SS =  36.40117
Iteration 5:  residual SS =  36.40027
Iteration 6:  residual SS =  36.40026
Iteration 7:  residual SS =  36.40026

      Source |       SS       df       MS            Number of obs =        44
-------------+------------------------------         F(  2,    41) =     78.74
       Model |  139.815491     2  69.9077454         Prob > F      =    0.0000
    Residual |  36.4002623    41  .887811276         R-squared     =    0.7934
-------------+------------------------------         Adj R-squared =    0.7834
       Total |  176.215753    43  4.09804077         Root MSE      =  .9422374
                                                     Res. dev.     =  116.5236

------------------------------------------------------------------------------
      lnYtou |      Coef.   Std. Err.      t    P>|t|     [95% Conf. Interval]
-------------+----------------------------------------------------------------
          b1 |  -212.2422   1.386929  -153.03   0.000    -215.0431   -209.4412
          b2 |   1948.261    3.07827   632.91   0.000     1942.045    1954.478
          b3 |   3.311412   1.319911     2.51   0.016     .6457986    5.977026
------------------------------------------------------------------------------
* Parameter b1 taken as constant term in model & ANOVA table
 (SEs, P values, CIs, and correlations are asymptotic approximations)
