=============================================================================================================
Estimation for Aviation_passengers and ISR, specification 1
=============================================================================================================
   
US parameters:
-------------------------------------------------------------------
elascoef1 = 3.606113678690623
elascoef2 = 3.606113678690623
trend     = .1050463220906398
-------------------------------------------------------------------
   
Model specification estimated:
( lnYtou = lnY + {b1} + (1.3-1)*ln(t-{b2=1945})*3.606113678690623 - (1-.3)*lnYpercap*3.606113678690623 + .1050
> 463220906398*t  ) 
-------------------------------------------------------------------
(obs = 44)

Iteration 0:  residual SS =   1903977
Iteration 1:  residual SS =   1788593
Iteration 2:  residual SS =  10.54434
Iteration 3:  residual SS =  10.52382
Iteration 4:  residual SS =  10.52356

      Source |       SS       df       MS            Number of obs =        44
-------------+------------------------------         F(  1,    42) =    371.14
       Model |   92.993377     1   92.993377         Prob > F      =    0.0000
    Residual |   10.523556    42  .250560857         R-squared     =    0.8983
-------------+------------------------------         Adj R-squared =    0.8959
       Total |  103.516933    43  2.40737053         Root MSE      =  .5005605
                                                     Res. dev.     =  61.92136

------------------------------------------------------------------------------
      lnYtou |      Coef.   Std. Err.      t    P>|t|     [95% Conf. Interval]
-------------+----------------------------------------------------------------
          b1 |  -207.9453    .115679 -1797.61   0.000    -208.1787   -207.7118
          b2 |   1946.198    1.34092  1451.39   0.000     1943.492    1948.904
------------------------------------------------------------------------------
* Parameter b1 taken as constant term in model & ANOVA table
 (SEs, P values, CIs, and correlations are asymptotic approximations)
