=============================================================================================================
Estimation for Aviation_passengers and JAP, specification 1
=============================================================================================================
   
US parameters:
-------------------------------------------------------------------
elascoef1 = 3.606113678690623
elascoef2 = 3.606113678690623
trend     = .1050463220906398
-------------------------------------------------------------------
   
Model specification estimated:
( lnYtou = lnY + {b1} + (1.3-1)*ln(t-{b2=1924})*3.606113678690623 - (1-.3)*lnYpercap*3.606113678690623 + .1050
> 463220906398*t  ) 
-------------------------------------------------------------------
(obs = 59)

Iteration 0:  residual SS =   2634542
Iteration 1:  residual SS =   2473198
Iteration 2:  residual SS =   1893458
Iteration 3:  residual SS =   1065027
Iteration 4:  residual SS =  187.5536
Iteration 5:  residual SS =  187.3613
Iteration 6:  residual SS =  187.3554
Iteration 7:  residual SS =  187.3508

      Source |       SS       df       MS            Number of obs =        59
-------------+------------------------------         F(  1,    57) =    173.09
       Model |  568.908018     1  568.908018         Prob > F      =    0.0000
    Residual |   187.34951    57  3.28683351         R-squared     =    0.7523
-------------+------------------------------         Adj R-squared =    0.7479
       Total |  756.257528    58  13.0389229         Root MSE      =  1.812963
                                                     Res. dev.     =  235.6056

------------------------------------------------------------------------------
      lnYtou |      Coef.   Std. Err.      t    P>|t|     [95% Conf. Interval]
-------------+----------------------------------------------------------------
          b1 |  -210.9768   .2411381  -874.92   0.000    -211.4597    -210.494
          b2 |   1928.866   .2382333  8096.54   0.000     1928.389    1929.343
------------------------------------------------------------------------------
* Parameter b1 taken as constant term in model & ANOVA table
 (SEs, P values, CIs, and correlations are asymptotic approximations)
