=============================================================================================================
Estimation for Aviation_passengers and KRS, specification 1
=============================================================================================================
   
US parameters:
-------------------------------------------------------------------
elascoef1 = 3.606113678690623
elascoef2 = 3.606113678690623
trend     = .1050463220906398
-------------------------------------------------------------------
   
Model specification estimated:
( lnYtou = lnY + {b1} + (1.3-1)*ln(t-{b2=1951})*3.606113678690623 - (1-.3)*lnYpercap*3.606113678690623 + .1050
> 463220906398*t  ) 
-------------------------------------------------------------------
(obs = 38)

Iteration 0:  residual SS =   1716485
Iteration 1:  residual SS =   1316183
Iteration 2:  residual SS =  739543.8
Iteration 3:  residual SS =  118.9583
Iteration 4:  residual SS =  118.6848
Iteration 5:  residual SS =  118.6559
Iteration 6:  residual SS =  118.6557

      Source |       SS       df       MS            Number of obs =        38
-------------+------------------------------         F(  1,    36) =     55.96
       Model |  184.449057     1  184.449057         Prob > F      =    0.0000
    Residual |  118.655658    36   3.2959905         R-squared     =    0.6085
-------------+------------------------------         Adj R-squared =    0.5977
       Total |  303.104715    37  8.19201933         Root MSE      =  1.815486
                                                     Res. dev.     =  151.1076

------------------------------------------------------------------------------
      lnYtou |      Coef.   Std. Err.      t    P>|t|     [95% Conf. Interval]
-------------+----------------------------------------------------------------
          b1 |  -212.0732   .3081787  -688.15   0.000    -212.6983   -211.4482
          b2 |   1955.776   .3811429  5131.34   0.000     1955.003    1956.549
------------------------------------------------------------------------------
* Parameter b1 taken as constant term in model & ANOVA table
 (SEs, P values, CIs, and correlations are asymptotic approximations)
