=============================================================================================================
Estimation for Aviation_passengers and KUW, specification 1
=============================================================================================================
   
US parameters:
-------------------------------------------------------------------
elascoef1 = 3.606113678690623
elascoef2 = 3.606113678690623
trend     = .1050463220906398
-------------------------------------------------------------------
   
Model specification estimated:
( lnYtou = lnY + {b1} + (1.3-1)*ln(t-{b2=1955})*3.606113678690623 - (1-.3)*lnYpercap*3.606113678690623 + .1050
> 463220906398*t  ) 
-------------------------------------------------------------------
(obs = 34)

Iteration 0:  residual SS =   1451825
Iteration 1:  residual SS =  104.0532
Iteration 2:  residual SS =  102.6644
Iteration 3:  residual SS =  101.2233
Iteration 4:  residual SS =   100.228
Iteration 5:  residual SS =  99.93247
Iteration 6:  residual SS =  99.51544
Iteration 7:  residual SS =  99.38257
Iteration 8:  residual SS =  99.12483
Iteration 9:  residual SS =  98.95346
Iteration 10:  residual SS =  98.89472
Iteration 11:  residual SS =   98.7493
Iteration 12:  residual SS =  98.63115
Iteration 13:  residual SS =  98.54579
Iteration 14:  residual SS =  98.50037
Iteration 15:  residual SS =  98.41569
Iteration 16:  residual SS =  98.33902
Iteration 17:  residual SS =  98.27143
Iteration 18:  residual SS =  98.21418
Iteration 19:  residual SS =  98.16877
Iteration 20:  residual SS =  98.13702
Iteration 21:  residual SS =  98.12118
Iteration 22:  residual SS =   98.0788
Iteration 23:  residual SS =  98.03925
Iteration 24:  residual SS =  98.00277
Iteration 25:  residual SS =  97.96968
Iteration 26:  residual SS =  97.94031
Iteration 27:  residual SS =  97.91504
Iteration 28:  residual SS =  97.89431
Iteration 29:  residual SS =  97.87863
Iteration 30:  residual SS =   97.8686
Iteration 31:  residual SS =  97.86488
Iteration 32:  residual SS =  97.84411
Iteration 33:  residual SS =  97.82436
Iteration 34:  residual SS =  97.80571
Iteration 35:  residual SS =  97.78822
Iteration 36:  residual SS =  97.77197
Iteration 37:  residual SS =  97.75706
Iteration 38:  residual SS =  97.74358
Iteration 39:  residual SS =  97.73165
Iteration 40:  residual SS =  97.72137
Iteration 41:  residual SS =  97.71288
Iteration 42:  residual SS =  97.70634
Iteration 43:  residual SS =  97.70189
Iteration 44:  residual SS =  97.69973
Iteration 45:  residual SS =  97.68896
Iteration 46:  residual SS =  97.67853
Iteration 47:  residual SS =  97.66846
Iteration 48:  residual SS =  97.65877
Iteration 49:  residual SS =  97.64947

      Source |       SS       df       MS            Number of obs =        34
-------------+------------------------------         F(  1,    32) =    -12.71
       Model | -38.7807744     1 -38.7807744         Prob > F      =    1.0000
    Residual |  97.6405897    32  3.05126843         R-squared     =   -0.6589
-------------+------------------------------         Adj R-squared =   -0.7107
       Total |  58.8598153    33  1.78363077         Root MSE      =  1.746788
                                                     Res. dev.     =  132.3555

------------------------------------------------------------------------------
      lnYtou |      Coef.   Std. Err.      t    P>|t|     [95% Conf. Interval]
-------------+----------------------------------------------------------------
          b1 |  -212.6105   12.44226   -17.09   0.000    -237.9545   -187.2664
          b2 |   519.3158   16482.76     0.03   0.975    -33054.97     34093.6
------------------------------------------------------------------------------
* Parameter b1 taken as constant term in model & ANOVA table
 (SEs, P values, CIs, and correlations are asymptotic approximations)
convergence not achieved
