=============================================================================================================
Estimation for Aviation_passengers and LAO, specification 1
=============================================================================================================
   
US parameters:
-------------------------------------------------------------------
elascoef1 = 3.606113678690623
elascoef2 = 3.606113678690623
trend     = .1050463220906398
-------------------------------------------------------------------
   
Model specification estimated:
( lnYtou = lnY + {b1} + (1.3-1)*ln(t-{b2=1954})*3.606113678690623 - (1-.3)*lnYpercap*3.606113678690623 + .1050
> 463220906398*t  ) 
-------------------------------------------------------------------
(obs = 20)

Iteration 0:  residual SS =  926201.5
Iteration 1:  residual SS =  1128.983
Iteration 2:  residual SS =  751.5464
Iteration 3:  residual SS =  750.8137
Iteration 4:  residual SS =  749.8329
Iteration 5:  residual SS =  749.3383
Iteration 6:  residual SS =  748.6938
Iteration 7:  residual SS =  748.1803
Iteration 8:  residual SS =  747.8307
Iteration 9:  residual SS =  747.6896
Iteration 10:  residual SS =   747.372
Iteration 11:  residual SS =   747.101
Iteration 12:  residual SS =  746.8849
Iteration 13:  residual SS =  746.7337
Iteration 14:  residual SS =  746.6606
Iteration 15:  residual SS =  746.4886
Iteration 16:  residual SS =  746.3314
Iteration 17:  residual SS =  746.1908
Iteration 18:  residual SS =  746.0688
Iteration 19:  residual SS =  745.9678
Iteration 20:  residual SS =  745.8905
Iteration 21:  residual SS =  745.8405
Iteration 22:  residual SS =  745.8215
Iteration 23:  residual SS =  745.7365
Iteration 24:  residual SS =  745.6568
Iteration 25:  residual SS =  745.5829
Iteration 26:  residual SS =  745.5152
Iteration 27:  residual SS =  745.4543
Iteration 28:  residual SS =  745.4007
Iteration 29:  residual SS =  745.3553
Iteration 30:  residual SS =  745.3187
Iteration 31:  residual SS =  745.2919
Iteration 32:  residual SS =  745.2758
Iteration 33:  residual SS =  745.2716
Iteration 34:  residual SS =  745.2291
Iteration 35:  residual SS =  745.1884
Iteration 36:  residual SS =  745.1497
Iteration 37:  residual SS =  745.1131
Iteration 38:  residual SS =  745.0786
Iteration 39:  residual SS =  745.0466
Iteration 40:  residual SS =   745.017
Iteration 41:  residual SS =  744.9901
Iteration 42:  residual SS =  744.9661
Iteration 43:  residual SS =  744.9451
Iteration 44:  residual SS =  744.9273
Iteration 45:  residual SS =   744.913
Iteration 46:  residual SS =  744.9024
Iteration 47:  residual SS =  744.8958
Iteration 48:  residual SS =  744.8936
Iteration 49:  residual SS =  744.8717

      Source |       SS       df       MS            Number of obs =        20
-------------+------------------------------         F(  1,    18) =    -17.93
       Model |   -741.8096     1   -741.8096         Prob > F      =    1.0000
    Residual |  744.850385    18  41.3805769         R-squared     = -243.9533
-------------+------------------------------         Adj R-squared = -257.5619
       Total |  3.04078479    19  .160041305         Root MSE      =  6.432774
                                                     Res. dev.     =  129.1066

------------------------------------------------------------------------------
      lnYtou |      Coef.   Std. Err.      t    P>|t|     [95% Conf. Interval]
-------------+----------------------------------------------------------------
          b1 |  -227.8405   35.84404    -6.36   0.000    -303.1461    -152.535
          b2 |   -4358.66   206886.9    -0.02   0.983    -439011.9    430294.6
------------------------------------------------------------------------------
* Parameter b1 taken as constant term in model & ANOVA table
 (SEs, P values, CIs, and correlations are asymptotic approximations)
convergence not achieved
