=============================================================================================================
Estimation for Aviation_passengers and MAL, specification 2
=============================================================================================================
   
US parameters:
-------------------------------------------------------------------
elascoef1 = 3.606113678690623
elascoef2 = 3.606113678690623
trend     = .1050463220906398
-------------------------------------------------------------------
   
Model specification estimated:
( lnYtou = lnY + {b1} + (1.3-1)*ln(t-{b2=1957})*{b3=3.606113678690623} - (1-.3)*lnYpercap*3.606113678690623 + 
> .1050463220906398*t  ) 
-------------------------------------------------------------------
(obs = 23)

Iteration 0:  residual SS =   1067666
Iteration 1:  residual SS =   1051417
Iteration 2:  residual SS =  591560.6
Iteration 3:  residual SS =  452928.2
Iteration 4:  residual SS =  346762.4
Iteration 5:  residual SS =  304755.4
Iteration 6:  residual SS =  286002.1
Iteration 7:  cannot calculate derivatives
equation/system not identified
