=============================================================================================================
Estimation for Aviation_passengers and MAS, specification 2
=============================================================================================================
   
US parameters:
-------------------------------------------------------------------
elascoef1 = 3.606113678690623
elascoef2 = 3.606113678690623
trend     = .1050463220906398
-------------------------------------------------------------------
   
Model specification estimated:
( lnYtou = lnY + {b1} + (1.3-1)*ln(t-{b2=1970})*{b3=3.606113678690623} - (1-.3)*lnYpercap*3.606113678690623 + 
> .1050463220906398*t  ) 
-------------------------------------------------------------------
(obs = 16)

Iteration 0:  residual SS =  701138.3
Iteration 1:  residual SS =  690670.4
Iteration 2:  residual SS =  3.225281
Iteration 3:  residual SS =  1.468879
Iteration 4:  residual SS =  1.433099
Iteration 5:  residual SS =  1.432801
Iteration 6:  residual SS =  1.432789
Iteration 7:  residual SS =  1.432788
Iteration 8:  residual SS =  1.432788
Iteration 9:  residual SS =  1.432788

      Source |       SS       df       MS            Number of obs =        16
-------------+------------------------------         F(  2,    13) =    135.56
       Model |  29.8818932     2  14.9409466         Prob > F      =    0.0000
    Residual |  1.43278832    13  .110214486         R-squared     =    0.9542
-------------+------------------------------         Adj R-squared =    0.9472
       Total |  31.3146816    15  2.08764544         Root MSE      =  .3319857
                                                     Res. dev.     =  6.798572

------------------------------------------------------------------------------
      lnYtou |      Coef.   Std. Err.      t    P>|t|     [95% Conf. Interval]
-------------+----------------------------------------------------------------
          b1 |  -213.6714   2.569606   -83.15   0.000    -219.2227   -208.1201
          b2 |    1970.48   2.669451   738.16   0.000     1964.713    1976.247
          b3 |   9.163993   2.538884     3.61   0.003     3.679067    14.64892
------------------------------------------------------------------------------
* Parameter b1 taken as constant term in model & ANOVA table
 (SEs, P values, CIs, and correlations are asymptotic approximations)
