=============================================================================================================
Estimation for Aviation_passengers and MLW, specification 2
=============================================================================================================
   
US parameters:
-------------------------------------------------------------------
elascoef1 = 3.606113678690623
elascoef2 = 3.606113678690623
trend     = .1050463220906398
-------------------------------------------------------------------
   
Model specification estimated:
( lnYtou = lnY + {b1} + (1.3-1)*ln(t-{b2=1959})*{b3=3.606113678690623} - (1-.3)*lnYpercap*3.606113678690623 + 
> .1050463220906398*t  ) 
-------------------------------------------------------------------
(obs = 30)

Iteration 0:  residual SS =   1405684
Iteration 1:  residual SS =   1384258
Iteration 2:  residual SS =   1059859
Iteration 3:  residual SS =  811456.6
Iteration 4:  residual SS =  621236.3
Iteration 5:  residual SS =  545997.5
Iteration 6:  residual SS =  479861.1
Iteration 7:  cannot calculate derivatives
equation/system not identified
