=============================================================================================================
Estimation for Aviation_passengers and MLY, specification 2
=============================================================================================================
   
US parameters:
-------------------------------------------------------------------
elascoef1 = 3.606113678690623
elascoef2 = 3.606113678690623
trend     = .1050463220906398
-------------------------------------------------------------------
   
Model specification estimated:
( lnYtou = lnY + {b1} + (1.3-1)*ln(t-{b2=1952})*{b3=3.606113678690623} - (1-.3)*lnYpercap*3.606113678690623 + 
> .1050463220906398*t  ) 
-------------------------------------------------------------------
(obs = 37)

Iteration 0:  residual SS =   1656302
Iteration 1:  residual SS =   1630905
Iteration 2:  residual SS =   7.00416
Iteration 3:  residual SS =  3.626839
Iteration 4:  residual SS =  2.415299
Iteration 5:  residual SS =  2.414896
Iteration 6:  residual SS =  2.414874
Iteration 7:  residual SS =  2.414872
Iteration 8:  residual SS =  2.414872
Iteration 9:  residual SS =  2.414871
Iteration 10:  residual SS =  2.414871
Iteration 11:  residual SS =  2.414871

      Source |       SS       df       MS            Number of obs =        37
-------------+------------------------------         F(  2,    34) =   1004.77
       Model |  142.729477     2  71.3647385         Prob > F      =    0.0000
    Residual |  2.41487147    34  .071025631         R-squared     =    0.9834
-------------+------------------------------         Adj R-squared =    0.9824
       Total |  145.144348    36  4.03178746         Root MSE      =  .2665063
                                                     Res. dev.     =  4.018393

------------------------------------------------------------------------------
      lnYtou |      Coef.   Std. Err.      t    P>|t|     [95% Conf. Interval]
-------------+----------------------------------------------------------------
          b1 |  -219.2403   2.602917   -84.23   0.000      -224.53   -213.9505
          b2 |   1944.682   4.509681   431.22   0.000     1935.517    1953.846
          b3 |   10.87968   2.041048     5.33   0.000     6.731768    15.02759
------------------------------------------------------------------------------
* Parameter b1 taken as constant term in model & ANOVA table
 (SEs, P values, CIs, and correlations are asymptotic approximations)
