=============================================================================================================
Estimation for Aviation_passengers and MLY, specification 1
=============================================================================================================
   
US parameters:
-------------------------------------------------------------------
elascoef1 = 3.606113678690623
elascoef2 = 3.606113678690623
trend     = .1050463220906398
-------------------------------------------------------------------
   
Model specification estimated:
( lnYtou = lnY + {b1} + (1.3-1)*ln(t-{b2=1952})*3.606113678690623 - (1-.3)*lnYpercap*3.606113678690623 + .1050
> 463220906398*t  ) 
-------------------------------------------------------------------
(obs = 37)

Iteration 0:  residual SS =   1656302
Iteration 1:  residual SS =   1555297
Iteration 2:  residual SS =  388634.3
Iteration 3:  residual SS =  10.57382
Iteration 4:  residual SS =  10.56603
Iteration 5:  residual SS =  10.56059
Iteration 6:  residual SS =   10.5593
Iteration 7:  residual SS =  10.55874
Iteration 8:  residual SS =  10.55855

      Source |       SS       df       MS            Number of obs =        37
-------------+------------------------------         F(  1,    35) =    446.13
       Model |  134.585862     1  134.585862         Prob > F      =    0.0000
    Residual |  10.5584859    35  .301671027         R-squared     =    0.9273
-------------+------------------------------         Adj R-squared =    0.9252
       Total |  145.144348    36  4.03178746         Root MSE      =  .5492459
                                                     Res. dev.     =  58.60389

------------------------------------------------------------------------------
      lnYtou |      Coef.   Std. Err.      t    P>|t|     [95% Conf. Interval]
-------------+----------------------------------------------------------------
          b1 |    -211.22   .1049144 -2013.26   0.000     -211.433    -211.007
          b2 |    1956.15   .4062628  4814.99   0.000     1955.326    1956.975
------------------------------------------------------------------------------
* Parameter b1 taken as constant term in model & ANOVA table
 (SEs, P values, CIs, and correlations are asymptotic approximations)
