=============================================================================================================
Estimation for Aviation_passengers and MOZ, specification 2
=============================================================================================================
   
US parameters:
-------------------------------------------------------------------
elascoef1 = 3.606113678690623
elascoef2 = 3.606113678690623
trend     = .1050463220906398
-------------------------------------------------------------------
   
Model specification estimated:
( lnYtou = lnY + {b1} + (1.3-1)*ln(t-{b2=1970})*{b3=3.606113678690623} - (1-.3)*lnYpercap*3.606113678690623 + 
> .1050463220906398*t  ) 
-------------------------------------------------------------------
(obs = 16)

Iteration 0:  residual SS =    736764
Iteration 1:  residual SS =  725743.2
Iteration 2:  residual SS =  555788.3
Iteration 3:  residual SS =  488470.2
Iteration 4:  residual SS =  458386.2
Iteration 5:  residual SS =  444159.9
Iteration 6:  residual SS =  430361.4
Iteration 7:  cannot calculate derivatives
equation/system not identified
