=============================================================================================================
Estimation for Aviation_passengers and NEP, specification 2
=============================================================================================================
   
US parameters:
-------------------------------------------------------------------
elascoef1 = 3.606113678690623
elascoef2 = 3.606113678690623
trend     = .1050463220906398
-------------------------------------------------------------------
   
Model specification estimated:
( lnYtou = lnY + {b1} + (1.3-1)*ln(t-{b2=1955})*{b3=3.606113678690623} - (1-.3)*lnYpercap*3.606113678690623 + 
> .1050463220906398*t  ) 
-------------------------------------------------------------------
(obs = 34)

Iteration 0:  residual SS =   1592513
Iteration 1:  residual SS =   1568166
Iteration 2:  residual SS =  1.693836
Iteration 3:  residual SS =  1.467896
Iteration 4:  residual SS =  1.443726
Iteration 5:  residual SS =  1.443269
Iteration 6:  residual SS =  1.443267
Iteration 7:  residual SS =  1.443267
Iteration 8:  residual SS =  1.443267
Iteration 9:  residual SS =  1.443267

      Source |       SS       df       MS            Number of obs =        34
-------------+------------------------------         F(  2,    31) =    897.90
       Model |  83.6072054     2  41.8036027         Prob > F      =    0.0000
    Residual |  1.44326709    31  .046557003         R-squared     =    0.9830
-------------+------------------------------         Adj R-squared =    0.9819
       Total |  85.0504725    33  2.57728704         Root MSE      =  .2157707
                                                     Res. dev.     = -10.93352

------------------------------------------------------------------------------
      lnYtou |      Coef.   Std. Err.      t    P>|t|     [95% Conf. Interval]
-------------+----------------------------------------------------------------
          b1 |  -215.4781   .7774779  -277.15   0.000    -217.0638   -213.8924
          b2 |   1955.731   3.284264   595.49   0.000     1949.032    1962.429
          b3 |   2.575758   .7052688     3.65   0.001     1.137353    4.014163
------------------------------------------------------------------------------
* Parameter b1 taken as constant term in model & ANOVA table
 (SEs, P values, CIs, and correlations are asymptotic approximations)
