=============================================================================================================
Estimation for Aviation_passengers and NEP, specification 1
=============================================================================================================
   
US parameters:
-------------------------------------------------------------------
elascoef1 = 3.606113678690623
elascoef2 = 3.606113678690623
trend     = .1050463220906398
-------------------------------------------------------------------
   
Model specification estimated:
( lnYtou = lnY + {b1} + (1.3-1)*ln(t-{b2=1955})*3.606113678690623 - (1-.3)*lnYpercap*3.606113678690623 + .1050
> 463220906398*t  ) 
-------------------------------------------------------------------
(obs = 34)

Iteration 0:  residual SS =   1592513
Iteration 1:  residual SS =   1495386
Iteration 2:  residual SS =  2.228175
Iteration 3:  residual SS =  1.556284
Iteration 4:  residual SS =  1.507163
Iteration 5:  residual SS =  1.506689

      Source |       SS       df       MS            Number of obs =        34
-------------+------------------------------         F(  1,    32) =   1774.36
       Model |  83.5437836     1  83.5437836         Prob > F      =    0.0000
    Residual |  1.50668884    32  .047084026         R-squared     =    0.9823
-------------+------------------------------         Adj R-squared =    0.9817
       Total |  85.0504725    33  2.57728704         Root MSE      =  .2169885
                                                     Res. dev.     = -9.471347

------------------------------------------------------------------------------
      lnYtou |      Coef.   Std. Err.      t    P>|t|     [95% Conf. Interval]
-------------+----------------------------------------------------------------
          b1 |  -216.6784   .0872181 -2484.33   0.000    -216.8561   -216.5008
          b2 |   1950.575   1.578447  1235.76   0.000     1947.359     1953.79
------------------------------------------------------------------------------
* Parameter b1 taken as constant term in model & ANOVA table
 (SEs, P values, CIs, and correlations are asymptotic approximations)
