=============================================================================================================
Estimation for Aviation_passengers and NOR, specification 2
=============================================================================================================
   
US parameters:
-------------------------------------------------------------------
elascoef1 = 3.606113678690623
elascoef2 = 3.606113678690623
trend     = .1050463220906398
-------------------------------------------------------------------
   
Model specification estimated:
( lnYtou = lnY + {b1} + (1.3-1)*ln(t-{b2=1929})*{b3=3.606113678690623} - (1-.3)*lnYpercap*3.606113678690623 + 
> .1050463220906398*t  ) 
-------------------------------------------------------------------
(obs = 54)

Iteration 0:  residual SS =   2352143
Iteration 1:  residual SS =   2315725
Iteration 2:  residual SS =    578600
Iteration 3:  residual SS =   8.30446
Iteration 4:  residual SS =  8.303032
Iteration 5:  residual SS =  8.303032

      Source |       SS       df       MS            Number of obs =        54
-------------+------------------------------         F(  2,    51) =   1105.52
       Model |  359.966003     2  179.983001         Prob > F      =    0.0000
    Residual |   8.3030316    51  .162804541         R-squared     =    0.9775
-------------+------------------------------         Adj R-squared =    0.9766
       Total |  368.269034    53  6.94847235         Root MSE      =  .4034904
                                                     Res. dev.     =  52.13774

------------------------------------------------------------------------------
      lnYtou |      Coef.   Std. Err.      t    P>|t|     [95% Conf. Interval]
-------------+----------------------------------------------------------------
          b1 |   -210.116    .308444  -681.21   0.000    -210.7352   -209.4967
          b2 |   1933.586   .1602159        .   0.000     1933.264    1933.908
          b3 |   5.372527   .2935839    18.30   0.000     4.783133    5.961922
------------------------------------------------------------------------------
* Parameter b1 taken as constant term in model & ANOVA table
 (SEs, P values, CIs, and correlations are asymptotic approximations)
