=============================================================================================================
Estimation for Aviation_passengers and NTH, specification 1
=============================================================================================================
   
US parameters:
-------------------------------------------------------------------
elascoef1 = 3.606113678690623
elascoef2 = 3.606113678690623
trend     = .1050463220906398
-------------------------------------------------------------------
   
Model specification estimated:
( lnYtou = lnY + {b1} + (1.3-1)*ln(t-{b2=1924})*3.606113678690623 - (1-.3)*lnYpercap*3.606113678690623 + .1050
> 463220906398*t  ) 
-------------------------------------------------------------------
(obs = 65)

Iteration 0:  residual SS =   2831752
Iteration 1:  residual SS =   2487417
Iteration 2:  residual SS =   56.2309
Iteration 3:  residual SS =  55.85693
Iteration 4:  residual SS =  55.84351
Iteration 5:  residual SS =  55.82525
Iteration 6:  residual SS =  55.82134
Iteration 7:  residual SS =  55.81851
Iteration 8:  residual SS =  55.81755
Iteration 9:  residual SS =  55.81705
Iteration 10:  residual SS =  55.81683

      Source |       SS       df       MS            Number of obs =        65
-------------+------------------------------         F(  1,    63) =    489.95
       Model |  434.085414     1  434.085414         Prob > F      =    0.0000
    Residual |  55.8167347    63  .885979917         R-squared     =    0.8861
-------------+------------------------------         Adj R-squared =    0.8843
       Total |  489.902149    64  7.65472107         Root MSE      =  .9412651
                                                     Res. dev.     =  174.5616

------------------------------------------------------------------------------
      lnYtou |      Coef.   Std. Err.      t    P>|t|     [95% Conf. Interval]
-------------+----------------------------------------------------------------
          b1 |   -208.515   .1353401 -1540.67   0.000    -208.7855   -208.2445
          b2 |   1927.716   .9359568  2059.62   0.000     1925.846    1929.587
------------------------------------------------------------------------------
* Parameter b1 taken as constant term in model & ANOVA table
 (SEs, P values, CIs, and correlations are asymptotic approximations)
