=============================================================================================================
Estimation for Aviation_passengers and OMA, specification 1
=============================================================================================================
   
US parameters:
-------------------------------------------------------------------
elascoef1 = 3.606113678690623
elascoef2 = 3.606113678690623
trend     = .1050463220906398
-------------------------------------------------------------------
   
Model specification estimated:
( lnYtou = lnY + {b1} + (1.3-1)*ln(t-{b2=1970})*3.606113678690623 - (1-.3)*lnYpercap*3.606113678690623 + .1050
> 463220906398*t  ) 
-------------------------------------------------------------------
(obs = 16)

Iteration 0:  residual SS =  699549.5
Iteration 1:  residual SS =  677856.2
Iteration 2:  residual SS =  1.875988
Iteration 3:  residual SS =  1.078134
Iteration 4:  residual SS =  .7735606
Iteration 5:  residual SS =  .6333651
Iteration 6:  residual SS =  .5937522
Iteration 7:  residual SS =  .5899315
Iteration 8:  residual SS =  .5898326
Iteration 9:  residual SS =  .5898308
Iteration 10:  residual SS =  .5898307

      Source |       SS       df       MS            Number of obs =        16
-------------+------------------------------         F(  1,    14) =    110.87
       Model |  4.67098484     1  4.67098484         Prob > F      =    0.0000
    Residual |  .589830709    14  .042130765         R-squared     =    0.8879
-------------+------------------------------         Adj R-squared =    0.8799
       Total |  5.26081555    15  .350721037         Root MSE      =  .2052578
                                                     Res. dev.     = -7.402102

------------------------------------------------------------------------------
      lnYtou |      Coef.   Std. Err.      t    P>|t|     [95% Conf. Interval]
-------------+----------------------------------------------------------------
          b1 |  -210.5029    .526646  -399.70   0.000    -211.6324   -209.3733
          b2 |   1932.491   25.35527    76.22   0.000     1878.109    1986.873
------------------------------------------------------------------------------
* Parameter b1 taken as constant term in model & ANOVA table
 (SEs, P values, CIs, and correlations are asymptotic approximations)
