=============================================================================================================
Estimation for Aviation_passengers and OMA, specification 2
=============================================================================================================
   
US parameters:
-------------------------------------------------------------------
elascoef1 = 3.606113678690623
elascoef2 = 3.606113678690623
trend     = .1050463220906398
-------------------------------------------------------------------
   
Model specification estimated:
( lnYtou = lnY + {b1} + (1.3-1)*ln(t-{b2=1970})*{b3=3.606113678690623} - (1-.3)*lnYpercap*3.606113678690623 + 
> .1050463220906398*t  ) 
-------------------------------------------------------------------
(obs = 16)

Iteration 0:  residual SS =  699549.5
Iteration 1:  residual SS =  689049.7
Iteration 2:  residual SS =  172375.3
Iteration 3:  residual SS =  43065.07
Iteration 4:  residual SS =  10766.08
Iteration 5:  cannot calculate derivatives
equation/system not identified
