=============================================================================================================
Estimation for Aviation_passengers and PHI, specification 2
=============================================================================================================
   
US parameters:
-------------------------------------------------------------------
elascoef1 = 3.606113678690623
elascoef2 = 3.606113678690623
trend     = .1050463220906398
-------------------------------------------------------------------
   
Model specification estimated:
( lnYtou = lnY + {b1} + (1.3-1)*ln(t-{b2=1930})*{b3=3.606113678690623} - (1-.3)*lnYpercap*3.606113678690623 + 
> .1050463220906398*t  ) 
-------------------------------------------------------------------
(obs = 54)

Iteration 0:  residual SS =   2399690
Iteration 1:  residual SS =   2362742
Iteration 2:  residual SS =  10.76165
Iteration 3:  residual SS =   10.7254
Iteration 4:  residual SS =  10.72406
Iteration 5:  residual SS =  10.72406
Iteration 6:  residual SS =  10.72401
Iteration 7:  residual SS =    10.724
Iteration 8:  residual SS =  10.72396
Iteration 9:  residual SS =  10.72396
Iteration 10:  residual SS =  10.72393
Iteration 11:  residual SS =  10.72392
Iteration 12:  residual SS =  10.72389
Iteration 13:  residual SS =  10.72389
Iteration 14:  residual SS =  10.72387
Iteration 15:  residual SS =  10.72386
Iteration 16:  residual SS =  10.72384
Iteration 17:  residual SS =  10.72384
Iteration 18:  residual SS =  10.72382
Iteration 19:  residual SS =  10.72382
Iteration 20:  residual SS =  10.72381
Iteration 21:  residual SS =   10.7238
Iteration 22:  residual SS =  10.72379
Iteration 23:  residual SS =  10.72379
Iteration 24:  residual SS =  10.72378
Iteration 25:  residual SS =  10.72377
Iteration 26:  residual SS =  10.72377
Iteration 27:  residual SS =  10.72376
Iteration 28:  residual SS =  10.72376
Iteration 29:  residual SS =  10.72376
Iteration 30:  residual SS =  10.72375
Iteration 31:  residual SS =  10.72375
Iteration 32:  residual SS =  10.72375
Iteration 33:  residual SS =  10.72374
Iteration 34:  residual SS =  10.72374
Iteration 35:  residual SS =  10.72374
Iteration 36:  residual SS =  10.72374
Iteration 37:  residual SS =  10.72373
Iteration 38:  residual SS =  10.72373
Iteration 39:  residual SS =  10.72373
Iteration 40:  residual SS =  10.72373
Iteration 41:  residual SS =  10.72373
Iteration 42:  residual SS =  10.72373
Iteration 43:  residual SS =  10.72372
Iteration 44:  residual SS =  10.72372
Iteration 45:  residual SS =  10.72372
Iteration 46:  residual SS =  10.72371

      Source |       SS       df       MS            Number of obs =        54
-------------+------------------------------         F(  2,    51) =    776.68
       Model |   326.62374     2   163.31187         Prob > F      =    0.0000
    Residual |   10.723708    51  .210268784         R-squared     =    0.9682
-------------+------------------------------         Adj R-squared =    0.9670
       Total |  337.347448    53  6.36504618         Root MSE      =  .4585507
                                                     Res. dev.     =   65.9529

------------------------------------------------------------------------------
      lnYtou |      Coef.   Std. Err.      t    P>|t|     [95% Conf. Interval]
-------------+----------------------------------------------------------------
          b1 |  -210.2985   .5980687  -351.63   0.000    -211.4991   -209.0978
          b2 |   1933.399   1.303486  1483.25   0.000     1930.782    1936.016
          b3 |   3.276646   .5341408     6.13   0.000     2.204313    4.348978
------------------------------------------------------------------------------
* Parameter b1 taken as constant term in model & ANOVA table
 (SEs, P values, CIs, and correlations are asymptotic approximations)
