=============================================================================================================
Estimation for Aviation_passengers and PHI, specification 1
=============================================================================================================
   
US parameters:
-------------------------------------------------------------------
elascoef1 = 3.606113678690623
elascoef2 = 3.606113678690623
trend     = .1050463220906398
-------------------------------------------------------------------
   
Model specification estimated:
( lnYtou = lnY + {b1} + (1.3-1)*ln(t-{b2=1930})*3.606113678690623 - (1-.3)*lnYpercap*3.606113678690623 + .1050
> 463220906398*t  ) 
-------------------------------------------------------------------
(obs = 54)

Iteration 0:  residual SS =   2399690
Iteration 1:  residual SS =  80.99704
Iteration 2:  residual SS =  16.93656
Iteration 3:  residual SS =  12.98151
Iteration 4:  residual SS =  10.93934
Iteration 5:  residual SS =  10.83668
Iteration 6:  residual SS =  10.83655

      Source |       SS       df       MS            Number of obs =        54
-------------+------------------------------         F(  1,    52) =   1566.79
       Model |  326.510897     1  326.510897         Prob > F      =    0.0000
    Residual |  10.8365511    52  .208395213         R-squared     =    0.9679
-------------+------------------------------         Adj R-squared =    0.9673
       Total |  337.347448    53  6.36504618         Root MSE      =  .4565032
                                                     Res. dev.     =  66.51816

------------------------------------------------------------------------------
      lnYtou |      Coef.   Std. Err.      t    P>|t|     [95% Conf. Interval]
-------------+----------------------------------------------------------------
          b1 |  -210.6628    .076997 -2735.99   0.000    -210.8173   -210.5083
          b2 |    1932.74   .7487176  2581.40   0.000     1931.237    1934.242
------------------------------------------------------------------------------
* Parameter b1 taken as constant term in model & ANOVA table
 (SEs, P values, CIs, and correlations are asymptotic approximations)
