=============================================================================================================
Estimation for Aviation_passengers and POL, specification 1
=============================================================================================================
   
US parameters:
-------------------------------------------------------------------
elascoef1 = 3.606113678690623
elascoef2 = 3.606113678690623
trend     = .1050463220906398
-------------------------------------------------------------------
   
Model specification estimated:
( lnYtou = lnY + {b1} + (1.3-1)*ln(t-{b2=1924})*3.606113678690623 - (1-.3)*lnYpercap*3.606113678690623 + .1050
> 463220906398*t  ) 
-------------------------------------------------------------------
(obs = 54)

Iteration 0:  residual SS =   2456337
Iteration 1:  residual SS =   1379066
Iteration 2:  residual SS =  57.20892
Iteration 3:  residual SS =  37.44713
Iteration 4:  residual SS =  31.83727
Iteration 5:  residual SS =  30.19979
Iteration 6:  residual SS =  29.45045
Iteration 7:  residual SS =  28.90226
Iteration 8:  residual SS =  28.84818
Iteration 9:  residual SS =  28.64613
Iteration 10:  residual SS =   28.4402
Iteration 11:  residual SS =  28.27722
Iteration 12:  residual SS =  28.16695
Iteration 13:  residual SS =  28.12369
Iteration 14:  residual SS =  28.03402
Iteration 15:  residual SS =  27.96094
Iteration 16:  residual SS =  27.90751
Iteration 17:  residual SS =  27.87776
Iteration 18:  residual SS =  27.87714
Iteration 19:  residual SS =  27.83582
Iteration 20:  residual SS =   27.8007
Iteration 21:  residual SS =  27.77263
Iteration 22:  residual SS =  27.75267
Iteration 23:  residual SS =  27.74212
Iteration 24:  residual SS =   27.7169
Iteration 25:  residual SS =  27.69339
Iteration 26:  residual SS =  27.67176
Iteration 27:  residual SS =  27.65217
Iteration 28:  residual SS =  27.63483
Iteration 29:  residual SS =  27.61996
Iteration 30:  residual SS =  27.60784
Iteration 31:  residual SS =  27.59876
Iteration 32:  residual SS =  27.59307
Iteration 33:  residual SS =  27.59121
Iteration 34:  residual SS =  27.57922
Iteration 35:  residual SS =  27.56785
Iteration 36:  residual SS =  27.55716
Iteration 37:  residual SS =  27.54719
Iteration 38:  residual SS =  27.53799
Iteration 39:  residual SS =  27.52961
Iteration 40:  residual SS =  27.52213
Iteration 41:  residual SS =   27.5156
Iteration 42:  residual SS =   27.5101
Iteration 43:  residual SS =  27.50572
Iteration 44:  residual SS =  27.50255
Iteration 45:  residual SS =   27.5007
Iteration 46:  residual SS =  27.50027
Iteration 47:  residual SS =  27.49426
Iteration 48:  residual SS =  27.48847
Iteration 49:  residual SS =  27.48291

      Source |       SS       df       MS            Number of obs =        54
-------------+------------------------------         F(  1,    52) =    471.81
       Model |  249.309298     1  249.309298         Prob > F      =    0.0000
    Residual |  27.4775897    52  .528415187         R-squared     =    0.9007
-------------+------------------------------         Adj R-squared =    0.8988
       Total |  276.786887    53   5.2223941         Root MSE      =  .7269217
                                                     Res. dev.     =  116.7622

------------------------------------------------------------------------------
      lnYtou |      Coef.   Std. Err.      t    P>|t|     [95% Conf. Interval]
-------------+----------------------------------------------------------------
          b1 |  -218.5623    11.3519   -19.25   0.000    -241.3416   -195.7831
          b2 |  -1057.573   31171.26    -0.03   0.973    -63607.29    61492.14
------------------------------------------------------------------------------
* Parameter b1 taken as constant term in model & ANOVA table
 (SEs, P values, CIs, and correlations are asymptotic approximations)
convergence not achieved
