=============================================================================================================
Estimation for Aviation_passengers and POL, specification 2
=============================================================================================================
   
US parameters:
-------------------------------------------------------------------
elascoef1 = 3.606113678690623
elascoef2 = 3.606113678690623
trend     = .1050463220906398
-------------------------------------------------------------------
   
Model specification estimated:
( lnYtou = lnY + {b1} + (1.3-1)*ln(t-{b2=1924})*{b3=3.606113678690623} - (1-.3)*lnYpercap*3.606113678690623 + 
> .1050463220906398*t  ) 
-------------------------------------------------------------------
(obs = 54)

Iteration 0:  residual SS =   2456337
Iteration 1:  residual SS =   2417626
Iteration 2:  residual SS =  14.84924
Iteration 3:  residual SS =  14.83103
Iteration 4:  residual SS =  14.82944
Iteration 5:  residual SS =  14.82938
Iteration 6:  residual SS =  14.82938
Iteration 7:  residual SS =  14.82938

      Source |       SS       df       MS            Number of obs =        54
-------------+------------------------------         F(  2,    51) =    450.45
       Model |  261.957508     2  130.978754         Prob > F      =    0.0000
    Residual |  14.8293794    51  .290772145         R-squared     =    0.9464
-------------+------------------------------         Adj R-squared =    0.9443
       Total |  276.786887    53   5.2223941         Root MSE      =  .5392329
                                                     Res. dev.     =  83.45718

------------------------------------------------------------------------------
      lnYtou |      Coef.   Std. Err.      t    P>|t|     [95% Conf. Interval]
-------------+----------------------------------------------------------------
          b1 |  -208.8722    .301005  -693.92   0.000    -209.4765   -208.2679
          b2 |   1928.895    .433898  4445.50   0.000     1928.024    1929.766
          b3 |  -.6142448   .2876397    -2.14   0.038    -1.191706    -.036784
------------------------------------------------------------------------------
* Parameter b1 taken as constant term in model & ANOVA table
 (SEs, P values, CIs, and correlations are asymptotic approximations)
