=============================================================================================================
Estimation for Aviation_passengers and SWZ, specification 2
=============================================================================================================
   
US parameters:
-------------------------------------------------------------------
elascoef1 = 3.606113678690623
elascoef2 = 3.606113678690623
trend     = .1050463220906398
-------------------------------------------------------------------
   
Model specification estimated:
( lnYtou = lnY + {b1} + (1.3-1)*ln(t-{b2=1923})*{b3=3.606113678690623} - (1-.3)*lnYpercap*3.606113678690623 + 
> .1050463220906398*t  ) 
-------------------------------------------------------------------
(obs = 66)

Iteration 0:  residual SS =   2868182
Iteration 1:  residual SS =   2823608
Iteration 2:  residual SS =  109.2618
Iteration 3:  residual SS =  99.98572
Iteration 4:  residual SS =  89.80099
Iteration 5:  residual SS =   89.4854
Iteration 6:  residual SS =  89.24078
Iteration 7:  residual SS =   89.2307
Iteration 8:  residual SS =   89.2296
Iteration 9:  residual SS =  89.22914
Iteration 10:  residual SS =  89.22913
Iteration 11:  residual SS =  89.22913
Iteration 12:  residual SS =  89.22913
Iteration 13:  residual SS =  89.22913
Iteration 14:  residual SS =  89.22913

      Source |       SS       df       MS            Number of obs =        66
-------------+------------------------------         F(  2,    63) =    225.66
       Model |  639.228747     2  319.614373         Prob > F      =    0.0000
    Residual |  89.2291263    63  1.41633534         R-squared     =    0.8775
-------------+------------------------------         Adj R-squared =    0.8736
       Total |  728.457873    65  11.2070442         Root MSE      =  1.190099
                                                     Res. dev.     =  207.2024

------------------------------------------------------------------------------
      lnYtou |      Coef.   Std. Err.      t    P>|t|     [95% Conf. Interval]
-------------+----------------------------------------------------------------
          b1 |  -221.8833   10.18042   -21.80   0.000    -242.2273   -201.5394
          b2 |   1905.813   21.02126    90.66   0.000     1863.805     1947.82
          b3 |   14.53555   7.005219     2.07   0.042     .5367381    28.53437
------------------------------------------------------------------------------
* Parameter b1 taken as constant term in model & ANOVA table
 (SEs, P values, CIs, and correlations are asymptotic approximations)
