=============================================================================================================
Estimation for Aviation_passengers and SYR, specification 1
=============================================================================================================
   
US parameters:
-------------------------------------------------------------------
elascoef1 = 3.606113678690623
elascoef2 = 3.606113678690623
trend     = .1050463220906398
-------------------------------------------------------------------
   
Model specification estimated:
( lnYtou = lnY + {b1} + (1.3-1)*ln(t-{b2=1946})*3.606113678690623 - (1-.3)*lnYpercap*3.606113678690623 + .1050
> 463220906398*t  ) 
-------------------------------------------------------------------
(obs = 36)

Iteration 0:  residual SS =   1610447
Iteration 1:  residual SS =   1238909
Iteration 2:  residual SS =  15.62996
Iteration 3:  residual SS =   15.3723
Iteration 4:  residual SS =  15.33546
Iteration 5:  residual SS =  15.33162
Iteration 6:  residual SS =  15.33128
Iteration 7:  residual SS =  15.33125

      Source |       SS       df       MS            Number of obs =        36
-------------+------------------------------         F(  1,    34) =    160.27
       Model |  72.2694551     1  72.2694551         Prob > F      =    0.0000
    Residual |  15.3312476    34  .450919046         R-squared     =    0.8250
-------------+------------------------------         Adj R-squared =    0.8198
       Total |  87.6007027    35  2.50287722         Root MSE      =  .6715051
                                                     Res. dev.     =  71.43304

------------------------------------------------------------------------------
      lnYtou |      Coef.   Std. Err.      t    P>|t|     [95% Conf. Interval]
-------------+----------------------------------------------------------------
          b1 |  -211.5883    .202064 -1047.14   0.000     -211.999   -211.1777
          b2 |   1944.446   3.304658   588.40   0.000     1937.731    1951.162
------------------------------------------------------------------------------
* Parameter b1 taken as constant term in model & ANOVA table
 (SEs, P values, CIs, and correlations are asymptotic approximations)
