=============================================================================================================
Estimation for Aviation_passengers and THA, specification 1
=============================================================================================================
   
US parameters:
-------------------------------------------------------------------
elascoef1 = 3.606113678690623
elascoef2 = 3.606113678690623
trend     = .1050463220906398
-------------------------------------------------------------------
   
Model specification estimated:
( lnYtou = lnY + {b1} + (1.3-1)*ln(t-{b2=1933})*3.606113678690623 - (1-.3)*lnYpercap*3.606113678690623 + .1050
> 463220906398*t  ) 
-------------------------------------------------------------------
(obs = 45)

Iteration 0:  residual SS =   2058685
Iteration 1:  residual SS =   1995341
Iteration 2:  residual SS =   1527422
Iteration 3:  residual SS =  858679.8
Iteration 4:  residual SS =  54.00362
Iteration 5:  residual SS =  53.47193
Iteration 6:  residual SS =  53.43101

      Source |       SS       df       MS            Number of obs =        45
-------------+------------------------------         F(  1,    43) =    252.93
       Model |  314.286727     1  314.286727         Prob > F      =    0.0000
    Residual |  53.4305884    43  1.24257182         R-squared     =    0.8547
-------------+------------------------------         Adj R-squared =    0.8513
       Total |  367.717315    44   8.3572117         Root MSE      =  1.114707
                                                     Res. dev.     =  135.4319

------------------------------------------------------------------------------
      lnYtou |      Coef.   Std. Err.      t    P>|t|     [95% Conf. Interval]
-------------+----------------------------------------------------------------
          b1 |   -213.574   .1681369 -1270.24   0.000    -213.9131   -213.2349
          b2 |   1937.985   .0151812        .   0.000     1937.954    1938.015
------------------------------------------------------------------------------
* Parameter b1 taken as constant term in model & ANOVA table
 (SEs, P values, CIs, and correlations are asymptotic approximations)
