=============================================================================================================
Estimation for Aviation_passengers and TUR, specification 1
=============================================================================================================
   
US parameters:
-------------------------------------------------------------------
elascoef1 = 3.606113678690623
elascoef2 = 3.606113678690623
trend     = .1050463220906398
-------------------------------------------------------------------
   
Model specification estimated:
( lnYtou = lnY + {b1} + (1.3-1)*ln(t-{b2=1946})*3.606113678690623 - (1-.3)*lnYpercap*3.606113678690623 + .1050
> 463220906398*t  ) 
-------------------------------------------------------------------
(obs = 43)

Iteration 0:  residual SS =   1946672
Iteration 1:  residual SS =  351.1722
Iteration 2:  residual SS =  6.537483
Iteration 3:  residual SS =  6.452209
Iteration 4:  residual SS =   6.45195

      Source |       SS       df       MS            Number of obs =        43
-------------+------------------------------         F(  1,    41) =    592.58
       Model |  93.2515108     1  93.2515108         Prob > F      =    0.0000
    Residual |  6.45195018    41  .157364638         R-squared     =    0.9353
-------------+------------------------------         Adj R-squared =    0.9337
       Total |   99.703461    42  2.37389193         Root MSE      =  .3966921
                                                     Res. dev.     =  40.46555

------------------------------------------------------------------------------
      lnYtou |      Coef.   Std. Err.      t    P>|t|     [95% Conf. Interval]
-------------+----------------------------------------------------------------
          b1 |  -213.1705    .152934 -1393.87   0.000    -213.4794   -212.8617
          b2 |    1937.19   3.871265   500.40   0.000     1929.372    1945.008
------------------------------------------------------------------------------
* Parameter b1 taken as constant term in model & ANOVA table
 (SEs, P values, CIs, and correlations are asymptotic approximations)
