=============================================================================================================
Estimation for Aviation_passengers and UNK, specification 1
=============================================================================================================
   
US parameters:
-------------------------------------------------------------------
elascoef1 = 3.606113678690623
elascoef2 = 3.606113678690623
trend     = .1050463220906398
-------------------------------------------------------------------
   
Model specification estimated:
( lnYtou = lnY + {b1} + (1.3-1)*ln(t-{b2=1920})*3.606113678690623 - (1-.3)*lnYpercap*3.606113678690623 + .1050
> 463220906398*t  ) 
-------------------------------------------------------------------
(obs = 69)

Iteration 0:  residual SS =   3022481
Iteration 1:  residual SS =   2928393
Iteration 2:  residual SS =   1646952
Iteration 3:  residual SS =  411707.1
Iteration 4:  residual SS =  25.87153
Iteration 5:  residual SS =  25.86774
Iteration 6:  residual SS =  25.86443
Iteration 7:  residual SS =  25.86341
Iteration 8:  residual SS =  25.86286

      Source |       SS       df       MS            Number of obs =        69
-------------+------------------------------         F(  1,    67) =   1616.00
       Model |  623.790533     1  623.790533         Prob > F      =    0.0000
    Residual |  25.8626058    67  .386009042         R-squared     =    0.9602
-------------+------------------------------         Adj R-squared =    0.9596
       Total |  649.653139    68  9.55372264         Root MSE      =  .6212963
                                                     Res. dev.     =  128.1032

------------------------------------------------------------------------------
      lnYtou |      Coef.   Std. Err.      t    P>|t|     [95% Conf. Interval]
-------------+----------------------------------------------------------------
          b1 |  -209.0285    .079142 -2641.18   0.000    -209.1865   -208.8705
          b2 |   1924.541   .2596156  7413.04   0.000     1924.023    1925.059
------------------------------------------------------------------------------
* Parameter b1 taken as constant term in model & ANOVA table
 (SEs, P values, CIs, and correlations are asymptotic approximations)
