=============================================================================================================
Estimation for Aviation_passengers and UNK, specification 2
=============================================================================================================
   
US parameters:
-------------------------------------------------------------------
elascoef1 = 3.606113678690623
elascoef2 = 3.606113678690623
trend     = .1050463220906398
-------------------------------------------------------------------
   
Model specification estimated:
( lnYtou = lnY + {b1} + (1.3-1)*ln(t-{b2=1920})*{b3=3.606113678690623} - (1-.3)*lnYpercap*3.606113678690623 + 
> .1050463220906398*t  ) 
-------------------------------------------------------------------
(obs = 69)

Iteration 0:  residual SS =   3022481
Iteration 1:  residual SS =   2975345
Iteration 2:  residual SS =  8.983566
Iteration 3:  residual SS =  7.282927
Iteration 4:  residual SS =  7.234291
Iteration 5:  residual SS =  7.234194
Iteration 6:  residual SS =  7.234176
Iteration 7:  residual SS =  7.234173
Iteration 8:  residual SS =  7.234172
Iteration 9:  residual SS =  7.234172
Iteration 10:  residual SS =  7.234172
Iteration 11:  residual SS =  7.234172

      Source |       SS       df       MS            Number of obs =        69
-------------+------------------------------         F(  2,    66) =   2930.51
       Model |  642.418967     2  321.209484         Prob > F      =    0.0000
    Residual |  7.23417224    66   .10960867         R-squared     =    0.9889
-------------+------------------------------         Adj R-squared =    0.9885
       Total |  649.653139    68  9.55372264         Root MSE      =   .331072
                                                     Res. dev.     =  40.19847

------------------------------------------------------------------------------
      lnYtou |      Coef.   Std. Err.      t    P>|t|     [95% Conf. Interval]
-------------+----------------------------------------------------------------
          b1 |  -213.4932   .7676505  -278.11   0.000    -215.0259   -211.9606
          b2 |   1919.059   1.609118  1192.62   0.000     1915.846    1922.272
          b3 |   7.550193   .6022722    12.54   0.000     6.347718    8.752668
------------------------------------------------------------------------------
* Parameter b1 taken as constant term in model & ANOVA table
 (SEs, P values, CIs, and correlations are asymptotic approximations)
