=============================================================================================================
Estimation for Aviation_passengers and URG, specification 1
=============================================================================================================
   
US parameters:
-------------------------------------------------------------------
elascoef1 = 3.606113678690623
elascoef2 = 3.606113678690623
trend     = .1050463220906398
-------------------------------------------------------------------
   
Model specification estimated:
( lnYtou = lnY + {b1} + (1.3-1)*ln(t-{b2=1949})*3.606113678690623 - (1-.3)*lnYpercap*3.606113678690623 + .1050
> 463220906398*t  ) 
-------------------------------------------------------------------
(obs = 40)

Iteration 0:  residual SS =   1784196
Iteration 1:  residual SS =   1567162
Iteration 2:  residual SS =  50.59865
Iteration 3:  residual SS =  36.01014
Iteration 4:  residual SS =  34.98535
Iteration 5:  residual SS =  33.25362
Iteration 6:  residual SS =  32.23062
Iteration 7:  residual SS =  32.02141
Iteration 8:  residual SS =  31.70499
Iteration 9:  residual SS =  31.39806
Iteration 10:  residual SS =  31.17374
Iteration 11:  residual SS =  31.05535
Iteration 12:  residual SS =  30.90286
Iteration 13:  residual SS =  30.77826
Iteration 14:  residual SS =  30.68732
Iteration 15:  residual SS =  30.63789
Iteration 16:  residual SS =  30.55977
Iteration 17:  residual SS =  30.49086
Iteration 18:  residual SS =  30.43249
Iteration 19:  residual SS =  30.38634
Iteration 20:  residual SS =  30.35453
Iteration 21:  residual SS =  30.33971
Iteration 22:  residual SS =  30.30193
Iteration 23:  residual SS =  30.26743
Iteration 24:  residual SS =  30.23658
Iteration 25:  residual SS =  30.20978
Iteration 26:  residual SS =  30.18753
Iteration 27:  residual SS =  30.17039
Iteration 28:  residual SS =  30.15905
Iteration 29:  residual SS =  30.15433
Iteration 30:  residual SS =  30.13551
Iteration 31:  residual SS =  30.11784
Iteration 32:  residual SS =  30.10139
Iteration 33:  residual SS =  30.08627
Iteration 34:  residual SS =   30.0726
Iteration 35:  residual SS =  30.06049
Iteration 36:  residual SS =  30.05009
Iteration 37:  residual SS =  30.04156
Iteration 38:  residual SS =  30.03507
Iteration 39:  residual SS =  30.03082
Iteration 40:  residual SS =  30.02906
Iteration 41:  residual SS =  30.01954
Iteration 42:  residual SS =  30.01042
Iteration 43:  residual SS =  30.00172
Iteration 44:  residual SS =  29.99345
Iteration 45:  residual SS =  29.98564
Iteration 46:  residual SS =  29.97832
Iteration 47:  residual SS =  29.97153
Iteration 48:  residual SS =  29.96528
Iteration 49:  residual SS =  29.95963

      Source |       SS       df       MS            Number of obs =        40
-------------+------------------------------         F(  1,    38) =      8.44
       Model |  6.65558268     1  6.65558268         Prob > F      =    0.0061
    Residual |  29.9545967    38  .788278862         R-squared     =    0.1818
-------------+------------------------------         Adj R-squared =    0.1603
       Total |  36.6101794    39  .938722549         Root MSE      =  .8878507
                                                     Res. dev.     =  101.9472

------------------------------------------------------------------------------
      lnYtou |      Coef.   Std. Err.      t    P>|t|     [95% Conf. Interval]
-------------+----------------------------------------------------------------
          b1 |  -216.7126   13.10208   -16.54   0.000    -243.2364   -190.1889
          b2 |   45.07508   22824.76     0.00   0.998    -46161.23    46251.38
------------------------------------------------------------------------------
* Parameter b1 taken as constant term in model & ANOVA table
 (SEs, P values, CIs, and correlations are asymptotic approximations)
convergence not achieved
