=============================================================================================================
Estimation for Aviation_passengers and YEM, specification 1
=============================================================================================================
   
US parameters:
-------------------------------------------------------------------
elascoef1 = 3.606113678690623
elascoef2 = 3.606113678690623
trend     = .1050463220906398
-------------------------------------------------------------------
   
Model specification estimated:
( lnYtou = lnY + {b1} + (1.3-1)*ln(t-{b2=1970})*3.606113678690623 - (1-.3)*lnYpercap*3.606113678690623 + .1050
> 463220906398*t  ) 
-------------------------------------------------------------------
(obs = 15)

Iteration 0:  residual SS =  682825.7
Iteration 1:  residual SS =  640230.3
Iteration 2:  residual SS =  7.053167
Iteration 3:  residual SS =  6.514712
Iteration 4:  residual SS =  6.238985
Iteration 5:  residual SS =  6.075818
Iteration 6:  residual SS =  5.973001
Iteration 7:  residual SS =  5.907764
Iteration 8:  residual SS =  5.867305
Iteration 9:  residual SS =  5.843116
Iteration 10:  residual SS =  5.829307
Iteration 11:  residual SS =  5.821868
Iteration 12:  residual SS =   5.81813
Iteration 13:  residual SS =  5.816384
Iteration 14:  residual SS =  5.815618
Iteration 15:  residual SS =  5.815296
Iteration 16:  residual SS =  5.815164
Iteration 17:  residual SS =  5.815111
Iteration 18:  residual SS =   5.81509
Iteration 19:  residual SS =  5.815081
Iteration 20:  residual SS =  5.815078
Iteration 21:  residual SS =  5.815076
Iteration 22:  residual SS =  5.815076
Iteration 23:  residual SS =  5.815076
Iteration 24:  residual SS =  5.815076
Iteration 25:  residual SS =  5.815076

      Source |       SS       df       MS            Number of obs =        15
-------------+------------------------------         F(  1,    13) =     11.16
       Model |  4.99287209     1  4.99287209         Prob > F      =    0.0053
    Residual |  5.81507561    13  .447313508         R-squared     =    0.4620
-------------+------------------------------         Adj R-squared =    0.4206
       Total |  10.8079477    14  .771996264         Root MSE      =   .668815
                                                     Res. dev.     =  28.35421

------------------------------------------------------------------------------
      lnYtou |      Coef.   Std. Err.      t    P>|t|     [95% Conf. Interval]
-------------+----------------------------------------------------------------
          b1 |  -214.7776     1.8739  -114.62   0.000    -218.8259   -210.7293
          b2 |    1930.52   94.44154    20.44   0.000     1726.492    2134.549
------------------------------------------------------------------------------
* Parameter b1 taken as constant term in model & ANOVA table
 (SEs, P values, CIs, and correlations are asymptotic approximations)
