=============================================================================================================
Estimation for Aviation_passengers and YEM, specification 2
=============================================================================================================
   
US parameters:
-------------------------------------------------------------------
elascoef1 = 3.606113678690623
elascoef2 = 3.606113678690623
trend     = .1050463220906398
-------------------------------------------------------------------
   
Model specification estimated:
( lnYtou = lnY + {b1} + (1.3-1)*ln(t-{b2=1970})*{b3=3.606113678690623} - (1-.3)*lnYpercap*3.606113678690623 + 
> .1050463220906398*t  ) 
-------------------------------------------------------------------
(obs = 15)

Iteration 0:  residual SS =  682825.7
Iteration 1:  residual SS =  672556.4
Iteration 2:  residual SS =    591131
Iteration 3:  residual SS =  519523.9
Iteration 4:  residual SS =    456532
Iteration 5:  residual SS =  428422.3
Iteration 6:  residual SS =  402030.1
Iteration 7:  residual SS =  377246.7
Iteration 8:  cannot calculate derivatives
equation/system not identified
