=============================================================================================================
Estimation for Electricity and AFG, specification 2
=============================================================================================================
   
US parameters:
-------------------------------------------------------------------
elascoef1 = 1.2233781159605
elascoef2 = 1.2233781159605
trend     = .0376276026887113
-------------------------------------------------------------------
   
Model specification estimated:
( lnYtou = lnY + {b1} + (1.3-1)*ln(t-{b2=1946})*{b3=1.2233781159605} - (1-.3)*lnYpercap*1.2233781159605 + .037
> 6276026887113*t  ) 
-------------------------------------------------------------------
(obs = 42)

Iteration 0:  residual SS =  178140.8
Iteration 1:  residual SS =  172623.6
Iteration 2:  residual SS =   4.32824
Iteration 3:  residual SS =  4.223608
Iteration 4:  residual SS =  4.107059
Iteration 5:  residual SS =  4.099578
Iteration 6:  residual SS =  4.098495
Iteration 7:  residual SS =  4.098299
Iteration 8:  residual SS =  4.097964
Iteration 9:  residual SS =  4.097861
Iteration 10:  residual SS =  4.097749
Iteration 11:  residual SS =  4.097701
Iteration 12:  residual SS =  4.097661
Iteration 13:  residual SS =   4.09764
Iteration 14:  residual SS =  4.097626
Iteration 15:  residual SS =  4.097616
Iteration 16:  residual SS =  4.097611
Iteration 17:  residual SS =  4.097607
Iteration 18:  residual SS =  4.097605
Iteration 19:  residual SS =  4.097604
Iteration 20:  residual SS =  4.097603
Iteration 21:  residual SS =  4.097602
Iteration 22:  residual SS =  4.097602
Iteration 23:  residual SS =  4.097602
Iteration 24:  residual SS =  4.097601

      Source |       SS       df       MS            Number of obs =        42
-------------+------------------------------         F(  2,    39) =    304.78
       Model |  64.0440889     2  32.0220445         Prob > F      =    0.0000
    Residual |  4.09760143    39  .105066703         R-squared     =    0.9399
-------------+------------------------------         Adj R-squared =    0.9368
       Total |  68.1416903    41  1.66199245         Root MSE      =  .3241399
                                                     Res. dev.     =  21.44559

------------------------------------------------------------------------------
      lnYtou |      Coef.   Std. Err.      t    P>|t|     [95% Conf. Interval]
-------------+----------------------------------------------------------------
          b1 |  -66.38105   .4392319  -151.13   0.000    -67.26948   -65.49262
          b2 |   1949.528    1.07973  1805.57   0.000     1947.344    1951.712
          b3 |   2.752215   .4266699     6.45   0.000     1.889194    3.615237
------------------------------------------------------------------------------
* Parameter b1 taken as constant term in model & ANOVA table
 (SEs, P values, CIs, and correlations are asymptotic approximations)
