=============================================================================================================
Estimation for Electricity and ALB, specification 2
=============================================================================================================
   
US parameters:
-------------------------------------------------------------------
elascoef1 = 1.2233781159605
elascoef2 = 1.2233781159605
trend     = .0376276026887113
-------------------------------------------------------------------
   
Model specification estimated:
( lnYtou = lnY + {b1} + (1.3-1)*ln(t-{b2=1966})*{b3=1.2233781159605} - (1-.3)*lnYpercap*1.2233781159605 + .037
> 6276026887113*t  ) 
-------------------------------------------------------------------
(obs = 31)

Iteration 0:  residual SS =  118913.5
Iteration 1:  residual SS =  115278.1
Iteration 2:  residual SS =  88254.93
Iteration 3:  residual SS =  77566.62
Iteration 4:  residual SS =  68171.62
Iteration 5:  residual SS =   59912.2
Iteration 6:  cannot calculate derivatives
equation/system not identified
