=============================================================================================================
Estimation for Electricity and ARG, specification 1
=============================================================================================================
   
US parameters:
-------------------------------------------------------------------
elascoef1 = 1.2233781159605
elascoef2 = 1.2233781159605
trend     = .0376276026887113
-------------------------------------------------------------------
   
Model specification estimated:
( lnYtou = lnY + {b1} + (1.3-1)*ln(t-{b2=1922})*1.2233781159605 - (1-.3)*lnYpercap*1.2233781159605 + .03762760
> 26887113*t  ) 
-------------------------------------------------------------------
(obs = 75)

Iteration 0:  residual SS =  289994.1
Iteration 1:  residual SS =  72602.82
Iteration 2:  residual SS =  2.532381
Iteration 3:  residual SS =  1.325983
Iteration 4:  residual SS =  .9262553
Iteration 5:  residual SS =  .8222904
Iteration 6:  residual SS =  .8116623
Iteration 7:  residual SS =  .8114689
Iteration 8:  residual SS =   .811468

      Source |       SS       df       MS            Number of obs =        75
-------------+------------------------------         F(  1,    73) =  11108.80
       Model |   123.48543     1   123.48543         Prob > F      =    0.0000
    Residual |  .811467956    73  .011115999         R-squared     =    0.9935
-------------+------------------------------         Adj R-squared =    0.9934
       Total |  124.296898    74  1.67968781         Root MSE      =  .1054324
                                                     Res. dev.     = -126.6391

------------------------------------------------------------------------------
      lnYtou |      Coef.   Std. Err.      t    P>|t|     [95% Conf. Interval]
-------------+----------------------------------------------------------------
          b1 |  -62.59492   .0597647 -1047.36   0.000    -62.71403   -62.47581
          b2 |   1854.625   16.72922   110.86   0.000     1821.284    1887.966
------------------------------------------------------------------------------
* Parameter b1 taken as constant term in model & ANOVA table
 (SEs, P values, CIs, and correlations are asymptotic approximations)
