=============================================================================================================
Estimation for Electricity and ARM, specification 1
=============================================================================================================
   
US parameters:
-------------------------------------------------------------------
elascoef1 = 1.2233781159605
elascoef2 = 1.2233781159605
trend     = .0376276026887113
-------------------------------------------------------------------
   
Model specification estimated:
( lnYtou = lnY + {b1} + (1.3-1)*ln(t-{b2=1987})*1.2233781159605 - (1-.3)*lnYpercap*1.2233781159605 + .03762760
> 26887113*t  ) 
-------------------------------------------------------------------
(obs = 10)

Iteration 0:  residual SS =  37971.77
Iteration 1:  residual SS =  8.949998
Iteration 2:  residual SS =  6.205758
Iteration 3:  residual SS =  6.177919
Iteration 4:  residual SS =  6.162207
Iteration 5:  residual SS =  6.139576
Iteration 6:  residual SS =  6.117618
Iteration 7:  residual SS =  6.100552
Iteration 8:  residual SS =  6.089805
Iteration 9:  residual SS =  6.087444
Iteration 10:  residual SS =  6.078659
Iteration 11:  residual SS =  6.072025
Iteration 12:  residual SS =  6.068028
Iteration 13:  residual SS =  6.067313
Iteration 14:  residual SS =   6.06255
Iteration 15:  residual SS =  6.058485
Iteration 16:  residual SS =  6.055223
Iteration 17:  residual SS =  6.052896
Iteration 18:  residual SS =  6.051663
Iteration 19:  residual SS =  6.048827
Iteration 20:  residual SS =   6.04619
Iteration 21:  residual SS =  6.043771
Iteration 22:  residual SS =  6.041592
Iteration 23:  residual SS =  6.039679
Iteration 24:  residual SS =  6.038061
Iteration 25:  residual SS =  6.036773
Iteration 26:  residual SS =  6.035853
Iteration 27:  residual SS =  6.035348
Iteration 28:  residual SS =  6.035312
Iteration 29:  residual SS =  6.034009
Iteration 30:  residual SS =  6.032783
Iteration 31:  residual SS =   6.03164
Iteration 32:  residual SS =  6.030587
Iteration 33:  residual SS =   6.02963
Iteration 34:  residual SS =  6.028777
Iteration 35:  residual SS =  6.028036
Iteration 36:  residual SS =  6.027417
Iteration 37:  residual SS =  6.026929
Iteration 38:  residual SS =  6.026586
Iteration 39:  residual SS =  6.026399
Iteration 40:  residual SS =  6.026383
Iteration 41:  residual SS =  6.025709
Iteration 42:  residual SS =  6.025062
Iteration 43:  residual SS =  6.024442
Iteration 44:  residual SS =  6.023851
Iteration 45:  residual SS =   6.02329
Iteration 46:  residual SS =  6.022761
Iteration 47:  residual SS =  6.022267
Iteration 48:  residual SS =  6.021807
Iteration 49:  residual SS =  6.021386

      Source |       SS       df       MS            Number of obs =        10
-------------+------------------------------         F(  1,     8) =     -7.77
       Model | -5.84729969     1 -5.84729969         Prob > F      =    1.0000
    Residual |  6.02100427     8  .752625533         R-squared     =  -33.6623
-------------+------------------------------         Adj R-squared =  -37.9951
       Total |  .173704577     9  .019300509         Root MSE      =  .8675399
                                                     Res. dev.     =  23.30546

------------------------------------------------------------------------------
      lnYtou |      Coef.   Std. Err.      t    P>|t|     [95% Conf. Interval]
-------------+----------------------------------------------------------------
          b1 |  -64.09388   11.02166    -5.82   0.000    -89.50987   -38.67789
          b2 |   1007.072   29135.63     0.03   0.973    -66179.82    68193.97
------------------------------------------------------------------------------
* Parameter b1 taken as constant term in model & ANOVA table
 (SEs, P values, CIs, and correlations are asymptotic approximations)
convergence not achieved
