=============================================================================================================
Estimation for Electricity and ARM, specification 2
=============================================================================================================
   
US parameters:
-------------------------------------------------------------------
elascoef1 = 1.2233781159605
elascoef2 = 1.2233781159605
trend     = .0376276026887113
-------------------------------------------------------------------
   
Model specification estimated:
( lnYtou = lnY + {b1} + (1.3-1)*ln(t-{b2=1987})*{b3=1.2233781159605} - (1-.3)*lnYpercap*1.2233781159605 + .037
> 6276026887113*t  ) 
-------------------------------------------------------------------
(obs = 10)

Iteration 0:  residual SS =  37971.77
Iteration 1:  residual SS =  36868.94
Iteration 2:  residual SS =  .1203445
Iteration 3:  residual SS =  .0667298
Iteration 4:  residual SS =  .0295012
Iteration 5:  residual SS =  .0240566
Iteration 6:  residual SS =  .0240275
Iteration 7:  residual SS =  .0240274
Iteration 8:  residual SS =  .0240274

      Source |       SS       df       MS            Number of obs =        10
-------------+------------------------------         F(  2,     7) =     21.80
       Model |  .149677146     2  .074838573         Prob > F      =    0.0010
    Residual |  .024027431     7   .00343249         R-squared     =    0.8617
-------------+------------------------------         Adj R-squared =    0.8222
       Total |  .173704577     9  .019300509         Root MSE      =  .0585875
                                                     Res. dev.     = -31.93267

------------------------------------------------------------------------------
      lnYtou |      Coef.   Std. Err.      t    P>|t|     [95% Conf. Interval]
-------------+----------------------------------------------------------------
          b1 |  -60.61743   .0680141  -891.25   0.000    -60.77826    -60.4566
          b2 |   1991.823   .1596988        .   0.000     1991.445    1992.201
          b3 |  -.5631197   .1286998    -4.38   0.003    -.8674464    -.258793
------------------------------------------------------------------------------
* Parameter b1 taken as constant term in model & ANOVA table
 (SEs, P values, CIs, and correlations are asymptotic approximations)
