=============================================================================================================
Estimation for Electricity and AUL, specification 2
=============================================================================================================
   
US parameters:
-------------------------------------------------------------------
elascoef1 = 1.2233781159605
elascoef2 = 1.2233781159605
trend     = .0376276026887113
-------------------------------------------------------------------
   
Model specification estimated:
( lnYtou = lnY + {b1} + (1.3-1)*ln(t-{b2=1914})*{b3=1.2233781159605} - (1-.3)*lnYpercap*1.2233781159605 + .037
> 6276026887113*t  ) 
-------------------------------------------------------------------
(obs = 83)

Iteration 0:  residual SS =  308487.3
Iteration 1:  residual SS =  298964.6
Iteration 2:  residual SS =  2.454728
Iteration 3:  residual SS =  1.711529
Iteration 4:  residual SS =  1.599191
Iteration 5:  residual SS =   1.59569
Iteration 6:  residual SS =  1.595673
Iteration 7:  residual SS =  1.595667
Iteration 8:  residual SS =  1.595666
Iteration 9:  residual SS =  1.595665
Iteration 10:  residual SS =  1.595665
Iteration 11:  residual SS =  1.595665
Iteration 12:  residual SS =  1.595665

      Source |       SS       df       MS            Number of obs =        83
-------------+------------------------------         F(  2,    80) =   6466.71
       Model |  257.967626     2  128.983813         Prob > F      =    0.0000
    Residual |  1.59566526    80  .019945816         R-squared     =    0.9939
-------------+------------------------------         Adj R-squared =    0.9937
       Total |  259.563291    82  3.16540599         Root MSE      =  .1412297
                                                     Res. dev.     = -92.43484

------------------------------------------------------------------------------
      lnYtou |      Coef.   Std. Err.      t    P>|t|     [95% Conf. Interval]
-------------+----------------------------------------------------------------
          b1 |  -61.35353   .1138936  -538.69   0.000    -61.58018   -61.12687
          b2 |   1917.809   .4810906  3986.38   0.000     1916.852    1918.766
          b3 |   1.655605   .0976307    16.96   0.000     1.461313    1.849896
------------------------------------------------------------------------------
* Parameter b1 taken as constant term in model & ANOVA table
 (SEs, P values, CIs, and correlations are asymptotic approximations)
