=============================================================================================================
Estimation for Electricity and AUS, specification 2
=============================================================================================================
   
US parameters:
-------------------------------------------------------------------
elascoef1 = 1.2233781159605
elascoef2 = 1.2233781159605
trend     = .0376276026887113
-------------------------------------------------------------------
   
Model specification estimated:
( lnYtou = lnY + {b1} + (1.3-1)*ln(t-{b2=1915})*{b3=1.2233781159605} - (1-.3)*lnYpercap*1.2233781159605 + .037
> 6276026887113*t  ) 
-------------------------------------------------------------------
(obs = 82)

Iteration 0:  residual SS =  305204.5
Iteration 1:  residual SS =  295789.1
Iteration 2:  residual SS =  4.141882
Iteration 3:  residual SS =   4.00511
Iteration 4:  residual SS =  3.999134
Iteration 5:  residual SS =  3.990111
Iteration 6:  residual SS =  3.982024
Iteration 7:  residual SS =  3.975575
Iteration 8:  residual SS =  3.975575
Iteration 9:  residual SS =  3.975575
Iteration 10:  residual SS =  3.975575
Iteration 11:  residual SS =  3.975575
Iteration 12:  residual SS =  3.975575
Iteration 13:  residual SS =  3.975575
Iteration 14:  residual SS =  3.975575

      Source |       SS       df       MS            Number of obs =        82
-------------+------------------------------         F(  2,    79) =   1194.20
       Model |  120.193098     2  60.0965492         Prob > F      =    0.0000
    Residual |  3.97557503    79  .050323735         R-squared     =    0.9680
-------------+------------------------------         Adj R-squared =    0.9672
       Total |  124.168673    81  1.53294658         Root MSE      =  .2243295
                                                     Res. dev.     = -15.47117

------------------------------------------------------------------------------
      lnYtou |      Coef.   Std. Err.      t    P>|t|     [95% Conf. Interval]
-------------+----------------------------------------------------------------
          b1 |  -60.99123   .9342578   -65.28   0.000    -62.85082   -59.13164
          b2 |   1905.239   21.68938    87.84   0.000     1862.067     1948.41
          b3 |   1.122414   .6567686     1.71   0.091    -.1848515    2.429679
------------------------------------------------------------------------------
* Parameter b1 taken as constant term in model & ANOVA table
 (SEs, P values, CIs, and correlations are asymptotic approximations)
