=============================================================================================================
Estimation for Electricity and AZE, specification 1
=============================================================================================================
   
US parameters:
-------------------------------------------------------------------
elascoef1 = 1.2233781159605
elascoef2 = 1.2233781159605
trend     = .0376276026887113
-------------------------------------------------------------------
   
Model specification estimated:
( lnYtou = lnY + {b1} + (1.3-1)*ln(t-{b2=1987})*1.2233781159605 - (1-.3)*lnYpercap*1.2233781159605 + .03762760
> 26887113*t  ) 
-------------------------------------------------------------------
(obs = 10)

Iteration 0:  residual SS =  37668.73
Iteration 1:  residual SS =  74.42499
Iteration 2:  residual SS =  72.21761
Iteration 3:  residual SS =  71.98282
Iteration 4:  residual SS =  71.87615
Iteration 5:  residual SS =  71.77578
Iteration 6:  residual SS =  71.72671
Iteration 7:  residual SS =  71.66757
Iteration 8:  residual SS =  71.62364
Iteration 9:  residual SS =  71.59942
Iteration 10:  residual SS =  71.56635
Iteration 11:  residual SS =  71.53792
Iteration 12:  residual SS =  71.51501
Iteration 13:  residual SS =  71.49877
Iteration 14:  residual SS =  71.49069
Iteration 15:  residual SS =  71.47425
Iteration 16:  residual SS =  71.45944
Iteration 17:  residual SS =  71.44649
Iteration 18:  residual SS =  71.43565
Iteration 19:  residual SS =  71.42724
Iteration 20:  residual SS =  71.42167
Iteration 21:  residual SS =  71.41934
Iteration 22:  residual SS =  71.41119
Iteration 23:  residual SS =  71.40361
Iteration 24:  residual SS =  71.39667
Iteration 25:  residual SS =  71.39042
Iteration 26:  residual SS =  71.38493
Iteration 27:  residual SS =   71.3803
Iteration 28:  residual SS =   71.3766
Iteration 29:  residual SS =  71.37394
Iteration 30:  residual SS =  71.37245
Iteration 31:  residual SS =  71.37227
Iteration 32:  residual SS =   71.3683
Iteration 33:  residual SS =  71.36455
Iteration 34:  residual SS =  71.36102
Iteration 35:  residual SS =  71.35773
Iteration 36:  residual SS =  71.35469
Iteration 37:  residual SS =  71.35194
Iteration 38:  residual SS =  71.34948
Iteration 39:  residual SS =  71.34734
Iteration 40:  residual SS =  71.34554
Iteration 41:  residual SS =  71.34412
Iteration 42:  residual SS =   71.3431
Iteration 43:  residual SS =  71.34251
Iteration 44:  residual SS =  71.34239
Iteration 45:  residual SS =  71.34034
Iteration 46:  residual SS =  71.33836
Iteration 47:  residual SS =  71.33645
Iteration 48:  residual SS =  71.33462
Iteration 49:  residual SS =  71.33287

      Source |       SS       df       MS            Number of obs =        10
-------------+------------------------------         F(  1,     8) =     -8.00
       Model | -71.3041569     1 -71.3041569         Prob > F      =    1.0000
    Residual |   71.331204     8  8.91640049         R-squared     = -2.64e+03
-------------+------------------------------         Adj R-squared = -2.97e+03
       Total |  .027047047     9  .003005227         Root MSE      =  2.986034
                                                     Res. dev.     =  48.02626

------------------------------------------------------------------------------
      lnYtou |      Coef.   Std. Err.      t    P>|t|     [95% Conf. Interval]
-------------+----------------------------------------------------------------
          b1 |  -66.34622   17.75612    -3.74   0.006    -107.2919   -25.40053
          b2 |  -2816.306   229026.9    -0.01   0.990    -530953.3    525320.7
------------------------------------------------------------------------------
* Parameter b1 taken as constant term in model & ANOVA table
 (SEs, P values, CIs, and correlations are asymptotic approximations)
convergence not achieved
