=============================================================================================================
Estimation for Electricity and AZE, specification 2
=============================================================================================================
   
US parameters:
-------------------------------------------------------------------
elascoef1 = 1.2233781159605
elascoef2 = 1.2233781159605
trend     = .0376276026887113
-------------------------------------------------------------------
   
Model specification estimated:
( lnYtou = lnY + {b1} + (1.3-1)*ln(t-{b2=1987})*{b3=1.2233781159605} - (1-.3)*lnYpercap*1.2233781159605 + .037
> 6276026887113*t  ) 
-------------------------------------------------------------------
(obs = 10)

Iteration 0:  residual SS =  37668.73
Iteration 1:  residual SS =  37130.31
Iteration 2:  residual SS =   .789905
Iteration 3:  residual SS =  .0551099
Iteration 4:  residual SS =  .0135836
Iteration 5:  residual SS =  .0041878
Iteration 6:  residual SS =  .0027649
Iteration 7:  residual SS =  .0026912
Iteration 8:  residual SS =  .0026909
Iteration 9:  residual SS =  .0026909
Iteration 10:  residual SS =  .0026909
Iteration 11:  residual SS =  .0026909

      Source |       SS       df       MS            Number of obs =        10
-------------+------------------------------         F(  2,     7) =     31.68
       Model |  .024356127     2  .012178064         Prob > F      =    0.0003
    Residual |  .002690919     7  .000384417         R-squared     =    0.9005
-------------+------------------------------         Adj R-squared =    0.8721
       Total |  .027047047     9  .003005227         Root MSE      =  .0196066
                                                     Res. dev.     =  -53.8258

------------------------------------------------------------------------------
      lnYtou |      Coef.   Std. Err.      t    P>|t|     [95% Conf. Interval]
-------------+----------------------------------------------------------------
          b1 |  -60.03225   .1937713  -309.81   0.000    -60.49044   -59.57405
          b2 |   1989.138   1.356722  1466.14   0.000      1985.93    1992.347
          b3 |  -.9338183   .2305661    -4.05   0.005     -1.47902   -.3886162
------------------------------------------------------------------------------
* Parameter b1 taken as constant term in model & ANOVA table
 (SEs, P values, CIs, and correlations are asymptotic approximations)
