=============================================================================================================
Estimation for Electricity and BEL, specification 1
=============================================================================================================
   
US parameters:
-------------------------------------------------------------------
elascoef1 = 1.2233781159605
elascoef2 = 1.2233781159605
trend     = .0376276026887113
-------------------------------------------------------------------
   
Model specification estimated:
( lnYtou = lnY + {b1} + (1.3-1)*ln(t-{b2=1987})*1.2233781159605 - (1-.3)*lnYpercap*1.2233781159605 + .03762760
> 26887113*t  ) 
-------------------------------------------------------------------
(obs = 10)

Iteration 0:  residual SS =  37687.24
Iteration 1:  residual SS =  9270.529
Iteration 2:  residual SS =  1.924232
Iteration 3:  residual SS =  1.504717
Iteration 4:  residual SS =   1.37002
Iteration 5:  residual SS =  1.304546
Iteration 6:  residual SS =  1.288896
Iteration 7:  residual SS =  1.277912
Iteration 8:  residual SS =  1.266351
Iteration 9:  residual SS =    1.2629
Iteration 10:  residual SS =  1.256568
Iteration 11:  residual SS =   1.25291
Iteration 12:  residual SS =   1.25284
Iteration 13:  residual SS =  1.249759
Iteration 14:  residual SS =  1.247639
Iteration 15:  residual SS =  1.246711
Iteration 16:  residual SS =   1.24465
Iteration 17:  residual SS =  1.242844
Iteration 18:  residual SS =  1.241332
Iteration 19:  residual SS =  1.240161
Iteration 20:  residual SS =  1.239389
Iteration 21:  residual SS =  1.239089
Iteration 22:  residual SS =  1.238049
Iteration 23:  residual SS =  1.237097
Iteration 24:  residual SS =  1.236242
Iteration 25:  residual SS =  1.235495
Iteration 26:  residual SS =   1.23487
Iteration 27:  residual SS =  1.234379
Iteration 28:  residual SS =  1.234041
Iteration 29:  residual SS =  1.233876
Iteration 30:  residual SS =  1.233329
Iteration 31:  residual SS =   1.23281
Iteration 32:  residual SS =  1.232323
Iteration 33:  residual SS =  1.231869
Iteration 34:  residual SS =  1.231451
Iteration 35:  residual SS =  1.231072
Iteration 36:  residual SS =  1.230735
Iteration 37:  residual SS =  1.230443
Iteration 38:  residual SS =    1.2302
Iteration 39:  residual SS =  1.230012
Iteration 40:  residual SS =  1.229882
Iteration 41:  residual SS =  1.229817
Iteration 42:  residual SS =  1.229541
Iteration 43:  residual SS =  1.229275
Iteration 44:  residual SS =  1.229019
Iteration 45:  residual SS =  1.228775
Iteration 46:  residual SS =  1.228542
Iteration 47:  residual SS =  1.228321
Iteration 48:  residual SS =  1.228113
Iteration 49:  residual SS =  1.227919

      Source |       SS       df       MS            Number of obs =        10
-------------+------------------------------         F(  1,     8) =     -6.53
       Model | -1.00191448     1 -1.00191448         Prob > F      =    1.0000
    Residual |  1.22773975     8  .153467469         R-squared     =   -4.4367
-------------+------------------------------         Adj R-squared =   -5.1163
       Total |  .225825272     9  .025091697         Root MSE      =  .3917492
                                                     Res. dev.     =  7.404669

------------------------------------------------------------------------------
      lnYtou |      Coef.   Std. Err.      t    P>|t|     [95% Conf. Interval]
-------------+----------------------------------------------------------------
          b1 |  -63.02485   4.246786   -14.84   0.000    -72.81796   -53.23175
          b2 |   1602.938   4462.831     0.36   0.729    -8688.368    11894.24
------------------------------------------------------------------------------
* Parameter b1 taken as constant term in model & ANOVA table
 (SEs, P values, CIs, and correlations are asymptotic approximations)
convergence not achieved
