=============================================================================================================
Estimation for Electricity and BLG, specification 1
=============================================================================================================
   
US parameters:
-------------------------------------------------------------------
elascoef1 = 1.2233781159605
elascoef2 = 1.2233781159605
trend     = .0376276026887113
-------------------------------------------------------------------
   
Model specification estimated:
( lnYtou = lnY + {b1} + (1.3-1)*ln(t-{b2=1915})*1.2233781159605 - (1-.3)*lnYpercap*1.2233781159605 + .03762760
> 26887113*t  ) 
-------------------------------------------------------------------
(obs = 82)

Iteration 0:  residual SS =  306037.4
Iteration 1:  residual SS =  173064.5
Iteration 2:  residual SS =  3.132062
Iteration 3:  residual SS =  2.558657
Iteration 4:  residual SS =  2.392776
Iteration 5:  residual SS =  2.369872
Iteration 6:  residual SS =  2.368588
Iteration 7:  residual SS =   2.36855

      Source |       SS       df       MS            Number of obs =        82
-------------+------------------------------         F(  1,    80) =   4199.93
       Model |  124.346715     1  124.346715         Prob > F      =    0.0000
    Residual |  2.36854897    80  .029606862         R-squared     =    0.9813
-------------+------------------------------         Adj R-squared =    0.9811
       Total |  126.715264    81  1.56438597         Root MSE      =  .1720664
                                                     Res. dev.     =  -57.9383

------------------------------------------------------------------------------
      lnYtou |      Coef.   Std. Err.      t    P>|t|     [95% Conf. Interval]
-------------+----------------------------------------------------------------
          b1 |  -61.17975    .036114 -1694.07   0.000    -61.25162   -61.10788
          b2 |   1906.722   3.422574   557.10   0.000     1899.911    1913.533
------------------------------------------------------------------------------
* Parameter b1 taken as constant term in model & ANOVA table
 (SEs, P values, CIs, and correlations are asymptotic approximations)
