=============================================================================================================
Estimation for Electricity and BOS, specification 1
=============================================================================================================
   
US parameters:
-------------------------------------------------------------------
elascoef1 = 1.2233781159605
elascoef2 = 1.2233781159605
trend     = .0376276026887113
-------------------------------------------------------------------
   
Model specification estimated:
( lnYtou = lnY + {b1} + (1.3-1)*ln(t-{b2=1987})*1.2233781159605 - (1-.3)*lnYpercap*1.2233781159605 + .03762760
> 26887113*t  ) 
-------------------------------------------------------------------
(obs = 10)

Iteration 0:  residual SS =  38074.09
Iteration 1:  residual SS =  4.247154
Iteration 2:  residual SS =  3.802947
Iteration 3:  residual SS =  2.614863
Iteration 4:  residual SS =  .5627938
Iteration 5:  residual SS =  .4339449
Iteration 6:  residual SS =   .424547
Iteration 7:  residual SS =   .424485
Iteration 8:  residual SS =  .4244798

      Source |       SS       df       MS            Number of obs =        10
-------------+------------------------------         F(  1,     8) =     23.22
       Model |  1.23190044     1  1.23190044         Prob > F      =    0.0013
    Residual |  .424479333     8  .053059917         R-squared     =    0.7437
-------------+------------------------------         Adj R-squared =    0.7117
       Total |  1.65637977     9  .184042197         Root MSE      =  .2303474
                                                     Res. dev.     =    -3.216

------------------------------------------------------------------------------
      lnYtou |      Coef.   Std. Err.      t    P>|t|     [95% Conf. Interval]
-------------+----------------------------------------------------------------
          b1 |  -61.62997   .1831836  -336.44   0.000    -62.05239   -61.20755
          b2 |    1988.54   3.116231   638.12   0.000     1981.354    1995.726
------------------------------------------------------------------------------
* Parameter b1 taken as constant term in model & ANOVA table
 (SEs, P values, CIs, and correlations are asymptotic approximations)
