=============================================================================================================
Estimation for Electricity and BUL, specification 2
=============================================================================================================
   
US parameters:
-------------------------------------------------------------------
elascoef1 = 1.2233781159605
elascoef2 = 1.2233781159605
trend     = .0376276026887113
-------------------------------------------------------------------
   
Model specification estimated:
( lnYtou = lnY + {b1} + (1.3-1)*ln(t-{b2=1919})*{b3=1.2233781159605} - (1-.3)*lnYpercap*1.2233781159605 + .037
> 6276026887113*t  ) 
-------------------------------------------------------------------
(obs = 74)

Iteration 0:  residual SS =  286828.8
Iteration 1:  residual SS =    277937
Iteration 2:  residual SS =   62.5001
Iteration 3:  residual SS =  18.15607
Iteration 4:  residual SS =  10.54204
Iteration 5:  residual SS =  10.48569
Iteration 6:  residual SS =   10.4848
Iteration 7:  residual SS =  10.48472
Iteration 8:  residual SS =  10.48471
Iteration 9:  residual SS =  10.48471
Iteration 10:  residual SS =  10.48471
Iteration 11:  residual SS =  10.48471
Iteration 12:  residual SS =  10.48471

      Source |       SS       df       MS            Number of obs =        74
-------------+------------------------------         F(  2,    71) =   1444.20
       Model |  426.534661     2  213.267331         Prob > F      =    0.0000
    Residual |  10.4847057    71  .147671911         R-squared     =    0.9760
-------------+------------------------------         Adj R-squared =    0.9753
       Total |  437.019367    73  5.98656667         Root MSE      =   .384281
                                                     Res. dev.     =  65.39599

------------------------------------------------------------------------------
      lnYtou |      Coef.   Std. Err.      t    P>|t|     [95% Conf. Interval]
-------------+----------------------------------------------------------------
          b1 |  -70.08612    1.41669   -49.47   0.000    -72.91092   -67.26133
          b2 |   1912.381   3.996945   478.46   0.000     1904.412    1920.351
          b3 |   8.034713   1.024172     7.85   0.000     5.992572    10.07685
------------------------------------------------------------------------------
* Parameter b1 taken as constant term in model & ANOVA table
 (SEs, P values, CIs, and correlations are asymptotic approximations)
