=============================================================================================================
Estimation for Electricity and BUL, specification 1
=============================================================================================================
   
US parameters:
-------------------------------------------------------------------
elascoef1 = 1.2233781159605
elascoef2 = 1.2233781159605
trend     = .0376276026887113
-------------------------------------------------------------------
   
Model specification estimated:
( lnYtou = lnY + {b1} + (1.3-1)*ln(t-{b2=1919})*1.2233781159605 - (1-.3)*lnYpercap*1.2233781159605 + .03762760
> 26887113*t  ) 
-------------------------------------------------------------------
(obs = 74)

Iteration 0:  residual SS =  286828.8
Iteration 1:  residual SS =    269187
Iteration 2:  residual SS =  236510.8
Iteration 3:  residual SS =  207869.1
Iteration 4:  residual SS =  159144.6
Iteration 5:  residual SS =  89536.92
Iteration 6:  residual SS =  22439.48
Iteration 7:  residual SS =  78.10535

      Source |       SS       df       MS            Number of obs =        74
-------------+------------------------------         F(  1,    72) =    330.86
       Model |   358.91406     1   358.91406         Prob > F      =    0.0000
    Residual |  78.1053072    72  1.08479593         R-squared     =    0.8213
-------------+------------------------------         Adj R-squared =    0.8188
       Total |  437.019367    73  5.98656667         Root MSE      =  1.041535
                                                     Res. dev.     =  213.9984

------------------------------------------------------------------------------
      lnYtou |      Coef.   Std. Err.      t    P>|t|     [95% Conf. Interval]
-------------+----------------------------------------------------------------
          b1 |  -62.13073   .1219274  -509.57   0.000    -62.37379   -61.88768
          b2 |   1923.996   .0089189        .   0.000     1923.979    1924.014
------------------------------------------------------------------------------
* Parameter b1 taken as constant term in model & ANOVA table
 (SEs, P values, CIs, and correlations are asymptotic approximations)
