=============================================================================================================
Estimation for Electricity and BUR, specification 1
=============================================================================================================
   
US parameters:
-------------------------------------------------------------------
elascoef1 = 1.2233781159605
elascoef2 = 1.2233781159605
trend     = .0376276026887113
-------------------------------------------------------------------
   
Model specification estimated:
( lnYtou = lnY + {b1} + (1.3-1)*ln(t-{b2=1960})*1.2233781159605 - (1-.3)*lnYpercap*1.2233781159605 + .03762760
> 26887113*t  ) 
-------------------------------------------------------------------
(obs = 28)

Iteration 0:  residual SS =  130455.4
Iteration 1:  residual SS =  114750.9
Iteration 2:  residual SS =  87843.34
Iteration 3:  residual SS =  21893.37
Iteration 4:  residual SS =  57.51473
Iteration 5:  residual SS =  55.53119
Iteration 6:  residual SS =  54.61562
Iteration 7:  residual SS =  54.47229
Iteration 8:  residual SS =  54.46663
Iteration 9:  residual SS =  54.46632
Iteration 10:  residual SS =  54.46607

      Source |       SS       df       MS            Number of obs =        28
-------------+------------------------------         F(  1,    26) =     28.71
       Model |  60.1421661     1  60.1421661         Prob > F      =    0.0000
    Residual |  54.4660642    26  2.09484862         R-squared     =    0.5248
-------------+------------------------------         Adj R-squared =    0.5065
       Total |   114.60823    27  4.24474927         Root MSE      =  1.447359
                                                     Res. dev.     =  98.09101

------------------------------------------------------------------------------
      lnYtou |      Coef.   Std. Err.      t    P>|t|     [95% Conf. Interval]
-------------+----------------------------------------------------------------
          b1 |  -68.05968   .2939631  -231.52   0.000    -68.66393   -67.45543
          b2 |   1964.705   1.190229  1650.70   0.000     1962.258    1967.151
------------------------------------------------------------------------------
* Parameter b1 taken as constant term in model & ANOVA table
 (SEs, P values, CIs, and correlations are asymptotic approximations)
