=============================================================================================================
Estimation for Electricity and CAM, specification 2
=============================================================================================================
   
US parameters:
-------------------------------------------------------------------
elascoef1 = 1.2233781159605
elascoef2 = 1.2233781159605
trend     = .0376276026887113
-------------------------------------------------------------------
   
Model specification estimated:
( lnYtou = lnY + {b1} + (1.3-1)*ln(t-{b2=1945})*{b3=1.2233781159605} - (1-.3)*lnYpercap*1.2233781159605 + .037
> 6276026887113*t  ) 
-------------------------------------------------------------------
(obs = 52)

Iteration 0:  residual SS =  212652.2
Iteration 1:  residual SS =  205993.2
Iteration 2:  residual SS =  32.58752
Iteration 3:  residual SS =  32.48948
Iteration 4:  residual SS =  32.48758
Iteration 5:  residual SS =  32.48757
Iteration 6:  residual SS =  32.48756
Iteration 7:  residual SS =  32.48756

      Source |       SS       df       MS            Number of obs =        52
-------------+------------------------------         F(  2,    49) =     82.92
       Model |  109.952855     2  54.9764274         Prob > F      =    0.0000
    Residual |   32.487559    49  .663011408         R-squared     =    0.7719
-------------+------------------------------         Adj R-squared =    0.7626
       Total |  142.440414    51  2.79294929         Root MSE      =  .8142551
                                                     Res. dev.     =  123.1095

------------------------------------------------------------------------------
      lnYtou |      Coef.   Std. Err.      t    P>|t|     [95% Conf. Interval]
-------------+----------------------------------------------------------------
          b1 |  -64.62962   .4369801  -147.90   0.000    -65.50776   -63.75147
          b2 |   1949.928   .1292859        .   0.000     1949.668    1950.188
          b3 |   2.173555   .4624287     4.70   0.000     1.244269     3.10284
------------------------------------------------------------------------------
* Parameter b1 taken as constant term in model & ANOVA table
 (SEs, P values, CIs, and correlations are asymptotic approximations)
