=============================================================================================================
Estimation for Electricity and CAN, specification 2
=============================================================================================================
   
US parameters:
-------------------------------------------------------------------
elascoef1 = 1.2233781159605
elascoef2 = 1.2233781159605
trend     = .0376276026887113
-------------------------------------------------------------------
   
Model specification estimated:
( lnYtou = lnY + {b1} + (1.3-1)*ln(t-{b2=1914})*{b3=1.2233781159605} - (1-.3)*lnYpercap*1.2233781159605 + .037
> 6276026887113*t  ) 
-------------------------------------------------------------------
(obs = 83)

Iteration 0:  residual SS =  297315.9
Iteration 1:  residual SS =  288116.6
Iteration 2:  residual SS =  220599.7
Iteration 3:  residual SS =  124086.3
Iteration 4:  residual SS =  31023.66
Iteration 5:  residual SS =  7757.629
Iteration 6:  residual SS =  1941.248
Iteration 7:  residual SS =  2.478019
Iteration 8:  residual SS =  2.478001
Iteration 9:  residual SS =  2.477994
Iteration 10:  residual SS =  2.477993
Iteration 11:  residual SS =  2.477993

      Source |       SS       df       MS            Number of obs =        83
-------------+------------------------------         F(  2,    80) =   2539.71
       Model |  157.334358     2  78.6671788         Prob > F      =    0.0000
    Residual |  2.47799288    80  .030974911         R-squared     =    0.9845
-------------+------------------------------         Adj R-squared =    0.9841
       Total |  159.812351    82   1.9489311         Root MSE      =  .1759969
                                                     Res. dev.     = -55.90171

------------------------------------------------------------------------------
      lnYtou |      Coef.   Std. Err.      t    P>|t|     [95% Conf. Interval]
-------------+----------------------------------------------------------------
          b1 |  -58.67022   .0759724  -772.26   0.000    -58.82141   -58.51903
          b2 |   1918.999   .0049302        .   0.000     1918.989    1919.009
          b3 |   .1538027   .0710539     2.16   0.033      .012401    .2952045
------------------------------------------------------------------------------
* Parameter b1 taken as constant term in model & ANOVA table
 (SEs, P values, CIs, and correlations are asymptotic approximations)
