=============================================================================================================
Estimation for Electricity and CAR, specification 1
=============================================================================================================
   
US parameters:
-------------------------------------------------------------------
elascoef1 = 1.2233781159605
elascoef2 = 1.2233781159605
trend     = .0376276026887113
-------------------------------------------------------------------
   
Model specification estimated:
( lnYtou = lnY + {b1} + (1.3-1)*ln(t-{b2=1949})*1.2233781159605 - (1-.3)*lnYpercap*1.2233781159605 + .03762760
> 26887113*t  ) 
-------------------------------------------------------------------
(obs = 40)

Iteration 0:  residual SS =  172260.3
Iteration 1:  residual SS =  151317.3
Iteration 2:  residual SS =  37799.67
Iteration 3:  residual SS =  2.797901

      Source |       SS       df       MS            Number of obs =        40
-------------+------------------------------         F(  1,    38) =    535.06
       Model |  39.3956822     1  39.3956822         Prob > F      =    0.0000
    Residual |  2.79788487    38  .073628549         R-squared     =    0.9337
-------------+------------------------------         Adj R-squared =    0.9319
       Total |   42.193567    39  1.08188633         Root MSE      =  .2713458
                                                     Res. dev.     =  7.114454

------------------------------------------------------------------------------
      lnYtou |      Coef.   Std. Err.      t    P>|t|     [95% Conf. Interval]
-------------+----------------------------------------------------------------
          b1 |  -65.48057   .0453125 -1445.09   0.000     -65.5723   -65.38884
          b2 |   1953.706   .2182748  8950.67   0.000     1953.264    1954.148
------------------------------------------------------------------------------
* Parameter b1 taken as constant term in model & ANOVA table
 (SEs, P values, CIs, and correlations are asymptotic approximations)
