=============================================================================================================
Estimation for Electricity and CHD, specification 2
=============================================================================================================
   
US parameters:
-------------------------------------------------------------------
elascoef1 = 1.2233781159605
elascoef2 = 1.2233781159605
trend     = .0376276026887113
-------------------------------------------------------------------
   
Model specification estimated:
( lnYtou = lnY + {b1} + (1.3-1)*ln(t-{b2=1948})*{b3=1.2233781159605} - (1-.3)*lnYpercap*1.2233781159605 + .037
> 6276026887113*t  ) 
-------------------------------------------------------------------
(obs = 41)

Iteration 0:  residual SS =  181552.9
Iteration 1:  residual SS =  178748.6
Iteration 2:  residual SS =  157075.4
Iteration 3:  residual SS =  88320.19
Iteration 4:  residual SS =  6.798171
Iteration 5:  residual SS =  6.782552
Iteration 6:  residual SS =  6.782405
Iteration 7:  residual SS =  6.782403
Iteration 8:  residual SS =  6.782399
Iteration 9:  residual SS =  6.782399

      Source |       SS       df       MS            Number of obs =        41
-------------+------------------------------         F(  2,    38) =    149.59
       Model |  53.3987104     2  26.6993552         Prob > F      =    0.0000
    Residual |  6.78239858    38  .178484173         R-squared     =    0.8873
-------------+------------------------------         Adj R-squared =    0.8814
       Total |   60.181109    40  1.50452773         Root MSE      =  .4224739
                                                     Res. dev.     =  42.58407

------------------------------------------------------------------------------
      lnYtou |      Coef.   Std. Err.      t    P>|t|     [95% Conf. Interval]
-------------+----------------------------------------------------------------
          b1 |  -66.87091   .2868907  -233.09   0.000    -67.45169   -66.29013
          b2 |   1952.768    .276645  7058.75   0.000     1952.208    1953.328
          b3 |     1.8128   .3181322     5.70   0.000     1.168775    2.456825
------------------------------------------------------------------------------
* Parameter b1 taken as constant term in model & ANOVA table
 (SEs, P values, CIs, and correlations are asymptotic approximations)
