=============================================================================================================
Estimation for Electricity and CHL, specification 2
=============================================================================================================
   
US parameters:
-------------------------------------------------------------------
elascoef1 = 1.2233781159605
elascoef2 = 1.2233781159605
trend     = .0376276026887113
-------------------------------------------------------------------
   
Model specification estimated:
( lnYtou = lnY + {b1} + (1.3-1)*ln(t-{b2=1918})*{b3=1.2233781159605} - (1-.3)*lnYpercap*1.2233781159605 + .037
> 6276026887113*t  ) 
-------------------------------------------------------------------
(obs = 79)

Iteration 0:  residual SS =  304187.9
Iteration 1:  residual SS =  294767.2
Iteration 2:  residual SS =  225697.5
Iteration 3:  residual SS =  172798.8
Iteration 4:  residual SS =  132295.4
Iteration 5:  residual SS =  101282.7
Iteration 6:  cannot calculate derivatives
equation/system not identified
