=============================================================================================================
Estimation for Electricity and CHN, specification 1
=============================================================================================================
   
US parameters:
-------------------------------------------------------------------
elascoef1 = 1.2233781159605
elascoef2 = 1.2233781159605
trend     = .0376276026887113
-------------------------------------------------------------------
   
Model specification estimated:
( lnYtou = lnY + {b1} + (1.3-1)*ln(t-{b2=1908})*1.2233781159605 - (1-.3)*lnYpercap*1.2233781159605 + .03762760
> 26887113*t  ) 
-------------------------------------------------------------------
(obs = 58)

Iteration 0:  residual SS =  238506.1
Iteration 1:  residual SS =  223872.6
Iteration 2:  residual SS =  196744.5
Iteration 3:  residual SS =  172916.4
Iteration 4:  residual SS =  132357.4
Iteration 5:  residual SS =  101337.4
Iteration 6:  residual SS =  56987.96
Iteration 7:  residual SS =   14276.6
Iteration 8:  cannot calculate derivatives
equation/system not identified
