=============================================================================================================
Estimation for Electricity and CMB, specification 1
=============================================================================================================
   
US parameters:
-------------------------------------------------------------------
elascoef1 = 1.2233781159605
elascoef2 = 1.2233781159605
trend     = .0376276026887113
-------------------------------------------------------------------
   
Model specification estimated:
( lnYtou = lnY + {b1} + (1.3-1)*ln(t-{b2=1945})*1.2233781159605 - (1-.3)*lnYpercap*1.2233781159605 + .03762760
> 26887113*t  ) 
-------------------------------------------------------------------
(obs = 44)

Iteration 0:  residual SS =    191054
Iteration 1:  residual SS =  146092.5
Iteration 2:  residual SS =  12.91341
Iteration 3:  residual SS =  12.20515
Iteration 4:  residual SS =  12.08508
Iteration 5:  residual SS =  11.96545
Iteration 6:  residual SS =  11.88649
Iteration 7:  residual SS =  11.88539
Iteration 8:  residual SS =   11.8634
Iteration 9:  residual SS =  11.83621
Iteration 10:  residual SS =  11.81717
Iteration 11:  residual SS =  11.80896
Iteration 12:  residual SS =  11.79456
Iteration 13:  residual SS =  11.78293
Iteration 14:  residual SS =  11.77468
Iteration 15:  residual SS =  11.77064
Iteration 16:  residual SS =  11.76277
Iteration 17:  residual SS =  11.75578
Iteration 18:  residual SS =  11.74982
Iteration 19:  residual SS =  11.74504
Iteration 20:  residual SS =  11.74165
Iteration 21:  residual SS =  11.73991
Iteration 22:  residual SS =  11.73581
Iteration 23:  residual SS =  11.73201
Iteration 24:  residual SS =  11.72854
Iteration 25:  residual SS =  11.72544
Iteration 26:  residual SS =  11.72275
Iteration 27:  residual SS =  11.72051
Iteration 28:  residual SS =  11.71879
Iteration 29:  residual SS =  11.71765
Iteration 30:  residual SS =  11.71717
Iteration 31:  residual SS =  11.71514
Iteration 32:  residual SS =  11.71322
Iteration 33:  residual SS =  11.71142
Iteration 34:  residual SS =  11.70975
Iteration 35:  residual SS =  11.70821
Iteration 36:  residual SS =  11.70682
Iteration 37:  residual SS =  11.70558
Iteration 38:  residual SS =  11.70452
Iteration 39:  residual SS =  11.70365
Iteration 40:  residual SS =  11.70298
Iteration 41:  residual SS =  11.70253
Iteration 42:  residual SS =  11.70233
Iteration 43:  residual SS =   11.7013
Iteration 44:  residual SS =   11.7003
Iteration 45:  residual SS =  11.69934
Iteration 46:  residual SS =  11.69842
Iteration 47:  residual SS =  11.69755
Iteration 48:  residual SS =  11.69672
Iteration 49:  residual SS =  11.69595

      Source |       SS       df       MS            Number of obs =        44
-------------+------------------------------         F(  1,    42) =     26.28
       Model |  7.31783052     1  7.31783052         Prob > F      =    0.0000
    Residual |  11.6952199    42  .278457618         R-squared     =    0.3849
-------------+------------------------------         Adj R-squared =    0.3702
       Total |  19.0130505    43  .442163964         Root MSE      =  .5276908
                                                     Res. dev.     =  66.56618

------------------------------------------------------------------------------
      lnYtou |      Coef.   Std. Err.      t    P>|t|     [95% Conf. Interval]
-------------+----------------------------------------------------------------
          b1 |  -67.71162   8.484832    -7.98   0.000     -84.8347   -50.58853
          b2 |   227.9938   39531.05     0.01   0.995    -79548.89    80004.88
------------------------------------------------------------------------------
* Parameter b1 taken as constant term in model & ANOVA table
 (SEs, P values, CIs, and correlations are asymptotic approximations)
convergence not achieved
