=============================================================================================================
Estimation for Electricity and COL, specification 1
=============================================================================================================
   
US parameters:
-------------------------------------------------------------------
elascoef1 = 1.2233781159605
elascoef2 = 1.2233781159605
trend     = .0376276026887113
-------------------------------------------------------------------
   
Model specification estimated:
( lnYtou = lnY + {b1} + (1.3-1)*ln(t-{b2=1928})*1.2233781159605 - (1-.3)*lnYpercap*1.2233781159605 + .03762760
> 26887113*t  ) 
-------------------------------------------------------------------
(obs = 61)

Iteration 0:  residual SS =  241384.1
Iteration 1:  residual SS =  184826.2
Iteration 2:  residual SS =  103952.1
Iteration 3:  residual SS =  25986.42
Iteration 4:  residual SS =  2.888815
Iteration 5:  residual SS =  2.888686
Iteration 6:  residual SS =  2.888649

      Source |       SS       df       MS            Number of obs =        61
-------------+------------------------------         F(  1,    59) =   3426.72
       Model |  167.771838     1  167.771838         Prob > F      =    0.0000
    Residual |  2.88863705    59   .04895995         R-squared     =    0.9831
-------------+------------------------------         Adj R-squared =    0.9828
       Total |  170.660475    60  2.84434124         Root MSE      =   .221269
                                                     Res. dev.     = -12.94493

------------------------------------------------------------------------------
      lnYtou |      Coef.   Std. Err.      t    P>|t|     [95% Conf. Interval]
-------------+----------------------------------------------------------------
          b1 |  -62.80168   .0296315 -2119.42   0.000    -62.86097   -62.74239
          b2 |   1932.668   .2000839  9659.28   0.000     1932.267    1933.068
------------------------------------------------------------------------------
* Parameter b1 taken as constant term in model & ANOVA table
 (SEs, P values, CIs, and correlations are asymptotic approximations)
