=============================================================================================================
Estimation for Electricity and COL, specification 2
=============================================================================================================
   
US parameters:
-------------------------------------------------------------------
elascoef1 = 1.2233781159605
elascoef2 = 1.2233781159605
trend     = .0376276026887113
-------------------------------------------------------------------
   
Model specification estimated:
( lnYtou = lnY + {b1} + (1.3-1)*ln(t-{b2=1928})*{b3=1.2233781159605} - (1-.3)*lnYpercap*1.2233781159605 + .037
> 6276026887113*t  ) 
-------------------------------------------------------------------
(obs = 61)

Iteration 0:  residual SS =  241384.1
Iteration 1:  residual SS =  233921.9
Iteration 2:  residual SS =   1.38448
Iteration 3:  residual SS =  .6320404
Iteration 4:  residual SS =  .6320394
Iteration 5:  residual SS =  .6320394

      Source |       SS       df       MS            Number of obs =        61
-------------+------------------------------         F(  2,    58) =   7801.45
       Model |  170.028435     2  85.0142176         Prob > F      =    0.0000
    Residual |  .632039389    58  .010897231         R-squared     =    0.9963
-------------+------------------------------         Adj R-squared =    0.9962
       Total |  170.660475    60  2.84434124         Root MSE      =  .1043898
                                                     Res. dev.     = -105.6398

------------------------------------------------------------------------------
      lnYtou |      Coef.   Std. Err.      t    P>|t|     [95% Conf. Interval]
-------------+----------------------------------------------------------------
          b1 |  -64.70981   .3211655  -201.48   0.000    -65.35269   -64.06693
          b2 |   1925.761     1.8418  1045.59   0.000     1922.074    1929.448
          b3 |   2.924756   .2517019    11.62   0.000      2.42092    3.428592
------------------------------------------------------------------------------
* Parameter b1 taken as constant term in model & ANOVA table
 (SEs, P values, CIs, and correlations are asymptotic approximations)
