=============================================================================================================
Estimation for Electricity and COS, specification 2
=============================================================================================================
   
US parameters:
-------------------------------------------------------------------
elascoef1 = 1.2233781159605
elascoef2 = 1.2233781159605
trend     = .0376276026887113
-------------------------------------------------------------------
   
Model specification estimated:
( lnYtou = lnY + {b1} + (1.3-1)*ln(t-{b2=1945})*{b3=1.2233781159605} - (1-.3)*lnYpercap*1.2233781159605 + .037
> 6276026887113*t  ) 
-------------------------------------------------------------------
(obs = 52)

Iteration 0:  residual SS =  201689.4
Iteration 1:  residual SS =  195446.3
Iteration 2:  residual SS =   .401101
Iteration 3:  residual SS =  .3915471
Iteration 4:  residual SS =   .391018
Iteration 5:  residual SS =  .3908202
Iteration 6:  residual SS =  .3908046
Iteration 7:  residual SS =  .3907553
Iteration 8:  residual SS =  .3907481
Iteration 9:  residual SS =  .3907477
Iteration 10:  residual SS =  .3907477
Iteration 11:  residual SS =  .3907477
Iteration 12:  residual SS =  .3907477

      Source |       SS       df       MS            Number of obs =        52
-------------+------------------------------         F(  2,    49) =   3841.64
       Model |  61.2698753     2  30.6349377         Prob > F      =    0.0000
    Residual |  .390747677    49  .007974442         R-squared     =    0.9937
-------------+------------------------------         Adj R-squared =    0.9934
       Total |   61.660623    51  1.20903182         Root MSE      =  .0892997
                                                     Res. dev.     = -106.7591

------------------------------------------------------------------------------
      lnYtou |      Coef.   Std. Err.      t    P>|t|     [95% Conf. Interval]
-------------+----------------------------------------------------------------
          b1 |  -61.26061   .0782333  -783.05   0.000    -61.41783    -61.1034
          b2 |   1949.229   1.844211  1056.94   0.000     1945.523    1952.935
          b3 |   .1967097    .076535     2.57   0.013     .0429069    .3505125
------------------------------------------------------------------------------
* Parameter b1 taken as constant term in model & ANOVA table
 (SEs, P values, CIs, and correlations are asymptotic approximations)
