=============================================================================================================
Estimation for Electricity and DOM, specification 1
=============================================================================================================
   
US parameters:
-------------------------------------------------------------------
elascoef1 = 1.2233781159605
elascoef2 = 1.2233781159605
trend     = .0376276026887113
-------------------------------------------------------------------
   
Model specification estimated:
( lnYtou = lnY + {b1} + (1.3-1)*ln(t-{b2=1945})*1.2233781159605 - (1-.3)*lnYpercap*1.2233781159605 + .03762760
> 26887113*t  ) 
-------------------------------------------------------------------
(obs = 44)

Iteration 0:  residual SS =  174535.5
Iteration 1:  residual SS =  153502.1
Iteration 2:  residual SS =   86328.9
Iteration 3:  residual SS =  21575.41
Iteration 4:  residual SS =   1.83986
Iteration 5:  residual SS =  1.839821

      Source |       SS       df       MS            Number of obs =        44
-------------+------------------------------         F(  1,    42) =   1674.95
       Model |   73.371289     1   73.371289         Prob > F      =    0.0000
    Residual |  1.83981594    42  .043805141         R-squared     =    0.9755
-------------+------------------------------         Adj R-squared =    0.9750
       Total |  75.2111049    43  1.74909546         Root MSE      =  .2092968
                                                     Res. dev.     = -14.81247

------------------------------------------------------------------------------
      lnYtou |      Coef.   Std. Err.      t    P>|t|     [95% Conf. Interval]
-------------+----------------------------------------------------------------
          b1 |  -62.85818   .0341554 -1840.36   0.000    -62.92711   -62.78925
          b2 |   1949.519   .2671232  7298.20   0.000      1948.98    1950.059
------------------------------------------------------------------------------
* Parameter b1 taken as constant term in model & ANOVA table
 (SEs, P values, CIs, and correlations are asymptotic approximations)
