=============================================================================================================
Estimation for Electricity and ECU, specification 1
=============================================================================================================
   
US parameters:
-------------------------------------------------------------------
elascoef1 = 1.2233781159605
elascoef2 = 1.2233781159605
trend     = .0376276026887113
-------------------------------------------------------------------
   
Model specification estimated:
( lnYtou = lnY + {b1} + (1.3-1)*ln(t-{b2=1943})*1.2233781159605 - (1-.3)*lnYpercap*1.2233781159605 + .03762760
> 26887113*t  ) 
-------------------------------------------------------------------
(obs = 54)

Iteration 0:  residual SS =    216779
Iteration 1:  residual SS =  165899.4
Iteration 2:  residual SS =  1.743521
Iteration 3:  residual SS =   1.71333
Iteration 4:  residual SS =  1.712261
Iteration 5:  residual SS =   1.71187
Iteration 6:  residual SS =  1.711792
Iteration 7:  residual SS =  1.711771

      Source |       SS       df       MS            Number of obs =        54
-------------+------------------------------         F(  1,    52) =   3441.07
       Model |  113.274939     1  113.274939         Prob > F      =    0.0000
    Residual |   1.7117655    52  .032918567         R-squared     =    0.9851
-------------+------------------------------         Adj R-squared =    0.9848
       Total |  114.986704    53  2.16956046         Root MSE      =  .1814347
                                                     Res. dev.     = -33.13341

------------------------------------------------------------------------------
      lnYtou |      Coef.   Std. Err.      t    P>|t|     [95% Conf. Interval]
-------------+----------------------------------------------------------------
          b1 |  -63.27785   .0290709 -2176.67   0.000    -63.33619   -63.21952
          b2 |   1946.774   .5315494  3662.45   0.000     1945.707     1947.84
------------------------------------------------------------------------------
* Parameter b1 taken as constant term in model & ANOVA table
 (SEs, P values, CIs, and correlations are asymptotic approximations)
