=============================================================================================================
Estimation for Electricity and ELS, specification 1
=============================================================================================================
   
US parameters:
-------------------------------------------------------------------
elascoef1 = 1.2233781159605
elascoef2 = 1.2233781159605
trend     = .0376276026887113
-------------------------------------------------------------------
   
Model specification estimated:
( lnYtou = lnY + {b1} + (1.3-1)*ln(t-{b2=1945})*1.2233781159605 - (1-.3)*lnYpercap*1.2233781159605 + .03762760
> 26887113*t  ) 
-------------------------------------------------------------------
(obs = 52)

Iteration 0:  residual SS =  208582.6
Iteration 1:  residual SS =    117605
Iteration 2:  residual SS =  .4309213
Iteration 3:  residual SS =  .4306874

      Source |       SS       df       MS            Number of obs =        52
-------------+------------------------------         F(  1,    50) =   8177.31
       Model |  70.4366562     1  70.4366562         Prob > F      =    0.0000
    Residual |  .430683782    50  .008613676         R-squared     =    0.9939
-------------+------------------------------         Adj R-squared =    0.9938
       Total |    70.86734    51  1.38955569         Root MSE      =  .0928099
                                                     Res. dev.     = -101.6989

------------------------------------------------------------------------------
      lnYtou |      Coef.   Std. Err.      t    P>|t|     [95% Conf. Interval]
-------------+----------------------------------------------------------------
          b1 |  -63.27658   .0167528 -3777.07   0.000    -63.31023   -63.24293
          b2 |   1947.796   .4414395  4412.37   0.000      1946.91    1948.683
------------------------------------------------------------------------------
* Parameter b1 taken as constant term in model & ANOVA table
 (SEs, P values, CIs, and correlations are asymptotic approximations)
