=============================================================================================================
Estimation for Electricity and ELS, specification 2
=============================================================================================================
   
US parameters:
-------------------------------------------------------------------
elascoef1 = 1.2233781159605
elascoef2 = 1.2233781159605
trend     = .0376276026887113
-------------------------------------------------------------------
   
Model specification estimated:
( lnYtou = lnY + {b1} + (1.3-1)*ln(t-{b2=1945})*{b3=1.2233781159605} - (1-.3)*lnYpercap*1.2233781159605 + .037
> 6276026887113*t  ) 
-------------------------------------------------------------------
(obs = 52)

Iteration 0:  residual SS =  208582.6
Iteration 1:  residual SS =  202156.8
Iteration 2:  residual SS =  .3398836
Iteration 3:  residual SS =  .3389058
Iteration 4:  residual SS =  .3388452
Iteration 5:  residual SS =  .3388337
Iteration 6:  residual SS =  .3388318
Iteration 7:  residual SS =  .3388315
Iteration 8:  residual SS =  .3388314
Iteration 9:  residual SS =  .3388314

      Source |       SS       df       MS            Number of obs =        52
-------------+------------------------------         F(  2,    49) =   5099.73
       Model |  70.5285086     2  35.2642543         Prob > F      =    0.0000
    Residual |  .338831413    49  .006914927         R-squared     =    0.9952
-------------+------------------------------         Adj R-squared =    0.9950
       Total |    70.86734    51  1.38955569         Root MSE      =   .083156
                                                     Res. dev.     = -114.1722

------------------------------------------------------------------------------
      lnYtou |      Coef.   Std. Err.      t    P>|t|     [95% Conf. Interval]
-------------+----------------------------------------------------------------
          b1 |  -62.98619   .0697219  -903.39   0.000     -63.1263   -62.84608
          b2 |    1949.31   .3160735  6167.27   0.000     1948.675    1949.945
          b3 |   .9471787   .0686958    13.79   0.000     .8091293    1.085228
------------------------------------------------------------------------------
* Parameter b1 taken as constant term in model & ANOVA table
 (SEs, P values, CIs, and correlations are asymptotic approximations)
