=============================================================================================================
Estimation for Electricity and EST, specification 2
=============================================================================================================
   
US parameters:
-------------------------------------------------------------------
elascoef1 = 1.2233781159605
elascoef2 = 1.2233781159605
trend     = .0376276026887113
-------------------------------------------------------------------
   
Model specification estimated:
( lnYtou = lnY + {b1} + (1.3-1)*ln(t-{b2=1987})*{b3=1.2233781159605} - (1-.3)*lnYpercap*1.2233781159605 + .037
> 6276026887113*t  ) 
-------------------------------------------------------------------
(obs = 10)

Iteration 0:  residual SS =   36722.8
Iteration 1:  residual SS =  36217.13
Iteration 2:  residual SS =  .0998317
Iteration 3:  residual SS =  .0223079
Iteration 4:  residual SS =  .0184272
Iteration 5:  residual SS =  .0178469
Iteration 6:  residual SS =  .0177376
Iteration 7:  residual SS =  .0177162
Iteration 8:  residual SS =  .0177122
Iteration 9:  residual SS =  .0177114
Iteration 10:  residual SS =  .0177113
Iteration 11:  residual SS =  .0177112
Iteration 12:  residual SS =  .0177112
Iteration 13:  residual SS =  .0177112
Iteration 14:  residual SS =  .0177112
Iteration 15:  residual SS =  .0177112
Iteration 16:  residual SS =  .0177112

      Source |       SS       df       MS            Number of obs =        10
-------------+------------------------------         F(  2,     7) =     14.76
       Model |  .074669433     2  .037334716         Prob > F      =    0.0031
    Residual |  .017711216     7  .002530174         R-squared     =    0.8083
-------------+------------------------------         Adj R-squared =    0.7535
       Total |  .092380649     9  .010264517         Root MSE      =  .0503008
                                                     Res. dev.     = -34.98265

------------------------------------------------------------------------------
      lnYtou |      Coef.   Std. Err.      t    P>|t|     [95% Conf. Interval]
-------------+----------------------------------------------------------------
          b1 |  -59.39147   .1839279  -322.91   0.000    -59.82639   -58.95655
          b2 |   1990.844   .8993468  2213.66   0.000     1988.718    1992.971
          b3 |  -.8562217   .2628198    -3.26   0.014    -1.477692   -.2347517
------------------------------------------------------------------------------
* Parameter b1 taken as constant term in model & ANOVA table
 (SEs, P values, CIs, and correlations are asymptotic approximations)
