=============================================================================================================
Estimation for Electricity and GAB, specification 1
=============================================================================================================
   
US parameters:
-------------------------------------------------------------------
elascoef1 = 1.2233781159605
elascoef2 = 1.2233781159605
trend     = .0376276026887113
-------------------------------------------------------------------
   
Model specification estimated:
( lnYtou = lnY + {b1} + (1.3-1)*ln(t-{b2=1945})*1.2233781159605 - (1-.3)*lnYpercap*1.2233781159605 + .03762760
> 26887113*t  ) 
-------------------------------------------------------------------
(obs = 43)

Iteration 0:  residual SS =  173593.9
Iteration 1:  residual SS =  162988.8
Iteration 2:  residual SS =    143186
Iteration 3:  residual SS =  125842.3
Iteration 4:  residual SS =  96322.78
Iteration 5:  residual SS =     73748
Iteration 6:  residual SS =   41477.2
Iteration 7:  cannot calculate derivatives
equation/system not identified
