=============================================================================================================
Estimation for Electricity and GEO, specification 1
=============================================================================================================
   
US parameters:
-------------------------------------------------------------------
elascoef1 = 1.2233781159605
elascoef2 = 1.2233781159605
trend     = .0376276026887113
-------------------------------------------------------------------
   
Model specification estimated:
( lnYtou = lnY + {b1} + (1.3-1)*ln(t-{b2=1987})*1.2233781159605 - (1-.3)*lnYpercap*1.2233781159605 + .03762760
> 26887113*t  ) 
-------------------------------------------------------------------
(obs = 10)

Iteration 0:  residual SS =  38116.99
Iteration 1:  residual SS =  33.44464
Iteration 2:  residual SS =  32.90456
Iteration 3:  residual SS =  32.82537
Iteration 4:  residual SS =  32.81438
Iteration 5:  residual SS =  32.78026
Iteration 6:  residual SS =  32.73471
Iteration 7:  residual SS =  32.70814
Iteration 8:  residual SS =  32.70758
Iteration 9:  residual SS =   32.6869
Iteration 10:  residual SS =  32.67338
Iteration 11:  residual SS =  32.66887
Iteration 12:  residual SS =  32.65533
Iteration 13:  residual SS =  32.64375
Iteration 14:  residual SS =  32.63446
Iteration 15:  residual SS =  32.62786
Iteration 16:  residual SS =  32.62444
Iteration 17:  residual SS =  32.61679
Iteration 18:  residual SS =  32.60972
Iteration 19:  residual SS =   32.6033
Iteration 20:  residual SS =  32.59762
Iteration 21:  residual SS =  32.59275
Iteration 22:  residual SS =  32.58879
Iteration 23:  residual SS =  32.58586
Iteration 24:  residual SS =   32.5841
Iteration 25:  residual SS =  32.58367
Iteration 26:  residual SS =  32.58005
Iteration 27:  residual SS =  32.57665
Iteration 28:  residual SS =  32.57349
Iteration 29:  residual SS =  32.57059
Iteration 30:  residual SS =  32.56797
Iteration 31:  residual SS =  32.56566
Iteration 32:  residual SS =  32.56368
Iteration 33:  residual SS =  32.56207
Iteration 34:  residual SS =  32.56084
Iteration 35:  residual SS =  32.56006
Iteration 36:  residual SS =  32.55974
Iteration 37:  residual SS =  32.55784
Iteration 38:  residual SS =  32.55601
Iteration 39:  residual SS =  32.55425
Iteration 40:  residual SS =  32.55258
Iteration 41:  residual SS =    32.551
Iteration 42:  residual SS =   32.5495
Iteration 43:  residual SS =   32.5481
Iteration 44:  residual SS =  32.54681
Iteration 45:  residual SS =  32.54562
Iteration 46:  residual SS =  32.54455
Iteration 47:  residual SS =   32.5436
Iteration 48:  residual SS =  32.54277
Iteration 49:  residual SS =  32.54209

      Source |       SS       df       MS            Number of obs =        10
-------------+------------------------------         F(  1,     8) =     -7.92
       Model | -32.2298526     1 -32.2298526         Prob > F      =    1.0000
    Residual |  32.5415579     8  4.06769474         R-squared     = -103.3985
-------------+------------------------------         Adj R-squared = -116.4483
       Total |  .311705273     9  .034633919         Root MSE      =  2.016853
                                                     Res. dev.     =   40.1781

------------------------------------------------------------------------------
      lnYtou |      Coef.   Std. Err.      t    P>|t|     [95% Conf. Interval]
-------------+----------------------------------------------------------------
          b1 |  -65.46358   19.90371    -3.29   0.011    -111.3616   -19.56555
          b2 |   217.6102    94299.8     0.00   0.998    -217238.1    217673.3
------------------------------------------------------------------------------
* Parameter b1 taken as constant term in model & ANOVA table
 (SEs, P values, CIs, and correlations are asymptotic approximations)
convergence not achieved
