=============================================================================================================
Estimation for Electricity and GHA, specification 2
=============================================================================================================
   
US parameters:
-------------------------------------------------------------------
elascoef1 = 1.2233781159605
elascoef2 = 1.2233781159605
trend     = .0376276026887113
-------------------------------------------------------------------
   
Model specification estimated:
( lnYtou = lnY + {b1} + (1.3-1)*ln(t-{b2=1945})*{b3=1.2233781159605} - (1-.3)*lnYpercap*1.2233781159605 + .037
> 6276026887113*t  ) 
-------------------------------------------------------------------
(obs = 44)

Iteration 0:  residual SS =    176724
Iteration 1:  residual SS =  171237.7
Iteration 2:  residual SS =  10.88239
Iteration 3:  residual SS =  10.26983
Iteration 4:  residual SS =  9.746802
Iteration 5:  residual SS =  9.714224
Iteration 6:  residual SS =  9.710946
Iteration 7:  residual SS =  9.704537
Iteration 8:  residual SS =  9.698079
Iteration 9:  residual SS =  9.692932
Iteration 10:  residual SS =  9.688724
Iteration 11:  residual SS =  9.688292
Iteration 12:  residual SS =   9.68795
Iteration 13:  residual SS =  9.687922
Iteration 14:  residual SS =  9.687919
Iteration 15:  residual SS =  9.687918
Iteration 16:  residual SS =  9.687918
Iteration 17:  residual SS =  9.687918
Iteration 18:  residual SS =  9.687918
Iteration 19:  residual SS =  9.687918
Iteration 20:  residual SS =  9.687918
Iteration 21:  residual SS =  9.687918
Iteration 22:  residual SS =  9.687918

      Source |       SS       df       MS            Number of obs =        44
-------------+------------------------------         F(  2,    41) =    130.29
       Model |  61.5729985     2  30.7864992         Prob > F      =    0.0000
    Residual |  9.68791817    41  .236290687         R-squared     =    0.8641
-------------+------------------------------         Adj R-squared =    0.8574
       Total |  71.2609166    43  1.65723062         Root MSE      =  .4860974
                                                     Res. dev.     =  58.28095

------------------------------------------------------------------------------
      lnYtou |      Coef.   Std. Err.      t    P>|t|     [95% Conf. Interval]
-------------+----------------------------------------------------------------
          b1 |  -64.62458   1.942516   -33.27   0.000    -68.54757   -60.70158
          b2 |   1943.494   11.21946   173.23   0.000     1920.836    1966.152
          b3 |   2.496663   1.612748     1.55   0.129    -.7603479    5.753673
------------------------------------------------------------------------------
* Parameter b1 taken as constant term in model & ANOVA table
 (SEs, P values, CIs, and correlations are asymptotic approximations)
