=============================================================================================================
Estimation for Electricity and GRE, specification 1
=============================================================================================================
   
US parameters:
-------------------------------------------------------------------
elascoef1 = 1.2233781159605
elascoef2 = 1.2233781159605
trend     = .0376276026887113
-------------------------------------------------------------------
   
Model specification estimated:
( lnYtou = lnY + {b1} + (1.3-1)*ln(t-{b2=1916})*1.2233781159605 - (1-.3)*lnYpercap*1.2233781159605 + .03762760
> 26887113*t  ) 
-------------------------------------------------------------------
(obs = 81)

Iteration 0:  residual SS =  318605.2
Iteration 1:  residual SS =  79528.12
Iteration 2:  residual SS =  60862.25
Iteration 3:  residual SS =  15252.17
Iteration 4:  residual SS =  56.63116
Iteration 5:  residual SS =  56.63072
Iteration 6:  residual SS =  56.63025

      Source |       SS       df       MS            Number of obs =        81
-------------+------------------------------         F(  1,    79) =    490.04
       Model |  351.279705     1  351.279705         Prob > F      =    0.0000
    Residual |  56.6300788    79   .71683644         R-squared     =    0.8612
-------------+------------------------------         Adj R-squared =    0.8594
       Total |  407.909783    80  5.09887229         Root MSE      =  .8466619
                                                     Res. dev.     =  200.8774

------------------------------------------------------------------------------
      lnYtou |      Coef.   Std. Err.      t    P>|t|     [95% Conf. Interval]
-------------+----------------------------------------------------------------
          b1 |  -62.61694   .0954694  -655.89   0.000    -62.80697   -62.42692
          b2 |   1920.894   .2648843  7251.82   0.000     1920.367    1921.421
------------------------------------------------------------------------------
* Parameter b1 taken as constant term in model & ANOVA table
 (SEs, P values, CIs, and correlations are asymptotic approximations)
