=============================================================================================================
Estimation for Electricity and GUA, specification 2
=============================================================================================================
   
US parameters:
-------------------------------------------------------------------
elascoef1 = 1.2233781159605
elascoef2 = 1.2233781159605
trend     = .0376276026887113
-------------------------------------------------------------------
   
Model specification estimated:
( lnYtou = lnY + {b1} + (1.3-1)*ln(t-{b2=1932})*{b3=1.2233781159605} - (1-.3)*lnYpercap*1.2233781159605 + .037
> 6276026887113*t  ) 
-------------------------------------------------------------------
(obs = 65)

Iteration 0:  residual SS =  265711.3
Iteration 1:  residual SS =  257507.8
Iteration 2:  residual SS =  2.323348
Iteration 3:  residual SS =   2.13028
Iteration 4:  residual SS =  2.093293
Iteration 5:  residual SS =  2.081472
Iteration 6:  residual SS =   2.07394
Iteration 7:  residual SS =  2.070876
Iteration 8:  residual SS =  2.070814
Iteration 9:  residual SS =  2.070814
Iteration 10:  residual SS =  2.070814
Iteration 11:  residual SS =  2.070814

      Source |       SS       df       MS            Number of obs =        65
-------------+------------------------------         F(  2,    62) =   2429.50
       Model |  162.291552     2  81.1457761         Prob > F      =    0.0000
    Residual |  2.07081408    62  .033400227         R-squared     =    0.9874
-------------+------------------------------         Adj R-squared =    0.9870
       Total |  164.362366    64  2.56816197         Root MSE      =  .1827573
                                                     Res. dev.     = -39.55695

------------------------------------------------------------------------------
      lnYtou |      Coef.   Std. Err.      t    P>|t|     [95% Conf. Interval]
-------------+----------------------------------------------------------------
          b1 |  -65.57569   .9512594   -68.94   0.000    -67.47723   -63.67415
          b2 |   1923.181   8.609151   223.39   0.000     1905.972    1940.391
          b3 |    2.59487   .6913372     3.75   0.000     1.212906    3.976833
------------------------------------------------------------------------------
* Parameter b1 taken as constant term in model & ANOVA table
 (SEs, P values, CIs, and correlations are asymptotic approximations)
