=============================================================================================================
Estimation for Electricity and GUI, specification 2
=============================================================================================================
   
US parameters:
-------------------------------------------------------------------
elascoef1 = 1.2233781159605
elascoef2 = 1.2233781159605
trend     = .0376276026887113
-------------------------------------------------------------------
   
Model specification estimated:
( lnYtou = lnY + {b1} + (1.3-1)*ln(t-{b2=1945})*{b3=1.2233781159605} - (1-.3)*lnYpercap*1.2233781159605 + .037
> 6276026887113*t  ) 
-------------------------------------------------------------------
(obs = 44)

Iteration 0:  residual SS =  184372.1
Iteration 1:  residual SS =  181508.3
Iteration 2:  residual SS =  170323.2
Iteration 3:  residual SS =  149679.2
Iteration 4:  residual SS =   37292.9
Iteration 5:  residual SS =  20.21756
Iteration 6:  residual SS =  18.66428
Iteration 7:  residual SS =  18.52653
Iteration 8:  residual SS =  18.52527
Iteration 9:  residual SS =  18.52363
Iteration 10:  residual SS =  18.52319
Iteration 11:  residual SS =  18.52273
Iteration 12:  residual SS =  18.52253
Iteration 13:  residual SS =   18.5224
Iteration 14:  residual SS =  18.52231
Iteration 15:  residual SS =  18.52227
Iteration 16:  residual SS =  18.52223
Iteration 17:  residual SS =  18.52222
Iteration 18:  residual SS =   18.5222
Iteration 19:  residual SS =   18.5222
Iteration 20:  residual SS =  18.52219
Iteration 21:  residual SS =  18.52219

      Source |       SS       df       MS            Number of obs =        44
-------------+------------------------------         F(  2,    41) =    128.64
       Model |  116.226356     2   58.113178         Prob > F      =    0.0000
    Residual |  18.5221874    41  .451760668         R-squared     =    0.8625
-------------+------------------------------         Adj R-squared =    0.8558
       Total |  134.748543    43  3.13368706         Root MSE      =  .6721314
                                                     Res. dev.     =   86.7969

------------------------------------------------------------------------------
      lnYtou |      Coef.   Std. Err.      t    P>|t|     [95% Conf. Interval]
-------------+----------------------------------------------------------------
          b1 |  -66.34464   .4963165  -133.67   0.000    -67.34697   -65.34231
          b2 |    1949.63   .3871686  5035.61   0.000     1948.848    1950.412
          b3 |   3.325318   .5289028     6.29   0.000     2.257177    4.393459
------------------------------------------------------------------------------
* Parameter b1 taken as constant term in model & ANOVA table
 (SEs, P values, CIs, and correlations are asymptotic approximations)
