=============================================================================================================
Estimation for Electricity and HON, specification 1
=============================================================================================================
   
US parameters:
-------------------------------------------------------------------
elascoef1 = 1.2233781159605
elascoef2 = 1.2233781159605
trend     = .0376276026887113
-------------------------------------------------------------------
   
Model specification estimated:
( lnYtou = lnY + {b1} + (1.3-1)*ln(t-{b2=1945})*1.2233781159605 - (1-.3)*lnYpercap*1.2233781159605 + .03762760
> 26887113*t  ) 
-------------------------------------------------------------------
(obs = 52)

Iteration 0:  residual SS =  210729.4
Iteration 1:  residual SS =  118123.4
Iteration 2:  residual SS =  2.409481
Iteration 3:  residual SS =  2.409206
Iteration 4:  residual SS =  2.409108
Iteration 5:  residual SS =  2.409081

      Source |       SS       df       MS            Number of obs =        52
-------------+------------------------------         F(  1,    50) =   2090.56
       Model |  100.726195     1  100.726195         Prob > F      =    0.0000
    Residual |  2.40907337    50  .048181467         R-squared     =    0.9766
-------------+------------------------------         Adj R-squared =    0.9762
       Total |  103.135269    51  2.02226017         Root MSE      =  .2195028
                                                     Res. dev.     = -12.17447

------------------------------------------------------------------------------
      lnYtou |      Coef.   Std. Err.      t    P>|t|     [95% Conf. Interval]
-------------+----------------------------------------------------------------
          b1 |  -63.60008   .0393962 -1614.37   0.000    -63.67921   -63.52095
          b2 |   1947.849   1.018795  1911.92   0.000     1945.803    1949.895
------------------------------------------------------------------------------
* Parameter b1 taken as constant term in model & ANOVA table
 (SEs, P values, CIs, and correlations are asymptotic approximations)
