=============================================================================================================
Estimation for Electricity and HUN, specification 1
=============================================================================================================
   
US parameters:
-------------------------------------------------------------------
elascoef1 = 1.2233781159605
elascoef2 = 1.2233781159605
trend     = .0376276026887113
-------------------------------------------------------------------
   
Model specification estimated:
( lnYtou = lnY + {b1} + (1.3-1)*ln(t-{b2=1919})*1.2233781159605 - (1-.3)*lnYpercap*1.2233781159605 + .03762760
> 26887113*t  ) 
-------------------------------------------------------------------
(obs = 71)

Iteration 0:  residual SS =    272334
Iteration 1:  residual SS =  239553.6
Iteration 2:  residual SS =  134734.7
Iteration 3:  residual SS =  33681.35
Iteration 4:  residual SS =  4.903243
Iteration 5:  residual SS =  4.903004
Iteration 6:  residual SS =  4.902911

      Source |       SS       df       MS            Number of obs =        71
-------------+------------------------------         F(  1,    69) =   2074.64
       Model |  147.416227     1  147.416227         Prob > F      =    0.0000
    Residual |  4.90288245    69  .071056267         R-squared     =    0.9678
-------------+------------------------------         Adj R-squared =    0.9673
       Total |  152.319109    70  2.17598727         Root MSE      =  .2665638
                                                     Res. dev.     =  11.71645

------------------------------------------------------------------------------
      lnYtou |      Coef.   Std. Err.      t    P>|t|     [95% Conf. Interval]
-------------+----------------------------------------------------------------
          b1 |  -61.85338   .0336665 -1837.24   0.000    -61.92054   -61.78622
          b2 |   1923.428    .397866  4834.36   0.000     1922.634    1924.221
------------------------------------------------------------------------------
* Parameter b1 taken as constant term in model & ANOVA table
 (SEs, P values, CIs, and correlations are asymptotic approximations)
