=============================================================================================================
Estimation for Electricity and IND, specification 2
=============================================================================================================
   
US parameters:
-------------------------------------------------------------------
elascoef1 = 1.2233781159605
elascoef2 = 1.2233781159605
trend     = .0376276026887113
-------------------------------------------------------------------
   
Model specification estimated:
( lnYtou = lnY + {b1} + (1.3-1)*ln(t-{b2=1934})*{b3=1.2233781159605} - (1-.3)*lnYpercap*1.2233781159605 + .037
> 6276026887113*t  ) 
-------------------------------------------------------------------
(obs = 63)

Iteration 0:  residual SS =  258055.6
Iteration 1:  residual SS =  250072.9
Iteration 2:  residual SS =   2.29637
Iteration 3:  residual SS =  .9401983
Iteration 4:  residual SS =  .6033834
Iteration 5:  residual SS =  .6033793
Iteration 6:  residual SS =  .6033789
Iteration 7:  residual SS =  .6033789
Iteration 8:  residual SS =  .6033789
Iteration 9:  residual SS =  .6033789
Iteration 10:  residual SS =  .6033789

      Source |       SS       df       MS            Number of obs =        63
-------------+------------------------------         F(  2,    60) =   8099.19
       Model |  162.896009     2  81.4480044         Prob > F      =    0.0000
    Residual |  .603378854    60  .010056314         R-squared     =    0.9963
-------------+------------------------------         Adj R-squared =    0.9962
       Total |  163.499388    62   2.6370869         Root MSE      =  .1002812
                                                     Res. dev.     = -114.0595

------------------------------------------------------------------------------
      lnYtou |      Coef.   Std. Err.      t    P>|t|     [95% Conf. Interval]
-------------+----------------------------------------------------------------
          b1 |  -67.84266   .7147236   -94.92   0.000    -69.27232     -66.413
          b2 |    1921.14   4.246258   452.43   0.000     1912.646    1929.634
          b3 |   4.456811   .5065151     8.80   0.000      3.44363    5.469992
------------------------------------------------------------------------------
* Parameter b1 taken as constant term in model & ANOVA table
 (SEs, P values, CIs, and correlations are asymptotic approximations)
