=============================================================================================================
Estimation for Electricity and IRN, specification 1
=============================================================================================================
   
US parameters:
-------------------------------------------------------------------
elascoef1 = 1.2233781159605
elascoef2 = 1.2233781159605
trend     = .0376276026887113
-------------------------------------------------------------------
   
Model specification estimated:
( lnYtou = lnY + {b1} + (1.3-1)*ln(t-{b2=1949})*1.2233781159605 - (1-.3)*lnYpercap*1.2233781159605 + .03762760
> 26887113*t  ) 
-------------------------------------------------------------------
(obs = 44)

Iteration 0:  residual SS =    174180
Iteration 1:  residual SS =  163380.3
Iteration 2:  residual SS =  125069.1
Iteration 3:  residual SS =  70341.12
Iteration 4:  residual SS =  6.022382
Iteration 5:  residual SS =  5.986135
Iteration 6:  residual SS =  5.986002

      Source |       SS       df       MS            Number of obs =        44
-------------+------------------------------         F(  1,    42) =    652.74
       Model |  93.0310688     1  93.0310688         Prob > F      =    0.0000
    Residual |  5.98598924    42  .142523553         R-squared     =    0.9395
-------------+------------------------------         Adj R-squared =    0.9381
       Total |   99.017058    43  2.30272228         Root MSE      =  .3775229
                                                     Res. dev.     =   37.0968

------------------------------------------------------------------------------
      lnYtou |      Coef.   Std. Err.      t    P>|t|     [95% Conf. Interval]
-------------+----------------------------------------------------------------
          b1 |  -62.81077   .0585143 -1073.43   0.000    -62.92886   -62.69268
          b2 |   1953.766   .2423244  8062.61   0.000     1953.277    1954.255
------------------------------------------------------------------------------
* Parameter b1 taken as constant term in model & ANOVA table
 (SEs, P values, CIs, and correlations are asymptotic approximations)
