=============================================================================================================
Estimation for Electricity and ISR, specification 2
=============================================================================================================
   
US parameters:
-------------------------------------------------------------------
elascoef1 = 1.2233781159605
elascoef2 = 1.2233781159605
trend     = .0376276026887113
-------------------------------------------------------------------
   
Model specification estimated:
( lnYtou = lnY + {b1} + (1.3-1)*ln(t-{b2=1945})*{b3=1.2233781159605} - (1-.3)*lnYpercap*1.2233781159605 + .037
> 6276026887113*t  ) 
-------------------------------------------------------------------
(obs = 52)

Iteration 0:  residual SS =  194479.3
Iteration 1:  residual SS =  188491.1
Iteration 2:  residual SS =  106025.9
Iteration 3:  residual SS =  .6549732
Iteration 4:  residual SS =  .6309828
Iteration 5:  residual SS =   .628608
Iteration 6:  residual SS =  .6285693
Iteration 7:  residual SS =  .6285594
Iteration 8:  residual SS =  .6285569
Iteration 9:  residual SS =  .6285565
Iteration 10:  residual SS =  .6285562
Iteration 11:  residual SS =  .6285562

      Source |       SS       df       MS            Number of obs =        52
-------------+------------------------------         F(  2,    49) =   2957.12
       Model |  75.8659251     2  37.9329625         Prob > F      =    0.0000
    Residual |   .62855621    49  .012827678         R-squared     =    0.9918
-------------+------------------------------         Adj R-squared =    0.9914
       Total |  76.4944813    51  1.49989179         Root MSE      =  .1132593
                                                     Res. dev.     = -82.04022

------------------------------------------------------------------------------
      lnYtou |      Coef.   Std. Err.      t    P>|t|     [95% Conf. Interval]
-------------+----------------------------------------------------------------
          b1 |  -60.55839    .075283  -804.41   0.000    -60.70968   -60.40711
          b2 |   1949.672   .2698519  7224.97   0.000      1949.13    1950.214
          b3 |   .6778159    .077051     8.80   0.000     .5229762    .8326557
------------------------------------------------------------------------------
* Parameter b1 taken as constant term in model & ANOVA table
 (SEs, P values, CIs, and correlations are asymptotic approximations)
