=============================================================================================================
Estimation for Electricity and ISR, specification 1
=============================================================================================================
   
US parameters:
-------------------------------------------------------------------
elascoef1 = 1.2233781159605
elascoef2 = 1.2233781159605
trend     = .0376276026887113
-------------------------------------------------------------------
   
Model specification estimated:
( lnYtou = lnY + {b1} + (1.3-1)*ln(t-{b2=1945})*1.2233781159605 - (1-.3)*lnYpercap*1.2233781159605 + .03762760
> 26887113*t  ) 
-------------------------------------------------------------------
(obs = 52)

Iteration 0:  residual SS =  194479.3
Iteration 1:  residual SS =  3.084619
Iteration 2:  residual SS =  2.883961
Iteration 3:  residual SS =  .9780674
Iteration 4:  residual SS =  .9776101
Iteration 5:  residual SS =  .9775766

      Source |       SS       df       MS            Number of obs =        52
-------------+------------------------------         F(  1,    50) =   3862.47
       Model |  75.5169074     1  75.5169074         Prob > F      =    0.0000
    Residual |  .977573945    50  .019551479         R-squared     =    0.9872
-------------+------------------------------         Adj R-squared =    0.9870
       Total |  76.4944813    51  1.49989179         Root MSE      =  .1398266
                                                     Res. dev.     =  -59.0745

------------------------------------------------------------------------------
      lnYtou |      Coef.   Std. Err.      t    P>|t|     [95% Conf. Interval]
-------------+----------------------------------------------------------------
          b1 |  -61.16176   .0314839 -1942.64   0.000      -61.225   -61.09852
          b2 |   1944.632   1.432352  1357.65   0.000     1941.755    1947.509
------------------------------------------------------------------------------
* Parameter b1 taken as constant term in model & ANOVA table
 (SEs, P values, CIs, and correlations are asymptotic approximations)
