=============================================================================================================
Estimation for Electricity and JAP, specification 2
=============================================================================================================
   
US parameters:
-------------------------------------------------------------------
elascoef1 = 1.2233781159605
elascoef2 = 1.2233781159605
trend     = .0376276026887113
-------------------------------------------------------------------
   
Model specification estimated:
( lnYtou = lnY + {b1} + (1.3-1)*ln(t-{b2=1902})*{b3=1.2233781159605} - (1-.3)*lnYpercap*1.2233781159605 + .037
> 6276026887113*t  ) 
-------------------------------------------------------------------
(obs = 95)

Iteration 0:  residual SS =  360377.4
Iteration 1:  residual SS =  349224.4
Iteration 2:  residual SS =  196357.4
Iteration 3:  residual SS =  4.542226
Iteration 4:  residual SS =  4.486943
Iteration 5:  residual SS =  4.442934
Iteration 6:  residual SS =  4.441571
Iteration 7:  residual SS =  4.441385
Iteration 8:  residual SS =  4.441357
Iteration 9:  residual SS =  4.441353
Iteration 10:  residual SS =  4.441352
Iteration 11:  residual SS =  4.441352
Iteration 12:  residual SS =  4.441352

      Source |       SS       df       MS            Number of obs =        95
-------------+------------------------------         F(  2,    92) =   4787.61
       Model |  462.249412     2  231.124706         Prob > F      =    0.0000
    Residual |  4.44135177    92  .048275563         R-squared     =    0.9905
-------------+------------------------------         Adj R-squared =    0.9903
       Total |  466.690764    94  4.96479536         Root MSE      =   .219717
                                                     Res. dev.     =  -21.3789

------------------------------------------------------------------------------
      lnYtou |      Coef.   Std. Err.      t    P>|t|     [95% Conf. Interval]
-------------+----------------------------------------------------------------
          b1 |  -63.29604   .1466493  -431.61   0.000     -63.5873   -63.00478
          b2 |   1906.124   .3025645  6299.89   0.000     1905.523    1906.725
          b3 |    2.87005   .1241891    23.11   0.000       2.6234    3.116701
------------------------------------------------------------------------------
* Parameter b1 taken as constant term in model & ANOVA table
 (SEs, P values, CIs, and correlations are asymptotic approximations)
