=============================================================================================================
Estimation for Electricity and JAP, specification 1
=============================================================================================================
   
US parameters:
-------------------------------------------------------------------
elascoef1 = 1.2233781159605
elascoef2 = 1.2233781159605
trend     = .0376276026887113
-------------------------------------------------------------------
   
Model specification estimated:
( lnYtou = lnY + {b1} + (1.3-1)*ln(t-{b2=1902})*1.2233781159605 - (1-.3)*lnYpercap*1.2233781159605 + .03762760
> 26887113*t  ) 
-------------------------------------------------------------------
(obs = 95)

Iteration 0:  residual SS =  360377.4
Iteration 1:  residual SS =  316801.1
Iteration 2:  residual SS =  278417.2
Iteration 3:  residual SS =  244693.5
Iteration 4:  residual SS =  187316.4
Iteration 5:  residual SS =  105363.5
Iteration 6:  residual SS =  26353.31
Iteration 7:  residual SS =  20.18184

      Source |       SS       df       MS            Number of obs =        95
-------------+------------------------------         F(  1,    93) =   2057.57
       Model |  446.509021     1  446.509021         Prob > F      =    0.0000
    Residual |  20.1817427    93  .217007986         R-squared     =    0.9568
-------------+------------------------------         Adj R-squared =    0.9563
       Total |  466.690764    94  4.96479536         Root MSE      =  .4658412
                                                     Res. dev.     =   122.434

------------------------------------------------------------------------------
      lnYtou |      Coef.   Std. Err.      t    P>|t|     [95% Conf. Interval]
-------------+----------------------------------------------------------------
          b1 |  -61.49472   .0480741 -1279.16   0.000    -61.59018   -61.39925
          b2 |   1906.989   .0125343        .   0.000     1906.965    1907.014
------------------------------------------------------------------------------
* Parameter b1 taken as constant term in model & ANOVA table
 (SEs, P values, CIs, and correlations are asymptotic approximations)
