=============================================================================================================
Estimation for Electricity and JOR, specification 2
=============================================================================================================
   
US parameters:
-------------------------------------------------------------------
elascoef1 = 1.2233781159605
elascoef2 = 1.2233781159605
trend     = .0376276026887113
-------------------------------------------------------------------
   
Model specification estimated:
( lnYtou = lnY + {b1} + (1.3-1)*ln(t-{b2=1951})*{b3=1.2233781159605} - (1-.3)*lnYpercap*1.2233781159605 + .037
> 6276026887113*t  ) 
-------------------------------------------------------------------
(obs = 42)

Iteration 0:  residual SS =  166489.9
Iteration 1:  residual SS =  161342.7
Iteration 2:  residual SS =  3.211646
Iteration 3:  residual SS =  2.216205
Iteration 4:  residual SS =  2.216091
Iteration 5:  residual SS =  2.216091

      Source |       SS       df       MS            Number of obs =        42
-------------+------------------------------         F(  2,    39) =   1011.68
       Model |  114.973359     2  57.4866795         Prob > F      =    0.0000
    Residual |  2.21609102    39  .056822847         R-squared     =    0.9811
-------------+------------------------------         Adj R-squared =    0.9801
       Total |   117.18945    41  2.85827927         Root MSE      =  .2383754
                                                     Res. dev.     = -4.370004

------------------------------------------------------------------------------
      lnYtou |      Coef.   Std. Err.      t    P>|t|     [95% Conf. Interval]
-------------+----------------------------------------------------------------
          b1 |  -65.36722   .6606813   -98.94   0.000    -66.70357   -64.03086
          b2 |   1951.615   2.130509   916.03   0.000     1947.306    1955.925
          b3 |   3.721834   .5698703     6.53   0.000     2.569162    4.874505
------------------------------------------------------------------------------
* Parameter b1 taken as constant term in model & ANOVA table
 (SEs, P values, CIs, and correlations are asymptotic approximations)
