=============================================================================================================
Estimation for Electricity and KRN, specification 2
=============================================================================================================
   
US parameters:
-------------------------------------------------------------------
elascoef1 = 1.2233781159605
elascoef2 = 1.2233781159605
trend     = .0376276026887113
-------------------------------------------------------------------
   
Model specification estimated:
( lnYtou = lnY + {b1} + (1.3-1)*ln(t-{b2=1946})*{b3=1.2233781159605} - (1-.3)*lnYpercap*1.2233781159605 + .037
> 6276026887113*t  ) 
-------------------------------------------------------------------
(obs = 43)

Iteration 0:  residual SS =  162378.9
Iteration 1:  residual SS =  157384.2
Iteration 2:  residual SS =  39338.24
Iteration 3:  residual SS =  3.726137
Iteration 4:  residual SS =  3.712948
Iteration 5:  residual SS =  3.712741
Iteration 6:  residual SS =  3.712737
Iteration 7:  residual SS =  3.712737

      Source |       SS       df       MS            Number of obs =        43
-------------+------------------------------         F(  2,    40) =    229.11
       Model |  42.5310928     2  21.2655464         Prob > F      =    0.0000
    Residual |  3.71273743    40  .092818436         R-squared     =    0.9197
-------------+------------------------------         Adj R-squared =    0.9157
       Total |  46.2438302    42  1.10104358         Root MSE      =  .3046612
                                                     Res. dev.     =   16.7032

------------------------------------------------------------------------------
      lnYtou |      Coef.   Std. Err.      t    P>|t|     [95% Conf. Interval]
-------------+----------------------------------------------------------------
          b1 |  -60.99852   .2111498  -288.89   0.000    -61.42527   -60.57177
          b2 |   1950.722    .515979  3780.62   0.000     1949.679    1951.765
          b3 |   .8390544   .2293406     3.66   0.001     .3755398    1.302569
------------------------------------------------------------------------------
* Parameter b1 taken as constant term in model & ANOVA table
 (SEs, P values, CIs, and correlations are asymptotic approximations)
