=============================================================================================================
Estimation for Electricity and KRS, specification 1
=============================================================================================================
   
US parameters:
-------------------------------------------------------------------
elascoef1 = 1.2233781159605
elascoef2 = 1.2233781159605
trend     = .0376276026887113
-------------------------------------------------------------------
   
Model specification estimated:
( lnYtou = lnY + {b1} + (1.3-1)*ln(t-{b2=1940})*1.2233781159605 - (1-.3)*lnYpercap*1.2233781159605 + .03762760
> 26887113*t  ) 
-------------------------------------------------------------------
(obs = 49)

Iteration 0:  residual SS =    194586
Iteration 1:  residual SS =  170742.9
Iteration 2:  residual SS =  96034.54
Iteration 3:  residual SS =  29.61402

      Source |       SS       df       MS            Number of obs =        49
-------------+------------------------------         F(  1,    47) =    264.53
       Model |  166.677626     1  166.677626         Prob > F      =    0.0000
    Residual |  29.6140056    47  .630085225         R-squared     =    0.8491
-------------+------------------------------         Adj R-squared =    0.8459
       Total |  196.291632    48  4.08940899         Root MSE      =  .7937791
                                                     Res. dev.     =  114.3809

------------------------------------------------------------------------------
      lnYtou |      Coef.   Std. Err.      t    P>|t|     [95% Conf. Interval]
-------------+----------------------------------------------------------------
          b1 |  -62.87248   .1156496  -543.65   0.000    -63.10513   -62.63982
          b2 |   1944.911   .1940652        .   0.000      1944.52    1945.301
------------------------------------------------------------------------------
* Parameter b1 taken as constant term in model & ANOVA table
 (SEs, P values, CIs, and correlations are asymptotic approximations)
