=============================================================================================================
Estimation for Electricity and KUW, specification 2
=============================================================================================================
   
US parameters:
-------------------------------------------------------------------
elascoef1 = 1.2233781159605
elascoef2 = 1.2233781159605
trend     = .0376276026887113
-------------------------------------------------------------------
   
Model specification estimated:
( lnYtou = lnY + {b1} + (1.3-1)*ln(t-{b2=1950})*{b3=1.2233781159605} - (1-.3)*lnYpercap*1.2233781159605 + .037
> 6276026887113*t  ) 
-------------------------------------------------------------------
(obs = 39)

Iteration 0:  residual SS =  143376.3
Iteration 1:  residual SS =  138969.8
Iteration 2:  residual SS =  .3550298
Iteration 3:  residual SS =  .2022701
Iteration 4:  residual SS =  .2012331
Iteration 5:  residual SS =   .201232
Iteration 6:  residual SS =   .201232

      Source |       SS       df       MS            Number of obs =        39
-------------+------------------------------         F(  2,    36) =   9333.02
       Model |  104.339081     2  52.1695407         Prob > F      =    0.0000
    Residual |  .201232042    36  .005589779         R-squared     =    0.9981
-------------+------------------------------         Adj R-squared =    0.9980
       Total |  104.540313    38  2.75106088         Root MSE      =  .0747648
                                                     Res. dev.     = -94.73027

------------------------------------------------------------------------------
      lnYtou |      Coef.   Std. Err.      t    P>|t|     [95% Conf. Interval]
-------------+----------------------------------------------------------------
          b1 |  -61.46972   .1008305  -609.63   0.000    -61.67421   -61.26523
          b2 |   1953.701    .258064  7570.60   0.000     1953.177    1954.224
          b3 |    2.35313   .1012044    23.25   0.000     2.147878    2.558382
------------------------------------------------------------------------------
* Parameter b1 taken as constant term in model & ANOVA table
 (SEs, P values, CIs, and correlations are asymptotic approximations)
