=============================================================================================================
Estimation for Electricity and KYR, specification 1
=============================================================================================================
   
US parameters:
-------------------------------------------------------------------
elascoef1 = 1.2233781159605
elascoef2 = 1.2233781159605
trend     = .0376276026887113
-------------------------------------------------------------------
   
Model specification estimated:
( lnYtou = lnY + {b1} + (1.3-1)*ln(t-{b2=1987})*1.2233781159605 - (1-.3)*lnYpercap*1.2233781159605 + .03762760
> 26887113*t  ) 
-------------------------------------------------------------------
(obs = 10)

Iteration 0:  residual SS =  37470.14
Iteration 1:  residual SS =   28612.2
Iteration 2:  residual SS =  .5774625
Iteration 3:  residual SS =  .5000591
Iteration 4:  residual SS =  .4930187
Iteration 5:  residual SS =  .4701516
Iteration 6:  residual SS =  .4590199
Iteration 7:  residual SS =  .4490985
Iteration 8:  residual SS =  .4434699
Iteration 9:  residual SS =  .4377955
Iteration 10:  residual SS =  .4333869
Iteration 11:  residual SS =  .4305482
Iteration 12:  residual SS =  .4297342
Iteration 13:  residual SS =  .4274071
Iteration 14:  residual SS =     .4256
Iteration 15:  residual SS =  .4244181
Iteration 16:  residual SS =   .424003
Iteration 17:  residual SS =  .4227293
Iteration 18:  residual SS =  .4216202
Iteration 19:  residual SS =  .4206985
Iteration 20:  residual SS =  .4199922
Iteration 21:  residual SS =  .4195357
Iteration 22:  residual SS =  .4193722
Iteration 23:  residual SS =   .418713
Iteration 24:  residual SS =  .4181086
Iteration 25:  residual SS =  .4175643
Iteration 26:  residual SS =  .4170862
Iteration 27:  residual SS =  .4166815
Iteration 28:  residual SS =  .4163584
Iteration 29:  residual SS =  .4161266
Iteration 30:  residual SS =  .4159975
Iteration 31:  residual SS =  .4159844
Iteration 32:  residual SS =  .4156623
Iteration 33:  residual SS =  .4153597
Iteration 34:  residual SS =   .415078
Iteration 35:  residual SS =  .4148188
Iteration 36:  residual SS =  .4145838
Iteration 37:  residual SS =  .4143748
Iteration 38:  residual SS =   .414194
Iteration 39:  residual SS =  .4140437
Iteration 40:  residual SS =  .4139265
Iteration 41:  residual SS =  .4138453
Iteration 42:  residual SS =  .4138036
Iteration 43:  residual SS =  .4136278
Iteration 44:  residual SS =  .4134582
Iteration 45:  residual SS =  .4132949
Iteration 46:  residual SS =  .4131383
Iteration 47:  residual SS =  .4129888
Iteration 48:  residual SS =  .4128467
Iteration 49:  residual SS =  .4127124

      Source |       SS       df       MS            Number of obs =        10
-------------+------------------------------         F(  1,     8) =     -6.71
       Model | -.345879275     1 -.345879275         Prob > F      =    1.0000
    Residual |  .412586228     8  .051573278         R-squared     =   -5.1851
-------------+------------------------------         Adj R-squared =   -5.9582
       Total |  .066706953     9  .007411884         Root MSE      =  .2270975
                                                     Res. dev.     = -3.500181

------------------------------------------------------------------------------
      lnYtou |      Coef.   Std. Err.      t    P>|t|     [95% Conf. Interval]
-------------+----------------------------------------------------------------
          b1 |  -62.85556   4.219899   -14.90   0.000    -72.58666   -53.12445
          b2 |    1497.56   5628.583     0.27   0.797    -11481.98     14477.1
------------------------------------------------------------------------------
* Parameter b1 taken as constant term in model & ANOVA table
 (SEs, P values, CIs, and correlations are asymptotic approximations)
convergence not achieved
