=============================================================================================================
Estimation for Electricity and LBY, specification 1
=============================================================================================================
   
US parameters:
-------------------------------------------------------------------
elascoef1 = 1.2233781159605
elascoef2 = 1.2233781159605
trend     = .0376276026887113
-------------------------------------------------------------------
   
Model specification estimated:
( lnYtou = lnY + {b1} + (1.3-1)*ln(t-{b2=1948})*1.2233781159605 - (1-.3)*lnYpercap*1.2233781159605 + .03762760
> 26887113*t  ) 
-------------------------------------------------------------------
(obs = 41)

Iteration 0:  residual SS =  158545.7
Iteration 1:  residual SS =  139030.9
Iteration 2:  residual SS =  34775.34
Iteration 3:  residual SS =  33.85892

      Source |       SS       df       MS            Number of obs =        41
-------------+------------------------------         F(  1,    39) =    134.87
       Model |  117.086563     1  117.086563         Prob > F      =    0.0000
    Residual |  33.8588354    39  .868175266         R-squared     =    0.7757
-------------+------------------------------         Adj R-squared =    0.7699
       Total |  150.945398    40  3.77363495         Root MSE      =  .9317592
                                                     Res. dev.     =  108.5067

------------------------------------------------------------------------------
      lnYtou |      Coef.   Std. Err.      t    P>|t|     [95% Conf. Interval]
-------------+----------------------------------------------------------------
          b1 |  -62.07828   .1483069  -418.58   0.000    -62.37826    -61.7783
          b2 |   1952.866   .3552126  5497.74   0.000     1952.148    1953.585
------------------------------------------------------------------------------
* Parameter b1 taken as constant term in model & ANOVA table
 (SEs, P values, CIs, and correlations are asymptotic approximations)
