=============================================================================================================
Estimation for Electricity and LEB, specification 2
=============================================================================================================
   
US parameters:
-------------------------------------------------------------------
elascoef1 = 1.2233781159605
elascoef2 = 1.2233781159605
trend     = .0376276026887113
-------------------------------------------------------------------
   
Model specification estimated:
( lnYtou = lnY + {b1} + (1.3-1)*ln(t-{b2=1945})*{b3=1.2233781159605} - (1-.3)*lnYpercap*1.2233781159605 + .037
> 6276026887113*t  ) 
-------------------------------------------------------------------
(obs = 44)

Iteration 0:  residual SS =  171783.7
Iteration 1:  residual SS =  166511.9
Iteration 2:  residual SS =  2.258666
Iteration 3:  residual SS =  2.252896
Iteration 4:  residual SS =  2.252719
Iteration 5:  residual SS =  2.252674
Iteration 6:  residual SS =  2.252665
Iteration 7:  residual SS =  2.252662
Iteration 8:  residual SS =  2.252662
Iteration 9:  residual SS =  2.252662
Iteration 10:  residual SS =  2.252662
Iteration 11:  residual SS =  2.252662
Iteration 12:  residual SS =  2.252662

      Source |       SS       df       MS            Number of obs =        44
-------------+------------------------------         F(  2,    41) =    445.72
       Model |  48.9778608     2  24.4889304         Prob > F      =    0.0000
    Residual |  2.25266169    41  .054942968         R-squared     =    0.9560
-------------+------------------------------         Adj R-squared =    0.9539
       Total |  51.2305225    43   1.1914075         Root MSE      =  .2343992
                                                     Res. dev.     = -5.904803

------------------------------------------------------------------------------
      lnYtou |      Coef.   Std. Err.      t    P>|t|     [95% Conf. Interval]
-------------+----------------------------------------------------------------
          b1 |   -62.4413   .3312332  -188.51   0.000    -63.11024   -61.77236
          b2 |   1948.375   1.847501  1054.60   0.000     1944.644    1952.106
          b3 |   1.268395   .3172033     4.00   0.000     .6277901       1.909
------------------------------------------------------------------------------
* Parameter b1 taken as constant term in model & ANOVA table
 (SEs, P values, CIs, and correlations are asymptotic approximations)
