=============================================================================================================
Estimation for Electricity and LEB, specification 1
=============================================================================================================
   
US parameters:
-------------------------------------------------------------------
elascoef1 = 1.2233781159605
elascoef2 = 1.2233781159605
trend     = .0376276026887113
-------------------------------------------------------------------
   
Model specification estimated:
( lnYtou = lnY + {b1} + (1.3-1)*ln(t-{b2=1945})*1.2233781159605 - (1-.3)*lnYpercap*1.2233781159605 + .03762760
> 26887113*t  ) 
-------------------------------------------------------------------
(obs = 44)

Iteration 0:  residual SS =  171783.7
Iteration 1:  residual SS =  7.180581
Iteration 2:  residual SS =  6.756967
Iteration 3:  residual SS =  5.236088
Iteration 4:  residual SS =  3.122831
Iteration 5:  residual SS =  2.254471
Iteration 6:  residual SS =  2.254245

      Source |       SS       df       MS            Number of obs =        44
-------------+------------------------------         F(  1,    42) =    912.50
       Model |  48.9762803     1  48.9762803         Prob > F      =    0.0000
    Residual |  2.25424215    42  .053672432         R-squared     =    0.9560
-------------+------------------------------         Adj R-squared =    0.9550
       Total |  51.2305225    43   1.1914075         Root MSE      =  .2316731
                                                     Res. dev.     = -5.873944

------------------------------------------------------------------------------
      lnYtou |      Coef.   Std. Err.      t    P>|t|     [95% Conf. Interval]
-------------+----------------------------------------------------------------
          b1 |  -62.39578   .0430967 -1447.81   0.000    -62.48275    -62.3088
          b2 |   1948.577   .7889604  2469.80   0.000     1946.984    1950.169
------------------------------------------------------------------------------
* Parameter b1 taken as constant term in model & ANOVA table
 (SEs, P values, CIs, and correlations are asymptotic approximations)
