=============================================================================================================
Estimation for Electricity and LIB, specification 1
=============================================================================================================
   
US parameters:
-------------------------------------------------------------------
elascoef1 = 1.2233781159605
elascoef2 = 1.2233781159605
trend     = .0376276026887113
-------------------------------------------------------------------
   
Model specification estimated:
( lnYtou = lnY + {b1} + (1.3-1)*ln(t-{b2=1945})*1.2233781159605 - (1-.3)*lnYpercap*1.2233781159605 + .03762760
> 26887113*t  ) 
-------------------------------------------------------------------
(obs = 43)

Iteration 0:  residual SS =  171517.3
Iteration 1:  residual SS =  45.76942
Iteration 2:  residual SS =  38.48511
Iteration 3:  residual SS =  32.12418
Iteration 4:  residual SS =  27.24774
Iteration 5:  residual SS =  20.78033
Iteration 6:  residual SS =  12.83084
Iteration 7:  residual SS =  12.82805

      Source |       SS       df       MS            Number of obs =        43
-------------+------------------------------         F(  1,    41) =    203.42
       Model |   63.646833     1   63.646833         Prob > F      =    0.0000
    Residual |  12.8279653    41  .312877204         R-squared     =    0.8323
-------------+------------------------------         Adj R-squared =    0.8282
       Total |  76.4747984    42  1.82082853         Root MSE      =  .5593543
                                                     Res. dev.     =  70.01709

------------------------------------------------------------------------------
      lnYtou |      Coef.   Std. Err.      t    P>|t|     [95% Conf. Interval]
-------------+----------------------------------------------------------------
          b1 |  -63.00286   .0871757  -722.71   0.000    -63.17892   -62.82681
          b2 |   1949.915   .1354569        .   0.000     1949.641    1950.188
------------------------------------------------------------------------------
* Parameter b1 taken as constant term in model & ANOVA table
 (SEs, P values, CIs, and correlations are asymptotic approximations)
