=============================================================================================================
Estimation for Electricity and LIB, specification 2
=============================================================================================================
   
US parameters:
-------------------------------------------------------------------
elascoef1 = 1.2233781159605
elascoef2 = 1.2233781159605
trend     = .0376276026887113
-------------------------------------------------------------------
   
Model specification estimated:
( lnYtou = lnY + {b1} + (1.3-1)*ln(t-{b2=1945})*{b3=1.2233781159605} - (1-.3)*lnYpercap*1.2233781159605 + .037
> 6276026887113*t  ) 
-------------------------------------------------------------------
(obs = 43)

Iteration 0:  residual SS =  171517.3
Iteration 1:  residual SS =  166179.7
Iteration 2:  residual SS =    146046
Iteration 3:  residual SS =   82091.3
Iteration 4:  residual SS =  12.18085
Iteration 5:  residual SS =  12.15084
Iteration 6:  residual SS =  12.15036
Iteration 7:  residual SS =  12.14994
Iteration 8:  residual SS =  12.14982
Iteration 9:  residual SS =  12.14973
Iteration 10:  residual SS =  12.14969
Iteration 11:  residual SS =  12.14967
Iteration 12:  residual SS =  12.14966
Iteration 13:  residual SS =  12.14966
Iteration 14:  residual SS =  12.14965
Iteration 15:  residual SS =  12.14965
Iteration 16:  residual SS =  12.14965
Iteration 17:  residual SS =  12.14965

      Source |       SS       df       MS            Number of obs =        43
-------------+------------------------------         F(  2,    40) =    105.89
       Model |  64.3251496     2  32.1625748         Prob > F      =    0.0000
    Residual |  12.1496487    40  .303741219         R-squared     =    0.8411
-------------+------------------------------         Adj R-squared =    0.8332
       Total |  76.4747984    42  1.82082853         Root MSE      =  .5511272
                                                     Res. dev.     =  67.68102

------------------------------------------------------------------------------
      lnYtou |      Coef.   Std. Err.      t    P>|t|     [95% Conf. Interval]
-------------+----------------------------------------------------------------
          b1 |  -63.46016    .409215  -155.08   0.000    -64.28721   -62.63311
          b2 |   1949.639   .5929111  3288.25   0.000      1948.44    1950.837
          b3 |   1.745258   .4347604     4.01   0.000     .8665747    2.623942
------------------------------------------------------------------------------
* Parameter b1 taken as constant term in model & ANOVA table
 (SEs, P values, CIs, and correlations are asymptotic approximations)
