=============================================================================================================
Estimation for Electricity and LTV, specification 2
=============================================================================================================
   
US parameters:
-------------------------------------------------------------------
elascoef1 = 1.2233781159605
elascoef2 = 1.2233781159605
trend     = .0376276026887113
-------------------------------------------------------------------
   
Model specification estimated:
( lnYtou = lnY + {b1} + (1.3-1)*ln(t-{b2=1987})*{b3=1.2233781159605} - (1-.3)*lnYpercap*1.2233781159605 + .037
> 6276026887113*t  ) 
-------------------------------------------------------------------
(obs = 10)

Iteration 0:  residual SS =  38264.29
Iteration 1:  residual SS =  37691.35
Iteration 2:  residual SS =  21228.07
Iteration 3:  residual SS =  11952.12
Iteration 4:  residual SS =  10503.88
Iteration 5:  residual SS =  9857.159
Iteration 6:  cannot calculate derivatives
equation/system not identified
