=============================================================================================================
Estimation for Electricity and MAD, specification 1
=============================================================================================================
   
US parameters:
-------------------------------------------------------------------
elascoef1 = 1.2233781159605
elascoef2 = 1.2233781159605
trend     = .0376276026887113
-------------------------------------------------------------------
   
Model specification estimated:
( lnYtou = lnY + {b1} + (1.3-1)*ln(t-{b2=1945})*1.2233781159605 - (1-.3)*lnYpercap*1.2233781159605 + .03762760
> 26887113*t  ) 
-------------------------------------------------------------------
(obs = 44)

Iteration 0:  residual SS =  186083.1
Iteration 1:  residual SS =  16.89924
Iteration 2:  residual SS =  1.699827
Iteration 3:  residual SS =  1.597239
Iteration 4:  residual SS =  1.568879
Iteration 5:  residual SS =  1.562507
Iteration 6:  residual SS =  1.561292
Iteration 7:  residual SS =  1.561081
Iteration 8:  residual SS =  1.561046
Iteration 9:  residual SS =   1.56104
Iteration 10:  residual SS =  1.561039

      Source |       SS       df       MS            Number of obs =        44
-------------+------------------------------         F(  1,    42) =    814.13
       Model |  30.2592403     1  30.2592403         Prob > F      =    0.0000
    Residual |  1.56103884    42  .037167591         R-squared     =    0.9509
-------------+------------------------------         Adj R-squared =    0.9498
       Total |  31.8202792    43  .740006492         Root MSE      =   .192789
                                                     Res. dev.     = -22.04229

------------------------------------------------------------------------------
      lnYtou |      Coef.   Std. Err.      t    P>|t|     [95% Conf. Interval]
-------------+----------------------------------------------------------------
          b1 |  -65.23098   .0876682  -744.07   0.000     -65.4079   -65.05405
          b2 |   1930.237   8.336034   231.55   0.000     1913.414    1947.059
------------------------------------------------------------------------------
* Parameter b1 taken as constant term in model & ANOVA table
 (SEs, P values, CIs, and correlations are asymptotic approximations)
