=============================================================================================================
Estimation for Electricity and MAL, specification 2
=============================================================================================================
   
US parameters:
-------------------------------------------------------------------
elascoef1 = 1.2233781159605
elascoef2 = 1.2233781159605
trend     = .0376276026887113
-------------------------------------------------------------------
   
Model specification estimated:
( lnYtou = lnY + {b1} + (1.3-1)*ln(t-{b2=1945})*{b3=1.2233781159605} - (1-.3)*lnYpercap*1.2233781159605 + .037
> 6276026887113*t  ) 
-------------------------------------------------------------------
(obs = 44)

Iteration 0:  residual SS =  193292.5
Iteration 1:  residual SS =  187335.7
Iteration 2:  residual SS =  2.388341
Iteration 3:  residual SS =   .980061
Iteration 4:  residual SS =  .9664251
Iteration 5:  residual SS =  .9657111
Iteration 6:  residual SS =  .9655962
Iteration 7:  residual SS =  .9655651
Iteration 8:  residual SS =  .9655582
Iteration 9:  residual SS =  .9655565
Iteration 10:  residual SS =  .9655561
Iteration 11:  residual SS =   .965556
Iteration 12:  residual SS =   .965556
Iteration 13:  residual SS =   .965556
Iteration 14:  residual SS =   .965556
Iteration 15:  residual SS =   .965556

      Source |       SS       df       MS            Number of obs =        44
-------------+------------------------------         F(  2,    41) =   1685.55
       Model |  79.3900524     2  39.6950262         Prob > F      =    0.0000
    Residual |  .965556004    41  .023550146         R-squared     =    0.9880
-------------+------------------------------         Adj R-squared =    0.9874
       Total |  80.3556084    43  1.86873508         Root MSE      =  .1534606
                                                     Res. dev.     =    -43.18

------------------------------------------------------------------------------
      lnYtou |      Coef.   Std. Err.      t    P>|t|     [95% Conf. Interval]
-------------+----------------------------------------------------------------
          b1 |  -68.71553   .6335607  -108.46   0.000    -69.99503   -67.43603
          b2 |   1943.262   2.499362   777.50   0.000     1938.214     1948.31
          b3 |   3.718534   .5239051     7.10   0.000     2.660486    4.776581
------------------------------------------------------------------------------
* Parameter b1 taken as constant term in model & ANOVA table
 (SEs, P values, CIs, and correlations are asymptotic approximations)
