=============================================================================================================
Estimation for Electricity and MAS, specification 2
=============================================================================================================
   
US parameters:
-------------------------------------------------------------------
elascoef1 = 1.2233781159605
elascoef2 = 1.2233781159605
trend     = .0376276026887113
-------------------------------------------------------------------
   
Model specification estimated:
( lnYtou = lnY + {b1} + (1.3-1)*ln(t-{b2=1945})*{b3=1.2233781159605} - (1-.3)*lnYpercap*1.2233781159605 + .037
> 6276026887113*t  ) 
-------------------------------------------------------------------
(obs = 44)

Iteration 0:  residual SS =  174489.4
Iteration 1:  residual SS =  169084.3
Iteration 2:  residual SS =  .2351985
Iteration 3:  residual SS =   .235125
Iteration 4:  residual SS =   .235125
Iteration 5:  residual SS =   .235125
Iteration 6:  residual SS =   .235125

      Source |       SS       df       MS            Number of obs =        44
-------------+------------------------------         F(  2,    41) =   3113.46
       Model |  35.7098804     2  17.8549402         Prob > F      =    0.0000
    Residual |  .235124951    41  .005734755         R-squared     =    0.9935
-------------+------------------------------         Adj R-squared =    0.9931
       Total |  35.9450054    43  .835930357         Root MSE      =  .0757282
                                                     Res. dev.     = -105.3338

------------------------------------------------------------------------------
      lnYtou |      Coef.   Std. Err.      t    P>|t|     [95% Conf. Interval]
-------------+----------------------------------------------------------------
          b1 |  -62.34231   .0921268  -676.70   0.000    -62.52836   -62.15626
          b2 |   1948.752   .9333492  2087.91   0.000     1946.867    1950.637
          b3 |   .5986178   .0903188     6.63   0.000     .4162152    .7810204
------------------------------------------------------------------------------
* Parameter b1 taken as constant term in model & ANOVA table
 (SEs, P values, CIs, and correlations are asymptotic approximations)
