=============================================================================================================
Estimation for Electricity and MAS, specification 1
=============================================================================================================
   
US parameters:
-------------------------------------------------------------------
elascoef1 = 1.2233781159605
elascoef2 = 1.2233781159605
trend     = .0376276026887113
-------------------------------------------------------------------
   
Model specification estimated:
( lnYtou = lnY + {b1} + (1.3-1)*ln(t-{b2=1945})*1.2233781159605 - (1-.3)*lnYpercap*1.2233781159605 + .03762760
> 26887113*t  ) 
-------------------------------------------------------------------
(obs = 44)

Iteration 0:  residual SS =  174489.4
Iteration 1:  residual SS =  133326.9
Iteration 2:  residual SS =  .4803439
Iteration 3:  residual SS =  .3381056
Iteration 4:  residual SS =  .3183914
Iteration 5:  residual SS =  .3173978
Iteration 6:  residual SS =  .3173764

      Source |       SS       df       MS            Number of obs =        44
-------------+------------------------------         F(  1,    42) =   4714.79
       Model |  35.6276293     1  35.6276293         Prob > F      =    0.0000
    Residual |  .317376021    42  .007556572         R-squared     =    0.9912
-------------+------------------------------         Adj R-squared =    0.9910
       Total |  35.9450054    43  .835930357         Root MSE      =  .0869285
                                                     Res. dev.     = -92.13515

------------------------------------------------------------------------------
      lnYtou |      Coef.   Std. Err.      t    P>|t|     [95% Conf. Interval]
-------------+----------------------------------------------------------------
          b1 |  -63.08946   .0310641 -2030.95   0.000    -63.15215   -63.02677
          b2 |   1937.631   2.178722   889.34   0.000     1933.234    1942.028
------------------------------------------------------------------------------
* Parameter b1 taken as constant term in model & ANOVA table
 (SEs, P values, CIs, and correlations are asymptotic approximations)
