=============================================================================================================
Estimation for Electricity and MLY, specification 2
=============================================================================================================
   
US parameters:
-------------------------------------------------------------------
elascoef1 = 1.2233781159605
elascoef2 = 1.2233781159605
trend     = .0376276026887113
-------------------------------------------------------------------
   
Model specification estimated:
( lnYtou = lnY + {b1} + (1.3-1)*ln(t-{b2=1943})*{b3=1.2233781159605} - (1-.3)*lnYpercap*1.2233781159605 + .037
> 6276026887113*t  ) 
-------------------------------------------------------------------
(obs = 46)

Iteration 0:  residual SS =  180367.3
Iteration 1:  residual SS =  174794.1
Iteration 2:  residual SS =  1.105683
Iteration 3:  residual SS =  .9856358
Iteration 4:  residual SS =  .9547517
Iteration 5:  residual SS =  .9288929
Iteration 6:  residual SS =  .9266179
Iteration 7:  residual SS =   .912294
Iteration 8:  residual SS =  .9037525
Iteration 9:  residual SS =  .9019144
Iteration 10:  residual SS =  .8931417
Iteration 11:  residual SS =  .8857446
Iteration 12:  residual SS =  .8798283
Iteration 13:  residual SS =  .8755233
Iteration 14:  residual SS =  .8729913
Iteration 15:  residual SS =  .8724331
Iteration 16:  residual SS =  .8679605
Iteration 17:  residual SS =  .8638473
Iteration 18:  residual SS =  .8601102
Iteration 19:  residual SS =  .8567681
Iteration 20:  residual SS =  .8538423
Iteration 21:  residual SS =   .851357
Iteration 22:  residual SS =  .8493394
Iteration 23:  residual SS =  .8478206
Iteration 24:  residual SS =  .8468358
Iteration 25:  residual SS =  .8464249
Iteration 26:  residual SS =  .8441496
Iteration 27:  residual SS =    .84197
Iteration 28:  residual SS =  .8398891
Iteration 29:  residual SS =  .8379099
Iteration 30:  residual SS =  .8360357
Iteration 31:  residual SS =  .8342698
Iteration 32:  residual SS =  .8326162
Iteration 33:  residual SS =  .8310787
Iteration 34:  residual SS =  .8296618
Iteration 35:  residual SS =    .82837
Iteration 36:  residual SS =  .8272085
Iteration 37:  residual SS =  .8261825
Iteration 38:  residual SS =  .8252978
Iteration 39:  residual SS =  .8245609
Iteration 40:  residual SS =  .8239782
Iteration 41:  residual SS =  .8235573
Iteration 42:  residual SS =   .823306
Iteration 43:  residual SS =  .8232327
Iteration 44:  residual SS =  .8221495
Iteration 45:  residual SS =  .8210939
Iteration 46:  residual SS =  .8200664
Iteration 47:  residual SS =  .8190677
Iteration 48:  residual SS =  .8180983
Iteration 49:  residual SS =  .8171589

      Source |       SS       df       MS            Number of obs =        46
-------------+------------------------------         F(  2,    43) =   1802.43
       Model |  68.4293983     2  34.2146992         Prob > F      =    0.0000
    Residual |   .81625014    43  .018982561         R-squared     =    0.9882
-------------+------------------------------         Adj R-squared =    0.9877
       Total |  69.2456484    45  1.53879219         Root MSE      =  .1377772
                                                     Res. dev.     = -54.91474

------------------------------------------------------------------------------
      lnYtou |      Coef.   Std. Err.      t    P>|t|     [95% Conf. Interval]
-------------+----------------------------------------------------------------
          b1 |  -80.69605   21.85398    -3.69   0.001    -124.7688   -36.62329
          b2 |   1809.758   150.5362    12.02   0.000     1506.173    2113.343
          b3 |   12.69563   12.01379     1.06   0.297    -11.53249    36.92374
------------------------------------------------------------------------------
* Parameter b1 taken as constant term in model & ANOVA table
 (SEs, P values, CIs, and correlations are asymptotic approximations)
convergence not achieved
