=============================================================================================================
Estimation for Electricity and MOL, specification 2
=============================================================================================================
   
US parameters:
-------------------------------------------------------------------
elascoef1 = 1.2233781159605
elascoef2 = 1.2233781159605
trend     = .0376276026887113
-------------------------------------------------------------------
   
Model specification estimated:
( lnYtou = lnY + {b1} + (1.3-1)*ln(t-{b2=1987})*{b3=1.2233781159605} - (1-.3)*lnYpercap*1.2233781159605 + .037
> 6276026887113*t  ) 
-------------------------------------------------------------------
(obs = 10)

Iteration 0:  residual SS =  38421.84
Iteration 1:  residual SS =  21685.85
Iteration 2:  residual SS =  1.580455
Iteration 3:  residual SS =  1.319529
Iteration 4:  residual SS =  .1298285
Iteration 5:  residual SS =  .0358228
Iteration 6:  residual SS =  .0358003
Iteration 7:  residual SS =  .0358003

      Source |       SS       df       MS            Number of obs =        10
-------------+------------------------------         F(  2,     7) =    154.51
       Model |  1.58040466     2  .790202328         Prob > F      =    0.0000
    Residual |  .035800256     7  .005114322         R-squared     =    0.9778
-------------+------------------------------         Adj R-squared =    0.9715
       Total |  1.61620491     9  .179578324         Root MSE      =  .0715145
                                                     Res. dev.     = -27.94508

------------------------------------------------------------------------------
      lnYtou |      Coef.   Std. Err.      t    P>|t|     [95% Conf. Interval]
-------------+----------------------------------------------------------------
          b1 |  -52.82713   7.258538    -7.28   0.000    -69.99084   -35.66341
          b2 |   1978.718   11.05422   179.00   0.000     1952.579    2004.857
          b3 |  -9.712574   6.284499    -1.55   0.166    -24.57305    5.147905
------------------------------------------------------------------------------
* Parameter b1 taken as constant term in model & ANOVA table
 (SEs, P values, CIs, and correlations are asymptotic approximations)
