=============================================================================================================
Estimation for Electricity and MON, specification 2
=============================================================================================================
   
US parameters:
-------------------------------------------------------------------
elascoef1 = 1.2233781159605
elascoef2 = 1.2233781159605
trend     = .0376276026887113
-------------------------------------------------------------------
   
Model specification estimated:
( lnYtou = lnY + {b1} + (1.3-1)*ln(t-{b2=1952})*{b3=1.2233781159605} - (1-.3)*lnYpercap*1.2233781159605 + .037
> 6276026887113*t  ) 
-------------------------------------------------------------------
(obs = 37)

Iteration 0:  residual SS =  143306.8
Iteration 1:  residual SS =  138901.4
Iteration 2:  residual SS =  .7171694
Iteration 3:  residual SS =  .4301244
Iteration 4:  residual SS =  .4283837
Iteration 5:  residual SS =  .4282954
Iteration 6:  residual SS =  .4282845
Iteration 7:  residual SS =  .4282829
Iteration 8:  residual SS =  .4282826
Iteration 9:  residual SS =  .4282826
Iteration 10:  residual SS =  .4282826
Iteration 11:  residual SS =  .4282826
Iteration 12:  residual SS =  .4282826

      Source |       SS       df       MS            Number of obs =        37
-------------+------------------------------         F(  2,    34) =   2076.96
       Model |  52.3249406     2  26.1624703         Prob > F      =    0.0000
    Residual |  .428282599    34  .012596547         R-squared     =    0.9919
-------------+------------------------------         Adj R-squared =    0.9914
       Total |  52.7532232    36  1.46536731         Root MSE      =  .1122343
                                                     Res. dev.     = -59.97748

------------------------------------------------------------------------------
      lnYtou |      Coef.   Std. Err.      t    P>|t|     [95% Conf. Interval]
-------------+----------------------------------------------------------------
          b1 |  -63.45673    .388541  -163.32   0.000    -64.24634   -62.66712
          b2 |   1952.492    1.70483  1145.27   0.000     1949.027    1955.956
          b3 |   2.609907   .3454383     7.56   0.000     1.907892    3.311922
------------------------------------------------------------------------------
* Parameter b1 taken as constant term in model & ANOVA table
 (SEs, P values, CIs, and correlations are asymptotic approximations)
