=============================================================================================================
Estimation for Electricity and MOR, specification 1
=============================================================================================================
   
US parameters:
-------------------------------------------------------------------
elascoef1 = 1.2233781159605
elascoef2 = 1.2233781159605
trend     = .0376276026887113
-------------------------------------------------------------------
   
Model specification estimated:
( lnYtou = lnY + {b1} + (1.3-1)*ln(t-{b2=1945})*1.2233781159605 - (1-.3)*lnYpercap*1.2233781159605 + .03762760
> 26887113*t  ) 
-------------------------------------------------------------------
(obs = 52)

Iteration 0:  residual SS =  209664.8
Iteration 1:  residual SS =  5.316619
Iteration 2:  residual SS =  .7019153
Iteration 3:  residual SS =  .6720134
Iteration 4:  residual SS =  .6717116
Iteration 5:  residual SS =  .6717116

      Source |       SS       df       MS            Number of obs =        52
-------------+------------------------------         F(  1,    50) =   4102.91
       Model |  55.1194866     1  55.1194866         Prob > F      =    0.0000
    Residual |  .671711567    50  .013434231         R-squared     =    0.9880
-------------+------------------------------         Adj R-squared =    0.9877
       Total |  55.7911982    51  1.09394506         Root MSE      =  .1159061
                                                     Res. dev.     = -78.58723

------------------------------------------------------------------------------
      lnYtou |      Coef.   Std. Err.      t    P>|t|     [95% Conf. Interval]
-------------+----------------------------------------------------------------
          b1 |  -63.86417    .074493  -857.32   0.000    -64.01379   -63.71455
          b2 |   1903.676   13.58952   140.08   0.000      1876.38    1930.971
------------------------------------------------------------------------------
* Parameter b1 taken as constant term in model & ANOVA table
 (SEs, P values, CIs, and correlations are asymptotic approximations)
