=============================================================================================================
Estimation for Electricity and MOZ, specification 2
=============================================================================================================
   
US parameters:
-------------------------------------------------------------------
elascoef1 = 1.2233781159605
elascoef2 = 1.2233781159605
trend     = .0376276026887113
-------------------------------------------------------------------
   
Model specification estimated:
( lnYtou = lnY + {b1} + (1.3-1)*ln(t-{b2=1945})*{b3=1.2233781159605} - (1-.3)*lnYpercap*1.2233781159605 + .037
> 6276026887113*t  ) 
-------------------------------------------------------------------
(obs = 44)

Iteration 0:  residual SS =  182846.8
Iteration 1:  residual SS =  177212.8
Iteration 2:  residual SS =  42.25828
Iteration 3:  residual SS =  41.89587
Iteration 4:  residual SS =  41.74554
Iteration 5:  residual SS =  41.73306
Iteration 6:  residual SS =  41.73306

      Source |       SS       df       MS            Number of obs =        44
-------------+------------------------------         F(  2,    41) =     19.33
       Model |  39.3543679     2   19.677184         Prob > F      =    0.0000
    Residual |    41.73306    41  1.01787951         R-squared     =    0.4853
-------------+------------------------------         Adj R-squared =    0.4602
       Total |  81.0874279    43  1.88575414         Root MSE      =    1.0089
                                                     Res. dev.     =  122.5392

------------------------------------------------------------------------------
      lnYtou |      Coef.   Std. Err.      t    P>|t|     [95% Conf. Interval]
-------------+----------------------------------------------------------------
          b1 |   -64.1899   .8168383   -78.58   0.000    -65.83954   -62.54026
          b2 |   1949.503    2.53092   770.27   0.000     1944.392    1954.614
          b3 |    1.05108   .8568372     1.23   0.227    -.6793383    2.781497
------------------------------------------------------------------------------
* Parameter b1 taken as constant term in model & ANOVA table
 (SEs, P values, CIs, and correlations are asymptotic approximations)
