=============================================================================================================
Estimation for Electricity and NAM, specification 1
=============================================================================================================
   
US parameters:
-------------------------------------------------------------------
elascoef1 = 1.2233781159605
elascoef2 = 1.2233781159605
trend     = .0376276026887113
-------------------------------------------------------------------
   
Model specification estimated:
( lnYtou = lnY + {b1} + (1.3-1)*ln(t-{b2=1986})*1.2233781159605 - (1-.3)*lnYpercap*1.2233781159605 + .03762760
> 26887113*t  ) 
-------------------------------------------------------------------
(obs = 11)

Iteration 0:  residual SS =  43308.74
Iteration 1:  residual SS =  26.92602
Iteration 2:  residual SS =  26.75749
Iteration 3:  residual SS =  26.61305
Iteration 4:  residual SS =  26.58193
Iteration 5:  residual SS =  26.53534
Iteration 6:  residual SS =  26.48905
Iteration 7:  residual SS =  26.45341
Iteration 8:  residual SS =  26.43159
Iteration 9:  residual SS =  26.42825
Iteration 10:  residual SS =  26.40997
Iteration 11:  residual SS =  26.39643
Iteration 12:  residual SS =  26.38871
Iteration 13:  residual SS =  26.38827
Iteration 14:  residual SS =  26.37836
Iteration 15:  residual SS =  26.36999
Iteration 16:  residual SS =   26.3634
Iteration 17:  residual SS =  26.35888
Iteration 18:  residual SS =   26.3568
Iteration 19:  residual SS =  26.35085
Iteration 20:  residual SS =  26.34534
Iteration 21:  residual SS =  26.34032
Iteration 22:  residual SS =  26.33582
Iteration 23:  residual SS =  26.33193
Iteration 24:  residual SS =  26.32868
Iteration 25:  residual SS =  26.32618
Iteration 26:  residual SS =   26.3245
Iteration 27:  residual SS =  26.32374
Iteration 28:  residual SS =  26.32072
Iteration 29:  residual SS =  26.31786
Iteration 30:  residual SS =  26.31515
Iteration 31:  residual SS =  26.31262
Iteration 32:  residual SS =  26.31028
Iteration 33:  residual SS =  26.30814
Iteration 34:  residual SS =  26.30621
Iteration 35:  residual SS =  26.30452
Iteration 36:  residual SS =  26.30308
Iteration 37:  residual SS =  26.30191
Iteration 38:  residual SS =  26.30104
Iteration 39:  residual SS =   26.3005
Iteration 40:  residual SS =  26.30031
Iteration 41:  residual SS =   26.2988
Iteration 42:  residual SS =  26.29736
Iteration 43:  residual SS =  26.29596
Iteration 44:  residual SS =  26.29463
Iteration 45:  residual SS =  26.29336
Iteration 46:  residual SS =  26.29215
Iteration 47:  residual SS =  26.29102
Iteration 48:  residual SS =  26.28995
Iteration 49:  residual SS =  26.28897

      Source |       SS       df       MS            Number of obs =        11
-------------+------------------------------         F(  1,     9) =     -8.80
       Model | -25.6940505     1 -25.6940505         Prob > F      =    1.0000
    Residual |  26.2880603     9  2.92089559         R-squared     =  -43.2553
-------------+------------------------------         Adj R-squared =  -48.1725
       Total |   .59400985    10  .059400985         Root MSE      =  1.709063
                                                     Res. dev.     =  40.80006

------------------------------------------------------------------------------
      lnYtou |      Coef.   Std. Err.      t    P>|t|     [95% Conf. Interval]
-------------+----------------------------------------------------------------
          b1 |  -66.22751    48.4881    -1.37   0.205    -175.9152    43.46019
          b2 |  -6.363664   259558.1    -0.00   1.000    -587167.7    587154.9
------------------------------------------------------------------------------
* Parameter b1 taken as constant term in model & ANOVA table
 (SEs, P values, CIs, and correlations are asymptotic approximations)
convergence not achieved
