=============================================================================================================
Estimation for Electricity and NEP, specification 1
=============================================================================================================
   
US parameters:
-------------------------------------------------------------------
elascoef1 = 1.2233781159605
elascoef2 = 1.2233781159605
trend     = .0376276026887113
-------------------------------------------------------------------
   
Model specification estimated:
( lnYtou = lnY + {b1} + (1.3-1)*ln(t-{b2=1948})*1.2233781159605 - (1-.3)*lnYpercap*1.2233781159605 + .03762760
> 26887113*t  ) 
-------------------------------------------------------------------
(obs = 40)

Iteration 0:  residual SS =  177102.5
Iteration 1:  residual SS =  155728.7
Iteration 2:  residual SS =  119217.8
Iteration 3:  residual SS =  67054.02
Iteration 4:  residual SS =  14.42019
Iteration 5:  residual SS =  14.39992
Iteration 6:  residual SS =  14.39924
Iteration 7:  residual SS =  14.39879
Iteration 8:  residual SS =  14.39866

      Source |       SS       df       MS            Number of obs =        40
-------------+------------------------------         F(  1,    38) =    231.35
       Model |  87.6600446     1  87.6600446         Prob > F      =    0.0000
    Residual |  14.3986194    38  .378911037         R-squared     =    0.8589
-------------+------------------------------         Adj R-squared =    0.8552
       Total |  102.058664    39  2.61688882         Root MSE      =  .6155575
                                                     Res. dev.     =   72.6452

------------------------------------------------------------------------------
      lnYtou |      Coef.   Std. Err.      t    P>|t|     [95% Conf. Interval]
-------------+----------------------------------------------------------------
          b1 |  -66.38193   .1000286  -663.63   0.000    -66.58443   -66.17943
          b2 |   1952.878    .201967  9669.29   0.000     1952.469    1953.286
------------------------------------------------------------------------------
* Parameter b1 taken as constant term in model & ANOVA table
 (SEs, P values, CIs, and correlations are asymptotic approximations)
