=============================================================================================================
Estimation for Electricity and NEP, specification 2
=============================================================================================================
   
US parameters:
-------------------------------------------------------------------
elascoef1 = 1.2233781159605
elascoef2 = 1.2233781159605
trend     = .0376276026887113
-------------------------------------------------------------------
   
Model specification estimated:
( lnYtou = lnY + {b1} + (1.3-1)*ln(t-{b2=1948})*{b3=1.2233781159605} - (1-.3)*lnYpercap*1.2233781159605 + .037
> 6276026887113*t  ) 
-------------------------------------------------------------------
(obs = 40)

Iteration 0:  residual SS =  177102.5
Iteration 1:  residual SS =  171619.3
Iteration 2:  residual SS =  4.959969
Iteration 3:  residual SS =   4.34921
Iteration 4:  residual SS =  3.072487
Iteration 5:  residual SS =  1.805583
Iteration 6:  residual SS =  1.800137
Iteration 7:  residual SS =  1.800114
Iteration 8:  residual SS =  1.800113
Iteration 9:  residual SS =  1.800113
Iteration 10:  residual SS =  1.800113
Iteration 11:  residual SS =  1.800113
Iteration 12:  residual SS =  1.800113

      Source |       SS       df       MS            Number of obs =        40
-------------+------------------------------         F(  2,    37) =   1030.37
       Model |  100.258551     2  50.1292754         Prob > F      =    0.0000
    Residual |  1.80011326    37   .04865171         R-squared     =    0.9824
-------------+------------------------------         Adj R-squared =    0.9814
       Total |  102.058664    39  2.61688882         Root MSE      =  .2205713
                                                     Res. dev.     = -10.52611

------------------------------------------------------------------------------
      lnYtou |      Coef.   Std. Err.      t    P>|t|     [95% Conf. Interval]
-------------+----------------------------------------------------------------
          b1 |  -78.38521   5.433877   -14.43   0.000    -89.39529   -67.37513
          b2 |   1925.183   14.46092   133.13   0.000     1895.883    1954.484
          b3 |   11.26722   3.777877     2.98   0.005      3.61251    18.92192
------------------------------------------------------------------------------
* Parameter b1 taken as constant term in model & ANOVA table
 (SEs, P values, CIs, and correlations are asymptotic approximations)
