=============================================================================================================
Estimation for Electricity and NGA, specification 1
=============================================================================================================
   
US parameters:
-------------------------------------------------------------------
elascoef1 = 1.2233781159605
elascoef2 = 1.2233781159605
trend     = .0376276026887113
-------------------------------------------------------------------
   
Model specification estimated:
( lnYtou = lnY + {b1} + (1.3-1)*ln(t-{b2=1945})*1.2233781159605 - (1-.3)*lnYpercap*1.2233781159605 + .03762760
> 26887113*t  ) 
-------------------------------------------------------------------
(obs = 52)

Iteration 0:  residual SS =  218747.7
Iteration 1:  residual SS =  9.920582
Iteration 2:  residual SS =  7.812114
Iteration 3:  residual SS =   7.46376
Iteration 4:  residual SS =  6.168238
Iteration 5:  residual SS =  5.925141
Iteration 6:  residual SS =  5.915855
Iteration 7:  residual SS =   5.91529
Iteration 8:  residual SS =  5.915006
Iteration 9:  residual SS =  5.914928

      Source |       SS       df       MS            Number of obs =        52
-------------+------------------------------         F(  1,    50) =   1028.21
       Model |  121.635539     1  121.635539         Prob > F      =    0.0000
    Residual |  5.91490887    50  .118298177         R-squared     =    0.9536
-------------+------------------------------         Adj R-squared =    0.9527
       Total |  127.550448    51  2.50098917         Root MSE      =   .343945
                                                     Res. dev.     =  34.53369

------------------------------------------------------------------------------
      lnYtou |      Coef.   Std. Err.      t    P>|t|     [95% Conf. Interval]
-------------+----------------------------------------------------------------
          b1 |  -64.73347   .0491783 -1316.30   0.000    -64.83225   -64.63469
          b2 |   1949.809   .1769017        .   0.000     1949.453    1950.164
------------------------------------------------------------------------------
* Parameter b1 taken as constant term in model & ANOVA table
 (SEs, P values, CIs, and correlations are asymptotic approximations)
