=============================================================================================================
Estimation for Electricity and NIC, specification 1
=============================================================================================================
   
US parameters:
-------------------------------------------------------------------
elascoef1 = 1.2233781159605
elascoef2 = 1.2233781159605
trend     = .0376276026887113
-------------------------------------------------------------------
   
Model specification estimated:
( lnYtou = lnY + {b1} + (1.3-1)*ln(t-{b2=1943})*1.2233781159605 - (1-.3)*lnYpercap*1.2233781159605 + .03762760
> 26887113*t  ) 
-------------------------------------------------------------------
(obs = 54)

Iteration 0:  residual SS =  215919.7
Iteration 1:  residual SS =  9.951927
Iteration 2:  residual SS =  3.738269
Iteration 3:  residual SS =  3.321256
Iteration 4:  residual SS =  3.150862
Iteration 5:  residual SS =  3.075471
Iteration 6:  residual SS =  3.036616
Iteration 7:  residual SS =  3.013779
Iteration 8:  residual SS =  3.000726
Iteration 9:  residual SS =  2.994799
Iteration 10:  residual SS =   2.99297
Iteration 11:  residual SS =  2.992615
Iteration 12:  residual SS =  2.992568
Iteration 13:  residual SS =  2.992562
Iteration 14:  residual SS =  2.992561
Iteration 15:  residual SS =  2.992561
Iteration 16:  residual SS =  2.992561
Iteration 17:  residual SS =  2.992561
Iteration 18:  residual SS =  2.992561
Iteration 19:  residual SS =  2.992561
Iteration 20:  residual SS =  2.992561

      Source |       SS       df       MS            Number of obs =        54
-------------+------------------------------         F(  1,    52) =   1061.67
       Model |  61.0982644     1  61.0982644         Prob > F      =    0.0000
    Residual |  2.99256106    52  .057549251         R-squared     =    0.9533
-------------+------------------------------         Adj R-squared =    0.9524
       Total |  64.0908254    53  1.20926086         Root MSE      =  .2398943
                                                     Res. dev.     =  -2.96878

------------------------------------------------------------------------------
      lnYtou |      Coef.   Std. Err.      t    P>|t|     [95% Conf. Interval]
-------------+----------------------------------------------------------------
          b1 |  -64.27548   .9554117   -67.28   0.000    -66.19265    -62.3583
          b2 |   1517.978   1186.311     1.28   0.206     -862.528    3898.485
------------------------------------------------------------------------------
* Parameter b1 taken as constant term in model & ANOVA table
 (SEs, P values, CIs, and correlations are asymptotic approximations)
