=============================================================================================================
Estimation for Electricity and NIG, specification 1
=============================================================================================================
   
US parameters:
-------------------------------------------------------------------
elascoef1 = 1.2233781159605
elascoef2 = 1.2233781159605
trend     = .0376276026887113
-------------------------------------------------------------------
   
Model specification estimated:
( lnYtou = lnY + {b1} + (1.3-1)*ln(t-{b2=1945})*1.2233781159605 - (1-.3)*lnYpercap*1.2233781159605 + .03762760
> 26887113*t  ) 
-------------------------------------------------------------------
(obs = 44)

Iteration 0:  residual SS =  196417.7
Iteration 1:  residual SS =  184392.8
Iteration 2:  residual SS =  161922.3
Iteration 3:  residual SS =  142307.1
Iteration 4:  residual SS =  108914.4
Iteration 5:  cannot calculate derivatives
equation/system not identified
