=============================================================================================================
Estimation for Electricity and NTH, specification 2
=============================================================================================================
   
US parameters:
-------------------------------------------------------------------
elascoef1 = 1.2233781159605
elascoef2 = 1.2233781159605
trend     = .0376276026887113
-------------------------------------------------------------------
   
Model specification estimated:
( lnYtou = lnY + {b1} + (1.3-1)*ln(t-{b2=1915})*{b3=1.2233781159605} - (1-.3)*lnYpercap*1.2233781159605 + .037
> 6276026887113*t  ) 
-------------------------------------------------------------------
(obs = 82)

Iteration 0:  residual SS =    308783
Iteration 1:  residual SS =  289936.8
Iteration 2:  residual SS =  4.988829
Iteration 3:  residual SS =  4.972692
Iteration 4:  residual SS =  4.972053
Iteration 5:  residual SS =  4.972053

      Source |       SS       df       MS            Number of obs =        82
-------------+------------------------------         F(  2,    79) =   1443.88
       Model |  181.748212     2  90.8741058         Prob > F      =    0.0000
    Residual |  4.97205279    79  .062937377         R-squared     =    0.9734
-------------+------------------------------         Adj R-squared =    0.9727
       Total |  186.720264    81  2.30518845         Root MSE      =  .2508732
                                                     Res. dev.     =   2.86923

------------------------------------------------------------------------------
      lnYtou |      Coef.   Std. Err.      t    P>|t|     [95% Conf. Interval]
-------------+----------------------------------------------------------------
          b1 |  -61.31492   .3130528  -195.86   0.000    -61.93803    -60.6918
          b2 |   1917.118   3.009381   637.05   0.000     1911.128    1923.108
          b3 |   1.205597   .2535154     4.76   0.000     .7009874    1.710207
------------------------------------------------------------------------------
* Parameter b1 taken as constant term in model & ANOVA table
 (SEs, P values, CIs, and correlations are asymptotic approximations)
