=============================================================================================================
Estimation for Electricity and PAN, specification 2
=============================================================================================================
   
US parameters:
-------------------------------------------------------------------
elascoef1 = 1.2233781159605
elascoef2 = 1.2233781159605
trend     = .0376276026887113
-------------------------------------------------------------------
   
Model specification estimated:
( lnYtou = lnY + {b1} + (1.3-1)*ln(t-{b2=1945})*{b3=1.2233781159605} - (1-.3)*lnYpercap*1.2233781159605 + .037
> 6276026887113*t  ) 
-------------------------------------------------------------------
(obs = 52)

Iteration 0:  residual SS =  224449.7
Iteration 1:  residual SS =  217474.1
Iteration 2:  residual SS =  2.416793
Iteration 3:  residual SS =  2.407926
Iteration 4:  residual SS =  2.404727
Iteration 5:  residual SS =  2.404464
Iteration 6:  residual SS =  2.404092
Iteration 7:  residual SS =  2.404074
Iteration 8:  residual SS =  2.404073
Iteration 9:  residual SS =  2.404073
Iteration 10:  residual SS =  2.404073
Iteration 11:  residual SS =  2.404073
Iteration 12:  residual SS =  2.404073

      Source |       SS       df       MS            Number of obs =        52
-------------+------------------------------         F(  2,    49) =    757.69
       Model |  74.3486159     2   37.174308         Prob > F      =    0.0000
    Residual |  2.40407276    49  .049062709         R-squared     =    0.9687
-------------+------------------------------         Adj R-squared =    0.9674
       Total |  76.7526887    51  1.50495468         Root MSE      =   .221501
                                                     Res. dev.     = -12.28252

------------------------------------------------------------------------------
      lnYtou |      Coef.   Std. Err.      t    P>|t|     [95% Conf. Interval]
-------------+----------------------------------------------------------------
          b1 |  -65.34821   .2653822  -246.24   0.000    -65.88152   -64.81491
          b2 |   1948.511   2.023978   962.71   0.000     1944.444    1952.578
          b3 |   .9231599   .2471697     3.73   0.000     .4264537    1.419866
------------------------------------------------------------------------------
* Parameter b1 taken as constant term in model & ANOVA table
 (SEs, P values, CIs, and correlations are asymptotic approximations)
