=============================================================================================================
Estimation for Electricity and PER, specification 1
=============================================================================================================
   
US parameters:
-------------------------------------------------------------------
elascoef1 = 1.2233781159605
elascoef2 = 1.2233781159605
trend     = .0376276026887113
-------------------------------------------------------------------
   
Model specification estimated:
( lnYtou = lnY + {b1} + (1.3-1)*ln(t-{b2=1926})*1.2233781159605 - (1-.3)*lnYpercap*1.2233781159605 + .03762760
> 26887113*t  ) 
-------------------------------------------------------------------
(obs = 71)

Iteration 0:  residual SS =  269825.4
Iteration 1:  residual SS =  206246.9
Iteration 2:  residual SS =  4.919863
Iteration 3:  residual SS =  4.627944
Iteration 4:  residual SS =  4.617986
Iteration 5:  residual SS =   4.61768
Iteration 6:  residual SS =   4.61765

      Source |       SS       df       MS            Number of obs =        71
-------------+------------------------------         F(  1,    69) =   2666.05
       Model |  178.418696     1  178.418696         Prob > F      =    0.0000
    Residual |  4.61764718    69  .066922423         R-squared     =    0.9748
-------------+------------------------------         Adj R-squared =    0.9744
       Total |  183.036343    70   2.6148049         Root MSE      =  .2586937
                                                     Res. dev.     =  7.460857

------------------------------------------------------------------------------
      lnYtou |      Coef.   Std. Err.      t    P>|t|     [95% Conf. Interval]
-------------+----------------------------------------------------------------
          b1 |   -61.5875   .0363362 -1694.93   0.000    -61.65999   -61.51501
          b2 |   1929.418   .9034792  2135.54   0.000     1927.615     1931.22
------------------------------------------------------------------------------
* Parameter b1 taken as constant term in model & ANOVA table
 (SEs, P values, CIs, and correlations are asymptotic approximations)
