=============================================================================================================
Estimation for Electricity and PHI, specification 1
=============================================================================================================
   
US parameters:
-------------------------------------------------------------------
elascoef1 = 1.2233781159605
elascoef2 = 1.2233781159605
trend     = .0376276026887113
-------------------------------------------------------------------
   
Model specification estimated:
( lnYtou = lnY + {b1} + (1.3-1)*ln(t-{b2=1920})*1.2233781159605 - (1-.3)*lnYpercap*1.2233781159605 + .03762760
> 26887113*t  ) 
-------------------------------------------------------------------
(obs = 71)

Iteration 0:  residual SS =  280893.2
Iteration 1:  residual SS =    246529
Iteration 2:  residual SS =  138643.1
Iteration 3:  residual SS =  11.66869
Iteration 4:  residual SS =  11.52386
Iteration 5:  residual SS =  11.52356
Iteration 6:  residual SS =  11.52261
Iteration 7:  residual SS =  11.52129

      Source |       SS       df       MS            Number of obs =        71
-------------+------------------------------         F(  1,    69) =   1650.67
       Model |  275.620629     1  275.620629         Prob > F      =    0.0000
    Residual |  11.5212925    69  .166975254         R-squared     =    0.9599
-------------+------------------------------         Adj R-squared =    0.9593
       Total |  287.141922    70  4.10202745         Root MSE      =  .4086261
                                                     Res. dev.     =  72.37698

------------------------------------------------------------------------------
      lnYtou |      Coef.   Std. Err.      t    P>|t|     [95% Conf. Interval]
-------------+----------------------------------------------------------------
          b1 |  -62.81655    .051428 -1221.45   0.000    -62.91915   -62.71395
          b2 |    1924.46   .5697601  3377.67   0.000     1923.323    1925.596
------------------------------------------------------------------------------
* Parameter b1 taken as constant term in model & ANOVA table
 (SEs, P values, CIs, and correlations are asymptotic approximations)
