=============================================================================================================
Estimation for Electricity and POL, specification 2
=============================================================================================================
   
US parameters:
-------------------------------------------------------------------
elascoef1 = 1.2233781159605
elascoef2 = 1.2233781159605
trend     = .0376276026887113
-------------------------------------------------------------------
   
Model specification estimated:
( lnYtou = lnY + {b1} + (1.3-1)*ln(t-{b2=1924})*{b3=1.2233781159605} - (1-.3)*lnYpercap*1.2233781159605 + .037
> 6276026887113*t  ) 
-------------------------------------------------------------------
(obs = 62)

Iteration 0:  residual SS =  235849.4
Iteration 1:  residual SS =  228516.4
Iteration 2:  residual SS =   57156.6
Iteration 3:  residual SS =  7.015278
Iteration 4:  residual SS =  7.012404
Iteration 5:  residual SS =   7.00659
Iteration 6:  residual SS =  7.005054
Iteration 7:  residual SS =  7.003953
Iteration 8:  residual SS =  7.003464
Iteration 9:  residual SS =  7.001907
Iteration 10:  residual SS =  7.001626
Iteration 11:  residual SS =  7.001447
Iteration 12:  residual SS =  7.001397
Iteration 13:  residual SS =  7.001378
Iteration 14:  residual SS =  7.001358
Iteration 15:  residual SS =  7.001351
Iteration 16:  residual SS =  7.001348
Iteration 17:  residual SS =  7.001348
Iteration 18:  residual SS =  7.001346
Iteration 19:  residual SS =  7.001346
Iteration 20:  residual SS =  7.001346
Iteration 21:  residual SS =  7.001346
Iteration 22:  residual SS =  7.001346
Iteration 23:  residual SS =  7.001346
Iteration 24:  residual SS =  7.001346
Iteration 25:  residual SS =  7.001346

      Source |       SS       df       MS            Number of obs =        62
-------------+------------------------------         F(  2,    59) =    472.49
       Model |  112.138889     2  56.0694444         Prob > F      =    0.0000
    Residual |  7.00134571    59  .118666876         R-squared     =    0.9412
-------------+------------------------------         Adj R-squared =    0.9392
       Total |  119.140234    61   1.9531186         Root MSE      =  .3444806
                                                     Res. dev.     =  40.72439

------------------------------------------------------------------------------
      lnYtou |      Coef.   Std. Err.      t    P>|t|     [95% Conf. Interval]
-------------+----------------------------------------------------------------
          b1 |  -60.68516   .3363707  -180.41   0.000    -61.35824   -60.01208
          b2 |   1927.905   6.128194   314.60   0.000     1915.643    1940.168
          b3 |   .3282764   .2904608     1.13   0.263    -.2529342     .909487
------------------------------------------------------------------------------
* Parameter b1 taken as constant term in model & ANOVA table
 (SEs, P values, CIs, and correlations are asymptotic approximations)
