=============================================================================================================
Estimation for Electricity and PRG, specification 1
=============================================================================================================
   
US parameters:
-------------------------------------------------------------------
elascoef1 = 1.2233781159605
elascoef2 = 1.2233781159605
trend     = .0376276026887113
-------------------------------------------------------------------
   
Model specification estimated:
( lnYtou = lnY + {b1} + (1.3-1)*ln(t-{b2=1945})*1.2233781159605 - (1-.3)*lnYpercap*1.2233781159605 + .03762760
> 26887113*t  ) 
-------------------------------------------------------------------
(obs = 43)

Iteration 0:  residual SS =    174134
Iteration 1:  residual SS =  8.743544
Iteration 2:  residual SS =  6.706236
Iteration 3:  residual SS =  5.769104
Iteration 4:  residual SS =   5.49995
Iteration 5:  residual SS =  5.429819
Iteration 6:  residual SS =  5.429728
Iteration 7:  residual SS =  5.429688
Iteration 8:  residual SS =  5.429674

      Source |       SS       df       MS            Number of obs =        43
-------------+------------------------------         F(  1,    41) =    547.09
       Model |  72.4517084     1  72.4517084         Prob > F      =    0.0000
    Residual |  5.42966921    41  .132430956         R-squared     =    0.9303
-------------+------------------------------         Adj R-squared =    0.9286
       Total |  77.8813776    42  1.85431852         Root MSE      =  .3639106
                                                     Res. dev.     =  33.04787

------------------------------------------------------------------------------
      lnYtou |      Coef.   Std. Err.      t    P>|t|     [95% Conf. Interval]
-------------+----------------------------------------------------------------
          b1 |  -63.54908   .0690017  -920.98   0.000    -63.68843   -63.40973
          b2 |   1948.517   1.273184  1530.43   0.000     1945.946    1951.088
------------------------------------------------------------------------------
* Parameter b1 taken as constant term in model & ANOVA table
 (SEs, P values, CIs, and correlations are asymptotic approximations)
