=============================================================================================================
Estimation for Electricity and ROM, specification 2
=============================================================================================================
   
US parameters:
-------------------------------------------------------------------
elascoef1 = 1.2233781159605
elascoef2 = 1.2233781159605
trend     = .0376276026887113
-------------------------------------------------------------------
   
Model specification estimated:
( lnYtou = lnY + {b1} + (1.3-1)*ln(t-{b2=1921})*{b3=1.2233781159605} - (1-.3)*lnYpercap*1.2233781159605 + .037
> 6276026887113*t  ) 
-------------------------------------------------------------------
(obs = 66)

Iteration 0:  residual SS =  248870.5
Iteration 1:  residual SS =  241183.3
Iteration 2:  residual SS =  19.87219
Iteration 3:  residual SS =  12.97768
Iteration 4:  residual SS =  12.95389
Iteration 5:  residual SS =  12.95362
Iteration 6:  residual SS =  12.95263
Iteration 7:  residual SS =  12.95243
Iteration 8:  residual SS =  12.95204
Iteration 9:  residual SS =  12.95192
Iteration 10:  residual SS =  12.95176
Iteration 11:  residual SS =   12.9517
Iteration 12:  residual SS =  12.95163
Iteration 13:  residual SS =   12.9516
Iteration 14:  residual SS =  12.95157
Iteration 15:  residual SS =  12.95155
Iteration 16:  residual SS =  12.95154
Iteration 17:  residual SS =  12.95153
Iteration 18:  residual SS =  12.95152
Iteration 19:  residual SS =  12.95152
Iteration 20:  residual SS =  12.95151
Iteration 21:  residual SS =  12.95151
Iteration 22:  residual SS =  12.95151
Iteration 23:  residual SS =  12.95151
Iteration 24:  residual SS =  12.95151
Iteration 25:  residual SS =  12.95151
Iteration 26:  residual SS =  12.95151
Iteration 27:  residual SS =  12.95151
Iteration 28:  residual SS =  12.95151
Iteration 29:  residual SS =  12.95151
Iteration 30:  residual SS =  12.95151
Iteration 31:  residual SS =  12.95151
Iteration 32:  residual SS =  12.95151
Iteration 33:  residual SS =  12.95151
Iteration 34:  residual SS =  12.95151
Iteration 35:  residual SS =  12.95151
Iteration 36:  residual SS =  12.95151
Iteration 37:  residual SS =  12.95151
Iteration 38:  residual SS =  12.95151
Iteration 39:  residual SS =  12.95151
Iteration 40:  residual SS =  12.95151

      Source |       SS       df       MS            Number of obs =        66
-------------+------------------------------         F(  2,    63) =    491.31
       Model |  202.008067     2  101.004034         Prob > F      =    0.0000
    Residual |  12.9515063    63  .205579464         R-squared     =    0.9397
-------------+------------------------------         Adj R-squared =    0.9378
       Total |  214.959573    65  3.30707036         Root MSE      =  .4534087
                                                     Res. dev.     =  79.82267

------------------------------------------------------------------------------
      lnYtou |      Coef.   Std. Err.      t    P>|t|     [95% Conf. Interval]
-------------+----------------------------------------------------------------
          b1 |  -65.71286   2.257954   -29.10   0.000    -70.22503    -61.2007
          b2 |   1911.751   11.37986   167.99   0.000      1889.01    1934.491
          b3 |   4.828816   1.606171     3.01   0.004     1.619139    8.038493
------------------------------------------------------------------------------
* Parameter b1 taken as constant term in model & ANOVA table
 (SEs, P values, CIs, and correlations are asymptotic approximations)
