=============================================================================================================
Estimation for Electricity and SAU, specification 1
=============================================================================================================
   
US parameters:
-------------------------------------------------------------------
elascoef1 = 1.2233781159605
elascoef2 = 1.2233781159605
trend     = .0376276026887113
-------------------------------------------------------------------
   
Model specification estimated:
( lnYtou = lnY + {b1} + (1.3-1)*ln(t-{b2=1957})*1.2233781159605 - (1-.3)*lnYpercap*1.2233781159605 + .03762760
> 26887113*t  ) 
-------------------------------------------------------------------
(obs = 32)

Iteration 0:  residual SS =  122193.8
Iteration 1:  residual SS =  93427.12
Iteration 2:  residual SS =  71489.51
Iteration 3:  residual SS =  40217.96
Iteration 4:  residual SS =  24.19158
Iteration 5:  residual SS =  24.14975
Iteration 6:  residual SS =  24.14914
Iteration 7:  residual SS =  24.14884
Iteration 8:  residual SS =  24.14872

      Source |       SS       df       MS            Number of obs =        32
-------------+------------------------------         F(  1,    30) =     97.31
       Model |    78.33004     1    78.33004         Prob > F      =    0.0000
    Residual |  24.1486966    30  .804956554         R-squared     =    0.7644
-------------+------------------------------         Adj R-squared =    0.7565
       Total |  102.478737    31   3.3057657         Root MSE      =  .8971937
                                                     Res. dev.     =  81.80389

------------------------------------------------------------------------------
      lnYtou |      Coef.   Std. Err.      t    P>|t|     [95% Conf. Interval]
-------------+----------------------------------------------------------------
          b1 |  -61.60071   .1636698  -376.37   0.000    -61.93497   -61.26645
          b2 |   1961.891   .2635608  7443.79   0.000     1961.353    1962.429
------------------------------------------------------------------------------
* Parameter b1 taken as constant term in model & ANOVA table
 (SEs, P values, CIs, and correlations are asymptotic approximations)
