=============================================================================================================
Estimation for Electricity and SEN, specification 2
=============================================================================================================
   
US parameters:
-------------------------------------------------------------------
elascoef1 = 1.2233781159605
elascoef2 = 1.2233781159605
trend     = .0376276026887113
-------------------------------------------------------------------
   
Model specification estimated:
( lnYtou = lnY + {b1} + (1.3-1)*ln(t-{b2=1945})*{b3=1.2233781159605} - (1-.3)*lnYpercap*1.2233781159605 + .037
> 6276026887113*t  ) 
-------------------------------------------------------------------
(obs = 44)

Iteration 0:  residual SS =  184475.7
Iteration 1:  residual SS =  178747.7
Iteration 2:  residual SS =  100546.7
Iteration 3:  residual SS =  56558.78
Iteration 4:  residual SS =  31815.88
Iteration 5:  residual SS =  17898.36
Iteration 6:  cannot calculate derivatives
equation/system not identified
