=============================================================================================================
Estimation for Electricity and SOM, specification 2
=============================================================================================================
   
US parameters:
-------------------------------------------------------------------
elascoef1 = 1.2233781159605
elascoef2 = 1.2233781159605
trend     = .0376276026887113
-------------------------------------------------------------------
   
Model specification estimated:
( lnYtou = lnY + {b1} + (1.3-1)*ln(t-{b2=1950})*{b3=1.2233781159605} - (1-.3)*lnYpercap*1.2233781159605 + .037
> 6276026887113*t  ) 
-------------------------------------------------------------------
(obs = 39)

Iteration 0:  residual SS =  171311.4
Iteration 1:  residual SS =    165977
Iteration 2:  residual SS =  1.736693
Iteration 3:  residual SS =  1.459377
Iteration 4:  residual SS =  1.458907
Iteration 5:  residual SS =  1.458906
Iteration 6:  residual SS =  1.458906

      Source |       SS       df       MS            Number of obs =        39
-------------+------------------------------         F(  2,    36) =   1019.00
       Model |  82.5905987     2  41.2952994         Prob > F      =    0.0000
    Residual |  1.45890644    36  .040525179         R-squared     =    0.9826
-------------+------------------------------         Adj R-squared =    0.9817
       Total |  84.0495052    38  2.21182908         Root MSE      =  .2013087
                                                     Res. dev.     =  -17.4719

------------------------------------------------------------------------------
      lnYtou |      Coef.   Std. Err.      t    P>|t|     [95% Conf. Interval]
-------------+----------------------------------------------------------------
          b1 |  -67.57285   .2362971  -285.97   0.000    -68.05208   -67.09361
          b2 |   1953.991   .4148458  4710.16   0.000      1953.15    1954.833
          b3 |   2.940162   .2426475    12.12   0.000      2.44805    3.432274
------------------------------------------------------------------------------
* Parameter b1 taken as constant term in model & ANOVA table
 (SEs, P values, CIs, and correlations are asymptotic approximations)
