=============================================================================================================
Estimation for Electricity and SOM, specification 1
=============================================================================================================
   
US parameters:
-------------------------------------------------------------------
elascoef1 = 1.2233781159605
elascoef2 = 1.2233781159605
trend     = .0376276026887113
-------------------------------------------------------------------
   
Model specification estimated:
( lnYtou = lnY + {b1} + (1.3-1)*ln(t-{b2=1950})*1.2233781159605 - (1-.3)*lnYpercap*1.2233781159605 + .03762760
> 26887113*t  ) 
-------------------------------------------------------------------
(obs = 39)

Iteration 0:  residual SS =  171311.4
Iteration 1:  residual SS =  150380.3
Iteration 2:  residual SS =  115114.6
Iteration 3:  residual SS =  64716.65
Iteration 4:  residual SS =    5.8495
Iteration 5:  residual SS =  5.802492
Iteration 6:  residual SS =  5.799967

      Source |       SS       df       MS            Number of obs =        39
-------------+------------------------------         F(  1,    37) =    499.18
       Model |  78.2495419     1  78.2495419         Prob > F      =    0.0000
    Residual |  5.79996328    37  .156755764         R-squared     =    0.9310
-------------+------------------------------         Adj R-squared =    0.9291
       Total |  84.0495052    38  2.21182908         Root MSE      =  .3959239
                                                     Res. dev.     =  36.35451

------------------------------------------------------------------------------
      lnYtou |      Coef.   Std. Err.      t    P>|t|     [95% Conf. Interval]
-------------+----------------------------------------------------------------
          b1 |  -66.08902   .0643189 -1027.52   0.000    -66.21934    -65.9587
          b2 |   1954.987   .0137286        .   0.000     1954.959    1955.015
------------------------------------------------------------------------------
* Parameter b1 taken as constant term in model & ANOVA table
 (SEs, P values, CIs, and correlations are asymptotic approximations)
