=============================================================================================================
Estimation for Electricity and SPA, specification 1
=============================================================================================================
   
US parameters:
-------------------------------------------------------------------
elascoef1 = 1.2233781159605
elascoef2 = 1.2233781159605
trend     = .0376276026887113
-------------------------------------------------------------------
   
Model specification estimated:
( lnYtou = lnY + {b1} + (1.3-1)*ln(t-{b2=1896})*1.2233781159605 - (1-.3)*lnYpercap*1.2233781159605 + .03762760
> 26887113*t  ) 
-------------------------------------------------------------------
(obs = 101)

Iteration 0:  residual SS =  392158.1
Iteration 1:  residual SS =  344735.2
Iteration 2:  residual SS =  263909.5
Iteration 3:  residual SS =  148432.9
Iteration 4:  residual SS =  23.62263
Iteration 5:  residual SS =  23.61883

      Source |       SS       df       MS            Number of obs =       101
-------------+------------------------------         F(  1,    99) =   1955.54
       Model |   466.54116     1   466.54116         Prob > F      =    0.0000
    Residual |  23.6188072    99  .238573811         R-squared     =    0.9518
-------------+------------------------------         Adj R-squared =    0.9513
       Total |  490.159967   100  4.90159967         Root MSE      =  .4884402
                                                     Res. dev.     =  139.8648

------------------------------------------------------------------------------
      lnYtou |      Coef.   Std. Err.      t    P>|t|     [95% Conf. Interval]
-------------+----------------------------------------------------------------
          b1 |  -62.23552   .0496165 -1254.33   0.000    -62.33397   -62.13707
          b2 |   1900.776   .2930401  6486.40   0.000     1900.194    1901.357
------------------------------------------------------------------------------
* Parameter b1 taken as constant term in model & ANOVA table
 (SEs, P values, CIs, and correlations are asymptotic approximations)
