=============================================================================================================
Estimation for Electricity and SPA, specification 2
=============================================================================================================
   
US parameters:
-------------------------------------------------------------------
elascoef1 = 1.2233781159605
elascoef2 = 1.2233781159605
trend     = .0376276026887113
-------------------------------------------------------------------
   
Model specification estimated:
( lnYtou = lnY + {b1} + (1.3-1)*ln(t-{b2=1896})*{b3=1.2233781159605} - (1-.3)*lnYpercap*1.2233781159605 + .037
> 6276026887113*t  ) 
-------------------------------------------------------------------
(obs = 101)

Iteration 0:  residual SS =  392158.1
Iteration 1:  residual SS =    380022
Iteration 2:  residual SS =  17.32254
Iteration 3:  residual SS =  5.790857
Iteration 4:  residual SS =  3.643916
Iteration 5:  residual SS =   3.64388
Iteration 6:  residual SS =   3.64388
Iteration 7:  residual SS =   3.64388

      Source |       SS       df       MS            Number of obs =       101
-------------+------------------------------         F(  2,    98) =   6542.28
       Model |  486.516087     2  243.258044         Prob > F      =    0.0000
    Residual |  3.64388024    98  .037182451         R-squared     =    0.9926
-------------+------------------------------         Adj R-squared =    0.9924
       Total |  490.159967   100  4.90159967         Root MSE      =  .1928275
                                                     Res. dev.     = -48.90363

------------------------------------------------------------------------------
      lnYtou |      Coef.   Std. Err.      t    P>|t|     [95% Conf. Interval]
-------------+----------------------------------------------------------------
          b1 |  -70.33848   1.722211   -40.84   0.000    -73.75615   -66.92081
          b2 |   1862.013   11.08064   168.04   0.000     1840.024    1884.002
          b3 |   7.092781   1.072567     6.61   0.000     4.964306    9.221255
------------------------------------------------------------------------------
* Parameter b1 taken as constant term in model & ANOVA table
 (SEs, P values, CIs, and correlations are asymptotic approximations)
