=============================================================================================================
Estimation for Electricity and SRI, specification 1
=============================================================================================================
   
US parameters:
-------------------------------------------------------------------
elascoef1 = 1.2233781159605
elascoef2 = 1.2233781159605
trend     = .0376276026887113
-------------------------------------------------------------------
   
Model specification estimated:
( lnYtou = lnY + {b1} + (1.3-1)*ln(t-{b2=1930})*1.2233781159605 - (1-.3)*lnYpercap*1.2233781159605 + .03762760
> 26887113*t  ) 
-------------------------------------------------------------------
(obs = 67)

Iteration 0:  residual SS =  280242.3
Iteration 1:  residual SS =  14.74879
Iteration 2:  residual SS =  10.90377
Iteration 3:  residual SS =  7.547898
Iteration 4:  residual SS =  6.434203
Iteration 5:  residual SS =  6.433667
Iteration 6:  residual SS =  6.433156
Iteration 7:  residual SS =  6.433013
Iteration 8:  residual SS =  6.432868
Iteration 9:  residual SS =  6.432802

      Source |       SS       df       MS            Number of obs =        67
-------------+------------------------------         F(  1,    65) =   2001.16
       Model |  198.045625     1  198.045625         Prob > F      =    0.0000
    Residual |  6.43275876    65  .098965519         R-squared     =    0.9685
-------------+------------------------------         Adj R-squared =    0.9681
       Total |  204.478384    66  3.09815733         Root MSE      =  .3145879
                                                     Res. dev.     =  33.13739

------------------------------------------------------------------------------
      lnYtou |      Coef.   Std. Err.      t    P>|t|     [95% Conf. Interval]
-------------+----------------------------------------------------------------
          b1 |  -64.57856   .0402295 -1605.25   0.000     -64.6589   -64.49821
          b2 |   1934.617   .3096555  6247.64   0.000     1933.998    1935.235
------------------------------------------------------------------------------
* Parameter b1 taken as constant term in model & ANOVA table
 (SEs, P values, CIs, and correlations are asymptotic approximations)
