=============================================================================================================
Estimation for Electricity and SRI, specification 2
=============================================================================================================
   
US parameters:
-------------------------------------------------------------------
elascoef1 = 1.2233781159605
elascoef2 = 1.2233781159605
trend     = .0376276026887113
-------------------------------------------------------------------
   
Model specification estimated:
( lnYtou = lnY + {b1} + (1.3-1)*ln(t-{b2=1930})*{b3=1.2233781159605} - (1-.3)*lnYpercap*1.2233781159605 + .037
> 6276026887113*t  ) 
-------------------------------------------------------------------
(obs = 67)

Iteration 0:  residual SS =  280242.3
Iteration 1:  residual SS =  271596.5
Iteration 2:  residual SS =  5.845365
Iteration 3:  residual SS =  1.032156
Iteration 4:  residual SS =   1.03013
Iteration 5:  residual SS =  1.030104
Iteration 6:  residual SS =    1.0301
Iteration 7:  residual SS =  1.030099
Iteration 8:  residual SS =  1.030099
Iteration 9:  residual SS =  1.030099
Iteration 10:  residual SS =  1.030099
Iteration 11:  residual SS =  1.030099
Iteration 12:  residual SS =  1.030099

      Source |       SS       df       MS            Number of obs =        67
-------------+------------------------------         F(  2,    64) =   6320.11
       Model |  203.448285     2  101.724142         Prob > F      =    0.0000
    Residual |  1.03009916    64  .016095299         R-squared     =    0.9950
-------------+------------------------------         Adj R-squared =    0.9948
       Total |  204.478384    66  3.09815733         Root MSE      =  .1268673
                                                     Res. dev.     = -89.58975

------------------------------------------------------------------------------
      lnYtou |      Coef.   Std. Err.      t    P>|t|     [95% Conf. Interval]
-------------+----------------------------------------------------------------
          b1 |   -68.2258   .6932483   -98.41   0.000    -69.61072   -66.84088
          b2 |   1919.952   4.027653   476.69   0.000     1911.905    1927.998
          b3 |   4.256494   .4975057     8.56   0.000     3.262612    5.250376
------------------------------------------------------------------------------
* Parameter b1 taken as constant term in model & ANOVA table
 (SEs, P values, CIs, and correlations are asymptotic approximations)
