=============================================================================================================
Estimation for Electricity and SRL, specification 1
=============================================================================================================
   
US parameters:
-------------------------------------------------------------------
elascoef1 = 1.2233781159605
elascoef2 = 1.2233781159605
trend     = .0376276026887113
-------------------------------------------------------------------
   
Model specification estimated:
( lnYtou = lnY + {b1} + (1.3-1)*ln(t-{b2=1945})*1.2233781159605 - (1-.3)*lnYpercap*1.2233781159605 + .03762760
> 26887113*t  ) 
-------------------------------------------------------------------
(obs = 43)

Iteration 0:  residual SS =  182009.9
Iteration 1:  residual SS =  139033.2
Iteration 2:  residual SS =  18.34907
Iteration 3:  residual SS =  18.11332
Iteration 4:  residual SS =  18.10017
Iteration 5:  residual SS =  18.09972

      Source |       SS       df       MS            Number of obs =        43
-------------+------------------------------         F(  1,    41) =    123.34
       Model |  54.4476848     1  54.4476848         Prob > F      =    0.0000
    Residual |  18.0995872    41  .441453347         R-squared     =    0.7505
-------------+------------------------------         Adj R-squared =    0.7444
       Total |   72.547272    42    1.727316         Root MSE      =  .6644196
                                                     Res. dev.     =  84.82034

------------------------------------------------------------------------------
      lnYtou |      Coef.   Std. Err.      t    P>|t|     [95% Conf. Interval]
-------------+----------------------------------------------------------------
          b1 |  -64.91457    .104702  -619.99   0.000    -65.12602   -64.70312
          b2 |   1949.822   .3124275  6240.88   0.000     1949.191    1950.453
------------------------------------------------------------------------------
* Parameter b1 taken as constant term in model & ANOVA table
 (SEs, P values, CIs, and correlations are asymptotic approximations)
