=============================================================================================================
Estimation for Electricity and SWA, specification 1
=============================================================================================================
   
US parameters:
-------------------------------------------------------------------
elascoef1 = 1.2233781159605
elascoef2 = 1.2233781159605
trend     = .0376276026887113
-------------------------------------------------------------------
   
Model specification estimated:
( lnYtou = lnY + {b1} + (1.3-1)*ln(t-{b2=1959})*1.2233781159605 - (1-.3)*lnYpercap*1.2233781159605 + .03762760
> 26887113*t  ) 
-------------------------------------------------------------------
(obs = 27)

Iteration 0:  residual SS =  106498.6
Iteration 1:  residual SS =  81523.14
Iteration 2:  residual SS =  1.299301
Iteration 3:  residual SS =  1.281611
Iteration 4:  residual SS =  1.280581
Iteration 5:  residual SS =  1.280461
Iteration 6:  residual SS =  1.280447

      Source |       SS       df       MS            Number of obs =        27
-------------+------------------------------         F(  1,    25) =    290.40
       Model |  14.8736655     1  14.8736655         Prob > F      =    0.0000
    Residual |  1.28044535    25  .051217814         R-squared     =    0.9207
-------------+------------------------------         Adj R-squared =    0.9176
       Total |  16.1541108    26  .621311955         Root MSE      =  .2263135
                                                     Res. dev.     =   -5.6903

------------------------------------------------------------------------------
      lnYtou |      Coef.   Std. Err.      t    P>|t|     [95% Conf. Interval]
-------------+----------------------------------------------------------------
          b1 |  -62.61656   .0469461 -1333.80   0.000    -62.71325   -62.51987
          b2 |   1963.702     .18921        .   0.000     1963.313    1964.092
------------------------------------------------------------------------------
* Parameter b1 taken as constant term in model & ANOVA table
 (SEs, P values, CIs, and correlations are asymptotic approximations)
