=============================================================================================================
Estimation for Electricity and TAI, specification 1
=============================================================================================================
   
US parameters:
-------------------------------------------------------------------
elascoef1 = 1.2233781159605
elascoef2 = 1.2233781159605
trend     = .0376276026887113
-------------------------------------------------------------------
   
Model specification estimated:
( lnYtou = lnY + {b1} + (1.3-1)*ln(t-{b2=1943})*1.2233781159605 - (1-.3)*lnYpercap*1.2233781159605 + .03762760
> 26887113*t  ) 
-------------------------------------------------------------------
(obs = 44)

Iteration 0:  residual SS =  167765.7
Iteration 1:  residual SS =  128142.1
Iteration 2:  residual SS =  3.265819
Iteration 3:  residual SS =  3.263838
Iteration 4:  residual SS =  3.263598
Iteration 5:  residual SS =  3.263172
Iteration 6:  residual SS =  3.263056
Iteration 7:  residual SS =  3.262946
Iteration 8:  residual SS =  3.262899
Iteration 9:  residual SS =  3.262869

      Source |       SS       df       MS            Number of obs =        44
-------------+------------------------------         F(  1,    42) =   1061.10
       Model |  82.4339115     1  82.4339115         Prob > F      =    0.0000
    Residual |  3.26285157    42  .077686942         R-squared     =    0.9619
-------------+------------------------------         Adj R-squared =    0.9610
       Total |   85.696763    43  1.99294798         Root MSE      =  .2787238
                                                     Res. dev.     =  10.39671

------------------------------------------------------------------------------
      lnYtou |      Coef.   Std. Err.      t    P>|t|     [95% Conf. Interval]
-------------+----------------------------------------------------------------
          b1 |  -61.64932   .0456947 -1349.16   0.000    -61.74154   -61.55711
          b2 |   1947.354   .5134769  3792.49   0.000     1946.318    1948.391
------------------------------------------------------------------------------
* Parameter b1 taken as constant term in model & ANOVA table
 (SEs, P values, CIs, and correlations are asymptotic approximations)
