=============================================================================================================
Estimation for Electricity and THA, specification 1
=============================================================================================================
   
US parameters:
-------------------------------------------------------------------
elascoef1 = 1.2233781159605
elascoef2 = 1.2233781159605
trend     = .0376276026887113
-------------------------------------------------------------------
   
Model specification estimated:
( lnYtou = lnY + {b1} + (1.3-1)*ln(t-{b2=1933})*1.2233781159605 - (1-.3)*lnYpercap*1.2233781159605 + .03762760
> 26887113*t  ) 
-------------------------------------------------------------------
(obs = 52)

Iteration 0:  residual SS =  212180.4
Iteration 1:  residual SS =    186709
Iteration 2:  residual SS =  164090.3
Iteration 3:  residual SS =  125621.1
Iteration 4:  residual SS =  70666.64
Iteration 5:  residual SS =  17696.66
Iteration 6:  residual SS =   44.8178

      Source |       SS       df       MS            Number of obs =        52
-------------+------------------------------         F(  1,    50) =    227.34
       Model |  203.775244     1  203.775244         Prob > F      =    0.0000
    Residual |  44.8176518    50  .896353035         R-squared     =    0.8197
-------------+------------------------------         Adj R-squared =    0.8161
       Total |  248.592896    51  4.87437051         Root MSE      =  .9467592
                                                     Res. dev.     =  139.8402

------------------------------------------------------------------------------
      lnYtou |      Coef.   Std. Err.      t    P>|t|     [95% Conf. Interval]
-------------+----------------------------------------------------------------
          b1 |   -63.7816   .1327043  -480.63   0.000    -64.04815   -63.51506
          b2 |   1937.969   .0776215        .   0.000     1937.813    1938.125
------------------------------------------------------------------------------
* Parameter b1 taken as constant term in model & ANOVA table
 (SEs, P values, CIs, and correlations are asymptotic approximations)
