=============================================================================================================
Estimation for Electricity and TOG, specification 2
=============================================================================================================
   
US parameters:
-------------------------------------------------------------------
elascoef1 = 1.2233781159605
elascoef2 = 1.2233781159605
trend     = .0376276026887113
-------------------------------------------------------------------
   
Model specification estimated:
( lnYtou = lnY + {b1} + (1.3-1)*ln(t-{b2=1945})*{b3=1.2233781159605} - (1-.3)*lnYpercap*1.2233781159605 + .037
> 6276026887113*t  ) 
-------------------------------------------------------------------
(obs = 43)

Iteration 0:  residual SS =  187098.2
Iteration 1:  residual SS =  181288.8
Iteration 2:  residual SS =  159334.2
Iteration 3:  residual SS =    121989
Iteration 4:  residual SS =  30505.68
Iteration 5:  residual SS =  20.34401
Iteration 6:  residual SS =  20.34029
Iteration 7:  residual SS =  20.33994
Iteration 8:  residual SS =  20.33994
Iteration 9:  residual SS =   20.3399

      Source |       SS       df       MS            Number of obs =        43
-------------+------------------------------         F(  2,    40) =     44.57
       Model |  45.3238761     2   22.661938         Prob > F      =    0.0000
    Residual |  20.3399034    40  .508497585         R-squared     =    0.6902
-------------+------------------------------         Adj R-squared =    0.6748
       Total |  65.6637795    42  1.56342332         Root MSE      =  .7130902
                                                     Res. dev.     =  89.83825

------------------------------------------------------------------------------
      lnYtou |      Coef.   Std. Err.      t    P>|t|     [95% Conf. Interval]
-------------+----------------------------------------------------------------
          b1 |  -65.65763   .4715403  -139.24   0.000    -66.61065   -64.70461
          b2 |    1949.77   .8049126  2422.34   0.000     1948.144    1951.397
          b3 |   1.025651   .5146358     1.99   0.053     -.014467    2.065769
------------------------------------------------------------------------------
* Parameter b1 taken as constant term in model & ANOVA table
 (SEs, P values, CIs, and correlations are asymptotic approximations)
