=============================================================================================================
Estimation for Electricity and TUN, specification 1
=============================================================================================================
   
US parameters:
-------------------------------------------------------------------
elascoef1 = 1.2233781159605
elascoef2 = 1.2233781159605
trend     = .0376276026887113
-------------------------------------------------------------------
   
Model specification estimated:
( lnYtou = lnY + {b1} + (1.3-1)*ln(t-{b2=1945})*1.2233781159605 - (1-.3)*lnYpercap*1.2233781159605 + .03762760
> 26887113*t  ) 
-------------------------------------------------------------------
(obs = 52)

Iteration 0:  residual SS =    207930
Iteration 1:  residual SS =  5.851687
Iteration 2:  residual SS =  3.382054
Iteration 3:  residual SS =   2.37209
Iteration 4:  residual SS =  2.135621
Iteration 5:  residual SS =  2.132677
Iteration 6:  residual SS =  2.132494
Iteration 7:  residual SS =  2.132439
Iteration 8:  residual SS =  2.132425

      Source |       SS       df       MS            Number of obs =        52
-------------+------------------------------         F(  1,    50) =   2184.17
       Model |   93.151283     1   93.151283         Prob > F      =    0.0000
    Residual |  2.13242161    50  .042648432         R-squared     =    0.9776
-------------+------------------------------         Adj R-squared =    0.9772
       Total |  95.2837047    51  1.86830793         Root MSE      =   .206515
                                                     Res. dev.     = -18.51764

------------------------------------------------------------------------------
      lnYtou |      Coef.   Std. Err.      t    P>|t|     [95% Conf. Interval]
-------------+----------------------------------------------------------------
          b1 |  -63.16689   .0358772 -1760.64   0.000    -63.23895   -63.09483
          b2 |   1948.204   .8270126  2355.71   0.000     1946.543    1949.865
------------------------------------------------------------------------------
* Parameter b1 taken as constant term in model & ANOVA table
 (SEs, P values, CIs, and correlations are asymptotic approximations)
