=============================================================================================================
Estimation for Electricity and TUR, specification 1
=============================================================================================================
   
US parameters:
-------------------------------------------------------------------
elascoef1 = 1.2233781159605
elascoef2 = 1.2233781159605
trend     = .0376276026887113
-------------------------------------------------------------------
   
Model specification estimated:
( lnYtou = lnY + {b1} + (1.3-1)*ln(t-{b2=1925})*1.2233781159605 - (1-.3)*lnYpercap*1.2233781159605 + .03762760
> 26887113*t  ) 
-------------------------------------------------------------------
(obs = 72)

Iteration 0:  residual SS =  290166.9
Iteration 1:  residual SS =  222165.4
Iteration 2:  residual SS =  170061.1
Iteration 3:  residual SS =  95635.24
Iteration 4:  residual SS =  17.65267
Iteration 5:  residual SS =  17.65215
Iteration 6:  residual SS =  17.65116
Iteration 7:  residual SS =  17.65093

      Source |       SS       df       MS            Number of obs =        72
-------------+------------------------------         F(  1,    70) =   1226.12
       Model |  309.171337     1  309.171337         Prob > F      =    0.0000
    Residual |  17.6507574    70  .252153677         R-squared     =    0.9460
-------------+------------------------------         Adj R-squared =    0.9452
       Total |  326.822095    71  4.60312809         Root MSE      =  .5021491
                                                     Res. dev.     =  103.1033

------------------------------------------------------------------------------
      lnYtou |      Coef.   Std. Err.      t    P>|t|     [95% Conf. Interval]
-------------+----------------------------------------------------------------
          b1 |  -63.38163   .0603636 -1050.00   0.000    -63.50202   -63.26124
          b2 |   1929.839   .2075192  9299.57   0.000     1929.425    1930.253
------------------------------------------------------------------------------
* Parameter b1 taken as constant term in model & ANOVA table
 (SEs, P values, CIs, and correlations are asymptotic approximations)
