=============================================================================================================
Estimation for Electricity and TUR, specification 2
=============================================================================================================
   
US parameters:
-------------------------------------------------------------------
elascoef1 = 1.2233781159605
elascoef2 = 1.2233781159605
trend     = .0376276026887113
-------------------------------------------------------------------
   
Model specification estimated:
( lnYtou = lnY + {b1} + (1.3-1)*ln(t-{b2=1925})*{b3=1.2233781159605} - (1-.3)*lnYpercap*1.2233781159605 + .037
> 6276026887113*t  ) 
-------------------------------------------------------------------
(obs = 72)

Iteration 0:  residual SS =  290166.9
Iteration 1:  residual SS =  281184.9
Iteration 2:  residual SS =  16.80408
Iteration 3:  residual SS =  15.27423
Iteration 4:  residual SS =  1.626895
Iteration 5:  residual SS =   .483706
Iteration 6:  residual SS =  .4835234
Iteration 7:  residual SS =  .4835234
Iteration 8:  residual SS =  .4835234

      Source |       SS       df       MS            Number of obs =        72
-------------+------------------------------         F(  2,    69) =  23284.66
       Model |  326.338571     2  163.169286         Prob > F      =    0.0000
    Residual |  .483523436    69  .007007586         R-squared     =    0.9985
-------------+------------------------------         Adj R-squared =    0.9985
       Total |  326.822095    71  4.60312809         Root MSE      =  .0837113
                                                     Res. dev.     =  -155.912

------------------------------------------------------------------------------
      lnYtou |      Coef.   Std. Err.      t    P>|t|     [95% Conf. Interval]
-------------+----------------------------------------------------------------
          b1 |  -79.48232   2.682364   -29.63   0.000    -84.83349   -74.13115
          b2 |   1864.527   12.07507   154.41   0.000     1840.438    1888.616
          b3 |    12.5498   1.606309     7.81   0.000     9.345303     15.7543
------------------------------------------------------------------------------
* Parameter b1 taken as constant term in model & ANOVA table
 (SEs, P values, CIs, and correlations are asymptotic approximations)
