=============================================================================================================
Estimation for Electricity and UAE, specification 2
=============================================================================================================
   
US parameters:
-------------------------------------------------------------------
elascoef1 = 1.2233781159605
elascoef2 = 1.2233781159605
trend     = .0376276026887113
-------------------------------------------------------------------
   
Model specification estimated:
( lnYtou = lnY + {b1} + (1.3-1)*ln(t-{b2=1966})*{b3=1.2233781159605} - (1-.3)*lnYpercap*1.2233781159605 + .037
> 6276026887113*t  ) 
-------------------------------------------------------------------
(obs = 31)

Iteration 0:  residual SS =    113487
Iteration 1:  residual SS =    109988
Iteration 2:  residual SS =  61842.59
Iteration 3:  residual SS =  .4635101
Iteration 4:  residual SS =  .4620909
Iteration 5:  residual SS =  .4620473
Iteration 6:  residual SS =  .4620463
Iteration 7:  residual SS =  .4620463

      Source |       SS       df       MS            Number of obs =        31
-------------+------------------------------         F(  2,    28) =   1757.69
       Model |  58.0094441     2   29.004722         Prob > F      =    0.0000
    Residual |  .462046344    28  .016501655         R-squared     =    0.9921
-------------+------------------------------         Adj R-squared =    0.9915
       Total |  58.4714904    30  1.94904968         Root MSE      =  .1284588
                                                     Res. dev.     = -42.41421

------------------------------------------------------------------------------
      lnYtou |      Coef.   Std. Err.      t    P>|t|     [95% Conf. Interval]
-------------+----------------------------------------------------------------
          b1 |  -60.48206   .0942191  -641.93   0.000    -60.67506   -60.28906
          b2 |   1970.805   .0952568        .   0.000      1970.61        1971
          b3 |   1.443998   .1146033    12.60   0.000     1.209244    1.678752
------------------------------------------------------------------------------
* Parameter b1 taken as constant term in model & ANOVA table
 (SEs, P values, CIs, and correlations are asymptotic approximations)
