=============================================================================================================
Estimation for Electricity and UNK, specification 1
=============================================================================================================
   
US parameters:
-------------------------------------------------------------------
elascoef1 = 1.2233781159605
elascoef2 = 1.2233781159605
trend     = .0376276026887113
-------------------------------------------------------------------
   
Model specification estimated:
( lnYtou = lnY + {b1} + (1.3-1)*ln(t-{b2=1891})*1.2233781159605 - (1-.3)*lnYpercap*1.2233781159605 + .03762760
> 26887113*t  ) 
-------------------------------------------------------------------
(obs = 98)

Iteration 0:  residual SS =    372157
Iteration 1:  residual SS =  349240.6
Iteration 2:  residual SS =  306868.9
Iteration 3:  residual SS =  269702.2
Iteration 4:  residual SS =  206476.3
Iteration 5:  residual SS =  116149.8
Iteration 6:  residual SS =   29073.8
Iteration 7:  residual SS =  53.24454

      Source |       SS       df       MS            Number of obs =        98
-------------+------------------------------         F(  1,    96) =    773.51
       Model |  429.010142     1  429.010142         Prob > F      =    0.0000
    Residual |  53.2445381    96  .554630605         R-squared     =    0.8896
-------------+------------------------------         Adj R-squared =    0.8884
       Total |   482.25468    97  4.97169773         Root MSE      =  .7447353
                                                     Res. dev.     =  218.3249

------------------------------------------------------------------------------
      lnYtou |      Coef.   Std. Err.      t    P>|t|     [95% Conf. Interval]
-------------+----------------------------------------------------------------
          b1 |  -61.52115   .0756245  -813.51   0.000    -61.67126   -61.37104
          b2 |   1895.998   .0041122        .   0.000     1895.989    1896.006
------------------------------------------------------------------------------
* Parameter b1 taken as constant term in model & ANOVA table
 (SEs, P values, CIs, and correlations are asymptotic approximations)
