=============================================================================================================
Estimation for Electricity and UNK, specification 2
=============================================================================================================
   
US parameters:
-------------------------------------------------------------------
elascoef1 = 1.2233781159605
elascoef2 = 1.2233781159605
trend     = .0376276026887113
-------------------------------------------------------------------
   
Model specification estimated:
( lnYtou = lnY + {b1} + (1.3-1)*ln(t-{b2=1891})*{b3=1.2233781159605} - (1-.3)*lnYpercap*1.2233781159605 + .037
> 6276026887113*t  ) 
-------------------------------------------------------------------
(obs = 98)

Iteration 0:  residual SS =    372157
Iteration 1:  residual SS =  360597.2
Iteration 2:  residual SS =  9.670873
Iteration 3:  residual SS =  9.191249
Iteration 4:  residual SS =  9.141509
Iteration 5:  residual SS =  9.141397
Iteration 6:  residual SS =  9.141357
Iteration 7:  residual SS =   9.14134
Iteration 8:  residual SS =  9.141336
Iteration 9:  residual SS =  9.141333
Iteration 10:  residual SS =  9.141332
Iteration 11:  residual SS =  9.141332
Iteration 12:  residual SS =  9.141332

      Source |       SS       df       MS            Number of obs =        98
-------------+------------------------------         F(  2,    95) =   2458.38
       Model |  473.113348     2  236.556674         Prob > F      =    0.0000
    Residual |  9.14133179    95  .096224545         R-squared     =    0.9810
-------------+------------------------------         Adj R-squared =    0.9806
       Total |   482.25468    97  4.97169773         Root MSE      =  .3102008
                                                     Res. dev.     =  45.64014

------------------------------------------------------------------------------
      lnYtou |      Coef.   Std. Err.      t    P>|t|     [95% Conf. Interval]
-------------+----------------------------------------------------------------
          b1 |  -64.50887   .2259419  -285.51   0.000    -64.95743   -64.06032
          b2 |   1894.832    .416212  4552.56   0.000     1894.005    1895.658
          b3 |   3.930269   .1873244    20.98   0.000     3.558383    4.302155
------------------------------------------------------------------------------
* Parameter b1 taken as constant term in model & ANOVA table
 (SEs, P values, CIs, and correlations are asymptotic approximations)
