=============================================================================================================
Estimation for Electricity and URG, specification 2
=============================================================================================================
   
US parameters:
-------------------------------------------------------------------
elascoef1 = 1.2233781159605
elascoef2 = 1.2233781159605
trend     = .0376276026887113
-------------------------------------------------------------------
   
Model specification estimated:
( lnYtou = lnY + {b1} + (1.3-1)*ln(t-{b2=1904})*{b3=1.2233781159605} - (1-.3)*lnYpercap*1.2233781159605 + .037
> 6276026887113*t  ) 
-------------------------------------------------------------------
(obs = 87)

Iteration 0:  residual SS =  339759.3
Iteration 1:  residual SS =  329267.3
Iteration 2:  residual SS =  2.500253
Iteration 3:  residual SS =  2.443304
Iteration 4:  residual SS =   2.44326
Iteration 5:  residual SS =  2.443259
Iteration 6:  residual SS =  2.443259

      Source |       SS       df       MS            Number of obs =        87
-------------+------------------------------         F(  2,    84) =   5588.09
       Model |  325.075189     2  162.537594         Prob > F      =    0.0000
    Residual |  2.44325916    84  .029086419         R-squared     =    0.9925
-------------+------------------------------         Adj R-squared =    0.9924
       Total |  327.518448    86  3.80835405         Root MSE      =  .1705474
                                                     Res. dev.     = -63.91874

------------------------------------------------------------------------------
      lnYtou |      Coef.   Std. Err.      t    P>|t|     [95% Conf. Interval]
-------------+----------------------------------------------------------------
          b1 |  -63.52841   .1962628  -323.69   0.000     -63.9187   -63.13812
          b2 |   1906.128   1.072653  1777.02   0.000     1903.995    1908.261
          b3 |   2.195471   .1548348    14.18   0.000     1.887565    2.503377
------------------------------------------------------------------------------
* Parameter b1 taken as constant term in model & ANOVA table
 (SEs, P values, CIs, and correlations are asymptotic approximations)
