=============================================================================================================
Estimation for Electricity and USA, specification 2
=============================================================================================================
   
US parameters:
-------------------------------------------------------------------
elascoef1 = 1.2233781159605
elascoef2 = 1.2233781159605
trend     = .0376276026887113
-------------------------------------------------------------------
   
Model specification estimated:
( lnYtou = lnY + {b1} + (1.3-1)*ln(t-{b2=1897})*{b3=1.2233781159605} - (1-.3)*lnYpercap*1.2233781159605 + .037
> 6276026887113*t  ) 
-------------------------------------------------------------------
(obs = 78)

Iteration 0:  residual SS =  284988.3
Iteration 1:  residual SS =  276188.9
Iteration 2:  residual SS =  2.026217
Iteration 3:  residual SS =  1.943611
Iteration 4:  residual SS =   1.93789
Iteration 5:  residual SS =  1.937869
Iteration 6:  residual SS =  1.937869

      Source |       SS       df       MS            Number of obs =        78
-------------+------------------------------         F(  2,    75) =   3300.61
       Model |  170.564204     2  85.2821019         Prob > F      =    0.0000
    Residual |  1.93786946    75  .025838259         R-squared     =    0.9888
-------------+------------------------------         Adj R-squared =    0.9885
       Total |  172.502073    77  2.24028667         Root MSE      =  .1607428
                                                     Res. dev.     = -66.86492

------------------------------------------------------------------------------
      lnYtou |      Coef.   Std. Err.      t    P>|t|     [95% Conf. Interval]
-------------+----------------------------------------------------------------
          b1 |  -60.55677   .1596139  -379.40   0.000    -60.87474    -60.2388
          b2 |   1901.063   .5675573  3349.55   0.000     1899.932    1902.194
          b3 |    1.35741   .1326239    10.24   0.000      1.09321    1.621611
------------------------------------------------------------------------------
* Parameter b1 taken as constant term in model & ANOVA table
 (SEs, P values, CIs, and correlations are asymptotic approximations)
