=============================================================================================================
Estimation for Electricity and ZAM, specification 1
=============================================================================================================
   
US parameters:
-------------------------------------------------------------------
elascoef1 = 1.2233781159605
elascoef2 = 1.2233781159605
trend     = .0376276026887113
-------------------------------------------------------------------
   
Model specification estimated:
( lnYtou = lnY + {b1} + (1.3-1)*ln(t-{b2=1945})*1.2233781159605 - (1-.3)*lnYpercap*1.2233781159605 + .03762760
> 26887113*t  ) 
-------------------------------------------------------------------
(obs = 44)

Iteration 0:  residual SS =  169572.9
Iteration 1:  residual SS =  20.66759
Iteration 2:  residual SS =  15.86787
Iteration 3:  residual SS =  15.82741
Iteration 4:  residual SS =  15.82708
Iteration 5:  residual SS =  15.82701
Iteration 6:  residual SS =  15.82697
Iteration 7:  residual SS =  15.82696
Iteration 8:  residual SS =  15.82696
Iteration 9:  residual SS =  15.82696
Iteration 10:  residual SS =  15.82696
Iteration 11:  residual SS =  15.82696
Iteration 12:  residual SS =  15.82696
Iteration 13:  residual SS =  15.82696

      Source |       SS       df       MS            Number of obs =        44
-------------+------------------------------         F(  1,    42) =    108.10
       Model |  40.7350928     1  40.7350928         Prob > F      =    0.0000
    Residual |  15.8269561    42  .376832287         R-squared     =    0.7202
-------------+------------------------------         Adj R-squared =    0.7135
       Total |  56.5620489    43  1.31539649         Root MSE      =  .6138667
                                                     Res. dev.     =  79.87769

------------------------------------------------------------------------------
      lnYtou |      Coef.   Std. Err.      t    P>|t|     [95% Conf. Interval]
-------------+----------------------------------------------------------------
          b1 |  -62.40578   .4020049  -155.24   0.000    -63.21706    -61.5945
          b2 |    1914.28   57.84224    33.09   0.000     1797.549     2031.01
------------------------------------------------------------------------------
* Parameter b1 taken as constant term in model & ANOVA table
 (SEs, P values, CIs, and correlations are asymptotic approximations)
