Model specification estimated:
( lnYtou = lnY + {b1} + (1.3-1)*ln(t-{b2=1865})*{b3} - (1-.3)*lnYpercap*{b3} + {b5}*t  ) 
-------------------------------------------------------------------
(obs = 124)

Iteration 0:  residual SS =  89.35222
Iteration 1:  residual SS =  9.218923
Iteration 2:  residual SS =  7.872867
Iteration 3:  residual SS =  7.773503
Iteration 4:  residual SS =   7.75991
Iteration 5:  residual SS =  7.758107
Iteration 6:  residual SS =  7.758102
Iteration 7:  residual SS =  7.758102

      Source |       SS       df       MS            Number of obs =       124
-------------+------------------------------         F(  3,   120) =    859.49
       Model |  166.699607     3  55.5665357         Prob > F      =    0.0000
    Residual |  7.75810177   120  .064650848         R-squared     =    0.9555
-------------+------------------------------         Adj R-squared =    0.9544
       Total |  174.457709   123  1.41835536         Root MSE      =  .2542653
                                                     Res. dev.     =  8.225315

------------------------------------------------------------------------------
      lnYtou |      Coef.   Std. Err.      t    P>|t|     [95% Conf. Interval]
-------------+----------------------------------------------------------------
          b1 |   -18.8107    3.19624    -5.89   0.000    -25.13903   -12.48237
          b2 |   1868.931   .6011355  3109.00   0.000      1867.74    1870.121
          b3 |   2.022391   .1979424    10.22   0.000     1.630479    2.414303
          b5 |   .0095935   .0016692     5.75   0.000     .0062887    .0128984
------------------------------------------------------------------------------
* Parameter b1 taken as constant term in model & ANOVA table
 (SEs, P values, CIs, and correlations are asymptotic approximations)

     +----------------------------+
     |    t     lnYtou   lnYtou~t |
     |----------------------------|
  1. | 1788          .          . |
  2. | 1789          .          . |
  3. | 1790          .          . |
  4. | 1791          .          . |
  5. | 1792          .          . |
  6. | 1793          .          . |
  7. | 1794          .          . |
  8. | 1795          .          . |
  9. | 1796          .          . |
 10. | 1797          .          . |
 11. | 1798          .          . |
 12. | 1799          .          . |
 13. | 1800          .          . |
 14. | 1801          .          . |
 15. | 1802          .          . |
 16. | 1803          .          . |
 17. | 1804          .          . |
 18. | 1805          .          . |
 19. | 1806          .          . |
 20. | 1807          .          . |
 21. | 1808          .          . |
 22. | 1809          .          . |
 23. | 1810          .          . |
 24. | 1811          .          . |
 25. | 1812          .          . |
 26. | 1813          .          . |
 27. | 1814          .          . |
 28. | 1815          .          . |
 29. | 1816          .          . |
 30. | 1817          .          . |
 31. | 1818          .          . |
 32. | 1819          .          . |
 33. | 1820          .          . |
 34. | 1821          .          . |
 35. | 1822          .          . |
 36. | 1823          .          . |
 37. | 1824          .          . |
 38. | 1825          .          . |
 39. | 1826          .          . |
 40. | 1827          .          . |
 41. | 1828          .          . |
 42. | 1829          .          . |
 43. | 1830          .          . |
 44. | 1831          .          . |
 45. | 1832          .          . |
 46. | 1833          .          . |
 47. | 1834          .          . |
 48. | 1835          .          . |
 49. | 1836          .          . |
 50. | 1837          .          . |
 51. | 1838          .          . |
 52. | 1839          .          . |
 53. | 1840          .          . |
 54. | 1841          .          . |
 55. | 1842          .          . |
 56. | 1843          .          . |
 57. | 1844          .          . |
 58. | 1845          .          . |
 59. | 1846          .          . |
 60. | 1847          .          . |
 61. | 1848          .          . |
 62. | 1849          .          . |
 63. | 1850          .          . |
 64. | 1851          .          . |
 65. | 1852          .          . |
 66. | 1853          .          . |
 67. | 1854          .          . |
 68. | 1855          .          . |
 69. | 1856          .          . |
 70. | 1857          .          . |
 71. | 1858          .          . |
 72. | 1859          .          . |
 73. | 1860          .          . |
 74. | 1861          .          . |
 75. | 1862          .          . |
 76. | 1863          .          . |
 77. | 1864          .          . |
 78. | 1865   8.939589          . |
 79. | 1866   9.135052          . |
 80. | 1867   9.278326          . |
 81. | 1868    9.40562          . |
 82. | 1869   9.610264          . |
 83. | 1870   9.763484   9.400967 |
 84. | 1871    9.88775   9.822386 |
 85. | 1872    10.0297   10.08982 |
 86. | 1873   10.18279   10.28463 |
 87. | 1874   10.21611   10.46376 |
 88. | 1875   10.23018   10.59411 |
 89. | 1876   10.33772   10.72355 |
 90. | 1877   10.33928   10.83156 |
 91. | 1878   10.53882   10.92569 |
 92. | 1879   10.74083   10.98052 |
 93. | 1880   10.84335   11.03127 |
 94. | 1881   10.94706    11.1144 |
 95. | 1882   10.95745   11.18125 |
 96. | 1883   11.07184   11.25943 |
 97. | 1884    11.0867   11.33633 |
 98. | 1885    11.1811   11.41409 |
 99. | 1886   11.25272    11.4796 |
100. | 1887    11.4062   11.53631 |
101. | 1888   11.46705   11.61078 |
102. | 1889   11.51559   11.65596 |
103. | 1890   11.61729   11.71819 |
104. | 1891   11.67844   11.76727 |
105. | 1892   11.76757   11.79368 |
106. | 1893   11.82774   11.87749 |
107. | 1894   11.66993   11.95123 |
108. | 1895   11.72804   11.96398 |
109. | 1896   11.84223   12.03125 |
110. | 1897   11.84223   12.05079 |
111. | 1898   12.02575   12.09841 |
112. | 1899   12.10625   12.11727 |
113. | 1900   12.24047   12.15985 |
114. | 1901   12.27839   12.17179 |
115. | 1902   12.34583   12.22416 |
116. | 1903   12.44114   12.25817 |
117. | 1904   12.44902   12.31726 |
118. | 1905   12.51356   12.34249 |
119. | 1906   12.66033   12.35039 |
120. | 1907    12.7513   12.39543 |
121. | 1908   12.67295    12.4838 |
122. | 1909   12.67295   12.48895 |
123. | 1910   12.82665   12.53891 |
124. | 1911   12.82396   12.57198 |
125. | 1912   12.86359   12.59872 |
126. | 1913    12.9968   12.63401 |
127. | 1914   12.95039    12.7178 |
128. | 1915   12.91164   12.74945 |
129. | 1916   13.19002   12.73814 |
130. | 1917   13.27251   12.79096 |
131. | 1918   13.29967   12.79262 |
132. | 1919   13.19189   12.81777 |
133. | 1920   13.31133   12.86211 |
134. | 1921   13.02144   12.92032 |
135. | 1922   13.12236   12.93869 |
136. | 1923   13.31793    12.9323 |
137. | 1924   13.25689   12.96756 |
138. | 1925   13.31957   12.99971 |
139. | 1926   13.38933   13.01282 |
140. | 1927   13.35506   13.04845 |
141. | 1928   13.36452   13.08107 |
142. | 1929   13.39544   13.09099 |
143. | 1930   13.24103   13.16571 |
144. | 1931   13.02585   13.22936 |
145. | 1932    12.7484    13.3166 |
146. | 1933   12.81039   13.35293 |
147. | 1934   12.88664   13.34992 |
148. | 1935   12.96921   13.34791 |
149. | 1936   13.11836   13.32046 |
150. | 1937   13.18063   13.33021 |
151. | 1938   12.96219   13.37654 |
152. | 1939   13.10216   13.37451 |
153. | 1940   13.21403    13.3735 |
154. | 1941   13.45454   13.33573 |
155. | 1942   13.74937   13.29325 |
156. | 1943   13.91082   13.25527 |
157. | 1944   13.91082   13.25663 |
158. | 1945   13.81451   13.30686 |
159. | 1946    13.6751   13.43515 |
160. | 1947   13.77469   13.48602 |
161. | 1948   13.74937    13.5123 |
162. | 1949   13.55674   13.55238 |
163. | 1950   13.66933   13.55831 |
164. | 1951   13.76316   13.56887 |
165. | 1952   13.71237   13.59482 |
166. | 1953   13.69785   13.61644 |
167. | 1954   13.59984   13.66084 |
168. | 1955   13.72668   13.67415 |
169. | 1956   13.76527   13.70784 |
170. | 1957     13.719   13.74222 |
171. | 1958   13.60479   13.78655 |
172. | 1959   13.64709   13.79682 |
173. | 1960   13.64116   13.82534 |
174. | 1961   13.62556   13.85545 |
175. | 1962   13.67625   13.86903 |
176. | 1963   13.72449   13.88788 |
177. | 1964   13.78195   13.90016 |
178. | 1965   13.81551   13.90809 |
179. | 1966   13.91082   13.91394 |
180. | 1967   13.91082    13.9349 |
181. | 1968   13.91082   13.94546 |
182. | 1969   13.91082   13.96216 |
183. | 1970   13.91082   13.99355 |
184. | 1971   13.91082   14.01424 |
185. | 1972   13.91082   14.02344 |
186. | 1973   14.07788   14.02944 |
187. | 1974   13.99783   14.05893 |
188. | 1975   13.91082    14.0894 |
189. | 1976   13.91082    14.0969 |
190. | 1977   13.99783   14.10796 |
191. | 1978   14.07788   14.11508 |
192. | 1979   14.07788   14.13193 |
193. | 1980   14.07788   14.16353 |
194. | 1981   14.15198   14.18217 |
195. | 1982   13.99783   14.21863 |
196. | 1983   13.99783   14.22937 |
197. | 1984   14.07788   14.22732 |
198. | 1985   14.07788   14.23897 |
199. | 1986   14.07788   14.25261 |
200. | 1987   14.15198   14.26561 |
201. | 1988   14.28551   14.27605 |
202. | 1989   14.28551   14.28993 |
203. | 1990   14.34614   14.31323 |
204. | 1991   14.34614   14.34752 |
205. | 1992   14.28551   14.36729 |
206. | 1993   14.28551   14.38916 |
207. | 1994          .          . |
208. | 1995          .          . |
209. | 1996          .          . |
210. | 1997          .          . |
211. | 1998          .          . |
212. | 1999          .          . |
213. | 2000          .          . |
214. | 2001          .          . |
215. | 2002          .          . |
216. | 2003          .          . |
217. | 2004          .          . |
     +----------------------------+
