=============================================================================================================
Estimation for Telephone and AFG, specification 2
=============================================================================================================
   
US parameters:
-------------------------------------------------------------------
elascoef1 = 4.011261128231718
elascoef2 = 4.011261128231718
trend     = .0606950657105945
-------------------------------------------------------------------
   
Model specification estimated:
( lnYtou = lnY + {b1} + (1.3-1)*ln(t-{b2=1946})*{b3=4.011261128231718} - (1-.3)*lnYpercap*4.011261128231718 + 
> .0606950657105945*t  ) 
-------------------------------------------------------------------
(obs = 32)

Iteration 0:  residual SS =  489430.7
Iteration 1:  residual SS =  474445.6
Iteration 2:  residual SS =  266988.1
Iteration 3:  residual SS =  204421.2
Iteration 4:  residual SS =  156505.9
Iteration 5:  residual SS =  137550.6
Iteration 6:  residual SS =  120884.7
Iteration 7:  residual SS =  113446.8
Iteration 8:  cannot calculate derivatives
equation/system not identified
