=============================================================================================================
Estimation for Telephone and ALB, specification 1
=============================================================================================================
   
US parameters:
-------------------------------------------------------------------
elascoef1 = 4.011261128231718
elascoef2 = 4.011261128231718
trend     = .0606950657105945
-------------------------------------------------------------------
   
Model specification estimated:
( lnYtou = lnY + {b1} + (1.3-1)*ln(t-{b2=1970})*4.011261128231718 - (1-.3)*lnYpercap*4.011261128231718 + .0606
> 950657105945*t  ) 
-------------------------------------------------------------------
(obs = 28)

Iteration 0:  residual SS =    402035
Iteration 1:  residual SS =  226282.3
Iteration 2:  residual SS =   45.5369
Iteration 3:  residual SS =  24.94285
Iteration 4:  residual SS =  14.94688
Iteration 5:  residual SS =  13.13168
Iteration 6:  residual SS =  12.35739
Iteration 7:  residual SS =  10.68138
Iteration 8:  residual SS =  8.374696
Iteration 9:  residual SS =  7.021949
Iteration 10:  residual SS =  6.892971
Iteration 11:  residual SS =  6.892935
Iteration 12:  residual SS =  6.892935
Iteration 13:  residual SS =  6.892935
Iteration 14:  residual SS =  6.892935
Iteration 15:  residual SS =  6.892935

      Source |       SS       df       MS            Number of obs =        28
-------------+------------------------------         F(  1,    26) =     20.41
       Model |  5.41145193     1  5.41145193         Prob > F      =    0.0001
    Residual |  6.89293494    26  .265112882         R-squared     =    0.4398
-------------+------------------------------         Adj R-squared =    0.4183
       Total |  12.3043869    27  .455718032         Root MSE      =  .5148911
                                                     Res. dev.     =  40.21275

------------------------------------------------------------------------------
      lnYtou |      Coef.   Std. Err.      t    P>|t|     [95% Conf. Interval]
-------------+----------------------------------------------------------------
          b1 |  -124.0213   6.478227   -19.14   0.000    -137.3375   -110.7051
          b2 |   1450.621   2894.577     0.50   0.620    -4499.267     7400.51
------------------------------------------------------------------------------
* Parameter b1 taken as constant term in model & ANOVA table
 (SEs, P values, CIs, and correlations are asymptotic approximations)
