=============================================================================================================
Estimation for Telephone and AUL, specification 1
=============================================================================================================
   
US parameters:
-------------------------------------------------------------------
elascoef1 = 4.011261128231718
elascoef2 = 4.011261128231718
trend     = .0606950657105945
-------------------------------------------------------------------
   
Model specification estimated:
( lnYtou = lnY + {b1} + (1.3-1)*ln(t-{b2=1896})*4.011261128231718 - (1-.3)*lnYpercap*4.011261128231718 + .0606
> 950657105945*t  ) 
-------------------------------------------------------------------
(obs = 92)

Iteration 0:  residual SS =   1200464
Iteration 1:  residual SS =  679779.4
Iteration 2:  residual SS =   20.6836
Iteration 3:  residual SS =  8.591015
Iteration 4:  residual SS =  5.035602
Iteration 5:  residual SS =  4.464401
Iteration 6:  residual SS =  4.443216
Iteration 7:  residual SS =  4.443153

      Source |       SS       df       MS            Number of obs =        92
-------------+------------------------------         F(  1,    90) =   5024.28
       Model |  248.040652     1  248.040652         Prob > F      =    0.0000
    Residual |  4.44315262    90  .049368362         R-squared     =    0.9824
-------------+------------------------------         Adj R-squared =    0.9822
       Total |  252.483804    91   2.7745473         Root MSE      =  .2221899
                                                     Res. dev.     = -17.71435

------------------------------------------------------------------------------
      lnYtou |      Coef.   Std. Err.      t    P>|t|     [95% Conf. Interval]
-------------+----------------------------------------------------------------
          b1 |  -115.1722   .0772149 -1491.58   0.000    -115.3256   -115.0188
          b2 |    1852.17   5.285837   350.40   0.000     1841.669    1862.671
------------------------------------------------------------------------------
* Parameter b1 taken as constant term in model & ANOVA table
 (SEs, P values, CIs, and correlations are asymptotic approximations)
