=============================================================================================================
Estimation for Telephone and AUL, specification 2
=============================================================================================================
   
US parameters:
-------------------------------------------------------------------
elascoef1 = 4.011261128231718
elascoef2 = 4.011261128231718
trend     = .0606950657105945
-------------------------------------------------------------------
   
Model specification estimated:
( lnYtou = lnY + {b1} + (1.3-1)*ln(t-{b2=1896})*{b3=4.011261128231718} - (1-.3)*lnYpercap*4.011261128231718 + 
> .0606950657105945*t  ) 
-------------------------------------------------------------------
(obs = 92)

Iteration 0:  residual SS =   1200464
Iteration 1:  residual SS =   1163547
Iteration 2:  residual SS =  3.923026
Iteration 3:  residual SS =  3.894061
Iteration 4:  residual SS =  3.893728
Iteration 5:  residual SS =  3.893728

      Source |       SS       df       MS            Number of obs =        92
-------------+------------------------------         F(  2,    89) =   2841.05
       Model |  248.590076     2  124.295038         Prob > F      =    0.0000
    Residual |  3.89372829    89  .043749756         R-squared     =    0.9846
-------------+------------------------------         Adj R-squared =    0.9842
       Total |  252.483804    91   2.7745473         Root MSE      =  .2091644
                                                     Res. dev.     = -29.85808

------------------------------------------------------------------------------
      lnYtou |      Coef.   Std. Err.      t    P>|t|     [95% Conf. Interval]
-------------+----------------------------------------------------------------
          b1 |  -111.1934   .1556593  -714.34   0.000    -111.5027   -110.8841
          b2 |   1899.866   .8060484  2357.01   0.000     1898.264    1901.468
          b3 |   1.348582   .1308982    10.30   0.000     1.088491    1.608674
------------------------------------------------------------------------------
* Parameter b1 taken as constant term in model & ANOVA table
 (SEs, P values, CIs, and correlations are asymptotic approximations)
