=============================================================================================================
Estimation for Telephone and AUS, specification 1
=============================================================================================================
   
US parameters:
-------------------------------------------------------------------
elascoef1 = 4.011261128231718
elascoef2 = 4.011261128231718
trend     = .0606950657105945
-------------------------------------------------------------------
   
Model specification estimated:
( lnYtou = lnY + {b1} + (1.3-1)*ln(t-{b2=1879})*4.011261128231718 - (1-.3)*lnYpercap*4.011261128231718 + .0606
> 950657105945*t  ) 
-------------------------------------------------------------------
(obs = 95)

Iteration 0:  residual SS =   1272879
Iteration 1:  residual SS =  975450.1
Iteration 2:  residual SS =  45.64811
Iteration 3:  residual SS =  44.19537
Iteration 4:  residual SS =  44.02126
Iteration 5:  residual SS =   44.0127
Iteration 6:  residual SS =  44.01245

      Source |       SS       df       MS            Number of obs =        95
-------------+------------------------------         F(  1,    93) =    731.68
       Model |  346.267412     1  346.267412         Prob > F      =    0.0000
    Residual |  44.0124413    93  .473252057         R-squared     =    0.8872
-------------+------------------------------         Adj R-squared =    0.8860
       Total |  390.279853    94  4.15191333         Root MSE      =  .6879332
                                                     Res. dev.     =  196.5049

------------------------------------------------------------------------------
      lnYtou |      Coef.   Std. Err.      t    P>|t|     [95% Conf. Interval]
-------------+----------------------------------------------------------------
          b1 |  -115.8071    .099836 -1159.97   0.000    -116.0053   -115.6088
          b2 |   1877.417   2.086142   899.95   0.000     1873.274    1881.559
------------------------------------------------------------------------------
* Parameter b1 taken as constant term in model & ANOVA table
 (SEs, P values, CIs, and correlations are asymptotic approximations)
