=============================================================================================================
Estimation for Telephone and BOL, specification 2
=============================================================================================================
   
US parameters:
-------------------------------------------------------------------
elascoef1 = 4.011261128231718
elascoef2 = 4.011261128231718
trend     = .0606950657105945
-------------------------------------------------------------------
   
Model specification estimated:
( lnYtou = lnY + {b1} + (1.3-1)*ln(t-{b2=1942})*{b3=4.011261128231718} - (1-.3)*lnYpercap*4.011261128231718 + 
> .0606950657105945*t  ) 
-------------------------------------------------------------------
(obs = 33)

Iteration 0:  residual SS =  472406.9
Iteration 1:  residual SS =  458034.6
Iteration 2:  residual SS =  4.294865
Iteration 3:  residual SS =  3.519357
Iteration 4:  residual SS =  3.468791
Iteration 5:  residual SS =  3.443268
Iteration 6:  residual SS =  3.421829
Iteration 7:  residual SS =   3.40869
Iteration 8:  residual SS =  3.406779
Iteration 9:  residual SS =  3.397766
Iteration 10:  residual SS =  3.391426
Iteration 11:  residual SS =  3.388297
Iteration 12:  residual SS =  3.382351
Iteration 13:  residual SS =  3.377009
Iteration 14:  residual SS =  3.372334
Iteration 15:  residual SS =  3.368396
Iteration 16:  residual SS =  3.365278
Iteration 17:  residual SS =  3.363078
Iteration 18:  residual SS =  3.361909
Iteration 19:  residual SS =  3.361905
Iteration 20:  residual SS =  3.359247
Iteration 21:  residual SS =   3.35678
Iteration 22:  residual SS =  3.354516
Iteration 23:  residual SS =  3.352468
Iteration 24:  residual SS =  3.350652
Iteration 25:  residual SS =  3.349084
Iteration 26:  residual SS =   3.34778
Iteration 27:  residual SS =   3.34676
Iteration 28:  residual SS =  3.346046
Iteration 29:  residual SS =  3.345661
Iteration 30:  residual SS =  3.345632
Iteration 31:  residual SS =  3.344257
Iteration 32:  residual SS =  3.342936
Iteration 33:  residual SS =   3.34167
Iteration 34:  residual SS =  3.340461
Iteration 35:  residual SS =  3.339313
Iteration 36:  residual SS =  3.338226
Iteration 37:  residual SS =  3.337205
Iteration 38:  residual SS =  3.336251
Iteration 39:  residual SS =  3.335367
Iteration 40:  residual SS =  3.334556
Iteration 41:  residual SS =  3.333822
Iteration 42:  residual SS =  3.333168
Iteration 43:  residual SS =  3.332597
Iteration 44:  residual SS =  3.332114
Iteration 45:  residual SS =  3.331722
Iteration 46:  residual SS =  3.331425
Iteration 47:  residual SS =  3.331229
Iteration 48:  residual SS =  3.331138
Iteration 49:  residual SS =  3.330425

      Source |       SS       df       MS            Number of obs =        33
-------------+------------------------------         F(  2,    30) =    126.47
       Model |  28.0734845     2  14.0367422         Prob > F      =    0.0000
    Residual |  3.32972716    30  .110990905         R-squared     =    0.8940
-------------+------------------------------         Adj R-squared =    0.8869
       Total |  31.4032116    32  .981350364         Root MSE      =   .333153
                                                     Res. dev.     =  17.96058

------------------------------------------------------------------------------
      lnYtou |      Coef.   Std. Err.      t    P>|t|     [95% Conf. Interval]
-------------+----------------------------------------------------------------
          b1 |  -134.9405   87.29007    -1.55   0.133    -313.2106    43.32965
          b2 |    1824.66   535.3226     3.41   0.002     731.3856    2917.935
          b3 |   12.87128   48.95878     0.26   0.794    -87.11588    112.8584
------------------------------------------------------------------------------
* Parameter b1 taken as constant term in model & ANOVA table
 (SEs, P values, CIs, and correlations are asymptotic approximations)
convergence not achieved
