=============================================================================================================
Estimation for Telephone and BOT, specification 2
=============================================================================================================
   
US parameters:
-------------------------------------------------------------------
elascoef1 = 4.011261128231718
elascoef2 = 4.011261128231718
trend     = .0606950657105945
-------------------------------------------------------------------
   
Model specification estimated:
( lnYtou = lnY + {b1} + (1.3-1)*ln(t-{b2=1958})*{b3=4.011261128231718} - (1-.3)*lnYpercap*4.011261128231718 + 
> .0606950657105945*t  ) 
-------------------------------------------------------------------
(obs = 40)

Iteration 0:  residual SS =  578451.9
Iteration 1:  residual SS =  560586.3
Iteration 2:  residual SS =  4.371892
Iteration 3:  residual SS =   1.65162
Iteration 4:  residual SS =  1.238839
Iteration 5:  residual SS =  1.217859
Iteration 6:  residual SS =  1.217794
Iteration 7:  residual SS =  1.217794

      Source |       SS       df       MS            Number of obs =        40
-------------+------------------------------         F(  2,    37) =   1101.81
       Model |  72.5288438     2  36.2644219         Prob > F      =    0.0000
    Residual |  1.21779436    37  .032913361         R-squared     =    0.9835
-------------+------------------------------         Adj R-squared =    0.9826
       Total |  73.7466382    39  1.89093944         Root MSE      =  .1814204
                                                     Res. dev.     = -26.15844

------------------------------------------------------------------------------
      lnYtou |      Coef.   Std. Err.      t    P>|t|     [95% Conf. Interval]
-------------+----------------------------------------------------------------
          b1 |  -127.7799   1.111512  -114.96   0.000     -130.032   -125.5277
          b2 |   1954.066   1.584887  1232.94   0.000     1950.854    1957.277
          b3 |   11.49405   .9001094    12.77   0.000     9.670256    13.31785
------------------------------------------------------------------------------
* Parameter b1 taken as constant term in model & ANOVA table
 (SEs, P values, CIs, and correlations are asymptotic approximations)
