=============================================================================================================
Estimation for Telephone and BUL, specification 1
=============================================================================================================
   
US parameters:
-------------------------------------------------------------------
elascoef1 = 4.011261128231718
elascoef2 = 4.011261128231718
trend     = .0606950657105945
-------------------------------------------------------------------
   
Model specification estimated:
( lnYtou = lnY + {b1} + (1.3-1)*ln(t-{b2=1905})*4.011261128231718 - (1-.3)*lnYpercap*4.011261128231718 + .0606
> 950657105945*t  ) 
-------------------------------------------------------------------
(obs = 65)

Iteration 0:  residual SS =  912983.4
Iteration 1:  residual SS =  699225.7
Iteration 2:  residual SS =  75.53603
Iteration 3:  residual SS =  75.44464
Iteration 4:  residual SS =  75.44349
Iteration 5:  residual SS =  75.44201

      Source |       SS       df       MS            Number of obs =        65
-------------+------------------------------         F(  1,    63) =    129.18
       Model |   154.69085     1   154.69085         Prob > F      =    0.0000
    Residual |  75.4420055    63  1.19749215         R-squared     =    0.6722
-------------+------------------------------         Adj R-squared =    0.6670
       Total |  230.132856    64  3.59582587         Root MSE      =    1.0943
                                                     Res. dev.     =  194.1455

------------------------------------------------------------------------------
      lnYtou |      Coef.   Std. Err.      t    P>|t|     [95% Conf. Interval]
-------------+----------------------------------------------------------------
          b1 |  -118.4286   .1613445  -734.01   0.000     -118.751   -118.1062
          b2 |   1907.372   2.294383   831.32   0.000     1902.787    1911.957
------------------------------------------------------------------------------
* Parameter b1 taken as constant term in model & ANOVA table
 (SEs, P values, CIs, and correlations are asymptotic approximations)
