=============================================================================================================
Estimation for Telephone and BUL, specification 2
=============================================================================================================
   
US parameters:
-------------------------------------------------------------------
elascoef1 = 4.011261128231718
elascoef2 = 4.011261128231718
trend     = .0606950657105945
-------------------------------------------------------------------
   
Model specification estimated:
( lnYtou = lnY + {b1} + (1.3-1)*ln(t-{b2=1905})*{b3=4.011261128231718} - (1-.3)*lnYpercap*4.011261128231718 + 
> .0606950657105945*t  ) 
-------------------------------------------------------------------
(obs = 65)

Iteration 0:  residual SS =  912983.4
Iteration 1:  residual SS =  884810.6
Iteration 2:  residual SS =  47.99589
Iteration 3:  residual SS =  40.37593
Iteration 4:  residual SS =  37.91033
Iteration 5:  residual SS =  36.63894
Iteration 6:  residual SS =  36.45738
Iteration 7:  residual SS =  35.98043
Iteration 8:  residual SS =  35.81947
Iteration 9:  residual SS =  35.47239
Iteration 10:  residual SS =  35.19384
Iteration 11:  residual SS =  34.99148
Iteration 12:  residual SS =  34.87501
Iteration 13:  residual SS =  34.85678
Iteration 14:  residual SS =  34.68787
Iteration 15:  residual SS =  34.53711
Iteration 16:  residual SS =  34.40569
Iteration 17:  residual SS =  34.29494
Iteration 18:  residual SS =   34.2064
Iteration 19:  residual SS =  34.14187
Iteration 20:  residual SS =  34.10338
Iteration 21:  residual SS =  34.09334
Iteration 22:  residual SS =  34.00649
Iteration 23:  residual SS =  33.92439
Iteration 24:  residual SS =  33.84722
Iteration 25:  residual SS =  33.77518
Iteration 26:  residual SS =  33.70848
Iteration 27:  residual SS =  33.64735
Iteration 28:  residual SS =  33.59205
Iteration 29:  residual SS =  33.54285
Iteration 30:  residual SS =  33.50005
Iteration 31:  residual SS =  33.46397
Iteration 32:  residual SS =  33.43497
Iteration 33:  residual SS =  33.41343
Iteration 34:  residual SS =  33.39976
Iteration 35:  residual SS =  33.39444
Iteration 36:  residual SS =  33.35122
Iteration 37:  residual SS =   33.3093
Iteration 38:  residual SS =   33.2687
Iteration 39:  residual SS =  33.22946
Iteration 40:  residual SS =  33.19162
Iteration 41:  residual SS =  33.15522
Iteration 42:  residual SS =  33.12028
Iteration 43:  residual SS =  33.08685
Iteration 44:  residual SS =  33.05497
Iteration 45:  residual SS =  33.02469
Iteration 46:  residual SS =  32.99605
Iteration 47:  residual SS =  32.96911
Iteration 48:  residual SS =   32.9439
Iteration 49:  residual SS =  32.92049

      Source |       SS       df       MS            Number of obs =        65
-------------+------------------------------         F(  2,    62) =    185.85
       Model |  197.233921     2  98.6169603         Prob > F      =    0.0000
    Residual |   32.898935    62  .530627984         R-squared     =    0.8570
-------------+------------------------------         Adj R-squared =    0.8524
       Total |  230.132856    64  3.59582587         Root MSE      =  .7284422
                                                     Res. dev.     =  140.2005

------------------------------------------------------------------------------
      lnYtou |      Coef.   Std. Err.      t    P>|t|     [95% Conf. Interval]
-------------+----------------------------------------------------------------
          b1 |  -211.8202   103.1146    -2.05   0.044    -417.9434   -5.697005
          b2 |   1685.281    238.234     7.07   0.000     1209.058    2161.504
          b3 |   58.53278   52.24638     1.12   0.267    -45.90624    162.9718
------------------------------------------------------------------------------
* Parameter b1 taken as constant term in model & ANOVA table
 (SEs, P values, CIs, and correlations are asymptotic approximations)
convergence not achieved
