=============================================================================================================
Estimation for Telephone and CAM, specification 2
=============================================================================================================
   
US parameters:
-------------------------------------------------------------------
elascoef1 = 4.011261128231718
elascoef2 = 4.011261128231718
trend     = .0606950657105945
-------------------------------------------------------------------
   
Model specification estimated:
( lnYtou = lnY + {b1} + (1.3-1)*ln(t-{b2=1945})*{b3=4.011261128231718} - (1-.3)*lnYpercap*4.011261128231718 + 
> .0606950657105945*t  ) 
-------------------------------------------------------------------
(obs = 46)

Iteration 0:  residual SS =    697843
Iteration 1:  residual SS =  676513.9
Iteration 2:  residual SS =   13.5071
Iteration 3:  residual SS =  13.36981
Iteration 4:  residual SS =  13.36828
Iteration 5:  residual SS =  13.36828
Iteration 6:  residual SS =  13.36828
Iteration 7:  residual SS =  13.36828

      Source |       SS       df       MS            Number of obs =        46
-------------+------------------------------         F(  2,    43) =    124.71
       Model |  77.5394532     2  38.7697266         Prob > F      =    0.0000
    Residual |  13.3682757    43  .310890132         R-squared     =    0.8529
-------------+------------------------------         Adj R-squared =    0.8461
       Total |  90.9077289    45  2.02017175         Root MSE      =  .5575752
                                                     Res. dev.     =  73.69752

------------------------------------------------------------------------------
      lnYtou |      Coef.   Std. Err.      t    P>|t|     [95% Conf. Interval]
-------------+----------------------------------------------------------------
          b1 |  -120.2554   .3425049  -351.11   0.000    -120.9461   -119.5646
          b2 |    1949.77   .5438615  3585.05   0.000     1948.673    1950.867
          b3 |    1.13764   .3552624     3.20   0.003     .4211854    1.854095
------------------------------------------------------------------------------
* Parameter b1 taken as constant term in model & ANOVA table
 (SEs, P values, CIs, and correlations are asymptotic approximations)
