=============================================================================================================
Estimation for Telephone and CAR, specification 2
=============================================================================================================
   
US parameters:
-------------------------------------------------------------------
elascoef1 = 4.011261128231718
elascoef2 = 4.011261128231718
trend     = .0606950657105945
-------------------------------------------------------------------
   
Model specification estimated:
( lnYtou = lnY + {b1} + (1.3-1)*ln(t-{b2=1954})*{b3=4.011261128231718} - (1-.3)*lnYpercap*4.011261128231718 + 
> .0606950657105945*t  ) 
-------------------------------------------------------------------
(obs = 37)

Iteration 0:  residual SS =  567872.1
Iteration 1:  residual SS =  550414.4
Iteration 2:  residual SS =  421453.7
Iteration 3:  residual SS =  322641.9
Iteration 4:  residual SS =  283547.2
Iteration 5:  residual SS =  266098.7
Iteration 6:  cannot calculate derivatives
equation/system not identified
