=============================================================================================================
Estimation for Telephone and CHL, specification 1
=============================================================================================================
   
US parameters:
-------------------------------------------------------------------
elascoef1 = 4.011261128231718
elascoef2 = 4.011261128231718
trend     = .0606950657105945
-------------------------------------------------------------------
   
Model specification estimated:
( lnYtou = lnY + {b1} + (1.3-1)*ln(t-{b2=1895})*4.011261128231718 - (1-.3)*lnYpercap*4.011261128231718 + .0606
> 950657105945*t  ) 
-------------------------------------------------------------------
(obs = 74)

Iteration 0:  residual SS =   1024411
Iteration 1:  residual SS =  261850.3
Iteration 2:  residual SS =  37.28348
Iteration 3:  residual SS =  21.44803
Iteration 4:  residual SS =  15.81417
Iteration 5:  residual SS =  14.86241
Iteration 6:  residual SS =  13.80997
Iteration 7:  residual SS =  12.96103
Iteration 8:  residual SS =  12.61301
Iteration 9:  residual SS =  12.21139
Iteration 10:  residual SS =  11.97308
Iteration 11:  residual SS =   11.9359
Iteration 12:  residual SS =  11.76988
Iteration 13:  residual SS =  11.66494
Iteration 14:  residual SS =  11.63482
Iteration 15:  residual SS =  11.53911
Iteration 16:  residual SS =  11.46227
Iteration 17:  residual SS =  11.40721
Iteration 18:  residual SS =  11.37782
Iteration 19:  residual SS =  11.32267
Iteration 20:  residual SS =  11.27301
Iteration 21:  residual SS =  11.22941
Iteration 22:  residual SS =  11.19253
Iteration 23:  residual SS =  11.16322
Iteration 24:  residual SS =   11.1425
Iteration 25:  residual SS =  11.13164
Iteration 26:  residual SS =  11.10463
Iteration 27:  residual SS =  11.07948
Iteration 28:  residual SS =  11.05633
Iteration 29:  residual SS =  11.03535
Iteration 30:  residual SS =  11.01673
Iteration 31:  residual SS =  11.00068
Iteration 32:  residual SS =  10.98746
Iteration 33:  residual SS =  10.97737
Iteration 34:  residual SS =  10.97074
Iteration 35:  residual SS =  10.96799
Iteration 36:  residual SS =  10.95503
Iteration 37:  residual SS =  10.94273
Iteration 38:  residual SS =  10.93112
Iteration 39:  residual SS =  10.92026
Iteration 40:  residual SS =  10.91018
Iteration 41:  residual SS =  10.90094
Iteration 42:  residual SS =   10.8926
Iteration 43:  residual SS =  10.88522
Iteration 44:  residual SS =  10.87887
Iteration 45:  residual SS =  10.87364
Iteration 46:  residual SS =  10.86961
Iteration 47:  residual SS =  10.86688
Iteration 48:  residual SS =  10.86557
Iteration 49:  residual SS =    10.859

      Source |       SS       df       MS            Number of obs =        74
-------------+------------------------------         F(  1,    72) =    812.62
       Model |  122.486834     1  122.486834         Prob > F      =    0.0000
    Residual |  10.8526634    72  .150731436         R-squared     =    0.9186
-------------+------------------------------         Adj R-squared =    0.9175
       Total |  133.339498    73  1.82656846         Root MSE      =  .3882415
                                                     Res. dev.     =  67.94846

------------------------------------------------------------------------------
      lnYtou |      Coef.   Std. Err.      t    P>|t|     [95% Conf. Interval]
-------------+----------------------------------------------------------------
          b1 |  -123.6361   5.752636   -21.49   0.000    -135.1038   -112.1684
          b2 |  -3283.452   24602.87    -0.13   0.894    -52328.38    45761.48
------------------------------------------------------------------------------
* Parameter b1 taken as constant term in model & ANOVA table
 (SEs, P values, CIs, and correlations are asymptotic approximations)
convergence not achieved
