=============================================================================================================
Estimation for Telephone and CHN, specification 2
=============================================================================================================
   
US parameters:
-------------------------------------------------------------------
elascoef1 = 4.011261128231718
elascoef2 = 4.011261128231718
trend     = .0606950657105945
-------------------------------------------------------------------
   
Model specification estimated:
( lnYtou = lnY + {b1} + (1.3-1)*ln(t-{b2=1945})*{b3=4.011261128231718} - (1-.3)*lnYpercap*4.011261128231718 + 
> .0606950657105945*t  ) 
-------------------------------------------------------------------
(obs = 53)

Iteration 0:  residual SS =  793971.5
Iteration 1:  residual SS =    769612
Iteration 2:  residual SS =  81.15897
Iteration 3:  residual SS =  74.99052
Iteration 4:  residual SS =  73.15494
Iteration 5:  residual SS =  72.03796
Iteration 6:  residual SS =  71.50488
Iteration 7:  residual SS =  70.99851
Iteration 8:  residual SS =  70.72612
Iteration 9:  residual SS =  70.40282
Iteration 10:  residual SS =  70.13818
Iteration 11:  residual SS =  69.94805
Iteration 12:  residual SS =  69.85389
Iteration 13:  residual SS =  69.68223
Iteration 14:  residual SS =  69.52898
Iteration 15:  residual SS =  69.39693
Iteration 16:  residual SS =  69.28947
Iteration 17:  residual SS =  69.21065
Iteration 18:  residual SS =  69.16541
Iteration 19:  residual SS =  69.15978
Iteration 20:  residual SS =  69.07715
Iteration 21:  residual SS =  69.00098
Iteration 22:  residual SS =  68.93188
Iteration 23:  residual SS =   68.8705
Iteration 24:  residual SS =  68.81761
Iteration 25:  residual SS =  68.77403
Iteration 26:  residual SS =  68.74071
Iteration 27:  residual SS =  68.71875
Iteration 28:  residual SS =  68.70934
Iteration 29:  residual SS =  68.66296
Iteration 30:  residual SS =  68.61842
Iteration 31:  residual SS =  68.57582
Iteration 32:  residual SS =  68.53527
Iteration 33:  residual SS =  68.49687
Iteration 34:  residual SS =  68.46075
Iteration 35:  residual SS =  68.42704
Iteration 36:  residual SS =  68.39588
Iteration 37:  residual SS =  68.36742
Iteration 38:  residual SS =  68.34183
Iteration 39:  residual SS =  68.31926
Iteration 40:  residual SS =  68.29992
Iteration 41:  residual SS =  68.28401
Iteration 42:  residual SS =  68.27174
Iteration 43:  residual SS =  68.26335
Iteration 44:  residual SS =   68.2591
Iteration 45:  residual SS =  68.23497
Iteration 46:  residual SS =  68.21141
Iteration 47:  residual SS =  68.18844
Iteration 48:  residual SS =  68.16607
Iteration 49:  residual SS =  68.14434

      Source |       SS       df       MS            Number of obs =        53
-------------+------------------------------         F(  2,    50) =     31.89
       Model |  86.9054261     2  43.4527131         Prob > F      =    0.0000
    Residual |  68.1232452    50   1.3624649         R-squared     =    0.5606
-------------+------------------------------         Adj R-squared =    0.5430
       Total |  155.028671    52   2.9813206         Root MSE      =  1.167247
                                                     Res. dev.     =  163.7119

------------------------------------------------------------------------------
      lnYtou |      Coef.   Std. Err.      t    P>|t|     [95% Conf. Interval]
-------------+----------------------------------------------------------------
          b1 |  -196.9794   160.9122    -1.22   0.227     -520.181    126.2222
          b2 |   1793.047   309.7736     5.79   0.000     1170.849    2415.246
          b3 |   50.60739   86.60376     0.58   0.562    -123.3414    224.5562
------------------------------------------------------------------------------
* Parameter b1 taken as constant term in model & ANOVA table
 (SEs, P values, CIs, and correlations are asymptotic approximations)
convergence not achieved
