=============================================================================================================
Estimation for Telephone and COL, specification 1
=============================================================================================================
   
US parameters:
-------------------------------------------------------------------
elascoef1 = 4.011261128231718
elascoef2 = 4.011261128231718
trend     = .0606950657105945
-------------------------------------------------------------------
   
Model specification estimated:
( lnYtou = lnY + {b1} + (1.3-1)*ln(t-{b2=1908})*4.011261128231718 - (1-.3)*lnYpercap*4.011261128231718 + .0606
> 950657105945*t  ) 
-------------------------------------------------------------------
(obs = 67)

Iteration 0:  residual SS =  949277.1
Iteration 1:  residual SS =  833847.6
Iteration 2:  residual SS =  6.945686
Iteration 3:  residual SS =  6.460599
Iteration 4:  residual SS =  6.457663
Iteration 5:  residual SS =   6.45763

      Source |       SS       df       MS            Number of obs =        67
-------------+------------------------------         F(  1,    65) =   1920.81
       Model |  190.828454     1  190.828454         Prob > F      =    0.0000
    Residual |  6.45762625    65  .099348096         R-squared     =    0.9673
-------------+------------------------------         Adj R-squared =    0.9668
       Total |   197.28608    66  2.98918303         Root MSE      =  .3151953
                                                     Res. dev.     =   33.3959

------------------------------------------------------------------------------
      lnYtou |      Coef.   Std. Err.      t    P>|t|     [95% Conf. Interval]
-------------+----------------------------------------------------------------
          b1 |  -119.0924   .0661687 -1799.83   0.000    -119.2245   -118.9602
          b2 |   1906.114   1.702944  1119.31   0.000     1902.713    1909.515
------------------------------------------------------------------------------
* Parameter b1 taken as constant term in model & ANOVA table
 (SEs, P values, CIs, and correlations are asymptotic approximations)
