=============================================================================================================
Estimation for Telephone and CON, specification 1
=============================================================================================================
   
US parameters:
-------------------------------------------------------------------
elascoef1 = 4.011261128231718
elascoef2 = 4.011261128231718
trend     = .0606950657105945
-------------------------------------------------------------------
   
Model specification estimated:
( lnYtou = lnY + {b1} + (1.3-1)*ln(t-{b2=1954})*4.011261128231718 - (1-.3)*lnYpercap*4.011261128231718 + .0606
> 950657105945*t  ) 
-------------------------------------------------------------------
(obs = 30)

Iteration 0:  residual SS =    431421
Iteration 1:  residual SS =  4.114769
Iteration 2:  residual SS =  3.261852
Iteration 3:  residual SS =  1.902495
Iteration 4:  residual SS =  1.210662
Iteration 5:  residual SS =  1.078851
Iteration 6:  residual SS =  1.075744
Iteration 7:  residual SS =  1.075743

      Source |       SS       df       MS            Number of obs =        30
-------------+------------------------------         F(  1,    28) =    128.29
       Model |  4.92887416     1  4.92887416         Prob > F      =    0.0000
    Residual |  1.07574315    28  .038419398         R-squared     =    0.8208
-------------+------------------------------         Adj R-squared =    0.8144
       Total |  6.00461731    29  .207055769         Root MSE      =  .1960087
                                                     Res. dev.     = -14.70926

------------------------------------------------------------------------------
      lnYtou |      Coef.   Std. Err.      t    P>|t|     [95% Conf. Interval]
-------------+----------------------------------------------------------------
          b1 |  -122.1567   .4572271  -267.17   0.000    -123.0933   -121.2202
          b2 |   1862.441   41.81103    44.54   0.000     1776.795    1948.087
------------------------------------------------------------------------------
* Parameter b1 taken as constant term in model & ANOVA table
 (SEs, P values, CIs, and correlations are asymptotic approximations)
