=============================================================================================================
Estimation for Telephone and COS, specification 1
=============================================================================================================
   
US parameters:
-------------------------------------------------------------------
elascoef1 = 4.011261128231718
elascoef2 = 4.011261128231718
trend     = .0606950657105945
-------------------------------------------------------------------
   
Model specification estimated:
( lnYtou = lnY + {b1} + (1.3-1)*ln(t-{b2=1915})*4.011261128231718 - (1-.3)*lnYpercap*4.011261128231718 + .0606
> 950657105945*t  ) 
-------------------------------------------------------------------
(obs = 43)

Iteration 0:  residual SS =  603835.4
Iteration 1:  residual SS =  462730.8
Iteration 2:  residual SS =  17.91471
Iteration 3:  residual SS =  16.33746
Iteration 4:  residual SS =  16.28364
Iteration 5:  residual SS =   16.2836
Iteration 6:  residual SS =  16.28359
Iteration 7:  residual SS =  16.28358
Iteration 8:  residual SS =  16.28358
Iteration 9:  residual SS =  16.28358

      Source |       SS       df       MS            Number of obs =        43
-------------+------------------------------         F(  1,    41) =    216.14
       Model |  85.8434632     1  85.8434632         Prob > F      =    0.0000
    Residual |   16.283576    41   .39716039         R-squared     =    0.8406
-------------+------------------------------         Adj R-squared =    0.8367
       Total |  102.127039    42  2.43159617         Root MSE      =  .6302066
                                                     Res. dev.     =  80.27386

------------------------------------------------------------------------------
      lnYtou |      Coef.   Std. Err.      t    P>|t|     [95% Conf. Interval]
-------------+----------------------------------------------------------------
          b1 |  -118.7868   .2189922  -542.42   0.000     -119.229   -118.3445
          b2 |   1903.931   8.916395   213.53   0.000     1885.924    1921.938
------------------------------------------------------------------------------
* Parameter b1 taken as constant term in model & ANOVA table
 (SEs, P values, CIs, and correlations are asymptotic approximations)
