=============================================================================================================
Estimation for Telephone and CRO, specification 1
=============================================================================================================
   
US parameters:
-------------------------------------------------------------------
elascoef1 = 4.011261128231718
elascoef2 = 4.011261128231718
trend     = .0606950657105945
-------------------------------------------------------------------
   
Model specification estimated:
( lnYtou = lnY + {b1} + (1.3-1)*ln(t-{b2=1985})*4.011261128231718 - (1-.3)*lnYpercap*4.011261128231718 + .0606
> 950657105945*t  ) 
-------------------------------------------------------------------
(obs = 13)

Iteration 0:  residual SS =  172073.8
Iteration 1:  residual SS =  2.198133
Iteration 2:  residual SS =  .7223773
Iteration 3:  residual SS =  .4900475
Iteration 4:  residual SS =  .4772482
Iteration 5:  residual SS =  .4772393

      Source |       SS       df       MS            Number of obs =        13
-------------+------------------------------         F(  1,    11) =      9.72
       Model |  .421644651     1  .421644651         Prob > F      =    0.0098
    Residual |  .477239266    11  .043385388         R-squared     =    0.4691
-------------+------------------------------         Adj R-squared =    0.4208
       Total |  .898883917    12  .074906993         Root MSE      =  .2082916
                                                     Res. dev.     = -6.068525

------------------------------------------------------------------------------
      lnYtou |      Coef.   Std. Err.      t    P>|t|     [95% Conf. Interval]
-------------+----------------------------------------------------------------
          b1 |  -116.5122   .5355735  -217.55   0.000     -117.691   -115.3334
          b2 |    1961.03   15.29057   128.25   0.000     1927.376    1994.685
------------------------------------------------------------------------------
* Parameter b1 taken as constant term in model & ANOVA table
 (SEs, P values, CIs, and correlations are asymptotic approximations)
