=============================================================================================================
Estimation for Telephone and CRO, specification 2
=============================================================================================================
   
US parameters:
-------------------------------------------------------------------
elascoef1 = 4.011261128231718
elascoef2 = 4.011261128231718
trend     = .0606950657105945
-------------------------------------------------------------------
   
Model specification estimated:
( lnYtou = lnY + {b1} + (1.3-1)*ln(t-{b2=1985})*{b3=4.011261128231718} - (1-.3)*lnYpercap*4.011261128231718 + 
> .0606950657105945*t  ) 
-------------------------------------------------------------------
(obs = 13)

Iteration 0:  residual SS =  172073.8
Iteration 1:  residual SS =  167113.1
Iteration 2:  residual SS =  1.343501
Iteration 3:  residual SS =  1.017314
Iteration 4:  residual SS =   1.01033
Iteration 5:  residual SS =   1.00267
Iteration 6:  residual SS =   .999822
Iteration 7:  residual SS =  .9950268
Iteration 8:  residual SS =  .9913583
Iteration 9:  residual SS =  .9890182
Iteration 10:  residual SS =  .9882708
Iteration 11:  residual SS =   .985813
Iteration 12:  residual SS =  .9836582
Iteration 13:  residual SS =  .9818374
Iteration 14:  residual SS =  .9803873
Iteration 15:  residual SS =   .979351
Iteration 16:  residual SS =  .9787791
Iteration 17:  residual SS =  .9787321
Iteration 18:  residual SS =  .9775328
Iteration 19:  residual SS =  .9764204
Iteration 20:  residual SS =  .9754002
Iteration 21:  residual SS =  .9744783
Iteration 22:  residual SS =  .9736614
Iteration 23:  residual SS =  .9729568
Iteration 24:  residual SS =  .9723725
Iteration 25:  residual SS =  .9719174
Iteration 26:  residual SS =  .9716016
Iteration 27:  residual SS =   .971436
Iteration 28:  residual SS =  .9714328
Iteration 29:  residual SS =  .9708232
Iteration 30:  residual SS =  .9702381
Iteration 31:  residual SS =  .9696785
Iteration 32:  residual SS =  .9691453
Iteration 33:  residual SS =  .9686396
Iteration 34:  residual SS =  .9681626
Iteration 35:  residual SS =  .9677154
Iteration 36:  residual SS =  .9672993
Iteration 37:  residual SS =  .9669157
Iteration 38:  residual SS =   .966566
Iteration 39:  residual SS =  .9662516
Iteration 40:  residual SS =  .9659743
Iteration 41:  residual SS =  .9657357
Iteration 42:  residual SS =  .9655376
Iteration 43:  residual SS =  .9653821
Iteration 44:  residual SS =  .9652712
Iteration 45:  residual SS =  .9652071
Iteration 46:  residual SS =  .9651922
Iteration 47:  residual SS =  .9648813
Iteration 48:  residual SS =  .9645774
Iteration 49:  residual SS =  .9642806

      Source |       SS       df       MS            Number of obs =        13
-------------+------------------------------         F(  2,    10) =     -0.34
       Model | -.065107268     2 -.032553634         Prob > F      =    1.0000
    Residual |  .963991185    10  .096399118         R-squared     =   -0.0724
-------------+------------------------------         Adj R-squared =   -0.2869
       Total |  .898883917    12  .074906993         Root MSE      =  .3104821
                                                     Res. dev.     =   3.07131

------------------------------------------------------------------------------
      lnYtou |      Coef.   Std. Err.      t    P>|t|     [95% Conf. Interval]
-------------+----------------------------------------------------------------
          b1 |  -128.7853   129.6577    -0.99   0.344    -417.6806    160.1101
          b2 |   1938.237   358.2766     5.41   0.000     1139.947    2736.527
          b3 |   13.72165   85.66918     0.16   0.876    -177.1612    204.6045
------------------------------------------------------------------------------
* Parameter b1 taken as constant term in model & ANOVA table
 (SEs, P values, CIs, and correlations are asymptotic approximations)
convergence not achieved
