=============================================================================================================
Estimation for Telephone and CZR, specification 1
=============================================================================================================
   
US parameters:
-------------------------------------------------------------------
elascoef1 = 4.011261128231718
elascoef2 = 4.011261128231718
trend     = .0606950657105945
-------------------------------------------------------------------
   
Model specification estimated:
( lnYtou = lnY + {b1} + (1.3-1)*ln(t-{b2=1985})*4.011261128231718 - (1-.3)*lnYpercap*4.011261128231718 + .0606
> 950657105945*t  ) 
-------------------------------------------------------------------
(obs = 13)

Iteration 0:  residual SS =  170434.2
Iteration 1:  residual SS =  18.76119
Iteration 2:  residual SS =   1.64021
Iteration 3:  residual SS =  .6039579
Iteration 4:  residual SS =  .2348853
Iteration 5:  residual SS =   .180618
Iteration 6:  residual SS =  .1797994

      Source |       SS       df       MS            Number of obs =        13
-------------+------------------------------         F(  1,    11) =     74.31
       Model |  1.21456605     1  1.21456605         Prob > F      =    0.0000
    Residual |  .179799354    11  .016345396         R-squared     =    0.8711
-------------+------------------------------         Adj R-squared =    0.8593
       Total |   1.3943654    12  .116197117         Root MSE      =  .1278491
                                                     Res. dev.     = -18.75882

------------------------------------------------------------------------------
      lnYtou |      Coef.   Std. Err.      t    P>|t|     [95% Conf. Interval]
-------------+----------------------------------------------------------------
          b1 |  -115.5631    .235393  -490.94   0.000    -116.0812    -115.045
          b2 |   1970.782   4.767929   413.34   0.000     1960.287    1981.276
------------------------------------------------------------------------------
* Parameter b1 taken as constant term in model & ANOVA table
 (SEs, P values, CIs, and correlations are asymptotic approximations)
