=============================================================================================================
Estimation for Telephone and ECU, specification 1
=============================================================================================================
   
US parameters:
-------------------------------------------------------------------
elascoef1 = 4.011261128231718
elascoef2 = 4.011261128231718
trend     = .0606950657105945
-------------------------------------------------------------------
   
Model specification estimated:
( lnYtou = lnY + {b1} + (1.3-1)*ln(t-{b2=1934})*4.011261128231718 - (1-.3)*lnYpercap*4.011261128231718 + .0606
> 950657105945*t  ) 
-------------------------------------------------------------------
(obs = 45)

Iteration 0:  residual SS =  638672.8
Iteration 1:  residual SS =  487291.8
Iteration 2:  residual SS =  7.764693
Iteration 3:  residual SS =  7.060686
Iteration 4:  residual SS =  7.052419
Iteration 5:  residual SS =  7.052386

      Source |       SS       df       MS            Number of obs =        45
-------------+------------------------------         F(  1,    43) =    484.29
       Model |  79.4276354     1  79.4276354         Prob > F      =    0.0000
    Residual |  7.05238372    43  .164008924         R-squared     =    0.9185
-------------+------------------------------         Adj R-squared =    0.9166
       Total |  86.4800191    44  1.96545498         Root MSE      =  .4049802
                                                     Res. dev.     =  44.30611

------------------------------------------------------------------------------
      lnYtou |      Coef.   Std. Err.      t    P>|t|     [95% Conf. Interval]
-------------+----------------------------------------------------------------
          b1 |  -119.3238   .1131097 -1054.94   0.000     -119.552   -119.0957
          b2 |   1930.295   2.079649   928.18   0.000     1926.101    1934.489
------------------------------------------------------------------------------
* Parameter b1 taken as constant term in model & ANOVA table
 (SEs, P values, CIs, and correlations are asymptotic approximations)
