=============================================================================================================
Estimation for Telephone and ECU, specification 2
=============================================================================================================
   
US parameters:
-------------------------------------------------------------------
elascoef1 = 4.011261128231718
elascoef2 = 4.011261128231718
trend     = .0606950657105945
-------------------------------------------------------------------
   
Model specification estimated:
( lnYtou = lnY + {b1} + (1.3-1)*ln(t-{b2=1934})*{b3=4.011261128231718} - (1-.3)*lnYpercap*4.011261128231718 + 
> .0606950657105945*t  ) 
-------------------------------------------------------------------
(obs = 45)

Iteration 0:  residual SS =  638672.8
Iteration 1:  residual SS =  618978.7
Iteration 2:  residual SS =  8.730317
Iteration 3:  residual SS =   6.62823
Iteration 4:  residual SS =  6.109875
Iteration 5:  residual SS =  5.983111
Iteration 6:  residual SS =  5.889495
Iteration 7:  residual SS =  5.798217
Iteration 8:  residual SS =  5.729755
Iteration 9:  residual SS =  5.686185
Iteration 10:  residual SS =  5.670566
Iteration 11:  residual SS =  5.631318
Iteration 12:  residual SS =  5.597577
Iteration 13:  residual SS =  5.569622
Iteration 14:  residual SS =  5.547796
Iteration 15:  residual SS =  5.532528
Iteration 16:  residual SS =  5.524346
Iteration 17:  residual SS =    5.5239
Iteration 18:  residual SS =  5.506307
Iteration 19:  residual SS =  5.490094
Iteration 20:  residual SS =  5.475304
Iteration 21:  residual SS =  5.461989
Iteration 22:  residual SS =  5.450206
Iteration 23:  residual SS =  5.440019
Iteration 24:  residual SS =  5.431499
Iteration 25:  residual SS =  5.424727
Iteration 26:  residual SS =  5.419794
Iteration 27:  residual SS =  5.416802
Iteration 28:  residual SS =  5.415867
Iteration 29:  residual SS =  5.407097
Iteration 30:  residual SS =  5.398671
Iteration 31:  residual SS =  5.390596
Iteration 32:  residual SS =   5.38288
Iteration 33:  residual SS =   5.37553
Iteration 34:  residual SS =  5.368555
Iteration 35:  residual SS =  5.361964
Iteration 36:  residual SS =  5.355767
Iteration 37:  residual SS =  5.349975
Iteration 38:  residual SS =  5.344597
Iteration 39:  residual SS =  5.339647
Iteration 40:  residual SS =  5.335136
Iteration 41:  residual SS =  5.331079
Iteration 42:  residual SS =  5.327489
Iteration 43:  residual SS =  5.324382
Iteration 44:  residual SS =  5.321774
Iteration 45:  residual SS =  5.319683
Iteration 46:  residual SS =  5.318129
Iteration 47:  residual SS =   5.31713
Iteration 48:  residual SS =  5.316709
Iteration 49:  residual SS =  5.312521

      Source |       SS       df       MS            Number of obs =        45
-------------+------------------------------         F(  2,    42) =    321.11
       Model |  81.1715952     2  40.5857976         Prob > F      =    0.0000
    Residual |  5.30842397    42  .126391047         R-squared     =    0.9386
-------------+------------------------------         Adj R-squared =    0.9357
       Total |  86.4800191    44  1.96545498         Root MSE      =  .3555152
                                                     Res. dev.     =  31.52293

------------------------------------------------------------------------------
      lnYtou |      Coef.   Std. Err.      t    P>|t|     [95% Conf. Interval]
-------------+----------------------------------------------------------------
          b1 |  -164.2633   79.63507    -2.06   0.045    -324.9734   -3.553196
          b2 |   1788.755   234.4093     7.63   0.000     1315.698    2261.813
          b3 |   31.77563   43.19488     0.74   0.466    -55.39518    118.9464
------------------------------------------------------------------------------
* Parameter b1 taken as constant term in model & ANOVA table
 (SEs, P values, CIs, and correlations are asymptotic approximations)
convergence not achieved
