=============================================================================================================
Estimation for Telephone and EGY, specification 2
=============================================================================================================
   
US parameters:
-------------------------------------------------------------------
elascoef1 = 4.011261128231718
elascoef2 = 4.011261128231718
trend     = .0606950657105945
-------------------------------------------------------------------
   
Model specification estimated:
( lnYtou = lnY + {b1} + (1.3-1)*ln(t-{b2=1908})*{b3=4.011261128231718} - (1-.3)*lnYpercap*4.011261128231718 + 
> .0606950657105945*t  ) 
-------------------------------------------------------------------
(obs = 52)

Iteration 0:  residual SS =  764505.2
Iteration 1:  residual SS =  740908.5
Iteration 2:  residual SS =   24.6578
Iteration 3:  residual SS =  17.28803
Iteration 4:  residual SS =  16.12912
Iteration 5:  residual SS =  16.04338
Iteration 6:  residual SS =  16.03732
Iteration 7:  residual SS =  15.94041
Iteration 8:  residual SS =  15.82958
Iteration 9:  residual SS =  15.73751
Iteration 10:  residual SS =  15.66766
Iteration 11:  residual SS =  15.62448
Iteration 12:  residual SS =  15.61379
Iteration 13:  residual SS =  15.56489
Iteration 14:  residual SS =  15.52211
Iteration 15:  residual SS =  15.48615
Iteration 16:  residual SS =  15.45781
Iteration 17:  residual SS =  15.43806
Iteration 18:  residual SS =  15.42802
Iteration 19:  residual SS =  15.40037
Iteration 20:  residual SS =  15.37429
Iteration 21:  residual SS =  15.34989
Iteration 22:  residual SS =  15.32729
Iteration 23:  residual SS =   15.3066
Iteration 24:  residual SS =  15.28796
Iteration 25:  residual SS =  15.27151
Iteration 26:  residual SS =  15.25743
Iteration 27:  residual SS =  15.24588
Iteration 28:  residual SS =  15.23706
Iteration 29:  residual SS =   15.2312
Iteration 30:  residual SS =  15.22854
Iteration 31:  residual SS =  15.21493
Iteration 32:  residual SS =  15.20178
Iteration 33:  residual SS =  15.18913
Iteration 34:  residual SS =    15.177
Iteration 35:  residual SS =  15.16539
Iteration 36:  residual SS =  15.15435
Iteration 37:  residual SS =  15.14388
Iteration 38:  residual SS =  15.13402
Iteration 39:  residual SS =  15.12479
Iteration 40:  residual SS =  15.11621
Iteration 41:  residual SS =  15.10833
Iteration 42:  residual SS =  15.10117
Iteration 43:  residual SS =  15.09475
Iteration 44:  residual SS =  15.08913
Iteration 45:  residual SS =  15.08433
Iteration 46:  residual SS =  15.08041
Iteration 47:  residual SS =  15.07739
Iteration 48:  residual SS =  15.07532
Iteration 49:  residual SS =  15.07426

      Source |       SS       df       MS            Number of obs =        52
-------------+------------------------------         F(  2,    49) =    106.94
       Model |  65.7991557     2  32.8995779         Prob > F      =    0.0000
    Residual |  15.0742557    49  .307637871         R-squared     =    0.8136
-------------+------------------------------         Adj R-squared =    0.8060
       Total |  80.8734114    51  1.58575317         Root MSE      =  .5546511
                                                     Res. dev.     =  83.18033

------------------------------------------------------------------------------
      lnYtou |      Coef.   Std. Err.      t    P>|t|     [95% Conf. Interval]
-------------+----------------------------------------------------------------
          b1 |  -183.8547   53.01893    -3.47   0.001    -290.4002   -77.30917
          b2 |   1634.643   221.4914     7.38   0.000     1189.539    2079.747
          b3 |   38.84589   26.02793     1.49   0.142     -13.4592    91.15098
------------------------------------------------------------------------------
* Parameter b1 taken as constant term in model & ANOVA table
 (SEs, P values, CIs, and correlations are asymptotic approximations)
convergence not achieved
