=============================================================================================================
Estimation for Telephone and ELS, specification 1
=============================================================================================================
   
US parameters:
-------------------------------------------------------------------
elascoef1 = 4.011261128231718
elascoef2 = 4.011261128231718
trend     = .0606950657105945
-------------------------------------------------------------------
   
Model specification estimated:
( lnYtou = lnY + {b1} + (1.3-1)*ln(t-{b2=1918})*4.011261128231718 - (1-.3)*lnYpercap*4.011261128231718 + .0606
> 950657105945*t  ) 
-------------------------------------------------------------------
(obs = 50)

Iteration 0:  residual SS =  725591.4
Iteration 1:  residual SS =  554477.1
Iteration 2:  residual SS =  30.38587
Iteration 3:  residual SS =  13.94559
Iteration 4:  residual SS =  6.121649
Iteration 5:  residual SS =  4.327015
Iteration 6:  residual SS =  3.929535
Iteration 7:  residual SS =   3.92432
Iteration 8:  residual SS =  3.924307
Iteration 9:  residual SS =  3.924307

      Source |       SS       df       MS            Number of obs =        50
-------------+------------------------------         F(  1,    48) =    818.04
       Model |  66.8798549     1  66.8798549         Prob > F      =    0.0000
    Residual |  3.92430663    48  .081756388         R-squared     =    0.9446
-------------+------------------------------         Adj R-squared =    0.9434
       Total |  70.8041615    49  1.44498289         Root MSE      =  .2859307
                                                     Res. dev.     =  14.65219

------------------------------------------------------------------------------
      lnYtou |      Coef.   Std. Err.      t    P>|t|     [95% Conf. Interval]
-------------+----------------------------------------------------------------
          b1 |  -121.3194   .1807923  -671.04   0.000    -121.6829   -120.9559
          b2 |   1879.472   11.49995   163.43   0.000      1856.35    1902.595
------------------------------------------------------------------------------
* Parameter b1 taken as constant term in model & ANOVA table
 (SEs, P values, CIs, and correlations are asymptotic approximations)
