=============================================================================================================
Estimation for Telephone and EQU, specification 2
=============================================================================================================
   
US parameters:
-------------------------------------------------------------------
elascoef1 = 4.011261128231718
elascoef2 = 4.011261128231718
trend     = .0606950657105945
-------------------------------------------------------------------
   
Model specification estimated:
( lnYtou = lnY + {b1} + (1.3-1)*ln(t-{b2=1976})*{b3=4.011261128231718} - (1-.3)*lnYpercap*4.011261128231718 + 
> .0606950657105945*t  ) 
-------------------------------------------------------------------
(obs = 22)

Iteration 0:  residual SS =  321237.1
Iteration 1:  residual SS =  311527.4
Iteration 2:  residual SS =  27.26443
Iteration 3:  residual SS =   24.5005
Iteration 4:  residual SS =  23.52056
Iteration 5:  residual SS =  23.31613
Iteration 6:  residual SS =  23.25856
Iteration 7:  residual SS =  23.12557
Iteration 8:  residual SS =  22.98484
Iteration 9:  residual SS =  22.86714
Iteration 10:  residual SS =  22.77781
Iteration 11:  residual SS =  22.72391
Iteration 12:  residual SS =  22.71498
Iteration 13:  residual SS =  22.65478
Iteration 14:  residual SS =   22.6033
Iteration 15:  residual SS =  22.56178
Iteration 16:  residual SS =   22.5317
Iteration 17:  residual SS =  22.51485
Iteration 18:  residual SS =   22.5134
Iteration 19:  residual SS =  22.48089
Iteration 20:  residual SS =   22.4509
Iteration 21:  residual SS =  22.42366
Iteration 22:  residual SS =  22.39939
Iteration 23:  residual SS =  22.37835
Iteration 24:  residual SS =  22.36084
Iteration 25:  residual SS =  22.34717
Iteration 26:  residual SS =  22.33772
Iteration 27:  residual SS =   22.3329
Iteration 28:  residual SS =  22.31452
Iteration 29:  residual SS =  22.29682
Iteration 30:  residual SS =  22.27985
Iteration 31:  residual SS =  22.26363
Iteration 32:  residual SS =   22.2482
Iteration 33:  residual SS =   22.2336
Iteration 34:  residual SS =  22.21988
Iteration 35:  residual SS =  22.20708
Iteration 36:  residual SS =  22.19525
Iteration 37:  residual SS =  22.18444
Iteration 38:  residual SS =  22.17471
Iteration 39:  residual SS =  22.16611
Iteration 40:  residual SS =  22.15872
Iteration 41:  residual SS =   22.1526
Iteration 42:  residual SS =  22.14782
Iteration 43:  residual SS =  22.14447
Iteration 44:  residual SS =  22.14264
Iteration 45:  residual SS =  22.14241
Iteration 46:  residual SS =  22.13352
Iteration 47:  residual SS =  22.12485
Iteration 48:  residual SS =  22.11642
Iteration 49:  residual SS =  22.10822

      Source |       SS       df       MS            Number of obs =        22
-------------+------------------------------         F(  2,    19) =     -2.79
       Model | -6.48801254     2 -3.24400627         Prob > F      =    1.0000
    Residual |  22.1002648    19  1.16317183         R-squared     =   -0.4156
-------------+------------------------------         Adj R-squared =   -0.5646
       Total |  15.6122523    21  .743440586         Root MSE      =  1.078504
                                                     Res. dev.     =  62.53333

------------------------------------------------------------------------------
      lnYtou |      Coef.   Std. Err.      t    P>|t|     [95% Conf. Interval]
-------------+----------------------------------------------------------------
          b1 |  -180.1299   142.3222    -1.27   0.221    -478.0136    117.7539
          b2 |   1915.878   137.5738    13.93   0.000     1627.932    2203.823
          b3 |   48.58651   89.33932     0.54   0.593    -138.4028    235.5759
------------------------------------------------------------------------------
* Parameter b1 taken as constant term in model & ANOVA table
 (SEs, P values, CIs, and correlations are asymptotic approximations)
convergence not achieved
