=============================================================================================================
Estimation for Telephone and EST, specification 1
=============================================================================================================
   
US parameters:
-------------------------------------------------------------------
elascoef1 = 4.011261128231718
elascoef2 = 4.011261128231718
trend     = .0606950657105945
-------------------------------------------------------------------
   
Model specification estimated:
( lnYtou = lnY + {b1} + (1.3-1)*ln(t-{b2=1985})*4.011261128231718 - (1-.3)*lnYpercap*4.011261128231718 + .0606
> 950657105945*t  ) 
-------------------------------------------------------------------
(obs = 13)

Iteration 0:  residual SS =  169354.1
Iteration 1:  residual SS =  5.245244
Iteration 2:  residual SS =  .5956188
Iteration 3:  residual SS =  .5701171
Iteration 4:  residual SS =  .5700896

      Source |       SS       df       MS            Number of obs =        13
-------------+------------------------------         F(  1,    11) =     -4.42
       Model | -.229073313     1 -.229073313         Prob > F      =    1.0000
    Residual |  .570089495    11  .051826318         R-squared     =   -0.6717
-------------+------------------------------         Adj R-squared =   -0.8237
       Total |  .341016182    12  .028418015         Root MSE      =  .2276539
                                                     Res. dev.     = -3.757445

------------------------------------------------------------------------------
      lnYtou |      Coef.   Std. Err.      t    P>|t|     [95% Conf. Interval]
-------------+----------------------------------------------------------------
          b1 |  -115.3713   .4836481  -238.54   0.000    -116.4358   -114.3068
          b2 |   1966.991   11.35749   173.19   0.000     1941.994    1991.989
------------------------------------------------------------------------------
* Parameter b1 taken as constant term in model & ANOVA table
 (SEs, P values, CIs, and correlations are asymptotic approximations)
