=============================================================================================================
Estimation for Telephone and FIN, specification 1
=============================================================================================================
   
US parameters:
-------------------------------------------------------------------
elascoef1 = 4.011261128231718
elascoef2 = 4.011261128231718
trend     = .0606950657105945
-------------------------------------------------------------------
   
Model specification estimated:
( lnYtou = lnY + {b1} + (1.3-1)*ln(t-{b2=1915})*4.011261128231718 - (1-.3)*lnYpercap*4.011261128231718 + .0606
> 950657105945*t  ) 
-------------------------------------------------------------------
(obs = 57)

Iteration 0:  residual SS =  755027.2
Iteration 1:  residual SS =  664044.4
Iteration 2:  residual SS =  10.49991
Iteration 3:  residual SS =  10.49952

      Source |       SS       df       MS            Number of obs =        57
-------------+------------------------------         F(  1,    55) =    300.55
       Model |  57.3750954     1  57.3750954         Prob > F      =    0.0000
    Residual |  10.4995063    55  .190900115         R-squared     =    0.8453
-------------+------------------------------         Adj R-squared =    0.8425
       Total |  67.8746018    56  1.21204646         Root MSE      =  .4369212
                                                     Res. dev.     =  65.33078

------------------------------------------------------------------------------
      lnYtou |      Coef.   Std. Err.      t    P>|t|     [95% Conf. Interval]
-------------+----------------------------------------------------------------
          b1 |  -114.9962   .0739586 -1554.87   0.000    -115.1444    -114.848
          b2 |   1917.252   1.003227  1911.08   0.000     1915.241    1919.262
------------------------------------------------------------------------------
* Parameter b1 taken as constant term in model & ANOVA table
 (SEs, P values, CIs, and correlations are asymptotic approximations)
