=============================================================================================================
Estimation for Telephone and FRA, specification 1
=============================================================================================================
   
US parameters:
-------------------------------------------------------------------
elascoef1 = 4.011261128231718
elascoef2 = 4.011261128231718
trend     = .0606950657105945
-------------------------------------------------------------------
   
Model specification estimated:
( lnYtou = lnY + {b1} + (1.3-1)*ln(t-{b2=1884})*4.011261128231718 - (1-.3)*lnYpercap*4.011261128231718 + .0606
> 950657105945*t  ) 
-------------------------------------------------------------------
(obs = 97)

Iteration 0:  residual SS =   1304244
Iteration 1:  residual SS =  737051.5
Iteration 2:  residual SS =   32.3572
Iteration 3:  residual SS =  32.32018
Iteration 4:  residual SS =  32.31933

      Source |       SS       df       MS            Number of obs =        97
-------------+------------------------------         F(  1,    95) =   1043.09
       Model |  354.863923     1  354.863923         Prob > F      =    0.0000
    Residual |  32.3192883    95  .340203035         R-squared     =    0.9165
-------------+------------------------------         Adj R-squared =    0.9156
       Total |  387.183211    96  4.03315845         Root MSE      =  .5832693
                                                     Res. dev.     =  168.6665

------------------------------------------------------------------------------
      lnYtou |      Coef.   Std. Err.      t    P>|t|     [95% Conf. Interval]
-------------+----------------------------------------------------------------
          b1 |  -115.8451   .0718259 -1612.86   0.000    -115.9877   -115.7025
          b2 |   1886.551   .8352189  2258.75   0.000     1884.893    1888.209
------------------------------------------------------------------------------
* Parameter b1 taken as constant term in model & ANOVA table
 (SEs, P values, CIs, and correlations are asymptotic approximations)
