=============================================================================================================
Estimation for Telephone and GAB, specification 2
=============================================================================================================
   
US parameters:
-------------------------------------------------------------------
elascoef1 = 4.011261128231718
elascoef2 = 4.011261128231718
trend     = .0606950657105945
-------------------------------------------------------------------
   
Model specification estimated:
( lnYtou = lnY + {b1} + (1.3-1)*ln(t-{b2=1945})*{b3=4.011261128231718} - (1-.3)*lnYpercap*4.011261128231718 + 
> .0606950657105945*t  ) 
-------------------------------------------------------------------
(obs = 51)

Iteration 0:  residual SS =  716913.2
Iteration 1:  residual SS =    694885
Iteration 2:  residual SS =  390849.6
Iteration 3:  residual SS =  30.64954
Iteration 4:  residual SS =  30.64845
Iteration 5:  residual SS =  30.64845

      Source |       SS       df       MS            Number of obs =        51
-------------+------------------------------         F(  2,    48) =     56.22
       Model |  71.7945822     2  35.8972911         Prob > F      =    0.0000
    Residual |  30.6484531    48  .638509439         R-squared     =    0.7008
-------------+------------------------------         Adj R-squared =    0.6884
       Total |  102.443035    50  2.04886071         Root MSE      =  .7990679
                                                     Res. dev.     =  118.7603

------------------------------------------------------------------------------
      lnYtou |      Coef.   Std. Err.      t    P>|t|     [95% Conf. Interval]
-------------+----------------------------------------------------------------
          b1 |  -115.7759   .4341826  -266.65   0.000    -116.6489   -114.9029
          b2 |   1949.909   .2611736  7465.95   0.000     1949.384    1950.434
          b3 |   1.318022   .4552739     2.90   0.006     .4026321    2.233411
------------------------------------------------------------------------------
* Parameter b1 taken as constant term in model & ANOVA table
 (SEs, P values, CIs, and correlations are asymptotic approximations)
