=============================================================================================================
Estimation for Telephone and GEO, specification 2
=============================================================================================================
   
US parameters:
-------------------------------------------------------------------
elascoef1 = 4.011261128231718
elascoef2 = 4.011261128231718
trend     = .0606950657105945
-------------------------------------------------------------------
   
Model specification estimated:
( lnYtou = lnY + {b1} + (1.3-1)*ln(t-{b2=1985})*{b3=4.011261128231718} - (1-.3)*lnYpercap*4.011261128231718 + 
> .0606950657105945*t  ) 
-------------------------------------------------------------------
(obs = 13)

Iteration 0:  residual SS =  178075.5
Iteration 1:  residual SS =    172944
Iteration 2:  residual SS =   11.6789
Iteration 3:  residual SS =  10.66456
Iteration 4:  residual SS =  10.66378
Iteration 5:  residual SS =  10.66306
Iteration 6:  residual SS =   10.6624
Iteration 7:  residual SS =   10.6618
Iteration 8:  residual SS =  10.66126
Iteration 9:  residual SS =   10.6608
Iteration 10:  residual SS =  10.66041
Iteration 11:  residual SS =   10.6601
Iteration 12:  residual SS =  10.65987
Iteration 13:  residual SS =  10.65973
Iteration 14:  residual SS =  10.65968
Iteration 15:  residual SS =  10.65911
Iteration 16:  residual SS =  10.65856
Iteration 17:  residual SS =  10.65803
Iteration 18:  residual SS =  10.65751
Iteration 19:  residual SS =    10.657
Iteration 20:  residual SS =   10.6565
Iteration 21:  residual SS =  10.65602
Iteration 22:  residual SS =  10.65556
Iteration 23:  residual SS =  10.65511
Iteration 24:  residual SS =  10.65467
Iteration 25:  residual SS =  10.65425
Iteration 26:  residual SS =  10.65385
Iteration 27:  residual SS =  10.65347
Iteration 28:  residual SS =   10.6531
Iteration 29:  residual SS =  10.65276
Iteration 30:  residual SS =  10.65243
Iteration 31:  residual SS =  10.65212
Iteration 32:  residual SS =  10.65183
Iteration 33:  residual SS =  10.65156
Iteration 34:  residual SS =  10.65131
Iteration 35:  residual SS =  10.65109
Iteration 36:  residual SS =  10.65089
Iteration 37:  residual SS =  10.65071
Iteration 38:  residual SS =  10.65055
Iteration 39:  residual SS =  10.65042
Iteration 40:  residual SS =  10.65032
Iteration 41:  residual SS =  10.65024
Iteration 42:  residual SS =  10.65019
Iteration 43:  residual SS =  10.65017
Iteration 44:  residual SS =  10.64989
Iteration 45:  residual SS =  10.64961
Iteration 46:  residual SS =  10.64934
Iteration 47:  residual SS =  10.64907
Iteration 48:  residual SS =   10.6488
Iteration 49:  residual SS =  10.64854

      Source |       SS       df       MS            Number of obs =        13
-------------+------------------------------         F(  2,    10) =     -4.95
       Model | -10.5495984     2 -5.27479918         Prob > F      =    1.0000
    Residual |  10.6482797    10  1.06482797         R-squared     = -106.9058
-------------+------------------------------         Adj R-squared = -128.4869
       Total |  .098681291    12  .008223441         Root MSE      =  1.031905
                                                     Res. dev.     =  34.29824

------------------------------------------------------------------------------
      lnYtou |      Coef.   Std. Err.      t    P>|t|     [95% Conf. Interval]
-------------+----------------------------------------------------------------
          b1 |  -125.3214   420.4227    -0.30   0.772    -1062.082    811.4387
          b2 |   1925.403   2070.434     0.93   0.374    -2687.812    6538.617
          b3 |    9.06337   266.9567     0.03   0.974    -585.7531    603.8799
------------------------------------------------------------------------------
* Parameter b1 taken as constant term in model & ANOVA table
 (SEs, P values, CIs, and correlations are asymptotic approximations)
convergence not achieved
