=============================================================================================================
Estimation for Telephone and GNB, specification 2
=============================================================================================================
   
US parameters:
-------------------------------------------------------------------
elascoef1 = 4.011261128231718
elascoef2 = 4.011261128231718
trend     = .0606950657105945
-------------------------------------------------------------------
   
Model specification estimated:
( lnYtou = lnY + {b1} + (1.3-1)*ln(t-{b2=1976})*{b3=4.011261128231718} - (1-.3)*lnYpercap*4.011261128231718 + 
> .0606950657105945*t  ) 
-------------------------------------------------------------------
(obs = 22)

Iteration 0:  residual SS =  331076.5
Iteration 1:  residual SS =  321180.9
Iteration 2:  residual SS =  180767.1
Iteration 3:  residual SS =  138376.4
Iteration 4:  residual SS =  121611.2
Iteration 5:  cannot calculate derivatives
equation/system not identified
