=============================================================================================================
Estimation for Telephone and GUA, specification 2
=============================================================================================================
   
US parameters:
-------------------------------------------------------------------
elascoef1 = 4.011261128231718
elascoef2 = 4.011261128231718
trend     = .0606950657105945
-------------------------------------------------------------------
   
Model specification estimated:
( lnYtou = lnY + {b1} + (1.3-1)*ln(t-{b2=1923})*{b3=4.011261128231718} - (1-.3)*lnYpercap*4.011261128231718 + 
> .0606950657105945*t  ) 
-------------------------------------------------------------------
(obs = 41)

Iteration 0:  residual SS =  591637.3
Iteration 1:  residual SS =  573386.2
Iteration 2:  residual SS =  7.996612
Iteration 3:  residual SS =  6.702342
Iteration 4:  residual SS =  6.501895
Iteration 5:  residual SS =   6.46667
Iteration 6:  residual SS =  6.420414
Iteration 7:  residual SS =  6.371673
Iteration 8:  residual SS =  6.334346
Iteration 9:  residual SS =  6.310435
Iteration 10:  residual SS =  6.302679
Iteration 11:  residual SS =  6.280723
Iteration 12:  residual SS =   6.26204
Iteration 13:  residual SS =  6.246978
Iteration 14:  residual SS =  6.235961
Iteration 15:  residual SS =  6.229498
Iteration 16:  residual SS =  6.228209
Iteration 17:  residual SS =  6.217316
Iteration 18:  residual SS =  6.207325
Iteration 19:  residual SS =  6.198295
Iteration 20:  residual SS =   6.19029
Iteration 21:  residual SS =  6.183383
Iteration 22:  residual SS =  6.177655
Iteration 23:  residual SS =  6.173199
Iteration 24:  residual SS =  6.170115
Iteration 25:  residual SS =   6.16852
Iteration 26:  residual SS =  6.162672
Iteration 27:  residual SS =  6.157059
Iteration 28:  residual SS =  6.151691
Iteration 29:  residual SS =  6.146578
Iteration 30:  residual SS =  6.141729
Iteration 31:  residual SS =  6.137156
Iteration 32:  residual SS =  6.132869
Iteration 33:  residual SS =  6.128882
Iteration 34:  residual SS =  6.125209
Iteration 35:  residual SS =  6.121862
Iteration 36:  residual SS =  6.118858
Iteration 37:  residual SS =  6.116212
Iteration 38:  residual SS =  6.113943
Iteration 39:  residual SS =  6.112069
Iteration 40:  residual SS =  6.110611
Iteration 41:  residual SS =   6.10959
Iteration 42:  residual SS =   6.10903
Iteration 43:  residual SS =  6.108957
Iteration 44:  residual SS =  6.106227
Iteration 45:  residual SS =  6.103569
Iteration 46:  residual SS =  6.100984
Iteration 47:  residual SS =  6.098475
Iteration 48:  residual SS =  6.096042
Iteration 49:  residual SS =  6.093689

      Source |       SS       df       MS            Number of obs =        41
-------------+------------------------------         F(  2,    38) =    293.92
       Model |  94.2324604     2  47.1162302         Prob > F      =    0.0000
    Residual |  6.09141697    38  .160300447         R-squared     =    0.9393
-------------+------------------------------         Adj R-squared =    0.9361
       Total |  100.323877    40  2.50809694         Root MSE      =  .4003754
                                                     Res. dev.     =  38.17861

------------------------------------------------------------------------------
      lnYtou |      Coef.   Std. Err.      t    P>|t|     [95% Conf. Interval]
-------------+----------------------------------------------------------------
          b1 |  -153.3875    108.623    -1.41   0.166    -373.2834    66.50827
          b2 |   1694.312   668.1532     2.54   0.015     341.7062    3046.917
          b3 |   22.54429    54.7689     0.41   0.683    -88.32956    133.4181
------------------------------------------------------------------------------
* Parameter b1 taken as constant term in model & ANOVA table
 (SEs, P values, CIs, and correlations are asymptotic approximations)
convergence not achieved
