=============================================================================================================
Estimation for Telephone and HNK, specification 2
=============================================================================================================
   
US parameters:
-------------------------------------------------------------------
elascoef1 = 4.011261128231718
elascoef2 = 4.011261128231718
trend     = .0606950657105945
-------------------------------------------------------------------
   
Model specification estimated:
( lnYtou = lnY + {b1} + (1.3-1)*ln(t-{b2=1948})*{b3=4.011261128231718} - (1-.3)*lnYpercap*4.011261128231718 + 
> .0606950657105945*t  ) 
-------------------------------------------------------------------
(obs = 35)

Iteration 0:  residual SS =  463799.1
Iteration 1:  residual SS =  449551.4
Iteration 2:  residual SS =  14.53228
Iteration 3:  residual SS =  11.05154
Iteration 4:  residual SS =  9.897644
Iteration 5:  residual SS =   7.29219
Iteration 6:  residual SS =  4.743986
Iteration 7:  residual SS =  .8118958
Iteration 8:  residual SS =  .8116893
Iteration 9:  residual SS =   .811689
Iteration 10:  residual SS =   .811689
Iteration 11:  residual SS =   .811689

      Source |       SS       df       MS            Number of obs =        35
-------------+------------------------------         F(  2,    32) =   1146.14
       Model |  58.1441702     2  29.0720851         Prob > F      =    0.0000
    Residual |  .811688974    32   .02536528         R-squared     =    0.9862
-------------+------------------------------         Adj R-squared =    0.9854
       Total |  58.9558592    34  1.73399586         Root MSE      =  .1592648
                                                     Res. dev.     = -32.41382

------------------------------------------------------------------------------
      lnYtou |      Coef.   Std. Err.      t    P>|t|     [95% Conf. Interval]
-------------+----------------------------------------------------------------
          b1 |  -151.8449   13.23342   -11.47   0.000    -178.8005   -124.8893
          b2 |   1901.596   17.75475   107.10   0.000     1865.431    1937.762
          b3 |   31.81166   8.466758     3.76   0.001     14.56544    49.05788
------------------------------------------------------------------------------
* Parameter b1 taken as constant term in model & ANOVA table
 (SEs, P values, CIs, and correlations are asymptotic approximations)
