=============================================================================================================
Estimation for Telephone and HUN, specification 1
=============================================================================================================
   
US parameters:
-------------------------------------------------------------------
elascoef1 = 4.011261128231718
elascoef2 = 4.011261128231718
trend     = .0606950657105945
-------------------------------------------------------------------
   
Model specification estimated:
( lnYtou = lnY + {b1} + (1.3-1)*ln(t-{b2=1919})*4.011261128231718 - (1-.3)*lnYpercap*4.011261128231718 + .0606
> 950657105945*t  ) 
-------------------------------------------------------------------
(obs = 65)

Iteration 0:  residual SS =    886451
Iteration 1:  residual SS =  44.64048
Iteration 2:  residual SS =  24.87205
Iteration 3:  residual SS =  19.02887
Iteration 4:  residual SS =  16.58002
Iteration 5:  residual SS =  16.32349
Iteration 6:  residual SS =  16.32303
Iteration 7:  residual SS =  16.32302
Iteration 8:  residual SS =  16.32302

      Source |       SS       df       MS            Number of obs =        65
-------------+------------------------------         F(  1,    63) =    110.19
       Model |   28.548855     1   28.548855         Prob > F      =    0.0000
    Residual |  16.3230245    63  .259095628         R-squared     =    0.6362
-------------+------------------------------         Adj R-squared =    0.6305
       Total |  44.8718796    64  .701123118         Root MSE      =  .5090144
                                                     Res. dev.     =  94.64432

------------------------------------------------------------------------------
      lnYtou |      Coef.   Std. Err.      t    P>|t|     [95% Conf. Interval]
-------------+----------------------------------------------------------------
          b1 |  -118.5018   .4223065  -280.61   0.000    -119.3457   -117.6579
          b2 |   1819.414   47.30949    38.46   0.000     1724.874    1913.955
------------------------------------------------------------------------------
* Parameter b1 taken as constant term in model & ANOVA table
 (SEs, P values, CIs, and correlations are asymptotic approximations)
