=============================================================================================================
Estimation for Telephone and IND, specification 1
=============================================================================================================
   
US parameters:
-------------------------------------------------------------------
elascoef1 = 4.011261128231718
elascoef2 = 4.011261128231718
trend     = .0606950657105945
-------------------------------------------------------------------
   
Model specification estimated:
( lnYtou = lnY + {b1} + (1.3-1)*ln(t-{b2=1910})*4.011261128231718 - (1-.3)*lnYpercap*4.011261128231718 + .0606
> 950657105945*t  ) 
-------------------------------------------------------------------
(obs = 68)

Iteration 0:  residual SS =   1041940
Iteration 1:  residual SS =  83.34711
Iteration 2:  residual SS =  11.58091
Iteration 3:  residual SS =  8.284447
Iteration 4:  residual SS =  7.856508
Iteration 5:  residual SS =   7.85416
Iteration 6:  residual SS =  7.854142
Iteration 7:  residual SS =  7.854141

      Source |       SS       df       MS            Number of obs =        68
-------------+------------------------------         F(  1,    66) =   1644.36
       Model |  195.681938     1  195.681938         Prob > F      =    0.0000
    Residual |  7.85414107    66  .119002137         R-squared     =    0.9614
-------------+------------------------------         Adj R-squared =    0.9608
       Total |  203.536079    67  3.03785193         Root MSE      =  .3449669
                                                     Res. dev.     =   46.1999

------------------------------------------------------------------------------
      lnYtou |      Coef.   Std. Err.      t    P>|t|     [95% Conf. Interval]
-------------+----------------------------------------------------------------
          b1 |  -124.8793   .1638297  -762.25   0.000    -125.2064   -124.5522
          b2 |   1863.174   10.93782   170.34   0.000     1841.336    1885.012
------------------------------------------------------------------------------
* Parameter b1 taken as constant term in model & ANOVA table
 (SEs, P values, CIs, and correlations are asymptotic approximations)
