=============================================================================================================
Estimation for Telephone and IRN, specification 1
=============================================================================================================
   
US parameters:
-------------------------------------------------------------------
elascoef1 = 4.011261128231718
elascoef2 = 4.011261128231718
trend     = .0606950657105945
-------------------------------------------------------------------
   
Model specification estimated:
( lnYtou = lnY + {b1} + (1.3-1)*ln(t-{b2=1946})*4.011261128231718 - (1-.3)*lnYpercap*4.011261128231718 + .0606
> 950657105945*t  ) 
-------------------------------------------------------------------
(obs = 49)

Iteration 0:  residual SS =  691536.4
Iteration 1:  residual SS =  29.12094
Iteration 2:  residual SS =  14.51543
Iteration 3:  residual SS =  12.70311
Iteration 4:  residual SS =  12.66255
Iteration 5:  residual SS =  12.66219

      Source |       SS       df       MS            Number of obs =        49
-------------+------------------------------         F(  1,    47) =    485.37
       Model |  130.762471     1  130.762471         Prob > F      =    0.0000
    Residual |  12.6621778    47  .269408039         R-squared     =    0.9117
-------------+------------------------------         Adj R-squared =    0.9098
       Total |  143.424649    48  2.98801351         Root MSE      =  .5190453
                                                     Res. dev.     =  72.74913

------------------------------------------------------------------------------
      lnYtou |      Coef.   Std. Err.      t    P>|t|     [95% Conf. Interval]
-------------+----------------------------------------------------------------
          b1 |  -118.6369    .099966 -1186.77   0.000     -118.838   -118.4358
          b2 |   1948.386   .8731574  2231.43   0.000     1946.629    1950.142
------------------------------------------------------------------------------
* Parameter b1 taken as constant term in model & ANOVA table
 (SEs, P values, CIs, and correlations are asymptotic approximations)
