=============================================================================================================
Estimation for Telephone and IRQ, specification 2
=============================================================================================================
   
US parameters:
-------------------------------------------------------------------
elascoef1 = 4.011261128231718
elascoef2 = 4.011261128231718
trend     = .0606950657105945
-------------------------------------------------------------------
   
Model specification estimated:
( lnYtou = lnY + {b1} + (1.3-1)*ln(t-{b2=1945})*{b3=4.011261128231718} - (1-.3)*lnYpercap*4.011261128231718 + 
> .0606950657105945*t  ) 
-------------------------------------------------------------------
(obs = 37)

Iteration 0:  residual SS =  519314.4
Iteration 1:  residual SS =  503298.3
Iteration 2:  residual SS =  2.922574
Iteration 3:  residual SS =  2.831162
Iteration 4:  residual SS =  2.823143
Iteration 5:  residual SS =  2.822766
Iteration 6:  residual SS =  2.822753
Iteration 7:  residual SS =  2.822753
Iteration 8:  residual SS =  2.822753

      Source |       SS       df       MS            Number of obs =        37
-------------+------------------------------         F(  2,    34) =    251.01
       Model |  41.6780308     2  20.8390154         Prob > F      =    0.0000
    Residual |  2.82275275    34   .08302214         R-squared     =    0.9366
-------------+------------------------------         Adj R-squared =    0.9328
       Total |  44.5007836    36  1.23613288         Root MSE      =  .2881356
                                                     Res. dev.     =  9.792853

------------------------------------------------------------------------------
      lnYtou |      Coef.   Std. Err.      t    P>|t|     [95% Conf. Interval]
-------------+----------------------------------------------------------------
          b1 |  -116.9215   .4613322  -253.44   0.000    -117.8591    -115.984
          b2 |    1948.28    1.30631  1491.44   0.000     1945.625    1950.935
          b3 |   2.494702   .4515518     5.52   0.000     1.577038    3.412365
------------------------------------------------------------------------------
* Parameter b1 taken as constant term in model & ANOVA table
 (SEs, P values, CIs, and correlations are asymptotic approximations)
