=============================================================================================================
Estimation for Telephone and IRQ, specification 1
=============================================================================================================
   
US parameters:
-------------------------------------------------------------------
elascoef1 = 4.011261128231718
elascoef2 = 4.011261128231718
trend     = .0606950657105945
-------------------------------------------------------------------
   
Model specification estimated:
( lnYtou = lnY + {b1} + (1.3-1)*ln(t-{b2=1945})*4.011261128231718 - (1-.3)*lnYpercap*4.011261128231718 + .0606
> 950657105945*t  ) 
-------------------------------------------------------------------
(obs = 37)

Iteration 0:  residual SS =  519314.4
Iteration 1:  residual SS =  454414.6
Iteration 2:  residual SS =  6.852428
Iteration 3:  residual SS =   3.75783
Iteration 4:  residual SS =  3.126463
Iteration 5:  residual SS =  3.079969
Iteration 6:  residual SS =  3.079183

      Source |       SS       df       MS            Number of obs =        37
-------------+------------------------------         F(  1,    35) =    470.83
       Model |  41.4216065     1  41.4216065         Prob > F      =    0.0000
    Residual |  3.07917701    35  .087976486         R-squared     =    0.9308
-------------+------------------------------         Adj R-squared =    0.9288
       Total |  44.5007836    36  1.23613288         Root MSE      =  .2966083
                                                     Res. dev.     =     13.01

------------------------------------------------------------------------------
      lnYtou |      Coef.   Std. Err.      t    P>|t|     [95% Conf. Interval]
-------------+----------------------------------------------------------------
          b1 |  -118.6499   .0992108 -1195.94   0.000    -118.8513   -118.4485
          b2 |   1942.213   1.488263  1305.02   0.000     1939.192    1945.234
------------------------------------------------------------------------------
* Parameter b1 taken as constant term in model & ANOVA table
 (SEs, P values, CIs, and correlations are asymptotic approximations)
