=============================================================================================================
Estimation for Telephone and ISR, specification 2
=============================================================================================================
   
US parameters:
-------------------------------------------------------------------
elascoef1 = 4.011261128231718
elascoef2 = 4.011261128231718
trend     = .0606950657105945
-------------------------------------------------------------------
   
Model specification estimated:
( lnYtou = lnY + {b1} + (1.3-1)*ln(t-{b2=1945})*{b3=4.011261128231718} - (1-.3)*lnYpercap*4.011261128231718 + 
> .0606950657105945*t  ) 
-------------------------------------------------------------------
(obs = 39)

Iteration 0:  residual SS =  515171.4
Iteration 1:  residual SS =  499329.8
Iteration 2:  residual SS =  6.959854
Iteration 3:  residual SS =  2.160671
Iteration 4:  residual SS =  1.479896
Iteration 5:  residual SS =   1.47984
Iteration 6:  residual SS =  1.479835
Iteration 7:  residual SS =  1.479834
Iteration 8:  residual SS =  1.479834
Iteration 9:  residual SS =  1.479834
Iteration 10:  residual SS =  1.479834

      Source |       SS       df       MS            Number of obs =        39
-------------+------------------------------         F(  2,    36) =    828.94
       Model |  68.1495022     2  34.0747511         Prob > F      =    0.0000
    Residual |  1.47983389    36  .041106497         R-squared     =    0.9787
-------------+------------------------------         Adj R-squared =    0.9776
       Total |  69.6293361    38  1.83235095         Root MSE      =  .2027474
                                                     Res. dev.     = -16.91643

------------------------------------------------------------------------------
      lnYtou |      Coef.   Std. Err.      t    P>|t|     [95% Conf. Interval]
-------------+----------------------------------------------------------------
          b1 |  -122.2476   2.158741   -56.63   0.000    -126.6257   -117.8695
          b2 |   1935.915   4.154217   466.01   0.000      1927.49     1944.34
          b3 |   10.64674   1.653782     6.44   0.000      7.29271    14.00076
------------------------------------------------------------------------------
* Parameter b1 taken as constant term in model & ANOVA table
 (SEs, P values, CIs, and correlations are asymptotic approximations)
