=============================================================================================================
Estimation for Telephone and ISR, specification 1
=============================================================================================================
   
US parameters:
-------------------------------------------------------------------
elascoef1 = 4.011261128231718
elascoef2 = 4.011261128231718
trend     = .0606950657105945
-------------------------------------------------------------------
   
Model specification estimated:
( lnYtou = lnY + {b1} + (1.3-1)*ln(t-{b2=1945})*4.011261128231718 - (1-.3)*lnYpercap*4.011261128231718 + .0606
> 950657105945*t  ) 
-------------------------------------------------------------------
(obs = 39)

Iteration 0:  residual SS =  515171.4
Iteration 1:  residual SS =  452672.9
Iteration 2:  residual SS =  6.561992
Iteration 3:  residual SS =  6.466394
Iteration 4:  residual SS =  6.461594
Iteration 5:  residual SS =  6.460658
Iteration 6:  residual SS =  6.460522

      Source |       SS       df       MS            Number of obs =        39
-------------+------------------------------         F(  1,    37) =    361.77
       Model |  63.1688333     1  63.1688333         Prob > F      =    0.0000
    Residual |   6.4605028    37  .174608184         R-squared     =    0.9072
-------------+------------------------------         Adj R-squared =    0.9047
       Total |  69.6293361    38  1.83235095         Root MSE      =  .4178614
                                                     Res. dev.     =  40.56088

------------------------------------------------------------------------------
      lnYtou |      Coef.   Std. Err.      t    P>|t|     [95% Conf. Interval]
-------------+----------------------------------------------------------------
          b1 |  -114.6144   .0831698 -1378.08   0.000     -114.783   -114.4459
          b2 |   1948.638   .4220889  4616.65   0.000     1947.782    1949.493
------------------------------------------------------------------------------
* Parameter b1 taken as constant term in model & ANOVA table
 (SEs, P values, CIs, and correlations are asymptotic approximations)
