=============================================================================================================
Estimation for Telephone and JAP, specification 2
=============================================================================================================
   
US parameters:
-------------------------------------------------------------------
elascoef1 = 4.011261128231718
elascoef2 = 4.011261128231718
trend     = .0606950657105945
-------------------------------------------------------------------
   
Model specification estimated:
( lnYtou = lnY + {b1} + (1.3-1)*ln(t-{b2=1887})*{b3=4.011261128231718} - (1-.3)*lnYpercap*4.011261128231718 + 
> .0606950657105945*t  ) 
-------------------------------------------------------------------
(obs = 111)

Iteration 0:  residual SS =   1533900
Iteration 1:  residual SS =   1486525
Iteration 2:  residual SS =   143.811
Iteration 3:  residual SS =  119.4487
Iteration 4:  residual SS =  117.6639
Iteration 5:  residual SS =  113.2586
Iteration 6:  residual SS =   111.485
Iteration 7:  residual SS =  109.8395
Iteration 8:  residual SS =  108.8388
Iteration 9:  residual SS =  108.5254
Iteration 10:  residual SS =  107.7467
Iteration 11:  residual SS =  107.1348
Iteration 12:  residual SS =  106.6926
Iteration 13:  residual SS =   106.428
Iteration 14:  residual SS =  106.3556
Iteration 15:  residual SS =  105.9735
Iteration 16:  residual SS =  105.6343
Iteration 17:  residual SS =  105.3385
Iteration 18:  residual SS =  105.0864
Iteration 19:  residual SS =  104.8792
Iteration 20:  residual SS =  104.7182
Iteration 21:  residual SS =  104.6055
Iteration 22:  residual SS =  104.5436
Iteration 23:  residual SS =  104.5359
Iteration 24:  residual SS =  104.3571
Iteration 25:  residual SS =  104.1895
Iteration 26:  residual SS =  104.0331
Iteration 27:  residual SS =  103.8881
Iteration 28:  residual SS =  103.7546
Iteration 29:  residual SS =  103.6326
Iteration 30:  residual SS =  103.5225
Iteration 31:  residual SS =  103.4245
Iteration 32:  residual SS =  103.3388
Iteration 33:  residual SS =  103.2657
Iteration 34:  residual SS =  103.2057
Iteration 35:  residual SS =  103.1592
Iteration 36:  residual SS =  103.1266
Iteration 37:  residual SS =  103.1086
Iteration 38:  residual SS =  103.1058
Iteration 39:  residual SS =  103.0213
Iteration 40:  residual SS =  102.9398
Iteration 41:  residual SS =  102.8612
Iteration 42:  residual SS =  102.7855
Iteration 43:  residual SS =  102.7129
Iteration 44:  residual SS =  102.6432
Iteration 45:  residual SS =  102.5766
Iteration 46:  residual SS =  102.5131
Iteration 47:  residual SS =  102.4526
Iteration 48:  residual SS =  102.3953
Iteration 49:  residual SS =  102.3412

      Source |       SS       df       MS            Number of obs =       111
-------------+------------------------------         F(  2,   108) =    441.53
       Model |  836.374341     2   418.18717         Prob > F      =    0.0000
    Residual |  102.290315   108  .947132546         R-squared     =    0.8910
-------------+------------------------------         Adj R-squared =    0.8890
       Total |  938.664656   110  8.53331505         Root MSE      =  .9732073
                                                     Res. dev.     =   305.934

------------------------------------------------------------------------------
      lnYtou |      Coef.   Std. Err.      t    P>|t|     [95% Conf. Interval]
-------------+----------------------------------------------------------------
          b1 |  -291.2358   224.7606    -1.30   0.198    -736.7504    154.2787
          b2 |   1530.199   446.6574     3.43   0.001      644.847    2415.552
          b3 |   98.76309   106.7996     0.92   0.357    -112.9323    310.4584
------------------------------------------------------------------------------
* Parameter b1 taken as constant term in model & ANOVA table
 (SEs, P values, CIs, and correlations are asymptotic approximations)
convergence not achieved
