=============================================================================================================
Estimation for Telephone and JAP, specification 1
=============================================================================================================
   
US parameters:
-------------------------------------------------------------------
elascoef1 = 4.011261128231718
elascoef2 = 4.011261128231718
trend     = .0606950657105945
-------------------------------------------------------------------
   
Model specification estimated:
( lnYtou = lnY + {b1} + (1.3-1)*ln(t-{b2=1887})*4.011261128231718 - (1-.3)*lnYpercap*4.011261128231718 + .0606
> 950657105945*t  ) 
-------------------------------------------------------------------
(obs = 111)

Iteration 0:  residual SS =   1533900
Iteration 1:  residual SS =   1349877
Iteration 2:  residual SS =   1033388
Iteration 3:  residual SS =  581138.5
Iteration 4:  residual SS =  270.9484
Iteration 5:  residual SS =  270.9419
Iteration 6:  residual SS =   270.932
Iteration 7:  residual SS =  270.9296

      Source |       SS       df       MS            Number of obs =       111
-------------+------------------------------         F(  1,   109) =    268.64
       Model |  667.736566     1  667.736566         Prob > F      =    0.0000
    Residual |   270.92809   109   2.4855788         R-squared     =    0.7114
-------------+------------------------------         Adj R-squared =    0.7087
       Total |  938.664656   110  8.53331505         Root MSE      =  1.576572
                                                     Res. dev.     =  414.0522

------------------------------------------------------------------------------
      lnYtou |      Coef.   Std. Err.      t    P>|t|     [95% Conf. Interval]
-------------+----------------------------------------------------------------
          b1 |  -117.3109   .1519072  -772.25   0.000     -117.612   -117.0098
          b2 |   1891.822   .2193548  8624.49   0.000     1891.387    1892.257
------------------------------------------------------------------------------
* Parameter b1 taken as constant term in model & ANOVA table
 (SEs, P values, CIs, and correlations are asymptotic approximations)
