=============================================================================================================
Estimation for Telephone and KRN, specification 1
=============================================================================================================
   
US parameters:
-------------------------------------------------------------------
elascoef1 = 4.011261128231718
elascoef2 = 4.011261128231718
trend     = .0606950657105945
-------------------------------------------------------------------
   
Model specification estimated:
( lnYtou = lnY + {b1} + (1.3-1)*ln(t-{b2=1978})*4.011261128231718 - (1-.3)*lnYpercap*4.011261128231718 + .0606
> 950657105945*t  ) 
-------------------------------------------------------------------
(obs = 20)

Iteration 0:  residual SS =  286444.3
Iteration 1:  residual SS =  395.5431
Iteration 2:  residual SS =  394.2251
Iteration 3:  residual SS =  393.4262
Iteration 4:  residual SS =  392.8754
Iteration 5:  residual SS =  392.0802
Iteration 6:  residual SS =   391.977
Iteration 7:  residual SS =   391.513
Iteration 8:  residual SS =  391.2695
Iteration 9:  residual SS =  390.9177
Iteration 10:  residual SS =  390.6182
Iteration 11:  residual SS =  390.3815
Iteration 12:  residual SS =  390.2207
Iteration 13:  residual SS =   390.153
Iteration 14:  residual SS =  389.9814
Iteration 15:  residual SS =  389.8286
Iteration 16:  residual SS =  389.6974
Iteration 17:  residual SS =  389.5908
Iteration 18:  residual SS =  389.5127
Iteration 19:  residual SS =  389.4675
Iteration 20:  residual SS =   389.461
Iteration 21:  residual SS =  389.3783
Iteration 22:  residual SS =  389.3026
Iteration 23:  residual SS =  389.2345
Iteration 24:  residual SS =  389.1748
Iteration 25:  residual SS =  389.1243
Iteration 26:  residual SS =  389.0842
Iteration 27:  residual SS =  389.0556
Iteration 28:  residual SS =  389.0397
Iteration 29:  residual SS =  389.0383
Iteration 30:  residual SS =  388.9955
Iteration 31:  residual SS =  388.9551
Iteration 32:  residual SS =  388.9171
Iteration 33:  residual SS =  388.8818
Iteration 34:  residual SS =  388.8494
Iteration 35:  residual SS =  388.8201
Iteration 36:  residual SS =   388.794
Iteration 37:  residual SS =  388.7715
Iteration 38:  residual SS =  388.7529
Iteration 39:  residual SS =  388.7384
Iteration 40:  residual SS =  388.7284
Iteration 41:  residual SS =  388.7234
Iteration 42:  residual SS =     388.7
Iteration 43:  residual SS =  388.6775
Iteration 44:  residual SS =  388.6556
Iteration 45:  residual SS =  388.6346
Iteration 46:  residual SS =  388.6145
Iteration 47:  residual SS =  388.5952
Iteration 48:  residual SS =  388.5768
Iteration 49:  residual SS =  388.5594

      Source |       SS       df       MS            Number of obs =        20
-------------+------------------------------         F(  1,    18) =    -18.00
       Model |  -388.53533     1  -388.53533         Prob > F      =    1.0000
    Residual |  388.543058    18  21.5857254         R-squared     = -5.03e+04
-------------+------------------------------         Adj R-squared = -5.31e+04
       Total |  .007727309    19    .0004067         Root MSE      =  4.646044
                                                     Res. dev.     =   116.091

------------------------------------------------------------------------------
      lnYtou |      Coef.   Std. Err.      t    P>|t|     [95% Conf. Interval]
-------------+----------------------------------------------------------------
          b1 |  -129.8824   22.33287    -5.82   0.000     -176.802   -82.96281
          b2 |   130.0553   33971.58     0.00   0.997    -71241.59     71501.7
------------------------------------------------------------------------------
* Parameter b1 taken as constant term in model & ANOVA table
 (SEs, P values, CIs, and correlations are asymptotic approximations)
convergence not achieved
