=============================================================================================================
Estimation for Telephone and KUW, specification 2
=============================================================================================================
   
US parameters:
-------------------------------------------------------------------
elascoef1 = 4.011261128231718
elascoef2 = 4.011261128231718
trend     = .0606950657105945
-------------------------------------------------------------------
   
Model specification estimated:
( lnYtou = lnY + {b1} + (1.3-1)*ln(t-{b2=1951})*{b3=4.011261128231718} - (1-.3)*lnYpercap*4.011261128231718 + 
> .0606950657105945*t  ) 
-------------------------------------------------------------------
(obs = 33)

Iteration 0:  residual SS =  425617.2
Iteration 1:  residual SS =  412602.6
Iteration 2:  residual SS =  316075.2
Iteration 3:  residual SS =  241989.1
Iteration 4:  residual SS =  212683.7
Iteration 5:  residual SS =  186923.4
Iteration 6:  residual SS =  164275.1
Iteration 7:  cannot calculate derivatives
equation/system not identified
