=============================================================================================================
Estimation for Telephone and LAO, specification 2
=============================================================================================================
   
US parameters:
-------------------------------------------------------------------
elascoef1 = 4.011261128231718
elascoef2 = 4.011261128231718
trend     = .0606950657105945
-------------------------------------------------------------------
   
Model specification estimated:
( lnYtou = lnY + {b1} + (1.3-1)*ln(t-{b2=1970})*{b3=4.011261128231718} - (1-.3)*lnYpercap*4.011261128231718 + 
> .0606950657105945*t  ) 
-------------------------------------------------------------------
(obs = 28)

Iteration 0:  residual SS =  425066.7
Iteration 1:  residual SS =    412169
Iteration 2:  residual SS =  7.414747
Iteration 3:  residual SS =  7.022416
Iteration 4:  residual SS =  6.988864
Iteration 5:  residual SS =  6.969532
Iteration 6:  residual SS =  6.948421
Iteration 7:  residual SS =  6.930773
Iteration 8:  residual SS =    6.9174
Iteration 9:  residual SS =  6.909366
Iteration 10:  residual SS =  6.908084
Iteration 11:  residual SS =  6.898943
Iteration 12:  residual SS =  6.891114
Iteration 13:  residual SS =  6.884788
Iteration 14:  residual SS =   6.88019
Iteration 15:  residual SS =  6.877589
Iteration 16:  residual SS =  6.877311
Iteration 17:  residual SS =  6.872339
Iteration 18:  residual SS =  6.867749
Iteration 19:  residual SS =  6.863573
Iteration 20:  residual SS =  6.859846
Iteration 21:  residual SS =   6.85661
Iteration 22:  residual SS =  6.853909
Iteration 23:  residual SS =  6.851792
Iteration 24:  residual SS =  6.850315
Iteration 25:  residual SS =  6.849542
Iteration 26:  residual SS =  6.846722
Iteration 27:  residual SS =  6.844006
Iteration 28:  residual SS =  6.841399
Iteration 29:  residual SS =  6.838907
Iteration 30:  residual SS =  6.836534
Iteration 31:  residual SS =  6.834289
Iteration 32:  residual SS =  6.832176
Iteration 33:  residual SS =  6.830204
Iteration 34:  residual SS =  6.828379
Iteration 35:  residual SS =  6.826711
Iteration 36:  residual SS =  6.825208
Iteration 37:  residual SS =  6.823878
Iteration 38:  residual SS =  6.822733
Iteration 39:  residual SS =  6.821782
Iteration 40:  residual SS =  6.821038
Iteration 41:  residual SS =  6.820512
Iteration 42:  residual SS =  6.820218
Iteration 43:  residual SS =  6.820171
Iteration 44:  residual SS =  6.818803
Iteration 45:  residual SS =  6.817469
Iteration 46:  residual SS =  6.816171
Iteration 47:  residual SS =  6.814909
Iteration 48:  residual SS =  6.813684
Iteration 49:  residual SS =  6.812498

      Source |       SS       df       MS            Number of obs =        28
-------------+------------------------------         F(  2,    25) =     19.90
       Model |  10.8424642     2  5.42123212         Prob > F      =    0.0000
    Residual |  6.81135172    25  .272454069         R-squared     =    0.6142
-------------+------------------------------         Adj R-squared =    0.5833
       Total |   17.653816    27  .653845035         Root MSE      =  .5219713
                                                     Res. dev.     =  39.87937

------------------------------------------------------------------------------
      lnYtou |      Coef.   Std. Err.      t    P>|t|     [95% Conf. Interval]
-------------+----------------------------------------------------------------
          b1 |  -139.4141    76.1822    -1.83   0.079    -296.3143    17.48607
          b2 |   1884.431   326.8734     5.77   0.000     1211.223    2557.639
          b3 |   14.22638   45.09965     0.32   0.755     -78.6581    107.1109
------------------------------------------------------------------------------
* Parameter b1 taken as constant term in model & ANOVA table
 (SEs, P values, CIs, and correlations are asymptotic approximations)
convergence not achieved
