=============================================================================================================
Estimation for Telephone and LEB, specification 2
=============================================================================================================
   
US parameters:
-------------------------------------------------------------------
elascoef1 = 4.011261128231718
elascoef2 = 4.011261128231718
trend     = .0606950657105945
-------------------------------------------------------------------
   
Model specification estimated:
( lnYtou = lnY + {b1} + (1.3-1)*ln(t-{b2=1946})*{b3=4.011261128231718} - (1-.3)*lnYpercap*4.011261128231718 + 
> .0606950657105945*t  ) 
-------------------------------------------------------------------
(obs = 25)

Iteration 0:  residual SS =  343642.6
Iteration 1:  residual SS =  333135.7
Iteration 2:  residual SS =  187516.6
Iteration 3:  residual SS =  105488.8
Iteration 4:  residual SS =  59332.71
Iteration 5:  residual SS =  45426.33
Iteration 6:  residual SS =  34778.68
Iteration 7:  residual SS =  26626.81
Iteration 8:  cannot calculate derivatives
equation/system not identified
