=============================================================================================================
Estimation for Telephone and LTH, specification 2
=============================================================================================================
   
US parameters:
-------------------------------------------------------------------
elascoef1 = 4.011261128231718
elascoef2 = 4.011261128231718
trend     = .0606950657105945
-------------------------------------------------------------------
   
Model specification estimated:
( lnYtou = lnY + {b1} + (1.3-1)*ln(t-{b2=1985})*{b3=4.011261128231718} - (1-.3)*lnYpercap*4.011261128231718 + 
> .0606950657105945*t  ) 
-------------------------------------------------------------------
(obs = 13)

Iteration 0:  residual SS =    172193
Iteration 1:  residual SS =    167152
Iteration 2:  residual SS =  4.270557
Iteration 3:  residual SS =  2.477865
Iteration 4:  residual SS =  2.477427
Iteration 5:  residual SS =  2.476393
Iteration 6:  residual SS =  2.475435
Iteration 7:  residual SS =  2.474559
Iteration 8:  residual SS =  2.473773
Iteration 9:  residual SS =  2.473084
Iteration 10:  residual SS =  2.472502
Iteration 11:  residual SS =  2.472038
Iteration 12:  residual SS =  2.471703
Iteration 13:  residual SS =  2.471511
Iteration 14:  residual SS =  2.471478
Iteration 15:  residual SS =  2.470991
Iteration 16:  residual SS =  2.470528
Iteration 17:  residual SS =  2.470091
Iteration 18:  residual SS =  2.469681
Iteration 19:  residual SS =    2.4693
Iteration 20:  residual SS =  2.468948
Iteration 21:  residual SS =  2.468629
Iteration 22:  residual SS =  2.468343
Iteration 23:  residual SS =  2.468093
Iteration 24:  residual SS =  2.467881
Iteration 25:  residual SS =   2.46771
Iteration 26:  residual SS =  2.467582
Iteration 27:  residual SS =  2.467499
Iteration 28:  residual SS =  2.467466
Iteration 29:  residual SS =  2.467211
Iteration 30:  residual SS =  2.466963
Iteration 31:  residual SS =  2.466722
Iteration 32:  residual SS =  2.466489
Iteration 33:  residual SS =  2.466263
Iteration 34:  residual SS =  2.466045
Iteration 35:  residual SS =  2.465835
Iteration 36:  residual SS =  2.465634
Iteration 37:  residual SS =  2.465442
Iteration 38:  residual SS =  2.465259
Iteration 39:  residual SS =  2.465085
Iteration 40:  residual SS =  2.464921
Iteration 41:  residual SS =  2.464767
Iteration 42:  residual SS =  2.464624
Iteration 43:  residual SS =  2.464491
Iteration 44:  residual SS =   2.46437
Iteration 45:  residual SS =  2.464261
Iteration 46:  residual SS =  2.464164
Iteration 47:  residual SS =  2.464079
Iteration 48:  residual SS =  2.464008
Iteration 49:  residual SS =   2.46395

      Source |       SS       df       MS            Number of obs =        13
-------------+------------------------------         F(  2,    10) =     -4.62
       Model | -2.27730977     2 -1.13865489         Prob > F      =    1.0000
    Residual |  2.46390672    10  .246390672         R-squared     =  -12.2044
-------------+------------------------------         Adj R-squared =  -14.8453
       Total |  .186596951    12  .015549746         Root MSE      =  .4963776
                                                     Res. dev.     =  15.27079

------------------------------------------------------------------------------
      lnYtou |      Coef.   Std. Err.      t    P>|t|     [95% Conf. Interval]
-------------+----------------------------------------------------------------
          b1 |  -121.9636   220.3062    -0.55   0.592    -612.8363    368.9091
          b2 |   1924.227   1297.368     1.48   0.169     -966.488    4814.943
          b3 |   7.688696    139.593     0.06   0.957    -303.3438    318.7212
------------------------------------------------------------------------------
* Parameter b1 taken as constant term in model & ANOVA table
 (SEs, P values, CIs, and correlations are asymptotic approximations)
convergence not achieved
