=============================================================================================================
Estimation for Telephone and MAC, specification 1
=============================================================================================================
   
US parameters:
-------------------------------------------------------------------
elascoef1 = 4.011261128231718
elascoef2 = 4.011261128231718
trend     = .0606950657105945
-------------------------------------------------------------------
   
Model specification estimated:
( lnYtou = lnY + {b1} + (1.3-1)*ln(t-{b2=1985})*4.011261128231718 - (1-.3)*lnYpercap*4.011261128231718 + .0606
> 950657105945*t  ) 
-------------------------------------------------------------------
(obs = 13)

Iteration 0:  residual SS =  176568.3
Iteration 1:  residual SS =  136318.5
Iteration 2:  residual SS =  5.861096
Iteration 3:  residual SS =  5.535221
Iteration 4:  residual SS =  4.936593
Iteration 5:  residual SS =  4.668741
Iteration 6:  residual SS =  4.463015
Iteration 7:  residual SS =  4.285187
Iteration 8:  residual SS =  4.214693
Iteration 9:  residual SS =  4.124826
Iteration 10:  residual SS =  4.071065
Iteration 11:  residual SS =  4.064143
Iteration 12:  residual SS =  4.024609
Iteration 13:  residual SS =  3.998748
Iteration 14:  residual SS =  3.989877
Iteration 15:  residual SS =  3.965745
Iteration 16:  residual SS =   3.94565
Iteration 17:  residual SS =  3.930233
Iteration 18:  residual SS =   3.92032
Iteration 19:  residual SS =  3.916987
Iteration 20:  residual SS =  3.904529
Iteration 21:  residual SS =  3.893411
Iteration 22:  residual SS =  3.883787
Iteration 23:  residual SS =   3.87584
Iteration 24:  residual SS =  3.869788
Iteration 25:  residual SS =  3.865896
Iteration 26:  residual SS =  3.864486
Iteration 27:  residual SS =  3.858069
Iteration 28:  residual SS =  3.852098
Iteration 29:  residual SS =  3.846609
Iteration 30:  residual SS =  3.841645
Iteration 31:  residual SS =  3.837251
Iteration 32:  residual SS =  3.833482
Iteration 33:  residual SS =  3.830396
Iteration 34:  residual SS =  3.828065
Iteration 35:  residual SS =  3.826566
Iteration 36:  residual SS =  3.825994
Iteration 37:  residual SS =  3.822732
Iteration 38:  residual SS =   3.81962
Iteration 39:  residual SS =  3.816669
Iteration 40:  residual SS =  3.813887
Iteration 41:  residual SS =  3.811285
Iteration 42:  residual SS =  3.808875
Iteration 43:  residual SS =  3.806669
Iteration 44:  residual SS =  3.804681
Iteration 45:  residual SS =  3.802926
Iteration 46:  residual SS =  3.801421
Iteration 47:  residual SS =  3.800184
Iteration 48:  residual SS =  3.799236
Iteration 49:  residual SS =  3.798598

      Source |       SS       df       MS            Number of obs =        13
-------------+------------------------------         F(  1,    11) =     -9.04
       Model | -3.12111039     1 -3.12111039         Prob > F      =    1.0000
    Residual |  3.79829691    11  .345299719         R-squared     =   -4.6089
-------------+------------------------------         Adj R-squared =   -5.1188
       Total |   .67718652    12   .05643221         Root MSE      =  .5876221
                                                     Res. dev.     =  20.89725

------------------------------------------------------------------------------
      lnYtou |      Coef.   Std. Err.      t    P>|t|     [95% Conf. Interval]
-------------+----------------------------------------------------------------
          b1 |  -122.8206    15.2599    -8.05   0.000    -156.4074   -89.23375
          b2 |   746.2047   15402.89     0.05   0.962    -33155.32    34647.73
------------------------------------------------------------------------------
* Parameter b1 taken as constant term in model & ANOVA table
 (SEs, P values, CIs, and correlations are asymptotic approximations)
convergence not achieved
