=============================================================================================================
Estimation for Telephone and MAD, specification 1
=============================================================================================================
   
US parameters:
-------------------------------------------------------------------
elascoef1 = 4.011261128231718
elascoef2 = 4.011261128231718
trend     = .0606950657105945
-------------------------------------------------------------------
   
Model specification estimated:
( lnYtou = lnY + {b1} + (1.3-1)*ln(t-{b2=1945})*4.011261128231718 - (1-.3)*lnYpercap*4.011261128231718 + .0606
> 950657105945*t  ) 
-------------------------------------------------------------------
(obs = 39)

Iteration 0:  residual SS =  579745.7
Iteration 1:  residual SS =  321092.4
Iteration 2:  residual SS =  38.57034
Iteration 3:  residual SS =   35.9405
Iteration 4:  residual SS =  33.55005
Iteration 5:  residual SS =  33.41789
Iteration 6:  residual SS =  32.63138
Iteration 7:  residual SS =  32.16798
Iteration 8:  residual SS =  31.76618
Iteration 9:  residual SS =  31.47014
Iteration 10:  residual SS =  31.31277
Iteration 11:  residual SS =  31.12061
Iteration 12:  residual SS =  30.96624
Iteration 13:  residual SS =  30.85834
Iteration 14:  residual SS =    30.809
Iteration 15:  residual SS =  30.71524
Iteration 16:  residual SS =  30.63488
Iteration 17:  residual SS =  30.57016
Iteration 18:  residual SS =  30.52391
Iteration 19:  residual SS =  30.49973
Iteration 20:  residual SS =  30.44994
Iteration 21:  residual SS =  30.40447
Iteration 22:  residual SS =   30.3638
Iteration 23:  residual SS =  30.32853
Iteration 24:  residual SS =  30.29934
Iteration 25:  residual SS =  30.27704
Iteration 26:  residual SS =  30.26262
Iteration 27:  residual SS =  30.25725
Iteration 28:  residual SS =  30.23332
Iteration 29:  residual SS =  30.21098
Iteration 30:  residual SS =  30.19034
Iteration 31:  residual SS =  30.17157
Iteration 32:  residual SS =  30.15483
Iteration 33:  residual SS =   30.1403
Iteration 34:  residual SS =  30.12821
Iteration 35:  residual SS =   30.1188
Iteration 36:  residual SS =  30.11234
Iteration 37:  residual SS =  30.10916
Iteration 38:  residual SS =  30.09664
Iteration 39:  residual SS =  30.08464
Iteration 40:  residual SS =  30.07319
Iteration 41:  residual SS =  30.06233
Iteration 42:  residual SS =  30.05208
Iteration 43:  residual SS =  30.04249
Iteration 44:  residual SS =  30.03361
Iteration 45:  residual SS =  30.02547
Iteration 46:  residual SS =  30.01812
Iteration 47:  residual SS =  30.01163
Iteration 48:  residual SS =  30.00604
Iteration 49:  residual SS =  30.00143

      Source |       SS       df       MS            Number of obs =        39
-------------+------------------------------         F(  1,    37) =    -17.52
       Model | -14.2008521     1 -14.2008521         Prob > F      =    1.0000
    Residual |  29.9978758    37  .810753399         R-squared     =   -0.8990
-------------+------------------------------         Adj R-squared =   -0.9503
       Total |  15.7970237    38  .415711151         Root MSE      =  .9004185
                                                     Res. dev.     =  100.4422

------------------------------------------------------------------------------
      lnYtou |      Coef.   Std. Err.      t    P>|t|     [95% Conf. Interval]
-------------+----------------------------------------------------------------
          b1 |  -127.9412   7.780899   -16.44   0.000    -143.7068   -112.1756
          b2 |   233.5224   10936.38     0.02   0.983    -21925.68    22392.73
------------------------------------------------------------------------------
* Parameter b1 taken as constant term in model & ANOVA table
 (SEs, P values, CIs, and correlations are asymptotic approximations)
convergence not achieved
