=============================================================================================================
Estimation for Telephone and MAL, specification 2
=============================================================================================================
   
US parameters:
-------------------------------------------------------------------
elascoef1 = 4.011261128231718
elascoef2 = 4.011261128231718
trend     = .0606950657105945
-------------------------------------------------------------------
   
Model specification estimated:
( lnYtou = lnY + {b1} + (1.3-1)*ln(t-{b2=1955})*{b3=4.011261128231718} - (1-.3)*lnYpercap*4.011261128231718 + 
> .0606950657105945*t  ) 
-------------------------------------------------------------------
(obs = 37)

Iteration 0:  residual SS =  573545.5
Iteration 1:  residual SS =  556161.4
Iteration 2:  residual SS =  3.527104
Iteration 3:  residual SS =  3.510463
Iteration 4:  residual SS =  3.507352
Iteration 5:  residual SS =  3.507071
Iteration 6:  residual SS =   3.50694
Iteration 7:  residual SS =   3.50689
Iteration 8:  residual SS =  3.506838
Iteration 9:  residual SS =  3.506821
Iteration 10:  residual SS =  3.506789
Iteration 11:  residual SS =  3.506765
Iteration 12:  residual SS =  3.506754
Iteration 13:  residual SS =  3.506734
Iteration 14:  residual SS =  3.506715
Iteration 15:  residual SS =    3.5067
Iteration 16:  residual SS =  3.506688
Iteration 17:  residual SS =  3.506679
Iteration 18:  residual SS =  3.506674
Iteration 19:  residual SS =  3.506664
Iteration 20:  residual SS =  3.506653
Iteration 21:  residual SS =  3.506644
Iteration 22:  residual SS =  3.506635
Iteration 23:  residual SS =  3.506628
Iteration 24:  residual SS =  3.506621
Iteration 25:  residual SS =  3.506616
Iteration 26:  residual SS =  3.506611
Iteration 27:  residual SS =  3.506609
Iteration 28:  residual SS =  3.506607
Iteration 29:  residual SS =  3.506602
Iteration 30:  residual SS =  3.506596
Iteration 31:  residual SS =  3.506591
Iteration 32:  residual SS =  3.506586
Iteration 33:  residual SS =  3.506582
Iteration 34:  residual SS =  3.506578
Iteration 35:  residual SS =  3.506574
Iteration 36:  residual SS =   3.50657
Iteration 37:  residual SS =  3.506567
Iteration 38:  residual SS =  3.506564
Iteration 39:  residual SS =  3.506561
Iteration 40:  residual SS =  3.506559
Iteration 41:  residual SS =  3.506557
Iteration 42:  residual SS =  3.506556
Iteration 43:  residual SS =  3.506555
Iteration 44:  residual SS =  3.506555
Iteration 45:  residual SS =  3.506552
Iteration 46:  residual SS =  3.506549
Iteration 47:  residual SS =  3.506547
Iteration 48:  residual SS =  3.506544
Iteration 49:  residual SS =  3.506542

      Source |       SS       df       MS            Number of obs =        37
-------------+------------------------------         F(  2,    34) =     73.76
       Model |  15.2143345     2  7.60716726         Prob > F      =    0.0000
    Residual |  3.50653916    34  .103133505         R-squared     =    0.8127
-------------+------------------------------         Adj R-squared =    0.8017
       Total |  18.7208737    36  .520024269         Root MSE      =  .3211441
                                                     Res. dev.     =  17.81878

------------------------------------------------------------------------------
      lnYtou |      Coef.   Std. Err.      t    P>|t|     [95% Conf. Interval]
-------------+----------------------------------------------------------------
          b1 |  -121.6824   905.5224    -0.13   0.894    -1961.925    1718.561
          b2 |   1558.687     300971     0.01   0.996      -610088    613205.4
          b3 |   .6031151   428.7386     0.00   0.999    -870.6985    871.9047
------------------------------------------------------------------------------
* Parameter b1 taken as constant term in model & ANOVA table
 (SEs, P values, CIs, and correlations are asymptotic approximations)
convergence not achieved
