=============================================================================================================
Estimation for Telephone and MLW, specification 2
=============================================================================================================
   
US parameters:
-------------------------------------------------------------------
elascoef1 = 4.011261128231718
elascoef2 = 4.011261128231718
trend     = .0606950657105945
-------------------------------------------------------------------
   
Model specification estimated:
( lnYtou = lnY + {b1} + (1.3-1)*ln(t-{b2=1946})*{b3=4.011261128231718} - (1-.3)*lnYpercap*4.011261128231718 + 
> .0606950657105945*t  ) 
-------------------------------------------------------------------
(obs = 32)

Iteration 0:  residual SS =  489620.1
Iteration 1:  residual SS =  474593.7
Iteration 2:  residual SS =  1.474029
Iteration 3:  residual SS =  1.412641
Iteration 4:  residual SS =  1.401187
Iteration 5:  residual SS =   1.39958
Iteration 6:  residual SS =   1.39947
Iteration 7:  residual SS =  1.399465
Iteration 8:  residual SS =  1.399465
Iteration 9:  residual SS =  1.399465
Iteration 10:  residual SS =  1.399465

      Source |       SS       df       MS            Number of obs =        32
-------------+------------------------------         F(  2,    29) =    303.93
       Model |  29.3340441     2   14.667022         Prob > F      =    0.0000
    Residual |  1.39946497    29  .048257413         R-squared     =    0.9545
-------------+------------------------------         Adj R-squared =    0.9513
       Total |  30.7335091    31  .991403518         Root MSE      =  .2196757
                                                     Res. dev.     = -9.336603

------------------------------------------------------------------------------
      lnYtou |      Coef.   Std. Err.      t    P>|t|     [95% Conf. Interval]
-------------+----------------------------------------------------------------
          b1 |  -122.0241   .6236623  -195.66   0.000    -123.2996   -120.7485
          b2 |   1948.125   2.270169   858.14   0.000     1943.482    1952.768
          b3 |   2.329192   .5792442     4.02   0.000     1.144504    3.513879
------------------------------------------------------------------------------
* Parameter b1 taken as constant term in model & ANOVA table
 (SEs, P values, CIs, and correlations are asymptotic approximations)
