=============================================================================================================
Estimation for Telephone and MLY, specification 1
=============================================================================================================
   
US parameters:
-------------------------------------------------------------------
elascoef1 = 4.011261128231718
elascoef2 = 4.011261128231718
trend     = .0606950657105945
-------------------------------------------------------------------
   
Model specification estimated:
( lnYtou = lnY + {b1} + (1.3-1)*ln(t-{b2=1917})*4.011261128231718 - (1-.3)*lnYpercap*4.011261128231718 + .0606
> 950657105945*t  ) 
-------------------------------------------------------------------
(obs = 57)

Iteration 0:  residual SS =  816263.3
Iteration 1:  residual SS =  456642.6
Iteration 2:  residual SS =  47.20218
Iteration 3:  residual SS =  32.63275
Iteration 4:  residual SS =  29.31667
Iteration 5:  residual SS =   29.1434
Iteration 6:  residual SS =  29.14167
Iteration 7:  residual SS =  29.14151
Iteration 8:  residual SS =   29.1415

      Source |       SS       df       MS            Number of obs =        57
-------------+------------------------------         F(  1,    55) =    302.90
       Model |   160.48992     1   160.48992         Prob > F      =    0.0000
    Residual |  29.1414956    55  .529845374         R-squared     =    0.8463
-------------+------------------------------         Adj R-squared =    0.8435
       Total |  189.631416    56  3.38627528         Root MSE      =  .7279048
                                                     Res. dev.     =  123.5184

------------------------------------------------------------------------------
      lnYtou |      Coef.   Std. Err.      t    P>|t|     [95% Conf. Interval]
-------------+----------------------------------------------------------------
          b1 |  -120.1018   .2033622  -590.58   0.000    -120.5094   -119.6943
          b2 |   1905.101   6.244026   305.11   0.000     1892.588    1917.614
------------------------------------------------------------------------------
* Parameter b1 taken as constant term in model & ANOVA table
 (SEs, P values, CIs, and correlations are asymptotic approximations)
