=============================================================================================================
Estimation for Telephone and MON, specification 2
=============================================================================================================
   
US parameters:
-------------------------------------------------------------------
elascoef1 = 4.011261128231718
elascoef2 = 4.011261128231718
trend     = .0606950657105945
-------------------------------------------------------------------
   
Model specification estimated:
( lnYtou = lnY + {b1} + (1.3-1)*ln(t-{b2=1955})*{b3=4.011261128231718} - (1-.3)*lnYpercap*4.011261128231718 + 
> .0606950657105945*t  ) 
-------------------------------------------------------------------
(obs = 31)

Iteration 0:  residual SS =  453770.5
Iteration 1:  residual SS =  439875.4
Iteration 2:  residual SS =  110095.2
Iteration 3:  residual SS =  27523.62
Iteration 4:  residual SS =  6881.307
Iteration 5:  cannot calculate derivatives
equation/system not identified
