=============================================================================================================
Estimation for Telephone and MOR, specification 1
=============================================================================================================
   
US parameters:
-------------------------------------------------------------------
elascoef1 = 4.011261128231718
elascoef2 = 4.011261128231718
trend     = .0606950657105945
-------------------------------------------------------------------
   
Model specification estimated:
( lnYtou = lnY + {b1} + (1.3-1)*ln(t-{b2=1945})*4.011261128231718 - (1-.3)*lnYpercap*4.011261128231718 + .0606
> 950657105945*t  ) 
-------------------------------------------------------------------
(obs = 39)

Iteration 0:  residual SS =  559885.7
Iteration 1:  residual SS =    491033
Iteration 2:  residual SS =  28.02977
Iteration 3:  residual SS =  20.60939
Iteration 4:  residual SS =  18.33677
Iteration 5:  residual SS =  17.86799
Iteration 6:  residual SS =  17.60532
Iteration 7:  residual SS =  17.24485
Iteration 8:  residual SS =  16.87241
Iteration 9:  residual SS =  16.66377
Iteration 10:  residual SS =   16.4411
Iteration 11:  residual SS =  16.26529
Iteration 12:  residual SS =  16.14651
Iteration 13:  residual SS =   16.0997
Iteration 14:  residual SS =  16.00144
Iteration 15:  residual SS =  15.92097
Iteration 16:  residual SS =  15.86145
Iteration 17:  residual SS =  15.82706
Iteration 18:  residual SS =  15.82338
Iteration 19:  residual SS =  15.77732
Iteration 20:  residual SS =   15.7378
Iteration 21:  residual SS =  15.70568
Iteration 22:  residual SS =  15.68205
Iteration 23:  residual SS =  15.66822
Iteration 24:  residual SS =  15.66584
Iteration 25:  residual SS =  15.64121
Iteration 26:  residual SS =   15.6187
Iteration 27:  residual SS =   15.5985
Iteration 28:  residual SS =  15.58086
Iteration 29:  residual SS =  15.56602
Iteration 30:  residual SS =  15.55429
Iteration 31:  residual SS =  15.54602
Iteration 32:  residual SS =  15.54164
Iteration 33:  residual SS =  15.54161
Iteration 34:  residual SS =  15.52915
Iteration 35:  residual SS =  15.51742
Iteration 36:  residual SS =  15.50646
Iteration 37:  residual SS =  15.49633
Iteration 38:  residual SS =   15.4871
Iteration 39:  residual SS =  15.47882
Iteration 40:  residual SS =  15.47155
Iteration 41:  residual SS =   15.4654
Iteration 42:  residual SS =  15.46046
Iteration 43:  residual SS =  15.45681
Iteration 44:  residual SS =  15.45457
Iteration 45:  residual SS =  15.45387
Iteration 46:  residual SS =  15.44727
Iteration 47:  residual SS =  15.44091
Iteration 48:  residual SS =   15.4348
Iteration 49:  residual SS =  15.42895

      Source |       SS       df       MS            Number of obs =        39
-------------+------------------------------         F(  1,    37) =    -20.20
       Model |  -8.4197596     1  -8.4197596         Prob > F      =    1.0000
    Residual |  15.4233696    37  .416847826         R-squared     =   -1.2022
-------------+------------------------------         Adj R-squared =   -1.2617
       Total |  7.00360995    38  .184305525         Root MSE      =  .6456375
                                                     Res. dev.     =  74.49777

------------------------------------------------------------------------------
      lnYtou |      Coef.   Std. Err.      t    P>|t|     [95% Conf. Interval]
-------------+----------------------------------------------------------------
          b1 |  -126.1723   6.657735   -18.95   0.000    -139.6621   -112.6824
          b2 |  -585.6424   13888.54    -0.04   0.967     -28726.5    27555.21
------------------------------------------------------------------------------
* Parameter b1 taken as constant term in model & ANOVA table
 (SEs, P values, CIs, and correlations are asymptotic approximations)
convergence not achieved
