=============================================================================================================
Estimation for Telephone and NEP, specification 1
=============================================================================================================
   
US parameters:
-------------------------------------------------------------------
elascoef1 = 4.011261128231718
elascoef2 = 4.011261128231718
trend     = .0606950657105945
-------------------------------------------------------------------
   
Model specification estimated:
( lnYtou = lnY + {b1} + (1.3-1)*ln(t-{b2=1970})*4.011261128231718 - (1-.3)*lnYpercap*4.011261128231718 + .0606
> 950657105945*t  ) 
-------------------------------------------------------------------
(obs = 28)

Iteration 0:  residual SS =  428417.8
Iteration 1:  residual SS =   54.8857
Iteration 2:  residual SS =  50.91246
Iteration 3:  residual SS =  34.72182
Iteration 4:  residual SS =  10.06816
Iteration 5:  residual SS =  4.572981
Iteration 6:  residual SS =  4.042489
Iteration 7:  residual SS =  4.035085
Iteration 8:  residual SS =  4.035058

      Source |       SS       df       MS            Number of obs =        28
-------------+------------------------------         F(  1,    26) =    245.08
       Model |  38.0345005     1  38.0345005         Prob > F      =    0.0000
    Residual |  4.03505553    26  .155194444         R-squared     =    0.9041
-------------+------------------------------         Adj R-squared =    0.9004
       Total |   42.069556    27   1.5581317         Root MSE      =  .3939473
                                                     Res. dev.     =  25.21939

------------------------------------------------------------------------------
      lnYtou |      Coef.   Std. Err.      t    P>|t|     [95% Conf. Interval]
-------------+----------------------------------------------------------------
          b1 |  -123.6405   .1364883  -905.87   0.000    -123.9211     -123.36
          b2 |   1970.624   1.265641  1557.02   0.000     1968.022    1973.225
------------------------------------------------------------------------------
* Parameter b1 taken as constant term in model & ANOVA table
 (SEs, P values, CIs, and correlations are asymptotic approximations)
