=============================================================================================================
Estimation for Telephone and NEW, specification 2
=============================================================================================================
   
US parameters:
-------------------------------------------------------------------
elascoef1 = 4.011261128231718
elascoef2 = 4.011261128231718
trend     = .0606950657105945
-------------------------------------------------------------------
   
Model specification estimated:
( lnYtou = lnY + {b1} + (1.3-1)*ln(t-{b2=1885})*{b3=4.011261128231718} - (1-.3)*lnYpercap*4.011261128231718 + 
> .0606950657105945*t  ) 
-------------------------------------------------------------------
(obs = 97)

Iteration 0:  residual SS =   1261202
Iteration 1:  residual SS =   1183700
Iteration 2:  residual SS =  5.024167
Iteration 3:  residual SS =  4.740092
Iteration 4:  residual SS =  4.719532
Iteration 5:  residual SS =  4.718971
Iteration 6:  residual SS =  4.718746
Iteration 7:  residual SS =  4.718692
Iteration 8:  residual SS =  4.718671
Iteration 9:  residual SS =  4.718665
Iteration 10:  residual SS =  4.718663
Iteration 11:  residual SS =  4.718662
Iteration 12:  residual SS =  4.718662
Iteration 13:  residual SS =  4.718662
Iteration 14:  residual SS =  4.718662

      Source |       SS       df       MS            Number of obs =        97
-------------+------------------------------         F(  2,    94) =   3173.41
       Model |  318.601424     2  159.300712         Prob > F      =    0.0000
    Residual |  4.71866189    94  .050198531         R-squared     =    0.9854
-------------+------------------------------         Adj R-squared =    0.9851
       Total |  323.320086    96  3.36791756         Root MSE      =  .2240503
                                                     Res. dev.     = -17.97494

------------------------------------------------------------------------------
      lnYtou |      Coef.   Std. Err.      t    P>|t|     [95% Conf. Interval]
-------------+----------------------------------------------------------------
          b1 |  -111.0075   .1612518  -688.41   0.000    -111.3277   -110.6873
          b2 |   1888.881    .811506  2327.62   0.000      1887.27    1890.492
          b3 |   1.395585   .1342491    10.40   0.000      1.12903     1.66214
------------------------------------------------------------------------------
* Parameter b1 taken as constant term in model & ANOVA table
 (SEs, P values, CIs, and correlations are asymptotic approximations)
