=============================================================================================================
Estimation for Telephone and NGA, specification 1
=============================================================================================================
   
US parameters:
-------------------------------------------------------------------
elascoef1 = 4.011261128231718
elascoef2 = 4.011261128231718
trend     = .0606950657105945
-------------------------------------------------------------------
   
Model specification estimated:
( lnYtou = lnY + {b1} + (1.3-1)*ln(t-{b2=1946})*4.011261128231718 - (1-.3)*lnYpercap*4.011261128231718 + .0606
> 950657105945*t  ) 
-------------------------------------------------------------------
(obs = 52)

Iteration 0:  residual SS =  787603.9
Iteration 1:  residual SS =  603085.1
Iteration 2:  residual SS =   31.0647
Iteration 3:  residual SS =  17.06892
Iteration 4:  residual SS =   11.5294
Iteration 5:  residual SS =  9.554639
Iteration 6:  residual SS =  8.668145
Iteration 7:  residual SS =  7.963721
Iteration 8:  residual SS =  7.205882
Iteration 9:  residual SS =  6.505507
Iteration 10:  residual SS =  6.099042
Iteration 11:  residual SS =  5.993173
Iteration 12:  residual SS =  5.984972
Iteration 13:  residual SS =  5.984839
Iteration 14:  residual SS =  5.984838
Iteration 15:  residual SS =  5.984838
Iteration 16:  residual SS =  5.984838
Iteration 17:  residual SS =  5.984838

      Source |       SS       df       MS            Number of obs =        52
-------------+------------------------------         F(  1,    50) =    459.22
       Model |  54.9665987     1  54.9665987         Prob > F      =    0.0000
    Residual |  5.98483805    50  .119696761         R-squared     =    0.9018
-------------+------------------------------         Adj R-squared =    0.8998
       Total |  60.9514368    51  1.19512621         Root MSE      =  .3459722
                                                     Res. dev.     =  35.14486

------------------------------------------------------------------------------
      lnYtou |      Coef.   Std. Err.      t    P>|t|     [95% Conf. Interval]
-------------+----------------------------------------------------------------
          b1 |  -127.6615   3.762333   -33.93   0.000    -135.2183   -120.1046
          b2 |   799.4376   3679.161     0.22   0.829    -6590.374     8189.25
------------------------------------------------------------------------------
* Parameter b1 taken as constant term in model & ANOVA table
 (SEs, P values, CIs, and correlations are asymptotic approximations)
