=============================================================================================================
Estimation for Telephone and NOR, specification 1
=============================================================================================================
   
US parameters:
-------------------------------------------------------------------
elascoef1 = 4.011261128231718
elascoef2 = 4.011261128231718
trend     = .0606950657105945
-------------------------------------------------------------------
   
Model specification estimated:
( lnYtou = lnY + {b1} + (1.3-1)*ln(t-{b2=1895})*4.011261128231718 - (1-.3)*lnYpercap*4.011261128231718 + .0606
> 950657105945*t  ) 
-------------------------------------------------------------------
(obs = 80)

Iteration 0:  residual SS =   1055242
Iteration 1:  residual SS =  66.35793
Iteration 2:  residual SS =  6.853221
Iteration 3:  residual SS =  6.825441
Iteration 4:  residual SS =  6.825229

      Source |       SS       df       MS            Number of obs =        80
-------------+------------------------------         F(  1,    78) =   1174.30
       Model |  102.754229     1  102.754229         Prob > F      =    0.0000
    Residual |  6.82522523    78  .087502888         R-squared     =    0.9377
-------------+------------------------------         Adj R-squared =    0.9369
       Total |  109.579454    79   1.3870817         Root MSE      =  .2958089
                                                     Res. dev.     =  30.11806

------------------------------------------------------------------------------
      lnYtou |      Coef.   Std. Err.      t    P>|t|     [95% Conf. Interval]
-------------+----------------------------------------------------------------
          b1 |  -115.2364   .0670433 -1718.84   0.000    -115.3699   -115.1029
          b2 |   1882.517   2.358841   798.07   0.000     1877.821    1887.213
------------------------------------------------------------------------------
* Parameter b1 taken as constant term in model & ANOVA table
 (SEs, P values, CIs, and correlations are asymptotic approximations)
