=============================================================================================================
Estimation for Telephone and NOR, specification 2
=============================================================================================================
   
US parameters:
-------------------------------------------------------------------
elascoef1 = 4.011261128231718
elascoef2 = 4.011261128231718
trend     = .0606950657105945
-------------------------------------------------------------------
   
Model specification estimated:
( lnYtou = lnY + {b1} + (1.3-1)*ln(t-{b2=1895})*{b3=4.011261128231718} - (1-.3)*lnYpercap*4.011261128231718 + 
> .0606950657105945*t  ) 
-------------------------------------------------------------------
(obs = 80)

Iteration 0:  residual SS =   1055242
Iteration 1:  residual SS =   1022571
Iteration 2:  residual SS =  9.642746
Iteration 3:  residual SS =  7.499825
Iteration 4:  residual SS =  7.321036
Iteration 5:  residual SS =   7.06481
Iteration 6:  residual SS =  6.919147
Iteration 7:  residual SS =  6.786792
Iteration 8:  residual SS =  6.683295
Iteration 9:  residual SS =  6.613945
Iteration 10:  residual SS =  6.586523
Iteration 11:  residual SS =  6.528016
Iteration 12:  residual SS =  6.478439
Iteration 13:  residual SS =  6.438841
Iteration 14:  residual SS =  6.410539
Iteration 15:  residual SS =  6.395191
Iteration 16:  residual SS =  6.394907
Iteration 17:  residual SS =  6.367227
Iteration 18:  residual SS =  6.342268
Iteration 19:  residual SS =  6.320232
Iteration 20:  residual SS =  6.301348
Iteration 21:  residual SS =  6.285882
Iteration 22:  residual SS =  6.274135
Iteration 23:  residual SS =  6.266459
Iteration 24:  residual SS =  6.263258
Iteration 25:  residual SS =  6.247867
Iteration 26:  residual SS =  6.233204
Iteration 27:  residual SS =  6.219301
Iteration 28:  residual SS =  6.206191
Iteration 29:  residual SS =  6.193912
Iteration 30:  residual SS =  6.182502
Iteration 31:  residual SS =  6.172004
Iteration 32:  residual SS =  6.162464
Iteration 33:  residual SS =  6.153934
Iteration 34:  residual SS =  6.146468
Iteration 35:  residual SS =  6.140125
Iteration 36:  residual SS =   6.13497
Iteration 37:  residual SS =  6.131074
Iteration 38:  residual SS =  6.128515
Iteration 39:  residual SS =  6.127377
Iteration 40:  residual SS =  6.119688
Iteration 41:  residual SS =  6.112213
Iteration 42:  residual SS =  6.104958
Iteration 43:  residual SS =   6.09793
Iteration 44:  residual SS =  6.091134
Iteration 45:  residual SS =  6.084578
Iteration 46:  residual SS =  6.078269
Iteration 47:  residual SS =  6.072214
Iteration 48:  residual SS =   6.06642
Iteration 49:  residual SS =  6.060896

      Source |       SS       df       MS            Number of obs =        80
-------------+------------------------------         F(  2,    77) =    658.17
       Model |  103.523803     2  51.7619015         Prob > F      =    0.0000
    Residual |  6.05565128    77  .078644822         R-squared     =    0.9447
-------------+------------------------------         Adj R-squared =    0.9433
       Total |  109.579454    79   1.3870817         Root MSE      =  .2804368
                                                     Res. dev.     =  20.54739

------------------------------------------------------------------------------
      lnYtou |      Coef.   Std. Err.      t    P>|t|     [95% Conf. Interval]
-------------+----------------------------------------------------------------
          b1 |  -156.2818   36.93483    -4.23   0.000    -229.8285    -82.7352
          b2 |   1649.327   198.0161     8.33   0.000     1255.027    2043.628
          b3 |   27.02023   18.48108     1.46   0.148    -9.780307    63.82076
------------------------------------------------------------------------------
* Parameter b1 taken as constant term in model & ANOVA table
 (SEs, P values, CIs, and correlations are asymptotic approximations)
convergence not achieved
