=============================================================================================================
Estimation for Telephone and PHI, specification 1
=============================================================================================================
   
US parameters:
-------------------------------------------------------------------
elascoef1 = 4.011261128231718
elascoef2 = 4.011261128231718
trend     = .0606950657105945
-------------------------------------------------------------------
   
Model specification estimated:
( lnYtou = lnY + {b1} + (1.3-1)*ln(t-{b2=1945})*4.011261128231718 - (1-.3)*lnYpercap*4.011261128231718 + .0606
> 950657105945*t  ) 
-------------------------------------------------------------------
(obs = 36)

Iteration 0:  residual SS =  495513.7
Iteration 1:  residual SS =  435496.9
Iteration 2:  residual SS =  1.383805
Iteration 3:  residual SS =  1.111571
Iteration 4:  residual SS =  1.098765
Iteration 5:  residual SS =  1.098612

      Source |       SS       df       MS            Number of obs =        36
-------------+------------------------------         F(  1,    34) =   1220.88
       Model |  39.4491265     1  39.4491265         Prob > F      =    0.0000
    Residual |   1.0986113    34  .032312097         R-squared     =    0.9729
-------------+------------------------------         Adj R-squared =    0.9721
       Total |  40.5477378    35  1.15850679         Root MSE      =  .1797557
                                                     Res. dev.     = -23.45742

------------------------------------------------------------------------------
      lnYtou |      Coef.   Std. Err.      t    P>|t|     [95% Conf. Interval]
-------------+----------------------------------------------------------------
          b1 |  -117.4489   .0600284 -1956.56   0.000    -117.5709   -117.3269
          b2 |   1943.011   .8694503  2234.76   0.000     1941.244    1944.778
------------------------------------------------------------------------------
* Parameter b1 taken as constant term in model & ANOVA table
 (SEs, P values, CIs, and correlations are asymptotic approximations)
