=============================================================================================================
Estimation for Telephone and ROM, specification 2
=============================================================================================================
   
US parameters:
-------------------------------------------------------------------
elascoef1 = 4.011261128231718
elascoef2 = 4.011261128231718
trend     = .0606950657105945
-------------------------------------------------------------------
   
Model specification estimated:
( lnYtou = lnY + {b1} + (1.3-1)*ln(t-{b2=1895})*{b3=4.011261128231718} - (1-.3)*lnYpercap*4.011261128231718 + 
> .0606950657105945*t  ) 
-------------------------------------------------------------------
(obs = 31)

Iteration 0:  residual SS =  427022.4
Iteration 1:  residual SS =  413785.7
Iteration 2:  residual SS =  12.76937
Iteration 3:  residual SS =  11.03189
Iteration 4:  residual SS =  10.88448
Iteration 5:  residual SS =  10.85587
Iteration 6:  residual SS =  10.82933
Iteration 7:  residual SS =  10.78354
Iteration 8:  residual SS =  10.76399
Iteration 9:  residual SS =  10.73118
Iteration 10:  residual SS =  10.70453
Iteration 11:  residual SS =  10.68543
Iteration 12:  residual SS =  10.67569
Iteration 13:  residual SS =  10.65692
Iteration 14:  residual SS =  10.63987
Iteration 15:  residual SS =  10.62477
Iteration 16:  residual SS =  10.61186
Iteration 17:  residual SS =  10.60144
Iteration 18:  residual SS =  10.59388
Iteration 19:  residual SS =   10.5896
Iteration 20:  residual SS =  10.58909
Iteration 21:  residual SS =  10.58011
Iteration 22:  residual SS =  10.57172
Iteration 23:  residual SS =  10.56398
Iteration 24:  residual SS =  10.55694
Iteration 25:  residual SS =  10.55066
Iteration 26:  residual SS =  10.54521
Iteration 27:  residual SS =  10.54064
Iteration 28:  residual SS =  10.53705
Iteration 29:  residual SS =  10.53451
Iteration 30:  residual SS =  10.53313
Iteration 31:  residual SS =  10.53301
Iteration 32:  residual SS =  10.52823
Iteration 33:  residual SS =  10.52363
Iteration 34:  residual SS =  10.51923
Iteration 35:  residual SS =  10.51502
Iteration 36:  residual SS =  10.51102
Iteration 37:  residual SS =  10.50725
Iteration 38:  residual SS =   10.5037
Iteration 39:  residual SS =   10.5004
Iteration 40:  residual SS =  10.49736
Iteration 41:  residual SS =  10.49458
Iteration 42:  residual SS =  10.49208
Iteration 43:  residual SS =  10.48989
Iteration 44:  residual SS =  10.48801
Iteration 45:  residual SS =  10.48646
Iteration 46:  residual SS =  10.48526
Iteration 47:  residual SS =  10.48443
Iteration 48:  residual SS =  10.48399
Iteration 49:  residual SS =  10.48396

      Source |       SS       df       MS            Number of obs =        31
-------------+------------------------------         F(  2,    28) =     76.79
       Model |  57.4934165     2  28.7467082         Prob > F      =    0.0000
    Residual |  10.4814646    28  .374338022         R-squared     =    0.8458
-------------+------------------------------         Adj R-squared =    0.8348
       Total |  67.9748811    30  2.26582937         Root MSE      =  .6118317
                                                     Res. dev.     =  54.35845

------------------------------------------------------------------------------
      lnYtou |      Coef.   Std. Err.      t    P>|t|     [95% Conf. Interval]
-------------+----------------------------------------------------------------
          b1 |  -160.5011   172.1764    -0.93   0.359    -513.1884    192.1863
          b2 |   1665.222   844.0694     1.97   0.058    -63.77533     3394.22
          b3 |   28.36711   86.73631     0.33   0.746    -149.3042    206.0384
------------------------------------------------------------------------------
* Parameter b1 taken as constant term in model & ANOVA table
 (SEs, P values, CIs, and correlations are asymptotic approximations)
convergence not achieved
