=============================================================================================================
Estimation for Telephone and SAU, specification 1
=============================================================================================================
   
US parameters:
-------------------------------------------------------------------
elascoef1 = 4.011261128231718
elascoef2 = 4.011261128231718
trend     = .0606950657105945
-------------------------------------------------------------------
   
Model specification estimated:
( lnYtou = lnY + {b1} + (1.3-1)*ln(t-{b2=1946})*4.011261128231718 - (1-.3)*lnYpercap*4.011261128231718 + .0606
> 950657105945*t  ) 
-------------------------------------------------------------------
(obs = 37)

Iteration 0:  residual SS =  494988.9
Iteration 1:  residual SS =  435138.2
Iteration 2:  residual SS =  244599.5
Iteration 3:  residual SS =  48.27988
Iteration 4:  residual SS =  44.33639
Iteration 5:  residual SS =  44.10625
Iteration 6:  residual SS =  44.09833
Iteration 7:  residual SS =  44.08727
Iteration 8:  residual SS =  44.08482
Iteration 9:  residual SS =  44.08314
Iteration 10:  residual SS =  44.08251
Iteration 11:  residual SS =  44.08223
Iteration 12:  residual SS =  44.08208

      Source |       SS       df       MS            Number of obs =        37
-------------+------------------------------         F(  1,    35) =     77.29
       Model |  97.3420506     1  97.3420506         Prob > F      =    0.0000
    Residual |  44.0820292    35  1.25948655         R-squared     =    0.6883
-------------+------------------------------         Adj R-squared =    0.6794
       Total |   141.42408    36  3.92844666         Root MSE      =  1.122268
                                                     Res. dev.     =  111.4814

------------------------------------------------------------------------------
      lnYtou |      Coef.   Std. Err.      t    P>|t|     [95% Conf. Interval]
-------------+----------------------------------------------------------------
          b1 |  -115.2134   .2012222  -572.57   0.000    -115.6219   -114.8049
          b2 |   1950.516   .4417875  4415.06   0.000      1949.62    1951.413
------------------------------------------------------------------------------
* Parameter b1 taken as constant term in model & ANOVA table
 (SEs, P values, CIs, and correlations are asymptotic approximations)
