=============================================================================================================
Estimation for Telephone and SBM, specification 1
=============================================================================================================
   
US parameters:
-------------------------------------------------------------------
elascoef1 = 4.011261128231718
elascoef2 = 4.011261128231718
trend     = .0606950657105945
-------------------------------------------------------------------
   
Model specification estimated:
( lnYtou = lnY + {b1} + (1.3-1)*ln(t-{b2=1985})*4.011261128231718 - (1-.3)*lnYpercap*4.011261128231718 + .0606
> 950657105945*t  ) 
-------------------------------------------------------------------
(obs = 13)

Iteration 0:  residual SS =  177707.3
Iteration 1:  residual SS =  166860.4
Iteration 2:  residual SS =  17.92186
Iteration 3:  residual SS =  16.53713
Iteration 4:  residual SS =  16.45891
Iteration 5:  residual SS =  16.07452
Iteration 6:  residual SS =  15.87292
Iteration 7:  residual SS =  15.68954
Iteration 8:  residual SS =  15.57036
Iteration 9:  residual SS =   15.5383
Iteration 10:  residual SS =  15.46245
Iteration 11:  residual SS =  15.41276
Iteration 12:  residual SS =  15.39661
Iteration 13:  residual SS =  15.35326
Iteration 14:  residual SS =  15.31802
Iteration 15:  residual SS =  15.29242
Iteration 16:  residual SS =  15.27844
Iteration 17:  residual SS =  15.25304
Iteration 18:  residual SS =  15.22998
Iteration 19:  residual SS =  15.20956
Iteration 20:  residual SS =   15.1921
Iteration 21:  residual SS =  15.17803
Iteration 22:  residual SS =  15.16784
Iteration 23:  residual SS =  15.16213
Iteration 24:  residual SS =  15.16165
Iteration 25:  residual SS =  15.15039
Iteration 26:  residual SS =  15.14007
Iteration 27:  residual SS =  15.13078
Iteration 28:  residual SS =  15.12263
Iteration 29:  residual SS =  15.11572
Iteration 30:  residual SS =  15.11019
Iteration 31:  residual SS =  15.10619
Iteration 32:  residual SS =   15.1039
Iteration 33:  residual SS =  15.10352
Iteration 34:  residual SS =  15.09761
Iteration 35:  residual SS =  15.09201
Iteration 36:  residual SS =  15.08674
Iteration 37:  residual SS =  15.08183
Iteration 38:  residual SS =  15.07729
Iteration 39:  residual SS =  15.07316
Iteration 40:  residual SS =  15.06946
Iteration 41:  residual SS =  15.06623
Iteration 42:  residual SS =  15.06351
Iteration 43:  residual SS =  15.06132
Iteration 44:  residual SS =  15.05972
Iteration 45:  residual SS =  15.05876
Iteration 46:  residual SS =  15.05849
Iteration 47:  residual SS =  15.05543
Iteration 48:  residual SS =  15.05247
Iteration 49:  residual SS =  15.04962

      Source |       SS       df       MS            Number of obs =        13
-------------+------------------------------         F(  1,    11) =    -10.89
       Model | -14.8975576     1 -14.8975576         Prob > F      =    1.0000
    Residual |  15.0468905    11  1.36789914         R-squared     =  -99.7607
-------------+------------------------------         Adj R-squared = -108.9208
       Total |  .149332943    12  .012444412         Root MSE      =  1.169572
                                                     Res. dev.     =  38.79329

------------------------------------------------------------------------------
      lnYtou |      Coef.   Std. Err.      t    P>|t|     [95% Conf. Interval]
-------------+----------------------------------------------------------------
          b1 |  -122.7837   19.56077    -6.28   0.000    -165.8366    -79.7307
          b2 |   1348.573   10354.11     0.13   0.899    -21440.68    24137.82
------------------------------------------------------------------------------
* Parameter b1 taken as constant term in model & ANOVA table
 (SEs, P values, CIs, and correlations are asymptotic approximations)
convergence not achieved
