=============================================================================================================
Estimation for Telephone and SEN, specification 2
=============================================================================================================
   
US parameters:
-------------------------------------------------------------------
elascoef1 = 4.011261128231718
elascoef2 = 4.011261128231718
trend     = .0606950657105945
-------------------------------------------------------------------
   
Model specification estimated:
( lnYtou = lnY + {b1} + (1.3-1)*ln(t-{b2=1954})*{b3=4.011261128231718} - (1-.3)*lnYpercap*4.011261128231718 + 
> .0606950657105945*t  ) 
-------------------------------------------------------------------
(obs = 44)

Iteration 0:  residual SS =  665142.5
Iteration 1:  residual SS =  644782.5
Iteration 2:  residual SS =  493708.3
Iteration 3:  residual SS =  433907.3
Iteration 4:  residual SS =  407204.3
Iteration 5:  residual SS =  382135.9
Iteration 6:  cannot calculate derivatives
equation/system not identified
