=============================================================================================================
Estimation for Telephone and SNG, specification 1
=============================================================================================================
   
US parameters:
-------------------------------------------------------------------
elascoef1 = 4.011261128231718
elascoef2 = 4.011261128231718
trend     = .0606950657105945
-------------------------------------------------------------------
   
Model specification estimated:
( lnYtou = lnY + {b1} + (1.3-1)*ln(t-{b2=1946})*4.011261128231718 - (1-.3)*lnYpercap*4.011261128231718 + .0606
> 950657105945*t  ) 
-------------------------------------------------------------------
(obs = 38)

Iteration 0:  residual SS =  510853.2
Iteration 1:  residual SS =  126858.4
Iteration 2:  residual SS =  29.80911

      Source |       SS       df       MS            Number of obs =        38
-------------+------------------------------         F(  1,    36) =     37.17
       Model |  30.7801168     1  30.7801168         Prob > F      =    0.0000
    Residual |  29.8091076    36  .828030768         R-squared     =    0.5080
-------------+------------------------------         Adj R-squared =    0.4943
       Total |  60.5892244    37  1.63754661         Root MSE      =   .909962
                                                     Res. dev.     =  98.61399

------------------------------------------------------------------------------
      lnYtou |      Coef.   Std. Err.      t    P>|t|     [95% Conf. Interval]
-------------+----------------------------------------------------------------
          b1 |  -115.6795    .196728  -588.02   0.000    -116.0784   -115.2805
          b2 |   1949.104    1.23747  1575.07   0.000     1946.594    1951.613
------------------------------------------------------------------------------
* Parameter b1 taken as constant term in model & ANOVA table
 (SEs, P values, CIs, and correlations are asymptotic approximations)
