=============================================================================================================
Estimation for Telephone and SPA, specification 2
=============================================================================================================
   
US parameters:
-------------------------------------------------------------------
elascoef1 = 4.011261128231718
elascoef2 = 4.011261128231718
trend     = .0606950657105945
-------------------------------------------------------------------
   
Model specification estimated:
( lnYtou = lnY + {b1} + (1.3-1)*ln(t-{b2=1897})*{b3=4.011261128231718} - (1-.3)*lnYpercap*4.011261128231718 + 
> .0606950657105945*t  ) 
-------------------------------------------------------------------
(obs = 78)

Iteration 0:  residual SS =   1073540
Iteration 1:  residual SS =   1040514
Iteration 2:  residual SS =  53.52912
Iteration 3:  residual SS =  47.44242
Iteration 4:  residual SS =  45.96334
Iteration 5:  residual SS =  45.26884
Iteration 6:  residual SS =  44.64983
Iteration 7:  residual SS =  44.35727
Iteration 8:  residual SS =  43.98209
Iteration 9:  residual SS =  43.68965
Iteration 10:  residual SS =  43.49874
Iteration 11:  residual SS =  43.43514
Iteration 12:  residual SS =  43.24771
Iteration 13:  residual SS =  43.08558
Iteration 14:  residual SS =  42.95208
Iteration 15:  residual SS =  42.85119
Iteration 16:  residual SS =  42.78779
Iteration 17:  residual SS =  42.76781
Iteration 18:  residual SS =  42.66886
Iteration 19:  residual SS =  42.57727
Iteration 20:  residual SS =  42.49358
Iteration 21:  residual SS =  42.41843
Iteration 22:  residual SS =  42.35252
Iteration 23:  residual SS =  42.29665
Iteration 24:  residual SS =   42.2517
Iteration 25:  residual SS =  42.21868
Iteration 26:  residual SS =  42.19873
Iteration 27:  residual SS =  42.19313
Iteration 28:  residual SS =  42.14232
Iteration 29:  residual SS =   42.0937
Iteration 30:  residual SS =  42.04737
Iteration 31:  residual SS =  42.00344
Iteration 32:  residual SS =  41.96204
Iteration 33:  residual SS =  41.92328
Iteration 34:  residual SS =   41.8873
Iteration 35:  residual SS =  41.85424
Iteration 36:  residual SS =  41.82426
Iteration 37:  residual SS =  41.79752
Iteration 38:  residual SS =   41.7742
Iteration 39:  residual SS =   41.7545
Iteration 40:  residual SS =  41.73863
Iteration 41:  residual SS =   41.7268
Iteration 42:  residual SS =  41.71926
Iteration 43:  residual SS =  41.71628
Iteration 44:  residual SS =  41.69009
Iteration 45:  residual SS =  41.66456
Iteration 46:  residual SS =  41.63969
Iteration 47:  residual SS =  41.61552
Iteration 48:  residual SS =  41.59205
Iteration 49:  residual SS =  41.56931

      Source |       SS       df       MS            Number of obs =        78
-------------+------------------------------         F(  2,    75) =    299.05
       Model |  331.321051     2  165.660525         Prob > F      =    0.0000
    Residual |  41.5473301    75  .553964402         R-squared     =    0.8886
-------------+------------------------------         Adj R-squared =    0.8856
       Total |  372.868381    77  4.84244651         Root MSE      =  .7442878
                                                     Res. dev.     =  172.2241

------------------------------------------------------------------------------
      lnYtou |      Coef.   Std. Err.      t    P>|t|     [95% Conf. Interval]
-------------+----------------------------------------------------------------
          b1 |  -193.4267    93.0426    -2.08   0.041     -378.777   -8.076303
          b2 |   1659.416   275.8148     6.02   0.000     1109.964    2208.867
          b3 |   47.72974   46.73634     1.02   0.310    -45.37382    140.8333
------------------------------------------------------------------------------
* Parameter b1 taken as constant term in model & ANOVA table
 (SEs, P values, CIs, and correlations are asymptotic approximations)
convergence not achieved
