=============================================================================================================
Estimation for Telephone and SPA, specification 1
=============================================================================================================
   
US parameters:
-------------------------------------------------------------------
elascoef1 = 4.011261128231718
elascoef2 = 4.011261128231718
trend     = .0606950657105945
-------------------------------------------------------------------
   
Model specification estimated:
( lnYtou = lnY + {b1} + (1.3-1)*ln(t-{b2=1897})*4.011261128231718 - (1-.3)*lnYpercap*4.011261128231718 + .0606
> 950657105945*t  ) 
-------------------------------------------------------------------
(obs = 78)

Iteration 0:  residual SS =   1073540
Iteration 1:  residual SS =  824456.1
Iteration 2:  residual SS =  65.07627
Iteration 3:  residual SS =  63.71643
Iteration 4:  residual SS =  63.69622
Iteration 5:  residual SS =  63.69335
Iteration 6:  residual SS =  63.69286
Iteration 7:  residual SS =  63.69276

      Source |       SS       df       MS            Number of obs =        78
-------------+------------------------------         F(  1,    76) =    368.92
       Model |  309.175641     1  309.175641         Prob > F      =    0.0000
    Residual |  63.6927405    76  .838062374         R-squared     =    0.8292
-------------+------------------------------         Adj R-squared =    0.8269
       Total |  372.868381    77  4.84244651         Root MSE      =  .9154575
                                                     Res. dev.     =  205.5486

------------------------------------------------------------------------------
      lnYtou |      Coef.   Std. Err.      t    P>|t|     [95% Conf. Interval]
-------------+----------------------------------------------------------------
          b1 |  -117.2702   .1375241  -852.73   0.000    -117.5441   -116.9963
          b2 |    1897.99   1.977447   959.82   0.000     1894.052    1901.929
------------------------------------------------------------------------------
* Parameter b1 taken as constant term in model & ANOVA table
 (SEs, P values, CIs, and correlations are asymptotic approximations)
