=============================================================================================================
Estimation for Telephone and SRL, specification 2
=============================================================================================================
   
US parameters:
-------------------------------------------------------------------
elascoef1 = 4.011261128231718
elascoef2 = 4.011261128231718
trend     = .0606950657105945
-------------------------------------------------------------------
   
Model specification estimated:
( lnYtou = lnY + {b1} + (1.3-1)*ln(t-{b2=1958})*{b3=4.011261128231718} - (1-.3)*lnYpercap*4.011261128231718 + 
> .0606950657105945*t  ) 
-------------------------------------------------------------------
(obs = 40)

Iteration 0:  residual SS =  604183.7
Iteration 1:  residual SS =    585754
Iteration 2:  residual SS =  448526.9
Iteration 3:  residual SS =  394213.3
Iteration 4:  residual SS =    346468
Iteration 5:  residual SS =  304473.8
Iteration 6:  residual SS =  285738.3
Iteration 7:  cannot calculate derivatives
equation/system not identified
