=============================================================================================================
Estimation for Telephone and SWA, specification 1
=============================================================================================================
   
US parameters:
-------------------------------------------------------------------
elascoef1 = 4.011261128231718
elascoef2 = 4.011261128231718
trend     = .0606950657105945
-------------------------------------------------------------------
   
Model specification estimated:
( lnYtou = lnY + {b1} + (1.3-1)*ln(t-{b2=1958})*4.011261128231718 - (1-.3)*lnYpercap*4.011261128231718 + .0606
> 950657105945*t  ) 
-------------------------------------------------------------------
(obs = 39)

Iteration 0:  residual SS =  559162.3
Iteration 1:  residual SS =  429927.2
Iteration 2:  residual SS =  22.30487
Iteration 3:  residual SS =  14.85509
Iteration 4:  residual SS =  14.20709
Iteration 5:  residual SS =  13.18541
Iteration 6:  residual SS =  12.63936
Iteration 7:  residual SS =  12.20037
Iteration 8:  residual SS =  11.85183
Iteration 9:  residual SS =   11.6322
Iteration 10:  residual SS =  11.57159
Iteration 11:  residual SS =  11.44321
Iteration 12:  residual SS =  11.36526
Iteration 13:  residual SS =  11.35073
Iteration 14:  residual SS =  11.28445
Iteration 15:  residual SS =  11.23507
Iteration 16:  residual SS =  11.20575
Iteration 17:  residual SS =  11.20095
Iteration 18:  residual SS =   11.1657
Iteration 19:  residual SS =  11.13594
Iteration 20:  residual SS =  11.11243
Iteration 21:  residual SS =  11.09608
Iteration 22:  residual SS =  11.08808
Iteration 23:  residual SS =   11.0677
Iteration 24:  residual SS =  11.04894
Iteration 25:  residual SS =  11.03193
Iteration 26:  residual SS =  11.01684
Iteration 27:  residual SS =  11.00387
Iteration 28:  residual SS =  10.99324
Iteration 29:  residual SS =  10.98523
Iteration 30:  residual SS =  10.98014
Iteration 31:  residual SS =  10.97835
Iteration 32:  residual SS =  10.96856
Iteration 33:  residual SS =  10.95933
Iteration 34:  residual SS =  10.95073
Iteration 35:  residual SS =  10.94277
Iteration 36:  residual SS =  10.93551
Iteration 37:  residual SS =    10.929
Iteration 38:  residual SS =  10.92331
Iteration 39:  residual SS =   10.9185
Iteration 40:  residual SS =  10.91465
Iteration 41:  residual SS =  10.91184
Iteration 42:  residual SS =  10.91016
Iteration 43:  residual SS =  10.90973
Iteration 44:  residual SS =  10.90486
Iteration 45:  residual SS =  10.90018
Iteration 46:  residual SS =  10.89572
Iteration 47:  residual SS =  10.89146
Iteration 48:  residual SS =  10.88744
Iteration 49:  residual SS =  10.88366

      Source |       SS       df       MS            Number of obs =        39
-------------+------------------------------         F(  1,    37) =     33.56
       Model |  9.86826328     1  9.86826328         Prob > F      =    0.0000
    Residual |  10.8801372    37  .294057763         R-squared     =    0.4756
-------------+------------------------------         Adj R-squared =    0.4614
       Total |  20.7484005    38   .54601054         Root MSE      =  .5422709
                                                     Res. dev.     =  60.88892

------------------------------------------------------------------------------
      lnYtou |      Coef.   Std. Err.      t    P>|t|     [95% Conf. Interval]
-------------+----------------------------------------------------------------
          b1 |   -126.078    15.9876    -7.89   0.000    -158.4719   -93.68403
          b2 |  -1075.612   39820.19    -0.03   0.979    -81758.98    79607.76
------------------------------------------------------------------------------
* Parameter b1 taken as constant term in model & ANOVA table
 (SEs, P values, CIs, and correlations are asymptotic approximations)
convergence not achieved
