=============================================================================================================
Estimation for Telephone and SYR, specification 1
=============================================================================================================
   
US parameters:
-------------------------------------------------------------------
elascoef1 = 4.011261128231718
elascoef2 = 4.011261128231718
trend     = .0606950657105945
-------------------------------------------------------------------
   
Model specification estimated:
( lnYtou = lnY + {b1} + (1.3-1)*ln(t-{b2=1945})*4.011261128231718 - (1-.3)*lnYpercap*4.011261128231718 + .0606
> 950657105945*t  ) 
-------------------------------------------------------------------
(obs = 39)

Iteration 0:  residual SS =  538875.5
Iteration 1:  residual SS =  411363.9
Iteration 2:  residual SS =  6.501342
Iteration 3:  residual SS =  3.560158
Iteration 4:  residual SS =  3.068238
Iteration 5:  residual SS =  3.049748

      Source |       SS       df       MS            Number of obs =        39
-------------+------------------------------         F(  1,    37) =    458.27
       Model |  37.7728775     1  37.7728775         Prob > F      =    0.0000
    Residual |  3.04973335    37  .082425226         R-squared     =    0.9253
-------------+------------------------------         Adj R-squared =    0.9233
       Total |  40.8226109    38  1.07427923         Root MSE      =  .2870979
                                                     Res. dev.     =  11.28541

------------------------------------------------------------------------------
      lnYtou |      Coef.   Std. Err.      t    P>|t|     [95% Conf. Interval]
-------------+----------------------------------------------------------------
          b1 |  -117.9529   .1152955 -1023.05   0.000    -118.1866   -117.7193
          b2 |   1937.625   2.354726   822.87   0.000     1932.854    1942.396
------------------------------------------------------------------------------
* Parameter b1 taken as constant term in model & ANOVA table
 (SEs, P values, CIs, and correlations are asymptotic approximations)
