=============================================================================================================
Estimation for Telephone and TAN, specification 2
=============================================================================================================
   
US parameters:
-------------------------------------------------------------------
elascoef1 = 4.011261128231718
elascoef2 = 4.011261128231718
trend     = .0606950657105945
-------------------------------------------------------------------
   
Model specification estimated:
( lnYtou = lnY + {b1} + (1.3-1)*ln(t-{b2=1947})*{b3=4.011261128231718} - (1-.3)*lnYpercap*4.011261128231718 + 
> .0606950657105945*t  ) 
-------------------------------------------------------------------
(obs = 37)

Iteration 0:  residual SS =  563265.2
Iteration 1:  residual SS =  546038.6
Iteration 2:  residual SS =  1.547582
Iteration 3:  residual SS =  1.517443
Iteration 4:  residual SS =  1.516087
Iteration 5:  residual SS =  1.516078
Iteration 6:  residual SS =  1.516077
Iteration 7:  residual SS =  1.516077

      Source |       SS       df       MS            Number of obs =        37
-------------+------------------------------         F(  2,    34) =    319.19
       Model |  28.4660394     2  14.2330197         Prob > F      =    0.0000
    Residual |   1.5160775    34  .044590515         R-squared     =    0.9494
-------------+------------------------------         Adj R-squared =    0.9465
       Total |  29.9821169    36   .83283658         Root MSE      =  .2111647
                                                     Res. dev.     = -13.20583

------------------------------------------------------------------------------
      lnYtou |      Coef.   Std. Err.      t    P>|t|     [95% Conf. Interval]
-------------+----------------------------------------------------------------
          b1 |   -120.179   .3404461  -353.00   0.000    -120.8709   -119.4871
          b2 |   1950.361   4.732607   412.11   0.000     1940.743    1959.979
          b3 |   .4882965   .3379949     1.44   0.158    -.1985918    1.175185
------------------------------------------------------------------------------
* Parameter b1 taken as constant term in model & ANOVA table
 (SEs, P values, CIs, and correlations are asymptotic approximations)
