=============================================================================================================
Estimation for Telephone and TUN, specification 1
=============================================================================================================
   
US parameters:
-------------------------------------------------------------------
elascoef1 = 4.011261128231718
elascoef2 = 4.011261128231718
trend     = .0606950657105945
-------------------------------------------------------------------
   
Model specification estimated:
( lnYtou = lnY + {b1} + (1.3-1)*ln(t-{b2=1945})*4.011261128231718 - (1-.3)*lnYpercap*4.011261128231718 + .0606
> 950657105945*t  ) 
-------------------------------------------------------------------
(obs = 38)

Iteration 0:  residual SS =  540251.9
Iteration 1:  residual SS =  304539.8
Iteration 2:  residual SS =  12.21197
Iteration 3:  residual SS =  4.389724
Iteration 4:  residual SS =  2.670753
Iteration 5:  residual SS =  2.549664
Iteration 6:  residual SS =   2.54916
Iteration 7:  residual SS =  2.549149

      Source |       SS       df       MS            Number of obs =        38
-------------+------------------------------         F(  1,    36) =    318.04
       Model |  22.5200529     1  22.5200529         Prob > F      =    0.0000
    Residual |  2.54914876    36  .070809688         R-squared     =    0.8983
-------------+------------------------------         Adj R-squared =    0.8955
       Total |  25.0692016    37   .67754599         Root MSE      =  .2661009
                                                     Res. dev.     =  5.169915

------------------------------------------------------------------------------
      lnYtou |      Coef.   Std. Err.      t    P>|t|     [95% Conf. Interval]
-------------+----------------------------------------------------------------
          b1 |  -119.6933   .1127618 -1061.47   0.000    -119.9219   -119.4646
          b2 |   1936.526   2.419002   800.55   0.000      1931.62    1941.432
------------------------------------------------------------------------------
* Parameter b1 taken as constant term in model & ANOVA table
 (SEs, P values, CIs, and correlations are asymptotic approximations)
