=============================================================================================================
Estimation for Telephone and UGA, specification 1
=============================================================================================================
   
US parameters:
-------------------------------------------------------------------
elascoef1 = 4.011261128231718
elascoef2 = 4.011261128231718
trend     = .0606950657105945
-------------------------------------------------------------------
   
Model specification estimated:
( lnYtou = lnY + {b1} + (1.3-1)*ln(t-{b2=1947})*4.011261128231718 - (1-.3)*lnYpercap*4.011261128231718 + .0606
> 950657105945*t  ) 
-------------------------------------------------------------------
(obs = 36)

Iteration 0:  residual SS =    543041
Iteration 1:  residual SS =  142335.2
Iteration 2:  residual SS =  57.18396
Iteration 3:  residual SS =  34.67953
Iteration 4:  residual SS =  27.44356
Iteration 5:  residual SS =    23.763
Iteration 6:  residual SS =  22.05573
Iteration 7:  residual SS =  21.65496
Iteration 8:  residual SS =  21.34588
Iteration 9:  residual SS =  21.03111
Iteration 10:  residual SS =  20.92252
Iteration 11:  residual SS =  20.74936
Iteration 12:  residual SS =  20.64397
Iteration 13:  residual SS =  20.62843
Iteration 14:  residual SS =  20.54306
Iteration 15:  residual SS =  20.48183
Iteration 16:  residual SS =  20.45035
Iteration 17:  residual SS =  20.39435
Iteration 18:  residual SS =  20.34478
Iteration 19:  residual SS =  20.30255
Iteration 20:  residual SS =  20.26881
Iteration 21:  residual SS =  20.24493
Iteration 22:  residual SS =   20.2327
Iteration 23:  residual SS =  20.20436
Iteration 24:  residual SS =  20.17821
Iteration 25:  residual SS =  20.15447
Iteration 26:  residual SS =  20.13339
Iteration 27:  residual SS =  20.11529
Iteration 28:  residual SS =  20.10049
Iteration 29:  residual SS =  20.08942
Iteration 30:  residual SS =  20.08255
Iteration 31:  residual SS =  20.08046
Iteration 32:  residual SS =  20.06695
Iteration 33:  residual SS =  20.05425
Iteration 34:  residual SS =  20.04242
Iteration 35:  residual SS =  20.03153
Iteration 36:  residual SS =  20.02165
Iteration 37:  residual SS =  20.01287
Iteration 38:  residual SS =  20.00527
Iteration 39:  residual SS =  19.99897
Iteration 40:  residual SS =  19.99408
Iteration 41:  residual SS =  19.99073
Iteration 42:  residual SS =  19.98908
Iteration 43:  residual SS =  19.98194
Iteration 44:  residual SS =  19.97507
Iteration 45:  residual SS =  19.96847
Iteration 46:  residual SS =  19.96217
Iteration 47:  residual SS =  19.95618
Iteration 48:  residual SS =   19.9505
Iteration 49:  residual SS =  19.94518

      Source |       SS       df       MS            Number of obs =        36
-------------+------------------------------         F(  1,    34) =     -2.14
       Model | -1.25336787     1 -1.25336787         Prob > F      =    1.0000
    Residual |  19.9402102    34  .586476769         R-squared     =   -0.0671
-------------+------------------------------         Adj R-squared =   -0.0985
       Total |  18.6868423    35   .53390978         Root MSE      =  .7658177
                                                     Res. dev.     =  80.89547

------------------------------------------------------------------------------
      lnYtou |      Coef.   Std. Err.      t    P>|t|     [95% Conf. Interval]
-------------+----------------------------------------------------------------
          b1 |  -128.6003   9.106192   -14.12   0.000    -147.1063   -110.0942
          b2 |   411.3002   11558.61     0.04   0.972    -23078.62    23901.22
------------------------------------------------------------------------------
* Parameter b1 taken as constant term in model & ANOVA table
 (SEs, P values, CIs, and correlations are asymptotic approximations)
convergence not achieved
