=============================================================================================================
Estimation for Telephone and USA, specification 2
=============================================================================================================
   
US parameters:
-------------------------------------------------------------------
elascoef1 = 4.011261128231718
elascoef2 = 4.011261128231718
trend     = .0606950657105945
-------------------------------------------------------------------
   
Model specification estimated:
( lnYtou = lnY + {b1} + (1.3-1)*ln(t-{b2=1871})*{b3=4.011261128231718} - (1-.3)*lnYpercap*4.011261128231718 + 
> .0606950657105945*t  ) 
-------------------------------------------------------------------
(obs = 107)

Iteration 0:  residual SS =   1389186
Iteration 1:  residual SS =   1346251
Iteration 2:  residual SS =  336485.9
Iteration 3:  residual SS =  23.97942
Iteration 4:  residual SS =   23.9785
Iteration 5:  residual SS =  23.97848
Iteration 6:  residual SS =  23.97848

      Source |       SS       df       MS            Number of obs =       107
-------------+------------------------------         F(  2,   104) =   1447.27
       Model |  667.372545     2  333.686273         Prob > F      =    0.0000
    Residual |  23.9784797   104  .230562304         R-squared     =    0.9653
-------------+------------------------------         Adj R-squared =    0.9646
       Total |  691.351025   106  6.52217948         Root MSE      =   .480169
                                                     Res. dev.     =  143.6159

------------------------------------------------------------------------------
      lnYtou |      Coef.   Std. Err.      t    P>|t|     [95% Conf. Interval]
-------------+----------------------------------------------------------------
          b1 |  -114.0351   .2524603  -451.70   0.000    -114.5357   -113.5345
          b2 |   1875.542   .2210149  8486.04   0.000     1875.104     1875.98
          b3 |    4.28818    .213617    20.07   0.000     3.864569    4.711791
------------------------------------------------------------------------------
* Parameter b1 taken as constant term in model & ANOVA table
 (SEs, P values, CIs, and correlations are asymptotic approximations)
