=============================================================================================================
Estimation for Telephone and USA, specification 1
=============================================================================================================
   
US parameters:
-------------------------------------------------------------------
elascoef1 = 4.011261128231718
elascoef2 = 4.011261128231718
trend     = .0606950657105945
-------------------------------------------------------------------
   
Model specification estimated:
( lnYtou = lnY + {b1} + (1.3-1)*ln(t-{b2=1871})*4.011261128231718 - (1-.3)*lnYpercap*4.011261128231718 + .0606
> 950657105945*t  ) 
-------------------------------------------------------------------
(obs = 107)

Iteration 0:  residual SS =   1389186
Iteration 1:  residual SS =   1221909
Iteration 2:  residual SS =  305087.2
Iteration 3:  residual SS =  24.47735
Iteration 4:  residual SS =  24.41649

      Source |       SS       df       MS            Number of obs =       107
-------------+------------------------------         F(  1,   105) =   2868.08
       Model |  666.934674     1  666.934674         Prob > F      =    0.0000
    Residual |  24.4163511   105  .232536677         R-squared     =    0.9647
-------------+------------------------------         Adj R-squared =    0.9643
       Total |  691.351025   106  6.52217948         Root MSE      =  .4822206
                                                     Res. dev.     =  145.5522

------------------------------------------------------------------------------
      lnYtou |      Coef.   Std. Err.      t    P>|t|     [95% Conf. Interval]
-------------+----------------------------------------------------------------
          b1 |  -113.7175   .0479023 -2373.95   0.000    -113.8125   -113.6225
          b2 |   1875.691   .1219041        .   0.000     1875.449    1875.933
------------------------------------------------------------------------------
* Parameter b1 taken as constant term in model & ANOVA table
 (SEs, P values, CIs, and correlations are asymptotic approximations)
