=============================================================================================================
Estimation for Telephone and YEM, specification 1
=============================================================================================================
   
US parameters:
-------------------------------------------------------------------
elascoef1 = 4.011261128231718
elascoef2 = 4.011261128231718
trend     = .0606950657105945
-------------------------------------------------------------------
   
Model specification estimated:
( lnYtou = lnY + {b1} + (1.3-1)*ln(t-{b2=1975})*4.011261128231718 - (1-.3)*lnYpercap*4.011261128231718 + .0606
> 950657105945*t  ) 
-------------------------------------------------------------------
(obs = 23)

Iteration 0:  residual SS =    332615
Iteration 1:  residual SS =  291673.7
Iteration 2:  residual SS =  2.607629
Iteration 3:  residual SS =  1.195232
Iteration 4:  residual SS =  .8058542
Iteration 5:  residual SS =  .7569423
Iteration 6:  residual SS =  .7558505
Iteration 7:  residual SS =  .7558469

      Source |       SS       df       MS            Number of obs =        23
-------------+------------------------------         F(  1,    21) =    428.36
       Model |  15.4180093     1  15.4180093         Prob > F      =    0.0000
    Residual |  .755846892    21  .035992709         R-squared     =    0.9533
-------------+------------------------------         Adj R-squared =    0.9510
       Total |  16.1738562    22  .735175283         Root MSE      =  .1897174
                                                     Res. dev.     = -13.28327

------------------------------------------------------------------------------
      lnYtou |      Coef.   Std. Err.      t    P>|t|     [95% Conf. Interval]
-------------+----------------------------------------------------------------
          b1 |  -121.1821   .1840611  -658.38   0.000    -121.5648   -120.7993
          b2 |   1959.145   4.544039   431.15   0.000     1949.695    1968.595
------------------------------------------------------------------------------
* Parameter b1 taken as constant term in model & ANOVA table
 (SEs, P values, CIs, and correlations are asymptotic approximations)
