=============================================================================================================
Estimation for Telephone and YUG, specification 2
=============================================================================================================
   
US parameters:
-------------------------------------------------------------------
elascoef1 = 4.011261128231718
elascoef2 = 4.011261128231718
trend     = .0606950657105945
-------------------------------------------------------------------
   
Model specification estimated:
( lnYtou = lnY + {b1} + (1.3-1)*ln(t-{b2=1919})*{b3=4.011261128231718} - (1-.3)*lnYpercap*4.011261128231718 + 
> .0606950657105945*t  ) 
-------------------------------------------------------------------
(obs = 59)

Iteration 0:  residual SS =  829339.3
Iteration 1:  residual SS =  803814.2
Iteration 2:  residual SS =  39.59944
Iteration 3:  residual SS =  36.62774
Iteration 4:  residual SS =   35.6407
Iteration 5:  residual SS =  34.95457
Iteration 6:  residual SS =  34.77801
Iteration 7:  residual SS =  34.43405
Iteration 8:  residual SS =  34.23159
Iteration 9:  residual SS =  34.20861
Iteration 10:  residual SS =  34.01881
Iteration 11:  residual SS =  33.86668
Iteration 12:  residual SS =  33.75766
Iteration 13:  residual SS =  33.69842
Iteration 14:  residual SS =  33.69732
Iteration 15:  residual SS =  33.59509
Iteration 16:  residual SS =  33.50312
Iteration 17:  residual SS =  33.42224
Iteration 18:  residual SS =  33.35341
Iteration 19:  residual SS =  33.29771
Iteration 20:  residual SS =  33.25638
Iteration 21:  residual SS =  33.23083
Iteration 22:  residual SS =  33.22268
Iteration 23:  residual SS =  33.16698
Iteration 24:  residual SS =  33.11403
Iteration 25:  residual SS =  33.06397
Iteration 26:  residual SS =  33.01693
Iteration 27:  residual SS =  32.97307
Iteration 28:  residual SS =  32.93255
Iteration 29:  residual SS =  32.89556
Iteration 30:  residual SS =  32.86228
Iteration 31:  residual SS =  32.83294
Iteration 32:  residual SS =  32.80774
Iteration 33:  residual SS =  32.78695
Iteration 34:  residual SS =  32.77082
Iteration 35:  residual SS =  32.75964
Iteration 36:  residual SS =  32.75374
Iteration 37:  residual SS =  32.75346
Iteration 38:  residual SS =  32.72623
Iteration 39:  residual SS =  32.69982
Iteration 40:  residual SS =  32.67426
Iteration 41:  residual SS =  32.64958
Iteration 42:  residual SS =  32.62579
Iteration 43:  residual SS =  32.60295
Iteration 44:  residual SS =  32.58106
Iteration 45:  residual SS =  32.56017
Iteration 46:  residual SS =   32.5403
Iteration 47:  residual SS =   32.5215
Iteration 48:  residual SS =  32.50379
Iteration 49:  residual SS =  32.48722

      Source |       SS       df       MS            Number of obs =        59
-------------+------------------------------         F(  2,    56) =    103.18
       Model |  119.659084     2  59.8295419         Prob > F      =    0.0000
    Residual |  32.4718233    56  .579853987         R-squared     =    0.7866
-------------+------------------------------         Adj R-squared =    0.7789
       Total |  152.130907    58  2.62294667         Root MSE      =  .7614814
                                                     Res. dev.     =   132.202

------------------------------------------------------------------------------
      lnYtou |      Coef.   Std. Err.      t    P>|t|     [95% Conf. Interval]
-------------+----------------------------------------------------------------
          b1 |  -189.2501   59.05978    -3.20   0.002     -307.561    -70.9391
          b2 |   1734.279   145.5468    11.92   0.000     1442.714    2025.845
          b3 |   46.45887    30.8396     1.51   0.138    -15.32028     108.238
------------------------------------------------------------------------------
* Parameter b1 taken as constant term in model & ANOVA table
 (SEs, P values, CIs, and correlations are asymptotic approximations)
convergence not achieved
