=============================================================================================================
Estimation for Telephone and ZBW, specification 1
=============================================================================================================
   
US parameters:
-------------------------------------------------------------------
elascoef1 = 4.011261128231718
elascoef2 = 4.011261128231718
trend     = .0606950657105945
-------------------------------------------------------------------
   
Model specification estimated:
( lnYtou = lnY + {b1} + (1.3-1)*ln(t-{b2=1945})*4.011261128231718 - (1-.3)*lnYpercap*4.011261128231718 + .0606
> 950657105945*t  ) 
-------------------------------------------------------------------
(obs = 32)

Iteration 0:  residual SS =  461307.8
Iteration 1:  residual SS =  257323.4
Iteration 2:  residual SS =  17.17452
Iteration 3:  residual SS =  8.712894
Iteration 4:  residual SS =   5.58087
Iteration 5:  residual SS =  4.555258
Iteration 6:  residual SS =  4.084745
Iteration 7:  residual SS =  3.697756
Iteration 8:  residual SS =   3.32801
Iteration 9:  residual SS =  3.061639
Iteration 10:  residual SS =  2.955276
Iteration 11:  residual SS =  2.938255
Iteration 12:  residual SS =  2.937452
Iteration 13:  residual SS =  2.937441
Iteration 14:  residual SS =  2.937441
Iteration 15:  residual SS =  2.937441
Iteration 16:  residual SS =  2.937441

      Source |       SS       df       MS            Number of obs =        32
-------------+------------------------------         F(  1,    30) =    117.58
       Model |  11.5130899     1  11.5130899         Prob > F      =    0.0000
    Residual |   2.9374407    30   .09791469         R-squared     =    0.7967
-------------+------------------------------         Adj R-squared =    0.7899
       Total |  14.4505306    31   .46614615         Root MSE      =  .3129132
                                                     Res. dev.     =  14.38976

------------------------------------------------------------------------------
      lnYtou |      Coef.   Std. Err.      t    P>|t|     [95% Conf. Interval]
-------------+----------------------------------------------------------------
          b1 |  -123.9515   2.941899   -42.13   0.000    -129.9597   -117.9433
          b2 |    1390.55   1418.396     0.98   0.335    -1506.202    4287.301
------------------------------------------------------------------------------
* Parameter b1 taken as constant term in model & ANOVA table
 (SEs, P values, CIs, and correlations are asymptotic approximations)
