=============================================================================================================
Estimation for Internet and ARM, specification 2
=============================================================================================================
   
US parameters:
-------------------------------------------------------------------
elascoef1 = 4.689628305958362
elascoef2 = 4.689628305958362
trend     = .2427768367866972
-------------------------------------------------------------------
   
Model specification estimated:
( lnYtou = lnY + {b1} + (1.3-1)*ln(t-{b2=1989})*{b3=4.689628305958362} - (1-.3)*lnYpercap*4.689628305958362 + 
> .2427768367866972*t  ) 
-------------------------------------------------------------------
(obs = 10)

Iteration 0:  residual SS =   2341534
Iteration 1:  residual SS =   2324588
Iteration 2:  residual SS =    28.807
Iteration 3:  residual SS =  7.529481
Iteration 4:  residual SS =  1.793389
Iteration 5:  residual SS =  1.749232
Iteration 6:  residual SS =  1.749188
Iteration 7:  residual SS =  1.749188
Iteration 8:  residual SS =  1.749188
Iteration 9:  residual SS =  1.749188
Iteration 10:  residual SS =  1.749188

      Source |       SS       df       MS            Number of obs =        10
-------------+------------------------------         F(  2,     7) =     63.38
       Model |  31.6773186     2  15.8386593         Prob > F      =    0.0000
    Residual |  1.74918774     7  .249883962         R-squared     =    0.9477
-------------+------------------------------         Adj R-squared =    0.9327
       Total |  33.4265064     9  3.71405626         Root MSE      =  .4998839
                                                     Res. dev.     =  10.94444

------------------------------------------------------------------------------
      lnYtou |      Coef.   Std. Err.      t    P>|t|     [95% Conf. Interval]
-------------+----------------------------------------------------------------
          b1 |   -502.327   34.20162   -14.69   0.000     -583.201    -421.453
          b2 |   1983.423   16.60053   119.48   0.000     1944.169    2022.677
          b3 |   26.63726   31.03471     0.86   0.419    -46.74817    100.0227
------------------------------------------------------------------------------
* Parameter b1 taken as constant term in model & ANOVA table
 (SEs, P values, CIs, and correlations are asymptotic approximations)
