=============================================================================================================
Estimation for Internet and AUL, specification 2
=============================================================================================================
   
US parameters:
-------------------------------------------------------------------
elascoef1 = 4.689628305958362
elascoef2 = 4.689628305958362
trend     = .2427768367866972
-------------------------------------------------------------------
   
Model specification estimated:
( lnYtou = lnY + {b1} + (1.3-1)*ln(t-{b2=1985})*{b3=4.689628305958362} - (1-.3)*lnYpercap*4.689628305958362 + 
> .2427768367866972*t  ) 
-------------------------------------------------------------------
(obs = 14)

Iteration 0:  residual SS =   3184814
Iteration 1:  residual SS =   3161189
Iteration 2:  residual SS =  6.966537
Iteration 3:  residual SS =  6.489072
Iteration 4:  residual SS =  6.022685
Iteration 5:  residual SS =   5.74079
Iteration 6:  residual SS =  5.602408
Iteration 7:  residual SS =  5.573425
Iteration 8:  residual SS =  5.341624
Iteration 9:  residual SS =  5.137619
Iteration 10:  residual SS =  4.956782
Iteration 11:  residual SS =  4.794978
Iteration 12:  residual SS =  4.648507
Iteration 13:  residual SS =  4.514075
Iteration 14:  residual SS =  4.388784
Iteration 15:  residual SS =  4.270091
Iteration 16:  residual SS =   4.15586
Iteration 17:  residual SS =  4.044302
Iteration 18:  residual SS =  3.934017
Iteration 19:  residual SS =  3.823978
Iteration 20:  residual SS =  3.713504
Iteration 21:  residual SS =  3.602228
Iteration 22:  residual SS =  3.490138
Iteration 23:  residual SS =  3.377466
Iteration 24:  residual SS =  3.376636
Iteration 25:  residual SS =  3.294565
Iteration 26:  residual SS =  3.151278
Iteration 27:  residual SS =  2.969798
Iteration 28:  residual SS =  2.865758
Iteration 29:  residual SS =   2.70763
Iteration 30:  residual SS =  1.575287
Iteration 31:  residual SS =  1.529101
Iteration 32:  residual SS =  1.525787
Iteration 33:  residual SS =  1.525254
Iteration 34:  residual SS =   1.52519
Iteration 35:  residual SS =   1.52518
Iteration 36:  residual SS =  1.525179
Iteration 37:  residual SS =  1.525179
Iteration 38:  residual SS =  1.525179
Iteration 39:  residual SS =  1.525179
Iteration 40:  residual SS =  1.525179
Iteration 41:  residual SS =  1.525179
Iteration 42:  residual SS =  1.525179
Iteration 43:  residual SS =  1.525179

      Source |       SS       df       MS            Number of obs =        14
-------------+------------------------------         F(  2,    11) =    122.02
       Model |  33.8362198     2  16.9181099         Prob > F      =    0.0000
    Residual |  1.52517892    11  .138652629         R-squared     =    0.9569
-------------+------------------------------         Adj R-squared =    0.9490
       Total |  35.3613987    13  2.72010759         Root MSE      =  .3723609
                                                     Res. dev.     =  8.693041

------------------------------------------------------------------------------
      lnYtou |      Coef.   Std. Err.      t    P>|t|     [95% Conf. Interval]
-------------+----------------------------------------------------------------
          b1 |  -596.7264    1406.38    -0.42   0.680    -3692.148    2498.695
          b2 |   1864.748   1247.533     1.49   0.163    -881.0549     4610.55
          b3 |   84.08301   797.2786     0.11   0.918    -1670.715    1838.881
------------------------------------------------------------------------------
* Parameter b1 taken as constant term in model & ANOVA table
 (SEs, P values, CIs, and correlations are asymptotic approximations)
