=============================================================================================================
Estimation for Internet and AUL, specification 1
=============================================================================================================
   
US parameters:
-------------------------------------------------------------------
elascoef1 = 4.689628305958362
elascoef2 = 4.689628305958362
trend     = .2427768367866972
-------------------------------------------------------------------
   
Model specification estimated:
( lnYtou = lnY + {b1} + (1.3-1)*ln(t-{b2=1985})*4.689628305958362 - (1-.3)*lnYpercap*4.689628305958362 + .2427
> 768367866972*t  ) 
-------------------------------------------------------------------
(obs = 14)

Iteration 0:  residual SS =   3184814
Iteration 1:  residual SS =  5613.948
Iteration 2:  residual SS =  4127.544
Iteration 3:  residual SS =  832.6769
Iteration 4:  residual SS =  5.151717
Iteration 5:  residual SS =  2.459546
Iteration 6:  residual SS =  2.076058
Iteration 7:  residual SS =  2.067829
Iteration 8:  residual SS =  2.067802

      Source |       SS       df       MS            Number of obs =        14
-------------+------------------------------         F(  1,    12) =    193.21
       Model |  33.2935976     1  33.2935976         Prob > F      =    0.0000
    Residual |  2.06780109    12  .172316758         R-squared     =    0.9415
-------------+------------------------------         Adj R-squared =    0.9367
       Total |  35.3613987    13  2.72010759         Root MSE      =  .4151105
                                                     Res. dev.     =  12.95428

------------------------------------------------------------------------------
      lnYtou |      Coef.   Std. Err.      t    P>|t|     [95% Conf. Interval]
-------------+----------------------------------------------------------------
          b1 |  -476.6295   .2242832 -2125.12   0.000    -477.1182   -476.1409
          b2 |   1987.003   1.030455  1928.28   0.000     1984.757    1989.248
------------------------------------------------------------------------------
* Parameter b1 taken as constant term in model & ANOVA table
 (SEs, P values, CIs, and correlations are asymptotic approximations)
