=============================================================================================================
Estimation for Internet and AUS, specification 2
=============================================================================================================
   
US parameters:
-------------------------------------------------------------------
elascoef1 = 4.689628305958362
elascoef2 = 4.689628305958362
trend     = .2427768367866972
-------------------------------------------------------------------
   
Model specification estimated:
( lnYtou = lnY + {b1} + (1.3-1)*ln(t-{b2=1985})*{b3=4.689628305958362} - (1-.3)*lnYpercap*4.689628305958362 + 
> .2427768367866972*t  ) 
-------------------------------------------------------------------
(obs = 14)

Iteration 0:  residual SS =   3192152
Iteration 1:  residual SS =   3168550
Iteration 2:  residual SS =  5.130663
Iteration 3:  residual SS =  1.295677
Iteration 4:  residual SS =  1.246665
Iteration 5:  residual SS =   1.24641
Iteration 6:  residual SS =  1.246403
Iteration 7:  residual SS =  1.246403
Iteration 8:  residual SS =  1.246403
Iteration 9:  residual SS =  1.246403

      Source |       SS       df       MS            Number of obs =        14
-------------+------------------------------         F(  2,    11) =    235.07
       Model |   53.270896     2   26.635448         Prob > F      =    0.0000
    Residual |   1.2464026    11  .113309327         R-squared     =    0.9771
-------------+------------------------------         Adj R-squared =    0.9730
       Total |  54.5172986    13  4.19363835         Root MSE      =  .3366145
                                                     Res. dev.     =  5.867137

------------------------------------------------------------------------------
      lnYtou |      Coef.   Std. Err.      t    P>|t|     [95% Conf. Interval]
-------------+----------------------------------------------------------------
          b1 |  -479.8807   2.969561  -161.60   0.000    -486.4166   -473.3447
          b2 |   1986.262   2.806087   707.84   0.000     1980.086    1992.438
          b3 |   8.524061   3.172394     2.69   0.021     1.541669    15.50645
------------------------------------------------------------------------------
* Parameter b1 taken as constant term in model & ANOVA table
 (SEs, P values, CIs, and correlations are asymptotic approximations)
