=============================================================================================================
Estimation for Internet and BLG, specification 2
=============================================================================================================
   
US parameters:
-------------------------------------------------------------------
elascoef1 = 4.689628305958362
elascoef2 = 4.689628305958362
trend     = .2427768367866972
-------------------------------------------------------------------
   
Model specification estimated:
( lnYtou = lnY + {b1} + (1.3-1)*ln(t-{b2=1985})*{b3=4.689628305958362} - (1-.3)*lnYpercap*4.689628305958362 + 
> .2427768367866972*t  ) 
-------------------------------------------------------------------
(obs = 14)

Iteration 0:  residual SS =   3206593
Iteration 1:  residual SS =   3182820
Iteration 2:  residual SS =   1786685
Iteration 3:  residual SS =  3.037832
Iteration 4:  residual SS =  1.166395
Iteration 5:  residual SS =  .9062587
Iteration 6:  residual SS =  .8999711
Iteration 7:  residual SS =  .8999674

      Source |       SS       df       MS            Number of obs =        14
-------------+------------------------------         F(  2,    11) =    805.48
       Model |  131.800965     2  65.9004826         Prob > F      =    0.0000
    Residual |  .899967438    11  .081815222         R-squared     =    0.9932
-------------+------------------------------         Adj R-squared =    0.9920
       Total |  132.700933    13   10.207764         Root MSE      =  .2860336
                                                     Res. dev.     =  1.307923

------------------------------------------------------------------------------
      lnYtou |      Coef.   Std. Err.      t    P>|t|     [95% Conf. Interval]
-------------+----------------------------------------------------------------
          b1 |  -479.5113   .4380446 -1094.66   0.000    -480.4754   -478.5472
          b2 |   1989.491   .1408173        .   0.000     1989.181    1989.801
          b3 |   8.538894   .6454177    13.23   0.000      7.11834    9.959449
------------------------------------------------------------------------------
* Parameter b1 taken as constant term in model & ANOVA table
 (SEs, P values, CIs, and correlations are asymptotic approximations)
