=============================================================================================================
Estimation for Internet and BUL, specification 2
=============================================================================================================
   
US parameters:
-------------------------------------------------------------------
elascoef1 = 4.689628305958362
elascoef2 = 4.689628305958362
trend     = .2427768367866972
-------------------------------------------------------------------
   
Model specification estimated:
( lnYtou = lnY + {b1} + (1.3-1)*ln(t-{b2=1988})*{b3=4.689628305958362} - (1-.3)*lnYpercap*4.689628305958362 + 
> .2427768367866972*t  ) 
-------------------------------------------------------------------
(obs = 11)

Iteration 0:  residual SS =   2558670
Iteration 1:  residual SS =   2539883
Iteration 2:  residual SS =   1943993
Iteration 3:  residual SS =  1.488577
Iteration 4:  residual SS =  .7886887
Iteration 5:  residual SS =   .777979
Iteration 6:  residual SS =  .7779654
Iteration 7:  residual SS =  .7779653
Iteration 8:  residual SS =  .7779653

      Source |       SS       df       MS            Number of obs =        11
-------------+------------------------------         F(  2,     8) =    390.94
       Model |  76.0338477     2  38.0169239         Prob > F      =    0.0000
    Residual |  .777965323     8  .097245665         R-squared     =    0.9899
-------------+------------------------------         Adj R-squared =    0.9873
       Total |   76.811813    10   7.6811813         Root MSE      =  .3118424
                                                     Res. dev.     =  2.077993

------------------------------------------------------------------------------
      lnYtou |      Coef.   Std. Err.      t    P>|t|     [95% Conf. Interval]
-------------+----------------------------------------------------------------
          b1 |   -482.618   .5901878  -817.74   0.000     -483.979    -481.257
          b2 |   1992.445   .2078988  9583.72   0.000     1991.965    1992.924
          b3 |   8.020386   .9326335     8.60   0.000      5.86973    10.17104
------------------------------------------------------------------------------
* Parameter b1 taken as constant term in model & ANOVA table
 (SEs, P values, CIs, and correlations are asymptotic approximations)
