=============================================================================================================
Estimation for Internet and COL, specification 1
=============================================================================================================
   
US parameters:
-------------------------------------------------------------------
elascoef1 = 4.689628305958362
elascoef2 = 4.689628305958362
trend     = .2427768367866972
-------------------------------------------------------------------
   
Model specification estimated:
( lnYtou = lnY + {b1} + (1.3-1)*ln(t-{b2=1989})*4.689628305958362 - (1-.3)*lnYpercap*4.689628305958362 + .2427
> 768367866972*t  ) 
-------------------------------------------------------------------
(obs = 10)

Iteration 0:  residual SS =   2324980
Iteration 1:  residual SS =   2182860
Iteration 2:  residual SS =  1.175262
Iteration 3:  residual SS =  .2485213
Iteration 4:  residual SS =  .1245925
Iteration 5:  residual SS =  .1205377
Iteration 6:  residual SS =   .120525

      Source |       SS       df       MS            Number of obs =        10
-------------+------------------------------         F(  1,     8) =   1200.75
       Model |  18.0899978     1  18.0899978         Prob > F      =    0.0000
    Residual |  .120525007     8  .015065626         R-squared     =    0.9934
-------------+------------------------------         Adj R-squared =    0.9926
       Total |  18.2105228     9  2.02339142         Root MSE      =  .1227421
                                                     Res. dev.     = -15.80606

------------------------------------------------------------------------------
      lnYtou |      Coef.   Std. Err.      t    P>|t|     [95% Conf. Interval]
-------------+----------------------------------------------------------------
          b1 |  -481.8562     .09451 -5098.47   0.000    -482.0742   -481.6383
          b2 |   1990.735     .40171  4955.65   0.000     1989.808    1991.661
------------------------------------------------------------------------------
* Parameter b1 taken as constant term in model & ANOVA table
 (SEs, P values, CIs, and correlations are asymptotic approximations)
