=============================================================================================================
Estimation for Internet and COS, specification 1
=============================================================================================================
   
US parameters:
-------------------------------------------------------------------
elascoef1 = 4.689628305958362
elascoef2 = 4.689628305958362
trend     = .2427768367866972
-------------------------------------------------------------------
   
Model specification estimated:
( lnYtou = lnY + {b1} + (1.3-1)*ln(t-{b2=1987})*4.689628305958362 - (1-.3)*lnYpercap*4.689628305958362 + .2427
> 768367866972*t  ) 
-------------------------------------------------------------------
(obs = 11)

Iteration 0:  residual SS =   2554466
Iteration 1:  residual SS =   1988631
Iteration 2:  residual SS =   1116771
Iteration 3:  residual SS =  279054.2
Iteration 4:  residual SS =  .4773863
Iteration 5:  residual SS =  .4737321

      Source |       SS       df       MS            Number of obs =        11
-------------+------------------------------         F(  1,     9) =   1442.71
       Model |   75.939653     1   75.939653         Prob > F      =    0.0000
    Residual |  .473730069     9  .052636674         R-squared     =    0.9938
-------------+------------------------------         Adj R-squared =    0.9931
       Total |  76.4133831    10  7.64133831         Root MSE      =  .2294268
                                                     Res. dev.     = -3.378494

------------------------------------------------------------------------------
      lnYtou |      Coef.   Std. Err.      t    P>|t|     [95% Conf. Interval]
-------------+----------------------------------------------------------------
          b1 |  -480.3152   .0737941 -6508.86   0.000    -480.4821   -480.1483
          b2 |   1991.944   .0096055        .   0.000     1991.922    1991.966
------------------------------------------------------------------------------
* Parameter b1 taken as constant term in model & ANOVA table
 (SEs, P values, CIs, and correlations are asymptotic approximations)
