=============================================================================================================
Estimation for Internet and COS, specification 2
=============================================================================================================
   
US parameters:
-------------------------------------------------------------------
elascoef1 = 4.689628305958362
elascoef2 = 4.689628305958362
trend     = .2427768367866972
-------------------------------------------------------------------
   
Model specification estimated:
( lnYtou = lnY + {b1} + (1.3-1)*ln(t-{b2=1987})*{b3=4.689628305958362} - (1-.3)*lnYpercap*4.689628305958362 + 
> .2427768367866972*t  ) 
-------------------------------------------------------------------
(obs = 11)

Iteration 0:  residual SS =   2554466
Iteration 1:  residual SS =   2261676
Iteration 2:  residual SS =  564609.7
Iteration 3:  residual SS =  .4402424
Iteration 4:  residual SS =   .373493
Iteration 5:  residual SS =  .3723939
Iteration 6:  residual SS =  .3723921
Iteration 7:  residual SS =  .3723921

      Source |       SS       df       MS            Number of obs =        11
-------------+------------------------------         F(  2,     8) =    816.78
       Model |  76.0409909     2  38.0204955         Prob > F      =    0.0000
    Residual |  .372392139     8  .046549017         R-squared     =    0.9951
-------------+------------------------------         Adj R-squared =    0.9939
       Total |  76.4133831    10  7.64133831         Root MSE      =  .2157522
                                                     Res. dev.     = -6.026087

------------------------------------------------------------------------------
      lnYtou |      Coef.   Std. Err.      t    P>|t|     [95% Conf. Interval]
-------------+----------------------------------------------------------------
          b1 |  -480.5896   .2040282 -2355.51   0.000    -481.0601   -480.1192
          b2 |   1991.909   .0309267        .   0.000     1991.837     1991.98
          b3 |   5.250589   .3858356    13.61   0.000      4.36085    6.140327
------------------------------------------------------------------------------
* Parameter b1 taken as constant term in model & ANOVA table
 (SEs, P values, CIs, and correlations are asymptotic approximations)
