=============================================================================================================
Estimation for Internet and CRO, specification 2
=============================================================================================================
   
US parameters:
-------------------------------------------------------------------
elascoef1 = 4.689628305958362
elascoef2 = 4.689628305958362
trend     = .2427768367866972
-------------------------------------------------------------------
   
Model specification estimated:
( lnYtou = lnY + {b1} + (1.3-1)*ln(t-{b2=1988})*{b3=4.689628305958362} - (1-.3)*lnYpercap*4.689628305958362 + 
> .2427768367866972*t  ) 
-------------------------------------------------------------------
(obs = 11)

Iteration 0:  residual SS =   2544672
Iteration 1:  residual SS =   2525910
Iteration 2:  residual SS =  1.360024
Iteration 3:  residual SS =  .1216055
Iteration 4:  residual SS =  .0973956
Iteration 5:  residual SS =  .0973397
Iteration 6:  residual SS =  .0973397

      Source |       SS       df       MS            Number of obs =        11
-------------+------------------------------         F(  2,     8) =   1274.29
       Model |   31.009865     2  15.5049325         Prob > F      =    0.0000
    Residual |  .097339738     8  .012167467         R-squared     =    0.9969
-------------+------------------------------         Adj R-squared =    0.9961
       Total |  31.1072048    10  3.11072048         Root MSE      =  .1103062
                                                     Res. dev.     = -20.78523

------------------------------------------------------------------------------
      lnYtou |      Coef.   Std. Err.      t    P>|t|     [95% Conf. Interval]
-------------+----------------------------------------------------------------
          b1 |  -482.0987   .6945571  -694.11   0.000    -483.7004   -480.4971
          b2 |   1990.838   .5230785  3806.00   0.000     1989.632    1992.044
          b3 |   7.739637   .8584281     9.02   0.000     5.760099    9.719176
------------------------------------------------------------------------------
* Parameter b1 taken as constant term in model & ANOVA table
 (SEs, P values, CIs, and correlations are asymptotic approximations)
