=============================================================================================================
Estimation for Internet and DEN, specification 1
=============================================================================================================
   
US parameters:
-------------------------------------------------------------------
elascoef1 = 4.689628305958362
elascoef2 = 4.689628305958362
trend     = .2427768367866972
-------------------------------------------------------------------
   
Model specification estimated:
( lnYtou = lnY + {b1} + (1.3-1)*ln(t-{b2=1985})*4.689628305958362 - (1-.3)*lnYpercap*4.689628305958362 + .2427
> 768367866972*t  ) 
-------------------------------------------------------------------
(obs = 13)

Iteration 0:  residual SS =   2960830
Iteration 1:  residual SS =  29398.07
Iteration 2:  residual SS =  29267.35
Iteration 3:  residual SS =  29024.89
Iteration 4:  residual SS =   28423.6
Iteration 5:  residual SS =  26974.51
Iteration 6:  residual SS =  23972.21
Iteration 7:  residual SS =  18554.22
Iteration 8:  residual SS =  10541.69
Iteration 9:  residual SS =  2652.607
Iteration 10:  residual SS =   3.12281
Iteration 11:  residual SS =  3.122201
Iteration 12:  residual SS =  3.122163

      Source |       SS       df       MS            Number of obs =        13
-------------+------------------------------         F(  1,    11) =    199.88
       Model |  56.7321218     1  56.7321218         Prob > F      =    0.0000
    Residual |  3.12216123    11  .283832839         R-squared     =    0.9478
-------------+------------------------------         Adj R-squared =    0.9431
       Total |   59.854283    12  4.98785692         Root MSE      =  .5327596
                                                     Res. dev.     =  18.34889

------------------------------------------------------------------------------
      lnYtou |      Coef.   Std. Err.      t    P>|t|     [95% Conf. Interval]
-------------+----------------------------------------------------------------
          b1 |  -476.2496   .1866048 -2552.18   0.000    -476.6603   -475.8388
          b2 |    1989.38   .2601874  7645.95   0.000     1988.807    1989.952
------------------------------------------------------------------------------
* Parameter b1 taken as constant term in model & ANOVA table
 (SEs, P values, CIs, and correlations are asymptotic approximations)
