=============================================================================================================
Estimation for Internet and EST, specification 2
=============================================================================================================
   
US parameters:
-------------------------------------------------------------------
elascoef1 = 4.689628305958362
elascoef2 = 4.689628305958362
trend     = .2427768367866972
-------------------------------------------------------------------
   
Model specification estimated:
( lnYtou = lnY + {b1} + (1.3-1)*ln(t-{b2=1987})*{b3=4.689628305958362} - (1-.3)*lnYpercap*4.689628305958362 + 
> .2427768367866972*t  ) 
-------------------------------------------------------------------
(obs = 12)

Iteration 0:  residual SS =   2752851
Iteration 1:  residual SS =   2143626
Iteration 2:  residual SS =  4.839146
Iteration 3:  residual SS =  .4741885
Iteration 4:  residual SS =  .2522316
Iteration 5:  residual SS =  .2463254
Iteration 6:  residual SS =  .2463185
Iteration 7:  residual SS =  .2463185

      Source |       SS       df       MS            Number of obs =        12
-------------+------------------------------         F(  2,     9) =    795.28
       Model |  43.5314989     2  21.7657494         Prob > F      =    0.0000
    Residual |  .246318462     9  .027368718         R-squared     =    0.9944
-------------+------------------------------         Adj R-squared =    0.9931
       Total |  43.7778173    11  3.97980158         Root MSE      =  .1654349
                                                     Res. dev.     = -12.57792

------------------------------------------------------------------------------
      lnYtou |      Coef.   Std. Err.      t    P>|t|     [95% Conf. Interval]
-------------+----------------------------------------------------------------
          b1 |  -479.4954   .5081961  -943.52   0.000     -480.645   -478.3458
          b2 |   1990.851   .2979378  6682.10   0.000     1990.177    1991.525
          b3 |    7.35746   .6922476    10.63   0.000     5.791487    8.923433
------------------------------------------------------------------------------
* Parameter b1 taken as constant term in model & ANOVA table
 (SEs, P values, CIs, and correlations are asymptotic approximations)
