=============================================================================================================
Estimation for Internet and FIN, specification 1
=============================================================================================================
   
US parameters:
-------------------------------------------------------------------
elascoef1 = 4.689628305958362
elascoef2 = 4.689628305958362
trend     = .2427768367866972
-------------------------------------------------------------------
   
Model specification estimated:
( lnYtou = lnY + {b1} + (1.3-1)*ln(t-{b2=1985})*4.689628305958362 - (1-.3)*lnYpercap*4.689628305958362 + .2427
> 768367866972*t  ) 
-------------------------------------------------------------------
(obs = 14)

Iteration 0:  residual SS =   3183777
Iteration 1:  residual SS =   3133305
Iteration 2:  residual SS =   1.16108
Iteration 3:  residual SS =  1.141546
Iteration 4:  residual SS =  1.141394

      Source |       SS       df       MS            Number of obs =        14
-------------+------------------------------         F(  1,    12) =    327.47
       Model |  31.1472186     1  31.1472186         Prob > F      =    0.0000
    Residual |  1.14139408    12  .095116173         R-squared     =    0.9647
-------------+------------------------------         Adj R-squared =    0.9617
       Total |  32.2886127    13  2.48373944         Root MSE      =  .3084091
                                                     Res. dev.     =  4.634982

------------------------------------------------------------------------------
      lnYtou |      Coef.   Std. Err.      t    P>|t|     [95% Conf. Interval]
-------------+----------------------------------------------------------------
          b1 |  -476.4479   .1537022 -3099.81   0.000    -476.7828    -476.113
          b2 |   1987.526   .6201585  3204.87   0.000     1986.175    1988.878
------------------------------------------------------------------------------
* Parameter b1 taken as constant term in model & ANOVA table
 (SEs, P values, CIs, and correlations are asymptotic approximations)
