=============================================================================================================
Estimation for Internet and FRA, specification 1
=============================================================================================================
   
US parameters:
-------------------------------------------------------------------
elascoef1 = 4.689628305958362
elascoef2 = 4.689628305958362
trend     = .2427768367866972
-------------------------------------------------------------------
   
Model specification estimated:
( lnYtou = lnY + {b1} + (1.3-1)*ln(t-{b2=1985})*4.689628305958362 - (1-.3)*lnYpercap*4.689628305958362 + .2427
> 768367866972*t  ) 
-------------------------------------------------------------------
(obs = 14)

Iteration 0:  residual SS =   3198912
Iteration 1:  residual SS =   3092650
Iteration 2:  residual SS =  1.055448
Iteration 3:  residual SS =  .6820075
Iteration 4:  residual SS =  .6772799
Iteration 5:  residual SS =  .6772528

      Source |       SS       df       MS            Number of obs =        14
-------------+------------------------------         F(  1,    12) =   1000.40
       Model |   56.460487     1   56.460487         Prob > F      =    0.0000
    Residual |  .677252485    12  .056437707         R-squared     =    0.9881
-------------+------------------------------         Adj R-squared =    0.9872
       Total |  57.1377395    13  4.39521073         Root MSE      =  .2375662
                                                     Res. dev.     = -2.672479

------------------------------------------------------------------------------
      lnYtou |      Coef.   Std. Err.      t    P>|t|     [95% Conf. Interval]
-------------+----------------------------------------------------------------
          b1 |  -477.1569   .0848745 -5621.91   0.000    -477.3418    -476.972
          b2 |   1989.137   .1604017        .   0.000     1988.787    1989.486
------------------------------------------------------------------------------
* Parameter b1 taken as constant term in model & ANOVA table
 (SEs, P values, CIs, and correlations are asymptotic approximations)
