=============================================================================================================
Estimation for Internet and GER, specification 1
=============================================================================================================
   
US parameters:
-------------------------------------------------------------------
elascoef1 = 4.689628305958362
elascoef2 = 4.689628305958362
trend     = .2427768367866972
-------------------------------------------------------------------
   
Model specification estimated:
( lnYtou = lnY + {b1} + (1.3-1)*ln(t-{b2=1985})*4.689628305958362 - (1-.3)*lnYpercap*4.689628305958362 + .2427
> 768367866972*t  ) 
-------------------------------------------------------------------
(obs = 14)

Iteration 0:  residual SS =   3196745
Iteration 1:  residual SS =   3167574
Iteration 2:  residual SS =  2.399498
Iteration 3:  residual SS =  2.399445

      Source |       SS       df       MS            Number of obs =        14
-------------+------------------------------         F(  1,    12) =    270.49
       Model |  54.0863607     1  54.0863607         Prob > F      =    0.0000
    Residual |   2.3994432    12    .1999536         R-squared     =    0.9575
-------------+------------------------------         Adj R-squared =    0.9540
       Total |  56.4858039    13  4.34506184         Root MSE      =  .4471617
                                                     Res. dev.     =  15.03679

------------------------------------------------------------------------------
      lnYtou |      Coef.   Std. Err.      t    P>|t|     [95% Conf. Interval]
-------------+----------------------------------------------------------------
          b1 |  -477.1025     .17368 -2747.02   0.000    -477.4809   -476.7241
          b2 |   1988.804   .4202472  4732.46   0.000     1987.888    1989.719
------------------------------------------------------------------------------
* Parameter b1 taken as constant term in model & ANOVA table
 (SEs, P values, CIs, and correlations are asymptotic approximations)
