=============================================================================================================
Estimation for Internet and GUI, specification 2
=============================================================================================================
   
US parameters:
-------------------------------------------------------------------
elascoef1 = 4.689628305958362
elascoef2 = 4.689628305958362
trend     = .2427768367866972
-------------------------------------------------------------------
   
Model specification estimated:
( lnYtou = lnY + {b1} + (1.3-1)*ln(t-{b2=1989})*{b3=4.689628305958362} - (1-.3)*lnYpercap*4.689628305958362 + 
> .2427768367866972*t  ) 
-------------------------------------------------------------------
(obs = 10)

Iteration 0:  residual SS =   2415969
Iteration 1:  residual SS =  10839.67
Iteration 2:  residual SS =  4.593022
Iteration 3:  residual SS =   1.42614
Iteration 4:  residual SS =  1.338011
Iteration 5:  residual SS =  1.337231
Iteration 6:  residual SS =  1.337231
Iteration 7:  residual SS =  1.337231

      Source |       SS       df       MS            Number of obs =        10
-------------+------------------------------         F(  2,     7) =    198.14
       Model |  75.7038257     2  37.8519128         Prob > F      =    0.0000
    Residual |  1.33723124     7  .191033034         R-squared     =    0.9826
-------------+------------------------------         Adj R-squared =    0.9777
       Total |  77.0410569     9  8.56011743         Root MSE      =  .4370733
                                                     Res. dev.     =  8.258932

------------------------------------------------------------------------------
      lnYtou |      Coef.   Std. Err.      t    P>|t|     [95% Conf. Interval]
-------------+----------------------------------------------------------------
          b1 |  -504.6534    11.2043   -45.04   0.000    -531.1473   -478.1594
          b2 |   1988.276   4.366503   455.35   0.000     1977.951    1998.602
          b3 |   23.70361   11.54938     2.05   0.079    -3.606344    51.01356
------------------------------------------------------------------------------
* Parameter b1 taken as constant term in model & ANOVA table
 (SEs, P values, CIs, and correlations are asymptotic approximations)
