=============================================================================================================
Estimation for Internet and HNK, specification 1
=============================================================================================================
   
US parameters:
-------------------------------------------------------------------
elascoef1 = 4.689628305958362
elascoef2 = 4.689628305958362
trend     = .2427768367866972
-------------------------------------------------------------------
   
Model specification estimated:
( lnYtou = lnY + {b1} + (1.3-1)*ln(t-{b2=1986})*4.689628305958362 - (1-.3)*lnYpercap*4.689628305958362 + .2427
> 768367866972*t  ) 
-------------------------------------------------------------------
(obs = 11)

Iteration 0:  residual SS =   2502729
Iteration 1:  residual SS =   2210255
Iteration 2:  residual SS =  .9585504
Iteration 3:  residual SS =   .658974
Iteration 4:  residual SS =  .6468601
Iteration 5:  residual SS =  .6465573

      Source |       SS       df       MS            Number of obs =        11
-------------+------------------------------         F(  1,     9) =    444.25
       Model |  31.9148556     1  31.9148556         Prob > F      =    0.0000
    Residual |    .6465519     9    .0718391         R-squared     =    0.9801
-------------+------------------------------         Adj R-squared =    0.9779
       Total |  32.5614075    10  3.25614075         Root MSE      =  .2680282
                                                     Res. dev.     =  .0426799

------------------------------------------------------------------------------
      lnYtou |      Coef.   Std. Err.      t    P>|t|     [95% Conf. Interval]
-------------+----------------------------------------------------------------
          b1 |  -476.0096   .1122626 -4240.15   0.000    -476.2636   -475.7556
          b2 |   1990.158   .1851449        .   0.000     1989.739    1990.577
------------------------------------------------------------------------------
* Parameter b1 taken as constant term in model & ANOVA table
 (SEs, P values, CIs, and correlations are asymptotic approximations)
