=============================================================================================================
Estimation for Internet and HNK, specification 2
=============================================================================================================
   
US parameters:
-------------------------------------------------------------------
elascoef1 = 4.689628305958362
elascoef2 = 4.689628305958362
trend     = .2427768367866972
-------------------------------------------------------------------
   
Model specification estimated:
( lnYtou = lnY + {b1} + (1.3-1)*ln(t-{b2=1986})*{b3=4.689628305958362} - (1-.3)*lnYpercap*4.689628305958362 + 
> .2427768367866972*t  ) 
-------------------------------------------------------------------
(obs = 11)

Iteration 0:  residual SS =   2502729
Iteration 1:  residual SS =   2484324
Iteration 2:  residual SS =   1396717
Iteration 3:  residual SS =  .2914893
Iteration 4:  residual SS =  .2911903
Iteration 5:  residual SS =  .2911902

      Source |       SS       df       MS            Number of obs =        11
-------------+------------------------------         F(  2,     8) =    443.29
       Model |  32.2702173     2  16.1351086         Prob > F      =    0.0000
    Residual |  .291190242     8   .03639878         R-squared     =    0.9911
-------------+------------------------------         Adj R-squared =    0.9888
       Total |  32.5614075    10  3.25614075         Root MSE      =  .1907846
                                                     Res. dev.     = -8.731763

------------------------------------------------------------------------------
      lnYtou |      Coef.   Std. Err.      t    P>|t|     [95% Conf. Interval]
-------------+----------------------------------------------------------------
          b1 |  -475.0262   .2174569 -2184.46   0.000    -475.5276   -474.5247
          b2 |    1990.79   .1039375        .   0.000      1990.55     1991.03
          b3 |   3.108957   .3829008     8.12   0.000     2.225986    3.991927
------------------------------------------------------------------------------
* Parameter b1 taken as constant term in model & ANOVA table
 (SEs, P values, CIs, and correlations are asymptotic approximations)
