=============================================================================================================
Estimation for Internet and IRE, specification 1
=============================================================================================================
   
US parameters:
-------------------------------------------------------------------
elascoef1 = 4.689628305958362
elascoef2 = 4.689628305958362
trend     = .2427768367866972
-------------------------------------------------------------------
   
Model specification estimated:
( lnYtou = lnY + {b1} + (1.3-1)*ln(t-{b2=1986})*4.689628305958362 - (1-.3)*lnYpercap*4.689628305958362 + .2427
> 768367866972*t  ) 
-------------------------------------------------------------------
(obs = 13)

Iteration 0:  residual SS =   2974319
Iteration 1:  residual SS =   2924837
Iteration 2:  residual SS =  730893.1
Iteration 3:  residual SS =  5.328395
Iteration 4:  residual SS =  5.328115

      Source |       SS       df       MS            Number of obs =        13
-------------+------------------------------         F(  1,    11) =    104.85
       Model |  50.7877748     1  50.7877748         Prob > F      =    0.0000
    Residual |  5.32809926    11   .48437266         R-squared     =    0.9051
-------------+------------------------------         Adj R-squared =    0.8964
       Total |  56.1158741    12  4.67632284         Root MSE      =  .6959689
                                                     Res. dev.     =  25.29699

------------------------------------------------------------------------------
      lnYtou |      Coef.   Std. Err.      t    P>|t|     [95% Conf. Interval]
-------------+----------------------------------------------------------------
          b1 |  -477.2024   .2241746 -2128.71   0.000    -477.6958    -476.709
          b2 |   1990.643   .1921843        .   0.000      1990.22    1991.066
------------------------------------------------------------------------------
* Parameter b1 taken as constant term in model & ANOVA table
 (SEs, P values, CIs, and correlations are asymptotic approximations)
