=============================================================================================================
Estimation for Internet and ISR, specification 2
=============================================================================================================
   
US parameters:
-------------------------------------------------------------------
elascoef1 = 4.689628305958362
elascoef2 = 4.689628305958362
trend     = .2427768367866972
-------------------------------------------------------------------
   
Model specification estimated:
( lnYtou = lnY + {b1} + (1.3-1)*ln(t-{b2=1985})*{b3=4.689628305958362} - (1-.3)*lnYpercap*4.689628305958362 + 
> .2427768367866972*t  ) 
-------------------------------------------------------------------
(obs = 13)

Iteration 0:  residual SS =   2977938
Iteration 1:  residual SS =   2955936
Iteration 2:  residual SS =   35.3783
Iteration 3:  residual SS =  33.05561
Iteration 4:  residual SS =  22.28172
Iteration 5:  residual SS =  5.276827
Iteration 6:  residual SS =  1.115408
Iteration 7:  residual SS =   1.10728
Iteration 8:  residual SS =  1.102837
Iteration 9:  residual SS =   1.10262
Iteration 10:  residual SS =  1.102605
Iteration 11:  residual SS =  1.102604
Iteration 12:  residual SS =  1.102604
Iteration 13:  residual SS =  1.102604
Iteration 14:  residual SS =  1.102604
Iteration 15:  residual SS =  1.102604
Iteration 16:  residual SS =  1.102604
Iteration 17:  residual SS =  1.102604
Iteration 18:  residual SS =  1.102604

      Source |       SS       df       MS            Number of obs =        13
-------------+------------------------------         F(  2,    10) =    241.53
       Model |  53.2616696     2  26.6308348         Prob > F      =    0.0000
    Residual |  1.10260409    10  .110260409         R-squared     =    0.9797
-------------+------------------------------         Adj R-squared =    0.9757
       Total |  54.3642737    12  4.53035614         Root MSE      =  .3320548
                                                     Res. dev.     =  4.817832

------------------------------------------------------------------------------
      lnYtou |      Coef.   Std. Err.      t    P>|t|     [95% Conf. Interval]
-------------+----------------------------------------------------------------
          b1 |  -517.9212   93.53807    -5.54   0.000     -726.337   -309.5054
          b2 |   1958.704   63.27009    30.96   0.000      1817.73    2099.679
          b3 |   39.28374   67.66301     0.58   0.574    -111.4788    190.0463
------------------------------------------------------------------------------
* Parameter b1 taken as constant term in model & ANOVA table
 (SEs, P values, CIs, and correlations are asymptotic approximations)
