=============================================================================================================
Estimation for Internet and MLY, specification 1
=============================================================================================================
   
US parameters:
-------------------------------------------------------------------
elascoef1 = 4.689628305958362
elascoef2 = 4.689628305958362
trend     = .2427768367866972
-------------------------------------------------------------------
   
Model specification estimated:
( lnYtou = lnY + {b1} + (1.3-1)*ln(t-{b2=1987})*4.689628305958362 - (1-.3)*lnYpercap*4.689628305958362 + .2427
> 768367866972*t  ) 
-------------------------------------------------------------------
(obs = 12)

Iteration 0:  residual SS =   2775347
Iteration 1:  residual SS =  3935.468
Iteration 2:  residual SS =  3399.817
Iteration 3:  residual SS =  2923.523
Iteration 4:  residual SS =  2146.682
Iteration 5:  residual SS =  1146.853
Iteration 6:  residual SS =  11.02286
Iteration 7:  residual SS =  11.02165

      Source |       SS       df       MS            Number of obs =        12
-------------+------------------------------         F(  1,    10) =    107.51
       Model |  118.491504     1  118.491504         Prob > F      =    0.0000
    Residual |  11.0216491    10  1.10216491         R-squared     =    0.9149
-------------+------------------------------         Adj R-squared =    0.9064
       Total |  129.513153    11   11.773923         Root MSE      =   1.04984
                                                     Res. dev.     =  33.03398

------------------------------------------------------------------------------
      lnYtou |      Coef.   Std. Err.      t    P>|t|     [95% Conf. Interval]
-------------+----------------------------------------------------------------
          b1 |  -479.3497   .3194707 -1500.45   0.000    -480.0615   -478.6379
          b2 |   1991.967   .0256017        .   0.000      1991.91    1992.024
------------------------------------------------------------------------------
* Parameter b1 taken as constant term in model & ANOVA table
 (SEs, P values, CIs, and correlations are asymptotic approximations)
