=============================================================================================================
Estimation for Internet and MOL, specification 2
=============================================================================================================
   
US parameters:
-------------------------------------------------------------------
elascoef1 = 4.689628305958362
elascoef2 = 4.689628305958362
trend     = .2427768367866972
-------------------------------------------------------------------
   
Model specification estimated:
( lnYtou = lnY + {b1} + (1.3-1)*ln(t-{b2=1989})*{b3=4.689628305958362} - (1-.3)*lnYpercap*4.689628305958362 + 
> .2427768367866972*t  ) 
-------------------------------------------------------------------
(obs = 10)

Iteration 0:  residual SS =   2362661
Iteration 1:  residual SS =   2345321
Iteration 2:  residual SS =  395.8956
Iteration 3:  residual SS =  178.4579
Iteration 4:  residual SS =  2.932023
Iteration 5:  residual SS =  1.754664
Iteration 6:  residual SS =  1.754186
Iteration 7:  residual SS =  1.754168
Iteration 8:  residual SS =  1.754168
Iteration 9:  residual SS =  1.754167
Iteration 10:  residual SS =  1.754167
Iteration 11:  residual SS =  1.754167

      Source |       SS       df       MS            Number of obs =        10
-------------+------------------------------         F(  2,     7) =    185.44
       Model |  92.9405393     2  46.4702697         Prob > F      =    0.0000
    Residual |  1.75416749     7  .250595355         R-squared     =    0.9815
-------------+------------------------------         Adj R-squared =    0.9762
       Total |  94.6947068     9  10.5216341         Root MSE      =   .500595
                                                     Res. dev.     =  10.97286

------------------------------------------------------------------------------
      lnYtou |      Coef.   Std. Err.      t    P>|t|     [95% Conf. Interval]
-------------+----------------------------------------------------------------
          b1 |  -507.2798   21.15025   -23.98   0.000    -557.2922   -457.2674
          b2 |     1986.1   7.128305   278.62   0.000     1969.244    2002.956
          b3 |   32.54848   20.38895     1.60   0.154    -15.66371    80.76068
------------------------------------------------------------------------------
* Parameter b1 taken as constant term in model & ANOVA table
 (SEs, P values, CIs, and correlations are asymptotic approximations)
