=============================================================================================================
Estimation for Internet and MOL, specification 1
=============================================================================================================
   
US parameters:
-------------------------------------------------------------------
elascoef1 = 4.689628305958362
elascoef2 = 4.689628305958362
trend     = .2427768367866972
-------------------------------------------------------------------
   
Model specification estimated:
( lnYtou = lnY + {b1} + (1.3-1)*ln(t-{b2=1989})*4.689628305958362 - (1-.3)*lnYpercap*4.689628305958362 + .2427
> 768367866972*t  ) 
-------------------------------------------------------------------
(obs = 10)

Iteration 0:  residual SS =   2362661
Iteration 1:  residual SS =   3681.55
Iteration 2:  residual SS =   2788.44
Iteration 3:  residual SS =  1544.763
Iteration 4:  residual SS =   16.4679
Iteration 5:  residual SS =  14.59729
Iteration 6:  residual SS =  14.46815
Iteration 7:  residual SS =  14.46744

      Source |       SS       df       MS            Number of obs =        10
-------------+------------------------------         F(  1,     8) =     44.36
       Model |  80.2272838     1  80.2272838         Prob > F      =    0.0002
    Residual |   14.467423     8  1.80842788         R-squared     =    0.8472
-------------+------------------------------         Adj R-squared =    0.8281
       Total |  94.6947068     9  10.5216341         Root MSE      =  1.344778
                                                     Res. dev.     =  32.07191

------------------------------------------------------------------------------
      lnYtou |      Coef.   Std. Err.      t    P>|t|     [95% Conf. Interval]
-------------+----------------------------------------------------------------
          b1 |  -484.5673    .472573 -1025.38   0.000     -485.657   -483.4775
          b2 |   1993.847   .1595181        .   0.000     1993.479    1994.214
------------------------------------------------------------------------------
* Parameter b1 taken as constant term in model & ANOVA table
 (SEs, P values, CIs, and correlations are asymptotic approximations)
