=============================================================================================================
Estimation for Internet and NOR, specification 2
=============================================================================================================
   
US parameters:
-------------------------------------------------------------------
elascoef1 = 4.689628305958362
elascoef2 = 4.689628305958362
trend     = .2427768367866972
-------------------------------------------------------------------
   
Model specification estimated:
( lnYtou = lnY + {b1} + (1.3-1)*ln(t-{b2=1985})*{b3=4.689628305958362} - (1-.3)*lnYpercap*4.689628305958362 + 
> .2427768367866972*t  ) 
-------------------------------------------------------------------
(obs = 14)

Iteration 0:  residual SS =   3175916
Iteration 1:  residual SS =   3152347
Iteration 2:  residual SS =  787960.2
Iteration 3:  residual SS =  3.219386
Iteration 4:  residual SS =  3.210393
Iteration 5:  residual SS =   3.21033
Iteration 6:  residual SS =  3.210317
Iteration 7:  residual SS =  3.210313
Iteration 8:  residual SS =  3.210313
Iteration 9:  residual SS =  3.210313
Iteration 10:  residual SS =  3.210313

      Source |       SS       df       MS            Number of obs =        14
-------------+------------------------------         F(  2,    11) =     42.08
       Model |   24.560217     2  12.2801085         Prob > F      =    0.0000
    Residual |  3.21031252    11  .291846593         R-squared     =    0.8844
-------------+------------------------------         Adj R-squared =    0.8634
       Total |  27.7705295    13  2.13619458         Root MSE      =  .5402283
                                                     Res. dev.     =  19.11263

------------------------------------------------------------------------------
      lnYtou |      Coef.   Std. Err.      t    P>|t|     [95% Conf. Interval]
-------------+----------------------------------------------------------------
          b1 |  -474.3373   1.016844  -466.48   0.000    -476.5754   -472.0993
          b2 |   1989.287   1.285946  1546.94   0.000     1986.457    1992.118
          b3 |   2.676409    1.43096     1.87   0.088    -.4731118    5.825931
------------------------------------------------------------------------------
* Parameter b1 taken as constant term in model & ANOVA table
 (SEs, P values, CIs, and correlations are asymptotic approximations)
