=============================================================================================================
Estimation for Internet and NTH, specification 1
=============================================================================================================
   
US parameters:
-------------------------------------------------------------------
elascoef1 = 4.689628305958362
elascoef2 = 4.689628305958362
trend     = .2427768367866972
-------------------------------------------------------------------
   
Model specification estimated:
( lnYtou = lnY + {b1} + (1.3-1)*ln(t-{b2=1985})*4.689628305958362 - (1-.3)*lnYpercap*4.689628305958362 + .2427
> 768367866972*t  ) 
-------------------------------------------------------------------
(obs = 14)

Iteration 0:  residual SS =   3183508
Iteration 1:  residual SS =   2810086
Iteration 2:  residual SS =  1.434891
Iteration 3:  residual SS =  1.051651
Iteration 4:  residual SS =  1.042786

      Source |       SS       df       MS            Number of obs =        14
-------------+------------------------------         F(  1,    12) =    467.54
       Model |  40.6280797     1  40.6280797         Prob > F      =    0.0000
    Residual |  1.04277982    12  .086898318         R-squared     =    0.9750
-------------+------------------------------         Adj R-squared =    0.9729
       Total |  41.6708595    13  3.20545073         Root MSE      =  .2947852
                                                     Res. dev.     =  3.369937

------------------------------------------------------------------------------
      lnYtou |      Coef.   Std. Err.      t    P>|t|     [95% Conf. Interval]
-------------+----------------------------------------------------------------
          b1 |  -476.2077   .1236007 -3852.79   0.000     -476.477   -475.9384
          b2 |   1988.465    .358943  5539.78   0.000     1987.683    1989.247
------------------------------------------------------------------------------
* Parameter b1 taken as constant term in model & ANOVA table
 (SEs, P values, CIs, and correlations are asymptotic approximations)
