=============================================================================================================
Estimation for Internet and POR, specification 2
=============================================================================================================
   
US parameters:
-------------------------------------------------------------------
elascoef1 = 4.689628305958362
elascoef2 = 4.689628305958362
trend     = .2427768367866972
-------------------------------------------------------------------
   
Model specification estimated:
( lnYtou = lnY + {b1} + (1.3-1)*ln(t-{b2=1986})*{b3=4.689628305958362} - (1-.3)*lnYpercap*4.689628305958362 + 
> .2427768367866972*t  ) 
-------------------------------------------------------------------
(obs = 12)

Iteration 0:  residual SS =   2801707
Iteration 1:  residual SS =   2781304
Iteration 2:  residual SS =  9.782744
Iteration 3:  residual SS =  1.086178
Iteration 4:  residual SS =  1.041763
Iteration 5:  residual SS =  1.041693
Iteration 6:  residual SS =  1.041688
Iteration 7:  residual SS =  1.041688
Iteration 8:  residual SS =  1.041688
Iteration 9:  residual SS =  1.041688
Iteration 10:  residual SS =  1.041688

      Source |       SS       df       MS            Number of obs =        12
-------------+------------------------------         F(  2,     9) =    174.46
       Model |  40.3858209     2  20.1929105         Prob > F      =    0.0000
    Residual |   1.0416878     9  .115743089         R-squared     =    0.9749
-------------+------------------------------         Adj R-squared =    0.9693
       Total |  41.4275087    11  3.76613716         Root MSE      =  .3402104
                                                     Res. dev.     =  4.725752

------------------------------------------------------------------------------
      lnYtou |      Coef.   Std. Err.      t    P>|t|     [95% Conf. Interval]
-------------+----------------------------------------------------------------
          b1 |  -487.2558   4.767208  -102.21   0.000      -498.04   -476.4716
          b2 |   1986.442   3.769383   526.99   0.000     1977.915    1994.969
          b3 |   10.83351   5.024088     2.16   0.059    -.5317643    22.19879
------------------------------------------------------------------------------
* Parameter b1 taken as constant term in model & ANOVA table
 (SEs, P values, CIs, and correlations are asymptotic approximations)
