=============================================================================================================
Estimation for Internet and ROM, specification 1
=============================================================================================================
   
US parameters:
-------------------------------------------------------------------
elascoef1 = 4.689628305958362
elascoef2 = 4.689628305958362
trend     = .2427768367866972
-------------------------------------------------------------------
   
Model specification estimated:
( lnYtou = lnY + {b1} + (1.3-1)*ln(t-{b2=1988})*4.689628305958362 - (1-.3)*lnYpercap*4.689628305958362 + .2427
> 768367866972*t  ) 
-------------------------------------------------------------------
(obs = 11)

Iteration 0:  residual SS =   2546459
Iteration 1:  residual SS =   2390892
Iteration 2:  residual SS =   1344120
Iteration 3:  residual SS =  335835.6
Iteration 4:  residual SS =  2.350801
Iteration 5:  residual SS =  2.350482

      Source |       SS       df       MS            Number of obs =        11
-------------+------------------------------         F(  1,     9) =    262.78
       Model |  68.6288834     1  68.6288834         Prob > F      =    0.0000
    Residual |  2.35047741     9  .261164156         R-squared     =    0.9669
-------------+------------------------------         Adj R-squared =    0.9632
       Total |  70.9793608    10  7.09793608         Root MSE      =  .5110422
                                                     Res. dev.     =   14.2406

------------------------------------------------------------------------------
      lnYtou |      Coef.   Std. Err.      t    P>|t|     [95% Conf. Interval]
-------------+----------------------------------------------------------------
          b1 |  -479.7491   .1711828 -2802.55   0.000    -480.1363   -479.3619
          b2 |   1992.825   .0694802        .   0.000     1992.667    1992.982
------------------------------------------------------------------------------
* Parameter b1 taken as constant term in model & ANOVA table
 (SEs, P values, CIs, and correlations are asymptotic approximations)
