=============================================================================================================
Estimation for Internet and SAF, specification 1
=============================================================================================================
   
US parameters:
-------------------------------------------------------------------
elascoef1 = 4.689628305958362
elascoef2 = 4.689628305958362
trend     = .2427768367866972
-------------------------------------------------------------------
   
Model specification estimated:
( lnYtou = lnY + {b1} + (1.3-1)*ln(t-{b2=1986})*4.689628305958362 - (1-.3)*lnYpercap*4.689628305958362 + .2427
> 768367866972*t  ) 
-------------------------------------------------------------------
(obs = 12)

Iteration 0:  residual SS =   2797791
Iteration 1:  residual SS =   2705978
Iteration 2:  residual SS =  1.211481
Iteration 3:  residual SS =  .8628116
Iteration 4:  residual SS =  .8591652
Iteration 5:  residual SS =  .8591381

      Source |       SS       df       MS            Number of obs =        12
-------------+------------------------------         F(  1,    10) =    591.18
       Model |  50.7906384     1  50.7906384         Prob > F      =    0.0000
    Residual |  .859137815    10  .085913782         R-squared     =    0.9834
-------------+------------------------------         Adj R-squared =    0.9817
       Total |  51.6497762    11   4.6954342         Root MSE      =  .2931105
                                                     Res. dev.     =  2.413734

------------------------------------------------------------------------------
      lnYtou |      Coef.   Std. Err.      t    P>|t|     [95% Conf. Interval]
-------------+----------------------------------------------------------------
          b1 |  -481.7779      .1053 -4575.29   0.000    -482.0125   -481.5433
          b2 |   1990.466    .124457        .   0.000     1990.189    1990.743
------------------------------------------------------------------------------
* Parameter b1 taken as constant term in model & ANOVA table
 (SEs, P values, CIs, and correlations are asymptotic approximations)
