=============================================================================================================
Estimation for Internet and SNG, specification 1
=============================================================================================================
   
US parameters:
-------------------------------------------------------------------
elascoef1 = 4.689628305958362
elascoef2 = 4.689628305958362
trend     = .2427768367866972
-------------------------------------------------------------------
   
Model specification estimated:
( lnYtou = lnY + {b1} + (1.3-1)*ln(t-{b2=1986})*4.689628305958362 - (1-.3)*lnYpercap*4.689628305958362 + .2427
> 768367866972*t  ) 
-------------------------------------------------------------------
(obs = 13)

Iteration 0:  residual SS =   2960398
Iteration 1:  residual SS =   2911292
Iteration 2:  residual SS =  31.52582
Iteration 3:  residual SS =  12.08605
Iteration 4:  residual SS =  4.100267
Iteration 5:  residual SS =  2.020775
Iteration 6:  residual SS =  1.833975
Iteration 7:  residual SS =  1.833353

      Source |       SS       df       MS            Number of obs =        13
-------------+------------------------------         F(  1,    11) =    299.62
       Model |  49.9378599     1  49.9378599         Prob > F      =    0.0000
    Residual |  1.83335024    11  .166668203         R-squared     =    0.9646
-------------+------------------------------         Adj R-squared =    0.9614
       Total |  51.7712101    12  4.31426751         Root MSE      =  .4082502
                                                     Res. dev.     =  11.42795

------------------------------------------------------------------------------
      lnYtou |      Coef.   Std. Err.      t    P>|t|     [95% Conf. Interval]
-------------+----------------------------------------------------------------
          b1 |  -476.1896   .1405962 -3386.93   0.000     -476.499   -475.8801
          b2 |   1990.436   .1813056        .   0.000     1990.037    1990.835
------------------------------------------------------------------------------
* Parameter b1 taken as constant term in model & ANOVA table
 (SEs, P values, CIs, and correlations are asymptotic approximations)
