=============================================================================================================
Estimation for Internet and SNG, specification 2
=============================================================================================================
   
US parameters:
-------------------------------------------------------------------
elascoef1 = 4.689628305958362
elascoef2 = 4.689628305958362
trend     = .2427768367866972
-------------------------------------------------------------------
   
Model specification estimated:
( lnYtou = lnY + {b1} + (1.3-1)*ln(t-{b2=1986})*{b3=4.689628305958362} - (1-.3)*lnYpercap*4.689628305958362 + 
> .2427768367866972*t  ) 
-------------------------------------------------------------------
(obs = 13)

Iteration 0:  residual SS =   2960398
Iteration 1:  residual SS =   2938566
Iteration 2:  residual SS =  1.793066
Iteration 3:  residual SS =   1.51234
Iteration 4:  residual SS =    1.5098
Iteration 5:  residual SS =  1.509794
Iteration 6:  residual SS =  1.509793
Iteration 7:  residual SS =  1.509793
Iteration 8:  residual SS =  1.509793

      Source |       SS       df       MS            Number of obs =        13
-------------+------------------------------         F(  2,    10) =    166.45
       Model |  50.2614174     2  25.1307087         Prob > F      =    0.0000
    Residual |  1.50979275    10  .150979275         R-squared     =    0.9708
-------------+------------------------------         Adj R-squared =    0.9650
       Total |  51.7712101    12  4.31426751         Root MSE      =  .3885605
                                                     Res. dev.     =  8.903701

------------------------------------------------------------------------------
      lnYtou |      Coef.   Std. Err.      t    P>|t|     [95% Conf. Interval]
-------------+----------------------------------------------------------------
          b1 |  -477.3202      1.194  -399.77   0.000    -479.9806   -474.6598
          b2 |   1989.752    .864036  2302.86   0.000     1987.827    1991.678
          b3 |   6.323817   1.570128     4.03   0.002     2.825355    9.822279
------------------------------------------------------------------------------
* Parameter b1 taken as constant term in model & ANOVA table
 (SEs, P values, CIs, and correlations are asymptotic approximations)
