=============================================================================================================
Estimation for Internet and SPA, specification 1
=============================================================================================================
   
US parameters:
-------------------------------------------------------------------
elascoef1 = 4.689628305958362
elascoef2 = 4.689628305958362
trend     = .2427768367866972
-------------------------------------------------------------------
   
Model specification estimated:
( lnYtou = lnY + {b1} + (1.3-1)*ln(t-{b2=1985})*4.689628305958362 - (1-.3)*lnYpercap*4.689628305958362 + .2427
> 768367866972*t  ) 
-------------------------------------------------------------------
(obs = 14)

Iteration 0:  residual SS =   3220614
Iteration 1:  residual SS =  8347.085
Iteration 2:  residual SS =  8333.549
Iteration 3:  residual SS =  8317.695
Iteration 4:  residual SS =  8223.288
Iteration 5:  residual SS =  7882.839
Iteration 6:  residual SS =  7073.535
Iteration 7:  residual SS =  5524.565
Iteration 8:  residual SS =   3162.95
Iteration 9:  residual SS =  16.71347
Iteration 10:  residual SS =  9.105948
Iteration 11:  residual SS =  7.385318
Iteration 12:  residual SS =  7.321614
Iteration 13:  residual SS =  7.320133
Iteration 14:  residual SS =  7.319988

      Source |       SS       df       MS            Number of obs =        14
-------------+------------------------------         F(  1,    12) =    132.77
       Model |  80.9880934     1  80.9880934         Prob > F      =    0.0000
    Residual |  7.31997049    12  .609997541         R-squared     =    0.9171
-------------+------------------------------         Adj R-squared =    0.9102
       Total |  88.3080639    13  6.79292799         Root MSE      =  .7810234
                                                     Res. dev.     =  30.65196

------------------------------------------------------------------------------
      lnYtou |      Coef.   Std. Err.      t    P>|t|     [95% Conf. Interval]
-------------+----------------------------------------------------------------
          b1 |  -478.5588   .2408957 -1986.58   0.000    -479.0837    -478.034
          b2 |    1989.64   .2172939  9156.45   0.000     1989.167    1990.114
------------------------------------------------------------------------------
* Parameter b1 taken as constant term in model & ANOVA table
 (SEs, P values, CIs, and correlations are asymptotic approximations)
