=============================================================================================================
Estimation for Internet and SRI, specification 2
=============================================================================================================
   
US parameters:
-------------------------------------------------------------------
elascoef1 = 4.689628305958362
elascoef2 = 4.689628305958362
trend     = .2427768367866972
-------------------------------------------------------------------
   
Model specification estimated:
( lnYtou = lnY + {b1} + (1.3-1)*ln(t-{b2=1989})*{b3=4.689628305958362} - (1-.3)*lnYpercap*4.689628305958362 + 
> .2427768367866972*t  ) 
-------------------------------------------------------------------
(obs = 10)

Iteration 0:  residual SS =   2353239
Iteration 1:  residual SS =   2336086
Iteration 2:  residual SS =   1312037
Iteration 3:  residual SS =  2.459175
Iteration 4:  residual SS =  2.023014
Iteration 5:  residual SS =  1.992895
Iteration 6:  residual SS =  1.992894
Iteration 7:  residual SS =  1.992893

      Source |       SS       df       MS            Number of obs =        10
-------------+------------------------------         F(  2,     7) =     71.87
       Model |  40.9210433     2  20.4605217         Prob > F      =    0.0000
    Residual |  1.99289347     7  .284699068         R-squared     =    0.9536
-------------+------------------------------         Adj R-squared =    0.9403
       Total |  42.9139368     9   4.7682152         Root MSE      =   .533572
                                                     Res. dev.     =   12.2488

------------------------------------------------------------------------------
      lnYtou |      Coef.   Std. Err.      t    P>|t|     [95% Conf. Interval]
-------------+----------------------------------------------------------------
          b1 |  -484.7658   1.255087  -386.24   0.000    -487.7336    -481.798
          b2 |   1993.315   .6072199  3282.69   0.000     1991.879     1994.75
          b3 |   6.534882    1.97784     3.30   0.013     1.858033    11.21173
------------------------------------------------------------------------------
* Parameter b1 taken as constant term in model & ANOVA table
 (SEs, P values, CIs, and correlations are asymptotic approximations)
