=============================================================================================================
Estimation for Internet and SRI, specification 1
=============================================================================================================
   
US parameters:
-------------------------------------------------------------------
elascoef1 = 4.689628305958362
elascoef2 = 4.689628305958362
trend     = .2427768367866972
-------------------------------------------------------------------
   
Model specification estimated:
( lnYtou = lnY + {b1} + (1.3-1)*ln(t-{b2=1989})*4.689628305958362 - (1-.3)*lnYpercap*4.689628305958362 + .2427
> 768367866972*t  ) 
-------------------------------------------------------------------
(obs = 10)

Iteration 0:  residual SS =   2353239
Iteration 1:  residual SS =   2315434
Iteration 2:  residual SS =   1301938
Iteration 3:  residual SS =    325281
Iteration 4:  residual SS =  2.493769
Iteration 5:  residual SS =   2.49336

      Source |       SS       df       MS            Number of obs =        10
-------------+------------------------------         F(  1,     8) =    129.69
       Model |  40.4205858     1  40.4205858         Prob > F      =    0.0000
    Residual |  2.49335097     8  .311668871         R-squared     =    0.9419
-------------+------------------------------         Adj R-squared =    0.9346
       Total |  42.9139368     9   4.7682152         Root MSE      =  .5582731
                                                     Res. dev.     =   14.4892

------------------------------------------------------------------------------
      lnYtou |      Coef.   Std. Err.      t    P>|t|     [95% Conf. Interval]
-------------+----------------------------------------------------------------
          b1 |  -483.7295   .2058898 -2349.46   0.000    -484.2043   -483.2548
          b2 |    1993.72   .1247134        .   0.000     1993.432    1994.007
------------------------------------------------------------------------------
* Parameter b1 taken as constant term in model & ANOVA table
 (SEs, P values, CIs, and correlations are asymptotic approximations)
