=============================================================================================================
Estimation for Internet and SVK, specification 2
=============================================================================================================
   
US parameters:
-------------------------------------------------------------------
elascoef1 = 4.689628305958362
elascoef2 = 4.689628305958362
trend     = .2427768367866972
-------------------------------------------------------------------
   
Model specification estimated:
( lnYtou = lnY + {b1} + (1.3-1)*ln(t-{b2=1988})*{b3=4.689628305958362} - (1-.3)*lnYpercap*4.689628305958362 + 
> .2427768367866972*t  ) 
-------------------------------------------------------------------
(obs = 11)

Iteration 0:  residual SS =   2537763
Iteration 1:  residual SS =   2519090
Iteration 2:  residual SS =  5.430107
Iteration 3:  residual SS =  .1558868
Iteration 4:  residual SS =   .080407
Iteration 5:  residual SS =  .0803281
Iteration 6:  residual SS =  .0803281

      Source |       SS       df       MS            Number of obs =        11
-------------+------------------------------         F(  2,     8) =   1518.42
       Model |  30.4929125     2  15.2464563         Prob > F      =    0.0000
    Residual |  .080328089     8  .010041011         R-squared     =    0.9974
-------------+------------------------------         Adj R-squared =    0.9967
       Total |  30.5732406    10  3.05732406         Root MSE      =  .1002048
                                                     Res. dev.     =  -22.8982

------------------------------------------------------------------------------
      lnYtou |      Coef.   Std. Err.      t    P>|t|     [95% Conf. Interval]
-------------+----------------------------------------------------------------
          b1 |   -483.307   1.236295  -390.93   0.000    -486.1579   -480.4561
          b2 |   1989.233   .9658711  2059.52   0.000     1987.005     1991.46
          b3 |    9.77893    1.36981     7.14   0.000     6.620143    12.93772
------------------------------------------------------------------------------
* Parameter b1 taken as constant term in model & ANOVA table
 (SEs, P values, CIs, and correlations are asymptotic approximations)
