=============================================================================================================
Estimation for Internet and SVN, specification 2
=============================================================================================================
   
US parameters:
-------------------------------------------------------------------
elascoef1 = 4.689628305958362
elascoef2 = 4.689628305958362
trend     = .2427768367866972
-------------------------------------------------------------------
   
Model specification estimated:
( lnYtou = lnY + {b1} + (1.3-1)*ln(t-{b2=1988})*{b3=4.689628305958362} - (1-.3)*lnYpercap*4.689628305958362 + 
> .2427768367866972*t  ) 
-------------------------------------------------------------------
(obs = 10)

Iteration 0:  residual SS =   2287972
Iteration 1:  residual SS =   2271374
Iteration 2:  residual SS =  567172.8
Iteration 3:  residual SS =  .1651272
Iteration 4:  residual SS =  .1547941
Iteration 5:  residual SS =  .1547006
Iteration 6:  residual SS =  .1547006

      Source |       SS       df       MS            Number of obs =        10
-------------+------------------------------         F(  2,     7) =    417.85
       Model |  18.4689008     2  9.23445042         Prob > F      =    0.0000
    Residual |  .154700554     7  .022100079         R-squared     =    0.9917
-------------+------------------------------         Adj R-squared =    0.9893
       Total |  18.6236014     9  2.06928904         Root MSE      =   .148661
                                                     Res. dev.     = -13.30972

------------------------------------------------------------------------------
      lnYtou |      Coef.   Std. Err.      t    P>|t|     [95% Conf. Interval]
-------------+----------------------------------------------------------------
          b1 |  -476.9266   .3553213 -1342.24   0.000    -477.7668   -476.0864
          b2 |     1992.3   .2843445  7006.64   0.000     1991.628    1992.972
          b3 |   3.998336   .5578305     7.17   0.000     2.679277    5.317396
------------------------------------------------------------------------------
* Parameter b1 taken as constant term in model & ANOVA table
 (SEs, P values, CIs, and correlations are asymptotic approximations)
