=============================================================================================================
Estimation for Internet and SWZ, specification 2
=============================================================================================================
   
US parameters:
-------------------------------------------------------------------
elascoef1 = 4.689628305958362
elascoef2 = 4.689628305958362
trend     = .2427768367866972
-------------------------------------------------------------------
   
Model specification estimated:
( lnYtou = lnY + {b1} + (1.3-1)*ln(t-{b2=1985})*{b3=4.689628305958362} - (1-.3)*lnYpercap*4.689628305958362 + 
> .2427768367866972*t  ) 
-------------------------------------------------------------------
(obs = 13)

Iteration 0:  residual SS =   2955948
Iteration 1:  residual SS =   2934116
Iteration 2:  residual SS =  .6150383
Iteration 3:  residual SS =   .579058
Iteration 4:  residual SS =  .5632675
Iteration 5:  residual SS =  .5563568
Iteration 6:  residual SS =   .550269
Iteration 7:  residual SS =   .546276
Iteration 8:  residual SS =  .5446102
Iteration 9:  residual SS =  .5416192
Iteration 10:  residual SS =  .5390982
Iteration 11:  residual SS =  .5370605
Iteration 12:  residual SS =  .5355252
Iteration 13:  residual SS =  .5345186
Iteration 14:  residual SS =  .5340754
Iteration 15:  residual SS =  .5326713
Iteration 16:  residual SS =  .5313753
Iteration 17:  residual SS =  .5301886
Iteration 18:  residual SS =  .5291125
Iteration 19:  residual SS =  .5281486
Iteration 20:  residual SS =  .5272991
Iteration 21:  residual SS =  .5265668
Iteration 22:  residual SS =  .5259545
Iteration 23:  residual SS =  .5254662
Iteration 24:  residual SS =   .525106
Iteration 25:  residual SS =   .524879
Iteration 26:  residual SS =  .5247909
Iteration 27:  residual SS =  .5241632
Iteration 28:  residual SS =  .5235611
Iteration 29:  residual SS =  .5229848
Iteration 30:  residual SS =  .5224346
Iteration 31:  residual SS =  .5219106
Iteration 32:  residual SS =  .5214131
Iteration 33:  residual SS =  .5209424
Iteration 34:  residual SS =  .5204987
Iteration 35:  residual SS =  .5200825
Iteration 36:  residual SS =   .519694
Iteration 37:  residual SS =  .5193337
Iteration 38:  residual SS =   .519002
Iteration 39:  residual SS =  .5186995
Iteration 40:  residual SS =  .5184267
Iteration 41:  residual SS =  .5181841
Iteration 42:  residual SS =  .5179724
Iteration 43:  residual SS =  .5177924
Iteration 44:  residual SS =  .5176446
Iteration 45:  residual SS =  .5175301
Iteration 46:  residual SS =  .5174496
Iteration 47:  residual SS =  .5174042
Iteration 48:  residual SS =  .5173947
Iteration 49:  residual SS =  .5171133

      Source |       SS       df       MS            Number of obs =        13
-------------+------------------------------         F(  2,    10) =    216.83
       Model |   22.413306     2   11.206653         Prob > F      =    0.0000
    Residual |  .516838303    10   .05168383         R-squared     =    0.9775
-------------+------------------------------         Adj R-squared =    0.9730
       Total |  22.9301443    12  1.91084536         Root MSE      =  .2273408
                                                     Res. dev.     = -5.032268

------------------------------------------------------------------------------
      lnYtou |      Coef.   Std. Err.      t    P>|t|     [95% Conf. Interval]
-------------+----------------------------------------------------------------
          b1 |  -495.9611   101.9774    -4.86   0.001     -723.181   -268.7412
          b2 |   1948.139    171.396    11.37   0.000     1566.244    2330.033
          b3 |   19.37371   70.03202     0.28   0.788    -136.6674    175.4148
------------------------------------------------------------------------------
* Parameter b1 taken as constant term in model & ANOVA table
 (SEs, P values, CIs, and correlations are asymptotic approximations)
convergence not achieved
