=============================================================================================================
Estimation for Internet and TAI, specification 2
=============================================================================================================
   
US parameters:
-------------------------------------------------------------------
elascoef1 = 4.689628305958362
elascoef2 = 4.689628305958362
trend     = .2427768367866972
-------------------------------------------------------------------
   
Model specification estimated:
( lnYtou = lnY + {b1} + (1.3-1)*ln(t-{b2=1986})*{b3=4.689628305958362} - (1-.3)*lnYpercap*4.689628305958362 + 
> .2427768367866972*t  ) 
-------------------------------------------------------------------
(obs = 13)

Iteration 0:  residual SS =   2974996
Iteration 1:  residual SS =   2952983
Iteration 2:  residual SS =  2.364637
Iteration 3:  residual SS =  1.541191
Iteration 4:  residual SS =   1.53441
Iteration 5:  residual SS =  1.534405
Iteration 6:  residual SS =  1.534405

      Source |       SS       df       MS            Number of obs =        13
-------------+------------------------------         F(  2,    10) =    194.30
       Model |  59.6266468     2  29.8133234         Prob > F      =    0.0000
    Residual |  1.53440505    10  .153440505         R-squared     =    0.9749
-------------+------------------------------         Adj R-squared =    0.9699
       Total |  61.1610518    12  5.09675432         Root MSE      =  .3917148
                                                     Res. dev.     =  9.113915

------------------------------------------------------------------------------
      lnYtou |      Coef.   Std. Err.      t    P>|t|     [95% Conf. Interval]
-------------+----------------------------------------------------------------
          b1 |  -479.6166   1.373351  -349.23   0.000    -482.6766   -476.5566
          b2 |   1989.555   .8257099  2409.51   0.000     1987.715    1991.395
          b3 |   8.219028   1.760908     4.67   0.001     4.295481    12.14257
------------------------------------------------------------------------------
* Parameter b1 taken as constant term in model & ANOVA table
 (SEs, P values, CIs, and correlations are asymptotic approximations)
