=============================================================================================================
Estimation for Internet and TUN, specification 2
=============================================================================================================
   
US parameters:
-------------------------------------------------------------------
elascoef1 = 4.689628305958362
elascoef2 = 4.689628305958362
trend     = .2427768367866972
-------------------------------------------------------------------
   
Model specification estimated:
( lnYtou = lnY + {b1} + (1.3-1)*ln(t-{b2=1989})*{b3=4.689628305958362} - (1-.3)*lnYpercap*4.689628305958362 + 
> .2427768367866972*t  ) 
-------------------------------------------------------------------
(obs = 10)

Iteration 0:  residual SS =   2341366
Iteration 1:  residual SS =   2324267
Iteration 2:  residual SS =  429.9568
Iteration 3:  residual SS =  429.1648
Iteration 4:  residual SS =  17.32796
Iteration 5:  residual SS =  4.437369
Iteration 6:  residual SS =  4.032893
Iteration 7:  residual SS =  4.026072
Iteration 8:  residual SS =  4.020733
Iteration 9:  residual SS =  4.020391
Iteration 10:  residual SS =  4.020347
Iteration 11:  residual SS =  4.020339
Iteration 12:  residual SS =  4.020337
Iteration 13:  residual SS =  4.020337
Iteration 14:  residual SS =  4.020336
Iteration 15:  residual SS =  4.020336
Iteration 16:  residual SS =  4.020336
Iteration 17:  residual SS =  4.020336
Iteration 18:  residual SS =  4.020336
Iteration 19:  residual SS =  4.020336
Iteration 20:  residual SS =  4.020336

      Source |       SS       df       MS            Number of obs =        10
-------------+------------------------------         F(  2,     7) =     56.42
       Model |  64.8085203     2  32.4042601         Prob > F      =    0.0000
    Residual |  4.02033638     7  .574333769         R-squared     =    0.9416
-------------+------------------------------         Adj R-squared =    0.9249
       Total |  68.8288566     9  7.64765074         Root MSE      =  .7578481
                                                     Res. dev.     =  19.26658

------------------------------------------------------------------------------
      lnYtou |      Coef.   Std. Err.      t    P>|t|     [95% Conf. Interval]
-------------+----------------------------------------------------------------
          b1 |  -516.8284   78.07495    -6.62   0.000    -701.4463   -332.2105
          b2 |   1980.606   27.73407    71.41   0.000     1915.025    2046.186
          b3 |   41.85322   67.48091     0.62   0.555    -117.7138    201.4202
------------------------------------------------------------------------------
* Parameter b1 taken as constant term in model & ANOVA table
 (SEs, P values, CIs, and correlations are asymptotic approximations)
