=============================================================================================================
Estimation for Internet and TUR, specification 1
=============================================================================================================
   
US parameters:
-------------------------------------------------------------------
elascoef1 = 4.689628305958362
elascoef2 = 4.689628305958362
trend     = .2427768367866972
-------------------------------------------------------------------
   
Model specification estimated:
( lnYtou = lnY + {b1} + (1.3-1)*ln(t-{b2=1988})*4.689628305958362 - (1-.3)*lnYpercap*4.689628305958362 + .2427
> 768367866972*t  ) 
-------------------------------------------------------------------
(obs = 11)

Iteration 0:  residual SS =   2557978
Iteration 1:  residual SS =   2517296
Iteration 2:  residual SS =  628365.1
Iteration 3:  residual SS =  1.447434
Iteration 4:  residual SS =  1.440914
Iteration 5:  residual SS =   1.44087

      Source |       SS       df       MS            Number of obs =        11
-------------+------------------------------         F(  1,     9) =    328.03
       Model |  52.5168586     1  52.5168586         Prob > F      =    0.0000
    Residual |  1.44086952     9  .160096613         R-squared     =    0.9733
-------------+------------------------------         Adj R-squared =    0.9703
       Total |  53.9577282    10  5.39577282         Root MSE      =  .4001207
                                                     Res. dev.     =  8.857514

------------------------------------------------------------------------------
      lnYtou |      Coef.   Std. Err.      t    P>|t|     [95% Conf. Interval]
-------------+----------------------------------------------------------------
          b1 |   -480.987    .142943 -3364.89   0.000    -481.3103   -480.6636
          b2 |   1992.644   .1129275        .   0.000     1992.389      1992.9
------------------------------------------------------------------------------
* Parameter b1 taken as constant term in model & ANOVA table
 (SEs, P values, CIs, and correlations are asymptotic approximations)
