=============================================================================================================
Estimation for Internet and TUR, specification 2
=============================================================================================================
   
US parameters:
-------------------------------------------------------------------
elascoef1 = 4.689628305958362
elascoef2 = 4.689628305958362
trend     = .2427768367866972
-------------------------------------------------------------------
   
Model specification estimated:
( lnYtou = lnY + {b1} + (1.3-1)*ln(t-{b2=1988})*{b3=4.689628305958362} - (1-.3)*lnYpercap*4.689628305958362 + 
> .2427768367866972*t  ) 
-------------------------------------------------------------------
(obs = 11)

Iteration 0:  residual SS =   2557978
Iteration 1:  residual SS =   2539166
Iteration 2:  residual SS =  .5506358
Iteration 3:  residual SS =  .4093689
Iteration 4:  residual SS =  .4088999
Iteration 5:  residual SS =  .4088993
Iteration 6:  residual SS =  .4088993

      Source |       SS       df       MS            Number of obs =        11
-------------+------------------------------         F(  2,     8) =    523.83
       Model |  53.5488288     2  26.7744144         Prob > F      =    0.0000
    Residual |   .40889931     8  .051112414         R-squared     =    0.9924
-------------+------------------------------         Adj R-squared =    0.9905
       Total |  53.9577282    10  5.39577282         Root MSE      =  .2260805
                                                     Res. dev.     =  -4.99735

------------------------------------------------------------------------------
      lnYtou |      Coef.   Std. Err.      t    P>|t|     [95% Conf. Interval]
-------------+----------------------------------------------------------------
          b1 |  -483.4664   1.039694  -465.01   0.000    -485.8639   -481.0688
          b2 |   1991.389   .6210944  3206.26   0.000     1989.957    1992.822
          b3 |   8.440864   1.360181     6.21   0.000     5.304282    11.57745
------------------------------------------------------------------------------
* Parameter b1 taken as constant term in model & ANOVA table
 (SEs, P values, CIs, and correlations are asymptotic approximations)
