=============================================================================================================
Estimation for Internet and UKR, specification 1
=============================================================================================================
   
US parameters:
-------------------------------------------------------------------
elascoef1 = 4.689628305958362
elascoef2 = 4.689628305958362
trend     = .2427768367866972
-------------------------------------------------------------------
   
Model specification estimated:
( lnYtou = lnY + {b1} + (1.3-1)*ln(t-{b2=1988})*4.689628305958362 - (1-.3)*lnYpercap*4.689628305958362 + .2427
> 768367866972*t  ) 
-------------------------------------------------------------------
(obs = 10)

Iteration 0:  residual SS =   2355164
Iteration 1:  residual SS =   2335771
Iteration 2:  residual SS =  581825.5
Iteration 3:  residual SS =  .9158187
Iteration 4:  residual SS =  .5193391
Iteration 5:  residual SS =  .5029235
Iteration 6:  residual SS =  .5028693

      Source |       SS       df       MS            Number of obs =        10
-------------+------------------------------         F(  1,     8) =    771.38
       Model |   48.487645     1   48.487645         Prob > F      =    0.0000
    Residual |  .502869276     8  .062858659         R-squared     =    0.9897
-------------+------------------------------         Adj R-squared =    0.9885
       Total |  48.9905143     9  5.44339047         Root MSE      =  .2507163
                                                     Res. dev.     = -1.521331

------------------------------------------------------------------------------
      lnYtou |      Coef.   Std. Err.      t    P>|t|     [95% Conf. Interval]
-------------+----------------------------------------------------------------
          b1 |  -483.9962   .0955408 -5065.86   0.000    -484.2166   -483.7759
          b2 |   1992.633   .0741131        .   0.000     1992.462    1992.804
------------------------------------------------------------------------------
* Parameter b1 taken as constant term in model & ANOVA table
 (SEs, P values, CIs, and correlations are asymptotic approximations)
