=============================================================================================================
Estimation for Internet and UKR, specification 2
=============================================================================================================
   
US parameters:
-------------------------------------------------------------------
elascoef1 = 4.689628305958362
elascoef2 = 4.689628305958362
trend     = .2427768367866972
-------------------------------------------------------------------
   
Model specification estimated:
( lnYtou = lnY + {b1} + (1.3-1)*ln(t-{b2=1988})*{b3=4.689628305958362} - (1-.3)*lnYpercap*4.689628305958362 + 
> .2427768367866972*t  ) 
-------------------------------------------------------------------
(obs = 10)

Iteration 0:  residual SS =   2355164
Iteration 1:  residual SS =   2337877
Iteration 2:  residual SS =   1314314
Iteration 3:  residual SS =   .501132
Iteration 4:  residual SS =  .4933513
Iteration 5:  residual SS =  .4933367
Iteration 6:  residual SS =  .4933363
Iteration 7:  residual SS =  .4933363

      Source |       SS       df       MS            Number of obs =        10
-------------+------------------------------         F(  2,     7) =    344.07
       Model |   48.497178     2   24.248589         Prob > F      =    0.0000
    Residual |  .493336272     7   .07047661         R-squared     =    0.9899
-------------+------------------------------         Adj R-squared =    0.9871
       Total |  48.9905143     9  5.44339047         Root MSE      =  .2654743
                                                     Res. dev.     = -1.712723

------------------------------------------------------------------------------
      lnYtou |      Coef.   Std. Err.      t    P>|t|     [95% Conf. Interval]
-------------+----------------------------------------------------------------
          b1 |  -484.1662   .4667909 -1037.22   0.000      -485.27   -483.0624
          b2 |   1992.555   .2291202  8696.55   0.000     1992.014    1993.097
          b3 |    4.98796   .7902194     6.31   0.000     3.119388    6.856532
------------------------------------------------------------------------------
* Parameter b1 taken as constant term in model & ANOVA table
 (SEs, P values, CIs, and correlations are asymptotic approximations)
