=============================================================================================================
Estimation for Internet and VNZ, specification 2
=============================================================================================================
   
US parameters:
-------------------------------------------------------------------
elascoef1 = 4.689628305958362
elascoef2 = 4.689628305958362
trend     = .2427768367866972
-------------------------------------------------------------------
   
Model specification estimated:
( lnYtou = lnY + {b1} + (1.3-1)*ln(t-{b2=1987})*{b3=4.689628305958362} - (1-.3)*lnYpercap*4.689628305958362 + 
> .2427768367866972*t  ) 
-------------------------------------------------------------------
(obs = 10)

Iteration 0:  residual SS =   2320012
Iteration 1:  residual SS =   2303224
Iteration 2:  residual SS =  3.000035
Iteration 3:  residual SS =  1.846289
Iteration 4:  residual SS =  1.687206
Iteration 5:  residual SS =  1.680049
Iteration 6:  residual SS =   1.68001
Iteration 7:  residual SS =  1.680007
Iteration 8:  residual SS =  1.680006
Iteration 9:  residual SS =  1.680006
Iteration 10:  residual SS =  1.680006

      Source |       SS       df       MS            Number of obs =        10
-------------+------------------------------         F(  2,     7) =     84.85
       Model |  40.7282538     2  20.3641269         Prob > F      =    0.0000
    Residual |  1.68000611     7  .240000872         R-squared     =    0.9604
-------------+------------------------------         Adj R-squared =    0.9491
       Total |  42.4082599     9  4.71202888         Root MSE      =  .4898988
                                                     Res. dev.     =  10.54089

------------------------------------------------------------------------------
      lnYtou |      Coef.   Std. Err.      t    P>|t|     [95% Conf. Interval]
-------------+----------------------------------------------------------------
          b1 |  -482.1125   2.933722  -164.33   0.000    -489.0496   -475.1753
          b2 |   1989.914   2.516493   790.75   0.000     1983.964    1995.865
          b3 |   6.659234   3.675682     1.81   0.113    -2.032372    15.35084
------------------------------------------------------------------------------
* Parameter b1 taken as constant term in model & ANOVA table
 (SEs, P values, CIs, and correlations are asymptotic approximations)
