=============================================================================================================
Estimation for Internet and VNZ, specification 1
=============================================================================================================
   
US parameters:
-------------------------------------------------------------------
elascoef1 = 4.689628305958362
elascoef2 = 4.689628305958362
trend     = .2427768367866972
-------------------------------------------------------------------
   
Model specification estimated:
( lnYtou = lnY + {b1} + (1.3-1)*ln(t-{b2=1987})*4.689628305958362 - (1-.3)*lnYpercap*4.689628305958362 + .2427
> 768367866972*t  ) 
-------------------------------------------------------------------
(obs = 10)

Iteration 0:  residual SS =   2320012
Iteration 1:  residual SS =   2276760
Iteration 2:  residual SS =  2.996104
Iteration 3:  residual SS =  1.906751
Iteration 4:  residual SS =  1.834629
Iteration 5:  residual SS =  1.834473

      Source |       SS       df       MS            Number of obs =        10
-------------+------------------------------         F(  1,     8) =    176.94
       Model |   40.573787     1   40.573787         Prob > F      =    0.0000
    Residual |  1.83447291     8  .229309113         R-squared     =    0.9567
-------------+------------------------------         Adj R-squared =    0.9513
       Total |  42.4082599     9  4.71202888         Root MSE      =  .4788623
                                                     Res. dev.     =  11.42049

------------------------------------------------------------------------------
      lnYtou |      Coef.   Std. Err.      t    P>|t|     [95% Conf. Interval]
-------------+----------------------------------------------------------------
          b1 |   -480.684   .2228492 -2156.99   0.000    -481.1979   -480.1701
          b2 |   1991.037   .3910758  5091.18   0.000     1990.135    1991.939
------------------------------------------------------------------------------
* Parameter b1 taken as constant term in model & ANOVA table
 (SEs, P values, CIs, and correlations are asymptotic approximations)
