=============================================================================================================
Estimation for Cellphones and ALG, specification 1
=============================================================================================================
   
US parameters:
-------------------------------------------------------------------
elascoef1 = 6.134525874659397
elascoef2 = 6.134525874659397
trend     = .1895809424383103
-------------------------------------------------------------------
   
Model specification estimated:
( lnYtou = lnY + {b1} + (1.3-1)*ln(t-{b2=1985})*6.134525874659397 - (1-.3)*lnYpercap*6.134525874659397 + .1895
> 809424383103*t  ) 
-------------------------------------------------------------------
(obs = 13)

Iteration 0:  residual SS =   1878138
Iteration 1:  residual SS =   1763152
Iteration 2:  residual SS =  9.569129
Iteration 3:  residual SS =     9.208
Iteration 4:  residual SS =  9.201512

      Source |       SS       df       MS            Number of obs =        13
-------------+------------------------------         F(  1,    11) =     40.18
       Model |  33.6086252     1  33.6086252         Prob > F      =    0.0001
    Residual |  9.20149826    11  .836499842         R-squared     =    0.7851
-------------+------------------------------         Adj R-squared =    0.7655
       Total |  42.8101234    12  3.56751029         Root MSE      =  .9146037
                                                     Res. dev.     =  32.39982

------------------------------------------------------------------------------
      lnYtou |      Coef.   Std. Err.      t    P>|t|     [95% Conf. Interval]
-------------+----------------------------------------------------------------
          b1 |  -379.8649   .5988901  -634.28   0.000    -381.1831   -378.5468
          b2 |    1986.11   2.440986   813.65   0.000     1980.737    1991.482
------------------------------------------------------------------------------
* Parameter b1 taken as constant term in model & ANOVA table
 (SEs, P values, CIs, and correlations are asymptotic approximations)
