=============================================================================================================
Estimation for Cellphones and ARG, specification 2
=============================================================================================================
   
US parameters:
-------------------------------------------------------------------
elascoef1 = 6.134525874659397
elascoef2 = 6.134525874659397
trend     = .1895809424383103
-------------------------------------------------------------------
   
Model specification estimated:
( lnYtou = lnY + {b1} + (1.3-1)*ln(t-{b2=1984})*{b3=6.134525874659397} - (1-.3)*lnYpercap*6.134525874659397 + 
> .1895809424383103*t  ) 
-------------------------------------------------------------------
(obs = 14)

Iteration 0:  residual SS =   1953648
Iteration 1:  residual SS =   1924903
Iteration 2:  residual SS =  4.773848
Iteration 3:  residual SS =  2.417904
Iteration 4:  residual SS =  2.415558
Iteration 5:  residual SS =  2.415549
Iteration 6:  residual SS =  2.415549
Iteration 7:  residual SS =  2.415549

      Source |       SS       df       MS            Number of obs =        14
-------------+------------------------------         F(  2,    11) =    194.03
       Model |  85.2177106     2  42.6088553         Prob > F      =    0.0000
    Residual |   2.4155488    11  .219595345         R-squared     =    0.9724
-------------+------------------------------         Adj R-squared =    0.9674
       Total |  87.6332594    13  6.74101996         Root MSE      =    .46861
                                                     Res. dev.     =  15.13045

------------------------------------------------------------------------------
      lnYtou |      Coef.   Std. Err.      t    P>|t|     [95% Conf. Interval]
-------------+----------------------------------------------------------------
          b1 |  -375.0419   1.661269  -225.76   0.000    -378.6983   -371.3855
          b2 |   1987.421   .8589199  2313.86   0.000      1985.53    1989.311
          b3 |   10.16431   2.061383     4.93   0.000     5.627236    14.70138
------------------------------------------------------------------------------
* Parameter b1 taken as constant term in model & ANOVA table
 (SEs, P values, CIs, and correlations are asymptotic approximations)
