=============================================================================================================
Estimation for Cellphones and BLG, specification 1
=============================================================================================================
   
US parameters:
-------------------------------------------------------------------
elascoef1 = 6.134525874659397
elascoef2 = 6.134525874659397
trend     = .1895809424383103
-------------------------------------------------------------------
   
Model specification estimated:
( lnYtou = lnY + {b1} + (1.3-1)*ln(t-{b2=1981})*6.134525874659397 - (1-.3)*lnYpercap*6.134525874659397 + .1895
> 809424383103*t  ) 
-------------------------------------------------------------------
(obs = 17)

Iteration 0:  residual SS =   2327356
Iteration 1:  residual SS =   2252684
Iteration 2:  residual SS =  10.73923
Iteration 3:  residual SS =  9.651741
Iteration 4:  residual SS =  9.638608
Iteration 5:  residual SS =   9.63841

      Source |       SS       df       MS            Number of obs =        17
-------------+------------------------------         F(  1,    15) =    135.08
       Model |  86.7951874     1  86.7951874         Prob > F      =    0.0000
    Residual |  9.63840179    15  .642560119         R-squared     =    0.9001
-------------+------------------------------         Adj R-squared =    0.8934
       Total |  96.4335892    16  6.02709932         Root MSE      =  .8015985
                                                     Res. dev.     =  38.59712

------------------------------------------------------------------------------
      lnYtou |      Coef.   Std. Err.      t    P>|t|     [95% Conf. Interval]
-------------+----------------------------------------------------------------
          b1 |  -369.0789   .2620666 -1408.34   0.000    -369.6375   -368.5203
          b2 |   1984.953   .4815901  4121.66   0.000     1983.926    1985.979
------------------------------------------------------------------------------
* Parameter b1 taken as constant term in model & ANOVA table
 (SEs, P values, CIs, and correlations are asymptotic approximations)
