=============================================================================================================
Estimation for Cellphones and BOL, specification 1
=============================================================================================================
   
US parameters:
-------------------------------------------------------------------
elascoef1 = 6.134525874659397
elascoef2 = 6.134525874659397
trend     = .1895809424383103
-------------------------------------------------------------------
   
Model specification estimated:
( lnYtou = lnY + {b1} + (1.3-1)*ln(t-{b2=1986})*6.134525874659397 - (1-.3)*lnYpercap*6.134525874659397 + .1895
> 809424383103*t  ) 
-------------------------------------------------------------------
(obs = 12)

Iteration 0:  residual SS =   1716207
Iteration 1:  residual SS =   1688271
Iteration 2:  residual SS =  949070.9
Iteration 3:  residual SS =  237103.5
Iteration 4:  residual SS =  8.261038
Iteration 5:  residual SS =  8.260171

      Source |       SS       df       MS            Number of obs =        12
-------------+------------------------------         F(  1,    10) =     94.04
       Model |  77.6752555     1  77.6752555         Prob > F      =    0.0000
    Residual |  8.26013095    10  .826013095         R-squared     =    0.9039
-------------+------------------------------         Adj R-squared =    0.8943
       Total |  85.9353864    11  7.81230786         Root MSE      =  .9088526
                                                     Res. dev.     =  29.57293

------------------------------------------------------------------------------
      lnYtou |      Coef.   Std. Err.      t    P>|t|     [95% Conf. Interval]
-------------+----------------------------------------------------------------
          b1 |  -376.6794   .3137815 -1200.45   0.000    -377.3786   -375.9803
          b2 |   1990.587   .2272058  8761.16   0.000     1990.081    1991.093
------------------------------------------------------------------------------
* Parameter b1 taken as constant term in model & ANOVA table
 (SEs, P values, CIs, and correlations are asymptotic approximations)
