=============================================================================================================
Estimation for Cellphones and BRA, specification 1
=============================================================================================================
   
US parameters:
-------------------------------------------------------------------
elascoef1 = 6.134525874659397
elascoef2 = 6.134525874659397
trend     = .1895809424383103
-------------------------------------------------------------------
   
Model specification estimated:
( lnYtou = lnY + {b1} + (1.3-1)*ln(t-{b2=1985})*6.134525874659397 - (1-.3)*lnYpercap*6.134525874659397 + .1895
> 809424383103*t  ) 
-------------------------------------------------------------------
(obs = 13)

Iteration 0:  residual SS =   1832700
Iteration 1:  residual SS =   1769254
Iteration 2:  residual SS =   9.25507
Iteration 3:  residual SS =   9.25485

      Source |       SS       df       MS            Number of obs =        13
-------------+------------------------------         F(  1,    11) =    156.88
       Model |  131.994588     1  131.994588         Prob > F      =    0.0000
    Residual |  9.25484908    11  .841349917         R-squared     =    0.9345
-------------+------------------------------         Adj R-squared =    0.9285
       Total |  141.249437    12  11.7707864         Root MSE      =  .9172513
                                                     Res. dev.     =  32.47498

------------------------------------------------------------------------------
      lnYtou |      Coef.   Std. Err.      t    P>|t|     [95% Conf. Interval]
-------------+----------------------------------------------------------------
          b1 |  -373.7476   .2738031 -1365.02   0.000    -374.3502   -373.1449
          b2 |   1989.882   .0625558        .   0.000     1989.744     1990.02
------------------------------------------------------------------------------
* Parameter b1 taken as constant term in model & ANOVA table
 (SEs, P values, CIs, and correlations are asymptotic approximations)
