=============================================================================================================
Estimation for Cellphones and CAN, specification 1
=============================================================================================================
   
US parameters:
-------------------------------------------------------------------
elascoef1 = 6.134525874659397
elascoef2 = 6.134525874659397
trend     = .1895809424383103
-------------------------------------------------------------------
   
Model specification estimated:
( lnYtou = lnY + {b1} + (1.3-1)*ln(t-{b2=1980})*6.134525874659397 - (1-.3)*lnYpercap*6.134525874659397 + .1895
> 809424383103*t  ) 
-------------------------------------------------------------------
(obs = 18)

Iteration 0:  residual SS =   2452004
Iteration 1:  residual SS =   2303024
Iteration 2:  residual SS =  .8600179
Iteration 3:  residual SS =  .8599956

      Source |       SS       df       MS            Number of obs =        18
-------------+------------------------------         F(  1,    16) =   1193.25
       Model |  64.1368685     1  64.1368685         Prob > F      =    0.0000
    Residual |  .859995192    16  .053749699         R-squared     =    0.9868
-------------+------------------------------         Adj R-squared =    0.9859
       Total |  64.9968637    17  3.82334492         Root MSE      =  .2318398
                                                     Res. dev.     = -3.659817

------------------------------------------------------------------------------
      lnYtou |      Coef.   Std. Err.      t    P>|t|     [95% Conf. Interval]
-------------+----------------------------------------------------------------
          b1 |  -368.4835   .0877015 -4201.57   0.000    -368.6694   -368.2976
          b2 |   1982.965   .2654371  7470.56   0.000     1982.402    1983.527
------------------------------------------------------------------------------
* Parameter b1 taken as constant term in model & ANOVA table
 (SEs, P values, CIs, and correlations are asymptotic approximations)
