=============================================================================================================
Estimation for Cellphones and CHL, specification 1
=============================================================================================================
   
US parameters:
-------------------------------------------------------------------
elascoef1 = 6.134525874659397
elascoef2 = 6.134525874659397
trend     = .1895809424383103
-------------------------------------------------------------------
   
Model specification estimated:
( lnYtou = lnY + {b1} + (1.3-1)*ln(t-{b2=1984})*6.134525874659397 - (1-.3)*lnYpercap*6.134525874659397 + .1895
> 809424383103*t  ) 
-------------------------------------------------------------------
(obs = 14)

Iteration 0:  residual SS =   1943856
Iteration 1:  residual SS =   1821862
Iteration 2:  residual SS =  454533.8
Iteration 3:  residual SS =  4.953193
Iteration 4:  residual SS =  4.951308

      Source |       SS       df       MS            Number of obs =        14
-------------+------------------------------         F(  1,    12) =    145.69
       Model |  60.1146889     1  60.1146889         Prob > F      =    0.0000
    Residual |  4.95130191    12  .412608492         R-squared     =    0.9239
-------------+------------------------------         Adj R-squared =    0.9176
       Total |  65.0659908    13  5.00507621         Root MSE      =  .6423461
                                                     Res. dev.     =  25.17858

------------------------------------------------------------------------------
      lnYtou |      Coef.   Std. Err.      t    P>|t|     [95% Conf. Interval]
-------------+----------------------------------------------------------------
          b1 |  -371.3443   .2100324 -1768.03   0.000     -371.802   -370.8867
          b2 |    1988.45   .2103487  9453.11   0.000     1987.991    1988.908
------------------------------------------------------------------------------
* Parameter b1 taken as constant term in model & ANOVA table
 (SEs, P values, CIs, and correlations are asymptotic approximations)
