=============================================================================================================
Estimation for Cellphones and CHL, specification 2
=============================================================================================================
   
US parameters:
-------------------------------------------------------------------
elascoef1 = 6.134525874659397
elascoef2 = 6.134525874659397
trend     = .1895809424383103
-------------------------------------------------------------------
   
Model specification estimated:
( lnYtou = lnY + {b1} + (1.3-1)*ln(t-{b2=1984})*{b3=6.134525874659397} - (1-.3)*lnYpercap*6.134525874659397 + 
> .1895809424383103*t  ) 
-------------------------------------------------------------------
(obs = 14)

Iteration 0:  residual SS =   1943856
Iteration 1:  residual SS =   1915240
Iteration 2:  residual SS =  11.76867
Iteration 3:  residual SS =  3.065113
Iteration 4:  residual SS =  .5816592
Iteration 5:  residual SS =   .484304
Iteration 6:  residual SS =  .4838484
Iteration 7:  residual SS =  .4838471
Iteration 8:  residual SS =   .483847
Iteration 9:  residual SS =   .483847

      Source |       SS       df       MS            Number of obs =        14
-------------+------------------------------         F(  2,    11) =    734.12
       Model |  64.5821437     2  32.2910719         Prob > F      =    0.0000
    Residual |  .483847031    11  .043986094         R-squared     =    0.9926
-------------+------------------------------         Adj R-squared =    0.9912
       Total |  65.0659908    13  5.00507621         Root MSE      =  .2097286
                                                     Res. dev.     = -7.380334

------------------------------------------------------------------------------
      lnYtou |      Coef.   Std. Err.      t    P>|t|     [95% Conf. Interval]
-------------+----------------------------------------------------------------
          b1 |   -386.165   5.508022   -70.11   0.000     -398.288   -374.0419
          b2 |    1980.55   2.998035   660.62   0.000     1973.951    1987.149
          b3 |   22.39787    5.07203     4.42   0.001     11.23441    33.56134
------------------------------------------------------------------------------
* Parameter b1 taken as constant term in model & ANOVA table
 (SEs, P values, CIs, and correlations are asymptotic approximations)
