=============================================================================================================
Estimation for Cellphones and CZR, specification 1
=============================================================================================================
   
US parameters:
-------------------------------------------------------------------
elascoef1 = 6.134525874659397
elascoef2 = 6.134525874659397
trend     = .1895809424383103
-------------------------------------------------------------------
   
Model specification estimated:
( lnYtou = lnY + {b1} + (1.3-1)*ln(t-{b2=1986})*6.134525874659397 - (1-.3)*lnYpercap*6.134525874659397 + .1895
> 809424383103*t  ) 
-------------------------------------------------------------------
(obs = 12)

Iteration 0:  residual SS =   1666329
Iteration 1:  residual SS =   1615558
Iteration 2:  residual SS =  907587.9
Iteration 3:  residual SS =  23.79143
Iteration 4:  residual SS =  13.27483
Iteration 5:  residual SS =  11.14146
Iteration 6:  residual SS =  11.07727
Iteration 7:  residual SS =  11.07604

      Source |       SS       df       MS            Number of obs =        12
-------------+------------------------------         F(  1,    10) =     77.93
       Model |  86.3185453     1  86.3185453         Prob > F      =    0.0000
    Residual |  11.0759599    10  1.10759599         R-squared     =    0.8863
-------------+------------------------------         Adj R-squared =    0.8749
       Total |  97.3945053    11  8.85404593         Root MSE      =  1.052424
                                                     Res. dev.     =  33.09297

------------------------------------------------------------------------------
      lnYtou |      Coef.   Std. Err.      t    P>|t|     [95% Conf. Interval]
-------------+----------------------------------------------------------------
          b1 |  -371.0491   .3492648 -1062.37   0.000    -371.8274   -370.2709
          b2 |     1990.7   .1874467        .   0.000     1990.282    1991.117
------------------------------------------------------------------------------
* Parameter b1 taken as constant term in model & ANOVA table
 (SEs, P values, CIs, and correlations are asymptotic approximations)
