=============================================================================================================
Estimation for Cellphones and DEN, specification 2
=============================================================================================================
   
US parameters:
-------------------------------------------------------------------
elascoef1 = 6.134525874659397
elascoef2 = 6.134525874659397
trend     = .1895809424383103
-------------------------------------------------------------------
   
Model specification estimated:
( lnYtou = lnY + {b1} + (1.3-1)*ln(t-{b2=1977})*{b3=6.134525874659397} - (1-.3)*lnYpercap*6.134525874659397 + 
> .1895809424383103*t  ) 
-------------------------------------------------------------------
(obs = 21)

Iteration 0:  residual SS =   2854465
Iteration 1:  residual SS =   2811842
Iteration 2:  residual SS =  1.903751
Iteration 3:  residual SS =  1.628054
Iteration 4:  residual SS =  1.526555
Iteration 5:  residual SS =  1.474298
Iteration 6:  residual SS =  1.433556
Iteration 7:  residual SS =  1.414116
Iteration 8:  residual SS =  1.410099
Iteration 9:  residual SS =  1.409685
Iteration 10:  residual SS =  1.409649
Iteration 11:  residual SS =  1.409645
Iteration 12:  residual SS =  1.409645
Iteration 13:  residual SS =  1.409645
Iteration 14:  residual SS =  1.409645
Iteration 15:  residual SS =  1.409645
Iteration 16:  residual SS =  1.409645

      Source |       SS       df       MS            Number of obs =        21
-------------+------------------------------         F(  2,    18) =    454.25
       Model |  71.1484987     2  35.5742494         Prob > F      =    0.0000
    Residual |  1.40964454    18  .078313586         R-squared     =    0.9806
-------------+------------------------------         Adj R-squared =    0.9784
       Total |  72.5581433    20  3.62790716         Root MSE      =  .2798456
                                                     Res. dev.     =  2.870536

------------------------------------------------------------------------------
      lnYtou |      Coef.   Std. Err.      t    P>|t|     [95% Conf. Interval]
-------------+----------------------------------------------------------------
          b1 |  -378.5427    10.2305   -37.00   0.000    -400.0362   -357.0493
          b2 |   1965.319   13.19839   148.91   0.000     1937.591    1993.048
          b3 |   15.00915   8.071718     1.86   0.079    -1.948903     31.9672
------------------------------------------------------------------------------
* Parameter b1 taken as constant term in model & ANOVA table
 (SEs, P values, CIs, and correlations are asymptotic approximations)
