=============================================================================================================
Estimation for Cellphones and EST, specification 1
=============================================================================================================
   
US parameters:
-------------------------------------------------------------------
elascoef1 = 6.134525874659397
elascoef2 = 6.134525874659397
trend     = .1895809424383103
-------------------------------------------------------------------
   
Model specification estimated:
( lnYtou = lnY + {b1} + (1.3-1)*ln(t-{b2=1986})*6.134525874659397 - (1-.3)*lnYpercap*6.134525874659397 + .1895
> 809424383103*t  ) 
-------------------------------------------------------------------
(obs = 12)

Iteration 0:  residual SS =   1655934
Iteration 1:  residual SS =   1554586
Iteration 2:  residual SS =  11.11567
Iteration 3:  residual SS =  7.417345
Iteration 4:  residual SS =  7.157923
Iteration 5:  residual SS =  7.156018
Iteration 6:  residual SS =   7.15592

      Source |       SS       df       MS            Number of obs =        12
-------------+------------------------------         F(  1,    10) =     77.24
       Model |  55.2700374     1  55.2700374         Prob > F      =    0.0000
    Residual |   7.1559099    10   .71559099         R-squared     =    0.8854
-------------+------------------------------         Adj R-squared =    0.8739
       Total |  62.4259473    11  5.67508611         Root MSE      =  .8459261
                                                     Res. dev.     =  27.85091

------------------------------------------------------------------------------
      lnYtou |      Coef.   Std. Err.      t    P>|t|     [95% Conf. Interval]
-------------+----------------------------------------------------------------
          b1 |  -370.0075   .2957129 -1251.24   0.000    -370.6664   -369.3486
          b2 |   1990.549   .2309687  8618.26   0.000     1990.035    1991.064
------------------------------------------------------------------------------
* Parameter b1 taken as constant term in model & ANOVA table
 (SEs, P values, CIs, and correlations are asymptotic approximations)
