=============================================================================================================
Estimation for Cellphones and FIN, specification 2
=============================================================================================================
   
US parameters:
-------------------------------------------------------------------
elascoef1 = 6.134525874659397
elascoef2 = 6.134525874659397
trend     = .1895809424383103
-------------------------------------------------------------------
   
Model specification estimated:
( lnYtou = lnY + {b1} + (1.3-1)*ln(t-{b2=1975})*{b3=6.134525874659397} - (1-.3)*lnYpercap*6.134525874659397 + 
> .1895809424383103*t  ) 
-------------------------------------------------------------------
(obs = 23)

Iteration 0:  residual SS =   3132351
Iteration 1:  residual SS =   3084985
Iteration 2:  residual SS =   3.81108
Iteration 3:  residual SS =  2.576003
Iteration 4:  residual SS =  2.339552
Iteration 5:  residual SS =  2.234127
Iteration 6:  residual SS =  2.160806
Iteration 7:  residual SS =  2.110024
Iteration 8:  residual SS =  2.084939
Iteration 9:  residual SS =  2.052931
Iteration 10:  residual SS =  2.026651
Iteration 11:  residual SS =  2.006531
Iteration 12:  residual SS =   1.99318
Iteration 13:  residual SS =  1.987439
Iteration 14:  residual SS =  1.972712
Iteration 15:  residual SS =  1.959482
Iteration 16:  residual SS =  1.947816
Iteration 17:  residual SS =    1.9378
Iteration 18:  residual SS =  1.929533
Iteration 19:  residual SS =  1.923137
Iteration 20:  residual SS =  1.918756
Iteration 21:  residual SS =  1.916562
Iteration 22:  residual SS =  1.909357
Iteration 23:  residual SS =  1.902544
Iteration 24:  residual SS =  1.896134
Iteration 25:  residual SS =   1.89014
Iteration 26:  residual SS =  1.884576
Iteration 27:  residual SS =  1.879458
Iteration 28:  residual SS =  1.874801
Iteration 29:  residual SS =  1.870626
Iteration 30:  residual SS =  1.866954
Iteration 31:  residual SS =  1.863807
Iteration 32:  residual SS =  1.861211
Iteration 33:  residual SS =  1.859195
Iteration 34:  residual SS =  1.857791
Iteration 35:  residual SS =  1.857033
Iteration 36:  residual SS =  1.856962
Iteration 37:  residual SS =  1.853708
Iteration 38:  residual SS =  1.850566
Iteration 39:  residual SS =  1.847539
Iteration 40:  residual SS =  1.844629
Iteration 41:  residual SS =  1.841839
Iteration 42:  residual SS =  1.839171
Iteration 43:  residual SS =   1.83663
Iteration 44:  residual SS =  1.834216
Iteration 45:  residual SS =  1.831936
Iteration 46:  residual SS =  1.829791
Iteration 47:  residual SS =  1.827785
Iteration 48:  residual SS =  1.825923
Iteration 49:  residual SS =  1.824209

      Source |       SS       df       MS            Number of obs =        23
-------------+------------------------------         F(  2,    20) =    370.93
       Model |  67.6074989     2  33.8037495         Prob > F      =    0.0000
    Residual |  1.82264768    20  .091132384         R-squared     =    0.9737
-------------+------------------------------         Adj R-squared =    0.9711
       Total |  69.4301466    22  3.15591575         Root MSE      =  .3018814
                                                     Res. dev.     =   6.96148

------------------------------------------------------------------------------
      lnYtou |      Coef.   Std. Err.      t    P>|t|     [95% Conf. Interval]
-------------+----------------------------------------------------------------
          b1 |  -409.1566   79.32605    -5.16   0.000    -574.6278   -243.6854
          b2 |   1910.333   114.4344    16.69   0.000     1671.627    2149.039
          b3 |   34.33983    49.2278     0.70   0.493    -68.34756    137.0272
------------------------------------------------------------------------------
* Parameter b1 taken as constant term in model & ANOVA table
 (SEs, P values, CIs, and correlations are asymptotic approximations)
convergence not achieved
