=============================================================================================================
Estimation for Cellphones and FRA, specification 1
=============================================================================================================
   
US parameters:
-------------------------------------------------------------------
elascoef1 = 6.134525874659397
elascoef2 = 6.134525874659397
trend     = .1895809424383103
-------------------------------------------------------------------
   
Model specification estimated:
( lnYtou = lnY + {b1} + (1.3-1)*ln(t-{b2=1981})*6.134525874659397 - (1-.3)*lnYpercap*6.134525874659397 + .1895
> 809424383103*t  ) 
-------------------------------------------------------------------
(obs = 17)

Iteration 0:  residual SS =   2325786
Iteration 1:  residual SS =   1321525
Iteration 2:  residual SS =  7.080373
Iteration 3:  residual SS =  6.530811
Iteration 4:  residual SS =  6.524934

      Source |       SS       df       MS            Number of obs =        17
-------------+------------------------------         F(  1,    15) =    216.44
       Model |   94.148293     1   94.148293         Prob > F      =    0.0000
    Residual |  6.52490328    15  .434993552         R-squared     =    0.9352
-------------+------------------------------         Adj R-squared =    0.9309
       Total |  100.673196    16  6.29207477         Root MSE      =  .6595404
                                                     Res. dev.     =  31.96493

------------------------------------------------------------------------------
      lnYtou |      Coef.   Std. Err.      t    P>|t|     [95% Conf. Interval]
-------------+----------------------------------------------------------------
          b1 |  -368.8409   .2014965 -1830.51   0.000    -369.2704   -368.4114
          b2 |   1985.242   .2895958  6855.22   0.000     1984.624    1985.859
------------------------------------------------------------------------------
* Parameter b1 taken as constant term in model & ANOVA table
 (SEs, P values, CIs, and correlations are asymptotic approximations)
