=============================================================================================================
Estimation for Cellphones and GRE, specification 1
=============================================================================================================
   
US parameters:
-------------------------------------------------------------------
elascoef1 = 6.134525874659397
elascoef2 = 6.134525874659397
trend     = .1895809424383103
-------------------------------------------------------------------
   
Model specification estimated:
( lnYtou = lnY + {b1} + (1.3-1)*ln(t-{b2=1988})*6.134525874659397 - (1-.3)*lnYpercap*6.134525874659397 + .1895
> 809424383103*t  ) 
-------------------------------------------------------------------
(obs = 10)

Iteration 0:  residual SS =   1369750
Iteration 1:  residual SS =   1346655
Iteration 2:  residual SS =  6.177266
Iteration 3:  residual SS =  1.530942
Iteration 4:  residual SS =   1.00784
Iteration 5:  residual SS =  1.000476
Iteration 6:  residual SS =  1.000442

      Source |       SS       df       MS            Number of obs =        10
-------------+------------------------------         F(  1,     8) =    226.43
       Model |  28.3161236     1  28.3161236         Prob > F      =    0.0000
    Residual |  1.00044137     8  .125055171         R-squared     =    0.9659
-------------+------------------------------         Adj R-squared =    0.9616
       Total |   29.316565     9  3.25739611         Root MSE      =  .3536314
                                                     Res. dev.     =  5.357332

------------------------------------------------------------------------------
      lnYtou |      Coef.   Std. Err.      t    P>|t|     [95% Conf. Interval]
-------------+----------------------------------------------------------------
          b1 |  -368.7727   .1621764 -2273.90   0.000    -369.1467   -368.3987
          b2 |   1992.101   .2058039  9679.61   0.000     1991.627    1992.576
------------------------------------------------------------------------------
* Parameter b1 taken as constant term in model & ANOVA table
 (SEs, P values, CIs, and correlations are asymptotic approximations)
