=============================================================================================================
Estimation for Cellphones and HUN, specification 2
=============================================================================================================
   
US parameters:
-------------------------------------------------------------------
elascoef1 = 6.134525874659397
elascoef2 = 6.134525874659397
trend     = .1895809424383103
-------------------------------------------------------------------
   
Model specification estimated:
( lnYtou = lnY + {b1} + (1.3-1)*ln(t-{b2=1985})*{b3=6.134525874659397} - (1-.3)*lnYpercap*6.134525874659397 + 
> .1895809424383103*t  ) 
-------------------------------------------------------------------
(obs = 13)

Iteration 0:  residual SS =   1812082
Iteration 1:  residual SS =   1785330
Iteration 2:  residual SS =  31.28205
Iteration 3:  residual SS =   10.4224
Iteration 4:  residual SS =   .239534
Iteration 5:  residual SS =  .2135989
Iteration 6:  residual SS =  .2135988

      Source |       SS       df       MS            Number of obs =        13
-------------+------------------------------         F(  2,    10) =   1734.52
       Model |  74.0980758     2  37.0490379         Prob > F      =    0.0000
    Residual |  .213598831    10  .021359883         R-squared     =    0.9971
-------------+------------------------------         Adj R-squared =    0.9966
       Total |  74.3116746    12  6.19263955         Root MSE      =  .1461502
                                                     Res. dev.     = -16.51946

------------------------------------------------------------------------------
      lnYtou |      Coef.   Std. Err.      t    P>|t|     [95% Conf. Interval]
-------------+----------------------------------------------------------------
          b1 |  -392.1119   6.071682   -64.58   0.000    -405.6405   -378.5833
          b2 |   1979.514   2.962162   668.27   0.000     1972.914    1986.114
          b3 |   27.69046   5.405265     5.12   0.000     15.64678    39.73414
------------------------------------------------------------------------------
* Parameter b1 taken as constant term in model & ANOVA table
 (SEs, P values, CIs, and correlations are asymptotic approximations)
