=============================================================================================================
Estimation for Cellphones and HUN, specification 1
=============================================================================================================
   
US parameters:
-------------------------------------------------------------------
elascoef1 = 6.134525874659397
elascoef2 = 6.134525874659397
trend     = .1895809424383103
-------------------------------------------------------------------
   
Model specification estimated:
( lnYtou = lnY + {b1} + (1.3-1)*ln(t-{b2=1985})*6.134525874659397 - (1-.3)*lnYpercap*6.134525874659397 + .1895
> 809424383103*t  ) 
-------------------------------------------------------------------
(obs = 13)

Iteration 0:  residual SS =   1812082
Iteration 1:  residual SS =   1782406
Iteration 2:  residual SS =  443178.7
Iteration 3:  residual SS =  8.603994
Iteration 4:  residual SS =  5.982227
Iteration 5:  residual SS =  5.884613
Iteration 6:  residual SS =   5.88282
Iteration 7:  residual SS =   5.88268

      Source |       SS       df       MS            Number of obs =        13
-------------+------------------------------         F(  1,    11) =    127.96
       Model |  68.4290083     1  68.4290083         Prob > F      =    0.0000
    Residual |   5.8826663    11  .534787845         R-squared     =    0.9208
-------------+------------------------------         Adj R-squared =    0.9136
       Total |  74.3116746    12  6.19263955         Root MSE      =  .7312919
                                                     Res. dev.     =  26.58419

------------------------------------------------------------------------------
      lnYtou |      Coef.   Std. Err.      t    P>|t|     [95% Conf. Interval]
-------------+----------------------------------------------------------------
          b1 |  -372.0251   .2520592 -1475.94   0.000    -372.5798   -371.4703
          b2 |   1989.434    .249492  7973.94   0.000     1988.885    1989.983
------------------------------------------------------------------------------
* Parameter b1 taken as constant term in model & ANOVA table
 (SEs, P values, CIs, and correlations are asymptotic approximations)
