=============================================================================================================
Estimation for Cellphones and JOR, specification 1
=============================================================================================================
   
US parameters:
-------------------------------------------------------------------
elascoef1 = 6.134525874659397
elascoef2 = 6.134525874659397
trend     = .1895809424383103
-------------------------------------------------------------------
   
Model specification estimated:
( lnYtou = lnY + {b1} + (1.3-1)*ln(t-{b2=1985})*6.134525874659397 - (1-.3)*lnYpercap*6.134525874659397 + .1895
> 809424383103*t  ) 
-------------------------------------------------------------------
(obs = 13)

Iteration 0:  residual SS =   1843445
Iteration 1:  residual SS =  3645.078
Iteration 2:  residual SS =  1697.297
Iteration 3:  residual SS =  14.96508
Iteration 4:  residual SS =  13.61863
Iteration 5:  residual SS =  13.59225
Iteration 6:  residual SS =  13.59124
Iteration 7:  residual SS =  13.59103

      Source |       SS       df       MS            Number of obs =        13
-------------+------------------------------         F(  1,    11) =     54.12
       Model |  66.8655275     1  66.8655275         Prob > F      =    0.0000
    Residual |  13.5909853    11  1.23554412         R-squared     =    0.8311
-------------+------------------------------         Adj R-squared =    0.8157
       Total |  80.4565128    12   6.7047094         Root MSE      =   1.11155
                                                     Res. dev.     =  37.47035

------------------------------------------------------------------------------
      lnYtou |      Coef.   Std. Err.      t    P>|t|     [95% Conf. Interval]
-------------+----------------------------------------------------------------
          b1 |  -375.6501   .4834044  -777.09   0.000    -376.7141   -374.5862
          b2 |   1988.548   .9911499  2006.30   0.000     1986.367     1990.73
------------------------------------------------------------------------------
* Parameter b1 taken as constant term in model & ANOVA table
 (SEs, P values, CIs, and correlations are asymptotic approximations)
