=============================================================================================================
Estimation for Cellphones and KUW, specification 1
=============================================================================================================
   
US parameters:
-------------------------------------------------------------------
elascoef1 = 6.134525874659397
elascoef2 = 6.134525874659397
trend     = .1895809424383103
-------------------------------------------------------------------
   
Model specification estimated:
( lnYtou = lnY + {b1} + (1.3-1)*ln(t-{b2=1981})*6.134525874659397 - (1-.3)*lnYpercap*6.134525874659397 + .1895
> 809424383103*t  ) 
-------------------------------------------------------------------
(obs = 17)

Iteration 0:  residual SS =   2342448
Iteration 1:  residual SS =   2270022
Iteration 2:  residual SS =  6.086531
Iteration 3:  residual SS =  5.275589
Iteration 4:  residual SS =   5.24944

      Source |       SS       df       MS            Number of obs =        17
-------------+------------------------------         F(  1,    15) =     82.77
       Model |  28.9649693     1  28.9649693         Prob > F      =    0.0000
    Residual |  5.24941896    15  .349961264         R-squared     =    0.8466
-------------+------------------------------         Adj R-squared =    0.8363
       Total |  34.2143883    16  2.13839927         Root MSE      =  .5915752
                                                     Res. dev.     =  28.26728

------------------------------------------------------------------------------
      lnYtou |      Coef.   Std. Err.      t    P>|t|     [95% Conf. Interval]
-------------+----------------------------------------------------------------
          b1 |  -371.1275   .3250024 -1141.92   0.000    -371.8202   -370.4347
          b2 |   1981.429   1.642562  1206.30   0.000     1977.928     1984.93
------------------------------------------------------------------------------
* Parameter b1 taken as constant term in model & ANOVA table
 (SEs, P values, CIs, and correlations are asymptotic approximations)
