=============================================================================================================
Estimation for Cellphones and KUW, specification 2
=============================================================================================================
   
US parameters:
-------------------------------------------------------------------
elascoef1 = 6.134525874659397
elascoef2 = 6.134525874659397
trend     = .1895809424383103
-------------------------------------------------------------------
   
Model specification estimated:
( lnYtou = lnY + {b1} + (1.3-1)*ln(t-{b2=1981})*{b3=6.134525874659397} - (1-.3)*lnYpercap*6.134525874659397 + 
> .1895809424383103*t  ) 
-------------------------------------------------------------------
(obs = 17)

Iteration 0:  residual SS =   2342448
Iteration 1:  residual SS =   2307243
Iteration 2:  residual SS =  5.484944
Iteration 3:  residual SS =  5.255271
Iteration 4:  residual SS =  5.254461
Iteration 5:  residual SS =  5.244133
Iteration 6:  residual SS =  5.238018
Iteration 7:  residual SS =  5.234669
Iteration 8:  residual SS =  5.234648
Iteration 9:  residual SS =  5.234648
Iteration 10:  residual SS =  5.234648
Iteration 11:  residual SS =  5.234648

      Source |       SS       df       MS            Number of obs =        17
-------------+------------------------------         F(  2,    14) =     38.75
       Model |  28.9797405     2  14.4898703         Prob > F      =    0.0000
    Residual |  5.23464778    14  .373903413         R-squared     =    0.8470
-------------+------------------------------         Adj R-squared =    0.8251
       Total |  34.2143883    16  2.13839927         Root MSE      =  .6114764
                                                     Res. dev.     =  28.21938

------------------------------------------------------------------------------
      lnYtou |      Coef.   Std. Err.      t    P>|t|     [95% Conf. Interval]
-------------+----------------------------------------------------------------
          b1 |   -372.002   7.161472   -51.94   0.000    -387.3619   -356.6422
          b2 |   1980.173     10.764   183.96   0.000     1957.087     2003.26
          b3 |   7.003987   6.886442     1.02   0.326    -7.765961    21.77394
------------------------------------------------------------------------------
* Parameter b1 taken as constant term in model & ANOVA table
 (SEs, P values, CIs, and correlations are asymptotic approximations)
