=============================================================================================================
Estimation for Cellphones and LTH, specification 1
=============================================================================================================
   
US parameters:
-------------------------------------------------------------------
elascoef1 = 6.134525874659397
elascoef2 = 6.134525874659397
trend     = .1895809424383103
-------------------------------------------------------------------
   
Model specification estimated:
( lnYtou = lnY + {b1} + (1.3-1)*ln(t-{b2=1987})*6.134525874659397 - (1-.3)*lnYpercap*6.134525874659397 + .1895
> 809424383103*t  ) 
-------------------------------------------------------------------
(obs = 11)

Iteration 0:  residual SS =   1540159
Iteration 1:  residual SS =   1514425
Iteration 2:  residual SS =    850721
Iteration 3:  residual SS =  18.39717
Iteration 4:  residual SS =  10.88098
Iteration 5:  residual SS =  9.754564
Iteration 6:  residual SS =  9.743826
Iteration 7:  residual SS =  9.743604

      Source |       SS       df       MS            Number of obs =        11
-------------+------------------------------         F(  1,     9) =     66.91
       Model |  72.4373143     1  72.4373143         Prob > F      =    0.0000
    Residual |  9.74359283     9  1.08262143         R-squared     =    0.8814
-------------+------------------------------         Adj R-squared =    0.8683
       Total |  82.1809071    10  8.21809071         Root MSE      =  1.040491
                                                     Res. dev.     =  29.88251

------------------------------------------------------------------------------
      lnYtou |      Coef.   Std. Err.      t    P>|t|     [95% Conf. Interval]
-------------+----------------------------------------------------------------
          b1 |  -372.5168   .3655099 -1019.17   0.000    -373.3436   -371.6899
          b2 |    1991.69   .1938493        .   0.000     1991.252    1992.129
------------------------------------------------------------------------------
* Parameter b1 taken as constant term in model & ANOVA table
 (SEs, P values, CIs, and correlations are asymptotic approximations)
