=============================================================================================================
Estimation for Cellphones and LTV, specification 2
=============================================================================================================
   
US parameters:
-------------------------------------------------------------------
elascoef1 = 6.134525874659397
elascoef2 = 6.134525874659397
trend     = .1895809424383103
-------------------------------------------------------------------
   
Model specification estimated:
( lnYtou = lnY + {b1} + (1.3-1)*ln(t-{b2=1987})*{b3=6.134525874659397} - (1-.3)*lnYpercap*6.134525874659397 + 
> .1895809424383103*t  ) 
-------------------------------------------------------------------
(obs = 11)

Iteration 0:  residual SS =   1533714
Iteration 1:  residual SS =   1511331
Iteration 2:  residual SS =  64.18211
Iteration 3:  residual SS =  44.17926
Iteration 4:  residual SS =  33.89194
Iteration 5:  residual SS =  .3640215
Iteration 6:  residual SS =  .2920915
Iteration 7:  residual SS =  .2920914
Iteration 8:  residual SS =  .2920914
Iteration 9:  residual SS =  .2920914

      Source |       SS       df       MS            Number of obs =        11
-------------+------------------------------         F(  2,     8) =    687.50
       Model |  50.2033908     2  25.1016954         Prob > F      =    0.0000
    Residual |  .292091377     8  .036511422         R-squared     =    0.9942
-------------+------------------------------         Adj R-squared =    0.9928
       Total |  50.4954822    10  5.04954822         Root MSE      =  .1910796
                                                     Res. dev.     = -8.697775

------------------------------------------------------------------------------
      lnYtou |      Coef.   Std. Err.      t    P>|t|     [95% Conf. Interval]
-------------+----------------------------------------------------------------
          b1 |  -420.1528   32.43392   -12.95   0.000    -494.9456   -345.3601
          b2 |   1972.306   11.72105   168.27   0.000     1945.277    1999.334
          b3 |   53.03974    25.8092     2.06   0.074    -6.476372    112.5559
------------------------------------------------------------------------------
* Parameter b1 taken as constant term in model & ANOVA table
 (SEs, P values, CIs, and correlations are asymptotic approximations)
