=============================================================================================================
Estimation for Cellphones and MAS, specification 1
=============================================================================================================
   
US parameters:
-------------------------------------------------------------------
elascoef1 = 6.134525874659397
elascoef2 = 6.134525874659397
trend     = .1895809424383103
-------------------------------------------------------------------
   
Model specification estimated:
( lnYtou = lnY + {b1} + (1.3-1)*ln(t-{b2=1985})*6.134525874659397 - (1-.3)*lnYpercap*6.134525874659397 + .1895
> 809424383103*t  ) 
-------------------------------------------------------------------
(obs = 13)

Iteration 0:  residual SS =   1802953
Iteration 1:  residual SS =   1691211
Iteration 2:  residual SS =  5.789112
Iteration 3:  residual SS =  5.659194
Iteration 4:  residual SS =  5.655797
Iteration 5:  residual SS =  5.655466

      Source |       SS       df       MS            Number of obs =        13
-------------+------------------------------         F(  1,    11) =     69.54
       Model |  35.7510354     1  35.7510354         Prob > F      =    0.0000
    Residual |  5.65543371    11  .514130338         R-squared     =    0.8634
-------------+------------------------------         Adj R-squared =    0.8510
       Total |  41.4064691    12  3.45053909         Root MSE      =  .7170288
                                                     Res. dev.     =  26.07208

------------------------------------------------------------------------------
      lnYtou |      Coef.   Std. Err.      t    P>|t|     [95% Conf. Interval]
-------------+----------------------------------------------------------------
          b1 |  -371.4758   .3097689 -1199.20   0.000    -372.1576    -370.794
          b2 |   1988.592    .625825  3177.55   0.000     1987.215    1989.969
------------------------------------------------------------------------------
* Parameter b1 taken as constant term in model & ANOVA table
 (SEs, P values, CIs, and correlations are asymptotic approximations)
