=============================================================================================================
Estimation for Cellphones and MEX, specification 1
=============================================================================================================
   
US parameters:
-------------------------------------------------------------------
elascoef1 = 6.134525874659397
elascoef2 = 6.134525874659397
trend     = .1895809424383103
-------------------------------------------------------------------
   
Model specification estimated:
( lnYtou = lnY + {b1} + (1.3-1)*ln(t-{b2=1983})*6.134525874659397 - (1-.3)*lnYpercap*6.134525874659397 + .1895
> 809424383103*t  ) 
-------------------------------------------------------------------
(obs = 15)

Iteration 0:  residual SS =   2104375
Iteration 1:  residual SS =  962.7621
Iteration 2:  residual SS =   957.244
Iteration 3:  residual SS =  953.7102
Iteration 4:  residual SS =  946.6428
Iteration 5:  residual SS =  894.7064
Iteration 6:  residual SS =  735.5643
Iteration 7:  residual SS =  443.1027
Iteration 8:  residual SS =  119.6526
Iteration 9:  residual SS =  4.688075
Iteration 10:  residual SS =  4.687831

      Source |       SS       df       MS            Number of obs =        15
-------------+------------------------------         F(  1,    13) =    291.20
       Model |  105.008891     1  105.008891         Prob > F      =    0.0000
    Residual |  4.68782836    13  .360602182         R-squared     =    0.9573
-------------+------------------------------         Adj R-squared =    0.9540
       Total |  109.696719    14  7.83547994         Root MSE      =  .6005016
                                                     Res. dev.     =  25.12194

------------------------------------------------------------------------------
      lnYtou |      Coef.   Std. Err.      t    P>|t|     [95% Conf. Interval]
-------------+----------------------------------------------------------------
          b1 |  -373.1758   .1747919 -2134.97   0.000    -373.5534   -372.7982
          b2 |   1987.694   .1073977        .   0.000     1987.462    1987.926
------------------------------------------------------------------------------
* Parameter b1 taken as constant term in model & ANOVA table
 (SEs, P values, CIs, and correlations are asymptotic approximations)
