=============================================================================================================
Estimation for Cellphones and MOR, specification 1
=============================================================================================================
   
US parameters:
-------------------------------------------------------------------
elascoef1 = 6.134525874659397
elascoef2 = 6.134525874659397
trend     = .1895809424383103
-------------------------------------------------------------------
   
Model specification estimated:
( lnYtou = lnY + {b1} + (1.3-1)*ln(t-{b2=1982})*6.134525874659397 - (1-.3)*lnYpercap*6.134525874659397 + .1895
> 809424383103*t  ) 
-------------------------------------------------------------------
(obs = 16)

Iteration 0:  residual SS =   2307823
Iteration 1:  residual SS =   2011865
Iteration 2:  residual SS =   1130584
Iteration 3:  residual SS =  49.50763
Iteration 4:  residual SS =  32.90714
Iteration 5:  residual SS =  28.45629
Iteration 6:  residual SS =  28.19009
Iteration 7:  residual SS =  28.18598
Iteration 8:  residual SS =  28.18552

      Source |       SS       df       MS            Number of obs =        16
-------------+------------------------------         F(  1,    14) =     82.33
       Model |  165.753426     1  165.753426         Prob > F      =    0.0000
    Residual |  28.1854526    14  2.01324661         R-squared     =    0.8547
-------------+------------------------------         Adj R-squared =    0.8443
       Total |  193.938878    15  12.9292586         Root MSE      =  1.418889
                                                     Res. dev.     =  54.46551

------------------------------------------------------------------------------
      lnYtou |      Coef.   Std. Err.      t    P>|t|     [95% Conf. Interval]
-------------+----------------------------------------------------------------
          b1 |  -378.4861   .4018689  -941.82   0.000    -379.3481   -377.6242
          b2 |   1986.658   .2831855  7015.40   0.000     1986.051    1987.266
------------------------------------------------------------------------------
* Parameter b1 taken as constant term in model & ANOVA table
 (SEs, P values, CIs, and correlations are asymptotic approximations)
