=============================================================================================================
Estimation for Cellphones and NEW, specification 1
=============================================================================================================
   
US parameters:
-------------------------------------------------------------------
elascoef1 = 6.134525874659397
elascoef2 = 6.134525874659397
trend     = .1895809424383103
-------------------------------------------------------------------
   
Model specification estimated:
( lnYtou = lnY + {b1} + (1.3-1)*ln(t-{b2=1982})*6.134525874659397 - (1-.3)*lnYpercap*6.134525874659397 + .1895
> 809424383103*t  ) 
-------------------------------------------------------------------
(obs = 16)

Iteration 0:  residual SS =   2186272
Iteration 1:  residual SS =   2045510
Iteration 2:  residual SS =  10.97153
Iteration 3:  residual SS =  2.789026
Iteration 4:  residual SS =  .7095196
Iteration 5:  residual SS =  .4776991
Iteration 6:  residual SS =  .4717881
Iteration 7:  residual SS =  .4717625

      Source |       SS       df       MS            Number of obs =        16
-------------+------------------------------         F(  1,    14) =   1763.62
       Model |  59.4293291     1  59.4293291         Prob > F      =    0.0000
    Residual |  .471762444    14  .033697317         R-squared     =    0.9921
-------------+------------------------------         Adj R-squared =    0.9916
       Total |  59.9010916    15   3.9934061         Root MSE      =  .1835683
                                                     Res. dev.     = -10.97586

------------------------------------------------------------------------------
      lnYtou |      Coef.   Std. Err.      t    P>|t|     [95% Conf. Interval]
-------------+----------------------------------------------------------------
          b1 |  -368.8427   .0686833 -5370.20   0.000      -368.99   -368.6954
          b2 |   1985.525   .1575638        .   0.000     1985.187    1985.863
------------------------------------------------------------------------------
* Parameter b1 taken as constant term in model & ANOVA table
 (SEs, P values, CIs, and correlations are asymptotic approximations)
