=============================================================================================================
Estimation for Cellphones and NIC, specification 2
=============================================================================================================
   
US parameters:
-------------------------------------------------------------------
elascoef1 = 6.134525874659397
elascoef2 = 6.134525874659397
trend     = .1895809424383103
-------------------------------------------------------------------
   
Model specification estimated:
( lnYtou = lnY + {b1} + (1.3-1)*ln(t-{b2=1988})*{b3=6.134525874659397} - (1-.3)*lnYpercap*6.134525874659397 + 
> .1895809424383103*t  ) 
-------------------------------------------------------------------
(obs = 10)

Iteration 0:  residual SS =   1447646
Iteration 1:  residual SS =   1426768
Iteration 2:  residual SS =  6.298604
Iteration 3:  residual SS =  1.649032
Iteration 4:  residual SS =  1.222552
Iteration 5:  residual SS =  1.214519
Iteration 6:  residual SS =  1.214398
Iteration 7:  residual SS =  1.214392
Iteration 8:  residual SS =  1.214392
Iteration 9:  residual SS =  1.214392
Iteration 10:  residual SS =  1.214392
Iteration 11:  residual SS =  1.214392

      Source |       SS       df       MS            Number of obs =        10
-------------+------------------------------         F(  2,     7) =    105.32
       Model |  36.5418668     2  18.2709334         Prob > F      =    0.0000
    Residual |   1.2143921     7  .173484585         R-squared     =    0.9678
-------------+------------------------------         Adj R-squared =    0.9586
       Total |  37.7562589     9  4.19513988         Root MSE      =  .4165148
                                                     Res. dev.     =  7.295356

------------------------------------------------------------------------------
      lnYtou |      Coef.   Std. Err.      t    P>|t|     [95% Conf. Interval]
-------------+----------------------------------------------------------------
          b1 |  -387.3018   9.357676   -41.39   0.000    -409.4292   -365.1744
          b2 |   1987.764   5.075175   391.66   0.000     1975.764    1999.765
          b3 |   16.26706   9.826205     1.66   0.142    -6.968221    39.50234
------------------------------------------------------------------------------
* Parameter b1 taken as constant term in model & ANOVA table
 (SEs, P values, CIs, and correlations are asymptotic approximations)
