=============================================================================================================
Estimation for Cellphones and NTH, specification 1
=============================================================================================================
   
US parameters:
-------------------------------------------------------------------
elascoef1 = 6.134525874659397
elascoef2 = 6.134525874659397
trend     = .1895809424383103
-------------------------------------------------------------------
   
Model specification estimated:
( lnYtou = lnY + {b1} + (1.3-1)*ln(t-{b2=1980})*6.134525874659397 - (1-.3)*lnYpercap*6.134525874659397 + .1895
> 809424383103*t  ) 
-------------------------------------------------------------------
(obs = 18)

Iteration 0:  residual SS =   2461871
Iteration 1:  residual SS =   1876808
Iteration 2:  residual SS =   8.97999
Iteration 3:  residual SS =  8.844572
Iteration 4:  residual SS =  8.843497

      Source |       SS       df       MS            Number of obs =        18
-------------+------------------------------         F(  1,    16) =    170.37
       Model |  94.1657769     1  94.1657769         Prob > F      =    0.0000
    Residual |  8.84345369    16  .552715856         R-squared     =    0.9141
-------------+------------------------------         Adj R-squared =    0.9088
       Total |  103.009231    17  6.05936651         Root MSE      =  .7434486
                                                     Res. dev.     =  38.28929

------------------------------------------------------------------------------
      lnYtou |      Coef.   Std. Err.      t    P>|t|     [95% Conf. Interval]
-------------+----------------------------------------------------------------
          b1 |  -368.9245    .232677 -1585.57   0.000    -369.4177   -368.4312
          b2 |   1983.971   .4331337  4580.50   0.000     1983.052    1984.889
------------------------------------------------------------------------------
* Parameter b1 taken as constant term in model & ANOVA table
 (SEs, P values, CIs, and correlations are asymptotic approximations)
