=============================================================================================================
Estimation for Cellphones and OMA, specification 1
=============================================================================================================
   
US parameters:
-------------------------------------------------------------------
elascoef1 = 6.134525874659397
elascoef2 = 6.134525874659397
trend     = .1895809424383103
-------------------------------------------------------------------
   
Model specification estimated:
( lnYtou = lnY + {b1} + (1.3-1)*ln(t-{b2=1980})*6.134525874659397 - (1-.3)*lnYpercap*6.134525874659397 + .1895
> 809424383103*t  ) 
-------------------------------------------------------------------
(obs = 18)

Iteration 0:  residual SS =   2526778
Iteration 1:  residual SS =   2449916
Iteration 2:  residual SS =  6.261513
Iteration 3:  residual SS =  6.261394

      Source |       SS       df       MS            Number of obs =        18
-------------+------------------------------         F(  1,    16) =    232.17
       Model |  90.8579988     1  90.8579988         Prob > F      =    0.0000
    Residual |  6.26139383    16  .391337114         R-squared     =    0.9355
-------------+------------------------------         Adj R-squared =    0.9315
       Total |  97.1193927    17  5.71290545         Root MSE      =  .6255694
                                                     Res. dev.     =  32.07435

------------------------------------------------------------------------------
      lnYtou |      Coef.   Std. Err.      t    P>|t|     [95% Conf. Interval]
-------------+----------------------------------------------------------------
          b1 |  -374.0713   .2371065 -1577.65   0.000    -374.5739   -373.5686
          b2 |   1982.954   .7205143  2752.14   0.000     1981.426    1984.481
------------------------------------------------------------------------------
* Parameter b1 taken as constant term in model & ANOVA table
 (SEs, P values, CIs, and correlations are asymptotic approximations)
