=============================================================================================================
Estimation for Cellphones and PER, specification 2
=============================================================================================================
   
US parameters:
-------------------------------------------------------------------
elascoef1 = 6.134525874659397
elascoef2 = 6.134525874659397
trend     = .1895809424383103
-------------------------------------------------------------------
   
Model specification estimated:
( lnYtou = lnY + {b1} + (1.3-1)*ln(t-{b2=1985})*{b3=6.134525874659397} - (1-.3)*lnYpercap*6.134525874659397 + 
> .1895809424383103*t  ) 
-------------------------------------------------------------------
(obs = 13)

Iteration 0:  residual SS =   1780198
Iteration 1:  residual SS =   1754101
Iteration 2:  residual SS =  3.378427
Iteration 3:  residual SS =  .9079885
Iteration 4:  residual SS =  .8382331
Iteration 5:  residual SS =  .8378704
Iteration 6:  residual SS =  .8378704

      Source |       SS       df       MS            Number of obs =        13
-------------+------------------------------         F(  2,    10) =    373.48
       Model |  62.5863233     2  31.2931616         Prob > F      =    0.0000
    Residual |  .837870378    10  .083787038         R-squared     =    0.9868
-------------+------------------------------         Adj R-squared =    0.9841
       Total |  63.4241936    12  5.28534947         Root MSE      =  .2894599
                                                     Res. dev.     =  1.248466

------------------------------------------------------------------------------
      lnYtou |      Coef.   Std. Err.      t    P>|t|     [95% Conf. Interval]
-------------+----------------------------------------------------------------
          b1 |  -371.0117   1.304742  -284.36   0.000    -373.9188   -368.1046
          b2 |   1988.123    .805261  2468.92   0.000     1986.329    1989.917
          b3 |   9.140943   1.598002     5.72   0.000     5.580373    12.70151
------------------------------------------------------------------------------
* Parameter b1 taken as constant term in model & ANOVA table
 (SEs, P values, CIs, and correlations are asymptotic approximations)
