=============================================================================================================
Estimation for Cellphones and PHI, specification 2
=============================================================================================================
   
US parameters:
-------------------------------------------------------------------
elascoef1 = 6.134525874659397
elascoef2 = 6.134525874659397
trend     = .1895809424383103
-------------------------------------------------------------------
   
Model specification estimated:
( lnYtou = lnY + {b1} + (1.3-1)*ln(t-{b2=1986})*{b3=6.134525874659397} - (1-.3)*lnYpercap*6.134525874659397 + 
> .1895809424383103*t  ) 
-------------------------------------------------------------------
(obs = 12)

Iteration 0:  residual SS =   1667795
Iteration 1:  residual SS =  8988.592
Iteration 2:  residual SS =  15.18807
Iteration 3:  residual SS =   .553624
Iteration 4:  residual SS =  .5379407
Iteration 5:  residual SS =  .5379401
Iteration 6:  residual SS =  .5379401

      Source |       SS       df       MS            Number of obs =        12
-------------+------------------------------         F(  2,     9) =    386.32
       Model |  46.1812189     2  23.0906094         Prob > F      =    0.0000
    Residual |  .537940076     9   .05977112         R-squared     =    0.9885
-------------+------------------------------         Adj R-squared =    0.9859
       Total |   46.719159    11  4.24719627         Root MSE      =  .2444813
                                                     Res. dev.     = -3.204452

------------------------------------------------------------------------------
      lnYtou |      Coef.   Std. Err.      t    P>|t|     [95% Conf. Interval]
-------------+----------------------------------------------------------------
          b1 |  -411.0465   52.09407    -7.89   0.000    -528.8915   -293.2015
          b2 |   1966.397   28.02143    70.17   0.000     1903.008    2029.786
          b3 |   41.65197   39.55077     1.05   0.320    -47.81809     131.122
------------------------------------------------------------------------------
* Parameter b1 taken as constant term in model & ANOVA table
 (SEs, P values, CIs, and correlations are asymptotic approximations)
