=============================================================================================================
Estimation for Cellphones and POL, specification 2
=============================================================================================================
   
US parameters:
-------------------------------------------------------------------
elascoef1 = 6.134525874659397
elascoef2 = 6.134525874659397
trend     = .1895809424383103
-------------------------------------------------------------------
   
Model specification estimated:
( lnYtou = lnY + {b1} + (1.3-1)*ln(t-{b2=1987})*{b3=6.134525874659397} - (1-.3)*lnYpercap*6.134525874659397 + 
> .1895809424383103*t  ) 
-------------------------------------------------------------------
(obs = 11)

Iteration 0:  residual SS =   1564629
Iteration 1:  residual SS =   1541777
Iteration 2:  residual SS =   40.4066
Iteration 3:  residual SS =   5.20124
Iteration 4:  residual SS =  .9848474
Iteration 5:  residual SS =  .9223217
Iteration 6:  residual SS =  .9221749
Iteration 7:  residual SS =  .9221749

      Source |       SS       df       MS            Number of obs =        11
-------------+------------------------------         F(  2,     8) =    365.87
       Model |   84.348455     2  42.1742275         Prob > F      =    0.0000
    Residual |   .92217487     8  .115271859         R-squared     =    0.9892
-------------+------------------------------         Adj R-squared =    0.9865
       Total |  85.2706299    10  8.52706299         Root MSE      =  .3395171
                                                     Res. dev.     =  3.948575

------------------------------------------------------------------------------
      lnYtou |      Coef.   Std. Err.      t    P>|t|     [95% Conf. Interval]
-------------+----------------------------------------------------------------
          b1 |  -383.9593   3.355898  -114.41   0.000     -391.698   -376.2206
          b2 |   1988.833   1.297816  1532.45   0.000     1985.841    1991.826
          b3 |   18.14492   3.848452     4.71   0.002     9.270376    27.01947
------------------------------------------------------------------------------
* Parameter b1 taken as constant term in model & ANOVA table
 (SEs, P values, CIs, and correlations are asymptotic approximations)
