=============================================================================================================
Estimation for Cellphones and POR, specification 2
=============================================================================================================
   
US parameters:
-------------------------------------------------------------------
elascoef1 = 6.134525874659397
elascoef2 = 6.134525874659397
trend     = .1895809424383103
-------------------------------------------------------------------
   
Model specification estimated:
( lnYtou = lnY + {b1} + (1.3-1)*ln(t-{b2=1984})*{b3=6.134525874659397} - (1-.3)*lnYpercap*6.134525874659397 + 
> .1895809424383103*t  ) 
-------------------------------------------------------------------
(obs = 14)

Iteration 0:  residual SS =   1986316
Iteration 1:  residual SS =   1956904
Iteration 2:  residual SS =   43.5157
Iteration 3:  residual SS =   3.87535
Iteration 4:  residual SS =  .8949487
Iteration 5:  residual SS =  .8920928
Iteration 6:  residual SS =  .8920805
Iteration 7:  residual SS =  .8920802
Iteration 8:  residual SS =  .8920802

      Source |       SS       df       MS            Number of obs =        14
-------------+------------------------------         F(  2,    11) =    609.54
       Model |  98.8646339     2  49.4323169         Prob > F      =    0.0000
    Residual |  .892080207    11  .081098201         R-squared     =    0.9911
-------------+------------------------------         Adj R-squared =    0.9894
       Total |  99.7567141    13  7.67359339         Root MSE      =  .2847775
                                                     Res. dev.     =  1.184687

------------------------------------------------------------------------------
      lnYtou |      Coef.   Std. Err.      t    P>|t|     [95% Conf. Interval]
-------------+----------------------------------------------------------------
          b1 |  -390.4778   5.854091   -66.70   0.000    -403.3626   -377.5931
          b2 |   1981.863   2.763481   717.16   0.000     1975.781    1987.946
          b3 |   23.62212   5.561603     4.25   0.001     11.38112    35.86313
------------------------------------------------------------------------------
* Parameter b1 taken as constant term in model & ANOVA table
 (SEs, P values, CIs, and correlations are asymptotic approximations)
