=============================================================================================================
Estimation for Cellphones and PRG, specification 2
=============================================================================================================
   
US parameters:
-------------------------------------------------------------------
elascoef1 = 6.134525874659397
elascoef2 = 6.134525874659397
trend     = .1895809424383103
-------------------------------------------------------------------
   
Model specification estimated:
( lnYtou = lnY + {b1} + (1.3-1)*ln(t-{b2=1987})*{b3=6.134525874659397} - (1-.3)*lnYpercap*6.134525874659397 + 
> .1895809424383103*t  ) 
-------------------------------------------------------------------
(obs = 11)

Iteration 0:  residual SS =   1553611
Iteration 1:  residual SS =   1530711
Iteration 2:  residual SS =  12.22775
Iteration 3:  residual SS =  1.133338
Iteration 4:  residual SS =  .3615628
Iteration 5:  residual SS =  .3612107
Iteration 6:  residual SS =  .3612066
Iteration 7:  residual SS =  .3612064
Iteration 8:  residual SS =  .3612064
Iteration 9:  residual SS =  .3612064

      Source |       SS       df       MS            Number of obs =        11
-------------+------------------------------         F(  2,     8) =    661.49
       Model |  59.7335729     2  29.8667865         Prob > F      =    0.0000
    Residual |  .361206407     8  .045150801         R-squared     =    0.9940
-------------+------------------------------         Adj R-squared =    0.9925
       Total |  60.0947793    10  6.00947793         Root MSE      =  .2124872
                                                     Res. dev.     = -6.361563

------------------------------------------------------------------------------
      lnYtou |      Coef.   Std. Err.      t    P>|t|     [95% Conf. Interval]
-------------+----------------------------------------------------------------
          b1 |  -383.1265   4.617244   -82.98   0.000    -393.7739   -372.4792
          b2 |   1986.319   2.636963   753.26   0.000     1980.239      1992.4
          b3 |   16.44359   4.713224     3.49   0.008     5.574877    27.31231
------------------------------------------------------------------------------
* Parameter b1 taken as constant term in model & ANOVA table
 (SEs, P values, CIs, and correlations are asymptotic approximations)
