=============================================================================================================
Estimation for Cellphones and RUS, specification 1
=============================================================================================================
   
US parameters:
-------------------------------------------------------------------
elascoef1 = 6.134525874659397
elascoef2 = 6.134525874659397
trend     = .1895809424383103
-------------------------------------------------------------------
   
Model specification estimated:
( lnYtou = lnY + {b1} + (1.3-1)*ln(t-{b2=1986})*6.134525874659397 - (1-.3)*lnYpercap*6.134525874659397 + .1895
> 809424383103*t  ) 
-------------------------------------------------------------------
(obs = 12)

Iteration 0:  residual SS =   1633070
Iteration 1:  residual SS =   1582077
Iteration 2:  residual SS =  889408.9
Iteration 3:  residual SS =  222185.8
Iteration 4:  residual SS =  9.998815
Iteration 5:  residual SS =  9.997371

      Source |       SS       df       MS            Number of obs =        12
-------------+------------------------------         F(  1,    10) =    105.15
       Model |  105.121894     1  105.121894         Prob > F      =    0.0000
    Residual |  9.99734272    10  .999734272         R-squared     =    0.9132
-------------+------------------------------         Adj R-squared =    0.9045
       Total |  115.119236    11  10.4653851         Root MSE      =  .9998671
                                                     Res. dev.     =  31.86348

------------------------------------------------------------------------------
      lnYtou |      Coef.   Std. Err.      t    P>|t|     [95% Conf. Interval]
-------------+----------------------------------------------------------------
          b1 |  -367.3532    .337541 -1088.32   0.000    -368.1053   -366.6011
          b2 |   1990.653    .208948  9527.02   0.000     1990.187    1991.118
------------------------------------------------------------------------------
* Parameter b1 taken as constant term in model & ANOVA table
 (SEs, P values, CIs, and correlations are asymptotic approximations)
