=============================================================================================================
Estimation for Cellphones and SPA, specification 2
=============================================================================================================
   
US parameters:
-------------------------------------------------------------------
elascoef1 = 6.134525874659397
elascoef2 = 6.134525874659397
trend     = .1895809424383103
-------------------------------------------------------------------
   
Model specification estimated:
( lnYtou = lnY + {b1} + (1.3-1)*ln(t-{b2=1981})*{b3=6.134525874659397} - (1-.3)*lnYpercap*6.134525874659397 + 
> .1895809424383103*t  ) 
-------------------------------------------------------------------
(obs = 17)

Iteration 0:  residual SS =   2347857
Iteration 1:  residual SS =   2312926
Iteration 2:  residual SS =  77.65151
Iteration 3:  residual SS =  28.69566
Iteration 4:  residual SS =  1.697045
Iteration 5:  residual SS =  1.352234
Iteration 6:  residual SS =  1.352163
Iteration 7:  residual SS =  1.352163
Iteration 8:  residual SS =  1.352163

      Source |       SS       df       MS            Number of obs =        17
-------------+------------------------------         F(  2,    14) =    834.31
       Model |  161.160928     2  80.5804641         Prob > F      =    0.0000
    Residual |  1.35216285    14  .096583061         R-squared     =    0.9917
-------------+------------------------------         Adj R-squared =    0.9905
       Total |  162.513091    16  10.1570682         Root MSE      =  .3107782
                                                     Res. dev.     =  5.208275

------------------------------------------------------------------------------
      lnYtou |      Coef.   Std. Err.      t    P>|t|     [95% Conf. Interval]
-------------+----------------------------------------------------------------
          b1 |  -403.0422   13.57175   -29.70   0.000    -432.1507   -373.9337
          b2 |   1971.332    6.03787   326.49   0.000     1958.382    1984.281
          b3 |   38.73621   11.12074     3.48   0.004      14.8846    62.58782
------------------------------------------------------------------------------
* Parameter b1 taken as constant term in model & ANOVA table
 (SEs, P values, CIs, and correlations are asymptotic approximations)
