=============================================================================================================
Estimation for Cellphones and TUN, specification 1
=============================================================================================================
   
US parameters:
-------------------------------------------------------------------
elascoef1 = 6.134525874659397
elascoef2 = 6.134525874659397
trend     = .1895809424383103
-------------------------------------------------------------------
   
Model specification estimated:
( lnYtou = lnY + {b1} + (1.3-1)*ln(t-{b2=1982})*6.134525874659397 - (1-.3)*lnYpercap*6.134525874659397 + .1895
> 809424383103*t  ) 
-------------------------------------------------------------------
(obs = 16)

Iteration 0:  residual SS =   2293089
Iteration 1:  residual SS =  642531.6
Iteration 2:  residual SS =  19.97838
Iteration 3:  residual SS =  18.49951
Iteration 4:  residual SS =   18.4801
Iteration 5:  residual SS =  18.47991

      Source |       SS       df       MS            Number of obs =        16
-------------+------------------------------         F(  1,    14) =     51.45
       Model |  67.9178139     1  67.9178139         Prob > F      =    0.0000
    Residual |  18.4798915    14  1.31999225         R-squared     =    0.7861
-------------+------------------------------         Adj R-squared =    0.7708
       Total |  86.3977055    15  5.75984703         Root MSE      =  1.148909
                                                     Res. dev.     =  47.71154

------------------------------------------------------------------------------
      lnYtou |      Coef.   Std. Err.      t    P>|t|     [95% Conf. Interval]
-------------+----------------------------------------------------------------
          b1 |  -377.7251   .4194143  -900.60   0.000    -378.6247   -376.8256
          b2 |   1985.641   .9055949  2192.64   0.000     1983.699    1987.583
------------------------------------------------------------------------------
* Parameter b1 taken as constant term in model & ANOVA table
 (SEs, P values, CIs, and correlations are asymptotic approximations)
