=============================================================================================================
Estimation for Cellphones and TUN, specification 2
=============================================================================================================
   
US parameters:
-------------------------------------------------------------------
elascoef1 = 6.134525874659397
elascoef2 = 6.134525874659397
trend     = .1895809424383103
-------------------------------------------------------------------
   
Model specification estimated:
( lnYtou = lnY + {b1} + (1.3-1)*ln(t-{b2=1982})*{b3=6.134525874659397} - (1-.3)*lnYpercap*6.134525874659397 + 
> .1895809424383103*t  ) 
-------------------------------------------------------------------
(obs = 16)

Iteration 0:  residual SS =   2293089
Iteration 1:  residual SS =  21874.94
Iteration 2:  residual SS =  21587.26
Iteration 3:  residual SS =  21429.96
Iteration 4:  residual SS =  21351.95
Iteration 5:  residual SS =  21284.05
Iteration 6:  residual SS =  21243.54
Iteration 7:  residual SS =  21240.91
Iteration 8:  residual SS =  21213.34
Iteration 9:  residual SS =  21195.59
Iteration 10:  residual SS =  21190.04
Iteration 11:  residual SS =  21172.07
Iteration 12:  residual SS =  21156.53
Iteration 13:  residual SS =  21143.78
Iteration 14:  residual SS =  21134.21
Iteration 15:  residual SS =  21128.29
Iteration 16:  residual SS =   21126.6
Iteration 17:  residual SS =  21117.17
Iteration 18:  residual SS =  21108.46
Iteration 19:  residual SS =  21100.53
Iteration 20:  residual SS =  21093.46
Iteration 21:  residual SS =   21087.3
Iteration 22:  residual SS =  21082.15
Iteration 23:  residual SS =  21078.11
Iteration 24:  residual SS =  21075.27
Iteration 25:  residual SS =  8719.598
Iteration 26:  residual SS =  1079.298
Iteration 27:  residual SS =  1079.039
Iteration 28:  residual SS =  1078.849
Iteration 29:  residual SS =  1078.731
Iteration 30:  residual SS =  1078.689
Iteration 31:  residual SS =  1078.174
Iteration 32:  residual SS =   1077.67
Iteration 33:  residual SS =  1077.176
Iteration 34:  residual SS =  1076.694
Iteration 35:  residual SS =  1076.224
Iteration 36:  residual SS =  1075.765
Iteration 37:  residual SS =  1075.319
Iteration 38:  residual SS =  1074.885
Iteration 39:  residual SS =  1074.464
Iteration 40:  residual SS =  1074.056
Iteration 41:  residual SS =  1073.662
Iteration 42:  residual SS =  1073.281
Iteration 43:  residual SS =  1072.915
Iteration 44:  residual SS =  1072.563
Iteration 45:  residual SS =  1072.226
Iteration 46:  residual SS =  1071.904
Iteration 47:  residual SS =  1071.598
Iteration 48:  residual SS =  1071.309
Iteration 49:  residual SS =  1071.035

      Source |       SS       df       MS            Number of obs =        16
-------------+------------------------------         F(  2,    13) =     -5.98
       Model | -984.381617     2 -492.190809         Prob > F      =    1.0000
    Residual |  1070.77932    13  82.3676402         R-squared     =  -11.3936
-------------+------------------------------         Adj R-squared =  -13.3003
       Total |  86.3977055    15  5.75984703         Root MSE      =  9.075662
                                                     Res. dev.     =  112.6629

------------------------------------------------------------------------------
      lnYtou |      Coef.   Std. Err.      t    P>|t|     [95% Conf. Interval]
-------------+----------------------------------------------------------------
          b1 |  -1029.867   2253.028    -0.46   0.655    -5897.239    3837.504
          b2 |   1809.281   527.6153     3.43   0.004     669.4371    2949.124
          b3 |   423.8036   1208.635     0.35   0.731    -2187.294    3034.902
------------------------------------------------------------------------------
* Parameter b1 taken as constant term in model & ANOVA table
 (SEs, P values, CIs, and correlations are asymptotic approximations)
convergence not achieved
