=============================================================================================================
Estimation for Cellphones and UAE, specification 1
=============================================================================================================
   
US parameters:
-------------------------------------------------------------------
elascoef1 = 6.134525874659397
elascoef2 = 6.134525874659397
trend     = .1895809424383103
-------------------------------------------------------------------
   
Model specification estimated:
( lnYtou = lnY + {b1} + (1.3-1)*ln(t-{b2=1977})*6.134525874659397 - (1-.3)*lnYpercap*6.134525874659397 + .1895
> 809424383103*t  ) 
-------------------------------------------------------------------
(obs = 21)

Iteration 0:  residual SS =   2876325
Iteration 1:  residual SS =   2225097
Iteration 2:  residual SS =  21.99551
Iteration 3:  residual SS =  16.97908
Iteration 4:  residual SS =  16.01492
Iteration 5:  residual SS =  16.00649
Iteration 6:  residual SS =  16.00551
Iteration 7:  residual SS =  16.00536
Iteration 8:  residual SS =  16.00534
Iteration 9:  residual SS =  16.00533

      Source |       SS       df       MS            Number of obs =        21
-------------+------------------------------         F(  1,    19) =     87.15
       Model |     73.4165     1     73.4165         Prob > F      =    0.0000
    Residual |  16.0053334    19   .84238597         R-squared     =    0.8210
-------------+------------------------------         Adj R-squared =    0.8116
       Total |  89.4218334    20  4.47109167         Root MSE      =  .9178159
                                                     Res. dev.     =  53.89181

------------------------------------------------------------------------------
      lnYtou |      Coef.   Std. Err.      t    P>|t|     [95% Conf. Interval]
-------------+----------------------------------------------------------------
          b1 |  -370.9427   .7038387  -527.03   0.000    -372.4158   -369.4695
          b2 |   1969.518   7.601708   259.09   0.000     1953.608    1985.429
------------------------------------------------------------------------------
* Parameter b1 taken as constant term in model & ANOVA table
 (SEs, P values, CIs, and correlations are asymptotic approximations)
