=============================================================================================================
Estimation for Cellphones and UNK, specification 1
=============================================================================================================
   
US parameters:
-------------------------------------------------------------------
elascoef1 = 6.134525874659397
elascoef2 = 6.134525874659397
trend     = .1895809424383103
-------------------------------------------------------------------
   
Model specification estimated:
( lnYtou = lnY + {b1} + (1.3-1)*ln(t-{b2=1980})*6.134525874659397 - (1-.3)*lnYpercap*6.134525874659397 + .1895
> 809424383103*t  ) 
-------------------------------------------------------------------
(obs = 18)

Iteration 0:  residual SS =   2454202
Iteration 1:  residual SS =  1754.818
Iteration 2:  residual SS =  1724.635
Iteration 3:  residual SS =  1387.339
Iteration 4:  residual SS =  823.6206
Iteration 5:  residual SS =   217.348
Iteration 6:  residual SS =  2.308348
Iteration 7:  residual SS =  2.301515

      Source |       SS       df       MS            Number of obs =        18
-------------+------------------------------         F(  1,    16) =    473.99
       Model |  68.1812029     1  68.1812029         Prob > F      =    0.0000
    Residual |  2.30151479    16  .143844675         R-squared     =    0.9673
-------------+------------------------------         Adj R-squared =    0.9653
       Total |  70.4827177    17  4.14604222         Root MSE      =  .3792686
                                                     Res. dev.     =  14.05931

------------------------------------------------------------------------------
      lnYtou |      Coef.   Std. Err.      t    P>|t|     [95% Conf. Interval]
-------------+----------------------------------------------------------------
          b1 |  -368.5093   .1314663 -2803.07   0.000     -368.788   -368.2306
          b2 |   1983.471   .3270539  6064.66   0.000     1982.777    1984.164
------------------------------------------------------------------------------
* Parameter b1 taken as constant term in model & ANOVA table
 (SEs, P values, CIs, and correlations are asymptotic approximations)
