=============================================================================================================
Estimation for Cellphones and VNZ, specification 2
=============================================================================================================
   
US parameters:
-------------------------------------------------------------------
elascoef1 = 6.134525874659397
elascoef2 = 6.134525874659397
trend     = .1895809424383103
-------------------------------------------------------------------
   
Model specification estimated:
( lnYtou = lnY + {b1} + (1.3-1)*ln(t-{b2=1983})*{b3=6.134525874659397} - (1-.3)*lnYpercap*6.134525874659397 + 
> .1895809424383103*t  ) 
-------------------------------------------------------------------
(obs = 15)

Iteration 0:  residual SS =   2087370
Iteration 1:  residual SS =   2056528
Iteration 2:  residual SS =  11.77213
Iteration 3:  residual SS =  4.396465
Iteration 4:  residual SS =  2.617789
Iteration 5:  residual SS =  2.612777
Iteration 6:  residual SS =  2.612198
Iteration 7:  residual SS =  2.612087
Iteration 8:  residual SS =  2.612059
Iteration 9:  residual SS =  2.612052
Iteration 10:  residual SS =  2.612051
Iteration 11:  residual SS =  2.612051
Iteration 12:  residual SS =  2.612051
Iteration 13:  residual SS =  2.612051
Iteration 14:  residual SS =  2.612051

      Source |       SS       df       MS            Number of obs =        15
-------------+------------------------------         F(  2,    12) =    243.46
       Model |   105.98926     2  52.9946301         Prob > F      =    0.0000
    Residual |  2.61205052    12  .217670877         R-squared     =    0.9759
-------------+------------------------------         Adj R-squared =    0.9719
       Total |  108.601311    14  7.75723647         Root MSE      =  .4665521
                                                     Res. dev.     =  16.34944

------------------------------------------------------------------------------
      lnYtou |      Coef.   Std. Err.      t    P>|t|     [95% Conf. Interval]
-------------+----------------------------------------------------------------
          b1 |  -375.3001   2.404747  -156.07   0.000    -380.5395   -370.0606
          b2 |   1985.512   1.530047  1297.68   0.000     1982.178    1988.846
          b3 |   10.54364   2.723633     3.87   0.002     4.609354    16.47793
------------------------------------------------------------------------------
* Parameter b1 taken as constant term in model & ANOVA table
 (SEs, P values, CIs, and correlations are asymptotic approximations)
