=============================================================================================================
Estimation for bof and ALB, specification 1
=============================================================================================================
   
US parameters:
-------------------------------------------------------------------
elascoef1 = 6.297341445722362
elascoef2 = 6.297341445722362
trend     = -.0221095683639657
-------------------------------------------------------------------
   
Model specification estimated:
( lnYtou = lnY + {b1} + (1.3-1)*ln(t-{b2=1965})*6.297341445722362 - (1-.3)*lnYpercap*6.297341445722362 + -.022
> 1095683639657*t  ) 
-------------------------------------------------------------------
(obs = 21)

Iteration 0:  residual SS =  29490.44
Iteration 1:  residual SS =  1.600822
Iteration 2:  residual SS =  .7019189
Iteration 3:  residual SS =  .4784201
Iteration 4:  residual SS =  .4756983
Iteration 5:  residual SS =  .4756979

      Source |       SS       df       MS            Number of obs =        21
-------------+------------------------------         F(  1,    19) =     57.14
       Model |  1.43065006     1  1.43065006         Prob > F      =    0.0000
    Residual |  .475697897    19  .025036731         R-squared     =    0.7505
-------------+------------------------------         Adj R-squared =    0.7373
       Total |  1.90634796    20  .095317398         Root MSE      =    .15823
                                                     Res. dev.     = -19.94197

------------------------------------------------------------------------------
      lnYtou |      Coef.   Std. Err.      t    P>|t|     [95% Conf. Interval]
-------------+----------------------------------------------------------------
          b1 |   36.15784   .1539945   234.80   0.000     35.83553    36.48015
          b2 |   1952.054   2.111496   924.49   0.000     1947.634    1956.473
------------------------------------------------------------------------------
* Parameter b1 taken as constant term in model & ANOVA table
 (SEs, P values, CIs, and correlations are asymptotic approximations)
