=============================================================================================================
Estimation for bof and ALG, specification 1
=============================================================================================================
   
US parameters:
-------------------------------------------------------------------
elascoef1 = 6.297341445722362
elascoef2 = 6.297341445722362
trend     = -.0221095683639657
-------------------------------------------------------------------
   
Model specification estimated:
( lnYtou = lnY + {b1} + (1.3-1)*ln(t-{b2=1969})*6.297341445722362 - (1-.3)*lnYpercap*6.297341445722362 + -.022
> 1095683639657*t  ) 
-------------------------------------------------------------------
(obs = 27)

Iteration 0:  residual SS =  39935.89
Iteration 1:  residual SS =  24.76374
Iteration 2:  residual SS =  24.75467
Iteration 3:  residual SS =  24.75456
Iteration 4:  residual SS =  24.75454
Iteration 5:  residual SS =  24.75453

      Source |       SS       df       MS            Number of obs =        27
-------------+------------------------------         F(  1,    25) =      5.70
       Model |  5.64712867     1  5.64712867         Prob > F      =    0.0248
    Residual |  24.7545309    25  .990181237         R-squared     =    0.1858
-------------+------------------------------         Adj R-squared =    0.1532
       Total |  30.4016596    26   1.1692946         Root MSE      =  .9950785
                                                     Res. dev.     =  74.27832

------------------------------------------------------------------------------
      lnYtou |      Coef.   Std. Err.      t    P>|t|     [95% Conf. Interval]
-------------+----------------------------------------------------------------
          b1 |   38.52191   .3538921   108.85   0.000     37.79305    39.25076
          b2 |   1969.538   2.085871   944.23   0.000     1965.242    1973.834
------------------------------------------------------------------------------
* Parameter b1 taken as constant term in model & ANOVA table
 (SEs, P values, CIs, and correlations are asymptotic approximations)
