=============================================================================================================
Estimation for bof and ARG, specification 1
=============================================================================================================
   
US parameters:
-------------------------------------------------------------------
elascoef1 = 6.297341445722362
elascoef2 = 6.297341445722362
trend     = -.0221095683639657
-------------------------------------------------------------------
   
Model specification estimated:
( lnYtou = lnY + {b1} + (1.3-1)*ln(t-{b2=1968})*6.297341445722362 - (1-.3)*lnYpercap*6.297341445722362 + -.022
> 1095683639657*t  ) 
-------------------------------------------------------------------
(obs = 28)

Iteration 0:  residual SS =  49741.52
Iteration 1:  residual SS =  5.102798
Iteration 2:  residual SS =  3.489982
Iteration 3:  residual SS =  3.488307
Iteration 4:  residual SS =  3.488302

      Source |       SS       df       MS            Number of obs =        28
-------------+------------------------------         F(  1,    26) =     61.74
       Model |   8.2829223     1   8.2829223         Prob > F      =    0.0000
    Residual |  3.48830213    26  .134165466         R-squared     =    0.7037
-------------+------------------------------         Adj R-squared =    0.6923
       Total |  11.7712244    27  .435971275         Root MSE      =   .366286
                                                     Res. dev.     =  21.14245

------------------------------------------------------------------------------
      lnYtou |      Coef.   Std. Err.      t    P>|t|     [95% Conf. Interval]
-------------+----------------------------------------------------------------
          b1 |    41.3698   .2038905   202.90   0.000      40.9507    41.78891
          b2 |   1960.323   2.397501   817.65   0.000     1955.395    1965.251
------------------------------------------------------------------------------
* Parameter b1 taken as constant term in model & ANOVA table
 (SEs, P values, CIs, and correlations are asymptotic approximations)
