=============================================================================================================
Estimation for bof and AUL, specification 2
=============================================================================================================
   
US parameters:
-------------------------------------------------------------------
elascoef1 = 6.297341445722362
elascoef2 = 6.297341445722362
trend     = -.0221095683639657
-------------------------------------------------------------------
   
Model specification estimated:
( lnYtou = lnY + {b1} + (1.3-1)*ln(t-{b2=1963})*{b3=6.297341445722362} - (1-.3)*lnYpercap*6.297341445722362 + 
> -.0221095683639657*t  ) 
-------------------------------------------------------------------
(obs = 30)

Iteration 0:  residual SS =  65287.63
Iteration 1:  residual SS =  32.73323
Iteration 2:  residual SS =  .7163291
Iteration 3:  residual SS =  .6353722
Iteration 4:  residual SS =  .6352361
Iteration 5:  residual SS =   .635224
Iteration 6:  residual SS =  .6352234
Iteration 7:  residual SS =  .6352234
Iteration 8:  residual SS =  .6352234
Iteration 9:  residual SS =  .6352234

      Source |       SS       df       MS            Number of obs =        30
-------------+------------------------------         F(  2,    27) =     27.40
       Model |  1.28929569     2  .644647845         Prob > F      =    0.0000
    Residual |  .635223376    27  .023526792         R-squared     =    0.6699
-------------+------------------------------         Adj R-squared =    0.6455
       Total |  1.92451907    29  .066362726         Root MSE      =  .1533845
                                                     Res. dev.     = -30.51297

------------------------------------------------------------------------------
      lnYtou |      Coef.   Std. Err.      t    P>|t|     [95% Conf. Interval]
-------------+----------------------------------------------------------------
          b1 |    35.1675    6.23851     5.64   0.000     22.36714    47.96787
          b2 |   1936.928   13.05126   148.41   0.000     1910.149    1963.707
          b3 |    14.7903   4.315442     3.43   0.002     5.935749    23.64486
------------------------------------------------------------------------------
* Parameter b1 taken as constant term in model & ANOVA table
 (SEs, P values, CIs, and correlations are asymptotic approximations)
