=============================================================================================================
Estimation for bof and AUL, specification 1
=============================================================================================================
   
US parameters:
-------------------------------------------------------------------
elascoef1 = 6.297341445722362
elascoef2 = 6.297341445722362
trend     = -.0221095683639657
-------------------------------------------------------------------
   
Model specification estimated:
( lnYtou = lnY + {b1} + (1.3-1)*ln(t-{b2=1963})*6.297341445722362 - (1-.3)*lnYpercap*6.297341445722362 + -.022
> 1095683639657*t  ) 
-------------------------------------------------------------------
(obs = 30)

Iteration 0:  residual SS =  65287.63
Iteration 1:  residual SS =  3.218462
Iteration 2:  residual SS =  1.016304
Iteration 3:  residual SS =  1.016283

      Source |       SS       df       MS            Number of obs =        30
-------------+------------------------------         F(  1,    28) =     25.02
       Model |   .90823633     1   .90823633         Prob > F      =    0.0000
    Residual |  1.01628274    28  .036295812         R-squared     =    0.4719
-------------+------------------------------         Adj R-squared =    0.4531
       Total |  1.92451907    29  .066362726         Root MSE      =  .1905146
                                                     Res. dev.     = -16.41506

------------------------------------------------------------------------------
      lnYtou |      Coef.   Std. Err.      t    P>|t|     [95% Conf. Interval]
-------------+----------------------------------------------------------------
          b1 |    46.4331     .07034   660.12   0.000     46.28901    46.57718
          b2 |   1960.891   .6429585  3049.79   0.000     1959.574    1962.208
------------------------------------------------------------------------------
* Parameter b1 taken as constant term in model & ANOVA table
 (SEs, P values, CIs, and correlations are asymptotic approximations)
