=============================================================================================================
Estimation for bof and AUS, specification 1
=============================================================================================================
   
US parameters:
-------------------------------------------------------------------
elascoef1 = 6.297341445722362
elascoef2 = 6.297341445722362
trend     = -.0221095683639657
-------------------------------------------------------------------
   
Model specification estimated:
( lnYtou = lnY + {b1} + (1.3-1)*ln(t-{b2=1955})*6.297341445722362 - (1-.3)*lnYpercap*6.297341445722362 + -.022
> 1095683639657*t  ) 
-------------------------------------------------------------------
(obs = 41)

Iteration 0:  residual SS =  85940.44
Iteration 1:  residual SS =  21662.66
Iteration 2:  residual SS =  8.768934
Iteration 3:  residual SS =  8.608157
Iteration 4:  residual SS =  8.602496
Iteration 5:  residual SS =  8.601917
Iteration 6:  residual SS =  8.601864

      Source |       SS       df       MS            Number of obs =        41
-------------+------------------------------         F(  1,    39) =    -19.79
       Model | -4.36455574     1 -4.36455574         Prob > F      =    1.0000
    Residual |  8.60186026    39  .220560519         R-squared     =   -1.0300
-------------+------------------------------         Adj R-squared =   -1.0821
       Total |  4.23730452    40  .105932613         Root MSE      =  .4696387
                                                     Res. dev.     =  52.32762

------------------------------------------------------------------------------
      lnYtou |      Coef.   Std. Err.      t    P>|t|     [95% Conf. Interval]
-------------+----------------------------------------------------------------
          b1 |    46.1735   .0961189   480.38   0.000     45.97908    46.36792
          b2 |    1958.12   .3966212  4937.00   0.000     1957.318    1958.923
------------------------------------------------------------------------------
* Parameter b1 taken as constant term in model & ANOVA table
 (SEs, P values, CIs, and correlations are asymptotic approximations)
