=============================================================================================================
Estimation for bof and BLG, specification 2
=============================================================================================================
   
US parameters:
-------------------------------------------------------------------
elascoef1 = 6.297341445722362
elascoef2 = 6.297341445722362
trend     = -.0221095683639657
-------------------------------------------------------------------
   
Model specification estimated:
( lnYtou = lnY + {b1} + (1.3-1)*ln(t-{b2=1959})*{b3=6.297341445722362} - (1-.3)*lnYpercap*6.297341445722362 + 
> -.0221095683639657*t  ) 
-------------------------------------------------------------------
(obs = 37)

Iteration 0:  residual SS =  81429.29
Iteration 1:  residual SS =  8.183897
Iteration 2:  residual SS =  4.321871
Iteration 3:  residual SS =  2.134066
Iteration 4:  residual SS =  1.720406
Iteration 5:  residual SS =  1.720063
Iteration 6:  residual SS =  1.720051
Iteration 7:  residual SS =   1.72005
Iteration 8:  residual SS =   1.72005

      Source |       SS       df       MS            Number of obs =        37
-------------+------------------------------         F(  2,    34) =    129.15
       Model |  13.0678258     2  6.53391292         Prob > F      =    0.0000
    Residual |   1.7200501    34  .050589709         R-squared     =    0.8837
-------------+------------------------------         Adj R-squared =    0.8768
       Total |  14.7878759    36  .410774332         Root MSE      =  .2249216
                                                     Res. dev.     = -8.535435

------------------------------------------------------------------------------
      lnYtou |      Coef.   Std. Err.      t    P>|t|     [95% Conf. Interval]
-------------+----------------------------------------------------------------
          b1 |   47.65837    .276106   172.61   0.000     47.09725    48.21948
          b2 |   1962.943   .2394096  8199.10   0.000     1962.456    1963.429
          b3 |   6.081799   .2849284    21.35   0.000     5.502755    6.660843
------------------------------------------------------------------------------
* Parameter b1 taken as constant term in model & ANOVA table
 (SEs, P values, CIs, and correlations are asymptotic approximations)
