=============================================================================================================
Estimation for bof and BRA, specification 2
=============================================================================================================
   
US parameters:
-------------------------------------------------------------------
elascoef1 = 6.297341445722362
elascoef2 = 6.297341445722362
trend     = -.0221095683639657
-------------------------------------------------------------------
   
Model specification estimated:
( lnYtou = lnY + {b1} + (1.3-1)*ln(t-{b2=1965})*{b3=6.297341445722362} - (1-.3)*lnYpercap*6.297341445722362 + 
> -.0221095683639657*t  ) 
-------------------------------------------------------------------
(obs = 31)

Iteration 0:  residual SS =  52520.19
Iteration 1:  residual SS =  9.121569
Iteration 2:  residual SS =  7.930292
Iteration 3:  residual SS =  3.442051
Iteration 4:  residual SS =  1.505537
Iteration 5:  residual SS =  1.505123
Iteration 6:  residual SS =  1.505101
Iteration 7:  residual SS =  1.505099
Iteration 8:  residual SS =  1.505099
Iteration 9:  residual SS =  1.505099

      Source |       SS       df       MS            Number of obs =        31
-------------+------------------------------         F(  2,    28) =    156.75
       Model |  16.8521485     2  8.42607427         Prob > F      =    0.0000
    Residual |  1.50509898    28  .053753535         R-squared     =    0.9180
-------------+------------------------------         Adj R-squared =    0.9122
       Total |  18.3572475    30  .611908251         Root MSE      =  .2318481
                                                     Res. dev.     = -5.804796

------------------------------------------------------------------------------
      lnYtou |      Coef.   Std. Err.      t    P>|t|     [95% Conf. Interval]
-------------+----------------------------------------------------------------
          b1 |   42.14071   .4674218    90.16   0.000     41.18324    43.09818
          b2 |   1968.074   .5905202  3332.78   0.000     1966.865    1969.284
          b3 |   5.641235   .4711717    11.97   0.000     4.676083    6.606386
------------------------------------------------------------------------------
* Parameter b1 taken as constant term in model & ANOVA table
 (SEs, P values, CIs, and correlations are asymptotic approximations)
