=============================================================================================================
Estimation for bof and BRA, specification 1
=============================================================================================================
   
US parameters:
-------------------------------------------------------------------
elascoef1 = 6.297341445722362
elascoef2 = 6.297341445722362
trend     = -.0221095683639657
-------------------------------------------------------------------
   
Model specification estimated:
( lnYtou = lnY + {b1} + (1.3-1)*ln(t-{b2=1965})*6.297341445722362 - (1-.3)*lnYpercap*6.297341445722362 + -.022
> 1095683639657*t  ) 
-------------------------------------------------------------------
(obs = 31)

Iteration 0:  residual SS =  52520.19
Iteration 1:  residual SS =  2.388263
Iteration 2:  residual SS =  1.608293
Iteration 3:  residual SS =  1.607194

      Source |       SS       df       MS            Number of obs =        31
-------------+------------------------------         F(  1,    29) =    302.24
       Model |  16.7500539     1  16.7500539         Prob > F      =    0.0000
    Residual |  1.60719363    29   .05542047         R-squared     =    0.9124
-------------+------------------------------         Adj R-squared =    0.9094
       Total |  18.3572475    30  .611908251         Root MSE      =  .2354155
                                                     Res. dev.     = -3.770237

------------------------------------------------------------------------------
      lnYtou |      Coef.   Std. Err.      t    P>|t|     [95% Conf. Interval]
-------------+----------------------------------------------------------------
          b1 |   41.48241   .0640515   647.64   0.000     41.35141    41.61341
          b2 |   1967.277   .2941378  6688.28   0.000     1966.675    1967.878
------------------------------------------------------------------------------
* Parameter b1 taken as constant term in model & ANOVA table
 (SEs, P values, CIs, and correlations are asymptotic approximations)
