=============================================================================================================
Estimation for bof and CAN, specification 1
=============================================================================================================
   
US parameters:
-------------------------------------------------------------------
elascoef1 = 6.297341445722362
elascoef2 = 6.297341445722362
trend     = -.0221095683639657
-------------------------------------------------------------------
   
Model specification estimated:
( lnYtou = lnY + {b1} + (1.3-1)*ln(t-{b2=1963})*6.297341445722362 - (1-.3)*lnYpercap*6.297341445722362 + -.022
> 1095683639657*t  ) 
-------------------------------------------------------------------
(obs = 32)

Iteration 0:  residual SS =  69895.79
Iteration 1:  residual SS =  3.343234
Iteration 2:  residual SS =  1.445547
Iteration 3:  residual SS =  1.347204
Iteration 4:  residual SS =   1.34607
Iteration 5:  residual SS =  1.346066

      Source |       SS       df       MS            Number of obs =        32
-------------+------------------------------         F(  1,    30) =     45.02
       Model |   2.0197905     1   2.0197905         Prob > F      =    0.0000
    Residual |  1.34606604    30  .044868868         R-squared     =    0.6001
-------------+------------------------------         Adj R-squared =    0.5868
       Total |  3.36585654    31  .108576017         Root MSE      =  .2118227
                                                     Res. dev.     = -10.58152

------------------------------------------------------------------------------
      lnYtou |      Coef.   Std. Err.      t    P>|t|     [95% Conf. Interval]
-------------+----------------------------------------------------------------
          b1 |   46.64384   .0711653   655.43   0.000      46.4985    46.78918
          b2 |   1962.191   .5533685  3545.90   0.000      1961.06    1963.321
------------------------------------------------------------------------------
* Parameter b1 taken as constant term in model & ANOVA table
 (SEs, P values, CIs, and correlations are asymptotic approximations)
