=============================================================================================================
Estimation for bof and CHL, specification 1
=============================================================================================================
   
US parameters:
-------------------------------------------------------------------
elascoef1 = 6.297341445722362
elascoef2 = 6.297341445722362
trend     = -.0221095683639657
-------------------------------------------------------------------
   
Model specification estimated:
( lnYtou = lnY + {b1} + (1.3-1)*ln(t-{b2=1971})*6.297341445722362 - (1-.3)*lnYpercap*6.297341445722362 + -.022
> 1095683639657*t  ) 
-------------------------------------------------------------------
(obs = 25)

Iteration 0:  residual SS =  44908.98
Iteration 1:  residual SS =  10.23727
Iteration 2:  residual SS =  9.051532
Iteration 3:  residual SS =  9.051528

      Source |       SS       df       MS            Number of obs =        25
-------------+------------------------------         F(  1,    23) =    -11.32
       Model | -4.45371479     1 -4.45371479         Prob > F      =    1.0000
    Residual |  9.05152778    23  .393544686         R-squared     =   -0.9687
-------------+------------------------------         Adj R-squared =   -1.0543
       Total |  4.59781299    24  .191575541         Root MSE      =  .6273314
                                                     Res. dev.     =  45.54837

------------------------------------------------------------------------------
      lnYtou |      Coef.   Std. Err.      t    P>|t|     [95% Conf. Interval]
-------------+----------------------------------------------------------------
          b1 |   42.71993   .2032448   210.19   0.000     42.29949    43.14038
          b2 |   1973.142   .8729151  2260.41   0.000     1971.336    1974.947
------------------------------------------------------------------------------
* Parameter b1 taken as constant term in model & ANOVA table
 (SEs, P values, CIs, and correlations are asymptotic approximations)
