=============================================================================================================
Estimation for bof and CHN, specification 1
=============================================================================================================
   
US parameters:
-------------------------------------------------------------------
elascoef1 = 6.297341445722362
elascoef2 = 6.297341445722362
trend     = -.0221095683639657
-------------------------------------------------------------------
   
Model specification estimated:
( lnYtou = lnY + {b1} + (1.3-1)*ln(t-{b2=1965})*6.297341445722362 - (1-.3)*lnYpercap*6.297341445722362 + -.022
> 1095683639657*t  ) 
-------------------------------------------------------------------
(obs = 31)

Iteration 0:  residual SS =  40496.27
Iteration 1:  residual SS =  23046.19
Iteration 2:  residual SS =  63.61601
Iteration 3:  residual SS =  58.19571
Iteration 4:  residual SS =   58.0795
Iteration 5:  residual SS =  58.06982
Iteration 6:  residual SS =  58.06521
Iteration 7:  residual SS =  58.06395
Iteration 8:  residual SS =  58.06353
Iteration 9:  residual SS =  58.06338
Iteration 10:  residual SS =  58.06334
Iteration 11:  residual SS =  58.06332

      Source |       SS       df       MS            Number of obs =        31
-------------+------------------------------         F(  1,    29) =    -18.11
       Model | -36.2588828     1 -36.2588828         Prob > F      =    1.0000
    Residual |  58.0633187    29   2.0021834         R-squared     =   -1.6629
-------------+------------------------------         Adj R-squared =   -1.7547
       Total |  21.8044359    30   .72681453         Root MSE      =  1.414985
                                                     Res. dev.     =  107.4281

------------------------------------------------------------------------------
      lnYtou |      Coef.   Std. Err.      t    P>|t|     [95% Conf. Interval]
-------------+----------------------------------------------------------------
          b1 |   36.83663   .2942533   125.19   0.000     36.23481    37.43844
          b2 |   1969.278   .5301907  3714.28   0.000     1968.194    1970.362
------------------------------------------------------------------------------
* Parameter b1 taken as constant term in model & ANOVA table
 (SEs, P values, CIs, and correlations are asymptotic approximations)
