=============================================================================================================
Estimation for bof and CZR, specification 2
=============================================================================================================
   
US parameters:
-------------------------------------------------------------------
elascoef1 = 6.297341445722362
elascoef2 = 6.297341445722362
trend     = -.0221095683639657
-------------------------------------------------------------------
   
Model specification estimated:
( lnYtou = lnY + {b1} + (1.3-1)*ln(t-{b2=1987})*{b3=6.297341445722362} - (1-.3)*lnYpercap*6.297341445722362 + 
> -.0221095683639657*t  ) 
-------------------------------------------------------------------
(obs = 10)

Iteration 0:  residual SS =  21802.17
Iteration 1:  residual SS =  4108.791
Iteration 2:  residual SS =  3995.039
Iteration 3:  residual SS =  2948.667
Iteration 4:  residual SS =  906.1265
Iteration 5:  residual SS =  .1008741
Iteration 6:  residual SS =  .0998192
Iteration 7:  residual SS =  .0998003
Iteration 8:  residual SS =  .0998002
Iteration 9:  residual SS =  .0998002
Iteration 10:  residual SS =  .0998002

      Source |       SS       df       MS            Number of obs =        10
-------------+------------------------------         F(  2,     7) =     -2.40
       Model | -.068488991     2 -.034244495         Prob > F      =    1.0000
    Residual |  .099800218     7  .014257174         R-squared     =   -2.1874
-------------+------------------------------         Adj R-squared =   -3.0980
       Total |  .031311227     9  .003479025         Root MSE      =  .1194034
                                                     Res. dev.     = -17.69293

------------------------------------------------------------------------------
      lnYtou |      Coef.   Std. Err.      t    P>|t|     [95% Conf. Interval]
-------------+----------------------------------------------------------------
          b1 |   49.16657     2.2525    21.83   0.000     43.84026    54.49289
          b2 |   1987.361   7.185877   276.56   0.000      1970.37    2004.353
          b3 |   2.600398   2.425477     1.07   0.319    -3.134945    8.335741
------------------------------------------------------------------------------
* Parameter b1 taken as constant term in model & ANOVA table
 (SEs, P values, CIs, and correlations are asymptotic approximations)
