=============================================================================================================
Estimation for bof and CZR, specification 1
=============================================================================================================
   
US parameters:
-------------------------------------------------------------------
elascoef1 = 6.297341445722362
elascoef2 = 6.297341445722362
trend     = -.0221095683639657
-------------------------------------------------------------------
   
Model specification estimated:
( lnYtou = lnY + {b1} + (1.3-1)*ln(t-{b2=1987})*6.297341445722362 - (1-.3)*lnYpercap*6.297341445722362 + -.022
> 1095683639657*t  ) 
-------------------------------------------------------------------
(obs = 10)

Iteration 0:  residual SS =  21802.17
Iteration 1:  residual SS =  .5367107
Iteration 2:  residual SS =  .2444646
Iteration 3:  residual SS =  .1101587
Iteration 4:  residual SS =  .1059023
Iteration 5:  residual SS =  .1058984

      Source |       SS       df       MS            Number of obs =        10
-------------+------------------------------         F(  1,     8) =     -5.63
       Model | -.074587186     1 -.074587186         Prob > F      =    1.0000
    Residual |  .105898413     8  .013237302         R-squared     =   -2.3821
-------------+------------------------------         Adj R-squared =   -2.8049
       Total |  .031311227     9  .003479025         Root MSE      =  .1150535
                                                     Res. dev.     = -17.09983

------------------------------------------------------------------------------
      lnYtou |      Coef.   Std. Err.      t    P>|t|     [95% Conf. Interval]
-------------+----------------------------------------------------------------
          b1 |   45.13905    .259505   173.94   0.000     44.54063    45.73747
          b2 |   1975.746   2.767711   713.86   0.000     1969.363    1982.128
------------------------------------------------------------------------------
* Parameter b1 taken as constant term in model & ANOVA table
 (SEs, P values, CIs, and correlations are asymptotic approximations)
