=============================================================================================================
Estimation for bof and FIN, specification 2
=============================================================================================================
   
US parameters:
-------------------------------------------------------------------
elascoef1 = 6.297341445722362
elascoef2 = 6.297341445722362
trend     = -.0221095683639657
-------------------------------------------------------------------
   
Model specification estimated:
( lnYtou = lnY + {b1} + (1.3-1)*ln(t-{b2=1962})*{b3=6.297341445722362} - (1-.3)*lnYpercap*6.297341445722362 + 
> -.0221095683639657*t  ) 
-------------------------------------------------------------------
(obs = 34)

Iteration 0:  residual SS =  72037.95
Iteration 1:  residual SS =  7.453645
Iteration 2:  residual SS =  4.828573
Iteration 3:  residual SS =  2.238585
Iteration 4:  residual SS =  1.737386
Iteration 5:  residual SS =  1.726454
Iteration 6:  residual SS =  1.726401
Iteration 7:  residual SS =  1.726399
Iteration 8:  residual SS =  1.726399

      Source |       SS       df       MS            Number of obs =        34
-------------+------------------------------         F(  2,    31) =    205.21
       Model |  22.8560314     2  11.4280157         Prob > F      =    0.0000
    Residual |  1.72639928    31  .055690299         R-squared     =    0.9298
-------------+------------------------------         Adj R-squared =    0.9252
       Total |  24.5824307    33  .744922141         Root MSE      =  .2359879
                                                     Res. dev.     = -4.843149

------------------------------------------------------------------------------
      lnYtou |      Coef.   Std. Err.      t    P>|t|     [95% Conf. Interval]
-------------+----------------------------------------------------------------
          b1 |   46.68126   .2412229   193.52   0.000     46.18928    47.17324
          b2 |    1966.34   .1442525        .   0.000     1966.046    1966.635
          b3 |   6.358208   .2645948    24.03   0.000     5.818563    6.897852
------------------------------------------------------------------------------
* Parameter b1 taken as constant term in model & ANOVA table
 (SEs, P values, CIs, and correlations are asymptotic approximations)
