=============================================================================================================
Estimation for bof and FRA, specification 1
=============================================================================================================
   
US parameters:
-------------------------------------------------------------------
elascoef1 = 6.297341445722362
elascoef2 = 6.297341445722362
trend     = -.0221095683639657
-------------------------------------------------------------------
   
Model specification estimated:
( lnYtou = lnY + {b1} + (1.3-1)*ln(t-{b2=1955})*6.297341445722362 - (1-.3)*lnYpercap*6.297341445722362 + -.022
> 1095683639657*t  ) 
-------------------------------------------------------------------
(obs = 41)

Iteration 0:  residual SS =  83219.33
Iteration 1:  residual SS =     47070
Iteration 2:  residual SS =   11954.9
Iteration 3:  residual SS =   9.19283
Iteration 4:  residual SS =   8.37135
Iteration 5:  residual SS =  8.368821
Iteration 6:  residual SS =   8.36875

      Source |       SS       df       MS            Number of obs =        41
-------------+------------------------------         F(  1,    39) =    211.49
       Model |  45.3825843     1  45.3825843         Prob > F      =    0.0000
    Residual |  8.36874958    39  .214583323         R-squared     =    0.8443
-------------+------------------------------         Adj R-squared =    0.8403
       Total |  53.7513339    40  1.34378335         Root MSE      =  .4632314
                                                     Res. dev.     =  51.20119

------------------------------------------------------------------------------
      lnYtou |      Coef.   Std. Err.      t    P>|t|     [95% Conf. Interval]
-------------+----------------------------------------------------------------
          b1 |   45.75709   .0763658   599.18   0.000     45.60263    45.91156
          b2 |   1959.703   .0732246        .   0.000     1959.555    1959.851
------------------------------------------------------------------------------
* Parameter b1 taken as constant term in model & ANOVA table
 (SEs, P values, CIs, and correlations are asymptotic approximations)
