=============================================================================================================
Estimation for bof and FRA, specification 2
=============================================================================================================
   
US parameters:
-------------------------------------------------------------------
elascoef1 = 6.297341445722362
elascoef2 = 6.297341445722362
trend     = -.0221095683639657
-------------------------------------------------------------------
   
Model specification estimated:
( lnYtou = lnY + {b1} + (1.3-1)*ln(t-{b2=1955})*{b3=6.297341445722362} - (1-.3)*lnYpercap*6.297341445722362 + 
> -.0221095683639657*t  ) 
-------------------------------------------------------------------
(obs = 41)

Iteration 0:  residual SS =  83219.33
Iteration 1:  residual SS =  30.85134
Iteration 2:  residual SS =  3.933621
Iteration 3:  residual SS =  3.900906
Iteration 4:  residual SS =  3.900901
Iteration 5:  residual SS =  3.900901

      Source |       SS       df       MS            Number of obs =        41
-------------+------------------------------         F(  2,    38) =    242.80
       Model |  49.8504325     2  24.9252162         Prob > F      =    0.0000
    Residual |  3.90090145    38  .102655301         R-squared     =    0.9274
-------------+------------------------------         Adj R-squared =    0.9236
       Total |  53.7513339    40  1.34378335         Root MSE      =  .3203987
                                                     Res. dev.     =  19.90602

------------------------------------------------------------------------------
      lnYtou |      Coef.   Std. Err.      t    P>|t|     [95% Conf. Interval]
-------------+----------------------------------------------------------------
          b1 |   44.07013   .3372908   130.66   0.000     43.38732    44.75294
          b2 |    1959.12   .1989677  9846.42   0.000     1958.717    1959.523
          b3 |   8.147313   .3452012    23.60   0.000      7.44849    8.846137
------------------------------------------------------------------------------
* Parameter b1 taken as constant term in model & ANOVA table
 (SEs, P values, CIs, and correlations are asymptotic approximations)
