=============================================================================================================
Estimation for bof and GRE, specification 1
=============================================================================================================
   
US parameters:
-------------------------------------------------------------------
elascoef1 = 6.297341445722362
elascoef2 = 6.297341445722362
trend     = -.0221095683639657
-------------------------------------------------------------------
   
Model specification estimated:
( lnYtou = lnY + {b1} + (1.3-1)*ln(t-{b2=1965})*6.297341445722362 - (1-.3)*lnYpercap*6.297341445722362 + -.022
> 1095683639657*t  ) 
-------------------------------------------------------------------
(obs = 12)

Iteration 0:  residual SS =  22221.77
Iteration 1:  residual SS =  4.630002
Iteration 2:  residual SS =   3.10652
Iteration 3:  residual SS =  2.639905
Iteration 4:  residual SS =  2.492426
Iteration 5:  residual SS =  2.474263
Iteration 6:  residual SS =   2.47368
Iteration 7:  residual SS =  2.473672
Iteration 8:  residual SS =  2.473671

      Source |       SS       df       MS            Number of obs =        12
-------------+------------------------------         F(  1,    10) =      0.80
       Model |   .19763742     1   .19763742         Prob > F      =    0.3924
    Residual |  2.47367132    10  .247367132         R-squared     =    0.0740
-------------+------------------------------         Adj R-squared =   -0.0186
       Total |  2.67130874    11  .242846249         Root MSE      =  .4973602
                                                     Res. dev.     =  15.10409

------------------------------------------------------------------------------
      lnYtou |      Coef.   Std. Err.      t    P>|t|     [95% Conf. Interval]
-------------+----------------------------------------------------------------
          b1 |   40.34763   1.696446    23.78   0.000     36.56771    44.12755
          b2 |   1934.508   36.41009    53.13   0.000     1853.382    2015.635
------------------------------------------------------------------------------
* Parameter b1 taken as constant term in model & ANOVA table
 (SEs, P values, CIs, and correlations are asymptotic approximations)
