=============================================================================================================
Estimation for bof and HUN, specification 2
=============================================================================================================
   
US parameters:
-------------------------------------------------------------------
elascoef1 = 6.297341445722362
elascoef2 = 6.297341445722362
trend     = -.0221095683639657
-------------------------------------------------------------------
   
Model specification estimated:
( lnYtou = lnY + {b1} + (1.3-1)*ln(t-{b2=1975})*{b3=6.297341445722362} - (1-.3)*lnYpercap*6.297341445722362 + 
> -.0221095683639657*t  ) 
-------------------------------------------------------------------
(obs = 21)

Iteration 0:  residual SS =  39038.28
Iteration 1:  residual SS =  24.76244
Iteration 2:  residual SS =   17.5302
Iteration 3:  residual SS =  11.98692
Iteration 4:  residual SS =  8.833849
Iteration 5:  residual SS =  6.828659
Iteration 6:  residual SS =  5.492893
Iteration 7:  residual SS =  4.587305
Iteration 8:  residual SS =  3.966575
Iteration 9:  cannot calculate derivatives
equation/system not identified
