=============================================================================================================
Estimation for bof and IND, specification 2
=============================================================================================================
   
US parameters:
-------------------------------------------------------------------
elascoef1 = 6.297341445722362
elascoef2 = 6.297341445722362
trend     = -.0221095683639657
-------------------------------------------------------------------
   
Model specification estimated:
( lnYtou = lnY + {b1} + (1.3-1)*ln(t-{b2=1969})*{b3=6.297341445722362} - (1-.3)*lnYpercap*6.297341445722362 + 
> -.0221095683639657*t  ) 
-------------------------------------------------------------------
(obs = 27)

Iteration 0:  residual SS =  31672.59
Iteration 1:  residual SS =  178.9427
Iteration 2:  residual SS =  161.0431
Iteration 3:  residual SS =  155.6734
Iteration 4:  residual SS =  149.2295
Iteration 5:  residual SS =  146.3997
Iteration 6:  residual SS =  142.3934
Iteration 7:  residual SS =  139.2848
Iteration 8:  residual SS =  137.1699
Iteration 9:  residual SS =  136.1891
Iteration 10:  residual SS =  134.1989
Iteration 11:  residual SS =  132.4536
Iteration 12:  residual SS =  130.9706
Iteration 13:  residual SS =  129.7716
Iteration 14:  residual SS =  128.8832
Iteration 15:  residual SS =  128.3385
Iteration 16:  residual SS =   128.179
Iteration 17:  residual SS =  127.2626
Iteration 18:  residual SS =  126.4188
Iteration 19:  residual SS =  125.6513
Iteration 20:  residual SS =  124.9645
Iteration 21:  residual SS =  124.3634
Iteration 22:  residual SS =  123.8534
Iteration 23:  residual SS =  123.4411
Iteration 24:  residual SS =  123.1335
Iteration 25:  residual SS =  122.9389
Iteration 26:  residual SS =  122.8669
Iteration 27:  residual SS =  122.4078
Iteration 28:  residual SS =  121.9694
Iteration 29:  residual SS =  121.5525
Iteration 30:  residual SS =  121.1579
Iteration 31:  residual SS =  120.7865
Iteration 32:  residual SS =  120.4391
Iteration 33:  residual SS =  120.1168
Iteration 34:  residual SS =  119.8207
Iteration 35:  residual SS =  119.5519
Iteration 36:  residual SS =  119.3116
Iteration 37:  residual SS =  119.1013
Iteration 38:  residual SS =  118.9223
Iteration 39:  residual SS =  118.7764
Iteration 40:  residual SS =  118.6651
Iteration 41:  residual SS =  118.5905
Iteration 42:  residual SS =  118.5545
Iteration 43:  residual SS =  118.3262
Iteration 44:  residual SS =   118.104
Iteration 45:  residual SS =  117.8879
Iteration 46:  residual SS =  117.6782
Iteration 47:  residual SS =  117.4751
Iteration 48:  residual SS =  117.2786
Iteration 49:  residual SS =  117.0889

      Source |       SS       df       MS            Number of obs =        27
-------------+------------------------------         F(  2,    24) =    -10.32
       Model |  -100.51259     2  -50.256295         Prob > F      =    1.0000
    Residual |  116.906276    24  4.87109485         R-squared     =   -6.1312
-------------+------------------------------         Adj R-squared =   -6.7254
       Total |  16.3936863    26  .630526396         Root MSE      =  2.207056
                                                     Res. dev.     =  116.1921

------------------------------------------------------------------------------
      lnYtou |      Coef.   Std. Err.      t    P>|t|     [95% Conf. Interval]
-------------+----------------------------------------------------------------
          b1 |  -228.7928   491.4134    -0.47   0.646     -1243.02    785.4347
          b2 |   1720.608   411.6406     4.18   0.000      871.024    2570.193
          b3 |   161.3401   249.0864     0.65   0.523    -352.7491    675.4292
------------------------------------------------------------------------------
* Parameter b1 taken as constant term in model & ANOVA table
 (SEs, P values, CIs, and correlations are asymptotic approximations)
convergence not achieved
