=============================================================================================================
Estimation for bof and IND, specification 1
=============================================================================================================
   
US parameters:
-------------------------------------------------------------------
elascoef1 = 6.297341445722362
elascoef2 = 6.297341445722362
trend     = -.0221095683639657
-------------------------------------------------------------------
   
Model specification estimated:
( lnYtou = lnY + {b1} + (1.3-1)*ln(t-{b2=1969})*6.297341445722362 - (1-.3)*lnYpercap*6.297341445722362 + -.022
> 1095683639657*t  ) 
-------------------------------------------------------------------
(obs = 27)

Iteration 0:  residual SS =  31672.59
Iteration 1:  residual SS =  7967.699
Iteration 2:  residual SS =  11.46372
Iteration 3:  residual SS =  11.46191
Iteration 4:  residual SS =   11.4618
Iteration 5:  residual SS =  11.46179

      Source |       SS       df       MS            Number of obs =        27
-------------+------------------------------         F(  1,    25) =     10.76
       Model |  4.93189225     1  4.93189225         Prob > F      =    0.0031
    Residual |   11.461794    25  .458471762         R-squared     =    0.3008
-------------+------------------------------         Adj R-squared =    0.2729
       Total |  16.3936863    26  .630526396         Root MSE      =  .6771054
                                                     Res. dev.     =  53.48861

------------------------------------------------------------------------------
      lnYtou |      Coef.   Std. Err.      t    P>|t|     [95% Conf. Interval]
-------------+----------------------------------------------------------------
          b1 |   34.72259   .1879877   184.71   0.000     34.33543    35.10976
          b2 |   1971.966   .6703876  2941.53   0.000     1970.586    1973.347
------------------------------------------------------------------------------
* Parameter b1 taken as constant term in model & ANOVA table
 (SEs, P values, CIs, and correlations are asymptotic approximations)
