=============================================================================================================
Estimation for bof and JAP, specification 2
=============================================================================================================
   
US parameters:
-------------------------------------------------------------------
elascoef1 = 6.297341445722362
elascoef2 = 6.297341445722362
trend     = -.0221095683639657
-------------------------------------------------------------------
   
Model specification estimated:
( lnYtou = lnY + {b1} + (1.3-1)*ln(t-{b2=1955})*{b3=6.297341445722362} - (1-.3)*lnYpercap*6.297341445722362 + 
> -.0221095683639657*t  ) 
-------------------------------------------------------------------
(obs = 41)

Iteration 0:  residual SS =  85681.44
Iteration 1:  residual SS =  48572.95
Iteration 2:  residual SS =  5.239175
Iteration 3:  residual SS =  3.944042
Iteration 4:  residual SS =  3.927438
Iteration 5:  residual SS =  3.927422
Iteration 6:  residual SS =  3.927421
Iteration 7:  residual SS =  3.927421

      Source |       SS       df       MS            Number of obs =        41
-------------+------------------------------         F(  2,    38) =    107.98
       Model |  22.3204831     2  11.1602415         Prob > F      =    0.0000
    Residual |  3.92742098    38  .103353184         R-squared     =    0.8504
-------------+------------------------------         Adj R-squared =    0.8425
       Total |   26.247904    40  .656197601         Root MSE      =  .3214859
                                                     Res. dev.     =  20.18381

------------------------------------------------------------------------------
      lnYtou |      Coef.   Std. Err.      t    P>|t|     [95% Conf. Interval]
-------------+----------------------------------------------------------------
          b1 |   43.06303   .4304595   100.04   0.000     42.19161    43.93445
          b2 |   1958.609   .2756883  7104.43   0.000      1958.05    1959.167
          b3 |   9.959407   .4234386    23.52   0.000       9.1022    10.81661
------------------------------------------------------------------------------
* Parameter b1 taken as constant term in model & ANOVA table
 (SEs, P values, CIs, and correlations are asymptotic approximations)
