=============================================================================================================
Estimation for bof and KAZ, specification 1
=============================================================================================================
   
US parameters:
-------------------------------------------------------------------
elascoef1 = 6.297341445722362
elascoef2 = 6.297341445722362
trend     = -.0221095683639657
-------------------------------------------------------------------
   
Model specification estimated:
( lnYtou = lnY + {b1} + (1.3-1)*ln(t-{b2=1987})*6.297341445722362 - (1-.3)*lnYpercap*6.297341445722362 + -.022
> 1095683639657*t  ) 
-------------------------------------------------------------------
(obs = 10)

Iteration 0:  residual SS =  19472.93
Iteration 1:  residual SS =  10.24739
Iteration 2:  residual SS =  6.640928
Iteration 3:  residual SS =  4.315215
Iteration 4:  residual SS =  3.156064
Iteration 5:  residual SS =  3.050603
Iteration 6:  residual SS =  3.050547
Iteration 7:  residual SS =  3.050545
Iteration 8:  residual SS =  3.050545

      Source |       SS       df       MS            Number of obs =        10
-------------+------------------------------         F(  1,     8) =     -6.20
       Model | -2.36507363     1 -2.36507363         Prob > F      =    1.0000
    Residual |   3.0505447     8  .381318087         R-squared     =   -3.4503
-------------+------------------------------         Adj R-squared =   -4.0066
       Total |  .685471066     9  .076163452         Root MSE      =  .6175096
                                                     Res. dev.     =  16.50612

------------------------------------------------------------------------------
      lnYtou |      Coef.   Std. Err.      t    P>|t|     [95% Conf. Interval]
-------------+----------------------------------------------------------------
          b1 |   42.16196   1.730349    24.37   0.000     38.17177    46.15215
          b2 |   1970.829   23.06285    85.45   0.000     1917.646    2024.012
------------------------------------------------------------------------------
* Parameter b1 taken as constant term in model & ANOVA table
 (SEs, P values, CIs, and correlations are asymptotic approximations)
