=============================================================================================================
Estimation for bof and KRS, specification 2
=============================================================================================================
   
US parameters:
-------------------------------------------------------------------
elascoef1 = 6.297341445722362
elascoef2 = 6.297341445722362
trend     = -.0221095683639657
-------------------------------------------------------------------
   
Model specification estimated:
( lnYtou = lnY + {b1} + (1.3-1)*ln(t-{b2=1969})*{b3=6.297341445722362} - (1-.3)*lnYpercap*6.297341445722362 + 
> -.0221095683639657*t  ) 
-------------------------------------------------------------------
(obs = 27)

Iteration 0:  residual SS =  51869.22
Iteration 1:  residual SS =  725.1456
Iteration 2:  residual SS =  122.8747
Iteration 3:  residual SS =  1.441571
Iteration 4:  residual SS =  1.196477
Iteration 5:  residual SS =   1.19647
Iteration 6:  residual SS =   1.19647

      Source |       SS       df       MS            Number of obs =        27
-------------+------------------------------         F(  2,    24) =    223.81
       Model |  22.3156026     2  11.1578013         Prob > F      =    0.0000
    Residual |  1.19646992    24  .049852913         R-squared     =    0.9491
-------------+------------------------------         Adj R-squared =    0.9449
       Total |  23.5120725    26   .90431048         Root MSE      =  .2232777
                                                     Res. dev.     = -7.521776

------------------------------------------------------------------------------
      lnYtou |      Coef.   Std. Err.      t    P>|t|     [95% Conf. Interval]
-------------+----------------------------------------------------------------
          b1 |   18.52111   4.720763     3.92   0.001      8.77793    28.26428
          b2 |   1957.982   3.126471   626.26   0.000     1951.529    1964.434
          b3 |   30.49077   3.661587     8.33   0.000     22.93363    38.04792
------------------------------------------------------------------------------
* Parameter b1 taken as constant term in model & ANOVA table
 (SEs, P values, CIs, and correlations are asymptotic approximations)
