=============================================================================================================
Estimation for bof and MEX, specification 1
=============================================================================================================
   
US parameters:
-------------------------------------------------------------------
elascoef1 = 6.297341445722362
elascoef2 = 6.297341445722362
trend     = -.0221095683639657
-------------------------------------------------------------------
   
Model specification estimated:
( lnYtou = lnY + {b1} + (1.3-1)*ln(t-{b2=1967})*6.297341445722362 - (1-.3)*lnYpercap*6.297341445722362 + -.022
> 1095683639657*t  ) 
-------------------------------------------------------------------
(obs = 29)

Iteration 0:  residual SS =  49327.67
Iteration 1:  residual SS =  52.46113
Iteration 2:  residual SS =  19.90651
Iteration 3:  residual SS =  8.196618
Iteration 4:  residual SS =  4.796296
Iteration 5:  residual SS =  4.345266
Iteration 6:  residual SS =  4.325219
Iteration 7:  residual SS =  4.324877
Iteration 8:  residual SS =  4.324873

      Source |       SS       df       MS            Number of obs =        29
-------------+------------------------------         F(  1,    27) =     77.60
       Model |  12.4302969     1  12.4302969         Prob > F      =    0.0000
    Residual |  4.32487245    27  .160180461         R-squared     =    0.7419
-------------+------------------------------         Adj R-squared =    0.7323
       Total |  16.7551694    28  .598398906         Root MSE      =  .4002255
                                                     Res. dev.     =  27.11395

------------------------------------------------------------------------------
      lnYtou |      Coef.   Std. Err.      t    P>|t|     [95% Conf. Interval]
-------------+----------------------------------------------------------------
          b1 |   41.39575   .1278076   323.89   0.000     41.13351    41.65799
          b2 |   1968.127   .7110155  2768.05   0.000     1966.668    1969.586
------------------------------------------------------------------------------
* Parameter b1 taken as constant term in model & ANOVA table
 (SEs, P values, CIs, and correlations are asymptotic approximations)
