=============================================================================================================
Estimation for bof and MLY, specification 1
=============================================================================================================
   
US parameters:
-------------------------------------------------------------------
elascoef1 = 6.297341445722362
elascoef2 = 6.297341445722362
trend     = -.0221095683639657
-------------------------------------------------------------------
   
Model specification estimated:
( lnYtou = lnY + {b1} + (1.3-1)*ln(t-{b2=1965})*6.297341445722362 - (1-.3)*lnYpercap*6.297341445722362 + -.022
> 1095683639657*t  ) 
-------------------------------------------------------------------
(obs = 24)

Iteration 0:  residual SS =  34648.22
Iteration 1:  residual SS =  23.72284
Iteration 2:  residual SS =  9.170096
Iteration 3:  residual SS =   5.16665
Iteration 4:  residual SS =  4.885381
Iteration 5:  residual SS =  4.884473
Iteration 6:  residual SS =  4.884469

      Source |       SS       df       MS            Number of obs =        24
-------------+------------------------------         F(  1,    22) =    -10.14
       Model | -2.25119422     1 -2.25119422         Prob > F      =    1.0000
    Residual |  4.88446872    22  .222021306         R-squared     =   -0.8549
-------------+------------------------------         Adj R-squared =   -0.9392
       Total |   2.6332745    23  .114490196         Root MSE      =  .4711914
                                                     Res. dev.     =  29.90121

------------------------------------------------------------------------------
      lnYtou |      Coef.   Std. Err.      t    P>|t|     [95% Conf. Interval]
-------------+----------------------------------------------------------------
          b1 |   38.40934   .1525056   251.86   0.000     38.09306    38.72562
          b2 |   1967.479    .591779  3324.69   0.000     1966.252    1968.706
------------------------------------------------------------------------------
* Parameter b1 taken as constant term in model & ANOVA table
 (SEs, P values, CIs, and correlations are asymptotic approximations)
