=============================================================================================================
Estimation for bof and NEW, specification 1
=============================================================================================================
   
US parameters:
-------------------------------------------------------------------
elascoef1 = 6.297341445722362
elascoef2 = 6.297341445722362
trend     = -.0221095683639657
-------------------------------------------------------------------
   
Model specification estimated:
( lnYtou = lnY + {b1} + (1.3-1)*ln(t-{b2=1982})*6.297341445722362 - (1-.3)*lnYpercap*6.297341445722362 + -.022
> 1095683639657*t  ) 
-------------------------------------------------------------------
(obs = 14)

Iteration 0:  residual SS =  30460.26
Iteration 1:  residual SS =  3.851475
Iteration 2:  residual SS =  1.770498
Iteration 3:  residual SS =  1.432785
Iteration 4:  residual SS =  1.430279
Iteration 5:  residual SS =  1.430247
Iteration 6:  residual SS =  1.430246

      Source |       SS       df       MS            Number of obs =        14
-------------+------------------------------         F(  1,    12) =     16.81
       Model |  2.00337623     1  2.00337623         Prob > F      =    0.0015
    Residual |  1.43024635    12  .119187196         R-squared     =    0.5835
-------------+------------------------------         Adj R-squared =    0.5487
       Total |  3.43362257    13  .264124813         Root MSE      =   .345235
                                                     Res. dev.     =   7.79333

------------------------------------------------------------------------------
      lnYtou |      Coef.   Std. Err.      t    P>|t|     [95% Conf. Interval]
-------------+----------------------------------------------------------------
          b1 |   46.18047   .2894777   159.53   0.000     45.54975    46.81118
          b2 |   1979.065   1.993331   992.84   0.000     1974.722    1983.408
------------------------------------------------------------------------------
* Parameter b1 taken as constant term in model & ANOVA table
 (SEs, P values, CIs, and correlations are asymptotic approximations)
