=============================================================================================================
Estimation for bof and NOR, specification 1
=============================================================================================================
   
US parameters:
-------------------------------------------------------------------
elascoef1 = 6.297341445722362
elascoef2 = 6.297341445722362
trend     = -.0221095683639657
-------------------------------------------------------------------
   
Model specification estimated:
( lnYtou = lnY + {b1} + (1.3-1)*ln(t-{b2=1956})*6.297341445722362 - (1-.3)*lnYpercap*6.297341445722362 + -.022
> 1095683639657*t  ) 
-------------------------------------------------------------------
(obs = 29)

Iteration 0:  residual SS =  56986.36
Iteration 1:  residual SS =  14463.82
Iteration 2:  residual SS =  5.557556
Iteration 3:  residual SS =  3.346313
Iteration 4:  residual SS =  3.075965
Iteration 5:  residual SS =  3.056925
Iteration 6:  residual SS =  3.056133
Iteration 7:  residual SS =  3.056105

      Source |       SS       df       MS            Number of obs =        29
-------------+------------------------------         F(  1,    27) =    155.16
       Model |  17.5623815     1  17.5623815         Prob > F      =    0.0000
    Residual |  3.05610347    27  .113189017         R-squared     =    0.8518
-------------+------------------------------         Adj R-squared =    0.8463
       Total |  20.6184849    28  .736374462         Root MSE      =  .3364358
                                                     Res. dev.     =  17.04394

------------------------------------------------------------------------------
      lnYtou |      Coef.   Std. Err.      t    P>|t|     [95% Conf. Interval]
-------------+----------------------------------------------------------------
          b1 |   45.12298   .0714273   631.73   0.000     44.97642    45.26954
          b2 |   1960.386   .1092772        .   0.000     1960.162     1960.61
------------------------------------------------------------------------------
* Parameter b1 taken as constant term in model & ANOVA table
 (SEs, P values, CIs, and correlations are asymptotic approximations)
