=============================================================================================================
Estimation for bof and NOR, specification 2
=============================================================================================================
   
US parameters:
-------------------------------------------------------------------
elascoef1 = 6.297341445722362
elascoef2 = 6.297341445722362
trend     = -.0221095683639657
-------------------------------------------------------------------
   
Model specification estimated:
( lnYtou = lnY + {b1} + (1.3-1)*ln(t-{b2=1956})*{b3=6.297341445722362} - (1-.3)*lnYpercap*6.297341445722362 + 
> -.0221095683639657*t  ) 
-------------------------------------------------------------------
(obs = 29)

Iteration 0:  residual SS =  56986.36
Iteration 1:  residual SS =  22.18453
Iteration 2:  residual SS =  20.54722
Iteration 3:  residual SS =   15.1528
Iteration 4:  residual SS =  5.181292
Iteration 5:  residual SS =  2.378683
Iteration 6:  residual SS =  2.364867
Iteration 7:  residual SS =  2.364861
Iteration 8:  residual SS =  2.364861

      Source |       SS       df       MS            Number of obs =        29
-------------+------------------------------         F(  2,    26) =    100.34
       Model |  18.2536241     2  9.12681207         Prob > F      =    0.0000
    Residual |   2.3648608    26  .090956185         R-squared     =    0.8853
-------------+------------------------------         Adj R-squared =    0.8765
       Total |  20.6184849    28  .736374462         Root MSE      =  .3015894
                                                     Res. dev.     =  9.607712

------------------------------------------------------------------------------
      lnYtou |      Coef.   Std. Err.      t    P>|t|     [95% Conf. Interval]
-------------+----------------------------------------------------------------
          b1 |   45.95716   .2428596   189.23   0.000     45.45795    46.45636
          b2 |   1960.741    .083705        .   0.000     1960.569    1960.913
          b3 |   5.296001   .2980444    17.77   0.000     4.683362     5.90864
------------------------------------------------------------------------------
* Parameter b1 taken as constant term in model & ANOVA table
 (SEs, P values, CIs, and correlations are asymptotic approximations)
