=============================================================================================================
Estimation for bof and NTH, specification 1
=============================================================================================================
   
US parameters:
-------------------------------------------------------------------
elascoef1 = 6.297341445722362
elascoef2 = 6.297341445722362
trend     = -.0221095683639657
-------------------------------------------------------------------
   
Model specification estimated:
( lnYtou = lnY + {b1} + (1.3-1)*ln(t-{b2=1955})*6.297341445722362 - (1-.3)*lnYpercap*6.297341445722362 + -.022
> 1095683639657*t  ) 
-------------------------------------------------------------------
(obs = 41)

Iteration 0:  residual SS =  85604.43
Iteration 1:  residual SS =  7.613897
Iteration 2:  residual SS =  4.622877
Iteration 3:  residual SS =  3.293561
Iteration 4:  residual SS =  3.283969
Iteration 5:  residual SS =  3.283868

      Source |       SS       df       MS            Number of obs =        41
-------------+------------------------------         F(  1,    39) =    123.90
       Model |  10.4325991     1  10.4325991         Prob > F      =    0.0000
    Residual |  3.28386575    39  .084201686         R-squared     =    0.7606
-------------+------------------------------         Adj R-squared =    0.7545
       Total |  13.7164648    40  .342911621         Root MSE      =  .2901753
                                                     Res. dev.     =  12.84638

------------------------------------------------------------------------------
      lnYtou |      Coef.   Std. Err.      t    P>|t|     [95% Conf. Interval]
-------------+----------------------------------------------------------------
          b1 |   46.12621   .0577169   799.18   0.000     46.00946    46.24295
          b2 |   1958.376   .2161619  9059.77   0.000     1957.939    1958.813
------------------------------------------------------------------------------
* Parameter b1 taken as constant term in model & ANOVA table
 (SEs, P values, CIs, and correlations are asymptotic approximations)
