=============================================================================================================
Estimation for bof and POR, specification 1
=============================================================================================================
   
US parameters:
-------------------------------------------------------------------
elascoef1 = 6.297341445722362
elascoef2 = 6.297341445722362
trend     = -.0221095683639657
-------------------------------------------------------------------
   
Model specification estimated:
( lnYtou = lnY + {b1} + (1.3-1)*ln(t-{b2=1965})*6.297341445722362 - (1-.3)*lnYpercap*6.297341445722362 + -.022
> 1095683639657*t  ) 
-------------------------------------------------------------------
(obs = 31)

Iteration 0:  residual SS =   41998.8
Iteration 1:  residual SS =  5.712006
Iteration 2:  residual SS =  5.219985
Iteration 3:  residual SS =  5.217957
Iteration 4:  residual SS =  5.217946

      Source |       SS       df       MS            Number of obs =        31
-------------+------------------------------         F(  1,    29) =      0.84
       Model |  .150394275     1  .150394275         Prob > F      =    0.3681
    Residual |  5.21794545    29  .179929153         R-squared     =    0.0280
-------------+------------------------------         Adj R-squared =   -0.0055
       Total |  5.36833972    30  .178944657         Root MSE      =  .4241806
                                                     Res. dev.     =   32.7358

------------------------------------------------------------------------------
      lnYtou |      Coef.   Std. Err.      t    P>|t|     [95% Conf. Interval]
-------------+----------------------------------------------------------------
          b1 |   36.69011   .1503866   243.97   0.000     36.38253    36.99768
          b2 |   1964.039   1.127217  1742.38   0.000     1961.734    1966.345
------------------------------------------------------------------------------
* Parameter b1 taken as constant term in model & ANOVA table
 (SEs, P values, CIs, and correlations are asymptotic approximations)
