=============================================================================================================
Estimation for bof and PRG, specification 2
=============================================================================================================
   
US parameters:
-------------------------------------------------------------------
elascoef1 = 6.297341445722362
elascoef2 = 6.297341445722362
trend     = -.0221095683639657
-------------------------------------------------------------------
   
Model specification estimated:
( lnYtou = lnY + {b1} + (1.3-1)*ln(t-{b2=1982})*{b3=6.297341445722362} - (1-.3)*lnYpercap*6.297341445722362 + 
> -.0221095683639657*t  ) 
-------------------------------------------------------------------
(obs = 14)

Iteration 0:  residual SS =  21991.29
Iteration 1:  residual SS =  4.570071
Iteration 2:  residual SS =  4.422105
Iteration 3:  residual SS =  4.358187
Iteration 4:  residual SS =  4.285814
Iteration 5:  residual SS =   4.16651
Iteration 6:  residual SS =  2.910529
Iteration 7:  residual SS =  2.424849
Iteration 8:  residual SS =  2.060954
Iteration 9:  residual SS =  1.788818
Iteration 10:  residual SS =  1.584175
Iteration 11:  residual SS =   1.42262
Iteration 12:  cannot calculate derivatives
equation/system not identified
