=============================================================================================================
Estimation for bof and SAF, specification 1
=============================================================================================================
   
US parameters:
-------------------------------------------------------------------
elascoef1 = 6.297341445722362
elascoef2 = 6.297341445722362
trend     = -.0221095683639657
-------------------------------------------------------------------
   
Model specification estimated:
( lnYtou = lnY + {b1} + (1.3-1)*ln(t-{b2=1969})*6.297341445722362 - (1-.3)*lnYpercap*6.297341445722362 + -.022
> 1095683639657*t  ) 
-------------------------------------------------------------------
(obs = 27)

Iteration 0:  residual SS =  46477.29
Iteration 1:  residual SS =  23.98824
Iteration 2:  residual SS =  18.74661
Iteration 3:  residual SS =  16.23826
Iteration 4:  residual SS =  14.72054
Iteration 5:  residual SS =  13.61572
Iteration 6:  residual SS =  13.27917
Iteration 7:  residual SS =  12.81173
Iteration 8:  residual SS =  12.62151
Iteration 9:  residual SS =  12.34554
Iteration 10:  residual SS =  12.15435
Iteration 11:  residual SS =  12.06641
Iteration 12:  residual SS =  11.92023
Iteration 13:  residual SS =  11.80076
Iteration 14:  residual SS =  11.71225
Iteration 15:  residual SS =  11.66049
Iteration 16:  residual SS =  11.65351
Iteration 17:  residual SS =  11.58913
Iteration 18:  residual SS =  11.53479
Iteration 19:  residual SS =  11.49187
Iteration 20:  residual SS =  11.46202
Iteration 21:  residual SS =  11.44739
Iteration 22:  residual SS =  11.40996
Iteration 23:  residual SS =  11.37547
Iteration 24:  residual SS =  11.34418
Iteration 25:  residual SS =   11.3164
Iteration 26:  residual SS =  11.29247
Iteration 27:  residual SS =  11.27282
Iteration 28:  residual SS =  11.25792
Iteration 29:  residual SS =  11.24834
Iteration 30:  residual SS =  11.24478
Iteration 31:  residual SS =  11.22672
Iteration 32:  residual SS =   11.2097
Iteration 33:  residual SS =  11.19379
Iteration 34:  residual SS =  11.17907
Iteration 35:  residual SS =  11.16562
Iteration 36:  residual SS =  11.15355
Iteration 37:  residual SS =  11.14296
Iteration 38:  residual SS =  11.13397
Iteration 39:  residual SS =  11.12671
Iteration 40:  residual SS =  11.12135
Iteration 41:  residual SS =  11.11806
Iteration 42:  residual SS =  11.11702
Iteration 43:  residual SS =  11.10801
Iteration 44:  residual SS =  11.09937
Iteration 45:  residual SS =   11.0911
Iteration 46:  residual SS =  11.08323
Iteration 47:  residual SS =  11.07577
Iteration 48:  residual SS =  11.06875
Iteration 49:  residual SS =  11.06219

      Source |       SS       df       MS            Number of obs =        27
-------------+------------------------------         F(  1,    25) =    -22.94
       Model | -10.1435401     1 -10.1435401         Prob > F      =    1.0000
    Residual |  11.0561277    25  .442245108         R-squared     =  -11.1151
-------------+------------------------------         Adj R-squared =  -11.5997
       Total |  .912587609    26  .035099523         Root MSE      =  .6650151
                                                     Res. dev.     =  52.51568

------------------------------------------------------------------------------
      lnYtou |      Coef.   Std. Err.      t    P>|t|     [95% Conf. Interval]
-------------+----------------------------------------------------------------
          b1 |   30.91141   17.38438     1.78   0.088    -4.892398    66.71522
          b2 |   -1204.98    28777.7    -0.04   0.967    -60473.76     58063.8
------------------------------------------------------------------------------
* Parameter b1 taken as constant term in model & ANOVA table
 (SEs, P values, CIs, and correlations are asymptotic approximations)
convergence not achieved
