=============================================================================================================
Estimation for bof and SBM, specification 2
=============================================================================================================
   
US parameters:
-------------------------------------------------------------------
elascoef1 = 6.297341445722362
elascoef2 = 6.297341445722362
trend     = -.0221095683639657
-------------------------------------------------------------------
   
Model specification estimated:
( lnYtou = lnY + {b1} + (1.3-1)*ln(t-{b2=1987})*{b3=6.297341445722362} - (1-.3)*lnYpercap*6.297341445722362 + 
> -.0221095683639657*t  ) 
-------------------------------------------------------------------
(obs = 10)

Iteration 0:  residual SS =  15392.36
Iteration 1:  residual SS =  8417.762
Iteration 2:  residual SS =  8402.655
Iteration 3:  residual SS =  8401.275
Iteration 4:  residual SS =   8389.68
Iteration 5:  residual SS =  8381.432
Iteration 6:  residual SS =  8377.249
Iteration 7:  residual SS =  8369.378
Iteration 8:  residual SS =  8362.283
Iteration 9:  residual SS =  19.98136
Iteration 10:  residual SS =  19.98136
Iteration 11:  residual SS =  19.98135
Iteration 12:  residual SS =  19.98135
Iteration 13:  residual SS =  19.98135
Iteration 14:  residual SS =  19.98134
Iteration 15:  residual SS =  19.98134
Iteration 16:  residual SS =  19.98133
Iteration 17:  residual SS =  19.98133
Iteration 18:  residual SS =  19.98132
Iteration 19:  residual SS =  19.98132
Iteration 20:  residual SS =  19.98132
Iteration 21:  residual SS =  19.98131
Iteration 22:  residual SS =  19.98131
Iteration 23:  residual SS =   19.9813
Iteration 24:  residual SS =   19.9813
Iteration 25:  residual SS =  19.98129
Iteration 26:  residual SS =  19.98129
Iteration 27:  residual SS =  19.98129
Iteration 28:  residual SS =  19.98128
Iteration 29:  residual SS =  19.98128
Iteration 30:  residual SS =  19.98127
Iteration 31:  residual SS =  19.98127
Iteration 32:  residual SS =  19.70707
Iteration 33:  residual SS =  19.70691
Iteration 34:  residual SS =  19.70671

      Source |       SS       df       MS            Number of obs =        10
-------------+------------------------------         F(  1,     8) =     -1.96
       Model | -4.82584349     1 -4.82584349         Prob > F      =    1.0000
    Residual |  19.7067083     8  2.46333854         R-squared     =   -0.3243
-------------+------------------------------         Adj R-squared =   -0.4898
       Total |  14.8808648     9  1.65342942         Root MSE      =  1.569503
                                                     Res. dev.     =  35.16251

------------------------------------------------------------------------------
      lnYtou |      Coef.   Std. Err.      t    P>|t|     [95% Conf. Interval]
-------------+----------------------------------------------------------------
          b1 |  -86.48792          .        .       .            .           .
          b2 |   1855.381   109.0207    17.02   0.000     1603.979    2106.784
          b3 |    87.4543   13.65909     6.40   0.000     55.95639    118.9522
------------------------------------------------------------------------------
* Parameter b1 taken as constant term in model & ANOVA table
 (SEs, P values, CIs, and correlations are asymptotic approximations)
