=============================================================================================================
Estimation for bof and TAI, specification 1
=============================================================================================================
   
US parameters:
-------------------------------------------------------------------
elascoef1 = 6.297341445722362
elascoef2 = 6.297341445722362
trend     = -.0221095683639657
-------------------------------------------------------------------
   
Model specification estimated:
( lnYtou = lnY + {b1} + (1.3-1)*ln(t-{b2=1972})*6.297341445722362 - (1-.3)*lnYpercap*6.297341445722362 + -.022
> 1095683639657*t  ) 
-------------------------------------------------------------------
(obs = 24)

Iteration 0:  residual SS =  48625.84
Iteration 1:  residual SS =  12526.86
Iteration 2:  residual SS =  11.65511
Iteration 3:  residual SS =  11.31744
Iteration 4:  residual SS =  11.31421
Iteration 5:  residual SS =  11.31396
Iteration 6:  residual SS =  11.31394

      Source |       SS       df       MS            Number of obs =        24
-------------+------------------------------         F(  1,    22) =      3.45
       Model |  1.77562265     1  1.77562265         Prob > F      =    0.0766
    Residual |  11.3139358    22  .514269811         R-squared     =    0.1357
-------------+------------------------------         Adj R-squared =    0.0964
       Total |  13.0895585    23  .569111239         Root MSE      =  .7171261
                                                     Res. dev.     =   50.0606

------------------------------------------------------------------------------
      lnYtou |      Coef.   Std. Err.      t    P>|t|     [95% Conf. Interval]
-------------+----------------------------------------------------------------
          b1 |   45.86135   .1738984   263.72   0.000      45.5007    46.22199
          b2 |   1976.282    .275295  7178.78   0.000     1975.711    1976.853
------------------------------------------------------------------------------
* Parameter b1 taken as constant term in model & ANOVA table
 (SEs, P values, CIs, and correlations are asymptotic approximations)
