=============================================================================================================
Estimation for bof and TUR, specification 2
=============================================================================================================
   
US parameters:
-------------------------------------------------------------------
elascoef1 = 6.297341445722362
elascoef2 = 6.297341445722362
trend     = -.0221095683639657
-------------------------------------------------------------------
   
Model specification estimated:
( lnYtou = lnY + {b1} + (1.3-1)*ln(t-{b2=1967})*{b3=6.297341445722362} - (1-.3)*lnYpercap*6.297341445722362 + 
> -.0221095683639657*t  ) 
-------------------------------------------------------------------
(obs = 29)

Iteration 0:  residual SS =  48270.31
Iteration 1:  residual SS =  136.0381
Iteration 2:  residual SS =  4.670292
Iteration 3:  residual SS =  1.166012
Iteration 4:  residual SS =  1.165285
Iteration 5:  residual SS =  1.165285
Iteration 6:  residual SS =  1.165285
Iteration 7:  residual SS =  1.165285

      Source |       SS       df       MS            Number of obs =        29
-------------+------------------------------         F(  2,    26) =    146.42
       Model |  13.1246233     2  6.56231164         Prob > F      =    0.0000
    Residual |  1.16528539    26  .044818669         R-squared     =    0.9185
-------------+------------------------------         Adj R-squared =    0.9122
       Total |  14.2899087    28  .510353881         Root MSE      =  .2117042
                                                     Res. dev.     = -10.91713

------------------------------------------------------------------------------
      lnYtou |      Coef.   Std. Err.      t    P>|t|     [95% Conf. Interval]
-------------+----------------------------------------------------------------
          b1 |   13.58595    15.8607     0.86   0.400    -19.01619    46.18809
          b2 |   1932.773   20.13307    96.00   0.000     1891.389    1974.157
          b3 |   27.36158    10.6676     2.56   0.016     5.434021    49.28915
------------------------------------------------------------------------------
* Parameter b1 taken as constant term in model & ANOVA table
 (SEs, P values, CIs, and correlations are asymptotic approximations)
