=============================================================================================================
Estimation for bof and TUR, specification 1
=============================================================================================================
   
US parameters:
-------------------------------------------------------------------
elascoef1 = 6.297341445722362
elascoef2 = 6.297341445722362
trend     = -.0221095683639657
-------------------------------------------------------------------
   
Model specification estimated:
( lnYtou = lnY + {b1} + (1.3-1)*ln(t-{b2=1967})*6.297341445722362 - (1-.3)*lnYpercap*6.297341445722362 + -.022
> 1095683639657*t  ) 
-------------------------------------------------------------------
(obs = 29)

Iteration 0:  residual SS =  48270.31
Iteration 1:  residual SS =  5.477812
Iteration 2:  residual SS =  4.566414
Iteration 3:  residual SS =  4.558674
Iteration 4:  residual SS =  4.558668

      Source |       SS       df       MS            Number of obs =        29
-------------+------------------------------         F(  1,    27) =     57.64
       Model |  9.73124131     1  9.73124131         Prob > F      =    0.0000
    Residual |  4.55866736    27  .168839532         R-squared     =    0.6810
-------------+------------------------------         Adj R-squared =    0.6692
       Total |  14.2899087    28  .510353881         Root MSE      =  .4109009
                                                     Res. dev.     =  28.64074

------------------------------------------------------------------------------
      lnYtou |      Coef.   Std. Err.      t    P>|t|     [95% Conf. Interval]
-------------+----------------------------------------------------------------
          b1 |   41.08332   .1210153   339.49   0.000     40.83502    41.33163
          b2 |   1968.986   .5748075  3425.47   0.000     1967.807    1970.165
------------------------------------------------------------------------------
* Parameter b1 taken as constant term in model & ANOVA table
 (SEs, P values, CIs, and correlations are asymptotic approximations)
