=============================================================================================================
Estimation for bof and UKR, specification 1
=============================================================================================================
   
US parameters:
-------------------------------------------------------------------
elascoef1 = 6.297341445722362
elascoef2 = 6.297341445722362
trend     = -.0221095683639657
-------------------------------------------------------------------
   
Model specification estimated:
( lnYtou = lnY + {b1} + (1.3-1)*ln(t-{b2=1987})*6.297341445722362 - (1-.3)*lnYpercap*6.297341445722362 + -.022
> 1095683639657*t  ) 
-------------------------------------------------------------------
(obs = 10)

Iteration 0:  residual SS =  18011.66
Iteration 1:  residual SS =  51.31918
Iteration 2:  residual SS =  46.56473
Iteration 3:  residual SS =  44.46446
Iteration 4:  residual SS =  43.93111
Iteration 5:  residual SS =  43.49037
Iteration 6:  residual SS =  43.05373
Iteration 7:  residual SS =  42.83302
Iteration 8:  residual SS =    42.575
Iteration 9:  residual SS =  42.38104
Iteration 10:  residual SS =  42.26847
Iteration 11:  residual SS =   42.2626
Iteration 12:  residual SS =  42.15845
Iteration 13:  residual SS =  42.08144
Iteration 14:  residual SS =  42.03738
Iteration 15:  residual SS =  42.03399
Iteration 16:  residual SS =  41.97546
Iteration 17:  residual SS =  41.92552
Iteration 18:  residual SS =  41.88543
Iteration 19:  residual SS =  41.85668
Iteration 20:  residual SS =  41.84115
Iteration 21:  residual SS =  41.84113
Iteration 22:  residual SS =  41.81023
Iteration 23:  residual SS =  41.78218
Iteration 24:  residual SS =  41.75727
Iteration 25:  residual SS =  41.73583
Iteration 26:  residual SS =  41.71823
Iteration 27:  residual SS =   41.7049
Iteration 28:  residual SS =  41.69637
Iteration 29:  residual SS =  41.69321
Iteration 30:  residual SS =  41.67609
Iteration 31:  residual SS =  41.65986
Iteration 32:  residual SS =  41.64458
Iteration 33:  residual SS =   41.6303
Iteration 34:  residual SS =  41.61711
Iteration 35:  residual SS =  41.60508
Iteration 36:  residual SS =   41.5943
Iteration 37:  residual SS =  41.58487
Iteration 38:  residual SS =   41.5769
Iteration 39:  residual SS =   41.5705
Iteration 40:  residual SS =  41.56581
Iteration 41:  residual SS =  41.56298
Iteration 42:  residual SS =  41.56218
Iteration 43:  residual SS =   41.5536
Iteration 44:  residual SS =  41.54533
Iteration 45:  residual SS =  41.53739
Iteration 46:  residual SS =  41.52978
Iteration 47:  residual SS =  41.52254
Iteration 48:  residual SS =  41.51566
Iteration 49:  residual SS =  41.50919

      Source |       SS       df       MS            Number of obs =        10
-------------+------------------------------         F(  1,     8) =     -7.93
       Model | -41.1515454     1 -41.1515454         Prob > F      =    1.0000
    Residual |  41.5031235     8  5.18789044         R-squared     = -117.0481
-------------+------------------------------         Adj R-squared = -131.8041
       Total |  .351578172     9  .039064241         Root MSE      =  2.277694
                                                     Res. dev.     =  42.61061

------------------------------------------------------------------------------
      lnYtou |      Coef.   Std. Err.      t    P>|t|     [95% Conf. Interval]
-------------+----------------------------------------------------------------
          b1 |   31.60329   83.78323     0.38   0.716    -161.6012    224.8078
          b2 |   970.5445   44673.77     0.02   0.983    -102047.4    103988.4
------------------------------------------------------------------------------
* Parameter b1 taken as constant term in model & ANOVA table
 (SEs, P values, CIs, and correlations are asymptotic approximations)
convergence not achieved
