=============================================================================================================
Estimation for bof and UKR, specification 2
=============================================================================================================
   
US parameters:
-------------------------------------------------------------------
elascoef1 = 6.297341445722362
elascoef2 = 6.297341445722362
trend     = -.0221095683639657
-------------------------------------------------------------------
   
Model specification estimated:
( lnYtou = lnY + {b1} + (1.3-1)*ln(t-{b2=1987})*{b3=6.297341445722362} - (1-.3)*lnYpercap*6.297341445722362 + 
> -.0221095683639657*t  ) 
-------------------------------------------------------------------
(obs = 10)

Iteration 0:  residual SS =  18011.66
Iteration 1:  residual SS =  1469.747
Iteration 2:  residual SS =  1469.467
Iteration 3:  residual SS =  1469.212
Iteration 4:  residual SS =  1468.982
Iteration 5:  residual SS =  1468.781
Iteration 6:  residual SS =  1468.609
Iteration 7:  residual SS =  1468.471
Iteration 8:  residual SS =  1468.368
Iteration 9:  residual SS =  1468.302
Iteration 10:  residual SS =  1468.278
Iteration 11:  residual SS =  1468.104
Iteration 12:  residual SS =  1467.937
Iteration 13:  residual SS =  1467.775
Iteration 14:  residual SS =  1467.621
Iteration 15:  residual SS =  1467.473
Iteration 16:  residual SS =  1467.333
Iteration 17:  residual SS =  1467.199
Iteration 18:  residual SS =  1467.074
Iteration 19:  residual SS =  1466.957
Iteration 20:  residual SS =  1466.849
Iteration 21:  residual SS =  1466.749
Iteration 22:  residual SS =  1466.659
Iteration 23:  residual SS =  1466.579
Iteration 24:  residual SS =  1466.509
Iteration 25:  residual SS =  1466.451
Iteration 26:  residual SS =  1466.403
Iteration 27:  residual SS =  1466.368
Iteration 28:  residual SS =  1466.345
Iteration 29:  residual SS =  1466.335
Iteration 30:  residual SS =  1466.247
Iteration 31:  residual SS =  1466.161
Iteration 32:  residual SS =  1466.076
Iteration 33:  residual SS =  1465.994
Iteration 34:  residual SS =  1465.913
Iteration 35:  residual SS =  1465.834
Iteration 36:  residual SS =  1465.758
Iteration 37:  residual SS =  1465.684
Iteration 38:  residual SS =  1465.612
Iteration 39:  residual SS =  1465.542
Iteration 40:  residual SS =  1465.475
Iteration 41:  residual SS =   1465.41
Iteration 42:  residual SS =  1465.347
Iteration 43:  residual SS =  1465.287
Iteration 44:  residual SS =   1465.23
Iteration 45:  residual SS =  1465.175
Iteration 46:  residual SS =  1465.123
Iteration 47:  residual SS =  1465.074
Iteration 48:  residual SS =  1465.028
Iteration 49:  residual SS =  1464.985

      Source |       SS       df       MS            Number of obs =        10
-------------+------------------------------         F(  2,     7) =     -3.50
       Model |  -1464.5941     2 -732.297048         Prob > F      =    1.0000
    Residual |  1464.94567     7  209.277953         R-squared     = -4.17e+03
-------------+------------------------------         Adj R-squared = -5.36e+03
       Total |  .351578172     9  .039064241         Root MSE      =  14.46644
                                                     Res. dev.     =  78.24865

------------------------------------------------------------------------------
      lnYtou |      Coef.   Std. Err.      t    P>|t|     [95% Conf. Interval]
-------------+----------------------------------------------------------------
          b1 |  -42.14882   1058.795    -0.04   0.969      -2545.8    2461.503
          b2 |    1876.31   1044.998     1.80   0.116    -594.7172    4347.338
          b3 |   70.14954   610.5096     0.11   0.912    -1373.476    1513.775
------------------------------------------------------------------------------
* Parameter b1 taken as constant term in model & ANOVA table
 (SEs, P values, CIs, and correlations are asymptotic approximations)
convergence not achieved
