=============================================================================================================
Estimation for bof and UNK, specification 1
=============================================================================================================
   
US parameters:
-------------------------------------------------------------------
elascoef1 = 6.297341445722362
elascoef2 = 6.297341445722362
trend     = -.0221095683639657
-------------------------------------------------------------------
   
Model specification estimated:
( lnYtou = lnY + {b1} + (1.3-1)*ln(t-{b2=1955})*6.297341445722362 - (1-.3)*lnYpercap*6.297341445722362 + -.022
> 1095683639657*t  ) 
-------------------------------------------------------------------
(obs = 41)

Iteration 0:  residual SS =  82041.64
Iteration 1:  residual SS =  46165.37
Iteration 2:  residual SS =   11648.8
Iteration 3:  residual SS =  5.305681
Iteration 4:  residual SS =   5.30505

      Source |       SS       df       MS            Number of obs =        41
-------------+------------------------------         F(  1,    39) =    317.04
       Model |   43.125145     1   43.125145         Prob > F      =    0.0000
    Residual |  5.30502961    39    .1360264         R-squared     =    0.8905
-------------+------------------------------         Adj R-squared =    0.8877
       Total |  48.4301746    40  1.21075437         Root MSE      =  .3688176
                                                     Res. dev.     =  32.51137

------------------------------------------------------------------------------
      lnYtou |      Coef.   Std. Err.      t    P>|t|     [95% Conf. Interval]
-------------+----------------------------------------------------------------
          b1 |   45.38612   .0626903   723.97   0.000     45.25932    45.51292
          b2 |   1959.512   .0935461        .   0.000     1959.323    1959.702
------------------------------------------------------------------------------
* Parameter b1 taken as constant term in model & ANOVA table
 (SEs, P values, CIs, and correlations are asymptotic approximations)
