=============================================================================================================
Estimation for bof and USA, specification 1
=============================================================================================================
   
US parameters:
-------------------------------------------------------------------
elascoef1 = 6.297341445722362
elascoef2 = 6.297341445722362
trend     = -.0221095683639657
-------------------------------------------------------------------
   
Model specification estimated:
( lnYtou = lnY + {b1} + (1.3-1)*ln(t-{b2=1955})*6.297341445722362 - (1-.3)*lnYpercap*6.297341445722362 + -.022
> 1095683639657*t  ) 
-------------------------------------------------------------------
(obs = 41)

Iteration 0:  residual SS =  87482.83
Iteration 1:  residual SS =  5.305976
Iteration 2:  residual SS =  3.837964
Iteration 3:  residual SS =   3.64238
Iteration 4:  residual SS =  3.642202

      Source |       SS       df       MS            Number of obs =        41
-------------+------------------------------         F(  1,    39) =    237.87
       Model |  22.2146465     1  22.2146465         Prob > F      =    0.0000
    Residual |  3.64220162    39  .093389785         R-squared     =    0.8591
-------------+------------------------------         Adj R-squared =    0.8555
       Total |  25.8568481    40  .646421203         Root MSE      =  .3055974
                                                     Res. dev.     =  17.09263

------------------------------------------------------------------------------
      lnYtou |      Coef.   Std. Err.      t    P>|t|     [95% Conf. Interval]
-------------+----------------------------------------------------------------
          b1 |   46.70282   .0574824   812.47   0.000     46.58655    46.81909
          b2 |   1958.828   .1717314        .   0.000     1958.481    1959.175
------------------------------------------------------------------------------
* Parameter b1 taken as constant term in model & ANOVA table
 (SEs, P values, CIs, and correlations are asymptotic approximations)
