=============================================================================================================
Estimation for bof and YUG, specification 2
=============================================================================================================
   
US parameters:
-------------------------------------------------------------------
elascoef1 = 6.297341445722362
elascoef2 = 6.297341445722362
trend     = -.0221095683639657
-------------------------------------------------------------------
   
Model specification estimated:
( lnYtou = lnY + {b1} + (1.3-1)*ln(t-{b2=1965})*{b3=6.297341445722362} - (1-.3)*lnYpercap*6.297341445722362 + 
> -.0221095683639657*t  ) 
-------------------------------------------------------------------
(obs = 21)

Iteration 0:  residual SS =  35916.34
Iteration 1:  residual SS =   158.426
Iteration 2:  residual SS =  152.0035
Iteration 3:  residual SS =  149.2287
Iteration 4:  residual SS =  2.737456
Iteration 5:  residual SS =   2.73655
Iteration 6:  residual SS =  2.736508
Iteration 7:  residual SS =  2.736504
Iteration 8:  residual SS =  2.736503
Iteration 9:  residual SS =  2.736503
Iteration 10:  residual SS =  2.736503
Iteration 11:  residual SS =  2.736503

      Source |       SS       df       MS            Number of obs =        21
-------------+------------------------------         F(  2,    18) =     41.21
       Model |  12.5293547     2  6.26467736         Prob > F      =    0.0000
    Residual |  2.73650336    18  .152027964         R-squared     =    0.8207
-------------+------------------------------         Adj R-squared =    0.8008
       Total |  15.2658581    20  .763292904         Root MSE      =  .3899076
                                                     Res. dev.     =  16.80075

------------------------------------------------------------------------------
      lnYtou |      Coef.   Std. Err.      t    P>|t|     [95% Conf. Interval]
-------------+----------------------------------------------------------------
          b1 |   39.26568   2.217595    17.71   0.000     34.60669    43.92468
          b2 |   1966.056   2.188227   898.47   0.000     1961.458    1970.653
          b3 |   9.287947   2.199185     4.22   0.001     4.667632    13.90826
------------------------------------------------------------------------------
* Parameter b1 taken as constant term in model & ANOVA table
 (SEs, P values, CIs, and correlations are asymptotic approximations)
